#
# There is insufficient memory for the Java Runtime Environment to continue.
# Native memory allocation (mmap) failed to map 47185920 bytes for Failed to commit area from 0x000000008de00000 to 0x0000000090b00000 of length 47185920.
# Possible reasons:
#   The system is out of physical RAM or swap space
#   The process is running with CompressedOops enabled, and the Java Heap may be blocking the growth of the native heap
# Possible solutions:
#   Reduce memory load on the system
#   Increase physical memory or swap space
#   Check if swap backing store is full
#   Decrease Java heap size (-Xmx/-Xms)
#   Decrease number of Java threads
#   Decrease Java thread stack sizes (-Xss)
#   Set larger code cache with -XX:ReservedCodeCacheSize=
#   JVM is running with Unscaled Compressed Oops mode in which the Java heap is
#     placed in the first 4GB address space. The Java Heap base address is the
#     maximum limit for the native heap growth. Please use -XX:HeapBaseMinAddress
#     to set the Java Heap base and to place the Java Heap above 4GB virtual address.
# This output file may be truncated or incomplete.
#
#  Out of Memory Error (./src/hotspot/os/windows/os_windows.cpp:3521), pid=14304, tid=13512
#
# JRE version: OpenJDK Runtime Environment (11.0.12+7) (build 11.0.12+7-b1504.28-7817840)
# Java VM: OpenJDK 64-Bit Server VM (11.0.12+7-b1504.28-7817840, mixed mode, tiered, compressed oops, g1 gc, windows-amd64)
# No core dump will be written. Minidumps are not enabled by default on client versions of Windows
#

---------------  S U M M A R Y ------------

Command Line: --add-opens=java.base/java.util=ALL-UNNAMED --add-opens=java.base/java.lang=ALL-UNNAMED --add-opens=java.base/java.lang.invoke=ALL-UNNAMED --add-opens=java.base/java.util=ALL-UNNAMED --add-opens=java.prefs/java.util.prefs=ALL-UNNAMED --add-opens=java.prefs/java.util.prefs=ALL-UNNAMED --add-opens=java.base/java.nio.charset=ALL-UNNAMED --add-opens=java.base/java.net=ALL-UNNAMED --add-opens=java.base/java.util.concurrent.atomic=ALL-UNNAMED -Xmx2048m -Dfile.encoding=UTF-8 -Duser.country=MX -Duser.language=es -Duser.variant org.gradle.launcher.daemon.bootstrap.GradleDaemon 7.3.3

Host: Intel(R) Core(TM) i3-7020U CPU @ 2.30GHz, 4 cores, 7G,  Windows 10 , 64 bit Build 22621 (10.0.22621.608)
Time: Sun Oct  9 02:23:04 2022 Hora de verano central (México) elapsed time: 5138.603461 seconds (0d 1h 25m 38s)

---------------  T H R E A D  ---------------

Current thread (0x000001a19c178800):  VMThread "VM Thread" [stack: 0x0000006a9d000000,0x0000006a9d100000] [id=13512]

Stack: [0x0000006a9d000000,0x0000006a9d100000]
[error occurred during error reporting (printing stack bounds), id 0xc0000005, EXCEPTION_ACCESS_VIOLATION (0xc0000005) at pc=0x000001a1858f112d]

Native frames: (J=compiled Java code, j=interpreted, Vv=VM code, C=native code)
V  [jvm.dll+0x5fbcea]
V  [jvm.dll+0x731905]
V  [jvm.dll+0x732f1d]
V  [jvm.dll+0x733535]
V  [jvm.dll+0x7334eb]
V  [jvm.dll+0x5fb080]
V  [jvm.dll+0x5fb818]
C  [ntdll.dll+0xa3e1f]
C  [ntdll.dll+0x1eae6]
C  [ntdll.dll+0xa2e0e]
C  0x000001a1858f112d

VM_Operation (0x0000006aa1af9860): G1CollectForAllocation, mode: safepoint, requested by thread 0x000001a19d09c800


---------------  P R O C E S S  ---------------

Threads class SMR info:
_java_thread_list=0x000001a19de61e80, length=99, elements={
0x000001a1805e9800, 0x000001a19c17c800, 0x000001a19c180800, 0x000001a19cb34800,
0x000001a19cb35800, 0x000001a19cb39000, 0x000001a19cb3b800, 0x000001a19cb41000,
0x000001a19c19e000, 0x000001a19cc7c000, 0x000001a19e2a6000, 0x000001a19cd67000,
0x000001a19dfd4800, 0x000001a19f09d000, 0x000001a19f0a0000, 0x000001a19f09d800,
0x000001a19f0a1000, 0x000001a19f09e800, 0x000001a19f92c000, 0x000001a19f92f800,
0x000001a19f930800, 0x000001a19f92b800, 0x000001a19f936000, 0x000001a19f2fe800,
0x000001a19f2fb800, 0x000001a19d094000, 0x000001a19d092800, 0x000001a19db6c800,
0x000001a19db6a000, 0x000001a19db6a800, 0x000001a19db6d000, 0x000001a19db6e000,
0x000001a19db71000, 0x000001a19db6f000, 0x000001a19db6b800, 0x000001a19db72000,
0x000001a19db75800, 0x000001a19db73000, 0x000001a19db6f800, 0x000001a19db76000,
0x000001a19db73800, 0x000001a19db74800, 0x000001a19db70800, 0x000001a19db78800,
0x000001a19db77000, 0x000001a19db77800, 0x000001a19f2f4800, 0x000001a19f2f3000,
0x000001a19f2f6800, 0x000001a19f2f1800, 0x000001a19f2f5800, 0x000001a19f2f4000,
0x000001a19f2f0800, 0x000001a19f2f9800, 0x000001a19f2f9000, 0x000001a19f2fc000,
0x000001a19f2fd000, 0x000001a19f2f8000, 0x000001a19f2f7000, 0x000001a19f2fd800,
0x000001a19f2ff800, 0x000001a19d08f800, 0x000001a19d090000, 0x000001a19d093800,
0x000001a19d08d800, 0x000001a19d08e800, 0x000001a19d096800, 0x000001a19d097800,
0x000001a19d098800, 0x000001a19d099000, 0x000001a19d09a800, 0x000001a19d096000,
0x000001a19d09a000, 0x000001a19d095000, 0x000001a19d09b800, 0x000001a19d09c800,
0x000001a19f932000, 0x000001a19f92d000, 0x000001a19f92e000, 0x000001a19f939800,
0x000001a19f937800, 0x000001a19f935000, 0x000001a19f934800, 0x000001a19f937000,
0x000001a19f938800, 0x000001a19f933800, 0x000001a19f93a000, 0x000001a19f09f800,
0x000001a19f09b800, 0x000001a19f0a2000, 0x000001a19f09c000, 0x000001a19d091000,
0x000001a19d091800, 0x000001a1a62fb800, 0x000001a1a62f7800, 0x000001a1a62fd800,
0x000001a1a62fa000, 0x000001a1a62f8800, 0x000001a1a62f9000
}

Java Threads: ( => current thread )
  0x000001a1805e9800 JavaThread "main" [_thread_blocked, id=5572, stack(0x0000006a9ca00000,0x0000006a9cb00000)]
  0x000001a19c17c800 JavaThread "Reference Handler" daemon [_thread_blocked, id=14288, stack(0x0000006a9d100000,0x0000006a9d200000)]
  0x000001a19c180800 JavaThread "Finalizer" daemon [_thread_blocked, id=13688, stack(0x0000006a9d200000,0x0000006a9d300000)]
  0x000001a19cb34800 JavaThread "Signal Dispatcher" daemon [_thread_blocked, id=1936, stack(0x0000006a9d400000,0x0000006a9d500000)]
  0x000001a19cb35800 JavaThread "Attach Listener" daemon [_thread_blocked, id=2040, stack(0x0000006a9d500000,0x0000006a9d600000)]
  0x000001a19cb39000 JavaThread "Service Thread" daemon [_thread_blocked, id=2008, stack(0x0000006a9d600000,0x0000006a9d700000)]
  0x000001a19cb3b800 JavaThread "C2 CompilerThread0" daemon [_thread_blocked, id=2080, stack(0x0000006a9d700000,0x0000006a9d800000)]
  0x000001a19cb41000 JavaThread "C1 CompilerThread0" daemon [_thread_blocked, id=2240, stack(0x0000006a9d800000,0x0000006a9d900000)]
  0x000001a19c19e000 JavaThread "Sweeper thread" daemon [_thread_blocked, id=2248, stack(0x0000006a9d900000,0x0000006a9da00000)]
  0x000001a19cc7c000 JavaThread "Common-Cleaner" daemon [_thread_blocked, id=4376, stack(0x0000006a9da00000,0x0000006a9db00000)]
  0x000001a19e2a6000 JavaThread "Daemon health stats" [_thread_blocked, id=6452, stack(0x0000006a9df00000,0x0000006a9e000000)]
  0x000001a19cd67000 JavaThread "Incoming local TCP Connector on port 49870" [_thread_in_native, id=6812, stack(0x0000006a9dc00000,0x0000006a9dd00000)]
  0x000001a19dfd4800 JavaThread "Daemon periodic checks" [_thread_blocked, id=4912, stack(0x0000006a9e100000,0x0000006a9e200000)]
  0x000001a19f09d000 JavaThread "Cache worker for journal cache (C:\Users\jeova\.gradle\caches\journal-1)" [_thread_blocked, id=8836, stack(0x0000006a9e000000,0x0000006a9e100000)]
  0x000001a19f0a0000 JavaThread "File lock request listener" [_thread_in_native, id=1512, stack(0x0000006a9ea00000,0x0000006a9eb00000)]
  0x000001a19f09d800 JavaThread "Cache worker for file hash cache (C:\Users\jeova\.gradle\caches\7.3.3\fileHashes)" [_thread_blocked, id=8572, stack(0x0000006a9eb00000,0x0000006a9ec00000)]
  0x000001a19f0a1000 JavaThread "File watcher server" daemon [_thread_blocked, id=6364, stack(0x0000006a9ee00000,0x0000006a9ef00000)]
  0x000001a19f09e800 JavaThread "File watcher consumer" daemon [_thread_blocked, id=5584, stack(0x0000006a9ef00000,0x0000006a9f000000)]
  0x000001a19f92c000 JavaThread "Cache worker for execution history cache (C:\Users\jeova\.gradle\caches\7.3.3\executionHistory)" [_thread_blocked, id=2612, stack(0x0000006a9f300000,0x0000006a9f400000)]
  0x000001a19f92f800 JavaThread "jar transforms" [_thread_blocked, id=2220, stack(0x0000006a9f400000,0x0000006a9f500000)]
  0x000001a19f930800 JavaThread "Cache worker for file content cache (C:\Users\jeova\.gradle\caches\7.3.3\fileContent)" [_thread_blocked, id=2768, stack(0x0000006a9f500000,0x0000006a9f600000)]
  0x000001a19f92b800 JavaThread "jar transforms Thread 2" [_thread_blocked, id=7948, stack(0x0000006a9f600000,0x0000006a9f700000)]
  0x000001a19f936000 JavaThread "jar transforms Thread 3" [_thread_blocked, id=3596, stack(0x0000006a9f800000,0x0000006a9f900000)]
  0x000001a19f2fe800 JavaThread "jar transforms Thread 4" [_thread_blocked, id=7900, stack(0x0000006aa2200000,0x0000006aa2300000)]
  0x000001a19f2fb800 JavaThread "Memory manager" [_thread_blocked, id=4704, stack(0x0000006aa2300000,0x0000006aa2400000)]
  0x000001a19d094000 JavaThread "RMI Scheduler(0)" daemon [_thread_blocked, id=3388, stack(0x0000006aa2b00000,0x0000006aa2c00000)]
  0x000001a19d092800 JavaThread "RMI TCP Accept-0" daemon [_thread_in_native, id=3404, stack(0x0000006aa2e00000,0x0000006aa2f00000)]
  0x000001a19db6c800 JavaThread "ForkJoinPool.commonPool-worker-3" daemon [_thread_blocked, id=5464, stack(0x0000006aa3400000,0x0000006aa3500000)]
  0x000001a19db6a000 JavaThread "RMI TCP Connection(idle)" daemon [_thread_blocked, id=3632, stack(0x0000006a9c800000,0x0000006a9c900000)]
  0x000001a19db6a800 JavaThread "RMI TCP Connection(idle)" daemon [_thread_blocked, id=13940, stack(0x0000006a9c900000,0x0000006a9ca00000)]
  0x000001a19db6d000 JavaThread "RMI TCP Connection(idle)" daemon [_thread_blocked, id=3056, stack(0x0000006a9d300000,0x0000006a9d400000)]
  0x000001a19db6e000 JavaThread "RMI TCP Connection(idle)" daemon [_thread_blocked, id=8356, stack(0x0000006a9e200000,0x0000006a9e300000)]
  0x000001a19db71000 JavaThread "RMI TCP Connection(idle)" daemon [_thread_blocked, id=12292, stack(0x0000006a9e300000,0x0000006a9e400000)]
  0x000001a19db6f000 JavaThread "RMI TCP Connection(idle)" daemon [_thread_blocked, id=10452, stack(0x0000006a9e400000,0x0000006a9e500000)]
  0x000001a19db6b800 JavaThread "Daemon Thread 8" [_thread_blocked, id=4856, stack(0x0000006a9e500000,0x0000006a9e600000)]
  0x000001a19db72000 JavaThread "Handler for socket connection from /127.0.0.1:49870 to /127.0.0.1:59039" [_thread_in_native, id=436, stack(0x0000006a9e600000,0x0000006a9e700000)]
  0x000001a19db75800 JavaThread "Cancel handler" [_thread_blocked, id=3792, stack(0x0000006a9e700000,0x0000006a9e800000)]
  0x000001a19db73000 JavaThread "Daemon worker Thread 8" [_thread_blocked, id=4668, stack(0x0000006a9e800000,0x0000006a9e900000)]
  0x000001a19db6f800 JavaThread "Asynchronous log dispatcher for DefaultDaemonConnection: socket connection from /127.0.0.1:49870 to /127.0.0.1:59039" [_thread_blocked, id=9788, stack(0x0000006a9ed00000,0x0000006a9ee00000)]
  0x000001a19db76000 JavaThread "Stdin handler" [_thread_blocked, id=5780, stack(0x0000006a9f000000,0x0000006a9f100000)]
  0x000001a19db73800 JavaThread "Daemon client event forwarder" [_thread_blocked, id=5848, stack(0x0000006a9f100000,0x0000006a9f200000)]
  0x000001a19db74800 JavaThread "Cache worker for file hash cache (C:\Users\jeova\Desktop\Proyecto\ProyectoEquipo4 (1)\ProyectoEquipo4\.gradle\7.3.3\fileHashes)" [_thread_blocked, id=14172, stack(0x0000006a9f200000,0x0000006a9f300000)]
  0x000001a19db70800 JavaThread "Cache worker for checksums cache (C:\Users\jeova\Desktop\Proyecto\ProyectoEquipo4 (1)\ProyectoEquipo4\.gradle\7.3.3\checksums)" [_thread_blocked, id=12332, stack(0x0000006a9f700000,0x0000006a9f800000)]
  0x000001a19db78800 JavaThread "Cache worker for cache directory md-supplier (C:\Users\jeova\.gradle\caches\7.3.3\md-supplier)" [_thread_blocked, id=8344, stack(0x0000006a9f900000,0x0000006a9fa00000)]
  0x000001a19db77000 JavaThread "Cache worker for cache directory md-rule (C:\Users\jeova\.gradle\caches\7.3.3\md-rule)" [_thread_blocked, id=5256, stack(0x0000006a9fa00000,0x0000006a9fb00000)]
  0x000001a19db77800 JavaThread "Cache worker for dependencies-accessors (C:\Users\jeova\Desktop\Proyecto\ProyectoEquipo4 (1)\ProyectoEquipo4\.gradle\7.3.3\dependencies-accessors)" [_thread_blocked, id=8652, stack(0x0000006a9fb00000,0x0000006a9fc00000)]
  0x000001a19f2f4800 JavaThread "Cache worker for Build Output Cleanup Cache (C:\Users\jeova\Desktop\Proyecto\ProyectoEquipo4 (1)\ProyectoEquipo4\.gradle\buildOutputCleanup)" [_thread_blocked, id=7056, stack(0x0000006a9fc00000,0x0000006a9fd00000)]
  0x000001a19f2f3000 JavaThread "Unconstrained build operations" [_thread_blocked, id=5888, stack(0x0000006a9fe00000,0x0000006a9ff00000)]
  0x000001a19f2f6800 JavaThread "Unconstrained build operations Thread 2" [_thread_blocked, id=5720, stack(0x0000006a9ff00000,0x0000006aa0000000)]
  0x000001a19f2f1800 JavaThread "Unconstrained build operations Thread 3" [_thread_blocked, id=9560, stack(0x0000006aa0000000,0x0000006aa0100000)]
  0x000001a19f2f5800 JavaThread "Unconstrained build operations Thread 4" [_thread_blocked, id=14000, stack(0x0000006aa0100000,0x0000006aa0200000)]
  0x000001a19f2f4000 JavaThread "Unconstrained build operations Thread 5" [_thread_blocked, id=13448, stack(0x0000006aa0200000,0x0000006aa0300000)]
  0x000001a19f2f0800 JavaThread "Unconstrained build operations Thread 6" [_thread_blocked, id=3200, stack(0x0000006aa0300000,0x0000006aa0400000)]
  0x000001a19f2f9800 JavaThread "Unconstrained build operations Thread 7" [_thread_blocked, id=10840, stack(0x0000006aa0400000,0x0000006aa0500000)]
  0x000001a19f2f9000 JavaThread "Unconstrained build operations Thread 8" [_thread_blocked, id=7172, stack(0x0000006aa0500000,0x0000006aa0600000)]
  0x000001a19f2fc000 JavaThread "Unconstrained build operations Thread 9" [_thread_blocked, id=8140, stack(0x0000006aa0600000,0x0000006aa0700000)]
  0x000001a19f2fd000 JavaThread "Unconstrained build operations Thread 10" [_thread_blocked, id=12916, stack(0x0000006aa0700000,0x0000006aa0800000)]
  0x000001a19f2f8000 JavaThread "Unconstrained build operations Thread 11" [_thread_blocked, id=13656, stack(0x0000006aa0800000,0x0000006aa0900000)]
  0x000001a19f2f7000 JavaThread "Unconstrained build operations Thread 12" [_thread_blocked, id=6240, stack(0x0000006aa0900000,0x0000006aa0a00000)]
  0x000001a19f2fd800 JavaThread "Unconstrained build operations Thread 13" [_thread_blocked, id=13252, stack(0x0000006aa0a00000,0x0000006aa0b00000)]
  0x000001a19f2ff800 JavaThread "Unconstrained build operations Thread 14" [_thread_blocked, id=10844, stack(0x0000006aa0b00000,0x0000006aa0c00000)]
  0x000001a19d08f800 JavaThread "Unconstrained build operations Thread 15" [_thread_blocked, id=6788, stack(0x0000006aa0c00000,0x0000006aa0d00000)]
  0x000001a19d090000 JavaThread "Unconstrained build operations Thread 16" [_thread_blocked, id=7564, stack(0x0000006aa0d00000,0x0000006aa0e00000)]
  0x000001a19d093800 JavaThread "Unconstrained build operations Thread 17" [_thread_blocked, id=3020, stack(0x0000006aa0e00000,0x0000006aa0f00000)]
  0x000001a19d08d800 JavaThread "Unconstrained build operations Thread 18" [_thread_blocked, id=12368, stack(0x0000006aa0f00000,0x0000006aa1000000)]
  0x000001a19d08e800 JavaThread "Unconstrained build operations Thread 19" [_thread_blocked, id=12808, stack(0x0000006aa1000000,0x0000006aa1100000)]
  0x000001a19d096800 JavaThread "Unconstrained build operations Thread 20" [_thread_blocked, id=7120, stack(0x0000006aa1100000,0x0000006aa1200000)]
  0x000001a19d097800 JavaThread "Unconstrained build operations Thread 21" [_thread_blocked, id=11952, stack(0x0000006aa1200000,0x0000006aa1300000)]
  0x000001a19d098800 JavaThread "Unconstrained build operations Thread 22" [_thread_blocked, id=3052, stack(0x0000006aa1300000,0x0000006aa1400000)]
  0x000001a19d099000 JavaThread "Unconstrained build operations Thread 23" [_thread_blocked, id=14148, stack(0x0000006aa1400000,0x0000006aa1500000)]
  0x000001a19d09a800 JavaThread "Unconstrained build operations Thread 24" [_thread_blocked, id=2812, stack(0x0000006aa1500000,0x0000006aa1600000)]
  0x000001a19d096000 JavaThread "Unconstrained build operations Thread 25" [_thread_blocked, id=8240, stack(0x0000006aa1600000,0x0000006aa1700000)]
  0x000001a19d09a000 JavaThread "Unconstrained build operations Thread 26" [_thread_blocked, id=7432, stack(0x0000006aa1700000,0x0000006aa1800000)]
  0x000001a19d095000 JavaThread "Unconstrained build operations Thread 27" [_thread_blocked, id=14176, stack(0x0000006aa1800000,0x0000006aa1900000)]
  0x000001a19d09b800 JavaThread "Unconstrained build operations Thread 28" [_thread_blocked, id=848, stack(0x0000006aa1900000,0x0000006aa1a00000)]
  0x000001a19d09c800 JavaThread "Unconstrained build operations Thread 29" [_thread_blocked, id=4936, stack(0x0000006aa1a00000,0x0000006aa1b00000)]
  0x000001a19f932000 JavaThread "Unconstrained build operations Thread 30" [_thread_blocked, id=1456, stack(0x0000006aa1b00000,0x0000006aa1c00000)]
  0x000001a19f92d000 JavaThread "Unconstrained build operations Thread 31" [_thread_blocked, id=7052, stack(0x0000006aa1c00000,0x0000006aa1d00000)]
  0x000001a19f92e000 JavaThread "Unconstrained build operations Thread 32" [_thread_blocked, id=6048, stack(0x0000006aa1d00000,0x0000006aa1e00000)]
  0x000001a19f939800 JavaThread "Unconstrained build operations Thread 33" [_thread_blocked, id=12592, stack(0x0000006aa1e00000,0x0000006aa1f00000)]
  0x000001a19f937800 JavaThread "Unconstrained build operations Thread 34" [_thread_blocked, id=4356, stack(0x0000006aa1f00000,0x0000006aa2000000)]
  0x000001a19f935000 JavaThread "Unconstrained build operations Thread 35" [_thread_blocked, id=12972, stack(0x0000006aa2000000,0x0000006aa2100000)]
  0x000001a19f934800 JavaThread "Unconstrained build operations Thread 36" [_thread_blocked, id=9232, stack(0x0000006aa2100000,0x0000006aa2200000)]
  0x000001a19f937000 JavaThread "Unconstrained build operations Thread 37" [_thread_blocked, id=940, stack(0x0000006aa2400000,0x0000006aa2500000)]
  0x000001a19f938800 JavaThread "Unconstrained build operations Thread 38" [_thread_blocked, id=12360, stack(0x0000006aa2500000,0x0000006aa2600000)]
  0x000001a19f933800 JavaThread "Unconstrained build operations Thread 39" [_thread_blocked, id=2708, stack(0x0000006aa2600000,0x0000006aa2700000)]
  0x000001a19f93a000 JavaThread "Unconstrained build operations Thread 40" [_thread_blocked, id=3244, stack(0x0000006aa2700000,0x0000006aa2800000)]
  0x000001a19f09f800 JavaThread "build event listener" [_thread_blocked, id=7332, stack(0x0000006aa2800000,0x0000006aa2900000)]
  0x000001a19f09b800 JavaThread "build event listener" [_thread_blocked, id=12944, stack(0x0000006aa2900000,0x0000006aa2a00000)]
  0x000001a19f0a2000 JavaThread "Execution worker for ':'" [_thread_blocked, id=10204, stack(0x0000006aa2a00000,0x0000006aa2b00000)]
  0x000001a19f09c000 JavaThread "Execution worker for ':' Thread 2" [_thread_blocked, id=5112, stack(0x0000006aa2c00000,0x0000006aa2d00000)]
  0x000001a19d091000 JavaThread "Execution worker for ':' Thread 3" [_thread_blocked, id=5248, stack(0x0000006aa2d00000,0x0000006aa2e00000)]
  0x000001a19d091800 JavaThread "Cache worker for execution history cache (C:\Users\jeova\Desktop\Proyecto\ProyectoEquipo4 (1)\ProyectoEquipo4\.gradle\7.3.3\executionHistory)" [_thread_blocked, id=132, stack(0x0000006aa2f00000,0x0000006aa3000000)]
  0x000001a1a62fb800 JavaThread "WorkerExecutor Queue" [_thread_blocked, id=11532, stack(0x0000006aa3000000,0x0000006aa3100000)]
  0x000001a1a62f7800 JavaThread "WorkerExecutor Queue Thread 4" [_thread_blocked, id=8568, stack(0x0000006aa3300000,0x0000006aa3400000)]
  0x000001a1a62fd800 JavaThread "pool-27-thread-1" [_thread_blocked, id=3172, stack(0x0000006aa3600000,0x0000006aa3700000)]
  0x000001a1a62fa000 JavaThread "stderr" [_thread_in_native, id=9340, stack(0x0000006aa3200000,0x0000006aa3300000)]
  0x000001a1a62f8800 JavaThread "stdout" [_thread_in_native, id=9060, stack(0x0000006aa3700000,0x0000006aa3800000)]
  0x000001a1a62f9000 JavaThread "C2 CompilerThread1" daemon [_thread_blocked, id=11980, stack(0x0000006a9fd00000,0x0000006a9fe00000)]

Other Threads:
=>0x000001a19c178800 VMThread "VM Thread" [stack: 0x0000006a9d000000,0x0000006a9d100000] [id=13512]
  0x000001a19cca7000 WatcherThread [stack: 0x0000006a9db00000,0x0000006a9dc00000] [id=6164]
  0x000001a180603000 GCTaskThread "GC Thread#0" [stack: 0x0000006a9cb00000,0x0000006a9cc00000] [id=1692]
  0x000001a19cf48800 GCTaskThread "GC Thread#1" [stack: 0x0000006a9dd00000,0x0000006a9de00000] [id=11916]
  0x000001a19d78f000 GCTaskThread "GC Thread#2" [stack: 0x0000006a9de00000,0x0000006a9df00000] [id=2336]
  0x000001a19eda7800 GCTaskThread "GC Thread#3" [stack: 0x0000006a9e900000,0x0000006a9ea00000] [id=4460]
  0x000001a180633000 ConcurrentGCThread "G1 Main Marker" [stack: 0x0000006a9cc00000,0x0000006a9cd00000] [id=1892]
  0x000001a180636800 ConcurrentGCThread "G1 Conc#0" [stack: 0x0000006a9cd00000,0x0000006a9ce00000] [id=11868]
  0x000001a1806b8000 ConcurrentGCThread "G1 Refine#0" [stack: 0x0000006a9ce00000,0x0000006a9cf00000] [id=5684]
  0x000001a1a0224800 ConcurrentGCThread "G1 Refine#1" [stack: 0x0000006a9ec00000,0x0000006a9ed00000] [id=828]
  0x000001a19bfd1800 ConcurrentGCThread "G1 Young RemSet Sampling" [stack: 0x0000006a9cf00000,0x0000006a9d000000] [id=2576]

Threads with active compile tasks:
C2 CompilerThread05138658 24512 %     4       com.android.tools.r8.internal.xa::a @ 3205 (4216 bytes)
C2 CompilerThread15138658 24606       4       com.android.tools.r8.internal.pq::a (911 bytes)

VM state:at safepoint (normal execution)

VM Mutex/Monitor currently owned by a thread:  ([mutex/lock_event])
[0x000001a18042b430] Threads_lock - owner thread: 0x000001a19c178800
[0x000001a18042bc10] Heap_lock - owner thread: 0x000001a19d09c800

Heap address: 0x0000000080000000, size: 2048 MB, Compressed Oops mode: 32-bit
Narrow klass base: 0x0000000000000000, Narrow klass shift: 3
Compressed class space size: 1073741824 Address: 0x0000000100000000

Heap:
 garbage-first heap   total 273408K, used 135996K [0x0000000080000000, 0x0000000100000000)
  region size 1024K, 2 young (2048K), 2 survivors (2048K)
 Metaspace       used 130751K, capacity 134611K, committed 135336K, reserved 1167360K
  class space    used 16362K, capacity 17872K, committed 17996K, reserved 1048576K
Heap Regions: E=young(eden), S=young(survivor), O=old, HS=humongous(starts), HC=humongous(continues), CS=collection set, F=free, A=archive, TAMS=top-at-mark-start (previous, next)
|   0|0x0000000080000000, 0x0000000080100000, 0x0000000080100000|100%| O|  |TAMS 0x0000000080100000, 0x0000000080000000| Untracked 
|   1|0x0000000080100000, 0x0000000080200000, 0x0000000080200000|100%| O|  |TAMS 0x0000000080200000, 0x0000000080100000| Untracked 
|   2|0x0000000080200000, 0x0000000080300000, 0x0000000080300000|100%| O|  |TAMS 0x0000000080300000, 0x0000000080200000| Untracked 
|   3|0x0000000080300000, 0x0000000080400000, 0x0000000080400000|100%|HS|  |TAMS 0x0000000080400000, 0x0000000080300000| Complete 
|   4|0x0000000080400000, 0x0000000080500000, 0x0000000080500000|100%|HC|  |TAMS 0x0000000080500000, 0x0000000080400000| Complete 
|   5|0x0000000080500000, 0x0000000080600000, 0x0000000080600000|100%|HC|  |TAMS 0x0000000080600000, 0x0000000080500000| Complete 
|   6|0x0000000080600000, 0x0000000080700000, 0x0000000080700000|100%| O|  |TAMS 0x0000000080700000, 0x0000000080600000| Untracked 
|   7|0x0000000080700000, 0x0000000080800000, 0x0000000080800000|100%| O|  |TAMS 0x0000000080800000, 0x0000000080700000| Untracked 
|   8|0x0000000080800000, 0x0000000080900000, 0x0000000080900000|100%| O|  |TAMS 0x0000000080900000, 0x0000000080800000| Untracked 
|   9|0x0000000080900000, 0x0000000080a00000, 0x0000000080a00000|100%| O|  |TAMS 0x0000000080a00000, 0x0000000080900000| Complete 
|  10|0x0000000080a00000, 0x0000000080b00000, 0x0000000080b00000|100%| O|  |TAMS 0x0000000080b00000, 0x0000000080a00000| Untracked 
|  11|0x0000000080b00000, 0x0000000080c00000, 0x0000000080c00000|100%| O|  |TAMS 0x0000000080c00000, 0x0000000080b00000| Untracked 
|  12|0x0000000080c00000, 0x0000000080d00000, 0x0000000080d00000|100%| O|  |TAMS 0x0000000080d00000, 0x0000000080c00000| Untracked 
|  13|0x0000000080d00000, 0x0000000080e00000, 0x0000000080e00000|100%| O|  |TAMS 0x0000000080e00000, 0x0000000080d00000| Untracked 
|  14|0x0000000080e00000, 0x0000000080f00000, 0x0000000080f00000|100%| O|  |TAMS 0x0000000080f00000, 0x0000000080e00000| Untracked 
|  15|0x0000000080f00000, 0x0000000081000000, 0x0000000081000000|100%| O|  |TAMS 0x0000000081000000, 0x0000000080f00000| Complete 
|  16|0x0000000081000000, 0x0000000081100000, 0x0000000081100000|100%| O|  |TAMS 0x0000000081100000, 0x0000000081000000| Complete 
|  17|0x0000000081100000, 0x0000000081200000, 0x0000000081200000|100%|HS|  |TAMS 0x0000000081200000, 0x0000000081100000| Complete 
|  18|0x0000000081200000, 0x0000000081300000, 0x0000000081300000|100%| O|  |TAMS 0x0000000081300000, 0x0000000081200000| Complete 
|  19|0x0000000081300000, 0x0000000081400000, 0x0000000081400000|100%| O|  |TAMS 0x0000000081400000, 0x0000000081300000| Complete 
|  20|0x0000000081400000, 0x0000000081500000, 0x0000000081500000|100%| O|  |TAMS 0x0000000081500000, 0x0000000081400000| Complete 
|  21|0x0000000081500000, 0x0000000081600000, 0x0000000081600000|100%| O|  |TAMS 0x0000000081600000, 0x0000000081500000| Complete 
|  22|0x0000000081600000, 0x0000000081700000, 0x0000000081700000|100%| O|  |TAMS 0x0000000081700000, 0x0000000081600000| Complete 
|  23|0x0000000081700000, 0x0000000081800000, 0x0000000081800000|100%|HS|  |TAMS 0x0000000081800000, 0x0000000081700000| Complete 
|  24|0x0000000081800000, 0x0000000081900000, 0x0000000081900000|100%|HS|  |TAMS 0x0000000081900000, 0x0000000081800000| Complete 
|  25|0x0000000081900000, 0x0000000081a00000, 0x0000000081a00000|100%|HS|  |TAMS 0x0000000081a00000, 0x0000000081900000| Complete 
|  26|0x0000000081a00000, 0x0000000081b00000, 0x0000000081b00000|100%|HC|  |TAMS 0x0000000081b00000, 0x0000000081a00000| Complete 
|  27|0x0000000081b00000, 0x0000000081c00000, 0x0000000081c00000|100%|HC|  |TAMS 0x0000000081c00000, 0x0000000081b00000| Complete 
|  28|0x0000000081c00000, 0x0000000081d00000, 0x0000000081d00000|100%|HS|  |TAMS 0x0000000081d00000, 0x0000000081c00000| Complete 
|  29|0x0000000081d00000, 0x0000000081e00000, 0x0000000081e00000|100%|HC|  |TAMS 0x0000000081e00000, 0x0000000081d00000| Complete 
|  30|0x0000000081e00000, 0x0000000081f00000, 0x0000000081f00000|100%| O|  |TAMS 0x0000000081f00000, 0x0000000081e00000| Complete 
|  31|0x0000000081f00000, 0x0000000082000000, 0x0000000082000000|100%| O|  |TAMS 0x0000000082000000, 0x0000000081f00000| Untracked 
|  32|0x0000000082000000, 0x0000000082100000, 0x0000000082100000|100%| O|  |TAMS 0x0000000082100000, 0x0000000082000000| Complete 
|  33|0x0000000082100000, 0x0000000082200000, 0x0000000082200000|100%| O|  |TAMS 0x0000000082200000, 0x0000000082100000| Untracked 
|  34|0x0000000082200000, 0x0000000082300000, 0x0000000082300000|100%| O|  |TAMS 0x0000000082300000, 0x0000000082200000| Untracked 
|  35|0x0000000082300000, 0x0000000082400000, 0x0000000082400000|100%| O|  |TAMS 0x0000000082400000, 0x0000000082300000| Complete 
|  36|0x0000000082400000, 0x0000000082500000, 0x0000000082500000|100%| O|  |TAMS 0x0000000082500000, 0x0000000082400000| Untracked 
|  37|0x0000000082500000, 0x0000000082600000, 0x0000000082600000|100%| O|  |TAMS 0x0000000082600000, 0x0000000082500000| Complete 
|  38|0x0000000082600000, 0x0000000082700000, 0x0000000082700000|100%| O|  |TAMS 0x0000000082700000, 0x0000000082600000| Untracked 
|  39|0x0000000082700000, 0x0000000082800000, 0x0000000082800000|100%| O|  |TAMS 0x0000000082800000, 0x0000000082700000| Untracked 
|  40|0x0000000082800000, 0x0000000082900000, 0x0000000082900000|100%| O|  |TAMS 0x0000000082900000, 0x0000000082800000| Untracked 
|  41|0x0000000082900000, 0x0000000082a00000, 0x0000000082a00000|100%| O|  |TAMS 0x0000000082a00000, 0x0000000082900000| Untracked 
|  42|0x0000000082a00000, 0x0000000082b00000, 0x0000000082b00000|100%| O|  |TAMS 0x0000000082b00000, 0x0000000082a00000| Untracked 
|  43|0x0000000082b00000, 0x0000000082c00000, 0x0000000082c00000|100%| O|  |TAMS 0x0000000082c00000, 0x0000000082b00000| Complete 
|  44|0x0000000082c00000, 0x0000000082d00000, 0x0000000082d00000|100%| O|  |TAMS 0x0000000082d00000, 0x0000000082c00000| Complete 
|  45|0x0000000082d00000, 0x0000000082e00000, 0x0000000082e00000|100%| O|  |TAMS 0x0000000082e00000, 0x0000000082d00000| Complete 
|  46|0x0000000082e00000, 0x0000000082f00000, 0x0000000082f00000|100%| O|  |TAMS 0x0000000082f00000, 0x0000000082e00000| Complete 
|  47|0x0000000082f00000, 0x0000000083000000, 0x0000000083000000|100%| O|  |TAMS 0x0000000083000000, 0x0000000082f00000| Complete 
|  48|0x0000000083000000, 0x0000000083100000, 0x0000000083100000|100%| O|  |TAMS 0x0000000083100000, 0x0000000083000000| Untracked 
|  49|0x0000000083100000, 0x0000000083200000, 0x0000000083200000|100%| O|  |TAMS 0x0000000083200000, 0x0000000083100000| Complete 
|  50|0x0000000083200000, 0x0000000083300000, 0x0000000083300000|100%| O|  |TAMS 0x0000000083300000, 0x0000000083200000| Complete 
|  51|0x0000000083300000, 0x0000000083400000, 0x0000000083400000|100%| O|  |TAMS 0x0000000083400000, 0x0000000083300000| Complete 
|  52|0x0000000083400000, 0x0000000083500000, 0x0000000083500000|100%| O|  |TAMS 0x0000000083500000, 0x0000000083400000| Complete 
|  53|0x0000000083500000, 0x0000000083600000, 0x0000000083600000|100%| O|  |TAMS 0x0000000083600000, 0x0000000083500000| Complete 
|  54|0x0000000083600000, 0x0000000083700000, 0x0000000083700000|100%|HS|  |TAMS 0x0000000083700000, 0x0000000083600000| Complete 
|  55|0x0000000083700000, 0x0000000083800000, 0x0000000083800000|100%|HC|  |TAMS 0x0000000083800000, 0x0000000083700000| Complete 
|  56|0x0000000083800000, 0x0000000083900000, 0x0000000083900000|100%| O|  |TAMS 0x0000000083900000, 0x0000000083800000| Untracked 
|  57|0x0000000083900000, 0x0000000083a00000, 0x0000000083a00000|100%| O|  |TAMS 0x0000000083a00000, 0x0000000083900000| Complete 
|  58|0x0000000083a00000, 0x0000000083b00000, 0x0000000083b00000|100%|HS|  |TAMS 0x0000000083b00000, 0x0000000083a00000| Complete 
|  59|0x0000000083b00000, 0x0000000083c00000, 0x0000000083c00000|100%| O|  |TAMS 0x0000000083c00000, 0x0000000083b00000| Untracked 
|  60|0x0000000083c00000, 0x0000000083d00000, 0x0000000083d00000|100%| O|  |TAMS 0x0000000083d00000, 0x0000000083c00000| Complete 
|  61|0x0000000083d00000, 0x0000000083e00000, 0x0000000083e00000|100%| O|  |TAMS 0x0000000083e00000, 0x0000000083d00000| Complete 
|  62|0x0000000083e00000, 0x0000000083f00000, 0x0000000083f00000|100%| O|  |TAMS 0x0000000083f00000, 0x0000000083e00000| Complete 
|  63|0x0000000083f00000, 0x0000000084000000, 0x0000000084000000|100%| O|  |TAMS 0x0000000084000000, 0x0000000083f00000| Untracked 
|  64|0x0000000084000000, 0x0000000084100000, 0x0000000084100000|100%| O|  |TAMS 0x0000000084100000, 0x0000000084000000| Untracked 
|  65|0x0000000084100000, 0x0000000084200000, 0x0000000084200000|100%| O|  |TAMS 0x0000000084200000, 0x0000000084100000| Untracked 
|  66|0x0000000084200000, 0x0000000084300000, 0x0000000084300000|100%| O|  |TAMS 0x0000000084300000, 0x0000000084200000| Complete 
|  67|0x0000000084300000, 0x0000000084400000, 0x0000000084400000|100%| O|  |TAMS 0x0000000084400000, 0x0000000084300000| Untracked 
|  68|0x0000000084400000, 0x0000000084500000, 0x0000000084500000|100%| O|  |TAMS 0x0000000084500000, 0x0000000084400000| Untracked 
|  69|0x0000000084500000, 0x0000000084600000, 0x0000000084600000|100%| O|  |TAMS 0x0000000084600000, 0x0000000084500000| Untracked 
|  70|0x0000000084600000, 0x0000000084700000, 0x0000000084700000|100%| O|  |TAMS 0x0000000084700000, 0x0000000084600000| Untracked 
|  71|0x0000000084700000, 0x0000000084800000, 0x0000000084800000|100%| O|  |TAMS 0x0000000084800000, 0x0000000084700000| Complete 
|  72|0x0000000084800000, 0x0000000084900000, 0x0000000084900000|100%| O|  |TAMS 0x0000000084900000, 0x0000000084800000| Complete 
|  73|0x0000000084900000, 0x0000000084a00000, 0x0000000084a00000|100%| O|  |TAMS 0x0000000084a00000, 0x0000000084900000| Untracked 
|  74|0x0000000084a00000, 0x0000000084b00000, 0x0000000084b00000|100%| O|  |TAMS 0x0000000084b00000, 0x0000000084a00000| Untracked 
|  75|0x0000000084b00000, 0x0000000084c00000, 0x0000000084c00000|100%| O|  |TAMS 0x0000000084c00000, 0x0000000084b00000| Complete 
|  76|0x0000000084c00000, 0x0000000084d00000, 0x0000000084d00000|100%| O|  |TAMS 0x0000000084d00000, 0x0000000084c00000| Untracked 
|  77|0x0000000084d00000, 0x0000000084e00000, 0x0000000084e00000|100%| O|  |TAMS 0x0000000084e00000, 0x0000000084d00000| Untracked 
|  78|0x0000000084e00000, 0x0000000084f00000, 0x0000000084f00000|100%| O|  |TAMS 0x0000000084f00000, 0x0000000084e00000| Untracked 
|  79|0x0000000084f00000, 0x0000000085000000, 0x0000000085000000|100%| O|  |TAMS 0x0000000085000000, 0x0000000084f00000| Untracked 
|  80|0x0000000085000000, 0x0000000085100000, 0x0000000085100000|100%| O|  |TAMS 0x0000000085100000, 0x0000000085000000| Untracked 
|  81|0x0000000085100000, 0x0000000085200000, 0x0000000085200000|100%| O|  |TAMS 0x0000000085200000, 0x0000000085100000| Untracked 
|  82|0x0000000085200000, 0x0000000085300000, 0x0000000085300000|100%| O|  |TAMS 0x0000000085300000, 0x0000000085200000| Complete 
|  83|0x0000000085300000, 0x0000000085400000, 0x0000000085400000|100%| O|  |TAMS 0x0000000085400000, 0x0000000085300000| Untracked 
|  84|0x0000000085400000, 0x0000000085500000, 0x0000000085500000|100%| O|  |TAMS 0x0000000085500000, 0x0000000085400000| Untracked 
|  85|0x0000000085500000, 0x0000000085600000, 0x0000000085600000|100%| O|  |TAMS 0x0000000085600000, 0x0000000085500000| Complete 
|  86|0x0000000085600000, 0x0000000085700000, 0x0000000085700000|100%| O|  |TAMS 0x0000000085700000, 0x0000000085600000| Complete 
|  87|0x0000000085700000, 0x0000000085800000, 0x0000000085800000|100%| O|  |TAMS 0x0000000085800000, 0x0000000085700000| Untracked 
|  88|0x0000000085800000, 0x0000000085900000, 0x0000000085900000|100%| O|  |TAMS 0x0000000085900000, 0x0000000085800000| Untracked 
|  89|0x0000000085900000, 0x0000000085a00000, 0x0000000085a00000|100%| O|  |TAMS 0x0000000085a00000, 0x0000000085900000| Untracked 
|  90|0x0000000085a00000, 0x0000000085b00000, 0x0000000085b00000|100%| O|  |TAMS 0x0000000085b00000, 0x0000000085a00000| Untracked 
|  91|0x0000000085b00000, 0x0000000085c00000, 0x0000000085c00000|100%| O|  |TAMS 0x0000000085c00000, 0x0000000085b00000| Untracked 
|  92|0x0000000085c00000, 0x0000000085d00000, 0x0000000085d00000|100%| O|  |TAMS 0x0000000085d00000, 0x0000000085c00000| Complete 
|  93|0x0000000085d00000, 0x0000000085e00000, 0x0000000085e00000|100%| O|  |TAMS 0x0000000085e00000, 0x0000000085d00000| Untracked 
|  94|0x0000000085e00000, 0x0000000085f00000, 0x0000000085f00000|100%| O|  |TAMS 0x0000000085f00000, 0x0000000085e00000| Untracked 
|  95|0x0000000085f00000, 0x0000000086000000, 0x0000000086000000|100%| O|  |TAMS 0x0000000086000000, 0x0000000085f00000| Untracked 
|  96|0x0000000086000000, 0x0000000086100000, 0x0000000086100000|100%| O|  |TAMS 0x0000000086100000, 0x0000000086000000| Complete 
|  97|0x0000000086100000, 0x0000000086100000, 0x0000000086200000|  0%| F|  |TAMS 0x0000000086100000, 0x0000000086100000| Untracked 
|  98|0x0000000086200000, 0x0000000086300000, 0x0000000086300000|100%| O|  |TAMS 0x0000000086300000, 0x0000000086200000| Untracked 
|  99|0x0000000086300000, 0x0000000086400000, 0x0000000086400000|100%| O|  |TAMS 0x00000000863ab400, 0x0000000086300000| Untracked 
| 100|0x0000000086400000, 0x0000000086500000, 0x0000000086500000|100%| O|  |TAMS 0x0000000086400000, 0x0000000086400000| Untracked 
| 101|0x0000000086500000, 0x0000000086600000, 0x0000000086600000|100%| O|  |TAMS 0x0000000086500000, 0x0000000086500000| Untracked 
| 102|0x0000000086600000, 0x0000000086700000, 0x0000000086700000|100%| O|  |TAMS 0x0000000086600000, 0x0000000086600000| Untracked 
| 103|0x0000000086700000, 0x0000000086700000, 0x0000000086800000|  0%| F|  |TAMS 0x0000000086700000, 0x0000000086700000| Untracked 
| 104|0x0000000086800000, 0x0000000086900000, 0x0000000086900000|100%| O|  |TAMS 0x0000000086900000, 0x0000000086800000| Complete 
| 105|0x0000000086900000, 0x0000000086a00000, 0x0000000086a00000|100%| O|  |TAMS 0x0000000086a00000, 0x0000000086900000| Complete 
| 106|0x0000000086a00000, 0x0000000086b00000, 0x0000000086b00000|100%| O|  |TAMS 0x0000000086b00000, 0x0000000086a00000| Untracked 
| 107|0x0000000086b00000, 0x0000000086b00000, 0x0000000086c00000|  0%| F|  |TAMS 0x0000000086b00000, 0x0000000086b00000| Untracked 
| 108|0x0000000086c00000, 0x0000000086d00000, 0x0000000086d00000|100%| O|  |TAMS 0x0000000086d00000, 0x0000000086c00000| Complete 
| 109|0x0000000086d00000, 0x0000000086e00000, 0x0000000086e00000|100%| O|  |TAMS 0x0000000086e00000, 0x0000000086d00000| Complete 
| 110|0x0000000086e00000, 0x0000000086f00000, 0x0000000086f00000|100%| O|  |TAMS 0x0000000086e00000, 0x0000000086e00000| Untracked 
| 111|0x0000000086f00000, 0x0000000087000000, 0x0000000087000000|100%| O|  |TAMS 0x0000000086f00000, 0x0000000086f00000| Untracked 
| 112|0x0000000087000000, 0x0000000087100000, 0x0000000087100000|100%| O|  |TAMS 0x0000000087000000, 0x0000000087000000| Untracked 
| 113|0x0000000087100000, 0x0000000087100000, 0x0000000087200000|  0%| F|  |TAMS 0x0000000087100000, 0x0000000087100000| Untracked 
| 114|0x0000000087200000, 0x0000000087300000, 0x0000000087300000|100%| O|  |TAMS 0x0000000087200000, 0x0000000087200000| Untracked 
| 115|0x0000000087300000, 0x0000000087400000, 0x0000000087400000|100%| O|  |TAMS 0x0000000087400000, 0x0000000087300000| Complete 
| 116|0x0000000087400000, 0x0000000087500000, 0x0000000087500000|100%| O|  |TAMS 0x0000000087400000, 0x0000000087400000| Untracked 
| 117|0x0000000087500000, 0x0000000087600000, 0x0000000087600000|100%| O|  |TAMS 0x0000000087500000, 0x0000000087500000| Untracked 
| 118|0x0000000087600000, 0x0000000087700000, 0x0000000087700000|100%| O|  |TAMS 0x0000000087600000, 0x0000000087600000| Untracked 
| 119|0x0000000087700000, 0x0000000087800000, 0x0000000087800000|100%| O|  |TAMS 0x0000000087800000, 0x0000000087700000| Untracked 
| 120|0x0000000087800000, 0x0000000087900000, 0x0000000087900000|100%| O|  |TAMS 0x0000000087800000, 0x0000000087800000| Untracked 
| 121|0x0000000087900000, 0x0000000087a00000, 0x0000000087a00000|100%| O|  |TAMS 0x0000000087a00000, 0x0000000087900000| Complete 
| 122|0x0000000087a00000, 0x0000000087b00000, 0x0000000087b00000|100%| O|  |TAMS 0x0000000087b00000, 0x0000000087a00000| Untracked 
| 123|0x0000000087b00000, 0x0000000087c00000, 0x0000000087c00000|100%| O|  |TAMS 0x0000000087c00000, 0x0000000087b00000| Untracked 
| 124|0x0000000087c00000, 0x0000000087d00000, 0x0000000087d00000|100%| O|  |TAMS 0x0000000087c00000, 0x0000000087c00000| Untracked 
| 125|0x0000000087d00000, 0x0000000087e00000, 0x0000000087e00000|100%| O|  |TAMS 0x0000000087d00000, 0x0000000087d00000| Untracked 
| 126|0x0000000087e00000, 0x0000000087f00000, 0x0000000087f00000|100%| O|  |TAMS 0x0000000087e00000, 0x0000000087e00000| Untracked 
| 127|0x0000000087f00000, 0x0000000088000000, 0x0000000088000000|100%| O|  |TAMS 0x0000000087f00000, 0x0000000087f00000| Untracked 
| 128|0x0000000088000000, 0x0000000088100000, 0x0000000088100000|100%| O|  |TAMS 0x0000000088100000, 0x0000000088000000| Complete 
| 129|0x0000000088100000, 0x0000000088200000, 0x0000000088200000|100%| O|  |TAMS 0x0000000088100000, 0x0000000088100000| Untracked 
| 130|0x0000000088200000, 0x0000000088300000, 0x0000000088300000|100%| O|  |TAMS 0x0000000088200000, 0x0000000088200000| Untracked 
| 131|0x0000000088300000, 0x0000000088400000, 0x0000000088400000|100%| O|  |TAMS 0x0000000088300000, 0x0000000088300000| Untracked 
| 132|0x0000000088400000, 0x0000000088500000, 0x0000000088500000|100%| O|  |TAMS 0x0000000088400000, 0x0000000088400000| Untracked 
| 133|0x0000000088500000, 0x0000000088600000, 0x0000000088600000|100%| O|  |TAMS 0x0000000088500000, 0x0000000088500000| Untracked 
| 134|0x0000000088600000, 0x0000000088700000, 0x0000000088700000|100%| O|  |TAMS 0x0000000088600000, 0x0000000088600000| Untracked 
| 135|0x0000000088700000, 0x0000000088771400, 0x0000000088800000| 44%| O|  |TAMS 0x0000000088700000, 0x0000000088700000| Untracked 
| 136|0x0000000088800000, 0x0000000088800000, 0x0000000088900000|  0%| F|  |TAMS 0x0000000088800000, 0x0000000088800000| Untracked 
| 137|0x0000000088900000, 0x0000000088900000, 0x0000000088a00000|  0%| F|  |TAMS 0x0000000088900000, 0x0000000088900000| Untracked 
| 138|0x0000000088a00000, 0x0000000088a00000, 0x0000000088b00000|  0%| F|  |TAMS 0x0000000088a00000, 0x0000000088a00000| Untracked 
| 139|0x0000000088b00000, 0x0000000088b00000, 0x0000000088c00000|  0%| F|  |TAMS 0x0000000088b00000, 0x0000000088b00000| Untracked 
| 140|0x0000000088c00000, 0x0000000088c00000, 0x0000000088d00000|  0%| F|  |TAMS 0x0000000088c00000, 0x0000000088c00000| Untracked 
| 141|0x0000000088d00000, 0x0000000088d00000, 0x0000000088e00000|  0%| F|  |TAMS 0x0000000088d00000, 0x0000000088d00000| Untracked 
| 142|0x0000000088e00000, 0x0000000088e00000, 0x0000000088f00000|  0%| F|  |TAMS 0x0000000088e00000, 0x0000000088e00000| Untracked 
| 143|0x0000000088f00000, 0x0000000088f00000, 0x0000000089000000|  0%| F|  |TAMS 0x0000000088f00000, 0x0000000088f00000| Untracked 
| 144|0x0000000089000000, 0x0000000089000000, 0x0000000089100000|  0%| F|  |TAMS 0x0000000089000000, 0x0000000089000000| Untracked 
| 145|0x0000000089100000, 0x0000000089100000, 0x0000000089200000|  0%| F|  |TAMS 0x0000000089100000, 0x0000000089100000| Untracked 
| 146|0x0000000089200000, 0x0000000089200000, 0x0000000089300000|  0%| F|  |TAMS 0x0000000089200000, 0x0000000089200000| Untracked 
| 147|0x0000000089300000, 0x0000000089300000, 0x0000000089400000|  0%| F|  |TAMS 0x0000000089300000, 0x0000000089300000| Untracked 
| 148|0x0000000089400000, 0x0000000089400000, 0x0000000089500000|  0%| F|  |TAMS 0x0000000089400000, 0x0000000089400000| Untracked 
| 149|0x0000000089500000, 0x0000000089500000, 0x0000000089600000|  0%| F|  |TAMS 0x0000000089500000, 0x0000000089500000| Untracked 
| 150|0x0000000089600000, 0x0000000089600000, 0x0000000089700000|  0%| F|  |TAMS 0x0000000089600000, 0x0000000089600000| Untracked 
| 151|0x0000000089700000, 0x0000000089700000, 0x0000000089800000|  0%| F|  |TAMS 0x0000000089700000, 0x0000000089700000| Untracked 
| 152|0x0000000089800000, 0x0000000089800000, 0x0000000089900000|  0%| F|  |TAMS 0x0000000089800000, 0x0000000089800000| Untracked 
| 153|0x0000000089900000, 0x0000000089900000, 0x0000000089a00000|  0%| F|  |TAMS 0x0000000089900000, 0x0000000089900000| Untracked 
| 154|0x0000000089a00000, 0x0000000089a00000, 0x0000000089b00000|  0%| F|  |TAMS 0x0000000089a00000, 0x0000000089a00000| Untracked 
| 155|0x0000000089b00000, 0x0000000089b00000, 0x0000000089c00000|  0%| F|  |TAMS 0x0000000089b00000, 0x0000000089b00000| Untracked 
| 156|0x0000000089c00000, 0x0000000089c00000, 0x0000000089d00000|  0%| F|  |TAMS 0x0000000089c00000, 0x0000000089c00000| Untracked 
| 157|0x0000000089d00000, 0x0000000089d00000, 0x0000000089e00000|  0%| F|  |TAMS 0x0000000089d00000, 0x0000000089d00000| Untracked 
| 158|0x0000000089e00000, 0x0000000089e00000, 0x0000000089f00000|  0%| F|  |TAMS 0x0000000089e00000, 0x0000000089e00000| Untracked 
| 159|0x0000000089f00000, 0x0000000089f00000, 0x000000008a000000|  0%| F|  |TAMS 0x0000000089f00000, 0x0000000089f00000| Untracked 
| 160|0x000000008a000000, 0x000000008a000000, 0x000000008a100000|  0%| F|  |TAMS 0x000000008a000000, 0x000000008a000000| Untracked 
| 161|0x000000008a100000, 0x000000008a100000, 0x000000008a200000|  0%| F|  |TAMS 0x000000008a100000, 0x000000008a100000| Untracked 
| 162|0x000000008a200000, 0x000000008a200000, 0x000000008a300000|  0%| F|  |TAMS 0x000000008a200000, 0x000000008a200000| Untracked 
| 163|0x000000008a300000, 0x000000008a300000, 0x000000008a400000|  0%| F|  |TAMS 0x000000008a300000, 0x000000008a300000| Untracked 
| 164|0x000000008a400000, 0x000000008a400000, 0x000000008a500000|  0%| F|  |TAMS 0x000000008a400000, 0x000000008a400000| Untracked 
| 165|0x000000008a500000, 0x000000008a500000, 0x000000008a600000|  0%| F|  |TAMS 0x000000008a500000, 0x000000008a500000| Untracked 
| 166|0x000000008a600000, 0x000000008a600000, 0x000000008a700000|  0%| F|  |TAMS 0x000000008a600000, 0x000000008a600000| Untracked 
| 167|0x000000008a700000, 0x000000008a700000, 0x000000008a800000|  0%| F|  |TAMS 0x000000008a700000, 0x000000008a700000| Untracked 
| 168|0x000000008a800000, 0x000000008a800000, 0x000000008a900000|  0%| F|  |TAMS 0x000000008a800000, 0x000000008a800000| Untracked 
| 169|0x000000008a900000, 0x000000008a900000, 0x000000008aa00000|  0%| F|  |TAMS 0x000000008a900000, 0x000000008a900000| Untracked 
| 170|0x000000008aa00000, 0x000000008aa00000, 0x000000008ab00000|  0%| F|  |TAMS 0x000000008aa00000, 0x000000008aa00000| Untracked 
| 171|0x000000008ab00000, 0x000000008ab00000, 0x000000008ac00000|  0%| F|  |TAMS 0x000000008ab00000, 0x000000008ab00000| Untracked 
| 172|0x000000008ac00000, 0x000000008ac00000, 0x000000008ad00000|  0%| F|  |TAMS 0x000000008ac00000, 0x000000008ac00000| Untracked 
| 173|0x000000008ad00000, 0x000000008ad00000, 0x000000008ae00000|  0%| F|  |TAMS 0x000000008ad00000, 0x000000008ad00000| Untracked 
| 174|0x000000008ae00000, 0x000000008ae00000, 0x000000008af00000|  0%| F|  |TAMS 0x000000008ae00000, 0x000000008ae00000| Untracked 
| 175|0x000000008af00000, 0x000000008af00000, 0x000000008b000000|  0%| F|  |TAMS 0x000000008af00000, 0x000000008af00000| Untracked 
| 176|0x000000008b000000, 0x000000008b000000, 0x000000008b100000|  0%| F|  |TAMS 0x000000008b000000, 0x000000008b000000| Untracked 
| 177|0x000000008b100000, 0x000000008b100000, 0x000000008b200000|  0%| F|  |TAMS 0x000000008b100000, 0x000000008b100000| Untracked 
| 178|0x000000008b200000, 0x000000008b200000, 0x000000008b300000|  0%| F|  |TAMS 0x000000008b200000, 0x000000008b200000| Untracked 
| 179|0x000000008b300000, 0x000000008b300000, 0x000000008b400000|  0%| F|  |TAMS 0x000000008b300000, 0x000000008b300000| Untracked 
| 180|0x000000008b400000, 0x000000008b400000, 0x000000008b500000|  0%| F|  |TAMS 0x000000008b400000, 0x000000008b400000| Untracked 
| 181|0x000000008b500000, 0x000000008b500000, 0x000000008b600000|  0%| F|  |TAMS 0x000000008b500000, 0x000000008b500000| Untracked 
| 182|0x000000008b600000, 0x000000008b600000, 0x000000008b700000|  0%| F|  |TAMS 0x000000008b600000, 0x000000008b600000| Untracked 
| 183|0x000000008b700000, 0x000000008b700000, 0x000000008b800000|  0%| F|  |TAMS 0x000000008b700000, 0x000000008b700000| Untracked 
| 184|0x000000008b800000, 0x000000008b800000, 0x000000008b900000|  0%| F|  |TAMS 0x000000008b800000, 0x000000008b800000| Untracked 
| 185|0x000000008b900000, 0x000000008b900000, 0x000000008ba00000|  0%| F|  |TAMS 0x000000008b900000, 0x000000008b900000| Untracked 
| 186|0x000000008ba00000, 0x000000008ba00000, 0x000000008bb00000|  0%| F|  |TAMS 0x000000008ba00000, 0x000000008ba00000| Untracked 
| 187|0x000000008bb00000, 0x000000008bb00000, 0x000000008bc00000|  0%| F|  |TAMS 0x000000008bb00000, 0x000000008bb00000| Untracked 
| 188|0x000000008bc00000, 0x000000008bc00000, 0x000000008bd00000|  0%| F|  |TAMS 0x000000008bc00000, 0x000000008bc00000| Untracked 
| 189|0x000000008bd00000, 0x000000008bd00000, 0x000000008be00000|  0%| F|  |TAMS 0x000000008bd00000, 0x000000008bd00000| Untracked 
| 190|0x000000008be00000, 0x000000008be00000, 0x000000008bf00000|  0%| F|  |TAMS 0x000000008be00000, 0x000000008be00000| Untracked 
| 191|0x000000008bf00000, 0x000000008bf00000, 0x000000008c000000|  0%| F|  |TAMS 0x000000008bf00000, 0x000000008bf00000| Untracked 
| 192|0x000000008c000000, 0x000000008c000000, 0x000000008c100000|  0%| F|  |TAMS 0x000000008c000000, 0x000000008c000000| Untracked 
| 193|0x000000008c100000, 0x000000008c100000, 0x000000008c200000|  0%| F|  |TAMS 0x000000008c100000, 0x000000008c100000| Untracked 
| 194|0x000000008c200000, 0x000000008c200000, 0x000000008c300000|  0%| F|  |TAMS 0x000000008c200000, 0x000000008c200000| Untracked 
| 195|0x000000008c300000, 0x000000008c300000, 0x000000008c400000|  0%| F|  |TAMS 0x000000008c300000, 0x000000008c300000| Untracked 
| 196|0x000000008c400000, 0x000000008c400000, 0x000000008c500000|  0%| F|  |TAMS 0x000000008c400000, 0x000000008c400000| Untracked 
| 197|0x000000008c500000, 0x000000008c500000, 0x000000008c600000|  0%| F|  |TAMS 0x000000008c500000, 0x000000008c500000| Untracked 
| 198|0x000000008c600000, 0x000000008c600000, 0x000000008c700000|  0%| F|  |TAMS 0x000000008c600000, 0x000000008c600000| Untracked 
| 199|0x000000008c700000, 0x000000008c700000, 0x000000008c800000|  0%| F|  |TAMS 0x000000008c700000, 0x000000008c700000| Untracked 
| 200|0x000000008c800000, 0x000000008c800000, 0x000000008c900000|  0%| F|  |TAMS 0x000000008c800000, 0x000000008c800000| Untracked 
| 201|0x000000008c900000, 0x000000008c900000, 0x000000008ca00000|  0%| F|  |TAMS 0x000000008c900000, 0x000000008c900000| Untracked 
| 202|0x000000008ca00000, 0x000000008ca00000, 0x000000008cb00000|  0%| F|  |TAMS 0x000000008ca00000, 0x000000008ca00000| Untracked 
| 203|0x000000008cb00000, 0x000000008cb00000, 0x000000008cc00000|  0%| F|  |TAMS 0x000000008cb00000, 0x000000008cb00000| Untracked 
| 204|0x000000008cc00000, 0x000000008cc00000, 0x000000008cd00000|  0%| F|  |TAMS 0x000000008cc00000, 0x000000008cc00000| Untracked 
| 205|0x000000008cd00000, 0x000000008cd00000, 0x000000008ce00000|  0%| F|  |TAMS 0x000000008cd00000, 0x000000008cd00000| Untracked 
| 206|0x000000008ce00000, 0x000000008ce00000, 0x000000008cf00000|  0%| F|  |TAMS 0x000000008ce00000, 0x000000008ce00000| Untracked 
| 207|0x000000008cf00000, 0x000000008cf00000, 0x000000008d000000|  0%| F|  |TAMS 0x000000008cf00000, 0x000000008cf00000| Untracked 
| 208|0x000000008d000000, 0x000000008d000000, 0x000000008d100000|  0%| F|  |TAMS 0x000000008d000000, 0x000000008d000000| Untracked 
| 209|0x000000008d100000, 0x000000008d100000, 0x000000008d200000|  0%| F|  |TAMS 0x000000008d100000, 0x000000008d100000| Untracked 
| 210|0x000000008d200000, 0x000000008d200000, 0x000000008d300000|  0%| F|  |TAMS 0x000000008d200000, 0x000000008d200000| Untracked 
| 211|0x000000008d300000, 0x000000008d300000, 0x000000008d400000|  0%| F|  |TAMS 0x000000008d300000, 0x000000008d300000| Untracked 
| 212|0x000000008d400000, 0x000000008d400000, 0x000000008d500000|  0%| F|  |TAMS 0x000000008d400000, 0x000000008d400000| Untracked 
| 213|0x000000008d500000, 0x000000008d500000, 0x000000008d600000|  0%| F|  |TAMS 0x000000008d500000, 0x000000008d500000| Untracked 
| 214|0x000000008d600000, 0x000000008d600000, 0x000000008d700000|  0%| F|  |TAMS 0x000000008d600000, 0x000000008d600000| Untracked 
| 215|0x000000008d700000, 0x000000008d700000, 0x000000008d800000|  0%| F|  |TAMS 0x000000008d700000, 0x000000008d700000| Untracked 
| 216|0x000000008d800000, 0x000000008d800000, 0x000000008d900000|  0%| F|  |TAMS 0x000000008d800000, 0x000000008d800000| Untracked 
| 217|0x000000008d900000, 0x000000008d95ddf0, 0x000000008da00000| 36%| S|CS|TAMS 0x000000008d900000, 0x000000008d900000| Complete 
| 218|0x000000008da00000, 0x000000008db00000, 0x000000008db00000|100%| S|CS|TAMS 0x000000008da00000, 0x000000008da00000| Complete 
| 219|0x000000008db00000, 0x000000008db00000, 0x000000008dc00000|  0%| F|  |TAMS 0x000000008db00000, 0x000000008db00000| Untracked 
| 220|0x000000008dc00000, 0x000000008dc00000, 0x000000008dd00000|  0%| F|  |TAMS 0x000000008dc00000, 0x000000008dc00000| Untracked 
| 221|0x000000008dd00000, 0x000000008dd00000, 0x000000008de00000|  0%| F|  |TAMS 0x000000008dd00000, 0x000000008dd00000| Untracked 

Card table byte_map: [0x000001a195310000,0x000001a195710000] _byte_map_base: 0x000001a194f10000

Marking Bits (Prev, Next): (CMBitMap*) 0x000001a18062a668, (CMBitMap*) 0x000001a18062a6a0
 Prev Bits: [0x000001a195b10000, 0x000001a197b10000)
 Next Bits: [0x000001a197b10000, 0x000001a199b10000)

Polling page: 0x000001a1806c0000

Metaspace:

Usage:
  Non-class:    114.00 MB capacity,   111.71 MB ( 98%) used,     1.83 MB (  2%) free+waste,   478.19 KB ( <1%) overhead. 
      Class:     17.45 MB capacity,    15.98 MB ( 92%) used,     1.27 MB (  7%) free+waste,   212.31 KB (  1%) overhead. 
       Both:    131.46 MB capacity,   127.69 MB ( 97%) used,     3.09 MB (  2%) free+waste,   690.50 KB ( <1%) overhead. 

Virtual space:
  Non-class space:      116.00 MB reserved,     114.59 MB ( 99%) committed 
      Class space:        1.00 GB reserved,      17.57 MB (  2%) committed 
             Both:        1.11 GB reserved,     132.16 MB ( 12%) committed 

Chunk freelists:
   Non-Class:  409.00 KB
       Class:  112.00 KB
        Both:  521.00 KB

MaxMetaspaceSize: 17179869184.00 GB
CompressedClassSpaceSize: 1.00 GB
Initial GC threshold: 20.80 MB
Current GC threshold: 219.44 MB
CDS: off

CodeHeap 'non-profiled nmethods': size=120064Kb used=17098Kb max_used=17098Kb free=102965Kb
 bounds [0x000001a18d3b0000, 0x000001a18e470000, 0x000001a1948f0000]
CodeHeap 'profiled nmethods': size=120000Kb used=49848Kb max_used=49848Kb free=70151Kb
 bounds [0x000001a185e80000, 0x000001a188f40000, 0x000001a18d3b0000]
CodeHeap 'non-nmethods': size=5696Kb used=2494Kb max_used=2556Kb free=3201Kb
 bounds [0x000001a1858f0000, 0x000001a185b80000, 0x000001a185e80000]
 total_blobs=23230 nmethods=22201 adapters=939
 compilation: enabled
              stopped_count=0, restarted_count=0
 full_count=0

Compilation events (20 events):
Event: 5138.443 Thread 0x000001a19cb41000 24651       2       com.android.tools.r8.internal.Ka::a (52 bytes)
Event: 5138.443 Thread 0x000001a19cb41000 nmethod 24651 0x000001a187238110 code [0x000001a1872382e0, 0x000001a1872384f8]
Event: 5138.443 Thread 0x000001a19cb41000 24652       2       com.android.tools.r8.graph.x2::a (227 bytes)
Event: 5138.445 Thread 0x000001a19cb41000 nmethod 24652 0x000001a1867a8110 code [0x000001a1867a8300, 0x000001a1867a8908]
Event: 5138.445 Thread 0x000001a19cb41000 24653       2       com.android.tools.r8.internal.Ka::a (19 bytes)
Event: 5138.445 Thread 0x000001a19cb41000 nmethod 24653 0x000001a187237d10 code [0x000001a187237ec0, 0x000001a187237fe8]
Event: 5138.445 Thread 0x000001a19cb41000 24654       2       com.android.tools.r8.internal.Ka::a (14 bytes)
Event: 5138.445 Thread 0x000001a19cb41000 nmethod 24654 0x000001a1867a7d90 code [0x000001a1867a7f40, 0x000001a1867a8068]
Event: 5138.445 Thread 0x000001a19cb41000 24655       2       com.android.tools.r8.internal.Ka::a (16 bytes)
Event: 5138.445 Thread 0x000001a19cb41000 nmethod 24655 0x000001a1867a7a10 code [0x000001a1867a7bc0, 0x000001a1867a7ce8]
Event: 5138.446 Thread 0x000001a19cb41000 24657       2       com.android.tools.r8.graph.w2::a (18 bytes)
Event: 5138.447 Thread 0x000001a19cb41000 nmethod 24657 0x000001a1867a7290 code [0x000001a1867a7460, 0x000001a1867a77d8]
Event: 5138.447 Thread 0x000001a19cb41000 24658       2       com.android.tools.r8.internal.Z6::<init> (15 bytes)
Event: 5138.448 Thread 0x000001a19cb41000 nmethod 24658 0x000001a1874d4610 code [0x000001a1874d47c0, 0x000001a1874d48b8]
Event: 5138.448 Thread 0x000001a19cb41000 24659   !   2       com.android.tools.r8.graph.x2::q0 (240 bytes)
Event: 5138.449 Thread 0x000001a19cb41000 nmethod 24659 0x000001a1874d3a90 code [0x000001a1874d3cc0, 0x000001a1874d4288]
Event: 5138.540 Thread 0x000001a19cb41000 24661       3       com.android.tools.r8.internal.PN::a (160 bytes)
Event: 5138.542 Thread 0x000001a19cb41000 nmethod 24661 0x000001a1874d1a10 code [0x000001a1874d1d80, 0x000001a1874d33e8]
Event: 5138.546 Thread 0x000001a1a62f9000 nmethod 24558 0x000001a18e45c010 code [0x000001a18e45c4e0, 0x000001a18e460890]
Event: 5138.546 Thread 0x000001a1a62f9000 24606       4       com.android.tools.r8.internal.pq::a (911 bytes)

GC Heap History (20 events):
Event: 5120.485 GC heap after
{Heap after GC invocations=67 (full 0):
 garbage-first heap   total 227328K, used 131818K [0x0000000080000000, 0x0000000100000000)
  region size 1024K, 7 young (7168K), 7 survivors (7168K)
 Metaspace       used 123492K, capacity 127210K, committed 128296K, reserved 1161216K
  class space    used 15675K, capacity 17091K, committed 17356K, reserved 1048576K
}
Event: 5120.805 GC heap before
{Heap before GC invocations=67 (full 0):
 garbage-first heap   total 227328K, used 135914K [0x0000000080000000, 0x0000000100000000)
  region size 1024K, 11 young (11264K), 7 survivors (7168K)
 Metaspace       used 123499K, capacity 127210K, committed 128296K, reserved 1161216K
  class space    used 15676K, capacity 17091K, committed 17356K, reserved 1048576K
}
Event: 5120.840 GC heap after
{Heap after GC invocations=68 (full 0):
 garbage-first heap   total 227328K, used 131983K [0x0000000080000000, 0x0000000100000000)
  region size 1024K, 2 young (2048K), 2 survivors (2048K)
 Metaspace       used 123499K, capacity 127210K, committed 128296K, reserved 1161216K
  class space    used 15676K, capacity 17091K, committed 17356K, reserved 1048576K
}
Event: 5122.529 GC heap before
{Heap before GC invocations=68 (full 0):
 garbage-first heap   total 227328K, used 172943K [0x0000000080000000, 0x0000000100000000)
  region size 1024K, 42 young (43008K), 2 survivors (2048K)
 Metaspace       used 126008K, capacity 129706K, committed 130856K, reserved 1163264K
  class space    used 15880K, capacity 17283K, committed 17612K, reserved 1048576K
}
Event: 5122.542 GC heap after
{Heap after GC invocations=69 (full 0):
 garbage-first heap   total 227328K, used 133590K [0x0000000080000000, 0x0000000100000000)
  region size 1024K, 3 young (3072K), 3 survivors (3072K)
 Metaspace       used 126008K, capacity 129706K, committed 130856K, reserved 1163264K
  class space    used 15880K, capacity 17283K, committed 17612K, reserved 1048576K
}
Event: 5126.459 GC heap before
{Heap before GC invocations=70 (full 0):
 garbage-first heap   total 227328K, used 162262K [0x0000000080000000, 0x0000000100000000)
  region size 1024K, 45 young (46080K), 3 survivors (3072K)
 Metaspace       used 126654K, capacity 130349K, committed 131368K, reserved 1163264K
  class space    used 15925K, capacity 17348K, committed 17612K, reserved 1048576K
}
Event: 5126.473 GC heap after
{Heap after GC invocations=71 (full 0):
 garbage-first heap   total 227328K, used 119892K [0x0000000080000000, 0x0000000100000000)
  region size 1024K, 3 young (3072K), 3 survivors (3072K)
 Metaspace       used 126654K, capacity 130349K, committed 131368K, reserved 1163264K
  class space    used 15925K, capacity 17348K, committed 17612K, reserved 1048576K
}
Event: 5126.863 GC heap before
{Heap before GC invocations=71 (full 0):
 garbage-first heap   total 227328K, used 127060K [0x0000000080000000, 0x0000000100000000)
  region size 1024K, 11 young (11264K), 3 survivors (3072K)
 Metaspace       used 127081K, capacity 130710K, committed 131624K, reserved 1163264K
  class space    used 15968K, capacity 17382K, committed 17612K, reserved 1048576K
}
Event: 5126.882 GC heap after
{Heap after GC invocations=72 (full 0):
 garbage-first heap   total 227328K, used 103590K [0x0000000080000000, 0x0000000100000000)
  region size 1024K, 1 young (1024K), 1 survivors (1024K)
 Metaspace       used 127081K, capacity 130710K, committed 131624K, reserved 1163264K
  class space    used 15968K, capacity 17382K, committed 17612K, reserved 1048576K
}
Event: 5131.688 GC heap before
{Heap before GC invocations=72 (full 0):
 garbage-first heap   total 227328K, used 167078K [0x0000000080000000, 0x0000000100000000)
  region size 1024K, 64 young (65536K), 1 survivors (1024K)
 Metaspace       used 129925K, capacity 133688K, committed 134568K, reserved 1165312K
  class space    used 16287K, capacity 17755K, committed 17996K, reserved 1048576K
}
Event: 5131.720 GC heap after
{Heap after GC invocations=73 (full 0):
 garbage-first heap   total 227328K, used 107682K [0x0000000080000000, 0x0000000100000000)
  region size 1024K, 5 young (5120K), 5 survivors (5120K)
 Metaspace       used 129925K, capacity 133688K, committed 134568K, reserved 1165312K
  class space    used 16287K, capacity 17755K, committed 17996K, reserved 1048576K
}
Event: 5135.726 GC heap before
{Heap before GC invocations=74 (full 0):
 garbage-first heap   total 227328K, used 174242K [0x0000000080000000, 0x0000000100000000)
  region size 1024K, 68 young (69632K), 5 survivors (5120K)
 Metaspace       used 130079K, capacity 133847K, committed 134568K, reserved 1165312K
  class space    used 16303K, capacity 17764K, committed 17996K, reserved 1048576K
}
Event: 5135.790 GC heap after
{Heap after GC invocations=75 (full 0):
 garbage-first heap   total 227328K, used 119914K [0x0000000080000000, 0x0000000100000000)
  region size 1024K, 9 young (9216K), 9 survivors (9216K)
 Metaspace       used 130079K, capacity 133847K, committed 134568K, reserved 1165312K
  class space    used 16303K, capacity 17764K, committed 17996K, reserved 1048576K
}
Event: 5135.814 GC heap before
{Heap before GC invocations=75 (full 0):
 garbage-first heap   total 227328K, used 121962K [0x0000000080000000, 0x0000000100000000)
  region size 1024K, 11 young (11264K), 9 survivors (9216K)
 Metaspace       used 130079K, capacity 133847K, committed 134568K, reserved 1165312K
  class space    used 16303K, capacity 17764K, committed 17996K, reserved 1048576K
}
Event: 5135.859 GC heap after
{Heap after GC invocations=76 (full 0):
 garbage-first heap   total 227328K, used 110188K [0x0000000080000000, 0x0000000100000000)
  region size 1024K, 1 young (1024K), 1 survivors (1024K)
 Metaspace       used 130079K, capacity 133847K, committed 134568K, reserved 1165312K
  class space    used 16303K, capacity 17764K, committed 17996K, reserved 1048576K
}
Event: 5136.982 GC heap before
{Heap before GC invocations=76 (full 0):
 garbage-first heap   total 227328K, used 171628K [0x0000000080000000, 0x0000000100000000)
  region size 1024K, 62 young (63488K), 1 survivors (1024K)
 Metaspace       used 130346K, capacity 134166K, committed 134824K, reserved 1167360K
  class space    used 16318K, capacity 17803K, committed 17996K, reserved 1048576K
}
Event: 5137.025 GC heap after
{Heap after GC invocations=77 (full 0):
 garbage-first heap   total 227328K, used 124589K [0x0000000080000000, 0x0000000100000000)
  region size 1024K, 8 young (8192K), 8 survivors (8192K)
 Metaspace       used 130346K, capacity 134166K, committed 134824K, reserved 1167360K
  class space    used 16318K, capacity 17803K, committed 17996K, reserved 1048576K
}
Event: 5138.477 GC heap before
{Heap before GC invocations=78 (full 0):
 garbage-first heap   total 227328K, used 175789K [0x0000000080000000, 0x0000000100000000)
  region size 1024K, 59 young (60416K), 8 survivors (8192K)
 Metaspace       used 130751K, capacity 134611K, committed 135336K, reserved 1167360K
  class space    used 16362K, capacity 17872K, committed 17996K, reserved 1048576K
}
Event: 5138.538 GC heap after
{Heap after GC invocations=79 (full 0):
 garbage-first heap   total 227328K, used 135168K [0x0000000080000000, 0x0000000100000000)
  region size 1024K, 8 young (8192K), 8 survivors (8192K)
 Metaspace       used 130751K, capacity 134611K, committed 135336K, reserved 1167360K
  class space    used 16362K, capacity 17872K, committed 17996K, reserved 1048576K
}
Event: 5138.550 GC heap before
{Heap before GC invocations=79 (full 0):
 garbage-first heap   total 227328K, used 138240K [0x0000000080000000, 0x0000000100000000)
  region size 1024K, 11 young (11264K), 8 survivors (8192K)
 Metaspace       used 130751K, capacity 134611K, committed 135336K, reserved 1167360K
  class space    used 16362K, capacity 17872K, committed 17996K, reserved 1048576K
}

Deoptimization events (20 events):
Event: 5136.518 Thread 0x000001a19f934800 DEOPT PACKING pc=0x000001a18e196070 sp=0x0000006aa21f9ef0
Event: 5136.518 Thread 0x000001a19f934800 DEOPT UNPACKING pc=0x000001a18593a1af sp=0x0000006aa21f9e80 mode 2
Event: 5136.648 Thread 0x000001a19f934800 Uncommon trap: trap_request=0xffffff4d fr.pc=0x000001a18e402c94 relative=0x0000000000000834
Event: 5136.648 Thread 0x000001a19f934800 Uncommon trap: reason=unstable_if action=reinterpret pc=0x000001a18e402c94 method=com.android.tools.r8.graph.G1.f()V @ 149 c2
Event: 5136.648 Thread 0x000001a19f934800 DEOPT PACKING pc=0x000001a18e402c94 sp=0x0000006aa21f9540
Event: 5136.648 Thread 0x000001a19f934800 DEOPT UNPACKING pc=0x000001a18593a1af sp=0x0000006aa21f9530 mode 2
Event: 5136.655 Thread 0x000001a19f934800 DEOPT PACKING pc=0x000001a187ec1513 sp=0x0000006aa21f9820
Event: 5136.655 Thread 0x000001a19f934800 DEOPT UNPACKING pc=0x000001a18593a95e sp=0x0000006aa21f8da0 mode 0
Event: 5136.666 Thread 0x000001a19f934800 DEOPT PACKING pc=0x000001a18727ad6d sp=0x0000006aa21f9890
Event: 5136.666 Thread 0x000001a19f934800 DEOPT UNPACKING pc=0x000001a18593a95e sp=0x0000006aa21f8db0 mode 0
Event: 5137.821 Thread 0x000001a19f934800 Uncommon trap: trap_request=0xffffff4d fr.pc=0x000001a18e40cb78 relative=0x0000000000001f98
Event: 5137.821 Thread 0x000001a19f934800 Uncommon trap: reason=unstable_if action=reinterpret pc=0x000001a18e40cb78 method=com.android.tools.r8.graph.n2.a(Ljava/lang/String;Ljava/lang/Object;)V @ 36 c2
Event: 5137.821 Thread 0x000001a19f934800 DEOPT PACKING pc=0x000001a18e40cb78 sp=0x0000006aa21f9df0
Event: 5137.821 Thread 0x000001a19f934800 DEOPT UNPACKING pc=0x000001a18593a1af sp=0x0000006aa21f9df8 mode 2
Event: 5138.019 Thread 0x000001a19d093800 Uncommon trap: trap_request=0xffffff4d fr.pc=0x000001a18d96c670 relative=0x0000000000000910
Event: 5138.019 Thread 0x000001a19d093800 Uncommon trap: reason=unstable_if action=reinterpret pc=0x000001a18d96c670 method=com.android.tools.r8.internal.xa.a(II[C)Ljava/lang/String; @ 59 c2
Event: 5138.019 Thread 0x000001a19d093800 DEOPT PACKING pc=0x000001a18d96c670 sp=0x0000006aa0ef9ee0
Event: 5138.019 Thread 0x000001a19d093800 DEOPT UNPACKING pc=0x000001a18593a1af sp=0x0000006aa0ef9e98 mode 2
Event: 5138.540 Thread 0x000001a19f934800 DEOPT PACKING pc=0x000001a1867f8dc7 sp=0x0000006aa21f9f30
Event: 5138.540 Thread 0x000001a19f934800 DEOPT UNPACKING pc=0x000001a18593a95e sp=0x0000006aa21f9468 mode 0

Classes redefined (0 events):
No events

Internal exceptions (20 events):
Event: 5130.079 Thread 0x000001a19f09c000 Exception <a 'sun/nio/fs/WindowsException'{0x000000008adf3948}> (0x000000008adf3948) thrown at [./src/hotspot/share/prims/jni.cpp, line 615]
Event: 5130.080 Thread 0x000001a19f09c000 Exception <a 'sun/nio/fs/WindowsException'{0x000000008adf3db8}> (0x000000008adf3db8) thrown at [./src/hotspot/share/prims/jni.cpp, line 615]
Event: 5130.080 Thread 0x000001a19f09c000 Exception <a 'sun/nio/fs/WindowsException'{0x000000008adf4c98}> (0x000000008adf4c98) thrown at [./src/hotspot/share/prims/jni.cpp, line 615]
Event: 5130.080 Thread 0x000001a19f09c000 Exception <a 'sun/nio/fs/WindowsException'{0x000000008adf4fc8}> (0x000000008adf4fc8) thrown at [./src/hotspot/share/prims/jni.cpp, line 615]
Event: 5130.080 Thread 0x000001a19f09c000 Exception <a 'sun/nio/fs/WindowsException'{0x000000008adf9000}> (0x000000008adf9000) thrown at [./src/hotspot/share/prims/jni.cpp, line 615]
Event: 5130.095 Thread 0x000001a19f09c000 Exception <a 'java/lang/NoSuchMethodError'{0x000000008acdd5a8}: <clinit>> (0x000000008acdd5a8) thrown at [./src/hotspot/share/prims/jni.cpp, line 1365]
Event: 5130.098 Thread 0x000001a19f09c000 Exception <a 'java/lang/NoSuchMethodError'{0x000000008ab0f2d8}: <clinit>> (0x000000008ab0f2d8) thrown at [./src/hotspot/share/prims/jni.cpp, line 1365]
Event: 5130.099 Thread 0x000001a19f09c000 Exception <a 'java/lang/NoSuchMethodError'{0x000000008ab21a30}: <clinit>> (0x000000008ab21a30) thrown at [./src/hotspot/share/prims/jni.cpp, line 1365]
Event: 5132.192 Thread 0x000001a19db73000 Exception <a 'sun/nio/fs/WindowsException'{0x000000008d81a010}> (0x000000008d81a010) thrown at [./src/hotspot/share/prims/jni.cpp, line 615]
Event: 5132.192 Thread 0x000001a19db73000 Exception <a 'sun/nio/fs/WindowsException'{0x000000008d81b6d0}> (0x000000008d81b6d0) thrown at [./src/hotspot/share/prims/jni.cpp, line 615]
Event: 5132.193 Thread 0x000001a19db73000 Exception <a 'sun/nio/fs/WindowsException'{0x000000008d81ba00}> (0x000000008d81ba00) thrown at [./src/hotspot/share/prims/jni.cpp, line 615]
Event: 5132.227 Thread 0x000001a19d091000 Exception <a 'sun/nio/fs/WindowsException'{0x000000008daa09a8}> (0x000000008daa09a8) thrown at [./src/hotspot/share/prims/jni.cpp, line 615]
Event: 5132.228 Thread 0x000001a19d091000 Exception <a 'sun/nio/fs/WindowsException'{0x000000008daa1890}> (0x000000008daa1890) thrown at [./src/hotspot/share/prims/jni.cpp, line 615]
Event: 5135.467 Thread 0x000001a19d09c800 Exception <a 'sun/nio/fs/WindowsException'{0x000000008a82c2e0}> (0x000000008a82c2e0) thrown at [./src/hotspot/share/prims/jni.cpp, line 615]
Event: 5135.941 Thread 0x000001a19d093800 Exception <a 'sun/nio/fs/WindowsException'{0x000000008da36490}> (0x000000008da36490) thrown at [./src/hotspot/share/prims/jni.cpp, line 615]
Event: 5136.011 Thread 0x000001a19d093800 Exception <a 'java/lang/NoSuchMethodError'{0x000000008d981b10}: 'long java.lang.invoke.DirectMethodHandle$Holder.invokeStatic(java.lang.Object, java.lang.Object)'> (0x000000008d981b10) thrown at [./src/hotspot/share/interpreter/linkResolver.cpp, line 773]
Event: 5136.022 Thread 0x000001a19f934800 Exception <a 'sun/nio/fs/WindowsException'{0x000000008d784978}> (0x000000008d784978) thrown at [./src/hotspot/share/prims/jni.cpp, line 615]
Event: 5137.965 Thread 0x000001a19d093800 Exception <a 'java/lang/IncompatibleClassChangeError'{0x000000008d16ab28}: Found class java.lang.Object, but interface was expected> (0x000000008d16ab28) thrown at [./src/hotspot/share/interpreter/linkResolver.cpp, line 839]
Event: 5137.966 Thread 0x000001a19d09c800 Exception <a 'java/lang/IncompatibleClassChangeError'{0x000000008d160e48}: Found class java.lang.Object, but interface was expected> (0x000000008d160e48) thrown at [./src/hotspot/share/interpreter/linkResolver.cpp, line 839]
Event: 5137.968 Thread 0x000001a19f934800 Exception <a 'java/lang/IncompatibleClassChangeError'{0x000000008d6d9140}: Found class java.lang.Object, but interface was expected> (0x000000008d6d9140) thrown at [./src/hotspot/share/interpreter/linkResolver.cpp, line 839]

Events (20 events):
Event: 5138.199 loading class com/android/tools/r8/internal/S3 done
Event: 5138.200 loading class com/android/tools/r8/internal/bs
Event: 5138.200 loading class com/android/tools/r8/internal/bs done
Event: 5138.284 loading class com/android/tools/r8/internal/Wr
Event: 5138.284 loading class com/android/tools/r8/internal/Wr done
Event: 5138.286 loading class com/android/tools/r8/graph/i
Event: 5138.286 loading class com/android/tools/r8/graph/i done
Event: 5138.287 loading class com/android/tools/r8/graph/e1
Event: 5138.287 loading class com/android/tools/r8/graph/e1 done
Event: 5138.287 loading class com/android/tools/r8/internal/Wr
Event: 5138.287 loading class com/android/tools/r8/internal/Wr done
Event: 5138.288 loading class com/android/tools/r8/internal/tn
Event: 5138.288 loading class com/android/tools/r8/internal/tn done
Event: 5138.289 loading class com/android/tools/r8/internal/gs
Event: 5138.289 loading class com/android/tools/r8/internal/gs done
Event: 5138.363 loading class com/android/tools/r8/internal/x7
Event: 5138.363 loading class com/android/tools/r8/internal/x7 done
Event: 5138.476 Executing VM operation: G1CollectForAllocation
Event: 5138.538 Executing VM operation: G1CollectForAllocation done
Event: 5138.549 Executing VM operation: G1CollectForAllocation


Dynamic libraries:
0x00007ff7018c0000 - 0x00007ff7018ca000 	C:\Program Files\Android\Android Studio\jre\bin\java.exe
0x00007ffec12f0000 - 0x00007ffec1504000 	C:\WINDOWS\SYSTEM32\ntdll.dll
0x00007ffebfb40000 - 0x00007ffebfc02000 	C:\WINDOWS\System32\KERNEL32.DLL
0x00007ffebe9b0000 - 0x00007ffebed4c000 	C:\WINDOWS\System32\KERNELBASE.dll
0x00007ffebee60000 - 0x00007ffebef71000 	C:\WINDOWS\System32\ucrtbase.dll
0x00007ffeb8020000 - 0x00007ffeb8039000 	C:\Program Files\Android\Android Studio\jre\bin\jli.dll
0x00007ffea47c0000 - 0x00007ffea47d7000 	C:\Program Files\Android\Android Studio\jre\bin\VCRUNTIME140.dll
0x00007ffec08e0000 - 0x00007ffec0a8a000 	C:\WINDOWS\System32\USER32.dll
0x00007ffebe720000 - 0x00007ffebe746000 	C:\WINDOWS\System32\win32u.dll
0x00007ffea4800000 - 0x00007ffea4a8e000 	C:\WINDOWS\WinSxS\amd64_microsoft.windows.common-controls_6595b64144ccf1df_6.0.22621.608_none_a9444ca7c10bb01d\COMCTL32.dll
0x00007ffec0d10000 - 0x00007ffec0d39000 	C:\WINDOWS\System32\GDI32.dll
0x00007ffec0c60000 - 0x00007ffec0d07000 	C:\WINDOWS\System32\msvcrt.dll
0x00007ffebe7d0000 - 0x00007ffebe8e2000 	C:\WINDOWS\System32\gdi32full.dll
0x00007ffebedc0000 - 0x00007ffebee5a000 	C:\WINDOWS\System32\msvcp_win.dll
0x00007ffec1270000 - 0x00007ffec12a1000 	C:\WINDOWS\System32\IMM32.DLL
0x00007ffe767e0000 - 0x00007ffe7687d000 	C:\Program Files\Android\Android Studio\jre\bin\msvcp140.dll
0x00007ffe5d680000 - 0x00007ffe5e165000 	C:\Program Files\Android\Android Studio\jre\bin\server\jvm.dll
0x00007ffec0730000 - 0x00007ffec07de000 	C:\WINDOWS\System32\ADVAPI32.dll
0x00007ffec0bb0000 - 0x00007ffec0c54000 	C:\WINDOWS\System32\sechost.dll
0x00007ffec0db0000 - 0x00007ffec0ec5000 	C:\WINDOWS\System32\RPCRT4.dll
0x00007ffebf1f0000 - 0x00007ffebf1f8000 	C:\WINDOWS\System32\PSAPI.DLL
0x00007ffe7ee60000 - 0x00007ffe7ee69000 	C:\WINDOWS\SYSTEM32\WSOCK32.dll
0x00007ffebf970000 - 0x00007ffebf9e1000 	C:\WINDOWS\System32\WS2_32.dll
0x00007ffeb6e20000 - 0x00007ffeb6e54000 	C:\WINDOWS\SYSTEM32\WINMM.dll
0x00007ffeb74f0000 - 0x00007ffeb74fa000 	C:\WINDOWS\SYSTEM32\VERSION.dll
0x00007ffebd890000 - 0x00007ffebd8a8000 	C:\WINDOWS\SYSTEM32\kernel.appcore.dll
0x00007ffe5e9e0000 - 0x00007ffe5e9f1000 	C:\Program Files\Android\Android Studio\jre\bin\verify.dll
0x00007ffebcd30000 - 0x00007ffebcf5e000 	C:\WINDOWS\SYSTEM32\DBGHELP.DLL
0x00007ffec0ee0000 - 0x00007ffec1269000 	C:\WINDOWS\System32\combase.dll
0x00007ffebf110000 - 0x00007ffebf1e7000 	C:\WINDOWS\System32\OLEAUT32.dll
0x00007ffe9f8d0000 - 0x00007ffe9f902000 	C:\WINDOWS\SYSTEM32\dbgcore.DLL
0x00007ffebe750000 - 0x00007ffebe7cb000 	C:\WINDOWS\System32\bcryptPrimitives.dll
0x00007ffe5d650000 - 0x00007ffe5d679000 	C:\Program Files\Android\Android Studio\jre\bin\java.dll
0x00007ffe6f980000 - 0x00007ffe6f98b000 	C:\Program Files\Android\Android Studio\jre\bin\jimage.dll
0x00007ffe5d630000 - 0x00007ffe5d648000 	C:\Program Files\Android\Android Studio\jre\bin\zip.dll
0x00007ffebfed0000 - 0x00007ffec06ad000 	C:\WINDOWS\System32\SHELL32.dll
0x00007ffebc470000 - 0x00007ffebcd26000 	C:\WINDOWS\SYSTEM32\windows.storage.dll
0x00007ffebc280000 - 0x00007ffebc3bd000 	C:\WINDOWS\SYSTEM32\wintypes.dll
0x00007ffebfa40000 - 0x00007ffebfb31000 	C:\WINDOWS\System32\SHCORE.dll
0x00007ffebf490000 - 0x00007ffebf4ee000 	C:\WINDOWS\System32\shlwapi.dll
0x00007ffebe650000 - 0x00007ffebe671000 	C:\WINDOWS\SYSTEM32\profapi.dll
0x00007ffe5d610000 - 0x00007ffe5d62a000 	C:\Program Files\Android\Android Studio\jre\bin\net.dll
0x00007ffeb6810000 - 0x00007ffeb693f000 	C:\WINDOWS\SYSTEM32\WINHTTP.dll
0x00007ffebdcf0000 - 0x00007ffebdd59000 	C:\WINDOWS\system32\mswsock.dll
0x00007ffe5d5f0000 - 0x00007ffe5d604000 	C:\Program Files\Android\Android Studio\jre\bin\nio.dll
0x00007ffe9a590000 - 0x00007ffe9a5b7000 	C:\Users\jeova\.gradle\native\e1d6ef7f7dcc3fd88c89a11ec53ec762bb8ba0a96d01ffa2cd45eb1d1d8dd5c5\windows-amd64\native-platform.dll
0x00007ffe73f80000 - 0x00007ffe740c4000 	C:\Users\jeova\.gradle\native\5664cfc778a61ccfe75a443a1ab52a65af34e5dc3c78e0209fed803814484fcb\windows-amd64\native-platform-file-events.dll
0x00007ffe672c0000 - 0x00007ffe672ca000 	C:\Program Files\Android\Android Studio\jre\bin\management.dll
0x00007ffe63890000 - 0x00007ffe6389d000 	C:\Program Files\Android\Android Studio\jre\bin\management_ext.dll
0x00007ffebdf30000 - 0x00007ffebdf4b000 	C:\WINDOWS\SYSTEM32\CRYPTSP.dll
0x00007ffebd800000 - 0x00007ffebd835000 	C:\WINDOWS\system32\rsaenh.dll
0x00007ffebdde0000 - 0x00007ffebde08000 	C:\WINDOWS\SYSTEM32\USERENV.dll
0x00007ffebe0d0000 - 0x00007ffebe0f8000 	C:\WINDOWS\SYSTEM32\bcrypt.dll
0x00007ffebdf50000 - 0x00007ffebdf5c000 	C:\WINDOWS\SYSTEM32\CRYPTBASE.dll
0x00007ffebd350000 - 0x00007ffebd37d000 	C:\WINDOWS\SYSTEM32\IPHLPAPI.DLL
0x00007ffebfec0000 - 0x00007ffebfec9000 	C:\WINDOWS\System32\NSI.dll
0x00007ffeb6420000 - 0x00007ffeb6439000 	C:\WINDOWS\SYSTEM32\dhcpcsvc6.DLL
0x00007ffeb6090000 - 0x00007ffeb60af000 	C:\WINDOWS\SYSTEM32\dhcpcsvc.DLL
0x00007ffebd380000 - 0x00007ffebd472000 	C:\WINDOWS\SYSTEM32\DNSAPI.dll
0x00007ffe74e70000 - 0x00007ffe74e8e000 	C:\Users\jeova\AppData\Local\Temp\native-platform8155264824338899325dir\native-platform.dll
0x00007ffeb9d80000 - 0x00007ffeb9d88000 	C:\Program Files\Android\Android Studio\jre\bin\rmi.dll
0x00007ffe62c50000 - 0x00007ffe62c67000 	C:\WINDOWS\system32\napinsp.dll
0x00007ffe62c30000 - 0x00007ffe62c4b000 	C:\WINDOWS\system32\pnrpnsp.dll
0x00007ffe62c10000 - 0x00007ffe62c21000 	C:\WINDOWS\System32\winrnr.dll
0x00007ffeb67f0000 - 0x00007ffeb6805000 	C:\WINDOWS\system32\wshbth.dll
0x00007ffe62be0000 - 0x00007ffe62c01000 	C:\WINDOWS\system32\nlansp_c.dll
0x00007ffea4aa0000 - 0x00007ffea4aaa000 	C:\Windows\System32\rasadhlp.dll
0x00007ffeb4740000 - 0x00007ffeb47c3000 	C:\WINDOWS\System32\fwpuclnt.dll
0x00007ffe918d0000 - 0x00007ffe918f7000 	C:\Program Files\Android\Android Studio\jre\bin\sunec.dll
0x00007ffebd8b0000 - 0x00007ffebd8e4000 	C:\WINDOWS\SYSTEM32\ntmarta.dll

dbghelp: loaded successfully - version: 4.0.5 - missing functions: none
symbol engine: initialized successfully - sym options: 0x614 - pdb path: .;C:\Program Files\Android\Android Studio\jre\bin;C:\WINDOWS\SYSTEM32;C:\WINDOWS\WinSxS\amd64_microsoft.windows.common-controls_6595b64144ccf1df_6.0.22621.608_none_a9444ca7c10bb01d;C:\Program Files\Android\Android Studio\jre\bin\server;C:\Users\jeova\.gradle\native\e1d6ef7f7dcc3fd88c89a11ec53ec762bb8ba0a96d01ffa2cd45eb1d1d8dd5c5\windows-amd64;C:\Users\jeova\.gradle\native\5664cfc778a61ccfe75a443a1ab52a65af34e5dc3c78e0209fed803814484fcb\windows-amd64;C:\Users\jeova\AppData\Local\Temp\native-platform8155264824338899325dir

VM Arguments:
jvm_args: --add-opens=java.base/java.util=ALL-UNNAMED --add-opens=java.base/java.lang=ALL-UNNAMED --add-opens=java.base/java.lang.invoke=ALL-UNNAMED --add-opens=java.base/java.util=ALL-UNNAMED --add-opens=java.prefs/java.util.prefs=ALL-UNNAMED --add-opens=java.prefs/java.util.prefs=ALL-UNNAMED --add-opens=java.base/java.nio.charset=ALL-UNNAMED --add-opens=java.base/java.net=ALL-UNNAMED --add-opens=java.base/java.util.concurrent.atomic=ALL-UNNAMED -Xmx2048m -Dfile.encoding=UTF-8 -Duser.country=MX -Duser.language=es -Duser.variant 
java_command: org.gradle.launcher.daemon.bootstrap.GradleDaemon 7.3.3
java_class_path (initial): C:\Users\jeova\.gradle\wrapper\dists\gradle-7.3.3-bin\6a41zxkdtcxs8rphpq6y0069z\gradle-7.3.3\lib\gradle-launcher-7.3.3.jar
Launcher Type: SUN_STANDARD

[Global flags]
     intx CICompilerCount                          = 3                                         {product} {ergonomic}
     uint ConcGCThreads                            = 1                                         {product} {ergonomic}
     uint G1ConcRefinementThreads                  = 4                                         {product} {ergonomic}
   size_t G1HeapRegionSize                         = 1048576                                   {product} {ergonomic}
    uintx GCDrainStackTargetSize                   = 64                                        {product} {ergonomic}
   size_t InitialHeapSize                          = 134217728                                 {product} {ergonomic}
   size_t MarkStackSize                            = 4194304                                   {product} {ergonomic}
   size_t MaxHeapSize                              = 2147483648                                {product} {command line}
   size_t MaxNewSize                               = 1287651328                                {product} {ergonomic}
   size_t MinHeapDeltaBytes                        = 1048576                                   {product} {ergonomic}
    uintx NonNMethodCodeHeapSize                   = 5830732                                {pd product} {ergonomic}
    uintx NonProfiledCodeHeapSize                  = 122913754                              {pd product} {ergonomic}
    uintx ProfiledCodeHeapSize                     = 122913754                              {pd product} {ergonomic}
    uintx ReservedCodeCacheSize                    = 251658240                              {pd product} {ergonomic}
     bool SegmentedCodeCache                       = true                                      {product} {ergonomic}
     bool UseCompressedClassPointers               = true                                 {lp64_product} {ergonomic}
     bool UseCompressedOops                        = true                                 {lp64_product} {ergonomic}
     bool UseG1GC                                  = true                                      {product} {ergonomic}
     bool UseLargePagesIndividualAllocation        = false                                  {pd product} {ergonomic}

Logging:
Log output configuration:
 #0: stdout all=warning uptime,level,tags
 #1: stderr all=off uptime,level,tags

Environment Variables:
PATH=C:\Program Files (x86)\Common Files\Oracle\Java\javapath;C:\WINDOWS\system32;C:\WINDOWS;C:\WINDOWS\System32\Wbem;C:\WINDOWS\System32\WindowsPowerShell\v1.0\;C:\WINDOWS\System32\OpenSSH\;C:\Program Files\MATLAB\R2020b\bin;C:\Program Files\dotnet\;C:\Program Files\Microsoft SQL Server\Client SDK\ODBC\170\Tools\Binn\;C:\Program Files\Azure Data Studio\bin;C:\Program Files\nodejs\;C:\Program Files (x86)\Microsoft SQL Server\150\DTS\Binn\;C:\Program Files (x86)\Microsoft SQL Server\150\Tools\Binn\;C:\Program Files\Microsoft SQL Server\150\Tools\Binn\;C:\Program Files\Microsoft SQL Server\150\DTS\Binn\;C:\Program Files\Microsoft SQL Server\130\Tools\Binn\;C:\Program Files (x86)\dotnet\;C:\Program Files\Git\cmd;C:\Program Files\Intel\Intel(R) Memory and Storage Tool\;C:\Users\jeova\AppData\Local\Programs\Python\Python39\Scripts\;C:\Users\jeova\AppData\Local\Programs\Python\Python39\;C:\Users\jeova\AppData\Local\Microsoft\WindowsApps;C:\Users\jeova\AppData\Local\Programs\Microsoft VS Code\bin;C:\Users\jeova\.dotnet\tools;C:\Program Files\Azure Data Studio\bin;C:\Users\jeova\AppData\Roaming\npm;C:\Users\jeova\AppData\Local\GitHubDesktop\bin;C:\Users\jeova\OneDrive\Escritorio\ESCRITORIO\CEM;
USERNAME=jeova
OS=Windows_NT
PROCESSOR_IDENTIFIER=Intel64 Family 6 Model 142 Stepping 10, GenuineIntel



---------------  S Y S T E M  ---------------

OS: Windows 10 , 64 bit Build 22621 (10.0.22621.608)
OS uptime: 0 days 1:28 hours

CPU:total 4 (initial active 4) (2 cores per cpu, 2 threads per core) family 6 model 142 stepping 10 microcode 0xe0, cmov, cx8, fxsr, mmx, sse, sse2, sse3, ssse3, sse4.1, sse4.2, popcnt, avx, avx2, aes, clmul, erms, 3dnowpref, lzcnt, ht, tsc, tscinvbit, bmi1, bmi2, adx, fma

Memory: 4k page, system-wide physical 8107M (1547M free)
TotalPageFile size 8107M (AvailPageFile size 32M)
current process WorkingSet (physical memory assigned to process): 553M, peak: 556M
current process commit charge ("private bytes"): 645M, peak: 693M

vm_info: OpenJDK 64-Bit Server VM (11.0.12+7-b1504.28-7817840) for windows-amd64 JRE (11.0.12+7-b1504.28-7817840), built on Oct 13 2021 22:12:33 by "builder" with MS VC++ 14.0 (VS2015)

END.
