#
# There is insufficient memory for the Java Runtime Environment to continue.
# Native memory allocation (mmap) failed to map 134217728 bytes for Failed to commit area from 0x0000000081400000 to 0x0000000089400000 of length 134217728.
# Possible reasons:
#   The system is out of physical RAM or swap space
#   The process is running with CompressedOops enabled, and the Java Heap may be blocking the growth of the native heap
# Possible solutions:
#   Reduce memory load on the system
#   Increase physical memory or swap space
#   Check if swap backing store is full
#   Decrease Java heap size (-Xmx/-Xms)
#   Decrease number of Java threads
#   Decrease Java thread stack sizes (-Xss)
#   Set larger code cache with -XX:ReservedCodeCacheSize=
# This output file may be truncated or incomplete.
#
#  Out of Memory Error (./src/hotspot/os/windows/os_windows.cpp:3521), pid=9044, tid=8216
#
# JRE version:  (11.0.12+7) (build )
# Java VM: OpenJDK 64-Bit Server VM (11.0.12+7-b1504.28-7817840, mixed mode, sharing, tiered, compressed oops, g1 gc, windows-amd64)
# No core dump will be written. Minidumps are not enabled by default on client versions of Windows
#

---------------  S U M M A R Y ------------

Command Line: org.jetbrains.kotlin.cli.jvm.K2JVMCompiler @C:\Users\jeova\Desktop\Proyecto\ProyectoEquipo4 (1)\ProyectoEquipo4\app\build\20221010_7025722545365913742.compiler.options

Host: Intel(R) Core(TM) i3-7020U CPU @ 2.30GHz, 4 cores, 7G,  Windows 10 , 64 bit Build 22621 (10.0.22621.608)
Time: Mon Oct 10 16:17:22 2022 Hora de verano central (México) elapsed time: 0.022940 seconds (0d 0h 0m 0s)

---------------  T H R E A D  ---------------

Current thread (0x0000016f79dfa800):  JavaThread "Unknown thread" [_thread_in_vm, id=8216, stack(0x000000397bb00000,0x000000397bc00000)]

Stack: [0x000000397bb00000,0x000000397bc00000]
Native frames: (J=compiled Java code, j=interpreted, Vv=VM code, C=native code)
V  [jvm.dll+0x5fbcea]
V  [jvm.dll+0x731905]
V  [jvm.dll+0x732f1d]
V  [jvm.dll+0x7335d3]
V  [jvm.dll+0x247bf8]
V  [jvm.dll+0x5f90b4]
V  [jvm.dll+0x5edc85]
V  [jvm.dll+0x305aeb]
V  [jvm.dll+0x305a5a]
V  [jvm.dll+0x305932]
V  [jvm.dll+0x30a896]
V  [jvm.dll+0x353803]
V  [jvm.dll+0x353f06]
V  [jvm.dll+0x353903]
V  [jvm.dll+0x2e0678]
V  [jvm.dll+0x2e1827]
V  [jvm.dll+0x710037]
V  [jvm.dll+0x71182c]
V  [jvm.dll+0x360da9]
V  [jvm.dll+0x6f390e]
V  [jvm.dll+0x3c9723]
V  [jvm.dll+0x3cb9b1]
C  [jli.dll+0x536b]
C  [ucrtbase.dll+0x29363]
C  [KERNEL32.DLL+0x1244d]
C  [ntdll.dll+0x5df78]


---------------  P R O C E S S  ---------------

Threads class SMR info:
_java_thread_list=0x0000016f77ce8c40, length=0, elements={
}

Java Threads: ( => current thread )

Other Threads:
  0x0000016f79e13000 GCTaskThread "GC Thread#0" [stack: 0x000000397bc00000,0x000000397bd00000] [id=8096]
  0x0000016f79e44800 ConcurrentGCThread "G1 Main Marker" [stack: 0x000000397bd00000,0x000000397be00000] [id=1948]
  0x0000016f79e45800 ConcurrentGCThread "G1 Conc#0" [stack: 0x000000397be00000,0x000000397bf00000] [id=12532]

[error occurred during error reporting (printing all threads), id 0xc0000005, EXCEPTION_ACCESS_VIOLATION (0xc0000005) at pc=0x00007ffbc67f0be7]

VM state:not at safepoint (not fully initialized)

VM Mutex/Monitor currently owned by a thread:  ([mutex/lock_event])
[0x0000016f79df71d0] Heap_lock - owner thread: 0x0000016f79dfa800

Heap address: 0x0000000081400000, size: 2028 MB, Compressed Oops mode: Non-zero based: 0x0000000081400000
Narrow klass base: 0x0000000000000000, Narrow klass shift: 0

GC Heap History (0 events):
No events

Deoptimization events (0 events):
No events

Classes redefined (0 events):
No events

Internal exceptions (0 events):
No events

Events (1 events):
Event: 0.014 Loaded shared library C:\Program Files\Android\Android Studio\jre\bin\zip.dll


Dynamic libraries:
0x00007ff7fd440000 - 0x00007ff7fd44a000 	C:\Program Files\Android\Android Studio\jre\bin\java.exe
0x00007ffc1c2f0000 - 0x00007ffc1c504000 	C:\WINDOWS\SYSTEM32\ntdll.dll
0x00007ffc1ba40000 - 0x00007ffc1bb02000 	C:\WINDOWS\System32\KERNEL32.DLL
0x00007ffc19880000 - 0x00007ffc19c1c000 	C:\WINDOWS\System32\KERNELBASE.dll
0x00007ffc19f50000 - 0x00007ffc1a061000 	C:\WINDOWS\System32\ucrtbase.dll
0x00007ffc047b0000 - 0x00007ffc047c7000 	C:\Program Files\Android\Android Studio\jre\bin\VCRUNTIME140.dll
0x00007ffc04790000 - 0x00007ffc047a9000 	C:\Program Files\Android\Android Studio\jre\bin\jli.dll
0x00007ffc1b2e0000 - 0x00007ffc1b48a000 	C:\WINDOWS\System32\USER32.dll
0x00007ffc00a20000 - 0x00007ffc00cae000 	C:\WINDOWS\WinSxS\amd64_microsoft.windows.common-controls_6595b64144ccf1df_6.0.22621.608_none_a9444ca7c10bb01d\COMCTL32.dll
0x00007ffc19c20000 - 0x00007ffc19c46000 	C:\WINDOWS\System32\win32u.dll
0x00007ffc1a930000 - 0x00007ffc1a9d7000 	C:\WINDOWS\System32\msvcrt.dll
0x00007ffc1a0f0000 - 0x00007ffc1a119000 	C:\WINDOWS\System32\GDI32.dll
0x00007ffc19cc0000 - 0x00007ffc19dd2000 	C:\WINDOWS\System32\gdi32full.dll
0x00007ffc197e0000 - 0x00007ffc1987a000 	C:\WINDOWS\System32\msvcp_win.dll
0x00007ffc1a450000 - 0x00007ffc1a481000 	C:\WINDOWS\System32\IMM32.DLL
0x00007ffc00fc0000 - 0x00007ffc0105d000 	C:\Program Files\Android\Android Studio\jre\bin\msvcp140.dll
0x00007ffbc6500000 - 0x00007ffbc6fe5000 	C:\Program Files\Android\Android Studio\jre\bin\server\jvm.dll
0x00007ffc1b720000 - 0x00007ffc1b7ce000 	C:\WINDOWS\System32\ADVAPI32.dll
0x00007ffc1b990000 - 0x00007ffc1ba34000 	C:\WINDOWS\System32\sechost.dll
0x00007ffc1a120000 - 0x00007ffc1a235000 	C:\WINDOWS\System32\RPCRT4.dll
0x00007ffc1a490000 - 0x00007ffc1a498000 	C:\WINDOWS\System32\PSAPI.DLL
0x00007ffc11d00000 - 0x00007ffc11d34000 	C:\WINDOWS\SYSTEM32\WINMM.dll
0x00007ffc12ba0000 - 0x00007ffc12baa000 	C:\WINDOWS\SYSTEM32\VERSION.dll
0x00007ffc137c0000 - 0x00007ffc137c9000 	C:\WINDOWS\SYSTEM32\WSOCK32.dll
0x00007ffc1c110000 - 0x00007ffc1c181000 	C:\WINDOWS\System32\WS2_32.dll
0x00007ffc18890000 - 0x00007ffc188a8000 	C:\WINDOWS\SYSTEM32\kernel.appcore.dll
0x00007ffbfb9b0000 - 0x00007ffbfb9c1000 	C:\Program Files\Android\Android Studio\jre\bin\verify.dll
0x00007ffc17330000 - 0x00007ffc1755e000 	C:\WINDOWS\SYSTEM32\DBGHELP.DLL
0x00007ffc1bb20000 - 0x00007ffc1bea9000 	C:\WINDOWS\System32\combase.dll
0x00007ffc1bf10000 - 0x00007ffc1bfe7000 	C:\WINDOWS\System32\OLEAUT32.dll
0x00007ffbf9c60000 - 0x00007ffbf9c92000 	C:\WINDOWS\SYSTEM32\dbgcore.DLL
0x00007ffc1a070000 - 0x00007ffc1a0eb000 	C:\WINDOWS\System32\bcryptPrimitives.dll
0x00007ffbfb960000 - 0x00007ffbfb989000 	C:\Program Files\Android\Android Studio\jre\bin\java.dll
0x00007ffbfd710000 - 0x00007ffbfd71b000 	C:\Program Files\Android\Android Studio\jre\bin\jimage.dll
0x00007ffbf8b80000 - 0x00007ffbf8b98000 	C:\Program Files\Android\Android Studio\jre\bin\zip.dll

dbghelp: loaded successfully - version: 4.0.5 - missing functions: none
symbol engine: initialized successfully - sym options: 0x614 - pdb path: .;C:\Program Files\Android\Android Studio\jre\bin;C:\WINDOWS\SYSTEM32;C:\WINDOWS\WinSxS\amd64_microsoft.windows.common-controls_6595b64144ccf1df_6.0.22621.608_none_a9444ca7c10bb01d;C:\Program Files\Android\Android Studio\jre\bin\server

VM Arguments:
java_command: org.jetbrains.kotlin.cli.jvm.K2JVMCompiler @C:\Users\jeova\Desktop\Proyecto\ProyectoEquipo4 (1)\ProyectoEquipo4\app\build\20221010_7025722545365913742.compiler.options
java_class_path (initial): C:\Users\jeova\.gradle\caches\modules-2\files-2.1\org.jetbrains.kotlin\kotlin-compiler-embeddable\1.6.10\88f2073f4020cdb83132cfe940ceb9a60aba54ea\kotlin-compiler-embeddable-1.6.10.jar;C:\Users\jeova\.gradle\caches\modules-2\files-2.1\org.jetbrains.kotlin\kotlin-reflect\1.6.10\1cbe9c92c12a94eea200d23c2bbaedaf3daf5132\kotlin-reflect-1.6.10.jar;C:\Users\jeova\.gradle\caches\modules-2\files-2.1\org.jetbrains.kotlin\kotlin-stdlib\1.6.10\b8af3fe6f1ca88526914929add63cf5e7c5049af\kotlin-stdlib-1.6.10.jar;C:\Users\jeova\.gradle\caches\modules-2\files-2.1\org.jetbrains.kotlin\kotlin-script-runtime\1.6.10\d0a7ff2e2500ef497ed0214ae40ad3c8387a6164\kotlin-script-runtime-1.6.10.jar;C:\Users\jeova\.gradle\caches\modules-2\files-2.1\org.jetbrains.kotlin\kotlin-daemon-embeddable\1.6.10\a56d79bcbea411fa6058e4ecffc2de73e742bd2a\kotlin-daemon-embeddable-1.6.10.jar;C:\Users\jeova\.gradle\caches\modules-2\files-2.1\org.jetbrains.intellij.deps\trove4j\1.0.20181211\216c2e14b070f334479d800987affe4054cd563f\trove4j-1.0.20181211.jar;C:\Users\jeova\.gradle\caches\modules-2\files-2.1\net.java.dev.jna\jna\5.6.0\330f2244e9030119ab3030fc3fededc86713d9cc\jna-5.6.0.jar;C:\Users\jeova\.gradle\caches\modules-2\files-2.1\org.jetbrains\annotations\13.0\919f0dfe192fb4e063e7dacadee7f8bb9a2672a9\annotations-13.0.jar;C:\Users\jeova\.gradle\caches\modules-2\files-2.1\org.jetbrains.kotlin\kotlin-stdlib-common\1.6.10\c118700e3a33c8a0d9adc920e9dec0831171925\kotlin-stdlib-common-1.6.10.jar
Launcher Type: SUN_STANDARD

[Global flags]
     intx CICompilerCount                          = 3                                         {product} {ergonomic}
     uint ConcGCThreads                            = 1                                         {product} {ergonomic}
     uint G1ConcRefinementThreads                  = 4                                         {product} {ergonomic}
   size_t G1HeapRegionSize                         = 1048576                                   {product} {ergonomic}
    uintx GCDrainStackTargetSize                   = 64                                        {product} {ergonomic}
   size_t InitialHeapSize                          = 134217728                                 {product} {ergonomic}
   size_t MarkStackSize                            = 4194304                                   {product} {ergonomic}
   size_t MaxHeapSize                              = 2126512128                                {product} {ergonomic}
   size_t MinHeapDeltaBytes                        = 1048576                                   {product} {ergonomic}
    uintx NonNMethodCodeHeapSize                   = 5830732                                {pd product} {ergonomic}
    uintx NonProfiledCodeHeapSize                  = 122913754                              {pd product} {ergonomic}
    uintx ProfiledCodeHeapSize                     = 122913754                              {pd product} {ergonomic}
    uintx ReservedCodeCacheSize                    = 251658240                              {pd product} {ergonomic}
     bool SegmentedCodeCache                       = true                                      {product} {ergonomic}
     bool UseCompressedClassPointers               = true                                 {lp64_product} {ergonomic}
     bool UseCompressedOops                        = true                                 {lp64_product} {ergonomic}
     bool UseG1GC                                  = true                                      {product} {ergonomic}
     bool UseLargePagesIndividualAllocation        = false                                  {pd product} {ergonomic}

Logging:
Log output configuration:
 #0: stdout all=warning uptime,level,tags
 #1: stderr all=off uptime,level,tags

Environment Variables:
PATH=C:\Program Files (x86)\Common Files\Oracle\Java\javapath;C:\WINDOWS\system32;C:\WINDOWS;C:\WINDOWS\System32\Wbem;C:\WINDOWS\System32\WindowsPowerShell\v1.0\;C:\WINDOWS\System32\OpenSSH\;C:\Program Files\MATLAB\R2020b\bin;C:\Program Files\dotnet\;C:\Program Files\Microsoft SQL Server\Client SDK\ODBC\170\Tools\Binn\;C:\Program Files\Azure Data Studio\bin;C:\Program Files\nodejs\;C:\Program Files (x86)\Microsoft SQL Server\150\DTS\Binn\;C:\Program Files (x86)\Microsoft SQL Server\150\Tools\Binn\;C:\Program Files\Microsoft SQL Server\150\Tools\Binn\;C:\Program Files\Microsoft SQL Server\150\DTS\Binn\;C:\Program Files\Microsoft SQL Server\130\Tools\Binn\;C:\Program Files (x86)\dotnet\;C:\Program Files\Git\cmd;C:\Program Files\Intel\Intel(R) Memory and Storage Tool\;C:\Users\jeova\AppData\Local\Programs\Python\Python39\Scripts\;C:\Users\jeova\AppData\Local\Programs\Python\Python39\;C:\Users\jeova\AppData\Local\Microsoft\WindowsApps;C:\Users\jeova\AppData\Local\Programs\Microsoft VS Code\bin;C:\Users\jeova\.dotnet\tools;C:\Program Files\Azure Data Studio\bin;C:\Users\jeova\AppData\Roaming\npm;C:\Users\jeova\AppData\Local\GitHubDesktop\bin;C:\Users\jeova\OneDrive\Escritorio\ESCRITORIO\CEM;
USERNAME=jeova
OS=Windows_NT
PROCESSOR_IDENTIFIER=Intel64 Family 6 Model 142 Stepping 10, GenuineIntel



---------------  S Y S T E M  ---------------

OS: Windows 10 , 64 bit Build 22621 (10.0.22621.608)
OS uptime: 0 days 1:00 hours

CPU:total 4 (initial active 4) (2 cores per cpu, 2 threads per core) family 6 model 142 stepping 10 microcode 0xe0, cmov, cx8, fxsr, mmx, sse, sse2, sse3, ssse3, sse4.1, sse4.2, popcnt, avx, avx2, aes, clmul, erms, 3dnowpref, lzcnt, ht, tsc, tscinvbit, bmi1, bmi2, adx, fma

Memory: 4k page, system-wide physical 8107M (1002M free)
TotalPageFile size 8107M (AvailPageFile size 57M)
current process WorkingSet (physical memory assigned to process): 11M, peak: 11M
current process commit charge ("private bytes"): 51M, peak: 179M

vm_info: OpenJDK 64-Bit Server VM (11.0.12+7-b1504.28-7817840) for windows-amd64 JRE (11.0.12+7-b1504.28-7817840), built on Oct 13 2021 22:12:33 by "builder" with MS VC++ 14.0 (VS2015)

END.
