#
# There is insufficient memory for the Java Runtime Environment to continue.
# Native memory allocation (malloc) failed to allocate 1905936 bytes for Chunk::new
# Possible reasons:
#   The system is out of physical RAM or swap space
#   The process is running with CompressedOops enabled, and the Java Heap may be blocking the growth of the native heap
# Possible solutions:
#   Reduce memory load on the system
#   Increase physical memory or swap space
#   Check if swap backing store is full
#   Decrease Java heap size (-Xmx/-Xms)
#   Decrease number of Java threads
#   Decrease Java thread stack sizes (-Xss)
#   Set larger code cache with -XX:ReservedCodeCacheSize=
#   JVM is running with Unscaled Compressed Oops mode in which the Java heap is
#     placed in the first 4GB address space. The Java Heap base address is the
#     maximum limit for the native heap growth. Please use -XX:HeapBaseMinAddress
#     to set the Java Heap base and to place the Java Heap above 4GB virtual address.
# This output file may be truncated or incomplete.
#
#  Out of Memory Error (./src/hotspot/share/memory/arena.cpp:197), pid=6760, tid=4368
#
# JRE version: OpenJDK Runtime Environment (11.0.12+7) (build 11.0.12+7-b1504.28-7817840)
# Java VM: OpenJDK 64-Bit Server VM (11.0.12+7-b1504.28-7817840, mixed mode, tiered, compressed oops, g1 gc, windows-amd64)
# No core dump will be written. Minidumps are not enabled by default on client versions of Windows
#

---------------  S U M M A R Y ------------

Command Line: --add-opens=java.base/java.util=ALL-UNNAMED --add-opens=java.base/java.lang=ALL-UNNAMED --add-opens=java.base/java.lang.invoke=ALL-UNNAMED --add-opens=java.base/java.util=ALL-UNNAMED --add-opens=java.prefs/java.util.prefs=ALL-UNNAMED --add-opens=java.prefs/java.util.prefs=ALL-UNNAMED --add-opens=java.base/java.nio.charset=ALL-UNNAMED --add-opens=java.base/java.net=ALL-UNNAMED --add-opens=java.base/java.util.concurrent.atomic=ALL-UNNAMED -Xmx2048m -Dfile.encoding=UTF-8 -Duser.country=MX -Duser.language=es -Duser.variant org.gradle.launcher.daemon.bootstrap.GradleDaemon 7.3.3

Host: Intel(R) Core(TM) i3-7020U CPU @ 2.30GHz, 4 cores, 7G,  Windows 10 , 64 bit Build 22621 (10.0.22621.608)
Time: Thu Oct 13 17:23:38 2022 Hora de verano central (México) elapsed time: 18.207136 seconds (0d 0h 0m 18s)

---------------  T H R E A D  ---------------

Current thread (0x00000136310db800):  JavaThread "C2 CompilerThread1" daemon [_thread_in_native, id=4368, stack(0x0000002776c00000,0x0000002776d00000)]


Current CompileTask:
C2:  18207 7370       4       org.gradle.internal.instantiation.generator.AbstractClassGenerator::inspectType (560 bytes)

Stack: [0x0000002776c00000,0x0000002776d00000]
Native frames: (J=compiled Java code, j=interpreted, Vv=VM code, C=native code)
V  [jvm.dll+0x5fbcea]
V  [jvm.dll+0x731905]
V  [jvm.dll+0x732f1d]
V  [jvm.dll+0x7335d3]
V  [jvm.dll+0x247bf8]
V  [jvm.dll+0xc018c]
V  [jvm.dll+0xc06cc]
V  [jvm.dll+0x35b31d]
V  [jvm.dll+0x328803]
V  [jvm.dll+0x327cfa]
V  [jvm.dll+0x200602]
V  [jvm.dll+0x1ff794]
V  [jvm.dll+0x18868c]
V  [jvm.dll+0x20e0d7]
V  [jvm.dll+0x20c901]
V  [jvm.dll+0x6f9b7f]
V  [jvm.dll+0x6f26a5]
V  [jvm.dll+0x5fabf6]
C  [ucrtbase.dll+0x29363]
C  [KERNEL32.DLL+0x1244d]
C  [ntdll.dll+0x5df78]


---------------  P R O C E S S  ---------------

Threads class SMR info:
_java_thread_list=0x0000013633aa2660, length=79, elements={
0x0000013614248800, 0x000001362de3c800, 0x000001362de48800, 0x000001362e7f2800,
0x000001362de5b800, 0x000001362de5f000, 0x000001362de64000, 0x000001362de65800,
0x000001362de6a800, 0x000001362e950000, 0x00000136309f9800, 0x000001362ffe3800,
0x000001362fddf000, 0x000001362ffcf800, 0x000001362f6ba800, 0x00000136300c3800,
0x000001362f788000, 0x0000013630138800, 0x000001363154b000, 0x000001363154c800,
0x000001363154c000, 0x000001363154d800, 0x000001363191e800, 0x000001363191f800,
0x00000136310db800, 0x0000013631920800, 0x000001363191d000, 0x0000013631921000,
0x000001363191b800, 0x000001363191e000, 0x0000013631922000, 0x0000013631927000,
0x0000013631927800, 0x0000013631923000, 0x0000013631929800, 0x0000013631923800,
0x000001363192a000, 0x0000013631924800, 0x0000013631925000, 0x0000013631926000,
0x0000013634356000, 0x0000013634355000, 0x0000013634358800, 0x000001363435a000,
0x0000013634356800, 0x0000013634354800, 0x0000013634359000, 0x000001363435b000,
0x0000013634357800, 0x000001362f93c000, 0x000001362f93d800, 0x000001362f93d000,
0x000001362f93a800, 0x000001362f939800, 0x000001362f93e800, 0x000001362f940000,
0x000001362f93f000, 0x000001362f941000, 0x000001362f93b000, 0x000001362f945800,
0x000001362f941800, 0x000001362f946800, 0x000001362f944000, 0x000001362f948000,
0x000001362f947800, 0x000001362f945000, 0x000001362f942800, 0x000001362f943800,
0x000001362fc17000, 0x000001362fc15800, 0x000001362fc1a800, 0x000001362fc18000,
0x000001362fc16000, 0x000001362fc1b000, 0x000001362fc1c000, 0x000001362fc1e800,
0x000001362fc1d800, 0x000001362fc18800, 0x000001362fc1c800
}

Java Threads: ( => current thread )
  0x0000013614248800 JavaThread "main" [_thread_blocked, id=11660, stack(0x0000002774a00000,0x0000002774b00000)]
  0x000001362de3c800 JavaThread "Reference Handler" daemon [_thread_blocked, id=3116, stack(0x0000002775100000,0x0000002775200000)]
  0x000001362de48800 JavaThread "Finalizer" daemon [_thread_blocked, id=12728, stack(0x0000002775200000,0x0000002775300000)]
  0x000001362e7f2800 JavaThread "Signal Dispatcher" daemon [_thread_blocked, id=6032, stack(0x0000002775300000,0x0000002775400000)]
  0x000001362de5b800 JavaThread "Attach Listener" daemon [_thread_blocked, id=14464, stack(0x0000002775400000,0x0000002775500000)]
  0x000001362de5f000 JavaThread "Service Thread" daemon [_thread_blocked, id=9636, stack(0x0000002775500000,0x0000002775600000)]
  0x000001362de64000 JavaThread "C2 CompilerThread0" daemon [_thread_in_native, id=9712, stack(0x0000002775600000,0x0000002775700000)]
  0x000001362de65800 JavaThread "C1 CompilerThread0" daemon [_thread_blocked, id=4164, stack(0x0000002775700000,0x0000002775800000)]
  0x000001362de6a800 JavaThread "Sweeper thread" daemon [_thread_blocked, id=14888, stack(0x0000002775800000,0x0000002775900000)]
  0x000001362e950000 JavaThread "Common-Cleaner" daemon [_thread_blocked, id=1344, stack(0x0000002775900000,0x0000002775a00000)]
  0x00000136309f9800 JavaThread "Daemon health stats" [_thread_blocked, id=11324, stack(0x0000002775e00000,0x0000002775f00000)]
  0x000001362ffe3800 JavaThread "Incoming local TCP Connector on port 50894" [_thread_in_native, id=2584, stack(0x0000002775b00000,0x0000002775c00000)]
  0x000001362fddf000 JavaThread "Daemon periodic checks" [_thread_blocked, id=10360, stack(0x0000002775f00000,0x0000002776000000)]
  0x000001362ffcf800 JavaThread "Daemon" [_thread_blocked, id=9012, stack(0x0000002776000000,0x0000002776100000)]
  0x000001362f6ba800 JavaThread "Handler for socket connection from /127.0.0.1:50894 to /127.0.0.1:50895" [_thread_in_native, id=5960, stack(0x0000002776100000,0x0000002776200000)]
  0x00000136300c3800 JavaThread "Cancel handler" [_thread_blocked, id=4268, stack(0x0000002776200000,0x0000002776300000)]
  0x000001362f788000 JavaThread "Daemon worker" [_thread_in_Java, id=5044, stack(0x0000002776300000,0x0000002776400000)]
  0x0000013630138800 JavaThread "Asynchronous log dispatcher for DefaultDaemonConnection: socket connection from /127.0.0.1:50894 to /127.0.0.1:50895" [_thread_blocked, id=12804, stack(0x0000002776400000,0x0000002776500000)]
  0x000001363154b000 JavaThread "Stdin handler" [_thread_blocked, id=9956, stack(0x0000002776500000,0x0000002776600000)]
  0x000001363154c800 JavaThread "Daemon client event forwarder" [_thread_blocked, id=5036, stack(0x0000002776600000,0x0000002776700000)]
  0x000001363154c000 JavaThread "Cache worker for journal cache (C:\Users\jeova\.gradle\caches\journal-1)" [_thread_blocked, id=12224, stack(0x0000002776800000,0x0000002776900000)]
  0x000001363154d800 JavaThread "File lock request listener" [_thread_in_native, id=6848, stack(0x0000002776900000,0x0000002776a00000)]
  0x000001363191e800 JavaThread "Cache worker for file hash cache (C:\Users\jeova\.gradle\caches\7.3.3\fileHashes)" [_thread_blocked, id=14480, stack(0x0000002776a00000,0x0000002776b00000)]
  0x000001363191f800 JavaThread "Cache worker for file hash cache (C:\Users\jeova\Desktop\Nueva carpeta\ProyectoEquipo4(8)\ProyectoEquipo4\.gradle\7.3.3\fileHashes)" [_thread_blocked, id=8152, stack(0x0000002776b00000,0x0000002776c00000)]
=>0x00000136310db800 JavaThread "C2 CompilerThread1" daemon [_thread_in_native, id=4368, stack(0x0000002776c00000,0x0000002776d00000)]
  0x0000013631920800 JavaThread "File watcher server" daemon [_thread_in_native, id=14272, stack(0x0000002776d00000,0x0000002776e00000)]
  0x000001363191d000 JavaThread "File watcher consumer" daemon [_thread_blocked, id=12928, stack(0x0000002776e00000,0x0000002776f00000)]
  0x0000013631921000 JavaThread "Cache worker for checksums cache (C:\Users\jeova\Desktop\Nueva carpeta\ProyectoEquipo4(8)\ProyectoEquipo4\.gradle\7.3.3\checksums)" [_thread_blocked, id=10120, stack(0x0000002776f00000,0x0000002777000000)]
  0x000001363191b800 JavaThread "Cache worker for cache directory md-supplier (C:\Users\jeova\.gradle\caches\7.3.3\md-supplier)" [_thread_blocked, id=3592, stack(0x0000002777000000,0x0000002777100000)]
  0x000001363191e000 JavaThread "Cache worker for cache directory md-rule (C:\Users\jeova\.gradle\caches\7.3.3\md-rule)" [_thread_blocked, id=1592, stack(0x0000002777100000,0x0000002777200000)]
  0x0000013631922000 JavaThread "Cache worker for execution history cache (C:\Users\jeova\.gradle\caches\7.3.3\executionHistory)" [_thread_blocked, id=6504, stack(0x0000002777200000,0x0000002777300000)]
  0x0000013631927000 JavaThread "jar transforms" [_thread_blocked, id=8628, stack(0x0000002777300000,0x0000002777400000)]
  0x0000013631927800 JavaThread "Cache worker for file content cache (C:\Users\jeova\.gradle\caches\7.3.3\fileContent)" [_thread_blocked, id=15192, stack(0x0000002777400000,0x0000002777500000)]
  0x0000013631923000 JavaThread "jar transforms Thread 2" [_thread_blocked, id=10748, stack(0x0000002777500000,0x0000002777600000)]
  0x0000013631929800 JavaThread "Cache worker for dependencies-accessors (C:\Users\jeova\Desktop\Nueva carpeta\ProyectoEquipo4(8)\ProyectoEquipo4\.gradle\7.3.3\dependencies-accessors)" [_thread_blocked, id=10864, stack(0x0000002777600000,0x0000002777700000)]
  0x0000013631923800 JavaThread "jar transforms Thread 3" [_thread_blocked, id=4464, stack(0x0000002777700000,0x0000002777800000)]
  0x000001363192a000 JavaThread "Cache worker for Build Output Cleanup Cache (C:\Users\jeova\Desktop\Nueva carpeta\ProyectoEquipo4(8)\ProyectoEquipo4\.gradle\buildOutputCleanup)" [_thread_blocked, id=11848, stack(0x0000002777800000,0x0000002777900000)]
  0x0000013631924800 JavaThread "Unconstrained build operations" [_thread_blocked, id=10992, stack(0x0000002777900000,0x0000002777a00000)]
  0x0000013631925000 JavaThread "Unconstrained build operations Thread 2" [_thread_blocked, id=7804, stack(0x0000002777a00000,0x0000002777b00000)]
  0x0000013631926000 JavaThread "Unconstrained build operations Thread 3" [_thread_blocked, id=4876, stack(0x0000002777b00000,0x0000002777c00000)]
  0x0000013634356000 JavaThread "Unconstrained build operations Thread 4" [_thread_blocked, id=1036, stack(0x0000002777c00000,0x0000002777d00000)]
  0x0000013634355000 JavaThread "Unconstrained build operations Thread 5" [_thread_blocked, id=3648, stack(0x0000002777d00000,0x0000002777e00000)]
  0x0000013634358800 JavaThread "Unconstrained build operations Thread 6" [_thread_blocked, id=7524, stack(0x0000002777e00000,0x0000002777f00000)]
  0x000001363435a000 JavaThread "Unconstrained build operations Thread 7" [_thread_blocked, id=7836, stack(0x0000002777f00000,0x0000002778000000)]
  0x0000013634356800 JavaThread "Unconstrained build operations Thread 8" [_thread_blocked, id=13116, stack(0x0000002778000000,0x0000002778100000)]
  0x0000013634354800 JavaThread "Unconstrained build operations Thread 9" [_thread_blocked, id=4864, stack(0x0000002778100000,0x0000002778200000)]
  0x0000013634359000 JavaThread "Unconstrained build operations Thread 10" [_thread_blocked, id=8820, stack(0x0000002778200000,0x0000002778300000)]
  0x000001363435b000 JavaThread "Unconstrained build operations Thread 11" [_thread_blocked, id=2944, stack(0x0000002778300000,0x0000002778400000)]
  0x0000013634357800 JavaThread "Unconstrained build operations Thread 12" [_thread_blocked, id=13064, stack(0x0000002778400000,0x0000002778500000)]
  0x000001362f93c000 JavaThread "Unconstrained build operations Thread 13" [_thread_blocked, id=8408, stack(0x0000002778500000,0x0000002778600000)]
  0x000001362f93d800 JavaThread "Unconstrained build operations Thread 14" [_thread_blocked, id=2024, stack(0x0000002778600000,0x0000002778700000)]
  0x000001362f93d000 JavaThread "Unconstrained build operations Thread 15" [_thread_blocked, id=9624, stack(0x0000002778700000,0x0000002778800000)]
  0x000001362f93a800 JavaThread "Unconstrained build operations Thread 16" [_thread_blocked, id=5692, stack(0x0000002778800000,0x0000002778900000)]
  0x000001362f939800 JavaThread "Unconstrained build operations Thread 17" [_thread_blocked, id=13004, stack(0x0000002778900000,0x0000002778a00000)]
  0x000001362f93e800 JavaThread "Unconstrained build operations Thread 18" [_thread_blocked, id=12116, stack(0x0000002778a00000,0x0000002778b00000)]
  0x000001362f940000 JavaThread "Unconstrained build operations Thread 19" [_thread_blocked, id=3664, stack(0x0000002778b00000,0x0000002778c00000)]
  0x000001362f93f000 JavaThread "Unconstrained build operations Thread 20" [_thread_blocked, id=10756, stack(0x0000002778c00000,0x0000002778d00000)]
  0x000001362f941000 JavaThread "Unconstrained build operations Thread 21" [_thread_blocked, id=10856, stack(0x0000002778d00000,0x0000002778e00000)]
  0x000001362f93b000 JavaThread "Unconstrained build operations Thread 22" [_thread_blocked, id=8320, stack(0x0000002778e00000,0x0000002778f00000)]
  0x000001362f945800 JavaThread "Unconstrained build operations Thread 23" [_thread_blocked, id=1408, stack(0x0000002778f00000,0x0000002779000000)]
  0x000001362f941800 JavaThread "Unconstrained build operations Thread 24" [_thread_blocked, id=11340, stack(0x0000002779000000,0x0000002779100000)]
  0x000001362f946800 JavaThread "Unconstrained build operations Thread 25" [_thread_blocked, id=2680, stack(0x0000002779100000,0x0000002779200000)]
  0x000001362f944000 JavaThread "Unconstrained build operations Thread 26" [_thread_blocked, id=9884, stack(0x0000002779200000,0x0000002779300000)]
  0x000001362f948000 JavaThread "Unconstrained build operations Thread 27" [_thread_blocked, id=11800, stack(0x0000002779300000,0x0000002779400000)]
  0x000001362f947800 JavaThread "Unconstrained build operations Thread 28" [_thread_blocked, id=6660, stack(0x0000002779400000,0x0000002779500000)]
  0x000001362f945000 JavaThread "Unconstrained build operations Thread 29" [_thread_blocked, id=3384, stack(0x0000002779500000,0x0000002779600000)]
  0x000001362f942800 JavaThread "Unconstrained build operations Thread 30" [_thread_blocked, id=2436, stack(0x0000002779600000,0x0000002779700000)]
  0x000001362f943800 JavaThread "Unconstrained build operations Thread 31" [_thread_blocked, id=4752, stack(0x0000002779700000,0x0000002779800000)]
  0x000001362fc17000 JavaThread "Unconstrained build operations Thread 32" [_thread_blocked, id=8576, stack(0x0000002779800000,0x0000002779900000)]
  0x000001362fc15800 JavaThread "Unconstrained build operations Thread 33" [_thread_blocked, id=13184, stack(0x0000002779900000,0x0000002779a00000)]
  0x000001362fc1a800 JavaThread "Unconstrained build operations Thread 34" [_thread_blocked, id=1776, stack(0x0000002779a00000,0x0000002779b00000)]
  0x000001362fc18000 JavaThread "Unconstrained build operations Thread 35" [_thread_blocked, id=5244, stack(0x0000002779b00000,0x0000002779c00000)]
  0x000001362fc16000 JavaThread "Unconstrained build operations Thread 36" [_thread_blocked, id=8888, stack(0x0000002779c00000,0x0000002779d00000)]
  0x000001362fc1b000 JavaThread "Unconstrained build operations Thread 37" [_thread_blocked, id=6024, stack(0x0000002779d00000,0x0000002779e00000)]
  0x000001362fc1c000 JavaThread "Unconstrained build operations Thread 38" [_thread_blocked, id=14348, stack(0x0000002779e00000,0x0000002779f00000)]
  0x000001362fc1e800 JavaThread "Unconstrained build operations Thread 39" [_thread_blocked, id=3092, stack(0x0000002779f00000,0x000000277a000000)]
  0x000001362fc1d800 JavaThread "Unconstrained build operations Thread 40" [_thread_blocked, id=11000, stack(0x000000277a000000,0x000000277a100000)]
  0x000001362fc18800 JavaThread "jar transforms Thread 4" [_thread_blocked, id=7288, stack(0x000000277a100000,0x000000277a200000)]
  0x000001362fc1c800 JavaThread "Memory manager" [_thread_blocked, id=10656, stack(0x000000277a200000,0x000000277a300000)]

Other Threads:
  0x000001362de38800 VMThread "VM Thread" [stack: 0x0000002775000000,0x0000002775100000] [id=11512]
  0x000001362e96f000 WatcherThread [stack: 0x0000002775a00000,0x0000002775b00000] [id=15116]
  0x0000013614263000 GCTaskThread "GC Thread#0" [stack: 0x0000002774b00000,0x0000002774c00000] [id=7136]
  0x000001362f47a000 GCTaskThread "GC Thread#1" [stack: 0x0000002775c00000,0x0000002775d00000] [id=10032]
  0x000001362f153000 GCTaskThread "GC Thread#2" [stack: 0x0000002775d00000,0x0000002775e00000] [id=14072]
  0x00000136318ab000 GCTaskThread "GC Thread#3" [stack: 0x0000002776700000,0x0000002776800000] [id=6960]
  0x0000013614295800 ConcurrentGCThread "G1 Main Marker" [stack: 0x0000002774c00000,0x0000002774d00000] [id=4796]
  0x0000013614299000 ConcurrentGCThread "G1 Conc#0" [stack: 0x0000002774d00000,0x0000002774e00000] [id=6412]
  0x000001362dc90800 ConcurrentGCThread "G1 Refine#0" [stack: 0x0000002774e00000,0x0000002774f00000] [id=228]
  0x000001361431c000 ConcurrentGCThread "G1 Young RemSet Sampling" [stack: 0x0000002774f00000,0x0000002775000000] [id=13704]

Threads with active compile tasks:
C2 CompilerThread0  18264 7269       4       java.lang.Class::annotationData (44 bytes)
C2 CompilerThread1  18264 7370       4       org.gradle.internal.instantiation.generator.AbstractClassGenerator::inspectType (560 bytes)

VM state:not at safepoint (normal execution)

VM Mutex/Monitor currently owned by a thread: None

Heap address: 0x0000000080000000, size: 2048 MB, Compressed Oops mode: 32-bit
Narrow klass base: 0x0000000000000000, Narrow klass shift: 3
Compressed class space size: 1073741824 Address: 0x0000000100000000

Heap:
 garbage-first heap   total 227328K, used 118787K [0x0000000080000000, 0x0000000100000000)
  region size 1024K, 60 young (61440K), 9 survivors (9216K)
 Metaspace       used 76206K, capacity 77958K, committed 78124K, reserved 1116160K
  class space    used 9924K, capacity 10579K, committed 10624K, reserved 1048576K
Heap Regions: E=young(eden), S=young(survivor), O=old, HS=humongous(starts), HC=humongous(continues), CS=collection set, F=free, A=archive, TAMS=top-at-mark-start (previous, next)
|   0|0x0000000080000000, 0x0000000080100000, 0x0000000080100000|100%| O|  |TAMS 0x0000000080100000, 0x0000000080000000| Untracked 
|   1|0x0000000080100000, 0x0000000080200000, 0x0000000080200000|100%| O|  |TAMS 0x0000000080200000, 0x0000000080100000| Untracked 
|   2|0x0000000080200000, 0x0000000080300000, 0x0000000080300000|100%| O|  |TAMS 0x0000000080300000, 0x0000000080200000| Untracked 
|   3|0x0000000080300000, 0x0000000080400000, 0x0000000080400000|100%|HS|  |TAMS 0x0000000080400000, 0x0000000080300000| Complete 
|   4|0x0000000080400000, 0x0000000080500000, 0x0000000080500000|100%|HC|  |TAMS 0x0000000080500000, 0x0000000080400000| Complete 
|   5|0x0000000080500000, 0x0000000080600000, 0x0000000080600000|100%|HC|  |TAMS 0x0000000080600000, 0x0000000080500000| Complete 
|   6|0x0000000080600000, 0x0000000080700000, 0x0000000080700000|100%| O|  |TAMS 0x0000000080700000, 0x0000000080600000| Untracked 
|   7|0x0000000080700000, 0x0000000080800000, 0x0000000080800000|100%| O|  |TAMS 0x0000000080800000, 0x0000000080700000| Untracked 
|   8|0x0000000080800000, 0x0000000080900000, 0x0000000080900000|100%| O|  |TAMS 0x0000000080900000, 0x0000000080800000| Untracked 
|   9|0x0000000080900000, 0x0000000080a00000, 0x0000000080a00000|100%| O|  |TAMS 0x0000000080a00000, 0x0000000080900000| Untracked 
|  10|0x0000000080a00000, 0x0000000080b00000, 0x0000000080b00000|100%| O|  |TAMS 0x0000000080b00000, 0x0000000080a00000| Untracked 
|  11|0x0000000080b00000, 0x0000000080c00000, 0x0000000080c00000|100%| O|  |TAMS 0x0000000080c00000, 0x0000000080b00000| Untracked 
|  12|0x0000000080c00000, 0x0000000080d00000, 0x0000000080d00000|100%| O|  |TAMS 0x0000000080d00000, 0x0000000080c00000| Untracked 
|  13|0x0000000080d00000, 0x0000000080e00000, 0x0000000080e00000|100%| O|  |TAMS 0x0000000080e00000, 0x0000000080d00000| Untracked 
|  14|0x0000000080e00000, 0x0000000080f00000, 0x0000000080f00000|100%| O|  |TAMS 0x0000000080f00000, 0x0000000080e00000| Untracked 
|  15|0x0000000080f00000, 0x0000000081000000, 0x0000000081000000|100%| O|  |TAMS 0x0000000081000000, 0x0000000080f00000| Untracked 
|  16|0x0000000081000000, 0x0000000081100000, 0x0000000081100000|100%|HS|  |TAMS 0x0000000081100000, 0x0000000081000000| Complete 
|  17|0x0000000081100000, 0x0000000081200000, 0x0000000081200000|100%| O|  |TAMS 0x0000000081200000, 0x0000000081100000| Untracked 
|  18|0x0000000081200000, 0x0000000081300000, 0x0000000081300000|100%| O|  |TAMS 0x0000000081300000, 0x0000000081200000| Untracked 
|  19|0x0000000081300000, 0x0000000081400000, 0x0000000081400000|100%| O|  |TAMS 0x0000000081400000, 0x0000000081300000| Untracked 
|  20|0x0000000081400000, 0x0000000081500000, 0x0000000081500000|100%| O|  |TAMS 0x0000000081500000, 0x0000000081400000| Untracked 
|  21|0x0000000081500000, 0x0000000081600000, 0x0000000081600000|100%| O|  |TAMS 0x0000000081600000, 0x0000000081500000| Untracked 
|  22|0x0000000081600000, 0x0000000081700000, 0x0000000081700000|100%| O|  |TAMS 0x0000000081700000, 0x0000000081600000| Untracked 
|  23|0x0000000081700000, 0x0000000081800000, 0x0000000081800000|100%| O|  |TAMS 0x0000000081800000, 0x0000000081700000| Untracked 
|  24|0x0000000081800000, 0x0000000081900000, 0x0000000081900000|100%|HS|  |TAMS 0x0000000081900000, 0x0000000081800000| Complete 
|  25|0x0000000081900000, 0x0000000081a00000, 0x0000000081a00000|100%|HS|  |TAMS 0x0000000081a00000, 0x0000000081900000| Complete 
|  26|0x0000000081a00000, 0x0000000081b00000, 0x0000000081b00000|100%|HS|  |TAMS 0x0000000081b00000, 0x0000000081a00000| Complete 
|  27|0x0000000081b00000, 0x0000000081c00000, 0x0000000081c00000|100%|HC|  |TAMS 0x0000000081c00000, 0x0000000081b00000| Complete 
|  28|0x0000000081c00000, 0x0000000081d00000, 0x0000000081d00000|100%|HC|  |TAMS 0x0000000081d00000, 0x0000000081c00000| Complete 
|  29|0x0000000081d00000, 0x0000000081e00000, 0x0000000081e00000|100%|HS|  |TAMS 0x0000000081e00000, 0x0000000081d00000| Complete 
|  30|0x0000000081e00000, 0x0000000081f00000, 0x0000000081f00000|100%|HC|  |TAMS 0x0000000081f00000, 0x0000000081e00000| Complete 
|  31|0x0000000081f00000, 0x0000000082000000, 0x0000000082000000|100%| O|  |TAMS 0x0000000082000000, 0x0000000081f00000| Untracked 
|  32|0x0000000082000000, 0x0000000082100000, 0x0000000082100000|100%| O|  |TAMS 0x0000000082100000, 0x0000000082000000| Untracked 
|  33|0x0000000082100000, 0x0000000082200000, 0x0000000082200000|100%| O|  |TAMS 0x0000000082200000, 0x0000000082100000| Untracked 
|  34|0x0000000082200000, 0x0000000082300000, 0x0000000082300000|100%| O|  |TAMS 0x0000000082300000, 0x0000000082200000| Untracked 
|  35|0x0000000082300000, 0x0000000082400000, 0x0000000082400000|100%| O|  |TAMS 0x0000000082400000, 0x0000000082300000| Untracked 
|  36|0x0000000082400000, 0x0000000082500000, 0x0000000082500000|100%| O|  |TAMS 0x0000000082500000, 0x0000000082400000| Untracked 
|  37|0x0000000082500000, 0x0000000082600000, 0x0000000082600000|100%| O|  |TAMS 0x0000000082600000, 0x0000000082500000| Untracked 
|  38|0x0000000082600000, 0x0000000082700000, 0x0000000082700000|100%| O|  |TAMS 0x0000000082700000, 0x0000000082600000| Untracked 
|  39|0x0000000082700000, 0x0000000082800000, 0x0000000082800000|100%| O|  |TAMS 0x0000000082800000, 0x0000000082700000| Untracked 
|  40|0x0000000082800000, 0x0000000082900000, 0x0000000082900000|100%| O|  |TAMS 0x0000000082900000, 0x0000000082800000| Untracked 
|  41|0x0000000082900000, 0x0000000082a00000, 0x0000000082a00000|100%| O|  |TAMS 0x0000000082a00000, 0x0000000082900000| Untracked 
|  42|0x0000000082a00000, 0x0000000082b00000, 0x0000000082b00000|100%| O|  |TAMS 0x0000000082b00000, 0x0000000082a00000| Untracked 
|  43|0x0000000082b00000, 0x0000000082c00000, 0x0000000082c00000|100%| O|  |TAMS 0x0000000082c00000, 0x0000000082b00000| Untracked 
|  44|0x0000000082c00000, 0x0000000082d00000, 0x0000000082d00000|100%| O|  |TAMS 0x0000000082d00000, 0x0000000082c00000| Untracked 
|  45|0x0000000082d00000, 0x0000000082e00000, 0x0000000082e00000|100%| O|  |TAMS 0x0000000082e00000, 0x0000000082d00000| Untracked 
|  46|0x0000000082e00000, 0x0000000082f00000, 0x0000000082f00000|100%| O|  |TAMS 0x0000000082f00000, 0x0000000082e00000| Untracked 
|  47|0x0000000082f00000, 0x0000000083000000, 0x0000000083000000|100%| O|  |TAMS 0x0000000083000000, 0x0000000082f00000| Untracked 
|  48|0x0000000083000000, 0x0000000083100000, 0x0000000083100000|100%| O|  |TAMS 0x0000000083100000, 0x0000000083000000| Untracked 
|  49|0x0000000083100000, 0x0000000083200000, 0x0000000083200000|100%| O|  |TAMS 0x0000000083200000, 0x0000000083100000| Untracked 
|  50|0x0000000083200000, 0x0000000083300000, 0x0000000083300000|100%| O|  |TAMS 0x0000000083300000, 0x0000000083200000| Untracked 
|  51|0x0000000083300000, 0x0000000083400000, 0x0000000083400000|100%| O|  |TAMS 0x0000000083300000, 0x0000000083300000| Untracked 
|  52|0x0000000083400000, 0x0000000083500000, 0x0000000083500000|100%| O|  |TAMS 0x0000000083456600, 0x0000000083400000| Untracked 
|  53|0x0000000083500000, 0x0000000083600000, 0x0000000083600000|100%| O|  |TAMS 0x0000000083500000, 0x0000000083500000| Untracked 
|  54|0x0000000083600000, 0x0000000083700000, 0x0000000083700000|100%| O|  |TAMS 0x0000000083600000, 0x0000000083600000| Untracked 
|  55|0x0000000083700000, 0x0000000083800000, 0x0000000083800000|100%| O|  |TAMS 0x0000000083700000, 0x0000000083700000| Untracked 
|  56|0x0000000083800000, 0x0000000083900000, 0x0000000083900000|100%| O|  |TAMS 0x0000000083800000, 0x0000000083800000| Untracked 
|  57|0x0000000083900000, 0x000000008398dc00, 0x0000000083a00000| 55%| O|  |TAMS 0x0000000083900000, 0x0000000083900000| Untracked 
|  58|0x0000000083a00000, 0x0000000083a00000, 0x0000000083b00000|  0%| F|  |TAMS 0x0000000083a00000, 0x0000000083a00000| Untracked 
|  59|0x0000000083b00000, 0x0000000083b00000, 0x0000000083c00000|  0%| F|  |TAMS 0x0000000083b00000, 0x0000000083b00000| Untracked 
|  60|0x0000000083c00000, 0x0000000083c00000, 0x0000000083d00000|  0%| F|  |TAMS 0x0000000083c00000, 0x0000000083c00000| Untracked 
|  61|0x0000000083d00000, 0x0000000083d00000, 0x0000000083e00000|  0%| F|  |TAMS 0x0000000083d00000, 0x0000000083d00000| Untracked 
|  62|0x0000000083e00000, 0x0000000083e00000, 0x0000000083f00000|  0%| F|  |TAMS 0x0000000083e00000, 0x0000000083e00000| Untracked 
|  63|0x0000000083f00000, 0x0000000083f00000, 0x0000000084000000|  0%| F|  |TAMS 0x0000000083f00000, 0x0000000083f00000| Untracked 
|  64|0x0000000084000000, 0x0000000084000000, 0x0000000084100000|  0%| F|  |TAMS 0x0000000084000000, 0x0000000084000000| Untracked 
|  65|0x0000000084100000, 0x0000000084100000, 0x0000000084200000|  0%| F|  |TAMS 0x0000000084100000, 0x0000000084100000| Untracked 
|  66|0x0000000084200000, 0x0000000084200000, 0x0000000084300000|  0%| F|  |TAMS 0x0000000084200000, 0x0000000084200000| Untracked 
|  67|0x0000000084300000, 0x0000000084300000, 0x0000000084400000|  0%| F|  |TAMS 0x0000000084300000, 0x0000000084300000| Untracked 
|  68|0x0000000084400000, 0x0000000084400000, 0x0000000084500000|  0%| F|  |TAMS 0x0000000084400000, 0x0000000084400000| Untracked 
|  69|0x0000000084500000, 0x0000000084500000, 0x0000000084600000|  0%| F|  |TAMS 0x0000000084500000, 0x0000000084500000| Untracked 
|  70|0x0000000084600000, 0x0000000084600000, 0x0000000084700000|  0%| F|  |TAMS 0x0000000084600000, 0x0000000084600000| Untracked 
|  71|0x0000000084700000, 0x0000000084700000, 0x0000000084800000|  0%| F|  |TAMS 0x0000000084700000, 0x0000000084700000| Untracked 
|  72|0x0000000084800000, 0x0000000084800000, 0x0000000084900000|  0%| F|  |TAMS 0x0000000084800000, 0x0000000084800000| Untracked 
|  73|0x0000000084900000, 0x0000000084900000, 0x0000000084a00000|  0%| F|  |TAMS 0x0000000084900000, 0x0000000084900000| Untracked 
|  74|0x0000000084a00000, 0x0000000084a00000, 0x0000000084b00000|  0%| F|  |TAMS 0x0000000084a00000, 0x0000000084a00000| Untracked 
|  75|0x0000000084b00000, 0x0000000084b00000, 0x0000000084c00000|  0%| F|  |TAMS 0x0000000084b00000, 0x0000000084b00000| Untracked 
|  76|0x0000000084c00000, 0x0000000084c00000, 0x0000000084d00000|  0%| F|  |TAMS 0x0000000084c00000, 0x0000000084c00000| Untracked 
|  77|0x0000000084d00000, 0x0000000084d00000, 0x0000000084e00000|  0%| F|  |TAMS 0x0000000084d00000, 0x0000000084d00000| Untracked 
|  78|0x0000000084e00000, 0x0000000084e00000, 0x0000000084f00000|  0%| F|  |TAMS 0x0000000084e00000, 0x0000000084e00000| Untracked 
|  79|0x0000000084f00000, 0x0000000084f00000, 0x0000000085000000|  0%| F|  |TAMS 0x0000000084f00000, 0x0000000084f00000| Untracked 
|  80|0x0000000085000000, 0x0000000085000000, 0x0000000085100000|  0%| F|  |TAMS 0x0000000085000000, 0x0000000085000000| Untracked 
|  81|0x0000000085100000, 0x0000000085100000, 0x0000000085200000|  0%| F|  |TAMS 0x0000000085100000, 0x0000000085100000| Untracked 
|  82|0x0000000085200000, 0x0000000085200000, 0x0000000085300000|  0%| F|  |TAMS 0x0000000085200000, 0x0000000085200000| Untracked 
|  83|0x0000000085300000, 0x0000000085300000, 0x0000000085400000|  0%| F|  |TAMS 0x0000000085300000, 0x0000000085300000| Untracked 
|  84|0x0000000085400000, 0x0000000085400000, 0x0000000085500000|  0%| F|  |TAMS 0x0000000085400000, 0x0000000085400000| Untracked 
|  85|0x0000000085500000, 0x0000000085500000, 0x0000000085600000|  0%| F|  |TAMS 0x0000000085500000, 0x0000000085500000| Untracked 
|  86|0x0000000085600000, 0x0000000085600000, 0x0000000085700000|  0%| F|  |TAMS 0x0000000085600000, 0x0000000085600000| Untracked 
|  87|0x0000000085700000, 0x0000000085700000, 0x0000000085800000|  0%| F|  |TAMS 0x0000000085700000, 0x0000000085700000| Untracked 
|  88|0x0000000085800000, 0x0000000085800000, 0x0000000085900000|  0%| F|  |TAMS 0x0000000085800000, 0x0000000085800000| Untracked 
|  89|0x0000000085900000, 0x0000000085900000, 0x0000000085a00000|  0%| F|  |TAMS 0x0000000085900000, 0x0000000085900000| Untracked 
|  90|0x0000000085a00000, 0x0000000085a00000, 0x0000000085b00000|  0%| F|  |TAMS 0x0000000085a00000, 0x0000000085a00000| Untracked 
|  91|0x0000000085b00000, 0x0000000085b00000, 0x0000000085c00000|  0%| F|  |TAMS 0x0000000085b00000, 0x0000000085b00000| Untracked 
|  92|0x0000000085c00000, 0x0000000085c00000, 0x0000000085d00000|  0%| F|  |TAMS 0x0000000085c00000, 0x0000000085c00000| Untracked 
|  93|0x0000000085d00000, 0x0000000085d00000, 0x0000000085e00000|  0%| F|  |TAMS 0x0000000085d00000, 0x0000000085d00000| Untracked 
|  94|0x0000000085e00000, 0x0000000085e00000, 0x0000000085f00000|  0%| F|  |TAMS 0x0000000085e00000, 0x0000000085e00000| Untracked 
|  95|0x0000000085f00000, 0x0000000085f00000, 0x0000000086000000|  0%| F|  |TAMS 0x0000000085f00000, 0x0000000085f00000| Untracked 
|  96|0x0000000086000000, 0x0000000086000000, 0x0000000086100000|  0%| F|  |TAMS 0x0000000086000000, 0x0000000086000000| Untracked 
|  97|0x0000000086100000, 0x0000000086100000, 0x0000000086200000|  0%| F|  |TAMS 0x0000000086100000, 0x0000000086100000| Untracked 
|  98|0x0000000086200000, 0x0000000086200000, 0x0000000086300000|  0%| F|  |TAMS 0x0000000086200000, 0x0000000086200000| Untracked 
|  99|0x0000000086300000, 0x0000000086300000, 0x0000000086400000|  0%| F|  |TAMS 0x0000000086300000, 0x0000000086300000| Untracked 
| 100|0x0000000086400000, 0x0000000086400000, 0x0000000086500000|  0%| F|  |TAMS 0x0000000086400000, 0x0000000086400000| Untracked 
| 101|0x0000000086500000, 0x0000000086500000, 0x0000000086600000|  0%| F|  |TAMS 0x0000000086500000, 0x0000000086500000| Untracked 
| 102|0x0000000086600000, 0x0000000086600000, 0x0000000086700000|  0%| F|  |TAMS 0x0000000086600000, 0x0000000086600000| Untracked 
| 103|0x0000000086700000, 0x0000000086700000, 0x0000000086800000|  0%| F|  |TAMS 0x0000000086700000, 0x0000000086700000| Untracked 
| 104|0x0000000086800000, 0x0000000086800000, 0x0000000086900000|  0%| F|  |TAMS 0x0000000086800000, 0x0000000086800000| Untracked 
| 105|0x0000000086900000, 0x0000000086900000, 0x0000000086a00000|  0%| F|  |TAMS 0x0000000086900000, 0x0000000086900000| Untracked 
| 106|0x0000000086a00000, 0x0000000086a73320, 0x0000000086b00000| 44%| S|CS|TAMS 0x0000000086a00000, 0x0000000086a00000| Complete 
| 107|0x0000000086b00000, 0x0000000086c00000, 0x0000000086c00000|100%| S|CS|TAMS 0x0000000086b00000, 0x0000000086b00000| Complete 
| 108|0x0000000086c00000, 0x0000000086d00000, 0x0000000086d00000|100%| S|CS|TAMS 0x0000000086c00000, 0x0000000086c00000| Complete 
| 109|0x0000000086d00000, 0x0000000086d00000, 0x0000000086e00000|  0%| F|  |TAMS 0x0000000086d00000, 0x0000000086d00000| Untracked 
| 110|0x0000000086e00000, 0x0000000086e00000, 0x0000000086f00000|  0%| F|  |TAMS 0x0000000086e00000, 0x0000000086e00000| Untracked 
| 111|0x0000000086f00000, 0x0000000086f00000, 0x0000000087000000|  0%| F|  |TAMS 0x0000000086f00000, 0x0000000086f00000| Untracked 
| 112|0x0000000087000000, 0x0000000087000000, 0x0000000087100000|  0%| F|  |TAMS 0x0000000087000000, 0x0000000087000000| Untracked 
| 113|0x0000000087100000, 0x0000000087200000, 0x0000000087200000|100%| S|CS|TAMS 0x0000000087100000, 0x0000000087100000| Complete 
| 114|0x0000000087200000, 0x0000000087300000, 0x0000000087300000|100%| S|CS|TAMS 0x0000000087200000, 0x0000000087200000| Complete 
| 115|0x0000000087300000, 0x0000000087400000, 0x0000000087400000|100%| S|CS|TAMS 0x0000000087300000, 0x0000000087300000| Complete 
| 116|0x0000000087400000, 0x0000000087500000, 0x0000000087500000|100%| S|CS|TAMS 0x0000000087400000, 0x0000000087400000| Complete 
| 117|0x0000000087500000, 0x0000000087600000, 0x0000000087600000|100%| S|CS|TAMS 0x0000000087500000, 0x0000000087500000| Complete 
| 118|0x0000000087600000, 0x0000000087700000, 0x0000000087700000|100%| S|CS|TAMS 0x0000000087600000, 0x0000000087600000| Complete 
| 119|0x0000000087700000, 0x0000000087700000, 0x0000000087800000|  0%| F|  |TAMS 0x0000000087700000, 0x0000000087700000| Untracked 
| 120|0x0000000087800000, 0x0000000087800000, 0x0000000087900000|  0%| F|  |TAMS 0x0000000087800000, 0x0000000087800000| Untracked 
| 121|0x0000000087900000, 0x0000000087900000, 0x0000000087a00000|  0%| F|  |TAMS 0x0000000087900000, 0x0000000087900000| Untracked 
| 122|0x0000000087a00000, 0x0000000087a00000, 0x0000000087b00000|  0%| F|  |TAMS 0x0000000087a00000, 0x0000000087a00000| Untracked 
| 123|0x0000000087b00000, 0x0000000087b00000, 0x0000000087c00000|  0%| F|  |TAMS 0x0000000087b00000, 0x0000000087b00000| Untracked 
| 124|0x0000000087c00000, 0x0000000087c00000, 0x0000000087d00000|  0%| F|  |TAMS 0x0000000087c00000, 0x0000000087c00000| Untracked 
| 125|0x0000000087d00000, 0x0000000087d00000, 0x0000000087e00000|  0%| F|  |TAMS 0x0000000087d00000, 0x0000000087d00000| Untracked 
| 126|0x0000000087e00000, 0x0000000087e00000, 0x0000000087f00000|  0%| F|  |TAMS 0x0000000087e00000, 0x0000000087e00000| Untracked 
| 127|0x0000000087f00000, 0x0000000087f00000, 0x0000000088000000|  0%| F|  |TAMS 0x0000000087f00000, 0x0000000087f00000| Untracked 
| 128|0x0000000088000000, 0x0000000088000000, 0x0000000088100000|  0%| F|  |TAMS 0x0000000088000000, 0x0000000088000000| Untracked 
| 129|0x0000000088100000, 0x0000000088100000, 0x0000000088200000|  0%| F|  |TAMS 0x0000000088100000, 0x0000000088100000| Untracked 
| 130|0x0000000088200000, 0x0000000088200000, 0x0000000088300000|  0%| F|  |TAMS 0x0000000088200000, 0x0000000088200000| Untracked 
| 131|0x0000000088300000, 0x0000000088300000, 0x0000000088400000|  0%| F|  |TAMS 0x0000000088300000, 0x0000000088300000| Untracked 
| 132|0x0000000088400000, 0x0000000088400000, 0x0000000088500000|  0%| F|  |TAMS 0x0000000088400000, 0x0000000088400000| Untracked 
| 133|0x0000000088500000, 0x0000000088500000, 0x0000000088600000|  0%| F|  |TAMS 0x0000000088500000, 0x0000000088500000| Untracked 
| 134|0x0000000088600000, 0x0000000088600000, 0x0000000088700000|  0%| F|  |TAMS 0x0000000088600000, 0x0000000088600000| Untracked 
| 135|0x0000000088700000, 0x0000000088700000, 0x0000000088800000|  0%| F|  |TAMS 0x0000000088700000, 0x0000000088700000| Untracked 
| 136|0x0000000088800000, 0x0000000088800000, 0x0000000088900000|  0%| F|  |TAMS 0x0000000088800000, 0x0000000088800000| Untracked 
| 137|0x0000000088900000, 0x0000000088900000, 0x0000000088a00000|  0%| F|  |TAMS 0x0000000088900000, 0x0000000088900000| Untracked 
| 138|0x0000000088a00000, 0x0000000088a00000, 0x0000000088b00000|  0%| F|  |TAMS 0x0000000088a00000, 0x0000000088a00000| Untracked 
| 139|0x0000000088b00000, 0x0000000088b00000, 0x0000000088c00000|  0%| F|  |TAMS 0x0000000088b00000, 0x0000000088b00000| Untracked 
| 140|0x0000000088c00000, 0x0000000088c00000, 0x0000000088d00000|  0%| F|  |TAMS 0x0000000088c00000, 0x0000000088c00000| Untracked 
| 141|0x0000000088d00000, 0x0000000088d00000, 0x0000000088e00000|  0%| F|  |TAMS 0x0000000088d00000, 0x0000000088d00000| Untracked 
| 142|0x0000000088e00000, 0x0000000088e00000, 0x0000000088f00000|  0%| F|  |TAMS 0x0000000088e00000, 0x0000000088e00000| Untracked 
| 143|0x0000000088f00000, 0x0000000088f00000, 0x0000000089000000|  0%| F|  |TAMS 0x0000000088f00000, 0x0000000088f00000| Untracked 
| 144|0x0000000089000000, 0x0000000089000000, 0x0000000089100000|  0%| F|  |TAMS 0x0000000089000000, 0x0000000089000000| Untracked 
| 145|0x0000000089100000, 0x0000000089100000, 0x0000000089200000|  0%| F|  |TAMS 0x0000000089100000, 0x0000000089100000| Untracked 
| 146|0x0000000089200000, 0x0000000089200000, 0x0000000089300000|  0%| F|  |TAMS 0x0000000089200000, 0x0000000089200000| Untracked 
| 147|0x0000000089300000, 0x0000000089300000, 0x0000000089400000|  0%| F|  |TAMS 0x0000000089300000, 0x0000000089300000| Untracked 
| 148|0x0000000089400000, 0x0000000089400000, 0x0000000089500000|  0%| F|  |TAMS 0x0000000089400000, 0x0000000089400000| Untracked 
| 149|0x0000000089500000, 0x0000000089500000, 0x0000000089600000|  0%| F|  |TAMS 0x0000000089500000, 0x0000000089500000| Untracked 
| 150|0x0000000089600000, 0x0000000089600000, 0x0000000089700000|  0%| F|  |TAMS 0x0000000089600000, 0x0000000089600000| Untracked 
| 151|0x0000000089700000, 0x0000000089700000, 0x0000000089800000|  0%| F|  |TAMS 0x0000000089700000, 0x0000000089700000| Untracked 
| 152|0x0000000089800000, 0x0000000089800000, 0x0000000089900000|  0%| F|  |TAMS 0x0000000089800000, 0x0000000089800000| Untracked 
| 153|0x0000000089900000, 0x0000000089900000, 0x0000000089a00000|  0%| F|  |TAMS 0x0000000089900000, 0x0000000089900000| Untracked 
| 154|0x0000000089a00000, 0x0000000089a00000, 0x0000000089b00000|  0%| F|  |TAMS 0x0000000089a00000, 0x0000000089a00000| Untracked 
| 155|0x0000000089b00000, 0x0000000089b00000, 0x0000000089c00000|  0%| F|  |TAMS 0x0000000089b00000, 0x0000000089b00000| Untracked 
| 156|0x0000000089c00000, 0x0000000089c00000, 0x0000000089d00000|  0%| F|  |TAMS 0x0000000089c00000, 0x0000000089c00000| Untracked 
| 157|0x0000000089d00000, 0x0000000089d00000, 0x0000000089e00000|  0%| F|  |TAMS 0x0000000089d00000, 0x0000000089d00000| Untracked 
| 158|0x0000000089e00000, 0x0000000089e00000, 0x0000000089f00000|  0%| F|  |TAMS 0x0000000089e00000, 0x0000000089e00000| Untracked 
| 159|0x0000000089f00000, 0x0000000089f00000, 0x000000008a000000|  0%| F|  |TAMS 0x0000000089f00000, 0x0000000089f00000| Untracked 
| 160|0x000000008a000000, 0x000000008a000000, 0x000000008a100000|  0%| F|  |TAMS 0x000000008a000000, 0x000000008a000000| Untracked 
| 161|0x000000008a100000, 0x000000008a100000, 0x000000008a200000|  0%| F|  |TAMS 0x000000008a100000, 0x000000008a100000| Untracked 
| 162|0x000000008a200000, 0x000000008a200000, 0x000000008a300000|  0%| F|  |TAMS 0x000000008a200000, 0x000000008a200000| Untracked 
| 163|0x000000008a300000, 0x000000008a300000, 0x000000008a400000|  0%| F|  |TAMS 0x000000008a300000, 0x000000008a300000| Untracked 
| 164|0x000000008a400000, 0x000000008a400000, 0x000000008a500000|  0%| F|  |TAMS 0x000000008a400000, 0x000000008a400000| Untracked 
| 165|0x000000008a500000, 0x000000008a500000, 0x000000008a600000|  0%| F|  |TAMS 0x000000008a500000, 0x000000008a500000| Untracked 
| 166|0x000000008a600000, 0x000000008a600000, 0x000000008a700000|  0%| F|  |TAMS 0x000000008a600000, 0x000000008a600000| Untracked 
| 167|0x000000008a700000, 0x000000008a700000, 0x000000008a800000|  0%| F|  |TAMS 0x000000008a700000, 0x000000008a700000| Untracked 
| 168|0x000000008a800000, 0x000000008a800000, 0x000000008a900000|  0%| F|  |TAMS 0x000000008a800000, 0x000000008a800000| Untracked 
| 169|0x000000008a900000, 0x000000008a900000, 0x000000008aa00000|  0%| F|  |TAMS 0x000000008a900000, 0x000000008a900000| Untracked 
| 170|0x000000008aa00000, 0x000000008aa00000, 0x000000008ab00000|  0%| F|  |TAMS 0x000000008aa00000, 0x000000008aa00000| Untracked 
| 171|0x000000008ab00000, 0x000000008ac00000, 0x000000008ac00000|100%| E|  |TAMS 0x000000008ab00000, 0x000000008ab00000| Complete 
| 172|0x000000008ac00000, 0x000000008ad00000, 0x000000008ad00000|100%| E|CS|TAMS 0x000000008ac00000, 0x000000008ac00000| Complete 
| 173|0x000000008ad00000, 0x000000008ae00000, 0x000000008ae00000|100%| E|CS|TAMS 0x000000008ad00000, 0x000000008ad00000| Complete 
| 174|0x000000008ae00000, 0x000000008af00000, 0x000000008af00000|100%| E|CS|TAMS 0x000000008ae00000, 0x000000008ae00000| Complete 
| 175|0x000000008af00000, 0x000000008b000000, 0x000000008b000000|100%| E|CS|TAMS 0x000000008af00000, 0x000000008af00000| Complete 
| 176|0x000000008b000000, 0x000000008b100000, 0x000000008b100000|100%| E|CS|TAMS 0x000000008b000000, 0x000000008b000000| Complete 
| 177|0x000000008b100000, 0x000000008b200000, 0x000000008b200000|100%| E|CS|TAMS 0x000000008b100000, 0x000000008b100000| Complete 
| 178|0x000000008b200000, 0x000000008b300000, 0x000000008b300000|100%| E|CS|TAMS 0x000000008b200000, 0x000000008b200000| Complete 
| 179|0x000000008b300000, 0x000000008b400000, 0x000000008b400000|100%| E|CS|TAMS 0x000000008b300000, 0x000000008b300000| Complete 
| 180|0x000000008b400000, 0x000000008b500000, 0x000000008b500000|100%| E|CS|TAMS 0x000000008b400000, 0x000000008b400000| Complete 
| 181|0x000000008b500000, 0x000000008b600000, 0x000000008b600000|100%| E|CS|TAMS 0x000000008b500000, 0x000000008b500000| Complete 
| 182|0x000000008b600000, 0x000000008b700000, 0x000000008b700000|100%| E|CS|TAMS 0x000000008b600000, 0x000000008b600000| Complete 
| 183|0x000000008b700000, 0x000000008b800000, 0x000000008b800000|100%| E|CS|TAMS 0x000000008b700000, 0x000000008b700000| Complete 
| 184|0x000000008b800000, 0x000000008b900000, 0x000000008b900000|100%| E|CS|TAMS 0x000000008b800000, 0x000000008b800000| Complete 
| 185|0x000000008b900000, 0x000000008ba00000, 0x000000008ba00000|100%| E|CS|TAMS 0x000000008b900000, 0x000000008b900000| Complete 
| 186|0x000000008ba00000, 0x000000008bb00000, 0x000000008bb00000|100%| E|CS|TAMS 0x000000008ba00000, 0x000000008ba00000| Complete 
| 187|0x000000008bb00000, 0x000000008bc00000, 0x000000008bc00000|100%| E|CS|TAMS 0x000000008bb00000, 0x000000008bb00000| Complete 
| 188|0x000000008bc00000, 0x000000008bd00000, 0x000000008bd00000|100%| E|CS|TAMS 0x000000008bc00000, 0x000000008bc00000| Complete 
| 189|0x000000008bd00000, 0x000000008be00000, 0x000000008be00000|100%| E|CS|TAMS 0x000000008bd00000, 0x000000008bd00000| Complete 
| 190|0x000000008be00000, 0x000000008bf00000, 0x000000008bf00000|100%| E|CS|TAMS 0x000000008be00000, 0x000000008be00000| Complete 
| 191|0x000000008bf00000, 0x000000008c000000, 0x000000008c000000|100%| E|CS|TAMS 0x000000008bf00000, 0x000000008bf00000| Complete 
| 192|0x000000008c000000, 0x000000008c100000, 0x000000008c100000|100%| E|CS|TAMS 0x000000008c000000, 0x000000008c000000| Complete 
| 193|0x000000008c100000, 0x000000008c200000, 0x000000008c200000|100%| E|CS|TAMS 0x000000008c100000, 0x000000008c100000| Complete 
| 194|0x000000008c200000, 0x000000008c300000, 0x000000008c300000|100%| E|CS|TAMS 0x000000008c200000, 0x000000008c200000| Complete 
| 195|0x000000008c300000, 0x000000008c400000, 0x000000008c400000|100%| E|CS|TAMS 0x000000008c300000, 0x000000008c300000| Complete 
| 196|0x000000008c400000, 0x000000008c500000, 0x000000008c500000|100%| E|CS|TAMS 0x000000008c400000, 0x000000008c400000| Complete 
| 197|0x000000008c500000, 0x000000008c600000, 0x000000008c600000|100%| E|CS|TAMS 0x000000008c500000, 0x000000008c500000| Complete 
| 198|0x000000008c600000, 0x000000008c700000, 0x000000008c700000|100%| E|CS|TAMS 0x000000008c600000, 0x000000008c600000| Complete 
| 199|0x000000008c700000, 0x000000008c800000, 0x000000008c800000|100%| E|CS|TAMS 0x000000008c700000, 0x000000008c700000| Complete 
| 200|0x000000008c800000, 0x000000008c900000, 0x000000008c900000|100%| E|CS|TAMS 0x000000008c800000, 0x000000008c800000| Complete 
| 201|0x000000008c900000, 0x000000008ca00000, 0x000000008ca00000|100%| E|CS|TAMS 0x000000008c900000, 0x000000008c900000| Complete 
| 202|0x000000008ca00000, 0x000000008cb00000, 0x000000008cb00000|100%| E|CS|TAMS 0x000000008ca00000, 0x000000008ca00000| Complete 
| 203|0x000000008cb00000, 0x000000008cc00000, 0x000000008cc00000|100%| E|CS|TAMS 0x000000008cb00000, 0x000000008cb00000| Complete 
| 204|0x000000008cc00000, 0x000000008cd00000, 0x000000008cd00000|100%| E|CS|TAMS 0x000000008cc00000, 0x000000008cc00000| Complete 
| 205|0x000000008cd00000, 0x000000008ce00000, 0x000000008ce00000|100%| E|CS|TAMS 0x000000008cd00000, 0x000000008cd00000| Complete 
| 206|0x000000008ce00000, 0x000000008cf00000, 0x000000008cf00000|100%| E|CS|TAMS 0x000000008ce00000, 0x000000008ce00000| Complete 
| 207|0x000000008cf00000, 0x000000008d000000, 0x000000008d000000|100%| E|CS|TAMS 0x000000008cf00000, 0x000000008cf00000| Complete 
| 208|0x000000008d000000, 0x000000008d100000, 0x000000008d100000|100%| E|CS|TAMS 0x000000008d000000, 0x000000008d000000| Complete 
| 209|0x000000008d100000, 0x000000008d200000, 0x000000008d200000|100%| E|CS|TAMS 0x000000008d100000, 0x000000008d100000| Complete 
| 210|0x000000008d200000, 0x000000008d300000, 0x000000008d300000|100%| E|CS|TAMS 0x000000008d200000, 0x000000008d200000| Complete 
| 211|0x000000008d300000, 0x000000008d400000, 0x000000008d400000|100%| E|CS|TAMS 0x000000008d300000, 0x000000008d300000| Complete 
| 212|0x000000008d400000, 0x000000008d500000, 0x000000008d500000|100%| E|CS|TAMS 0x000000008d400000, 0x000000008d400000| Complete 
| 213|0x000000008d500000, 0x000000008d600000, 0x000000008d600000|100%| E|CS|TAMS 0x000000008d500000, 0x000000008d500000| Complete 
| 214|0x000000008d600000, 0x000000008d700000, 0x000000008d700000|100%| E|CS|TAMS 0x000000008d600000, 0x000000008d600000| Complete 
| 215|0x000000008d700000, 0x000000008d800000, 0x000000008d800000|100%| E|CS|TAMS 0x000000008d700000, 0x000000008d700000| Complete 
| 216|0x000000008d800000, 0x000000008d900000, 0x000000008d900000|100%| E|CS|TAMS 0x000000008d800000, 0x000000008d800000| Complete 
| 217|0x000000008d900000, 0x000000008da00000, 0x000000008da00000|100%| E|CS|TAMS 0x000000008d900000, 0x000000008d900000| Complete 
| 218|0x000000008da00000, 0x000000008db00000, 0x000000008db00000|100%| E|CS|TAMS 0x000000008da00000, 0x000000008da00000| Complete 
| 219|0x000000008db00000, 0x000000008dc00000, 0x000000008dc00000|100%| E|CS|TAMS 0x000000008db00000, 0x000000008db00000| Complete 
| 220|0x000000008dc00000, 0x000000008dd00000, 0x000000008dd00000|100%| E|CS|TAMS 0x000000008dc00000, 0x000000008dc00000| Complete 
| 221|0x000000008dd00000, 0x000000008de00000, 0x000000008de00000|100%| E|CS|TAMS 0x000000008dd00000, 0x000000008dd00000| Complete 

Card table byte_map: [0x0000013627150000,0x0000013627550000] _byte_map_base: 0x0000013626d50000

Marking Bits (Prev, Next): (CMBitMap*) 0x000001361428cdf8, (CMBitMap*) 0x000001361428ce30
 Prev Bits: [0x0000013627950000, 0x0000013629950000)
 Next Bits: [0x0000013629950000, 0x000001362b950000)

Polling page: 0x0000013612160000

Metaspace:

Usage:
  Non-class:     65.80 MB capacity,    64.78 MB ( 98%) used,   852.71 KB (  1%) free+waste,   190.50 KB ( <1%) overhead. 
      Class:     10.33 MB capacity,     9.70 MB ( 94%) used,   560.38 KB (  5%) free+waste,    88.94 KB ( <1%) overhead. 
       Both:     76.14 MB capacity,    74.48 MB ( 98%) used,     1.38 MB (  2%) free+waste,   279.44 KB ( <1%) overhead. 

Virtual space:
  Non-class space:       66.00 MB reserved,      65.92 MB (>99%) committed 
      Class space:        1.00 GB reserved,      10.38 MB (  1%) committed 
             Both:        1.06 GB reserved,      76.29 MB (  7%) committed 

Chunk freelists:
   Non-Class:  0 bytes
       Class:  11.00 KB
        Both:  11.00 KB

MaxMetaspaceSize: 17179869184.00 GB
CompressedClassSpaceSize: 1.00 GB
Initial GC threshold: 20.80 MB
Current GC threshold: 109.03 MB
CDS: off

CodeHeap 'non-profiled nmethods': size=120064Kb used=4371Kb max_used=4371Kb free=115692Kb
 bounds [0x000001361f810000, 0x000001361fc60000, 0x0000013626d50000]
CodeHeap 'profiled nmethods': size=120000Kb used=16264Kb max_used=16264Kb free=103735Kb
 bounds [0x00000136182e0000, 0x00000136192d0000, 0x000001361f810000]
CodeHeap 'non-nmethods': size=5696Kb used=2359Kb max_used=2395Kb free=3336Kb
 bounds [0x0000013617d50000, 0x0000013617fc0000, 0x00000136182e0000]
 total_blobs=8391 nmethods=7520 adapters=783
 compilation: enabled
              stopped_count=0, restarted_count=0
 full_count=0

Compilation events (20 events):
Event: 18.200 Thread 0x000001362de65800 7568       1       org.gradle.internal.reflect.annotations.impl.DefaultTypeAnnotationMetadataStore::access$100 (5 bytes)
Event: 18.200 Thread 0x000001362de65800 nmethod 7568 0x000001361fc54390 code [0x000001361fc54540, 0x000001361fc545d8]
Event: 18.200 Thread 0x000001362de65800 7580       2       java.util.ArrayList$ListItr::<init> (16 bytes)
Event: 18.201 Thread 0x000001362de65800 nmethod 7580 0x00000136192b6190 code [0x00000136192b6340, 0x00000136192b6518]
Event: 18.201 Thread 0x000001362de65800 7583       2       com.google.common.collect.AbstractMultimap::keySet (23 bytes)
Event: 18.201 Thread 0x000001362de65800 nmethod 7583 0x00000136192b6610 code [0x00000136192b67c0, 0x00000136192b6968]
Event: 18.201 Thread 0x000001362de65800 7584       2       com.google.common.collect.AbstractMapBasedMultimap::createMaybeNavigableKeySet (65 bytes)
Event: 18.202 Thread 0x000001362de65800 nmethod 7584 0x00000136192b6a10 code [0x00000136192b6c60, 0x00000136192b76a8]
Event: 18.202 Thread 0x000001362de65800 7585       2       com.google.common.collect.AbstractMapBasedMultimap$NavigableKeySet::<init> (12 bytes)
Event: 18.202 Thread 0x000001362de65800 nmethod 7585 0x00000136192b7990 code [0x00000136192b7b60, 0x00000136192b7ee8]
Event: 18.202 Thread 0x000001362de65800 7586       2       com.google.common.collect.AbstractMapBasedMultimap$SortedKeySet::<init> (12 bytes)
Event: 18.203 Thread 0x000001362de65800 nmethod 7586 0x00000136192b8010 code [0x00000136192b81e0, 0x00000136192b8508]
Event: 18.203 Thread 0x000001362de65800 7581       2       com.google.common.collect.Multimaps$CustomListMultimap::createCollection (5 bytes)
Event: 18.203 Thread 0x000001362de65800 nmethod 7581 0x00000136192b8610 code [0x00000136192b87c0, 0x00000136192b8928]
Event: 18.203 Thread 0x000001362de65800 7582       2       com.google.common.collect.Multimaps$CustomListMultimap::createCollection (13 bytes)
Event: 18.203 Thread 0x000001362de65800 nmethod 7582 0x00000136192b8a10 code [0x00000136192b8bc0, 0x00000136192b8d28]
Event: 18.203 Thread 0x000001362de65800 7587       2       com.google.common.collect.AbstractListMultimap::get (9 bytes)
Event: 18.203 Thread 0x000001362de65800 nmethod 7587 0x00000136192b8e10 code [0x00000136192b9000, 0x00000136192b9288]
Event: 18.203 Thread 0x000001362de65800 7588       1       org.gradle.api.internal.tasks.properties.DefaultTypeMetadataStore$DefaultPropertyMetadata::getPropertyType (5 bytes)
Event: 18.204 Thread 0x000001362de65800 nmethod 7588 0x000001361fc54690 code [0x000001361fc54840, 0x000001361fc548f8]

GC Heap History (20 events):
Event: 5.007 GC heap before
{Heap before GC invocations=4 (full 0):
 garbage-first heap   total 131072K, used 49243K [0x0000000080000000, 0x0000000100000000)
  region size 1024K, 40 young (40960K), 6 survivors (6144K)
 Metaspace       used 20704K, capacity 21140K, committed 21248K, reserved 1067008K
  class space    used 2556K, capacity 2713K, committed 2816K, reserved 1048576K
}
Event: 5.019 GC heap after
{Heap after GC invocations=5 (full 0):
 garbage-first heap   total 131072K, used 17568K [0x0000000080000000, 0x0000000100000000)
  region size 1024K, 6 young (6144K), 6 survivors (6144K)
 Metaspace       used 20704K, capacity 21140K, committed 21248K, reserved 1067008K
  class space    used 2556K, capacity 2713K, committed 2816K, reserved 1048576K
}
Event: 5.940 GC heap before
{Heap before GC invocations=6 (full 0):
 garbage-first heap   total 131072K, used 73888K [0x0000000080000000, 0x0000000100000000)
  region size 1024K, 61 young (62464K), 6 survivors (6144K)
 Metaspace       used 26691K, capacity 27366K, committed 27648K, reserved 1073152K
  class space    used 3492K, capacity 3735K, committed 3840K, reserved 1048576K
}
Event: 5.954 GC heap after
{Heap after GC invocations=7 (full 0):
 garbage-first heap   total 157696K, used 19613K [0x0000000080000000, 0x0000000100000000)
  region size 1024K, 4 young (4096K), 4 survivors (4096K)
 Metaspace       used 26691K, capacity 27366K, committed 27648K, reserved 1073152K
  class space    used 3492K, capacity 3735K, committed 3840K, reserved 1048576K
}
Event: 7.119 GC heap before
{Heap before GC invocations=7 (full 0):
 garbage-first heap   total 157696K, used 76957K [0x0000000080000000, 0x0000000100000000)
  region size 1024K, 61 young (62464K), 4 survivors (4096K)
 Metaspace       used 34891K, capacity 35714K, committed 35840K, reserved 1081344K
  class space    used 4533K, capacity 4839K, committed 4864K, reserved 1048576K
}
Event: 7.138 GC heap after
{Heap after GC invocations=8 (full 0):
 garbage-first heap   total 157696K, used 22490K [0x0000000080000000, 0x0000000100000000)
  region size 1024K, 7 young (7168K), 7 survivors (7168K)
 Metaspace       used 34891K, capacity 35714K, committed 35840K, reserved 1081344K
  class space    used 4533K, capacity 4839K, committed 4864K, reserved 1048576K
}
Event: 8.796 GC heap before
{Heap before GC invocations=9 (full 0):
 garbage-first heap   total 157696K, used 102362K [0x0000000080000000, 0x0000000100000000)
  region size 1024K, 83 young (84992K), 7 survivors (7168K)
 Metaspace       used 41245K, capacity 42117K, committed 42368K, reserved 1085440K
  class space    used 5292K, capacity 5646K, committed 5760K, reserved 1048576K
}
Event: 8.816 GC heap after
{Heap after GC invocations=10 (full 0):
 garbage-first heap   total 157696K, used 29143K [0x0000000080000000, 0x0000000100000000)
  region size 1024K, 11 young (11264K), 11 survivors (11264K)
 Metaspace       used 41245K, capacity 42117K, committed 42368K, reserved 1085440K
  class space    used 5292K, capacity 5646K, committed 5760K, reserved 1048576K
}
Event: 10.448 GC heap before
{Heap before GC invocations=10 (full 0):
 garbage-first heap   total 157696K, used 113111K [0x0000000080000000, 0x0000000100000000)
  region size 1024K, 92 young (94208K), 11 survivors (11264K)
 Metaspace       used 48030K, capacity 49211K, committed 49408K, reserved 1091584K
  class space    used 6162K, capacity 6640K, committed 6656K, reserved 1048576K
}
Event: 10.472 GC heap after
{Heap after GC invocations=11 (full 0):
 garbage-first heap   total 157696K, used 32492K [0x0000000080000000, 0x0000000100000000)
  region size 1024K, 10 young (10240K), 10 survivors (10240K)
 Metaspace       used 48030K, capacity 49211K, committed 49408K, reserved 1091584K
  class space    used 6162K, capacity 6640K, committed 6656K, reserved 1048576K
}
Event: 12.547 GC heap before
{Heap before GC invocations=11 (full 0):
 garbage-first heap   total 157696K, used 122604K [0x0000000080000000, 0x0000000100000000)
  region size 1024K, 91 young (93184K), 10 survivors (10240K)
 Metaspace       used 54182K, capacity 55519K, committed 55552K, reserved 1097728K
  class space    used 6940K, capacity 7423K, committed 7424K, reserved 1048576K
}
Event: 12.577 GC heap after
{Heap after GC invocations=12 (full 0):
 garbage-first heap   total 189440K, used 51955K [0x0000000080000000, 0x0000000100000000)
  region size 1024K, 12 young (12288K), 12 survivors (12288K)
 Metaspace       used 54182K, capacity 55519K, committed 55552K, reserved 1097728K
  class space    used 6940K, capacity 7423K, committed 7424K, reserved 1048576K
}
Event: 13.315 GC heap before
{Heap before GC invocations=12 (full 0):
 garbage-first heap   total 189440K, used 80627K [0x0000000080000000, 0x0000000100000000)
  region size 1024K, 41 young (41984K), 12 survivors (12288K)
 Metaspace       used 58376K, capacity 59809K, committed 59948K, reserved 1101824K
  class space    used 7441K, capacity 7996K, committed 8064K, reserved 1048576K
}
Event: 13.340 GC heap after
{Heap after GC invocations=13 (full 0):
 garbage-first heap   total 189440K, used 54617K [0x0000000080000000, 0x0000000100000000)
  region size 1024K, 2 young (2048K), 2 survivors (2048K)
 Metaspace       used 58376K, capacity 59809K, committed 59948K, reserved 1101824K
  class space    used 7441K, capacity 7996K, committed 8064K, reserved 1048576K
}
Event: 14.642 GC heap before
{Heap before GC invocations=14 (full 0):
 garbage-first heap   total 189440K, used 119129K [0x0000000080000000, 0x0000000100000000)
  region size 1024K, 65 young (66560K), 2 survivors (2048K)
 Metaspace       used 64868K, capacity 66393K, committed 66732K, reserved 1107968K
  class space    used 8245K, capacity 8836K, committed 8960K, reserved 1048576K
}
Event: 14.660 GC heap after
{Heap after GC invocations=15 (full 0):
 garbage-first heap   total 189440K, used 59737K [0x0000000080000000, 0x0000000100000000)
  region size 1024K, 7 young (7168K), 7 survivors (7168K)
 Metaspace       used 64868K, capacity 66393K, committed 66732K, reserved 1107968K
  class space    used 8245K, capacity 8836K, committed 8960K, reserved 1048576K
}
Event: 15.933 GC heap before
{Heap before GC invocations=16 (full 0):
 garbage-first heap   total 189440K, used 125273K [0x0000000080000000, 0x0000000100000000)
  region size 1024K, 71 young (72704K), 7 survivors (7168K)
 Metaspace       used 68010K, capacity 69560K, committed 69676K, reserved 1110016K
  class space    used 8667K, capacity 9266K, committed 9344K, reserved 1048576K
}
Event: 15.953 GC heap after
{Heap after GC invocations=17 (full 0):
 garbage-first heap   total 189440K, used 63870K [0x0000000080000000, 0x0000000100000000)
  region size 1024K, 5 young (5120K), 5 survivors (5120K)
 Metaspace       used 68010K, capacity 69560K, committed 69676K, reserved 1110016K
  class space    used 8667K, capacity 9266K, committed 9344K, reserved 1048576K
}
Event: 17.511 GC heap before
{Heap before GC invocations=17 (full 0):
 garbage-first heap   total 189440K, used 130430K [0x0000000080000000, 0x0000000100000000)
  region size 1024K, 70 young (71680K), 5 survivors (5120K)
 Metaspace       used 74299K, capacity 75944K, committed 76076K, reserved 1116160K
  class space    used 9645K, capacity 10255K, committed 10368K, reserved 1048576K
}
Event: 17.529 GC heap after
{Heap after GC invocations=18 (full 0):
 garbage-first heap   total 227328K, used 67587K [0x0000000080000000, 0x0000000100000000)
  region size 1024K, 9 young (9216K), 9 survivors (9216K)
 Metaspace       used 74299K, capacity 75944K, committed 76076K, reserved 1116160K
  class space    used 9645K, capacity 10255K, committed 10368K, reserved 1048576K
}

Deoptimization events (20 events):
Event: 18.074 Thread 0x000001362f788000 Uncommon trap: trap_request=0xffffff4d fr.pc=0x000001361fa70418 relative=0x00000000000001d8
Event: 18.074 Thread 0x000001362f788000 Uncommon trap: reason=unstable_if action=reinterpret pc=0x000001361fa70418 method=com.esotericsoftware.kryo.io.Input.readVarInt(Z)I @ 42 c2
Event: 18.074 Thread 0x000001362f788000 DEOPT PACKING pc=0x000001361fa70418 sp=0x00000027763f8dc0
Event: 18.074 Thread 0x000001362f788000 DEOPT UNPACKING pc=0x0000013617d9a1af sp=0x00000027763f8d68 mode 2
Event: 18.076 Thread 0x000001362f788000 Uncommon trap: trap_request=0xffffff4d fr.pc=0x000001361fa4c774 relative=0x00000000000001b4
Event: 18.076 Thread 0x000001362f788000 Uncommon trap: reason=unstable_if action=reinterpret pc=0x000001361fa4c774 method=com.esotericsoftware.kryo.io.Input.require(I)I @ 65 c2
Event: 18.076 Thread 0x000001362f788000 DEOPT PACKING pc=0x000001361fa4c774 sp=0x00000027763f8d40
Event: 18.076 Thread 0x000001362f788000 DEOPT UNPACKING pc=0x0000013617d9a1af sp=0x00000027763f8cf0 mode 2
Event: 18.096 Thread 0x000001362f788000 Uncommon trap: trap_request=0xfffffff4 fr.pc=0x000001361fa59868 relative=0x00000000000007e8
Event: 18.096 Thread 0x000001362f788000 Uncommon trap: reason=null_check action=make_not_entrant pc=0x000001361fa59868 method=org.gradle.util.internal.SimpleMapInterner.intern(Ljava/lang/Object;)Ljava/lang/Object; @ 2 c2
Event: 18.096 Thread 0x000001362f788000 DEOPT PACKING pc=0x000001361fa59868 sp=0x00000027763f9110
Event: 18.096 Thread 0x000001362f788000 DEOPT UNPACKING pc=0x0000013617d9a1af sp=0x00000027763f90d8 mode 2
Event: 18.096 Thread 0x000001362f788000 Uncommon trap: trap_request=0xffffff4d fr.pc=0x000001361fa5bdac relative=0x00000000000007cc
Event: 18.096 Thread 0x000001362f788000 Uncommon trap: reason=unstable_if action=reinterpret pc=0x000001361fa5bdac method=org.gradle.util.internal.SimpleMapInterner.intern(Ljava/lang/String;)Ljava/lang/String; @ 1 c2
Event: 18.096 Thread 0x000001362f788000 DEOPT PACKING pc=0x000001361fa5bdac sp=0x00000027763f90a0
Event: 18.096 Thread 0x000001362f788000 DEOPT UNPACKING pc=0x0000013617d9a1af sp=0x00000027763f9068 mode 2
Event: 18.183 Thread 0x000001362f788000 Uncommon trap: trap_request=0xffffffde fr.pc=0x000001361fb96280 relative=0x0000000000002b60
Event: 18.183 Thread 0x000001362f788000 Uncommon trap: reason=class_check action=maybe_recompile pc=0x000001361fb96280 method=java.util.TreeMap.put(Ljava/lang/Object;Ljava/lang/Object;)Ljava/lang/Object; @ 127 c2
Event: 18.183 Thread 0x000001362f788000 DEOPT PACKING pc=0x000001361fb96280 sp=0x00000027763fad30
Event: 18.183 Thread 0x000001362f788000 DEOPT UNPACKING pc=0x0000013617d9a1af sp=0x00000027763face0 mode 2

Classes redefined (0 events):
No events

Internal exceptions (20 events):
Event: 17.948 Thread 0x000001362f788000 Exception <a 'java/lang/ClassNotFoundException'{0x000000008c1b0060}: org/gradle/api/internal/artifacts/configurations/DefaultConfigurationContainer_DecoratedBeanInfo> (0x000000008c1b0060) thrown at [./src/hotspot/share/classfile/systemDictionary.cpp, line 231]
Event: 17.950 Thread 0x000001362f788000 Exception <a 'java/lang/ClassNotFoundException'{0x000000008c1d9010}: org/gradle/api/internal/artifacts/configurations/DefaultConfigurationContainerBeanInfo> (0x000000008c1d9010) thrown at [./src/hotspot/share/classfile/systemDictionary.cpp, line 231]
Event: 17.951 Thread 0x000001362f788000 Exception <a 'java/lang/ClassNotFoundException'{0x000000008c1f2910}: org/gradle/api/internal/AbstractValidatingNamedDomainObjectContainerBeanInfo> (0x000000008c1f2910) thrown at [./src/hotspot/share/classfile/systemDictionary.cpp, line 231]
Event: 17.952 Thread 0x000001362f788000 Exception <a 'java/lang/ClassNotFoundException'{0x000000008c00c858}: org/gradle/api/internal/AbstractValidatingNamedDomainObjectContainerCustomizer> (0x000000008c00c858) thrown at [./src/hotspot/share/classfile/systemDictionary.cpp, line 231]
Event: 17.953 Thread 0x000001362f788000 Exception <a 'java/lang/ClassNotFoundException'{0x000000008c040638}: org/gradle/api/internal/artifacts/configurations/DefaultConfigurationContainerCustomizer> (0x000000008c040638) thrown at [./src/hotspot/share/classfile/systemDictionary.cpp, line 231]
Event: 17.955 Thread 0x000001362f788000 Exception <a 'java/lang/ClassNotFoundException'{0x000000008c07f7e8}: org/gradle/api/internal/artifacts/configurations/DefaultConfigurationContainer_DecoratedCustomizer> (0x000000008c07f7e8) thrown at [./src/hotspot/share/classfile/systemDictionary.cpp, line 231]
Event: 17.967 Thread 0x000001362f788000 Exception <a 'java/lang/ClassNotFoundException'{0x000000008bd032e8}: org/gradle/api/internal/artifacts/configurations/DefaultConfiguration_DecoratedBeanInfo> (0x000000008bd032e8) thrown at [./src/hotspot/share/classfile/systemDictionary.cpp, line 231]
Event: 17.967 Thread 0x000001362f788000 Exception <a 'java/lang/ClassNotFoundException'{0x000000008bd2b528}: org/gradle/api/internal/artifacts/configurations/DefaultConfigurationBeanInfo> (0x000000008bd2b528) thrown at [./src/hotspot/share/classfile/systemDictionary.cpp, line 231]
Event: 17.968 Thread 0x000001362f788000 Exception <a 'java/lang/ClassNotFoundException'{0x000000008bd43ca8}: org/gradle/api/internal/file/AbstractFileCollectionBeanInfo> (0x000000008bd43ca8) thrown at [./src/hotspot/share/classfile/systemDictionary.cpp, line 231]
Event: 17.969 Thread 0x000001362f788000 Exception <a 'java/lang/ClassNotFoundException'{0x000000008bd5c478}: org/gradle/api/internal/file/AbstractFileCollectionCustomizer> (0x000000008bd5c478) thrown at [./src/hotspot/share/classfile/systemDictionary.cpp, line 231]
Event: 17.970 Thread 0x000001362f788000 Exception <a 'java/lang/ClassNotFoundException'{0x000000008bd96990}: org/gradle/api/internal/artifacts/configurations/DefaultConfigurationCustomizer> (0x000000008bd96990) thrown at [./src/hotspot/share/classfile/systemDictionary.cpp, line 231]
Event: 17.976 Thread 0x000001362f788000 Exception <a 'java/lang/ClassNotFoundException'{0x000000008bc26118}: org/gradle/api/internal/artifacts/configurations/DefaultConfiguration_DecoratedCustomizer> (0x000000008bc26118) thrown at [./src/hotspot/share/classfile/systemDictionary.cpp, line 231]
Event: 17.994 Thread 0x000001362f788000 Exception <a 'java/lang/ClassNotFoundException'{0x000000008baaee50}: org/codehaus/groovy/runtime/MethodClosureBeanInfo> (0x000000008baaee50) thrown at [./src/hotspot/share/classfile/systemDictionary.cpp, line 231]
Event: 18.001 Thread 0x000001362f788000 Exception <a 'java/lang/ClassNotFoundException'{0x000000008b8875e8}: org/codehaus/groovy/runtime/MethodClosureCustomizer> (0x000000008b8875e8) thrown at [./src/hotspot/share/classfile/systemDictionary.cpp, line 231]
Event: 18.005 Thread 0x000001362f788000 Exception <a 'java/lang/ClassNotFoundException'{0x000000008b8ee458}: org/gradle/api/internal/artifacts/configurations/DefaultConfiguration$ConfigurationResolvableDependencies_DecoratedBeanInfo> (0x000000008b8ee458) thrown at [./src/hotspot/share/classfile/systemDictionary.cpp, line 231]
Event: 18.006 Thread 0x000001362f788000 Exception <a 'java/lang/ClassNotFoundException'{0x000000008b71ef68}: org/gradle/api/internal/artifacts/configurations/DefaultConfiguration$ConfigurationResolvableDependenciesBeanInfo> (0x000000008b71ef68) thrown at [./src/hotspot/share/classfile/systemDictionary.cpp, line 231]
Event: 18.007 Thread 0x000001362f788000 Exception <a 'java/lang/ClassNotFoundException'{0x000000008b750ed0}: org/gradle/api/internal/artifacts/configurations/DefaultConfiguration$ConfigurationResolvableDependenciesCustomizer> (0x000000008b750ed0) thrown at [./src/hotspot/share/classfile/systemDictionary.cpp, line 231]
Event: 18.008 Thread 0x000001362f788000 Exception <a 'java/lang/ClassNotFoundException'{0x000000008b794670}: org/gradle/api/internal/artifacts/configurations/DefaultConfiguration$ConfigurationResolvableDependencies_DecoratedCustomizer> (0x000000008b794670) thrown at [./src/hotspot/share/classfile/systemDictionary.cpp, line 231]
Event: 18.096 Thread 0x000001362f788000 Implicit null exception at 0x000001361fa590b1 to 0x000001361fa59854
Event: 18.096 Thread 0x000001362f788000 Implicit null exception at 0x000001361fa5b614 to 0x000001361fa5bd94

Events (20 events):
Event: 18.184 loading class com/google/common/collect/AbstractMultimap$Values
Event: 18.184 loading class com/google/common/collect/AbstractMultimap$Values done
Event: 18.186 loading class org/gradle/api/internal/tasks/properties/bean/AbstractNestedRuntimeBeanNode$BeanPropertyValue
Event: 18.186 loading class org/gradle/api/internal/tasks/properties/bean/AbstractNestedRuntimeBeanNode$BeanPropertyValue done
Event: 18.186 loading class org/gradle/api/internal/tasks/properties/bean/AbstractNestedRuntimeBeanNode$BeanPropertyValue$1
Event: 18.186 loading class org/gradle/api/internal/tasks/properties/bean/AbstractNestedRuntimeBeanNode$BeanPropertyValue$1 done
Event: 18.187 loading class org/gradle/api/internal/tasks/properties/bean/AbstractNestedRuntimeBeanNode$1
Event: 18.187 loading class org/gradle/api/internal/tasks/properties/bean/AbstractNestedRuntimeBeanNode$1 done
Event: 18.187 loading class org/gradle/api/internal/tasks/properties/OutputFilePropertyType
Event: 18.187 loading class org/gradle/api/internal/tasks/properties/OutputFilePropertyType done
Event: 18.188 loading class org/gradle/internal/file/TreeType
Event: 18.188 loading class org/gradle/internal/file/TreeType done
Event: 18.192 loading class org/gradle/api/internal/tasks/TaskDependencyResolveContext
Event: 18.192 loading class org/gradle/api/internal/tasks/TaskDependencyResolveContext done
Event: 18.193 loading class org/gradle/api/internal/tasks/properties/bean/AbstractNestedRuntimeBeanNode$BeanPropertyValue$1$1
Event: 18.193 loading class org/gradle/api/internal/tasks/properties/bean/AbstractNestedRuntimeBeanNode$BeanPropertyValue$1$1 done
Event: 18.203 loading class com/android/build/gradle/internal/signing/SigningConfigData
Event: 18.203 loading class com/android/build/gradle/internal/signing/SigningConfigData done
Event: 18.203 loading class com/android/build/gradle/internal/signing/SigningConfigProviderParams
Event: 18.203 loading class com/android/build/gradle/internal/signing/SigningConfigProviderParams done


Dynamic libraries:
0x00007ff7d8ce0000 - 0x00007ff7d8cea000 	C:\Program Files\Android\Android Studio\jre\bin\java.exe
0x00007ff9903d0000 - 0x00007ff9905e4000 	C:\WINDOWS\SYSTEM32\ntdll.dll
0x00007ff98fc00000 - 0x00007ff98fcc2000 	C:\WINDOWS\System32\KERNEL32.DLL
0x00007ff98d920000 - 0x00007ff98dcbc000 	C:\WINDOWS\System32\KERNELBASE.dll
0x00007ff98d800000 - 0x00007ff98d911000 	C:\WINDOWS\System32\ucrtbase.dll
0x00007ff98a2f0000 - 0x00007ff98a307000 	C:\Program Files\Android\Android Studio\jre\bin\VCRUNTIME140.dll
0x00007ff974160000 - 0x00007ff974179000 	C:\Program Files\Android\Android Studio\jre\bin\jli.dll
0x00007ff9901e0000 - 0x00007ff99038a000 	C:\WINDOWS\System32\USER32.dll
0x00007ff975120000 - 0x00007ff9753ae000 	C:\WINDOWS\WinSxS\amd64_microsoft.windows.common-controls_6595b64144ccf1df_6.0.22621.608_none_a9444ca7c10bb01d\COMCTL32.dll
0x00007ff98e1a0000 - 0x00007ff98e1c6000 	C:\WINDOWS\System32\win32u.dll
0x00007ff98e1d0000 - 0x00007ff98e277000 	C:\WINDOWS\System32\msvcrt.dll
0x00007ff98e280000 - 0x00007ff98e2a9000 	C:\WINDOWS\System32\GDI32.dll
0x00007ff98ded0000 - 0x00007ff98dfe2000 	C:\WINDOWS\System32\gdi32full.dll
0x00007ff98de30000 - 0x00007ff98deca000 	C:\WINDOWS\System32\msvcp_win.dll
0x00007ff98e890000 - 0x00007ff98e8c1000 	C:\WINDOWS\System32\IMM32.DLL
0x00007ff96fbe0000 - 0x00007ff96fc7d000 	C:\Program Files\Android\Android Studio\jre\bin\msvcp140.dll
0x00007ff9143a0000 - 0x00007ff914e85000 	C:\Program Files\Android\Android Studio\jre\bin\server\jvm.dll
0x00007ff990010000 - 0x00007ff9900be000 	C:\WINDOWS\System32\ADVAPI32.dll
0x00007ff98ebb0000 - 0x00007ff98ec54000 	C:\WINDOWS\System32\sechost.dll
0x00007ff98fae0000 - 0x00007ff98fbf5000 	C:\WINDOWS\System32\RPCRT4.dll
0x00007ff98ed80000 - 0x00007ff98ed88000 	C:\WINDOWS\System32\PSAPI.DLL
0x00007ff91adb0000 - 0x00007ff91adb9000 	C:\WINDOWS\SYSTEM32\WSOCK32.dll
0x00007ff98eb30000 - 0x00007ff98eba1000 	C:\WINDOWS\System32\WS2_32.dll
0x00007ff986b00000 - 0x00007ff986b0a000 	C:\WINDOWS\SYSTEM32\VERSION.dll
0x00007ff985dd0000 - 0x00007ff985e04000 	C:\WINDOWS\SYSTEM32\WINMM.dll
0x00007ff98c970000 - 0x00007ff98c988000 	C:\WINDOWS\SYSTEM32\kernel.appcore.dll
0x00007ff91ad90000 - 0x00007ff91ada1000 	C:\Program Files\Android\Android Studio\jre\bin\verify.dll
0x00007ff98b280000 - 0x00007ff98b4ae000 	C:\WINDOWS\SYSTEM32\DBGHELP.DLL
0x00007ff98e2b0000 - 0x00007ff98e639000 	C:\WINDOWS\System32\combase.dll
0x00007ff98fcf0000 - 0x00007ff98fdc7000 	C:\WINDOWS\System32\OLEAUT32.dll
0x00007ff96ded0000 - 0x00007ff96df02000 	C:\WINDOWS\SYSTEM32\dbgcore.DLL
0x00007ff98e060000 - 0x00007ff98e0db000 	C:\WINDOWS\System32\bcryptPrimitives.dll
0x00007ff914370000 - 0x00007ff914399000 	C:\Program Files\Android\Android Studio\jre\bin\java.dll
0x00007ff91ad80000 - 0x00007ff91ad8b000 	C:\Program Files\Android\Android Studio\jre\bin\jimage.dll
0x00007ff914350000 - 0x00007ff914368000 	C:\Program Files\Android\Android Studio\jre\bin\zip.dll
0x00007ff98f290000 - 0x00007ff98fa6e000 	C:\WINDOWS\System32\SHELL32.dll
0x00007ff98b870000 - 0x00007ff98c127000 	C:\WINDOWS\SYSTEM32\windows.storage.dll
0x00007ff98b730000 - 0x00007ff98b86d000 	C:\WINDOWS\SYSTEM32\wintypes.dll
0x00007ff98e690000 - 0x00007ff98e781000 	C:\WINDOWS\System32\SHCORE.dll
0x00007ff98ffb0000 - 0x00007ff99000e000 	C:\WINDOWS\System32\shlwapi.dll
0x00007ff98d730000 - 0x00007ff98d751000 	C:\WINDOWS\SYSTEM32\profapi.dll
0x00007ff9142b0000 - 0x00007ff9142ca000 	C:\Program Files\Android\Android Studio\jre\bin\net.dll
0x00007ff985920000 - 0x00007ff985a4f000 	C:\WINDOWS\SYSTEM32\WINHTTP.dll
0x00007ff98cdd0000 - 0x00007ff98ce39000 	C:\WINDOWS\system32\mswsock.dll
0x00007ff914290000 - 0x00007ff9142a4000 	C:\Program Files\Android\Android Studio\jre\bin\nio.dll
0x00007ff98a290000 - 0x00007ff98a2b7000 	C:\Users\jeova\.gradle\native\e1d6ef7f7dcc3fd88c89a11ec53ec762bb8ba0a96d01ffa2cd45eb1d1d8dd5c5\windows-amd64\native-platform.dll
0x00007ff961810000 - 0x00007ff961954000 	C:\Users\jeova\.gradle\native\5664cfc778a61ccfe75a443a1ab52a65af34e5dc3c78e0209fed803814484fcb\windows-amd64\native-platform-file-events.dll
0x00007ff91b870000 - 0x00007ff91b87a000 	C:\Program Files\Android\Android Studio\jre\bin\management.dll
0x00007ff914280000 - 0x00007ff91428d000 	C:\Program Files\Android\Android Studio\jre\bin\management_ext.dll
0x00007ff98d010000 - 0x00007ff98d02b000 	C:\WINDOWS\SYSTEM32\CRYPTSP.dll
0x00007ff98c8e0000 - 0x00007ff98c915000 	C:\WINDOWS\system32\rsaenh.dll
0x00007ff98cec0000 - 0x00007ff98cee8000 	C:\WINDOWS\SYSTEM32\USERENV.dll
0x00007ff98d1b0000 - 0x00007ff98d1d8000 	C:\WINDOWS\SYSTEM32\bcrypt.dll
0x00007ff98d030000 - 0x00007ff98d03c000 	C:\WINDOWS\SYSTEM32\CRYPTBASE.dll
0x00007ff98c3f0000 - 0x00007ff98c41d000 	C:\WINDOWS\SYSTEM32\IPHLPAPI.DLL
0x00007ff98e8f0000 - 0x00007ff98e8f9000 	C:\WINDOWS\System32\NSI.dll
0x00007ff985780000 - 0x00007ff985799000 	C:\WINDOWS\SYSTEM32\dhcpcsvc6.DLL
0x00007ff985720000 - 0x00007ff98573f000 	C:\WINDOWS\SYSTEM32\dhcpcsvc.DLL
0x00007ff98c420000 - 0x00007ff98c512000 	C:\WINDOWS\SYSTEM32\DNSAPI.dll

dbghelp: loaded successfully - version: 4.0.5 - missing functions: none
symbol engine: initialized successfully - sym options: 0x614 - pdb path: .;C:\Program Files\Android\Android Studio\jre\bin;C:\WINDOWS\SYSTEM32;C:\WINDOWS\WinSxS\amd64_microsoft.windows.common-controls_6595b64144ccf1df_6.0.22621.608_none_a9444ca7c10bb01d;C:\Program Files\Android\Android Studio\jre\bin\server;C:\Users\jeova\.gradle\native\e1d6ef7f7dcc3fd88c89a11ec53ec762bb8ba0a96d01ffa2cd45eb1d1d8dd5c5\windows-amd64;C:\Users\jeova\.gradle\native\5664cfc778a61ccfe75a443a1ab52a65af34e5dc3c78e0209fed803814484fcb\windows-amd64

VM Arguments:
jvm_args: --add-opens=java.base/java.util=ALL-UNNAMED --add-opens=java.base/java.lang=ALL-UNNAMED --add-opens=java.base/java.lang.invoke=ALL-UNNAMED --add-opens=java.base/java.util=ALL-UNNAMED --add-opens=java.prefs/java.util.prefs=ALL-UNNAMED --add-opens=java.prefs/java.util.prefs=ALL-UNNAMED --add-opens=java.base/java.nio.charset=ALL-UNNAMED --add-opens=java.base/java.net=ALL-UNNAMED --add-opens=java.base/java.util.concurrent.atomic=ALL-UNNAMED -Xmx2048m -Dfile.encoding=UTF-8 -Duser.country=MX -Duser.language=es -Duser.variant 
java_command: org.gradle.launcher.daemon.bootstrap.GradleDaemon 7.3.3
java_class_path (initial): C:\Users\jeova\.gradle\wrapper\dists\gradle-7.3.3-bin\6a41zxkdtcxs8rphpq6y0069z\gradle-7.3.3\lib\gradle-launcher-7.3.3.jar
Launcher Type: SUN_STANDARD

[Global flags]
     intx CICompilerCount                          = 3                                         {product} {ergonomic}
     uint ConcGCThreads                            = 1                                         {product} {ergonomic}
     uint G1ConcRefinementThreads                  = 4                                         {product} {ergonomic}
   size_t G1HeapRegionSize                         = 1048576                                   {product} {ergonomic}
    uintx GCDrainStackTargetSize                   = 64                                        {product} {ergonomic}
   size_t InitialHeapSize                          = 134217728                                 {product} {ergonomic}
   size_t MarkStackSize                            = 4194304                                   {product} {ergonomic}
   size_t MaxHeapSize                              = 2147483648                                {product} {command line}
   size_t MaxNewSize                               = 1287651328                                {product} {ergonomic}
   size_t MinHeapDeltaBytes                        = 1048576                                   {product} {ergonomic}
    uintx NonNMethodCodeHeapSize                   = 5830732                                {pd product} {ergonomic}
    uintx NonProfiledCodeHeapSize                  = 122913754                              {pd product} {ergonomic}
    uintx ProfiledCodeHeapSize                     = 122913754                              {pd product} {ergonomic}
    uintx ReservedCodeCacheSize                    = 251658240                              {pd product} {ergonomic}
     bool SegmentedCodeCache                       = true                                      {product} {ergonomic}
     bool UseCompressedClassPointers               = true                                 {lp64_product} {ergonomic}
     bool UseCompressedOops                        = true                                 {lp64_product} {ergonomic}
     bool UseG1GC                                  = true                                      {product} {ergonomic}
     bool UseLargePagesIndividualAllocation        = false                                  {pd product} {ergonomic}

Logging:
Log output configuration:
 #0: stdout all=warning uptime,level,tags
 #1: stderr all=off uptime,level,tags

Environment Variables:
PATH=C:\Program Files (x86)\Common Files\Oracle\Java\javapath;C:\WINDOWS\system32;C:\WINDOWS;C:\WINDOWS\System32\Wbem;C:\WINDOWS\System32\WindowsPowerShell\v1.0\;C:\WINDOWS\System32\OpenSSH\;C:\Program Files\MATLAB\R2020b\bin;C:\Program Files\dotnet\;C:\Program Files\Microsoft SQL Server\Client SDK\ODBC\170\Tools\Binn\;C:\Program Files\Azure Data Studio\bin;C:\Program Files\nodejs\;C:\Program Files (x86)\Microsoft SQL Server\150\DTS\Binn\;C:\Program Files (x86)\Microsoft SQL Server\150\Tools\Binn\;C:\Program Files\Microsoft SQL Server\150\Tools\Binn\;C:\Program Files\Microsoft SQL Server\150\DTS\Binn\;C:\Program Files\Microsoft SQL Server\130\Tools\Binn\;C:\Program Files (x86)\dotnet\;C:\Program Files\Git\cmd;C:\Program Files\Intel\Intel(R) Memory and Storage Tool\;C:\Users\jeova\AppData\Local\Programs\Python\Python39\Scripts\;C:\Users\jeova\AppData\Local\Programs\Python\Python39\;C:\Users\jeova\AppData\Local\Microsoft\WindowsApps;C:\Users\jeova\AppData\Local\Programs\Microsoft VS Code\bin;C:\Users\jeova\.dotnet\tools;C:\Program Files\Azure Data Studio\bin;C:\Users\jeova\AppData\Roaming\npm;C:\Users\jeova\AppData\Local\GitHubDesktop\bin;C:\Users\jeova\OneDrive\Escritorio\ESCRITORIO\CEM;
USERNAME=jeova
OS=Windows_NT
PROCESSOR_IDENTIFIER=Intel64 Family 6 Model 142 Stepping 10, GenuineIntel



---------------  S Y S T E M  ---------------

OS: Windows 10 , 64 bit Build 22621 (10.0.22621.608)
OS uptime: 0 days 1:36 hours

CPU:total 4 (initial active 4) (2 cores per cpu, 2 threads per core) family 6 model 142 stepping 10 microcode 0xe0, cmov, cx8, fxsr, mmx, sse, sse2, sse3, ssse3, sse4.1, sse4.2, popcnt, avx, avx2, aes, clmul, erms, 3dnowpref, lzcnt, ht, tsc, tscinvbit, bmi1, bmi2, adx, fma

Memory: 4k page, system-wide physical 8107M (677M free)
TotalPageFile size 8107M (AvailPageFile size 5M)
current process WorkingSet (physical memory assigned to process): 456M, peak: 456M
current process commit charge ("private bytes"): 487M, peak: 489M

vm_info: OpenJDK 64-Bit Server VM (11.0.12+7-b1504.28-7817840) for windows-amd64 JRE (11.0.12+7-b1504.28-7817840), built on Oct 13 2021 22:12:33 by "builder" with MS VC++ 14.0 (VS2015)

END.
