#
# There is insufficient memory for the Java Runtime Environment to continue.
# Native memory allocation (malloc) failed to allocate 2258096 bytes for Chunk::new
# Possible reasons:
#   The system is out of physical RAM or swap space
#   The process is running with CompressedOops enabled, and the Java Heap may be blocking the growth of the native heap
# Possible solutions:
#   Reduce memory load on the system
#   Increase physical memory or swap space
#   Check if swap backing store is full
#   Decrease Java heap size (-Xmx/-Xms)
#   Decrease number of Java threads
#   Decrease Java thread stack sizes (-Xss)
#   Set larger code cache with -XX:ReservedCodeCacheSize=
#   JVM is running with Unscaled Compressed Oops mode in which the Java heap is
#     placed in the first 4GB address space. The Java Heap base address is the
#     maximum limit for the native heap growth. Please use -XX:HeapBaseMinAddress
#     to set the Java Heap base and to place the Java Heap above 4GB virtual address.
# This output file may be truncated or incomplete.
#
#  Out of Memory Error (./src/hotspot/share/memory/arena.cpp:197), pid=12660, tid=15296
#
# JRE version: OpenJDK Runtime Environment (11.0.12+7) (build 11.0.12+7-b1504.28-7817840)
# Java VM: OpenJDK 64-Bit Server VM (11.0.12+7-b1504.28-7817840, mixed mode, tiered, compressed oops, g1 gc, windows-amd64)
# No core dump will be written. Minidumps are not enabled by default on client versions of Windows
#

---------------  S U M M A R Y ------------

Command Line: org.jetbrains.kotlin.cli.jvm.K2JVMCompiler @C:\Users\jeova\Desktop\Entrega_Final\AppAtizap-n\app\build\20221018_6819176602193288956.compiler.options

Host: Intel(R) Core(TM) i3-7020U CPU @ 2.30GHz, 4 cores, 7G,  Windows 10 , 64 bit Build 22621 (10.0.22621.608)
Time: Tue Oct 18 12:58:04 2022 Hora de verano central (México) elapsed time: 9.833876 seconds (0d 0h 0m 9s)

---------------  T H R E A D  ---------------

Current thread (0x000001e7761b3800):  JavaThread "C2 CompilerThread0" daemon [_thread_in_native, id=15296, stack(0x0000007007300000,0x0000007007400000)]


Current CompileTask:
C2:   9834 6184       4       org.jetbrains.kotlin.types.TypeSubstitutor::substitute (49 bytes)

Stack: [0x0000007007300000,0x0000007007400000]
Native frames: (J=compiled Java code, j=interpreted, Vv=VM code, C=native code)
V  [jvm.dll+0x5fbcea]
V  [jvm.dll+0x731905]
V  [jvm.dll+0x732f1d]
V  [jvm.dll+0x7335d3]
V  [jvm.dll+0x247bf8]
V  [jvm.dll+0xc018c]
V  [jvm.dll+0xc06cc]
V  [jvm.dll+0x35b2db]
V  [jvm.dll+0x328803]
V  [jvm.dll+0x327cfa]
V  [jvm.dll+0x200602]
V  [jvm.dll+0x1ff794]
V  [jvm.dll+0x18868c]
V  [jvm.dll+0x20e0d7]
V  [jvm.dll+0x20c901]
V  [jvm.dll+0x6f9b7f]
V  [jvm.dll+0x6f26a5]
V  [jvm.dll+0x5fabf6]
C  [ucrtbase.dll+0x29363]
C  [KERNEL32.DLL+0x1244d]
C  [ntdll.dll+0x5df78]


---------------  P R O C E S S  ---------------

Threads class SMR info:
_java_thread_list=0x000001e777e15940, length=11, elements={
0x000001e759b6e800, 0x000001e7757d1000, 0x000001e7757f8000, 0x000001e7761a6800,
0x000001e7761ab000, 0x000001e7761ae800, 0x000001e7761b3800, 0x000001e775812800,
0x000001e775816000, 0x000001e7762f9800, 0x000001e777c3c800
}

Java Threads: ( => current thread )
  0x000001e759b6e800 JavaThread "main" [_thread_in_Java, id=5020, stack(0x0000007006700000,0x0000007006800000)]
  0x000001e7757d1000 JavaThread "Reference Handler" daemon [_thread_blocked, id=4572, stack(0x0000007006e00000,0x0000007006f00000)]
  0x000001e7757f8000 JavaThread "Finalizer" daemon [_thread_blocked, id=7432, stack(0x0000007006f00000,0x0000007007000000)]
  0x000001e7761a6800 JavaThread "Signal Dispatcher" daemon [_thread_blocked, id=13604, stack(0x0000007007000000,0x0000007007100000)]
  0x000001e7761ab000 JavaThread "Attach Listener" daemon [_thread_blocked, id=3720, stack(0x0000007007100000,0x0000007007200000)]
  0x000001e7761ae800 JavaThread "Service Thread" daemon [_thread_blocked, id=3456, stack(0x0000007007200000,0x0000007007300000)]
=>0x000001e7761b3800 JavaThread "C2 CompilerThread0" daemon [_thread_in_native, id=15296, stack(0x0000007007300000,0x0000007007400000)]
  0x000001e775812800 JavaThread "C1 CompilerThread0" daemon [_thread_blocked, id=13788, stack(0x0000007007400000,0x0000007007500000)]
  0x000001e775816000 JavaThread "Sweeper thread" daemon [_thread_blocked, id=2816, stack(0x0000007007500000,0x0000007007600000)]
  0x000001e7762f9800 JavaThread "Common-Cleaner" daemon [_thread_blocked, id=9164, stack(0x0000007007700000,0x0000007007800000)]
  0x000001e777c3c800 JavaThread "C2 CompilerThread1" daemon [_thread_in_native, id=2252, stack(0x0000007007800000,0x0000007007900000)]

Other Threads:
  0x000001e7757ce000 VMThread "VM Thread" [stack: 0x0000007006d00000,0x0000007006e00000] [id=6100]
  0x000001e7762f3000 WatcherThread [stack: 0x0000007007600000,0x0000007007700000] [id=14536]
  0x000001e75bca3000 GCTaskThread "GC Thread#0" [stack: 0x0000007006800000,0x0000007006900000] [id=10340]
  0x000001e7765dd000 GCTaskThread "GC Thread#1" [stack: 0x0000007007900000,0x0000007007a00000] [id=14360]
  0x000001e77676e800 GCTaskThread "GC Thread#2" [stack: 0x0000007007a00000,0x0000007007b00000] [id=11912]
  0x000001e77bbf3800 GCTaskThread "GC Thread#3" [stack: 0x0000007007b00000,0x0000007007c00000] [id=8024]
  0x000001e75bcd4000 ConcurrentGCThread "G1 Main Marker" [stack: 0x0000007006900000,0x0000007006a00000] [id=14340]
  0x000001e75bcd5000 ConcurrentGCThread "G1 Conc#0" [stack: 0x0000007006a00000,0x0000007006b00000] [id=7280]
  0x000001e75bd58800 ConcurrentGCThread "G1 Refine#0" [stack: 0x0000007006b00000,0x0000007006c00000] [id=12800]
  0x000001e775640800 ConcurrentGCThread "G1 Young RemSet Sampling" [stack: 0x0000007006c00000,0x0000007006d00000] [id=2972]

Threads with active compile tasks:
C2 CompilerThread0   9866 6184       4       org.jetbrains.kotlin.types.TypeSubstitutor::substitute (49 bytes)
C2 CompilerThread1   9866 6329       4       kotlin.sequences.FlatteningSequence$iterator$1::hasNext (5 bytes)

VM state:not at safepoint (normal execution)

VM Mutex/Monitor currently owned by a thread: None

Heap address: 0x0000000081400000, size: 2028 MB, Compressed Oops mode: 32-bit
Narrow klass base: 0x0000000000000000, Narrow klass shift: 3
Compressed class space size: 1073741824 Address: 0x0000000100000000

Heap:
 garbage-first heap   total 172032K, used 81456K [0x0000000081400000, 0x0000000100000000)
  region size 1024K, 53 young (54272K), 7 survivors (7168K)
 Metaspace       used 57819K, capacity 58445K, committed 58704K, reserved 1101824K
  class space    used 6607K, capacity 6884K, committed 7036K, reserved 1048576K
Heap Regions: E=young(eden), S=young(survivor), O=old, HS=humongous(starts), HC=humongous(continues), CS=collection set, F=free, A=archive, TAMS=top-at-mark-start (previous, next)
|   0|0x0000000081400000, 0x0000000081500000, 0x0000000081500000|100%|HS|  |TAMS 0x0000000081500000, 0x0000000081400000| Complete 
|   1|0x0000000081500000, 0x0000000081600000, 0x0000000081600000|100%|HC|  |TAMS 0x0000000081600000, 0x0000000081500000| Complete 
|   2|0x0000000081600000, 0x0000000081700000, 0x0000000081700000|100%|HC|  |TAMS 0x0000000081700000, 0x0000000081600000| Complete 
|   3|0x0000000081700000, 0x0000000081800000, 0x0000000081800000|100%| O|  |TAMS 0x0000000081800000, 0x0000000081700000| Untracked 
|   4|0x0000000081800000, 0x0000000081900000, 0x0000000081900000|100%| O|  |TAMS 0x0000000081900000, 0x0000000081800000| Untracked 
|   5|0x0000000081900000, 0x0000000081a00000, 0x0000000081a00000|100%|HS|  |TAMS 0x0000000081a00000, 0x0000000081900000| Complete 
|   6|0x0000000081a00000, 0x0000000081b00000, 0x0000000081b00000|100%|HC|  |TAMS 0x0000000081b00000, 0x0000000081a00000| Complete 
|   7|0x0000000081b00000, 0x0000000081c00000, 0x0000000081c00000|100%|HC|  |TAMS 0x0000000081c00000, 0x0000000081b00000| Complete 
|   8|0x0000000081c00000, 0x0000000081d00000, 0x0000000081d00000|100%|HS|  |TAMS 0x0000000081c00000, 0x0000000081c00000| Complete 
|   9|0x0000000081d00000, 0x0000000081e00000, 0x0000000081e00000|100%|HC|  |TAMS 0x0000000081d00000, 0x0000000081d00000| Complete 
|  10|0x0000000081e00000, 0x0000000081f00000, 0x0000000081f00000|100%| O|  |TAMS 0x0000000081f00000, 0x0000000081e00000| Untracked 
|  11|0x0000000081f00000, 0x0000000082000000, 0x0000000082000000|100%| O|  |TAMS 0x0000000082000000, 0x0000000081f00000| Untracked 
|  12|0x0000000082000000, 0x0000000082100000, 0x0000000082100000|100%| O|  |TAMS 0x0000000082100000, 0x0000000082000000| Untracked 
|  13|0x0000000082100000, 0x0000000082200000, 0x0000000082200000|100%| O|  |TAMS 0x0000000082200000, 0x0000000082100000| Untracked 
|  14|0x0000000082200000, 0x0000000082300000, 0x0000000082300000|100%| O|  |TAMS 0x0000000082300000, 0x0000000082200000| Untracked 
|  15|0x0000000082300000, 0x0000000082400000, 0x0000000082400000|100%| O|  |TAMS 0x0000000082400000, 0x0000000082300000| Untracked 
|  16|0x0000000082400000, 0x0000000082500000, 0x0000000082500000|100%| O|  |TAMS 0x0000000082500000, 0x0000000082400000| Untracked 
|  17|0x0000000082500000, 0x0000000082600000, 0x0000000082600000|100%| O|  |TAMS 0x0000000082600000, 0x0000000082500000| Untracked 
|  18|0x0000000082600000, 0x0000000082700000, 0x0000000082700000|100%| O|  |TAMS 0x0000000082700000, 0x0000000082600000| Untracked 
|  19|0x0000000082700000, 0x0000000082800000, 0x0000000082800000|100%| O|  |TAMS 0x0000000082800000, 0x0000000082700000| Untracked 
|  20|0x0000000082800000, 0x0000000082900000, 0x0000000082900000|100%| O|  |TAMS 0x0000000082900000, 0x0000000082800000| Untracked 
|  21|0x0000000082900000, 0x0000000082900000, 0x0000000082a00000|  0%| F|  |TAMS 0x0000000082900000, 0x0000000082900000| Untracked 
|  22|0x0000000082a00000, 0x0000000082b00000, 0x0000000082b00000|100%| O|  |TAMS 0x0000000082a00000, 0x0000000082a00000| Untracked 
|  23|0x0000000082b00000, 0x0000000082c00000, 0x0000000082c00000|100%| O|  |TAMS 0x0000000082b00000, 0x0000000082b00000| Untracked 
|  24|0x0000000082c00000, 0x0000000082d00000, 0x0000000082d00000|100%| O|  |TAMS 0x0000000082c00000, 0x0000000082c00000| Untracked 
|  25|0x0000000082d00000, 0x0000000082e00000, 0x0000000082e00000|100%| O|  |TAMS 0x0000000082d00000, 0x0000000082d00000| Untracked 
|  26|0x0000000082e00000, 0x0000000082f00000, 0x0000000082f00000|100%| O|  |TAMS 0x0000000082e00000, 0x0000000082e00000| Untracked 
|  27|0x0000000082f00000, 0x0000000083000000, 0x0000000083000000|100%| O|  |TAMS 0x0000000082f00000, 0x0000000082f00000| Untracked 
|  28|0x0000000083000000, 0x00000000830b5200, 0x0000000083100000| 70%| O|  |TAMS 0x0000000083000000, 0x0000000083000000| Untracked 
|  29|0x0000000083100000, 0x0000000083100000, 0x0000000083200000|  0%| F|  |TAMS 0x0000000083100000, 0x0000000083100000| Untracked 
|  30|0x0000000083200000, 0x0000000083200000, 0x0000000083300000|  0%| F|  |TAMS 0x0000000083200000, 0x0000000083200000| Untracked 
|  31|0x0000000083300000, 0x0000000083300000, 0x0000000083400000|  0%| F|  |TAMS 0x0000000083300000, 0x0000000083300000| Untracked 
|  32|0x0000000083400000, 0x0000000083400000, 0x0000000083500000|  0%| F|  |TAMS 0x0000000083400000, 0x0000000083400000| Untracked 
|  33|0x0000000083500000, 0x0000000083500000, 0x0000000083600000|  0%| F|  |TAMS 0x0000000083500000, 0x0000000083500000| Untracked 
|  34|0x0000000083600000, 0x0000000083600000, 0x0000000083700000|  0%| F|  |TAMS 0x0000000083600000, 0x0000000083600000| Untracked 
|  35|0x0000000083700000, 0x0000000083700000, 0x0000000083800000|  0%| F|  |TAMS 0x0000000083700000, 0x0000000083700000| Untracked 
|  36|0x0000000083800000, 0x0000000083800000, 0x0000000083900000|  0%| F|  |TAMS 0x0000000083800000, 0x0000000083800000| Untracked 
|  37|0x0000000083900000, 0x0000000083900000, 0x0000000083a00000|  0%| F|  |TAMS 0x0000000083900000, 0x0000000083900000| Untracked 
|  38|0x0000000083a00000, 0x0000000083a00000, 0x0000000083b00000|  0%| F|  |TAMS 0x0000000083a00000, 0x0000000083a00000| Untracked 
|  39|0x0000000083b00000, 0x0000000083b00000, 0x0000000083c00000|  0%| F|  |TAMS 0x0000000083b00000, 0x0000000083b00000| Untracked 
|  40|0x0000000083c00000, 0x0000000083c00000, 0x0000000083d00000|  0%| F|  |TAMS 0x0000000083c00000, 0x0000000083c00000| Untracked 
|  41|0x0000000083d00000, 0x0000000083d00000, 0x0000000083e00000|  0%| F|  |TAMS 0x0000000083d00000, 0x0000000083d00000| Untracked 
|  42|0x0000000083e00000, 0x0000000083e00000, 0x0000000083f00000|  0%| F|  |TAMS 0x0000000083e00000, 0x0000000083e00000| Untracked 
|  43|0x0000000083f00000, 0x0000000083f00000, 0x0000000084000000|  0%| F|  |TAMS 0x0000000083f00000, 0x0000000083f00000| Untracked 
|  44|0x0000000084000000, 0x0000000084000000, 0x0000000084100000|  0%| F|  |TAMS 0x0000000084000000, 0x0000000084000000| Untracked 
|  45|0x0000000084100000, 0x0000000084100000, 0x0000000084200000|  0%| F|  |TAMS 0x0000000084100000, 0x0000000084100000| Untracked 
|  46|0x0000000084200000, 0x0000000084200000, 0x0000000084300000|  0%| F|  |TAMS 0x0000000084200000, 0x0000000084200000| Untracked 
|  47|0x0000000084300000, 0x0000000084300000, 0x0000000084400000|  0%| F|  |TAMS 0x0000000084300000, 0x0000000084300000| Untracked 
|  48|0x0000000084400000, 0x0000000084400000, 0x0000000084500000|  0%| F|  |TAMS 0x0000000084400000, 0x0000000084400000| Untracked 
|  49|0x0000000084500000, 0x0000000084500000, 0x0000000084600000|  0%| F|  |TAMS 0x0000000084500000, 0x0000000084500000| Untracked 
|  50|0x0000000084600000, 0x0000000084600000, 0x0000000084700000|  0%| F|  |TAMS 0x0000000084600000, 0x0000000084600000| Untracked 
|  51|0x0000000084700000, 0x0000000084700000, 0x0000000084800000|  0%| F|  |TAMS 0x0000000084700000, 0x0000000084700000| Untracked 
|  52|0x0000000084800000, 0x0000000084800000, 0x0000000084900000|  0%| F|  |TAMS 0x0000000084800000, 0x0000000084800000| Untracked 
|  53|0x0000000084900000, 0x0000000084900000, 0x0000000084a00000|  0%| F|  |TAMS 0x0000000084900000, 0x0000000084900000| Untracked 
|  54|0x0000000084a00000, 0x0000000084a00000, 0x0000000084b00000|  0%| F|  |TAMS 0x0000000084a00000, 0x0000000084a00000| Untracked 
|  55|0x0000000084b00000, 0x0000000084b00000, 0x0000000084c00000|  0%| F|  |TAMS 0x0000000084b00000, 0x0000000084b00000| Untracked 
|  56|0x0000000084c00000, 0x0000000084c00000, 0x0000000084d00000|  0%| F|  |TAMS 0x0000000084c00000, 0x0000000084c00000| Untracked 
|  57|0x0000000084d00000, 0x0000000084d00000, 0x0000000084e00000|  0%| F|  |TAMS 0x0000000084d00000, 0x0000000084d00000| Untracked 
|  58|0x0000000084e00000, 0x0000000084e00000, 0x0000000084f00000|  0%| F|  |TAMS 0x0000000084e00000, 0x0000000084e00000| Untracked 
|  59|0x0000000084f00000, 0x0000000084f00000, 0x0000000085000000|  0%| F|  |TAMS 0x0000000084f00000, 0x0000000084f00000| Untracked 
|  60|0x0000000085000000, 0x0000000085000000, 0x0000000085100000|  0%| F|  |TAMS 0x0000000085000000, 0x0000000085000000| Untracked 
|  61|0x0000000085100000, 0x0000000085100000, 0x0000000085200000|  0%| F|  |TAMS 0x0000000085100000, 0x0000000085100000| Untracked 
|  62|0x0000000085200000, 0x0000000085200000, 0x0000000085300000|  0%| F|  |TAMS 0x0000000085200000, 0x0000000085200000| Untracked 
|  63|0x0000000085300000, 0x0000000085300000, 0x0000000085400000|  0%| F|  |TAMS 0x0000000085300000, 0x0000000085300000| Untracked 
|  64|0x0000000085400000, 0x0000000085400000, 0x0000000085500000|  0%| F|  |TAMS 0x0000000085400000, 0x0000000085400000| Untracked 
|  65|0x0000000085500000, 0x0000000085500000, 0x0000000085600000|  0%| F|  |TAMS 0x0000000085500000, 0x0000000085500000| Untracked 
|  66|0x0000000085600000, 0x0000000085600000, 0x0000000085700000|  0%| F|  |TAMS 0x0000000085600000, 0x0000000085600000| Untracked 
|  67|0x0000000085700000, 0x0000000085700000, 0x0000000085800000|  0%| F|  |TAMS 0x0000000085700000, 0x0000000085700000| Untracked 
|  68|0x0000000085800000, 0x0000000085800000, 0x0000000085900000|  0%| F|  |TAMS 0x0000000085800000, 0x0000000085800000| Untracked 
|  69|0x0000000085900000, 0x0000000085900000, 0x0000000085a00000|  0%| F|  |TAMS 0x0000000085900000, 0x0000000085900000| Untracked 
|  70|0x0000000085a00000, 0x0000000085a00000, 0x0000000085b00000|  0%| F|  |TAMS 0x0000000085a00000, 0x0000000085a00000| Untracked 
|  71|0x0000000085b00000, 0x0000000085b00000, 0x0000000085c00000|  0%| F|  |TAMS 0x0000000085b00000, 0x0000000085b00000| Untracked 
|  72|0x0000000085c00000, 0x0000000085c00000, 0x0000000085d00000|  0%| F|  |TAMS 0x0000000085c00000, 0x0000000085c00000| Untracked 
|  73|0x0000000085d00000, 0x0000000085d00000, 0x0000000085e00000|  0%| F|  |TAMS 0x0000000085d00000, 0x0000000085d00000| Untracked 
|  74|0x0000000085e00000, 0x0000000085e00000, 0x0000000085f00000|  0%| F|  |TAMS 0x0000000085e00000, 0x0000000085e00000| Untracked 
|  75|0x0000000085f00000, 0x0000000085f00000, 0x0000000086000000|  0%| F|  |TAMS 0x0000000085f00000, 0x0000000085f00000| Untracked 
|  76|0x0000000086000000, 0x0000000086000000, 0x0000000086100000|  0%| F|  |TAMS 0x0000000086000000, 0x0000000086000000| Untracked 
|  77|0x0000000086100000, 0x0000000086100000, 0x0000000086200000|  0%| F|  |TAMS 0x0000000086100000, 0x0000000086100000| Untracked 
|  78|0x0000000086200000, 0x0000000086200000, 0x0000000086300000|  0%| F|  |TAMS 0x0000000086200000, 0x0000000086200000| Untracked 
|  79|0x0000000086300000, 0x0000000086300000, 0x0000000086400000|  0%| F|  |TAMS 0x0000000086300000, 0x0000000086300000| Untracked 
|  80|0x0000000086400000, 0x0000000086400000, 0x0000000086500000|  0%| F|  |TAMS 0x0000000086400000, 0x0000000086400000| Untracked 
|  81|0x0000000086500000, 0x0000000086500000, 0x0000000086600000|  0%| F|  |TAMS 0x0000000086500000, 0x0000000086500000| Untracked 
|  82|0x0000000086600000, 0x0000000086600000, 0x0000000086700000|  0%| F|  |TAMS 0x0000000086600000, 0x0000000086600000| Untracked 
|  83|0x0000000086700000, 0x0000000086700000, 0x0000000086800000|  0%| F|  |TAMS 0x0000000086700000, 0x0000000086700000| Untracked 
|  84|0x0000000086800000, 0x0000000086800000, 0x0000000086900000|  0%| F|  |TAMS 0x0000000086800000, 0x0000000086800000| Untracked 
|  85|0x0000000086900000, 0x0000000086900000, 0x0000000086a00000|  0%| F|  |TAMS 0x0000000086900000, 0x0000000086900000| Untracked 
|  86|0x0000000086a00000, 0x0000000086a00000, 0x0000000086b00000|  0%| F|  |TAMS 0x0000000086a00000, 0x0000000086a00000| Untracked 
|  87|0x0000000086b00000, 0x0000000086b00000, 0x0000000086c00000|  0%| F|  |TAMS 0x0000000086b00000, 0x0000000086b00000| Untracked 
|  88|0x0000000086c00000, 0x0000000086c00000, 0x0000000086d00000|  0%| F|  |TAMS 0x0000000086c00000, 0x0000000086c00000| Untracked 
|  89|0x0000000086d00000, 0x0000000086d00000, 0x0000000086e00000|  0%| F|  |TAMS 0x0000000086d00000, 0x0000000086d00000| Untracked 
|  90|0x0000000086e00000, 0x0000000086e00000, 0x0000000086f00000|  0%| F|  |TAMS 0x0000000086e00000, 0x0000000086e00000| Untracked 
|  91|0x0000000086f00000, 0x0000000086f00000, 0x0000000087000000|  0%| F|  |TAMS 0x0000000086f00000, 0x0000000086f00000| Untracked 
|  92|0x0000000087000000, 0x0000000087000000, 0x0000000087100000|  0%| F|  |TAMS 0x0000000087000000, 0x0000000087000000| Untracked 
|  93|0x0000000087100000, 0x0000000087100000, 0x0000000087200000|  0%| F|  |TAMS 0x0000000087100000, 0x0000000087100000| Untracked 
|  94|0x0000000087200000, 0x0000000087200000, 0x0000000087300000|  0%| F|  |TAMS 0x0000000087200000, 0x0000000087200000| Untracked 
|  95|0x0000000087300000, 0x0000000087300000, 0x0000000087400000|  0%| F|  |TAMS 0x0000000087300000, 0x0000000087300000| Untracked 
|  96|0x0000000087400000, 0x0000000087400000, 0x0000000087500000|  0%| F|  |TAMS 0x0000000087400000, 0x0000000087400000| Untracked 
|  97|0x0000000087500000, 0x0000000087500000, 0x0000000087600000|  0%| F|  |TAMS 0x0000000087500000, 0x0000000087500000| Untracked 
|  98|0x0000000087600000, 0x00000000876d6fc8, 0x0000000087700000| 83%| S|CS|TAMS 0x0000000087600000, 0x0000000087600000| Complete 
|  99|0x0000000087700000, 0x0000000087800000, 0x0000000087800000|100%| S|CS|TAMS 0x0000000087700000, 0x0000000087700000| Complete 
| 100|0x0000000087800000, 0x0000000087900000, 0x0000000087900000|100%| S|CS|TAMS 0x0000000087800000, 0x0000000087800000| Complete 
| 101|0x0000000087900000, 0x0000000087a00000, 0x0000000087a00000|100%| S|CS|TAMS 0x0000000087900000, 0x0000000087900000| Complete 
| 102|0x0000000087a00000, 0x0000000087b00000, 0x0000000087b00000|100%| S|CS|TAMS 0x0000000087a00000, 0x0000000087a00000| Complete 
| 103|0x0000000087b00000, 0x0000000087c00000, 0x0000000087c00000|100%| S|CS|TAMS 0x0000000087b00000, 0x0000000087b00000| Complete 
| 104|0x0000000087c00000, 0x0000000087d00000, 0x0000000087d00000|100%| S|CS|TAMS 0x0000000087c00000, 0x0000000087c00000| Complete 
| 105|0x0000000087d00000, 0x0000000087d00000, 0x0000000087e00000|  0%| F|  |TAMS 0x0000000087d00000, 0x0000000087d00000| Untracked 
| 106|0x0000000087e00000, 0x0000000087e00000, 0x0000000087f00000|  0%| F|  |TAMS 0x0000000087e00000, 0x0000000087e00000| Untracked 
| 107|0x0000000087f00000, 0x0000000087f00000, 0x0000000088000000|  0%| F|  |TAMS 0x0000000087f00000, 0x0000000087f00000| Untracked 
| 108|0x0000000088000000, 0x0000000088000000, 0x0000000088100000|  0%| F|  |TAMS 0x0000000088000000, 0x0000000088000000| Untracked 
| 109|0x0000000088100000, 0x0000000088100000, 0x0000000088200000|  0%| F|  |TAMS 0x0000000088100000, 0x0000000088100000| Untracked 
| 110|0x0000000088200000, 0x0000000088200000, 0x0000000088300000|  0%| F|  |TAMS 0x0000000088200000, 0x0000000088200000| Untracked 
| 111|0x0000000088300000, 0x0000000088300000, 0x0000000088400000|  0%| F|  |TAMS 0x0000000088300000, 0x0000000088300000| Untracked 
| 112|0x0000000088400000, 0x0000000088400000, 0x0000000088500000|  0%| F|  |TAMS 0x0000000088400000, 0x0000000088400000| Untracked 
| 113|0x0000000088500000, 0x0000000088500000, 0x0000000088600000|  0%| F|  |TAMS 0x0000000088500000, 0x0000000088500000| Untracked 
| 114|0x0000000088600000, 0x0000000088600000, 0x0000000088700000|  0%| F|  |TAMS 0x0000000088600000, 0x0000000088600000| Untracked 
| 115|0x0000000088700000, 0x0000000088700000, 0x0000000088800000|  0%| F|  |TAMS 0x0000000088700000, 0x0000000088700000| Untracked 
| 116|0x0000000088800000, 0x0000000088800000, 0x0000000088900000|  0%| F|  |TAMS 0x0000000088800000, 0x0000000088800000| Untracked 
| 117|0x0000000088900000, 0x0000000088900000, 0x0000000088a00000|  0%| F|  |TAMS 0x0000000088900000, 0x0000000088900000| Untracked 
| 118|0x0000000088a00000, 0x0000000088a00000, 0x0000000088b00000|  0%| F|  |TAMS 0x0000000088a00000, 0x0000000088a00000| Untracked 
| 119|0x0000000088b00000, 0x0000000088b00000, 0x0000000088c00000|  0%| F|  |TAMS 0x0000000088b00000, 0x0000000088b00000| Untracked 
| 120|0x0000000088c00000, 0x0000000088c00000, 0x0000000088d00000|  0%| F|  |TAMS 0x0000000088c00000, 0x0000000088c00000| Untracked 
| 121|0x0000000088d00000, 0x0000000088d00000, 0x0000000088e00000|  0%| F|  |TAMS 0x0000000088d00000, 0x0000000088d00000| Untracked 
| 122|0x0000000088e00000, 0x0000000088e80800, 0x0000000088f00000| 50%| E|  |TAMS 0x0000000088e00000, 0x0000000088e00000| Complete 
| 123|0x0000000088f00000, 0x0000000089000000, 0x0000000089000000|100%| E|CS|TAMS 0x0000000088f00000, 0x0000000088f00000| Complete 
| 124|0x0000000089000000, 0x0000000089100000, 0x0000000089100000|100%| E|CS|TAMS 0x0000000089000000, 0x0000000089000000| Complete 
| 125|0x0000000089100000, 0x0000000089200000, 0x0000000089200000|100%| E|CS|TAMS 0x0000000089100000, 0x0000000089100000| Complete 
| 126|0x0000000089200000, 0x0000000089300000, 0x0000000089300000|100%| E|CS|TAMS 0x0000000089200000, 0x0000000089200000| Complete 
| 127|0x0000000089300000, 0x0000000089400000, 0x0000000089400000|100%| E|CS|TAMS 0x0000000089300000, 0x0000000089300000| Complete 
| 128|0x0000000089400000, 0x0000000089500000, 0x0000000089500000|100%| E|CS|TAMS 0x0000000089400000, 0x0000000089400000| Complete 
| 129|0x0000000089500000, 0x0000000089600000, 0x0000000089600000|100%| E|CS|TAMS 0x0000000089500000, 0x0000000089500000| Complete 
| 130|0x0000000089600000, 0x0000000089700000, 0x0000000089700000|100%| E|CS|TAMS 0x0000000089600000, 0x0000000089600000| Complete 
| 131|0x0000000089700000, 0x0000000089800000, 0x0000000089800000|100%| E|CS|TAMS 0x0000000089700000, 0x0000000089700000| Complete 
| 132|0x0000000089800000, 0x0000000089900000, 0x0000000089900000|100%| E|CS|TAMS 0x0000000089800000, 0x0000000089800000| Complete 
| 133|0x0000000089900000, 0x0000000089a00000, 0x0000000089a00000|100%| E|CS|TAMS 0x0000000089900000, 0x0000000089900000| Complete 
| 134|0x0000000089a00000, 0x0000000089b00000, 0x0000000089b00000|100%| E|CS|TAMS 0x0000000089a00000, 0x0000000089a00000| Complete 
| 135|0x0000000089b00000, 0x0000000089c00000, 0x0000000089c00000|100%| E|CS|TAMS 0x0000000089b00000, 0x0000000089b00000| Complete 
| 136|0x0000000089c00000, 0x0000000089d00000, 0x0000000089d00000|100%| E|CS|TAMS 0x0000000089c00000, 0x0000000089c00000| Complete 
| 137|0x0000000089d00000, 0x0000000089e00000, 0x0000000089e00000|100%| E|CS|TAMS 0x0000000089d00000, 0x0000000089d00000| Complete 
| 138|0x0000000089e00000, 0x0000000089f00000, 0x0000000089f00000|100%| E|CS|TAMS 0x0000000089e00000, 0x0000000089e00000| Complete 
| 139|0x0000000089f00000, 0x000000008a000000, 0x000000008a000000|100%| E|CS|TAMS 0x0000000089f00000, 0x0000000089f00000| Complete 
| 140|0x000000008a000000, 0x000000008a100000, 0x000000008a100000|100%| E|CS|TAMS 0x000000008a000000, 0x000000008a000000| Complete 
| 141|0x000000008a100000, 0x000000008a200000, 0x000000008a200000|100%| E|CS|TAMS 0x000000008a100000, 0x000000008a100000| Complete 
| 142|0x000000008a200000, 0x000000008a300000, 0x000000008a300000|100%| E|CS|TAMS 0x000000008a200000, 0x000000008a200000| Complete 
| 143|0x000000008a300000, 0x000000008a400000, 0x000000008a400000|100%| E|CS|TAMS 0x000000008a300000, 0x000000008a300000| Complete 
| 144|0x000000008a400000, 0x000000008a500000, 0x000000008a500000|100%| E|CS|TAMS 0x000000008a400000, 0x000000008a400000| Complete 
| 145|0x000000008a500000, 0x000000008a600000, 0x000000008a600000|100%| E|CS|TAMS 0x000000008a500000, 0x000000008a500000| Complete 
| 146|0x000000008a600000, 0x000000008a700000, 0x000000008a700000|100%| E|CS|TAMS 0x000000008a600000, 0x000000008a600000| Complete 
| 147|0x000000008a700000, 0x000000008a800000, 0x000000008a800000|100%| E|CS|TAMS 0x000000008a700000, 0x000000008a700000| Complete 
| 148|0x000000008a800000, 0x000000008a900000, 0x000000008a900000|100%| E|CS|TAMS 0x000000008a800000, 0x000000008a800000| Complete 
| 149|0x000000008a900000, 0x000000008aa00000, 0x000000008aa00000|100%| E|CS|TAMS 0x000000008a900000, 0x000000008a900000| Complete 
| 150|0x000000008aa00000, 0x000000008ab00000, 0x000000008ab00000|100%| E|CS|TAMS 0x000000008aa00000, 0x000000008aa00000| Complete 
| 151|0x000000008ab00000, 0x000000008ac00000, 0x000000008ac00000|100%| E|CS|TAMS 0x000000008ab00000, 0x000000008ab00000| Complete 
| 152|0x000000008ac00000, 0x000000008ad00000, 0x000000008ad00000|100%| E|CS|TAMS 0x000000008ac00000, 0x000000008ac00000| Complete 
| 153|0x000000008ad00000, 0x000000008ae00000, 0x000000008ae00000|100%| E|CS|TAMS 0x000000008ad00000, 0x000000008ad00000| Complete 
| 154|0x000000008ae00000, 0x000000008af00000, 0x000000008af00000|100%| E|CS|TAMS 0x000000008ae00000, 0x000000008ae00000| Complete 
| 155|0x000000008af00000, 0x000000008b000000, 0x000000008b000000|100%| E|CS|TAMS 0x000000008af00000, 0x000000008af00000| Complete 
| 156|0x000000008b000000, 0x000000008b100000, 0x000000008b100000|100%| E|CS|TAMS 0x000000008b000000, 0x000000008b000000| Complete 
| 157|0x000000008b100000, 0x000000008b200000, 0x000000008b200000|100%| E|CS|TAMS 0x000000008b100000, 0x000000008b100000| Complete 
| 158|0x000000008b200000, 0x000000008b300000, 0x000000008b300000|100%| E|CS|TAMS 0x000000008b200000, 0x000000008b200000| Complete 
| 159|0x000000008b300000, 0x000000008b400000, 0x000000008b400000|100%| E|CS|TAMS 0x000000008b300000, 0x000000008b300000| Complete 
| 160|0x000000008b400000, 0x000000008b500000, 0x000000008b500000|100%| E|CS|TAMS 0x000000008b400000, 0x000000008b400000| Complete 
| 161|0x000000008b500000, 0x000000008b600000, 0x000000008b600000|100%| E|CS|TAMS 0x000000008b500000, 0x000000008b500000| Complete 
| 162|0x000000008b600000, 0x000000008b700000, 0x000000008b700000|100%| E|CS|TAMS 0x000000008b600000, 0x000000008b600000| Complete 
| 163|0x000000008b700000, 0x000000008b800000, 0x000000008b800000|100%| E|CS|TAMS 0x000000008b700000, 0x000000008b700000| Complete 
| 164|0x000000008b800000, 0x000000008b900000, 0x000000008b900000|100%| E|CS|TAMS 0x000000008b800000, 0x000000008b800000| Complete 
| 165|0x000000008b900000, 0x000000008ba00000, 0x000000008ba00000|100%| E|CS|TAMS 0x000000008b900000, 0x000000008b900000| Complete 
| 166|0x000000008ba00000, 0x000000008bb00000, 0x000000008bb00000|100%| E|CS|TAMS 0x000000008ba00000, 0x000000008ba00000| Complete 
| 167|0x000000008bb00000, 0x000000008bc00000, 0x000000008bc00000|100%| E|CS|TAMS 0x000000008bb00000, 0x000000008bb00000| Complete 

Card table byte_map: [0x000001e76eb90000,0x000001e76ef90000] _byte_map_base: 0x000001e76e786000

Marking Bits (Prev, Next): (CMBitMap*) 0x000001e75bccb468, (CMBitMap*) 0x000001e75bccb4a0
 Prev Bits: [0x000001e76f390000, 0x000001e771340000)
 Next Bits: [0x000001e771340000, 0x000001e7732f0000)

Polling page: 0x000001e759c40000

Metaspace:

Usage:
  Non-class:     50.35 MB capacity,    50.02 MB (>99%) used,   252.17 KB ( <1%) free+waste,    92.50 KB ( <1%) overhead. 
      Class:      6.72 MB capacity,     6.45 MB ( 96%) used,   234.90 KB (  3%) free+waste,    41.31 KB ( <1%) overhead. 
       Both:     57.08 MB capacity,    56.47 MB ( 99%) used,   487.07 KB ( <1%) free+waste,   133.81 KB ( <1%) overhead. 

Virtual space:
  Non-class space:       52.00 MB reserved,      50.46 MB ( 97%) committed 
      Class space:        1.00 GB reserved,       6.87 MB ( <1%) committed 
             Both:        1.05 GB reserved,      57.33 MB (  5%) committed 

Chunk freelists:
   Non-Class:  43.00 KB
       Class:  28.00 KB
        Both:  71.00 KB

MaxMetaspaceSize: 17179869184.00 GB
CompressedClassSpaceSize: 1.00 GB
Initial GC threshold: 20.80 MB
Current GC threshold: 59.09 MB
CDS: off

CodeHeap 'non-profiled nmethods': size=120064Kb used=2798Kb max_used=2798Kb free=117266Kb
 bounds [0x000001e767250000, 0x000001e767510000, 0x000001e76e790000]
CodeHeap 'profiled nmethods': size=120000Kb used=15683Kb max_used=15683Kb free=104316Kb
 bounds [0x000001e75fd20000, 0x000001e760c80000, 0x000001e767250000]
CodeHeap 'non-nmethods': size=5696Kb used=1302Kb max_used=1356Kb free=4393Kb
 bounds [0x000001e75f790000, 0x000001e75fa00000, 0x000001e75fd20000]
 total_blobs=6899 nmethods=6319 adapters=490
 compilation: enabled
              stopped_count=0, restarted_count=0
 full_count=0

Compilation events (20 events):
Event: 9.791 Thread 0x000001e775812800 6321       3       org.jetbrains.kotlin.load.java.lazy.descriptors.LazyJavaAnnotationDescriptor::<init> (172 bytes)
Event: 9.792 Thread 0x000001e777c3c800 6328       4       kotlin.collections.CollectionsKt___CollectionsKt::toSet (138 bytes)
Event: 9.794 Thread 0x000001e775812800 nmethod 6321 0x000001e760c3a190 code [0x000001e760c3a660, 0x000001e760c3cb28]
Event: 9.794 Thread 0x000001e775812800 6331       3       org.jetbrains.kotlin.load.java.descriptors.JavaMethodDescriptor::<init> (68 bytes)
Event: 9.795 Thread 0x000001e775812800 nmethod 6331 0x000001e760c3d710 code [0x000001e760c3d920, 0x000001e760c3dd18]
Event: 9.795 Thread 0x000001e775812800 6332       3       org.jetbrains.kotlin.load.java.descriptors.JavaMethodDescriptor::initialize (87 bytes)
Event: 9.796 Thread 0x000001e775812800 nmethod 6332 0x000001e760c3de90 code [0x000001e760c3e0a0, 0x000001e760c3e5a8]
Event: 9.796 Thread 0x000001e775812800 6323       3       org.jetbrains.kotlin.load.java.lazy.descriptors.LazyJavaAnnotationDescriptor$allValueArguments$2::<init> (11 bytes)
Event: 9.796 Thread 0x000001e775812800 nmethod 6323 0x000001e760c3e790 code [0x000001e760c3e940, 0x000001e760c3eb58]
Event: 9.796 Thread 0x000001e775812800 6324       3       org.jetbrains.kotlin.load.java.lazy.descriptors.LazyJavaAnnotationDescriptor$fqName$2::invoke (5 bytes)
Event: 9.796 Thread 0x000001e775812800 nmethod 6324 0x000001e760c3ec90 code [0x000001e760c3ee80, 0x000001e760c3f158]
Event: 9.796 Thread 0x000001e775812800 6325       3       org.jetbrains.kotlin.load.java.lazy.descriptors.LazyJavaAnnotationDescriptor$fqName$2::invoke (25 bytes)
Event: 9.797 Thread 0x000001e775812800 nmethod 6325 0x000001e760c3f290 code [0x000001e760c3f460, 0x000001e760c3f6d8]
Event: 9.797 Thread 0x000001e775812800 6326       3       org.jetbrains.kotlin.load.java.lazy.descriptors.LazyJavaAnnotationDescriptor$type$2::invoke (5 bytes)
Event: 9.797 Thread 0x000001e775812800 nmethod 6326 0x000001e760c3f810 code [0x000001e760c3f9c0, 0x000001e760c3fae8]
Event: 9.797 Thread 0x000001e775812800 6327       3       org.jetbrains.kotlin.load.java.lazy.descriptors.LazyJavaAnnotationDescriptor$type$2::invoke (148 bytes)
Event: 9.799 Thread 0x000001e775812800 nmethod 6327 0x000001e760c3fb90 code [0x000001e760c3ffa0, 0x000001e760c41958]
Event: 9.807 Thread 0x000001e775812800 6334       3       org.jetbrains.kotlin.resolve.descriptorUtil.DescriptorUtilsKt::fqNameOrNull (40 bytes)
Event: 9.809 Thread 0x000001e775812800 nmethod 6334 0x000001e760c42390 code [0x000001e760c42700, 0x000001e760c43758]
Event: 9.811 Thread 0x000001e775812800 6335       3       org.jetbrains.kotlin.load.java.lazy.descriptors.LazyJavaScope::resolveValueParameters (501 bytes)

GC Heap History (12 events):
Event: 0.665 GC heap before
{Heap before GC invocations=0 (full 0):
 garbage-first heap   total 131072K, used 17408K [0x0000000081400000, 0x0000000100000000)
  region size 1024K, 14 young (14336K), 0 survivors (0K)
 Metaspace       used 9852K, capacity 9938K, committed 10112K, reserved 1058816K
  class space    used 835K, capacity 885K, committed 896K, reserved 1048576K
}
Event: 0.669 GC heap after
{Heap after GC invocations=1 (full 0):
 garbage-first heap   total 131072K, used 5253K [0x0000000081400000, 0x0000000100000000)
  region size 1024K, 2 young (2048K), 2 survivors (2048K)
 Metaspace       used 9852K, capacity 9938K, committed 10112K, reserved 1058816K
  class space    used 835K, capacity 885K, committed 896K, reserved 1048576K
}
Event: 1.887 GC heap before
{Heap before GC invocations=1 (full 0):
 garbage-first heap   total 131072K, used 52357K [0x0000000081400000, 0x0000000100000000)
  region size 1024K, 49 young (50176K), 2 survivors (2048K)
 Metaspace       used 20976K, capacity 21192K, committed 21248K, reserved 1069056K
  class space    used 2225K, capacity 2304K, committed 2304K, reserved 1048576K
}
Event: 1.910 GC heap after
{Heap after GC invocations=2 (full 0):
 garbage-first heap   total 131072K, used 9789K [0x0000000081400000, 0x0000000100000000)
  region size 1024K, 7 young (7168K), 7 survivors (7168K)
 Metaspace       used 20976K, capacity 21192K, committed 21248K, reserved 1069056K
  class space    used 2225K, capacity 2304K, committed 2304K, reserved 1048576K
}
Event: 3.456 GC heap before
{Heap before GC invocations=3 (full 0):
 garbage-first heap   total 131072K, used 62013K [0x0000000081400000, 0x0000000100000000)
  region size 1024K, 53 young (54272K), 7 survivors (7168K)
 Metaspace       used 30979K, capacity 31364K, committed 31612K, reserved 1077248K
  class space    used 3664K, capacity 3858K, committed 3964K, reserved 1048576K
}
Event: 3.486 GC heap after
{Heap after GC invocations=4 (full 0):
 garbage-first heap   total 131072K, used 22046K [0x0000000081400000, 0x0000000100000000)
  region size 1024K, 7 young (7168K), 7 survivors (7168K)
 Metaspace       used 30979K, capacity 31364K, committed 31612K, reserved 1077248K
  class space    used 3664K, capacity 3858K, committed 3964K, reserved 1048576K
}
Event: 4.189 GC heap before
{Heap before GC invocations=4 (full 0):
 garbage-first heap   total 131072K, used 39454K [0x0000000081400000, 0x0000000100000000)
  region size 1024K, 25 young (25600K), 7 survivors (7168K)
 Metaspace       used 35421K, capacity 35821K, committed 36048K, reserved 1081344K
  class space    used 4362K, capacity 4532K, committed 4604K, reserved 1048576K
}
Event: 4.232 GC heap after
{Heap after GC invocations=5 (full 0):
 garbage-first heap   total 131072K, used 23552K [0x0000000081400000, 0x0000000100000000)
  region size 1024K, 2 young (2048K), 2 survivors (2048K)
 Metaspace       used 35421K, capacity 35821K, committed 36048K, reserved 1081344K
  class space    used 4362K, capacity 4532K, committed 4604K, reserved 1048576K
}
Event: 5.895 GC heap before
{Heap before GC invocations=6 (full 0):
 garbage-first heap   total 131072K, used 76800K [0x0000000081400000, 0x0000000100000000)
  region size 1024K, 54 young (55296K), 2 survivors (2048K)
 Metaspace       used 46337K, capacity 46855K, committed 46928K, reserved 1091584K
  class space    used 5487K, capacity 5710K, committed 5756K, reserved 1048576K
}
Event: 5.913 GC heap after
{Heap after GC invocations=7 (full 0):
 garbage-first heap   total 172032K, used 26504K [0x0000000081400000, 0x0000000100000000)
  region size 1024K, 7 young (7168K), 7 survivors (7168K)
 Metaspace       used 46337K, capacity 46855K, committed 46928K, reserved 1091584K
  class space    used 5487K, capacity 5710K, committed 5756K, reserved 1048576K
}
Event: 7.849 GC heap before
{Heap before GC invocations=7 (full 0):
 garbage-first heap   total 172032K, used 94088K [0x0000000081400000, 0x0000000100000000)
  region size 1024K, 70 young (71680K), 7 survivors (7168K)
 Metaspace       used 55007K, capacity 55618K, committed 55888K, reserved 1097728K
  class space    used 6423K, capacity 6676K, committed 6780K, reserved 1048576K
}
Event: 7.876 GC heap after
{Heap after GC invocations=8 (full 0):
 garbage-first heap   total 172032K, used 35376K [0x0000000081400000, 0x0000000100000000)
  region size 1024K, 7 young (7168K), 7 survivors (7168K)
 Metaspace       used 55007K, capacity 55618K, committed 55888K, reserved 1097728K
  class space    used 6423K, capacity 6676K, committed 6780K, reserved 1048576K
}

Deoptimization events (20 events):
Event: 8.408 Thread 0x000001e759b6e800 Uncommon trap: trap_request=0xffffffbe fr.pc=0x000001e767492874 relative=0x0000000000000494
Event: 8.408 Thread 0x000001e759b6e800 Uncommon trap: reason=profile_predicate action=maybe_recompile pc=0x000001e767492874 method=org.jetbrains.kotlin.com.intellij.psi.impl.source.CharTableImpl$StringHashToCharSequencesMap.charSequenceSubSequenceEquals(Ljava/lang/CharSequence;Ljava/lang/CharS
Event: 8.408 Thread 0x000001e759b6e800 DEOPT PACKING pc=0x000001e767492874 sp=0x00000070067fb8a0
Event: 8.408 Thread 0x000001e759b6e800 DEOPT UNPACKING pc=0x000001e75f7da1af sp=0x00000070067fb858 mode 2
Event: 8.408 Thread 0x000001e759b6e800 Uncommon trap: trap_request=0xffffffbe fr.pc=0x000001e767492874 relative=0x0000000000000494
Event: 8.408 Thread 0x000001e759b6e800 Uncommon trap: reason=profile_predicate action=maybe_recompile pc=0x000001e767492874 method=org.jetbrains.kotlin.com.intellij.psi.impl.source.CharTableImpl$StringHashToCharSequencesMap.charSequenceSubSequenceEquals(Ljava/lang/CharSequence;Ljava/lang/CharS
Event: 8.408 Thread 0x000001e759b6e800 DEOPT PACKING pc=0x000001e767492874 sp=0x00000070067fb8a0
Event: 8.408 Thread 0x000001e759b6e800 DEOPT UNPACKING pc=0x000001e75f7da1af sp=0x00000070067fb858 mode 2
Event: 8.408 Thread 0x000001e759b6e800 Uncommon trap: trap_request=0xffffffbe fr.pc=0x000001e767492874 relative=0x0000000000000494
Event: 8.408 Thread 0x000001e759b6e800 Uncommon trap: reason=profile_predicate action=maybe_recompile pc=0x000001e767492874 method=org.jetbrains.kotlin.com.intellij.psi.impl.source.CharTableImpl$StringHashToCharSequencesMap.charSequenceSubSequenceEquals(Ljava/lang/CharSequence;Ljava/lang/CharS
Event: 8.408 Thread 0x000001e759b6e800 DEOPT PACKING pc=0x000001e767492874 sp=0x00000070067fb8a0
Event: 8.408 Thread 0x000001e759b6e800 DEOPT UNPACKING pc=0x000001e75f7da1af sp=0x00000070067fb858 mode 2
Event: 8.408 Thread 0x000001e759b6e800 Uncommon trap: trap_request=0xffffffbe fr.pc=0x000001e767492874 relative=0x0000000000000494
Event: 8.408 Thread 0x000001e759b6e800 Uncommon trap: reason=profile_predicate action=maybe_recompile pc=0x000001e767492874 method=org.jetbrains.kotlin.com.intellij.psi.impl.source.CharTableImpl$StringHashToCharSequencesMap.charSequenceSubSequenceEquals(Ljava/lang/CharSequence;Ljava/lang/CharS
Event: 8.408 Thread 0x000001e759b6e800 DEOPT PACKING pc=0x000001e767492874 sp=0x00000070067fb8a0
Event: 8.408 Thread 0x000001e759b6e800 DEOPT UNPACKING pc=0x000001e75f7da1af sp=0x00000070067fb858 mode 2
Event: 9.238 Thread 0x000001e759b6e800 DEOPT PACKING pc=0x000001e7608699e7 sp=0x00000070067fb340
Event: 9.238 Thread 0x000001e759b6e800 DEOPT UNPACKING pc=0x000001e75f7da95e sp=0x00000070067fa7e8 mode 0
Event: 9.297 Thread 0x000001e759b6e800 DEOPT PACKING pc=0x000001e760868124 sp=0x00000070067fc280
Event: 9.297 Thread 0x000001e759b6e800 DEOPT UNPACKING pc=0x000001e75f7da95e sp=0x00000070067fb770 mode 0

Classes redefined (0 events):
No events

Internal exceptions (20 events):
Event: 2.045 Thread 0x000001e759b6e800 Exception <a 'java/lang/NoSuchMethodError'{0x0000000088e6ea20}: 'int java.lang.invoke.DirectMethodHandle$Holder.invokeStaticInit(java.lang.Object, java.lang.Object)'> (0x0000000088e6ea20) thrown at [./src/hotspot/share/interpreter/linkResolver.cpp, line 773]
Event: 2.112 Thread 0x000001e759b6e800 Exception <a 'java/lang/NoSuchMethodError'{0x0000000088c7f0e0}: 'void java.lang.invoke.DirectMethodHandle$Holder.invokeSpecial(java.lang.Object, java.lang.Object)'> (0x0000000088c7f0e0) thrown at [./src/hotspot/share/interpreter/linkResolver.cpp, line 773]
Event: 2.367 Thread 0x000001e759b6e800 Exception <a 'java/lang/NoSuchMethodError'{0x00000000884e5390}: 'java.lang.Object java.lang.invoke.DirectMethodHandle$Holder.invokeStatic(java.lang.Object, java.lang.Object, java.lang.Object, java.lang.Object, java.lang.Object, java.lang.Object, java.lang.Object, java.lang.Object, java.lang.Object, java.lang.Object, java.lang.Object, java.lang.Object, java.lang.Object, java.lang.Object, java.lang.Object)'> (0x00000000884e5390) thrown at [./src/hotspot/share/interpreter/linkResolver.cpp, line 773]
Event: 2.369 Thread 0x000001e759b6e800 Exception <a 'java/lang/NoSuchMethodError'{0x00000000884f3398}: 'java.lang.Object java.lang.invoke.DirectMethodHandle$Holder.invokeStatic(java.lang.Object, java.lang.Object, java.lang.Object, java.lang.Object, java.lang.Object, java.lang.Object, java.lang.Object, java.lang.Object, java.lang.Object, java.lang.Object, java.lang.Object, java.lang.Object, java.lang.Object, java.lang.Object, java.lang.Object, java.lang.Object)'> (0x00000000884f3398) thrown at [./src/hotspot/share/interpreter/linkResolver.cpp, l
Event: 2.371 Thread 0x000001e759b6e800 Exception <a 'java/lang/NoSuchMethodError'{0x0000000088301b00}: 'java.lang.Object java.lang.invoke.DirectMethodHandle$Holder.invokeSpecial(java.lang.Object, java.lang.Object, int, int, java.lang.Object, java.lang.Object, java.lang.Object)'> (0x0000000088301b00) thrown at [./src/hotspot/share/interpreter/linkResolver.cpp, line 773]
Event: 2.371 Thread 0x000001e759b6e800 Exception <a 'java/lang/NoSuchMethodError'{0x0000000088305338}: 'java.lang.Object java.lang.invoke.DelegatingMethodHandle$Holder.reinvoke_L(java.lang.Object, int, int, java.lang.Object, java.lang.Object, java.lang.Object)'> (0x0000000088305338) thrown at [./src/hotspot/share/interpreter/linkResolver.cpp, line 773]
Event: 2.372 Thread 0x000001e759b6e800 Exception <a 'java/lang/NoSuchMethodError'{0x00000000883096c0}: 'java.lang.Object java.lang.invoke.DirectMethodHandle$Holder.invokeStatic(java.lang.Object, java.lang.Object, java.lang.Object, java.lang.Object, int)'> (0x00000000883096c0) thrown at [./src/hotspot/share/interpreter/linkResolver.cpp, line 773]
Event: 2.455 Thread 0x000001e759b6e800 Exception <a 'java/lang/NoSuchMethodError'{0x000000008822efc8}: 'void java.lang.invoke.DirectMethodHandle$Holder.invokeStatic(java.lang.Object, java.lang.Object, java.lang.Object, java.lang.Object)'> (0x000000008822efc8) thrown at [./src/hotspot/share/interpreter/linkResolver.cpp, line 773]
Event: 2.599 Thread 0x000001e759b6e800 Exception <a 'java/lang/NoSuchMethodError'{0x0000000087e0e2e0}: 'void java.lang.invoke.DirectMethodHandle$Holder.invokeStaticInit(java.lang.Object, java.lang.Object)'> (0x0000000087e0e2e0) thrown at [./src/hotspot/share/interpreter/linkResolver.cpp, line 773]
Event: 2.752 Thread 0x000001e759b6e800 Exception <a 'java/lang/NoSuchMethodError'{0x0000000087a38ff0}: 'void java.lang.invoke.DirectMethodHandle$Holder.invokeVirtual(java.lang.Object, java.lang.Object)'> (0x0000000087a38ff0) thrown at [./src/hotspot/share/interpreter/linkResolver.cpp, line 773]
Event: 2.768 Thread 0x000001e759b6e800 Exception <a 'java/lang/NoSuchMethodError'{0x0000000087ac1a88}: 'int java.lang.invoke.DirectMethodHandle$Holder.invokeVirtual(java.lang.Object, java.lang.Object)'> (0x0000000087ac1a88) thrown at [./src/hotspot/share/interpreter/linkResolver.cpp, line 773]
Event: 4.343 Thread 0x000001e759b6e800 Exception <a 'java/lang/NoSuchMethodError'{0x00000000892f5b08}: 'java.lang.Object java.lang.invoke.DirectMethodHandle$Holder.invokeVirtual(java.lang.Object, java.lang.Object, java.lang.Object)'> (0x00000000892f5b08) thrown at [./src/hotspot/share/interpreter/linkResolver.cpp, line 773]
Event: 5.318 Thread 0x000001e759b6e800 Exception <a 'java/lang/NoSuchMethodError'{0x00000000869b6e60}: 'java.lang.Object java.lang.invoke.Invokers$Holder.linkToTargetMethod(java.lang.Object, int, java.lang.Object)'> (0x00000000869b6e60) thrown at [./src/hotspot/share/interpreter/linkResolver.cpp, line 773]
Event: 5.639 Thread 0x000001e759b6e800 Exception <a 'java/lang/NoSuchMethodError'{0x00000000864c8538}: 'java.lang.Object java.lang.invoke.DirectMethodHandle$Holder.invokeStatic(java.lang.Object, java.lang.Object, java.lang.Object, int)'> (0x00000000864c8538) thrown at [./src/hotspot/share/interpreter/linkResolver.cpp, line 773]
Event: 5.639 Thread 0x000001e759b6e800 Exception <a 'java/lang/NoSuchMethodError'{0x00000000864cc1a8}: 'java.lang.Object java.lang.invoke.DirectMethodHandle$Holder.invokeSpecial(java.lang.Object, java.lang.Object, java.lang.Object, java.lang.Object, int)'> (0x00000000864cc1a8) thrown at [./src/hotspot/share/interpreter/linkResolver.cpp, line 773]
Event: 5.639 Thread 0x000001e759b6e800 Exception <a 'java/lang/NoSuchMethodError'{0x00000000864cf4b8}: 'java.lang.Object java.lang.invoke.Invokers$Holder.linkToTargetMethod(java.lang.Object, java.lang.Object, int, java.lang.Object)'> (0x00000000864cf4b8) thrown at [./src/hotspot/share/interpreter/linkResolver.cpp, line 773]
Event: 7.254 Thread 0x000001e759b6e800 Exception <a 'java/lang/NoSuchMethodError'{0x000000008891fd20}: 'java.lang.Object java.lang.invoke.DirectMethodHandle$Holder.invokeSpecial(java.lang.Object, java.lang.Object, java.lang.Object, java.lang.Object, java.lang.Object, int)'> (0x000000008891fd20) thrown at [./src/hotspot/share/interpreter/linkResolver.cpp, line 773]
Event: 7.255 Thread 0x000001e759b6e800 Exception <a 'java/lang/NoSuchMethodError'{0x00000000889238c0}: 'java.lang.Object java.lang.invoke.Invokers$Holder.linkToTargetMethod(java.lang.Object, java.lang.Object, java.lang.Object, int, java.lang.Object)'> (0x00000000889238c0) thrown at [./src/hotspot/share/interpreter/linkResolver.cpp, line 773]
Event: 8.610 Thread 0x000001e759b6e800 Exception <a 'java/lang/NoSuchMethodError'{0x000000008aeda1e8}: 'int java.lang.invoke.DirectMethodHandle$Holder.invokeInterface(java.lang.Object, java.lang.Object)'> (0x000000008aeda1e8) thrown at [./src/hotspot/share/interpreter/linkResolver.cpp, line 773]
Event: 8.823 Thread 0x000001e759b6e800 Exception <a 'java/lang/NoSuchMethodError'{0x000000008a989590}: 'java.lang.Object java.lang.invoke.DirectMethodHandle$Holder.invokeStaticInit(java.lang.Object, java.lang.Object, java.lang.Object)'> (0x000000008a989590) thrown at [./src/hotspot/share/interpreter/linkResolver.cpp, line 773]

Events (20 events):
Event: 9.223 loading class org/jetbrains/kotlin/types/checker/ClassicTypeSystemContext$substitutionSupertypePolicy$2
Event: 9.223 loading class org/jetbrains/kotlin/types/checker/ClassicTypeSystemContext$substitutionSupertypePolicy$2 done
Event: 9.224 loading class org/jetbrains/kotlin/types/TypeCheckerState$SupertypesPolicy$DoCustomTransform
Event: 9.224 loading class org/jetbrains/kotlin/types/TypeCheckerState$SupertypesPolicy$DoCustomTransform done
Event: 9.224 loading class org/jetbrains/kotlin/types/TypeCheckerState$SupertypesPolicy$None
Event: 9.224 loading class org/jetbrains/kotlin/types/TypeCheckerState$SupertypesPolicy$None done
Event: 9.260 Executing VM operation: ICBufferFull
Event: 9.260 Executing VM operation: ICBufferFull done
Event: 9.377 loading class org/jetbrains/kotlin/load/java/lazy/descriptors/LazyJavaClassMemberScope$computeNonDeclaredProperties$1
Event: 9.377 loading class org/jetbrains/kotlin/load/java/lazy/descriptors/LazyJavaClassMemberScope$computeNonDeclaredProperties$1 done
Event: 9.378 loading class org/jetbrains/kotlin/load/java/lazy/descriptors/LazyJavaClassMemberScope$computeNonDeclaredProperties$2
Event: 9.378 loading class org/jetbrains/kotlin/load/java/lazy/descriptors/LazyJavaClassMemberScope$computeNonDeclaredProperties$2 done
Event: 9.378 Executing VM operation: ICBufferFull
Event: 9.378 Executing VM operation: ICBufferFull done
Event: 9.433 loading class org/jetbrains/kotlin/descriptors/impl/FunctionDescriptorImpl$1
Event: 9.433 loading class org/jetbrains/kotlin/descriptors/impl/FunctionDescriptorImpl$1 done
Event: 9.518 Executing VM operation: ICBufferFull
Event: 9.518 Executing VM operation: ICBufferFull done
Event: 9.723 Executing VM operation: ICBufferFull
Event: 9.723 Executing VM operation: ICBufferFull done


Dynamic libraries:
0x00007ff6b0020000 - 0x00007ff6b002a000 	C:\Program Files\Android\Android Studio\jre\bin\java.exe
0x00007ff9be250000 - 0x00007ff9be464000 	C:\WINDOWS\SYSTEM32\ntdll.dll
0x00007ff9bca70000 - 0x00007ff9bcb32000 	C:\WINDOWS\System32\KERNEL32.DLL
0x00007ff9bb940000 - 0x00007ff9bbcdc000 	C:\WINDOWS\System32\KERNELBASE.dll
0x00007ff9bb6b0000 - 0x00007ff9bb7c1000 	C:\WINDOWS\System32\ucrtbase.dll
0x00007ff997260000 - 0x00007ff997277000 	C:\Program Files\Android\Android Studio\jre\bin\VCRUNTIME140.dll
0x00007ff99c3f0000 - 0x00007ff99c409000 	C:\Program Files\Android\Android Studio\jre\bin\jli.dll
0x00007ff9bd210000 - 0x00007ff9bd3ba000 	C:\WINDOWS\System32\USER32.dll
0x00007ff99e060000 - 0x00007ff99e2ee000 	C:\WINDOWS\WinSxS\amd64_microsoft.windows.common-controls_6595b64144ccf1df_6.0.22621.608_none_a9444ca7c10bb01d\COMCTL32.dll
0x00007ff9bb680000 - 0x00007ff9bb6a6000 	C:\WINDOWS\System32\win32u.dll
0x00007ff9bd160000 - 0x00007ff9bd207000 	C:\WINDOWS\System32\msvcrt.dll
0x00007ff9bcd00000 - 0x00007ff9bcd29000 	C:\WINDOWS\System32\GDI32.dll
0x00007ff9bbe10000 - 0x00007ff9bbf22000 	C:\WINDOWS\System32\gdi32full.dll
0x00007ff9bbfb0000 - 0x00007ff9bc04a000 	C:\WINDOWS\System32\msvcp_win.dll
0x00007ff9be1d0000 - 0x00007ff9be201000 	C:\WINDOWS\System32\IMM32.DLL
0x00007ff984e40000 - 0x00007ff984edd000 	C:\Program Files\Android\Android Studio\jre\bin\msvcp140.dll
0x00007ff933810000 - 0x00007ff9342f5000 	C:\Program Files\Android\Android Studio\jre\bin\server\jvm.dll
0x00007ff9be120000 - 0x00007ff9be1ce000 	C:\WINDOWS\System32\ADVAPI32.dll
0x00007ff9bd5c0000 - 0x00007ff9bd664000 	C:\WINDOWS\System32\sechost.dll
0x00007ff9bcd30000 - 0x00007ff9bce45000 	C:\WINDOWS\System32\RPCRT4.dll
0x00007ff9bcf50000 - 0x00007ff9bcf58000 	C:\WINDOWS\System32\PSAPI.DLL
0x00007ff99f310000 - 0x00007ff99f319000 	C:\WINDOWS\SYSTEM32\WSOCK32.dll
0x00007ff9b3e30000 - 0x00007ff9b3e64000 	C:\WINDOWS\SYSTEM32\WINMM.dll
0x00007ff9bd3c0000 - 0x00007ff9bd431000 	C:\WINDOWS\System32\WS2_32.dll
0x00007ff9b4c50000 - 0x00007ff9b4c5a000 	C:\WINDOWS\SYSTEM32\VERSION.dll
0x00007ff9ba7f0000 - 0x00007ff9ba808000 	C:\WINDOWS\SYSTEM32\kernel.appcore.dll
0x00007ff997ca0000 - 0x00007ff997cb1000 	C:\Program Files\Android\Android Studio\jre\bin\verify.dll
0x00007ff9b9290000 - 0x00007ff9b94be000 	C:\WINDOWS\SYSTEM32\DBGHELP.DLL
0x00007ff9bdd90000 - 0x00007ff9be119000 	C:\WINDOWS\System32\combase.dll
0x00007ff9bd4b0000 - 0x00007ff9bd587000 	C:\WINDOWS\System32\OLEAUT32.dll
0x00007ff99cf00000 - 0x00007ff99cf32000 	C:\WINDOWS\SYSTEM32\dbgcore.DLL
0x00007ff9bbf30000 - 0x00007ff9bbfab000 	C:\WINDOWS\System32\bcryptPrimitives.dll
0x00007ff997c00000 - 0x00007ff997c29000 	C:\Program Files\Android\Android Studio\jre\bin\java.dll
0x00007ff99c480000 - 0x00007ff99c48b000 	C:\Program Files\Android\Android Studio\jre\bin\jimage.dll
0x00007ff984c70000 - 0x00007ff984c88000 	C:\Program Files\Android\Android Studio\jre\bin\zip.dll
0x00007ff9bc050000 - 0x00007ff9bc82e000 	C:\WINDOWS\System32\SHELL32.dll
0x00007ff9b96f0000 - 0x00007ff9b9fa7000 	C:\WINDOWS\SYSTEM32\windows.storage.dll
0x00007ff9b95b0000 - 0x00007ff9b96ed000 	C:\WINDOWS\SYSTEM32\wintypes.dll
0x00007ff9bce50000 - 0x00007ff9bcf41000 	C:\WINDOWS\System32\SHCORE.dll
0x00007ff9bca10000 - 0x00007ff9bca6e000 	C:\WINDOWS\System32\shlwapi.dll
0x00007ff9bb5b0000 - 0x00007ff9bb5d1000 	C:\WINDOWS\SYSTEM32\profapi.dll
0x00007ff984c50000 - 0x00007ff984c6a000 	C:\Program Files\Android\Android Studio\jre\bin\net.dll
0x00007ff9b3b10000 - 0x00007ff9b3c3f000 	C:\WINDOWS\SYSTEM32\WINHTTP.dll
0x00007ff9bac50000 - 0x00007ff9bacb9000 	C:\WINDOWS\system32\mswsock.dll
0x00007ff984c30000 - 0x00007ff984c44000 	C:\Program Files\Android\Android Studio\jre\bin\nio.dll

dbghelp: loaded successfully - version: 4.0.5 - missing functions: none
symbol engine: initialized successfully - sym options: 0x614 - pdb path: .;C:\Program Files\Android\Android Studio\jre\bin;C:\WINDOWS\SYSTEM32;C:\WINDOWS\WinSxS\amd64_microsoft.windows.common-controls_6595b64144ccf1df_6.0.22621.608_none_a9444ca7c10bb01d;C:\Program Files\Android\Android Studio\jre\bin\server

VM Arguments:
java_command: org.jetbrains.kotlin.cli.jvm.K2JVMCompiler @C:\Users\jeova\Desktop\Entrega_Final\AppAtizap-n\app\build\20221018_6819176602193288956.compiler.options
java_class_path (initial): C:\Users\jeova\.gradle\caches\modules-2\files-2.1\org.jetbrains.kotlin\kotlin-compiler-embeddable\1.7.10\909803167c98606fcf22b4c848647c68e351d48d\kotlin-compiler-embeddable-1.7.10.jar;C:\Users\jeova\.gradle\caches\modules-2\files-2.1\org.jetbrains.kotlin\kotlin-reflect\1.7.10\165e600dfea6185cf5efa700756294cc4904dbeb\kotlin-reflect-1.7.10.jar;C:\Users\jeova\.gradle\caches\modules-2\files-2.1\org.jetbrains.kotlin\kotlin-stdlib\1.7.10\d2abf9e77736acc4450dc4a3f707fa2c10f5099d\kotlin-stdlib-1.7.10.jar;C:\Users\jeova\.gradle\caches\modules-2\files-2.1\org.jetbrains.kotlin\kotlin-script-runtime\1.7.10\c99c87a6988d8fd8d5142e9ed5c9f34a7cf561ee\kotlin-script-runtime-1.7.10.jar;C:\Users\jeova\.gradle\caches\modules-2\files-2.1\org.jetbrains.kotlin\kotlin-daemon-embeddable\1.7.10\3a9f7aef7080d3ae63126cbba4f827ed664f32fa\kotlin-daemon-embeddable-1.7.10.jar;C:\Users\jeova\.gradle\caches\modules-2\files-2.1\org.jetbrains.intellij.deps\trove4j\1.0.20200330\3afb14d5f9ceb459d724e907a21145e8ff394f02\trove4j-1.0.20200330.jar;C:\Users\jeova\.gradle\caches\modules-2\files-2.1\net.java.dev.jna\jna\5.6.0\330f2244e9030119ab3030fc3fededc86713d9cc\jna-5.6.0.jar;C:\Users\jeova\.gradle\caches\modules-2\files-2.1\org.jetbrains.kotlin\kotlin-stdlib-common\1.7.10\bac80c520d0a9e3f3673bc2658c6ed02ef45a76a\kotlin-stdlib-common-1.7.10.jar;C:\Users\jeova\.gradle\caches\modules-2\files-2.1\org.jetbrains\annotations\13.0\919f0dfe192fb4e063e7dacadee7f8bb9a2672a9\annotations-13.0.jar
Launcher Type: SUN_STANDARD

[Global flags]
     intx CICompilerCount                          = 3                                         {product} {ergonomic}
     uint ConcGCThreads                            = 1                                         {product} {ergonomic}
     uint G1ConcRefinementThreads                  = 4                                         {product} {ergonomic}
   size_t G1HeapRegionSize                         = 1048576                                   {product} {ergonomic}
    uintx GCDrainStackTargetSize                   = 64                                        {product} {ergonomic}
   size_t InitialHeapSize                          = 134217728                                 {product} {ergonomic}
   size_t MarkStackSize                            = 4194304                                   {product} {ergonomic}
   size_t MaxHeapSize                              = 2126512128                                {product} {ergonomic}
   size_t MaxNewSize                               = 1275068416                                {product} {ergonomic}
   size_t MinHeapDeltaBytes                        = 1048576                                   {product} {ergonomic}
    uintx NonNMethodCodeHeapSize                   = 5830732                                {pd product} {ergonomic}
    uintx NonProfiledCodeHeapSize                  = 122913754                              {pd product} {ergonomic}
    uintx ProfiledCodeHeapSize                     = 122913754                              {pd product} {ergonomic}
    uintx ReservedCodeCacheSize                    = 251658240                              {pd product} {ergonomic}
     bool SegmentedCodeCache                       = true                                      {product} {ergonomic}
     bool UseCompressedClassPointers               = true                                 {lp64_product} {ergonomic}
     bool UseCompressedOops                        = true                                 {lp64_product} {ergonomic}
     bool UseG1GC                                  = true                                      {product} {ergonomic}
     bool UseLargePagesIndividualAllocation        = false                                  {pd product} {ergonomic}

Logging:
Log output configuration:
 #0: stdout all=warning uptime,level,tags
 #1: stderr all=off uptime,level,tags

Environment Variables:
PATH=C:\Program Files (x86)\Common Files\Oracle\Java\javapath;C:\WINDOWS\system32;C:\WINDOWS;C:\WINDOWS\System32\Wbem;C:\WINDOWS\System32\WindowsPowerShell\v1.0\;C:\WINDOWS\System32\OpenSSH\;C:\Program Files\MATLAB\R2020b\bin;C:\Program Files\dotnet\;C:\Program Files\Microsoft SQL Server\Client SDK\ODBC\170\Tools\Binn\;C:\Program Files\Azure Data Studio\bin;C:\Program Files\nodejs\;C:\Program Files (x86)\Microsoft SQL Server\150\DTS\Binn\;C:\Program Files (x86)\Microsoft SQL Server\150\Tools\Binn\;C:\Program Files\Microsoft SQL Server\150\Tools\Binn\;C:\Program Files\Microsoft SQL Server\150\DTS\Binn\;C:\Program Files\Microsoft SQL Server\130\Tools\Binn\;C:\Program Files (x86)\dotnet\;C:\Program Files\Git\cmd;C:\Program Files\Intel\Intel(R) Memory and Storage Tool\;C:\Users\jeova\AppData\Local\Programs\Python\Python39\Scripts\;C:\Users\jeova\AppData\Local\Programs\Python\Python39\;C:\Users\jeova\AppData\Local\Microsoft\WindowsApps;C:\Users\jeova\AppData\Local\Programs\Microsoft VS Code\bin;C:\Users\jeova\.dotnet\tools;C:\Program Files\Azure Data Studio\bin;C:\Users\jeova\AppData\Roaming\npm;C:\Users\jeova\AppData\Local\GitHubDesktop\bin;C:\Users\jeova\OneDrive\Escritorio\ESCRITORIO\CEM;
USERNAME=jeova
OS=Windows_NT
PROCESSOR_IDENTIFIER=Intel64 Family 6 Model 142 Stepping 10, GenuineIntel



---------------  S Y S T E M  ---------------

OS: Windows 10 , 64 bit Build 22621 (10.0.22621.608)
OS uptime: 0 days 1:28 hours

CPU:total 4 (initial active 4) (2 cores per cpu, 2 threads per core) family 6 model 142 stepping 10 microcode 0xe0, cmov, cx8, fxsr, mmx, sse, sse2, sse3, ssse3, sse4.1, sse4.2, popcnt, avx, avx2, aes, clmul, erms, 3dnowpref, lzcnt, ht, tsc, tscinvbit, bmi1, bmi2, adx, fma

Memory: 4k page, system-wide physical 8107M (643M free)
TotalPageFile size 8107M (AvailPageFile size 5M)
current process WorkingSet (physical memory assigned to process): 305M, peak: 305M
current process commit charge ("private bytes"): 371M, peak: 373M

vm_info: OpenJDK 64-Bit Server VM (11.0.12+7-b1504.28-7817840) for windows-amd64 JRE (11.0.12+7-b1504.28-7817840), built on Oct 13 2021 22:12:33 by "builder" with MS VC++ 14.0 (VS2015)

END.
