#
# There is insufficient memory for the Java Runtime Environment to continue.
# Native memory allocation (malloc) failed to allocate 658016 bytes for Chunk::new
# Possible reasons:
#   The system is out of physical RAM or swap space
#   The process is running with CompressedOops enabled, and the Java Heap may be blocking the growth of the native heap
# Possible solutions:
#   Reduce memory load on the system
#   Increase physical memory or swap space
#   Check if swap backing store is full
#   Decrease Java heap size (-Xmx/-Xms)
#   Decrease number of Java threads
#   Decrease Java thread stack sizes (-Xss)
#   Set larger code cache with -XX:ReservedCodeCacheSize=
#   JVM is running with Unscaled Compressed Oops mode in which the Java heap is
#     placed in the first 4GB address space. The Java Heap base address is the
#     maximum limit for the native heap growth. Please use -XX:HeapBaseMinAddress
#     to set the Java Heap base and to place the Java Heap above 4GB virtual address.
# This output file may be truncated or incomplete.
#
#  Out of Memory Error (./src/hotspot/share/memory/arena.cpp:197), pid=3304, tid=2636
#
# JRE version: OpenJDK Runtime Environment (11.0.12+7) (build 11.0.12+7-b1504.28-7817840)
# Java VM: OpenJDK 64-Bit Server VM (11.0.12+7-b1504.28-7817840, mixed mode, tiered, compressed oops, g1 gc, windows-amd64)
# No core dump will be written. Minidumps are not enabled by default on client versions of Windows
#

---------------  S U M M A R Y ------------

Command Line: org.jetbrains.kotlin.cli.jvm.K2JVMCompiler @C:\Users\jeova\Desktop\Proyecto\ProyectoEquipo4 (1)\ProyectoEquipo4\app\build\20221009_10507032348443501041.compiler.options

Host: Intel(R) Core(TM) i3-7020U CPU @ 2.30GHz, 4 cores, 7G,  Windows 10 , 64 bit Build 22621 (10.0.22621.608)
Time: Sun Oct  9 00:26:55 2022 Hora de verano central (México) elapsed time: 22.675463 seconds (0d 0h 0m 22s)

---------------  T H R E A D  ---------------

Current thread (0x0000024461fad000):  JavaThread "C2 CompilerThread1" daemon [_thread_in_native, id=2636, stack(0x00000086b9000000,0x00000086b9100000)]


Current CompileTask:
C2:  22675 12092       4       org.jetbrains.kotlin.types.AbstractTypeMapper::mapType (910 bytes)

Stack: [0x00000086b9000000,0x00000086b9100000]
Native frames: (J=compiled Java code, j=interpreted, Vv=VM code, C=native code)
V  [jvm.dll+0x5fbcea]
V  [jvm.dll+0x731905]
V  [jvm.dll+0x732f1d]
V  [jvm.dll+0x7335d3]
V  [jvm.dll+0x247bf8]
V  [jvm.dll+0xc018c]
V  [jvm.dll+0xc06cc]
V  [jvm.dll+0x2bcc04]
V  [jvm.dll+0x5113a8]
V  [jvm.dll+0x208303]
V  [jvm.dll+0x201fe0]
V  [jvm.dll+0x1ff71f]
V  [jvm.dll+0x18868c]
V  [jvm.dll+0x20e0d7]
V  [jvm.dll+0x20c901]
V  [jvm.dll+0x6f9b7f]
V  [jvm.dll+0x6f26a5]
V  [jvm.dll+0x5fabf6]
C  [ucrtbase.dll+0x29363]
C  [KERNEL32.DLL+0x1244d]
C  [ntdll.dll+0x5df78]


---------------  P R O C E S S  ---------------

Threads class SMR info:
_java_thread_list=0x000002445f091160, length=11, elements={
0x000002444471b800, 0x000002445e266000, 0x000002445e289000, 0x000002445e2b7000,
0x000002445e2b8000, 0x000002445e2bb000, 0x000002445e2bd000, 0x000002445ec46800,
0x000002445ec49800, 0x000002445eda9800, 0x0000024461fad000
}

Java Threads: ( => current thread )
  0x000002444471b800 JavaThread "main" [_thread_in_Java, id=4500, stack(0x00000086b7f00000,0x00000086b8000000)]
  0x000002445e266000 JavaThread "Reference Handler" daemon [_thread_blocked, id=12276, stack(0x00000086b8600000,0x00000086b8700000)]
  0x000002445e289000 JavaThread "Finalizer" daemon [_thread_blocked, id=13288, stack(0x00000086b8700000,0x00000086b8800000)]
  0x000002445e2b7000 JavaThread "Signal Dispatcher" daemon [_thread_blocked, id=916, stack(0x00000086b8800000,0x00000086b8900000)]
  0x000002445e2b8000 JavaThread "Attach Listener" daemon [_thread_blocked, id=12380, stack(0x00000086b8900000,0x00000086b8a00000)]
  0x000002445e2bb000 JavaThread "Service Thread" daemon [_thread_blocked, id=6676, stack(0x00000086b8a00000,0x00000086b8b00000)]
  0x000002445e2bd000 JavaThread "C2 CompilerThread0" daemon [_thread_in_native, id=2140, stack(0x00000086b8b00000,0x00000086b8c00000)]
  0x000002445ec46800 JavaThread "C1 CompilerThread0" daemon [_thread_in_vm, id=13788, stack(0x00000086b8c00000,0x00000086b8d00000)]
  0x000002445ec49800 JavaThread "Sweeper thread" daemon [_thread_blocked, id=5480, stack(0x00000086b8d00000,0x00000086b8e00000)]
  0x000002445eda9800 JavaThread "Common-Cleaner" daemon [_thread_blocked, id=7304, stack(0x00000086b8f00000,0x00000086b9000000)]
=>0x0000024461fad000 JavaThread "C2 CompilerThread1" daemon [_thread_in_native, id=2636, stack(0x00000086b9000000,0x00000086b9100000)]

Other Threads:
  0x000002445e262000 VMThread "VM Thread" [stack: 0x00000086b8500000,0x00000086b8600000] [id=7900]
  0x000002445ed9f000 WatcherThread [stack: 0x00000086b8e00000,0x00000086b8f00000] [id=6076]
  0x0000024444734000 GCTaskThread "GC Thread#0" [stack: 0x00000086b8000000,0x00000086b8100000] [id=3892]
  0x000002445f2e5000 GCTaskThread "GC Thread#1" [stack: 0x00000086b9100000,0x00000086b9200000] [id=11680]
  0x000002445f2e5800 GCTaskThread "GC Thread#2" [stack: 0x00000086b9200000,0x00000086b9300000] [id=4876]
  0x00000244659a0800 GCTaskThread "GC Thread#3" [stack: 0x00000086b9300000,0x00000086b9400000] [id=4664]
  0x0000024444763800 ConcurrentGCThread "G1 Main Marker" [stack: 0x00000086b8100000,0x00000086b8200000] [id=13732]
  0x0000024444766000 ConcurrentGCThread "G1 Conc#0" [stack: 0x00000086b8200000,0x00000086b8300000] [id=11892]
  0x00000244447ed800 ConcurrentGCThread "G1 Refine#0" [stack: 0x00000086b8300000,0x00000086b8400000] [id=3464]
  0x000002445e0d2800 ConcurrentGCThread "G1 Young RemSet Sampling" [stack: 0x00000086b8400000,0x00000086b8500000] [id=9648]

Threads with active compile tasks:
C2 CompilerThread0  22815 12114       4       org.jetbrains.org.objectweb.asm.ClassReader::readCode (5089 bytes)
C1 CompilerThread0  22815 12209       3       kotlin.text.StringsKt__StringsJVMKt::repeat (270 bytes)
C2 CompilerThread1  22815 12092       4       org.jetbrains.kotlin.types.AbstractTypeMapper::mapType (910 bytes)

VM state:not at safepoint (normal execution)

VM Mutex/Monitor currently owned by a thread: None

Heap address: 0x0000000081400000, size: 2028 MB, Compressed Oops mode: 32-bit
Narrow klass base: 0x0000000000000000, Narrow klass shift: 3
Compressed class space size: 1073741824 Address: 0x0000000100000000

Heap:
 garbage-first heap   total 189440K, used 122122K [0x0000000081400000, 0x0000000100000000)
  region size 1024K, 64 young (65536K), 5 survivors (5120K)
 Metaspace       used 82649K, capacity 83483K, committed 83584K, reserved 1124352K
  class space    used 8952K, capacity 9272K, committed 9344K, reserved 1048576K
Heap Regions: E=young(eden), S=young(survivor), O=old, HS=humongous(starts), HC=humongous(continues), CS=collection set, F=free, A=archive, TAMS=top-at-mark-start (previous, next)
|   0|0x0000000081400000, 0x0000000081500000, 0x0000000081500000|100%|HS|  |TAMS 0x0000000081500000, 0x0000000081400000| Complete 
|   1|0x0000000081500000, 0x0000000081600000, 0x0000000081600000|100%|HC|  |TAMS 0x0000000081600000, 0x0000000081500000| Complete 
|   2|0x0000000081600000, 0x0000000081700000, 0x0000000081700000|100%|HC|  |TAMS 0x0000000081700000, 0x0000000081600000| Complete 
|   3|0x0000000081700000, 0x0000000081800000, 0x0000000081800000|100%| O|  |TAMS 0x0000000081800000, 0x0000000081700000| Untracked 
|   4|0x0000000081800000, 0x0000000081900000, 0x0000000081900000|100%| O|  |TAMS 0x0000000081900000, 0x0000000081800000| Untracked 
|   5|0x0000000081900000, 0x0000000081a00000, 0x0000000081a00000|100%|HS|  |TAMS 0x0000000081a00000, 0x0000000081900000| Complete 
|   6|0x0000000081a00000, 0x0000000081b00000, 0x0000000081b00000|100%|HC|  |TAMS 0x0000000081b00000, 0x0000000081a00000| Complete 
|   7|0x0000000081b00000, 0x0000000081c00000, 0x0000000081c00000|100%|HC|  |TAMS 0x0000000081c00000, 0x0000000081b00000| Complete 
|   8|0x0000000081c00000, 0x0000000081d00000, 0x0000000081d00000|100%|HS|  |TAMS 0x0000000081d00000, 0x0000000081c00000| Complete 
|   9|0x0000000081d00000, 0x0000000081e00000, 0x0000000081e00000|100%|HC|  |TAMS 0x0000000081e00000, 0x0000000081d00000| Complete 
|  10|0x0000000081e00000, 0x0000000081f00000, 0x0000000081f00000|100%| O|  |TAMS 0x0000000081f00000, 0x0000000081e00000| Untracked 
|  11|0x0000000081f00000, 0x0000000082000000, 0x0000000082000000|100%| O|  |TAMS 0x0000000082000000, 0x0000000081f00000| Untracked 
|  12|0x0000000082000000, 0x0000000082100000, 0x0000000082100000|100%| O|  |TAMS 0x0000000082100000, 0x0000000082000000| Untracked 
|  13|0x0000000082100000, 0x0000000082200000, 0x0000000082200000|100%| O|  |TAMS 0x0000000082200000, 0x0000000082100000| Untracked 
|  14|0x0000000082200000, 0x0000000082300000, 0x0000000082300000|100%| O|  |TAMS 0x0000000082300000, 0x0000000082200000| Untracked 
|  15|0x0000000082300000, 0x0000000082400000, 0x0000000082400000|100%| O|  |TAMS 0x0000000082400000, 0x0000000082300000| Untracked 
|  16|0x0000000082400000, 0x0000000082500000, 0x0000000082500000|100%| O|  |TAMS 0x0000000082500000, 0x0000000082400000| Untracked 
|  17|0x0000000082500000, 0x0000000082600000, 0x0000000082600000|100%| O|  |TAMS 0x0000000082600000, 0x0000000082500000| Untracked 
|  18|0x0000000082600000, 0x0000000082700000, 0x0000000082700000|100%| O|  |TAMS 0x0000000082700000, 0x0000000082600000| Untracked 
|  19|0x0000000082700000, 0x0000000082800000, 0x0000000082800000|100%| O|  |TAMS 0x0000000082800000, 0x0000000082700000| Untracked 
|  20|0x0000000082800000, 0x0000000082900000, 0x0000000082900000|100%| O|  |TAMS 0x0000000082900000, 0x0000000082800000| Untracked 
|  21|0x0000000082900000, 0x0000000082a00000, 0x0000000082a00000|100%| O|  |TAMS 0x0000000082a00000, 0x0000000082900000| Untracked 
|  22|0x0000000082a00000, 0x0000000082b00000, 0x0000000082b00000|100%| O|  |TAMS 0x0000000082b00000, 0x0000000082a00000| Untracked 
|  23|0x0000000082b00000, 0x0000000082c00000, 0x0000000082c00000|100%| O|  |TAMS 0x0000000082c00000, 0x0000000082b00000| Untracked 
|  24|0x0000000082c00000, 0x0000000082d00000, 0x0000000082d00000|100%| O|  |TAMS 0x0000000082d00000, 0x0000000082c00000| Untracked 
|  25|0x0000000082d00000, 0x0000000082e00000, 0x0000000082e00000|100%| O|  |TAMS 0x0000000082e00000, 0x0000000082d00000| Untracked 
|  26|0x0000000082e00000, 0x0000000082f00000, 0x0000000082f00000|100%| O|  |TAMS 0x0000000082f00000, 0x0000000082e00000| Untracked 
|  27|0x0000000082f00000, 0x0000000083000000, 0x0000000083000000|100%| O|  |TAMS 0x0000000083000000, 0x0000000082f00000| Untracked 
|  28|0x0000000083000000, 0x0000000083100000, 0x0000000083100000|100%| O|  |TAMS 0x0000000083100000, 0x0000000083000000| Untracked 
|  29|0x0000000083100000, 0x0000000083200000, 0x0000000083200000|100%| O|  |TAMS 0x0000000083200000, 0x0000000083100000| Untracked 
|  30|0x0000000083200000, 0x0000000083300000, 0x0000000083300000|100%| O|  |TAMS 0x0000000083300000, 0x0000000083200000| Untracked 
|  31|0x0000000083300000, 0x0000000083400000, 0x0000000083400000|100%| O|  |TAMS 0x0000000083400000, 0x0000000083300000| Untracked 
|  32|0x0000000083400000, 0x0000000083500000, 0x0000000083500000|100%| O|  |TAMS 0x0000000083500000, 0x0000000083400000| Untracked 
|  33|0x0000000083500000, 0x0000000083600000, 0x0000000083600000|100%| O|  |TAMS 0x0000000083600000, 0x0000000083500000| Untracked 
|  34|0x0000000083600000, 0x0000000083700000, 0x0000000083700000|100%| O|  |TAMS 0x0000000083700000, 0x0000000083600000| Untracked 
|  35|0x0000000083700000, 0x0000000083800000, 0x0000000083800000|100%| O|  |TAMS 0x0000000083800000, 0x0000000083700000| Untracked 
|  36|0x0000000083800000, 0x0000000083900000, 0x0000000083900000|100%| O|  |TAMS 0x0000000083900000, 0x0000000083800000| Untracked 
|  37|0x0000000083900000, 0x0000000083a00000, 0x0000000083a00000|100%| O|  |TAMS 0x0000000083a00000, 0x0000000083900000| Untracked 
|  38|0x0000000083a00000, 0x0000000083b00000, 0x0000000083b00000|100%| O|  |TAMS 0x0000000083b00000, 0x0000000083a00000| Untracked 
|  39|0x0000000083b00000, 0x0000000083c00000, 0x0000000083c00000|100%| O|  |TAMS 0x0000000083c00000, 0x0000000083b00000| Untracked 
|  40|0x0000000083c00000, 0x0000000083d00000, 0x0000000083d00000|100%| O|  |TAMS 0x0000000083d00000, 0x0000000083c00000| Untracked 
|  41|0x0000000083d00000, 0x0000000083e00000, 0x0000000083e00000|100%| O|  |TAMS 0x0000000083e00000, 0x0000000083d00000| Untracked 
|  42|0x0000000083e00000, 0x0000000083f00000, 0x0000000083f00000|100%| O|  |TAMS 0x0000000083f00000, 0x0000000083e00000| Untracked 
|  43|0x0000000083f00000, 0x0000000084000000, 0x0000000084000000|100%| O|  |TAMS 0x0000000084000000, 0x0000000083f00000| Untracked 
|  44|0x0000000084000000, 0x0000000084100000, 0x0000000084100000|100%| O|  |TAMS 0x0000000084100000, 0x0000000084000000| Untracked 
|  45|0x0000000084100000, 0x0000000084200000, 0x0000000084200000|100%| O|  |TAMS 0x0000000084200000, 0x0000000084100000| Untracked 
|  46|0x0000000084200000, 0x0000000084300000, 0x0000000084300000|100%| O|  |TAMS 0x0000000084300000, 0x0000000084200000| Untracked 
|  47|0x0000000084300000, 0x0000000084400000, 0x0000000084400000|100%| O|  |TAMS 0x0000000084400000, 0x0000000084300000| Untracked 
|  48|0x0000000084400000, 0x0000000084500000, 0x0000000084500000|100%| O|  |TAMS 0x0000000084500000, 0x0000000084400000| Untracked 
|  49|0x0000000084500000, 0x0000000084600000, 0x0000000084600000|100%| O|  |TAMS 0x0000000084600000, 0x0000000084500000| Untracked 
|  50|0x0000000084600000, 0x0000000084700000, 0x0000000084700000|100%| O|  |TAMS 0x0000000084700000, 0x0000000084600000| Untracked 
|  51|0x0000000084700000, 0x0000000084800000, 0x0000000084800000|100%| O|  |TAMS 0x0000000084800000, 0x0000000084700000| Untracked 
|  52|0x0000000084800000, 0x0000000084900000, 0x0000000084900000|100%| O|  |TAMS 0x0000000084900000, 0x0000000084800000| Untracked 
|  53|0x0000000084900000, 0x0000000084a00000, 0x0000000084a00000|100%| O|  |TAMS 0x0000000084a00000, 0x0000000084900000| Untracked 
|  54|0x0000000084a00000, 0x0000000084b00000, 0x0000000084b00000|100%| O|  |TAMS 0x0000000084b00000, 0x0000000084a00000| Untracked 
|  55|0x0000000084b00000, 0x0000000084c00000, 0x0000000084c00000|100%| O|  |TAMS 0x0000000084c00000, 0x0000000084b00000| Untracked 
|  56|0x0000000084c00000, 0x0000000084c65000, 0x0000000084d00000| 39%| O|  |TAMS 0x0000000084c65000, 0x0000000084c00000| Untracked 
|  57|0x0000000084d00000, 0x0000000084d00000, 0x0000000084e00000|  0%| F|  |TAMS 0x0000000084d00000, 0x0000000084d00000| Untracked 
|  58|0x0000000084e00000, 0x0000000084e00000, 0x0000000084f00000|  0%| F|  |TAMS 0x0000000084e00000, 0x0000000084e00000| Untracked 
|  59|0x0000000084f00000, 0x0000000084f00000, 0x0000000085000000|  0%| F|  |TAMS 0x0000000084f00000, 0x0000000084f00000| Untracked 
|  60|0x0000000085000000, 0x0000000085000000, 0x0000000085100000|  0%| F|  |TAMS 0x0000000085000000, 0x0000000085000000| Untracked 
|  61|0x0000000085100000, 0x0000000085100000, 0x0000000085200000|  0%| F|  |TAMS 0x0000000085100000, 0x0000000085100000| Untracked 
|  62|0x0000000085200000, 0x0000000085200000, 0x0000000085300000|  0%| F|  |TAMS 0x0000000085200000, 0x0000000085200000| Untracked 
|  63|0x0000000085300000, 0x0000000085300000, 0x0000000085400000|  0%| F|  |TAMS 0x0000000085300000, 0x0000000085300000| Untracked 
|  64|0x0000000085400000, 0x0000000085400000, 0x0000000085500000|  0%| F|  |TAMS 0x0000000085400000, 0x0000000085400000| Untracked 
|  65|0x0000000085500000, 0x0000000085500000, 0x0000000085600000|  0%| F|  |TAMS 0x0000000085500000, 0x0000000085500000| Untracked 
|  66|0x0000000085600000, 0x0000000085600000, 0x0000000085700000|  0%| F|  |TAMS 0x0000000085600000, 0x0000000085600000| Untracked 
|  67|0x0000000085700000, 0x0000000085700000, 0x0000000085800000|  0%| F|  |TAMS 0x0000000085700000, 0x0000000085700000| Untracked 
|  68|0x0000000085800000, 0x0000000085800000, 0x0000000085900000|  0%| F|  |TAMS 0x0000000085800000, 0x0000000085800000| Untracked 
|  69|0x0000000085900000, 0x0000000085900000, 0x0000000085a00000|  0%| F|  |TAMS 0x0000000085900000, 0x0000000085900000| Untracked 
|  70|0x0000000085a00000, 0x0000000085a00000, 0x0000000085b00000|  0%| F|  |TAMS 0x0000000085a00000, 0x0000000085a00000| Untracked 
|  71|0x0000000085b00000, 0x0000000085b00000, 0x0000000085c00000|  0%| F|  |TAMS 0x0000000085b00000, 0x0000000085b00000| Untracked 
|  72|0x0000000085c00000, 0x0000000085c00000, 0x0000000085d00000|  0%| F|  |TAMS 0x0000000085c00000, 0x0000000085c00000| Untracked 
|  73|0x0000000085d00000, 0x0000000085d00000, 0x0000000085e00000|  0%| F|  |TAMS 0x0000000085d00000, 0x0000000085d00000| Untracked 
|  74|0x0000000085e00000, 0x0000000085e00000, 0x0000000085f00000|  0%| F|  |TAMS 0x0000000085e00000, 0x0000000085e00000| Untracked 
|  75|0x0000000085f00000, 0x0000000085f00000, 0x0000000086000000|  0%| F|  |TAMS 0x0000000085f00000, 0x0000000085f00000| Untracked 
|  76|0x0000000086000000, 0x0000000086000000, 0x0000000086100000|  0%| F|  |TAMS 0x0000000086000000, 0x0000000086000000| Untracked 
|  77|0x0000000086100000, 0x0000000086100000, 0x0000000086200000|  0%| F|  |TAMS 0x0000000086100000, 0x0000000086100000| Untracked 
|  78|0x0000000086200000, 0x0000000086200000, 0x0000000086300000|  0%| F|  |TAMS 0x0000000086200000, 0x0000000086200000| Untracked 
|  79|0x0000000086300000, 0x0000000086300000, 0x0000000086400000|  0%| F|  |TAMS 0x0000000086300000, 0x0000000086300000| Untracked 
|  80|0x0000000086400000, 0x0000000086400000, 0x0000000086500000|  0%| F|  |TAMS 0x0000000086400000, 0x0000000086400000| Untracked 
|  81|0x0000000086500000, 0x0000000086500000, 0x0000000086600000|  0%| F|  |TAMS 0x0000000086500000, 0x0000000086500000| Untracked 
|  82|0x0000000086600000, 0x0000000086600000, 0x0000000086700000|  0%| F|  |TAMS 0x0000000086600000, 0x0000000086600000| Untracked 
|  83|0x0000000086700000, 0x0000000086700000, 0x0000000086800000|  0%| F|  |TAMS 0x0000000086700000, 0x0000000086700000| Untracked 
|  84|0x0000000086800000, 0x0000000086800000, 0x0000000086900000|  0%| F|  |TAMS 0x0000000086800000, 0x0000000086800000| Untracked 
|  85|0x0000000086900000, 0x0000000086900000, 0x0000000086a00000|  0%| F|  |TAMS 0x0000000086900000, 0x0000000086900000| Untracked 
|  86|0x0000000086a00000, 0x0000000086a00000, 0x0000000086b00000|  0%| F|  |TAMS 0x0000000086a00000, 0x0000000086a00000| Untracked 
|  87|0x0000000086b00000, 0x0000000086b00000, 0x0000000086c00000|  0%| F|  |TAMS 0x0000000086b00000, 0x0000000086b00000| Untracked 
|  88|0x0000000086c00000, 0x0000000086c00000, 0x0000000086d00000|  0%| F|  |TAMS 0x0000000086c00000, 0x0000000086c00000| Untracked 
|  89|0x0000000086d00000, 0x0000000086d00000, 0x0000000086e00000|  0%| F|  |TAMS 0x0000000086d00000, 0x0000000086d00000| Untracked 
|  90|0x0000000086e00000, 0x0000000086e00000, 0x0000000086f00000|  0%| F|  |TAMS 0x0000000086e00000, 0x0000000086e00000| Untracked 
|  91|0x0000000086f00000, 0x0000000086f00000, 0x0000000087000000|  0%| F|  |TAMS 0x0000000086f00000, 0x0000000086f00000| Untracked 
|  92|0x0000000087000000, 0x0000000087000000, 0x0000000087100000|  0%| F|  |TAMS 0x0000000087000000, 0x0000000087000000| Untracked 
|  93|0x0000000087100000, 0x0000000087100000, 0x0000000087200000|  0%| F|  |TAMS 0x0000000087100000, 0x0000000087100000| Untracked 
|  94|0x0000000087200000, 0x0000000087200000, 0x0000000087300000|  0%| F|  |TAMS 0x0000000087200000, 0x0000000087200000| Untracked 
|  95|0x0000000087300000, 0x0000000087300000, 0x0000000087400000|  0%| F|  |TAMS 0x0000000087300000, 0x0000000087300000| Untracked 
|  96|0x0000000087400000, 0x0000000087400000, 0x0000000087500000|  0%| F|  |TAMS 0x0000000087400000, 0x0000000087400000| Untracked 
|  97|0x0000000087500000, 0x0000000087500000, 0x0000000087600000|  0%| F|  |TAMS 0x0000000087500000, 0x0000000087500000| Untracked 
|  98|0x0000000087600000, 0x0000000087600000, 0x0000000087700000|  0%| F|  |TAMS 0x0000000087600000, 0x0000000087600000| Untracked 
|  99|0x0000000087700000, 0x0000000087700000, 0x0000000087800000|  0%| F|  |TAMS 0x0000000087700000, 0x0000000087700000| Untracked 
| 100|0x0000000087800000, 0x0000000087800000, 0x0000000087900000|  0%| F|  |TAMS 0x0000000087800000, 0x0000000087800000| Untracked 
| 101|0x0000000087900000, 0x0000000087900000, 0x0000000087a00000|  0%| F|  |TAMS 0x0000000087900000, 0x0000000087900000| Untracked 
| 102|0x0000000087a00000, 0x0000000087a00000, 0x0000000087b00000|  0%| F|  |TAMS 0x0000000087a00000, 0x0000000087a00000| Untracked 
| 103|0x0000000087b00000, 0x0000000087b00000, 0x0000000087c00000|  0%| F|  |TAMS 0x0000000087b00000, 0x0000000087b00000| Untracked 
| 104|0x0000000087c00000, 0x0000000087c00000, 0x0000000087d00000|  0%| F|  |TAMS 0x0000000087c00000, 0x0000000087c00000| Untracked 
| 105|0x0000000087d00000, 0x0000000087d00000, 0x0000000087e00000|  0%| F|  |TAMS 0x0000000087d00000, 0x0000000087d00000| Untracked 
| 106|0x0000000087e00000, 0x0000000087e00000, 0x0000000087f00000|  0%| F|  |TAMS 0x0000000087e00000, 0x0000000087e00000| Untracked 
| 107|0x0000000087f00000, 0x0000000087f00000, 0x0000000088000000|  0%| F|  |TAMS 0x0000000087f00000, 0x0000000087f00000| Untracked 
| 108|0x0000000088000000, 0x0000000088000000, 0x0000000088100000|  0%| F|  |TAMS 0x0000000088000000, 0x0000000088000000| Untracked 
| 109|0x0000000088100000, 0x0000000088100000, 0x0000000088200000|  0%| F|  |TAMS 0x0000000088100000, 0x0000000088100000| Untracked 
| 110|0x0000000088200000, 0x0000000088200000, 0x0000000088300000|  0%| F|  |TAMS 0x0000000088200000, 0x0000000088200000| Untracked 
| 111|0x0000000088300000, 0x0000000088300000, 0x0000000088400000|  0%| F|  |TAMS 0x0000000088300000, 0x0000000088300000| Untracked 
| 112|0x0000000088400000, 0x0000000088400000, 0x0000000088500000|  0%| F|  |TAMS 0x0000000088400000, 0x0000000088400000| Untracked 
| 113|0x0000000088500000, 0x0000000088500000, 0x0000000088600000|  0%| F|  |TAMS 0x0000000088500000, 0x0000000088500000| Untracked 
| 114|0x0000000088600000, 0x0000000088600000, 0x0000000088700000|  0%| F|  |TAMS 0x0000000088600000, 0x0000000088600000| Untracked 
| 115|0x0000000088700000, 0x0000000088700000, 0x0000000088800000|  0%| F|  |TAMS 0x0000000088700000, 0x0000000088700000| Untracked 
| 116|0x0000000088800000, 0x0000000088800000, 0x0000000088900000|  0%| F|  |TAMS 0x0000000088800000, 0x0000000088800000| Untracked 
| 117|0x0000000088900000, 0x0000000088900000, 0x0000000088a00000|  0%| F|  |TAMS 0x0000000088900000, 0x0000000088900000| Untracked 
| 118|0x0000000088a00000, 0x0000000088a00000, 0x0000000088b00000|  0%| F|  |TAMS 0x0000000088a00000, 0x0000000088a00000| Untracked 
| 119|0x0000000088b00000, 0x0000000088b00000, 0x0000000088c00000|  0%| F|  |TAMS 0x0000000088b00000, 0x0000000088b00000| Untracked 
| 120|0x0000000088c00000, 0x0000000088c00000, 0x0000000088d00000|  0%| F|  |TAMS 0x0000000088c00000, 0x0000000088c00000| Untracked 
| 121|0x0000000088d00000, 0x0000000088e00000, 0x0000000088e00000|100%| E|  |TAMS 0x0000000088d00000, 0x0000000088d00000| Complete 
| 122|0x0000000088e00000, 0x0000000088f00000, 0x0000000088f00000|100%| E|CS|TAMS 0x0000000088e00000, 0x0000000088e00000| Complete 
| 123|0x0000000088f00000, 0x0000000089000000, 0x0000000089000000|100%| E|CS|TAMS 0x0000000088f00000, 0x0000000088f00000| Complete 
| 124|0x0000000089000000, 0x0000000089100000, 0x0000000089100000|100%| E|CS|TAMS 0x0000000089000000, 0x0000000089000000| Complete 
| 125|0x0000000089100000, 0x0000000089200000, 0x0000000089200000|100%| E|CS|TAMS 0x0000000089100000, 0x0000000089100000| Complete 
| 126|0x0000000089200000, 0x0000000089300000, 0x0000000089300000|100%| E|CS|TAMS 0x0000000089200000, 0x0000000089200000| Complete 
| 127|0x0000000089300000, 0x0000000089400000, 0x0000000089400000|100%| E|CS|TAMS 0x0000000089300000, 0x0000000089300000| Complete 
| 128|0x0000000089400000, 0x0000000089500000, 0x0000000089500000|100%| E|CS|TAMS 0x0000000089400000, 0x0000000089400000| Complete 
| 129|0x0000000089500000, 0x0000000089600000, 0x0000000089600000|100%| E|CS|TAMS 0x0000000089500000, 0x0000000089500000| Complete 
| 130|0x0000000089600000, 0x00000000896dda30, 0x0000000089700000| 86%| S|CS|TAMS 0x0000000089600000, 0x0000000089600000| Complete 
| 131|0x0000000089700000, 0x0000000089800000, 0x0000000089800000|100%| S|CS|TAMS 0x0000000089700000, 0x0000000089700000| Complete 
| 132|0x0000000089800000, 0x0000000089900000, 0x0000000089900000|100%| S|CS|TAMS 0x0000000089800000, 0x0000000089800000| Complete 
| 133|0x0000000089900000, 0x0000000089a00000, 0x0000000089a00000|100%| S|CS|TAMS 0x0000000089900000, 0x0000000089900000| Complete 
| 134|0x0000000089a00000, 0x0000000089b00000, 0x0000000089b00000|100%| S|CS|TAMS 0x0000000089a00000, 0x0000000089a00000| Complete 
| 135|0x0000000089b00000, 0x0000000089c00000, 0x0000000089c00000|100%| E|CS|TAMS 0x0000000089b00000, 0x0000000089b00000| Complete 
| 136|0x0000000089c00000, 0x0000000089d00000, 0x0000000089d00000|100%| E|CS|TAMS 0x0000000089c00000, 0x0000000089c00000| Complete 
| 137|0x0000000089d00000, 0x0000000089e00000, 0x0000000089e00000|100%| E|CS|TAMS 0x0000000089d00000, 0x0000000089d00000| Complete 
| 138|0x0000000089e00000, 0x0000000089f00000, 0x0000000089f00000|100%| E|CS|TAMS 0x0000000089e00000, 0x0000000089e00000| Complete 
| 139|0x0000000089f00000, 0x000000008a000000, 0x000000008a000000|100%| E|CS|TAMS 0x0000000089f00000, 0x0000000089f00000| Complete 
| 140|0x000000008a000000, 0x000000008a100000, 0x000000008a100000|100%| E|CS|TAMS 0x000000008a000000, 0x000000008a000000| Complete 
| 141|0x000000008a100000, 0x000000008a200000, 0x000000008a200000|100%| E|CS|TAMS 0x000000008a100000, 0x000000008a100000| Complete 
| 142|0x000000008a200000, 0x000000008a300000, 0x000000008a300000|100%| E|CS|TAMS 0x000000008a200000, 0x000000008a200000| Complete 
| 143|0x000000008a300000, 0x000000008a400000, 0x000000008a400000|100%| E|CS|TAMS 0x000000008a300000, 0x000000008a300000| Complete 
| 144|0x000000008a400000, 0x000000008a500000, 0x000000008a500000|100%| E|CS|TAMS 0x000000008a400000, 0x000000008a400000| Complete 
| 145|0x000000008a500000, 0x000000008a600000, 0x000000008a600000|100%| E|CS|TAMS 0x000000008a500000, 0x000000008a500000| Complete 
| 146|0x000000008a600000, 0x000000008a700000, 0x000000008a700000|100%| E|CS|TAMS 0x000000008a600000, 0x000000008a600000| Complete 
| 147|0x000000008a700000, 0x000000008a800000, 0x000000008a800000|100%| E|CS|TAMS 0x000000008a700000, 0x000000008a700000| Complete 
| 148|0x000000008a800000, 0x000000008a900000, 0x000000008a900000|100%| E|CS|TAMS 0x000000008a800000, 0x000000008a800000| Complete 
| 149|0x000000008a900000, 0x000000008aa00000, 0x000000008aa00000|100%| E|CS|TAMS 0x000000008a900000, 0x000000008a900000| Complete 
| 150|0x000000008aa00000, 0x000000008ab00000, 0x000000008ab00000|100%| E|CS|TAMS 0x000000008aa00000, 0x000000008aa00000| Complete 
| 151|0x000000008ab00000, 0x000000008ac00000, 0x000000008ac00000|100%| E|CS|TAMS 0x000000008ab00000, 0x000000008ab00000| Complete 
| 152|0x000000008ac00000, 0x000000008ad00000, 0x000000008ad00000|100%| E|CS|TAMS 0x000000008ac00000, 0x000000008ac00000| Complete 
| 153|0x000000008ad00000, 0x000000008ae00000, 0x000000008ae00000|100%| E|CS|TAMS 0x000000008ad00000, 0x000000008ad00000| Complete 
| 154|0x000000008ae00000, 0x000000008af00000, 0x000000008af00000|100%| E|CS|TAMS 0x000000008ae00000, 0x000000008ae00000| Complete 
| 155|0x000000008af00000, 0x000000008b000000, 0x000000008b000000|100%| E|CS|TAMS 0x000000008af00000, 0x000000008af00000| Complete 
| 156|0x000000008b000000, 0x000000008b100000, 0x000000008b100000|100%| E|CS|TAMS 0x000000008b000000, 0x000000008b000000| Complete 
| 157|0x000000008b100000, 0x000000008b200000, 0x000000008b200000|100%| E|CS|TAMS 0x000000008b100000, 0x000000008b100000| Complete 
| 158|0x000000008b200000, 0x000000008b300000, 0x000000008b300000|100%| E|CS|TAMS 0x000000008b200000, 0x000000008b200000| Complete 
| 159|0x000000008b300000, 0x000000008b400000, 0x000000008b400000|100%| E|CS|TAMS 0x000000008b300000, 0x000000008b300000| Complete 
| 160|0x000000008b400000, 0x000000008b500000, 0x000000008b500000|100%| E|CS|TAMS 0x000000008b400000, 0x000000008b400000| Complete 
| 161|0x000000008b500000, 0x000000008b600000, 0x000000008b600000|100%| E|CS|TAMS 0x000000008b500000, 0x000000008b500000| Complete 
| 162|0x000000008b600000, 0x000000008b700000, 0x000000008b700000|100%| E|CS|TAMS 0x000000008b600000, 0x000000008b600000| Complete 
| 163|0x000000008b700000, 0x000000008b800000, 0x000000008b800000|100%| E|CS|TAMS 0x000000008b700000, 0x000000008b700000| Complete 
| 164|0x000000008b800000, 0x000000008b900000, 0x000000008b900000|100%| E|CS|TAMS 0x000000008b800000, 0x000000008b800000| Complete 
| 165|0x000000008b900000, 0x000000008ba00000, 0x000000008ba00000|100%| E|CS|TAMS 0x000000008b900000, 0x000000008b900000| Complete 
| 166|0x000000008ba00000, 0x000000008bb00000, 0x000000008bb00000|100%| E|CS|TAMS 0x000000008ba00000, 0x000000008ba00000| Complete 
| 167|0x000000008bb00000, 0x000000008bc00000, 0x000000008bc00000|100%| E|CS|TAMS 0x000000008bb00000, 0x000000008bb00000| Complete 
| 168|0x000000008bc00000, 0x000000008bd00000, 0x000000008bd00000|100%| E|CS|TAMS 0x000000008bc00000, 0x000000008bc00000| Complete 
| 169|0x000000008bd00000, 0x000000008be00000, 0x000000008be00000|100%| E|CS|TAMS 0x000000008bd00000, 0x000000008bd00000| Complete 
| 170|0x000000008be00000, 0x000000008bf00000, 0x000000008bf00000|100%| E|CS|TAMS 0x000000008be00000, 0x000000008be00000| Complete 
| 171|0x000000008bf00000, 0x000000008c000000, 0x000000008c000000|100%| E|CS|TAMS 0x000000008bf00000, 0x000000008bf00000| Complete 
| 172|0x000000008c000000, 0x000000008c100000, 0x000000008c100000|100%| E|CS|TAMS 0x000000008c000000, 0x000000008c000000| Complete 
| 173|0x000000008c100000, 0x000000008c200000, 0x000000008c200000|100%| E|CS|TAMS 0x000000008c100000, 0x000000008c100000| Complete 
| 174|0x000000008c200000, 0x000000008c300000, 0x000000008c300000|100%| E|CS|TAMS 0x000000008c200000, 0x000000008c200000| Complete 
| 175|0x000000008c300000, 0x000000008c400000, 0x000000008c400000|100%| E|CS|TAMS 0x000000008c300000, 0x000000008c300000| Complete 
| 176|0x000000008c400000, 0x000000008c500000, 0x000000008c500000|100%| E|CS|TAMS 0x000000008c400000, 0x000000008c400000| Complete 
| 177|0x000000008c500000, 0x000000008c600000, 0x000000008c600000|100%| E|CS|TAMS 0x000000008c500000, 0x000000008c500000| Complete 
| 178|0x000000008c600000, 0x000000008c700000, 0x000000008c700000|100%| E|CS|TAMS 0x000000008c600000, 0x000000008c600000| Complete 
| 179|0x000000008c700000, 0x000000008c800000, 0x000000008c800000|100%| E|CS|TAMS 0x000000008c700000, 0x000000008c700000| Complete 
| 180|0x000000008c800000, 0x000000008c900000, 0x000000008c900000|100%| E|CS|TAMS 0x000000008c800000, 0x000000008c800000| Complete 
| 181|0x000000008c900000, 0x000000008ca00000, 0x000000008ca00000|100%| E|CS|TAMS 0x000000008c900000, 0x000000008c900000| Complete 
| 182|0x000000008ca00000, 0x000000008cb00000, 0x000000008cb00000|100%| E|CS|TAMS 0x000000008ca00000, 0x000000008ca00000| Complete 
| 183|0x000000008cb00000, 0x000000008cc00000, 0x000000008cc00000|100%| E|CS|TAMS 0x000000008cb00000, 0x000000008cb00000| Complete 
| 184|0x000000008cc00000, 0x000000008cd00000, 0x000000008cd00000|100%| E|CS|TAMS 0x000000008cc00000, 0x000000008cc00000| Complete 

Card table byte_map: [0x0000024457620000,0x0000024457a20000] _byte_map_base: 0x0000024457216000

Marking Bits (Prev, Next): (CMBitMap*) 0x000002444475af38, (CMBitMap*) 0x000002444475af70
 Prev Bits: [0x0000024457e20000, 0x0000024459dd0000)
 Next Bits: [0x0000024459dd0000, 0x000002445bd80000)

Polling page: 0x00000244426c0000

Metaspace:

Usage:
  Non-class:     72.47 MB capacity,    71.97 MB (>99%) used,   385.03 KB ( <1%) free+waste,   129.44 KB ( <1%) overhead. 
      Class:      9.05 MB capacity,     8.74 MB ( 97%) used,   266.09 KB (  3%) free+waste,    53.00 KB ( <1%) overhead. 
       Both:     81.53 MB capacity,    80.71 MB (>99%) used,   651.12 KB ( <1%) free+waste,   182.44 KB ( <1%) overhead. 

Virtual space:
  Non-class space:       74.00 MB reserved,      72.50 MB ( 98%) committed 
      Class space:        1.00 GB reserved,       9.13 MB ( <1%) committed 
             Both:        1.07 GB reserved,      81.63 MB (  7%) committed 

Chunk freelists:
   Non-Class:  29.00 KB
       Class:  8.00 KB
        Both:  37.00 KB

MaxMetaspaceSize: 17179869184.00 GB
CompressedClassSpaceSize: 1.00 GB
Initial GC threshold: 20.80 MB
Current GC threshold: 128.54 MB
CDS: off

CodeHeap 'non-profiled nmethods': size=120064Kb used=6043Kb max_used=6043Kb free=114021Kb
 bounds [0x000002444fce0000, 0x00000244502d0000, 0x0000024457220000]
CodeHeap 'profiled nmethods': size=120000Kb used=36704Kb max_used=36704Kb free=83295Kb
 bounds [0x00000244487b0000, 0x000002444ab90000, 0x000002444fce0000]
CodeHeap 'non-nmethods': size=5696Kb used=1374Kb max_used=1431Kb free=4321Kb
 bounds [0x0000024448220000, 0x0000024448490000, 0x00000244487b0000]
 total_blobs=12782 nmethods=12113 adapters=579
 compilation: enabled
              stopped_count=0, restarted_count=0
 full_count=0

Compilation events (20 events):
Event: 22.663 Thread 0x000002445ec46800 nmethod 12119 0x00000244502c3510 code [0x00000244502c36c0, 0x00000244502c3778]
Event: 22.663 Thread 0x000002445ec46800 12120       1       org.jetbrains.kotlin.codegen.inline.SourcePosition::getPath (5 bytes)
Event: 22.663 Thread 0x000002445ec46800 nmethod 12120 0x00000244502c3810 code [0x00000244502c39c0, 0x00000244502c3a78]
Event: 22.663 Thread 0x000002445ec46800 12121       1       org.jetbrains.kotlin.codegen.inline.SourcePosition::getLine (5 bytes)
Event: 22.663 Thread 0x000002445ec46800 nmethod 12121 0x00000244502c3b10 code [0x00000244502c3cc0, 0x00000244502c3d78]
Event: 22.663 Thread 0x000002445ec46800 12122       1       org.jetbrains.kotlin.codegen.inline.RangeMapping::setRange (6 bytes)
Event: 22.663 Thread 0x000002445ec46800 nmethod 12122 0x00000244502c3e10 code [0x00000244502c3fc0, 0x00000244502c4078]
Event: 22.664 Thread 0x000002445ec46800 12123       3       org.jetbrains.kotlin.codegen.optimization.common.OptimizationBasicInterpreter::merge (194 bytes)
Event: 22.665 Thread 0x000002445ec46800 nmethod 12123 0x000002444ab31510 code [0x000002444ab317c0, 0x000002444ab32378]
Event: 22.665 Thread 0x000002445ec46800 12124       3       org.jetbrains.org.objectweb.asm.SymbolTable::addConstantUtf8Reference (101 bytes)
Event: 22.667 Thread 0x000002445ec46800 nmethod 12124 0x000002444ab32610 code [0x000002444ab32840, 0x000002444ab32eb8]
Event: 22.667 Thread 0x000002445ec46800 12125       3       org.jetbrains.org.objectweb.asm.Frame::getInputStackSize (6 bytes)
Event: 22.667 Thread 0x000002445ec46800 nmethod 12125 0x000002444ab33210 code [0x000002444ab333c0, 0x000002444ab334d8]
Event: 22.667 Thread 0x000002445ec46800 12126       3       org.jetbrains.kotlin.ir.util.IrUtilsKt$special$$inlined$filterIsInstance$3::invoke (6 bytes)
Event: 22.667 Thread 0x000002445ec46800 nmethod 12126 0x000002444ab33590 code [0x000002444ab33760, 0x000002444ab33a78]
Event: 22.667 Thread 0x000002445ec46800 12127       3       org.jetbrains.kotlin.ir.util.IrUtilsKt$special$$inlined$filterIsInstance$3::invoke (8 bytes)
Event: 22.667 Thread 0x000002445ec46800 nmethod 12127 0x000002444ab33b90 code [0x000002444ab33d60, 0x000002444ab34018]
Event: 22.667 Thread 0x000002445ec46800 12128       3       kotlin.jvm.internal.SpreadBuilder::add (10 bytes)
Event: 22.668 Thread 0x000002445ec46800 nmethod 12128 0x000002444ab34110 code [0x000002444ab342c0, 0x000002444ab34488]
Event: 22.668 Thread 0x000002445ec46800 12129       3       kotlin.jvm.internal.SpreadBuilder::addSpread (196 bytes)

GC Heap History (20 events):
Event: 0.641 GC heap before
{Heap before GC invocations=0 (full 0):
 garbage-first heap   total 131072K, used 17408K [0x0000000081400000, 0x0000000100000000)
  region size 1024K, 14 young (14336K), 0 survivors (0K)
 Metaspace       used 9832K, capacity 10002K, committed 10112K, reserved 1058816K
  class space    used 839K, capacity 885K, committed 896K, reserved 1048576K
}
Event: 0.645 GC heap after
{Heap after GC invocations=1 (full 0):
 garbage-first heap   total 131072K, used 5208K [0x0000000081400000, 0x0000000100000000)
  region size 1024K, 2 young (2048K), 2 survivors (2048K)
 Metaspace       used 9832K, capacity 10002K, committed 10112K, reserved 1058816K
  class space    used 839K, capacity 885K, committed 896K, reserved 1048576K
}
Event: 2.081 GC heap before
{Heap before GC invocations=1 (full 0):
 garbage-first heap   total 131072K, used 49240K [0x0000000081400000, 0x0000000100000000)
  region size 1024K, 46 young (47104K), 2 survivors (2048K)
 Metaspace       used 20776K, capacity 20990K, committed 21248K, reserved 1069056K
  class space    used 2197K, capacity 2280K, committed 2304K, reserved 1048576K
}
Event: 2.098 GC heap after
{Heap after GC invocations=2 (full 0):
 garbage-first heap   total 131072K, used 9107K [0x0000000081400000, 0x0000000100000000)
  region size 1024K, 6 young (6144K), 6 survivors (6144K)
 Metaspace       used 20776K, capacity 20990K, committed 21248K, reserved 1069056K
  class space    used 2197K, capacity 2280K, committed 2304K, reserved 1048576K
}
Event: 3.663 GC heap before
{Heap before GC invocations=3 (full 0):
 garbage-first heap   total 131072K, used 61331K [0x0000000081400000, 0x0000000100000000)
  region size 1024K, 52 young (53248K), 6 survivors (6144K)
 Metaspace       used 31815K, capacity 32248K, committed 32384K, reserved 1077248K
  class space    used 3976K, capacity 4151K, committed 4224K, reserved 1048576K
}
Event: 3.692 GC heap after
{Heap after GC invocations=4 (full 0):
 garbage-first heap   total 131072K, used 20680K [0x0000000081400000, 0x0000000100000000)
  region size 1024K, 7 young (7168K), 7 survivors (7168K)
 Metaspace       used 31815K, capacity 32248K, committed 32384K, reserved 1077248K
  class space    used 3976K, capacity 4151K, committed 4224K, reserved 1048576K
}
Event: 4.173 GC heap before
{Heap before GC invocations=4 (full 0):
 garbage-first heap   total 131072K, used 35016K [0x0000000081400000, 0x0000000100000000)
  region size 1024K, 22 young (22528K), 7 survivors (7168K)
 Metaspace       used 34951K, capacity 35368K, committed 35584K, reserved 1081344K
  class space    used 4300K, capacity 4507K, committed 4608K, reserved 1048576K
}
Event: 4.190 GC heap after
{Heap after GC invocations=5 (full 0):
 garbage-first heap   total 131072K, used 20153K [0x0000000081400000, 0x0000000100000000)
  region size 1024K, 2 young (2048K), 2 survivors (2048K)
 Metaspace       used 34951K, capacity 35368K, committed 35584K, reserved 1081344K
  class space    used 4300K, capacity 4507K, committed 4608K, reserved 1048576K
}
Event: 5.700 GC heap before
{Heap before GC invocations=6 (full 0):
 garbage-first heap   total 131072K, used 77497K [0x0000000081400000, 0x0000000100000000)
  region size 1024K, 56 young (57344K), 2 survivors (2048K)
 Metaspace       used 46522K, capacity 47003K, committed 47232K, reserved 1091584K
  class space    used 5503K, capacity 5713K, committed 5760K, reserved 1048576K
}
Event: 5.726 GC heap after
{Heap after GC invocations=7 (full 0):
 garbage-first heap   total 157696K, used 27135K [0x0000000081400000, 0x0000000100000000)
  region size 1024K, 7 young (7168K), 7 survivors (7168K)
 Metaspace       used 46522K, capacity 47003K, committed 47232K, reserved 1091584K
  class space    used 5503K, capacity 5713K, committed 5760K, reserved 1048576K
}
Event: 8.032 GC heap before
{Heap before GC invocations=8 (full 0):
 garbage-first heap   total 157696K, used 93695K [0x0000000081400000, 0x0000000100000000)
  region size 1024K, 71 young (72704K), 7 survivors (7168K)
 Metaspace       used 54842K, capacity 55501K, committed 55680K, reserved 1097728K
  class space    used 6412K, capacity 6701K, committed 6784K, reserved 1048576K
}
Event: 8.061 GC heap after
{Heap after GC invocations=9 (full 0):
 garbage-first heap   total 157696K, used 34007K [0x0000000081400000, 0x0000000100000000)
  region size 1024K, 7 young (7168K), 7 survivors (7168K)
 Metaspace       used 54842K, capacity 55501K, committed 55680K, reserved 1097728K
  class space    used 6412K, capacity 6701K, committed 6784K, reserved 1048576K
}
Event: 11.214 GC heap before
{Heap before GC invocations=9 (full 0):
 garbage-first heap   total 157696K, used 102615K [0x0000000081400000, 0x0000000100000000)
  region size 1024K, 74 young (75776K), 7 survivors (7168K)
 Metaspace       used 57019K, capacity 57707K, committed 57856K, reserved 1099776K
  class space    used 6580K, capacity 6883K, committed 6912K, reserved 1048576K
}
Event: 11.253 GC heap after
{Heap after GC invocations=10 (full 0):
 garbage-first heap   total 157696K, used 43008K [0x0000000081400000, 0x0000000100000000)
  region size 1024K, 9 young (9216K), 9 survivors (9216K)
 Metaspace       used 57019K, capacity 57707K, committed 57856K, reserved 1099776K
  class space    used 6580K, capacity 6883K, committed 6912K, reserved 1048576K
}
Event: 15.610 GC heap before
{Heap before GC invocations=10 (full 0):
 garbage-first heap   total 157696K, used 110592K [0x0000000081400000, 0x0000000100000000)
  region size 1024K, 75 young (76800K), 9 survivors (9216K)
 Metaspace       used 65538K, capacity 66344K, committed 66432K, reserved 1107968K
  class space    used 7398K, capacity 7720K, committed 7808K, reserved 1048576K
}
Event: 15.656 GC heap after
{Heap after GC invocations=11 (full 0):
 garbage-first heap   total 157696K, used 51712K [0x0000000081400000, 0x0000000100000000)
  region size 1024K, 9 young (9216K), 9 survivors (9216K)
 Metaspace       used 65538K, capacity 66344K, committed 66432K, reserved 1107968K
  class space    used 7398K, capacity 7720K, committed 7808K, reserved 1048576K
}
Event: 19.008 GC heap before
{Heap before GC invocations=11 (full 0):
 garbage-first heap   total 157696K, used 116224K [0x0000000081400000, 0x0000000100000000)
  region size 1024K, 72 young (73728K), 9 survivors (9216K)
 Metaspace       used 73073K, capacity 73814K, committed 73984K, reserved 1114112K
  class space    used 8093K, capacity 8396K, committed 8448K, reserved 1048576K
}
Event: 19.045 GC heap after
{Heap after GC invocations=12 (full 0):
 garbage-first heap   total 189440K, used 57344K [0x0000000081400000, 0x0000000100000000)
  region size 1024K, 6 young (6144K), 6 survivors (6144K)
 Metaspace       used 73073K, capacity 73814K, committed 73984K, reserved 1114112K
  class space    used 8093K, capacity 8396K, committed 8448K, reserved 1048576K
}
Event: 20.491 GC heap before
{Heap before GC invocations=12 (full 0):
 garbage-first heap   total 189440K, used 107520K [0x0000000081400000, 0x0000000100000000)
  region size 1024K, 56 young (57344K), 6 survivors (6144K)
 Metaspace       used 77813K, capacity 78634K, committed 78720K, reserved 1120256K
  class space    used 8590K, capacity 8915K, committed 8960K, reserved 1048576K
}
Event: 20.558 GC heap after
{Heap after GC invocations=13 (full 0):
 garbage-first heap   total 189440K, used 62730K [0x0000000081400000, 0x0000000100000000)
  region size 1024K, 5 young (5120K), 5 survivors (5120K)
 Metaspace       used 77813K, capacity 78634K, committed 78720K, reserved 1120256K
  class space    used 8590K, capacity 8915K, committed 8960K, reserved 1048576K
}

Deoptimization events (20 events):
Event: 22.488 Thread 0x000002444471b800 Uncommon trap: trap_request=0xffffffde fr.pc=0x0000024450270f74 relative=0x00000000000054d4
Event: 22.488 Thread 0x000002444471b800 Uncommon trap: reason=class_check action=maybe_recompile pc=0x0000024450270f74 method=org.jetbrains.kotlin.ir.declarations.lazy.IrLazySymbolTable.referenceClass(Lorg/jetbrains/kotlin/descriptors/ClassDescriptor;)Lorg/jetbrains/kotlin/ir/symbols/IrClassSym
Event: 22.488 Thread 0x000002444471b800 DEOPT PACKING pc=0x0000024450270f74 sp=0x00000086b7ffd360
Event: 22.488 Thread 0x000002444471b800 DEOPT UNPACKING pc=0x000002444826a1af sp=0x00000086b7ffd290 mode 2
Event: 22.488 Thread 0x000002444471b800 Uncommon trap: trap_request=0xffffffde fr.pc=0x0000024450270f74 relative=0x00000000000054d4
Event: 22.488 Thread 0x000002444471b800 Uncommon trap: reason=class_check action=maybe_recompile pc=0x0000024450270f74 method=org.jetbrains.kotlin.ir.declarations.lazy.IrLazySymbolTable.referenceClass(Lorg/jetbrains/kotlin/descriptors/ClassDescriptor;)Lorg/jetbrains/kotlin/ir/symbols/IrClassSym
Event: 22.488 Thread 0x000002444471b800 DEOPT PACKING pc=0x0000024450270f74 sp=0x00000086b7ffd360
Event: 22.488 Thread 0x000002444471b800 DEOPT UNPACKING pc=0x000002444826a1af sp=0x00000086b7ffd290 mode 2
Event: 22.657 Thread 0x000002444471b800 Uncommon trap: trap_request=0xffffffde fr.pc=0x000002445023d0c4 relative=0x0000000000000084
Event: 22.657 Thread 0x000002444471b800 Uncommon trap: reason=class_check action=maybe_recompile pc=0x000002445023d0c4 method=org.jetbrains.kotlin.ir.symbols.impl.IrSymbolBase.getDescriptor()Lorg/jetbrains/kotlin/descriptors/DeclarationDescriptor; @ 10 c2
Event: 22.657 Thread 0x000002444471b800 DEOPT PACKING pc=0x000002445023d0c4 sp=0x00000086b7ffcf00
Event: 22.657 Thread 0x000002444471b800 DEOPT UNPACKING pc=0x000002444826a1af sp=0x00000086b7ffce88 mode 2
Event: 22.657 Thread 0x000002444471b800 Uncommon trap: trap_request=0xffffffc6 fr.pc=0x00000244502b9b60 relative=0x0000000000000740
Event: 22.658 Thread 0x000002444471b800 Uncommon trap: reason=bimorphic_or_optimized_type_check action=maybe_recompile pc=0x00000244502b9b60 method=kotlin.text.StringsKt__AppendableKt.appendElement(Ljava/lang/Appendable;Ljava/lang/Object;Lkotlin/jvm/functions/Function1;)V @ 14 c2
Event: 22.658 Thread 0x000002444471b800 DEOPT PACKING pc=0x00000244502b9b60 sp=0x00000086b7ffc650
Event: 22.658 Thread 0x000002444471b800 DEOPT UNPACKING pc=0x000002444826a1af sp=0x00000086b7ffc628 mode 2
Event: 22.658 Thread 0x000002444471b800 Uncommon trap: trap_request=0xffffffc6 fr.pc=0x00000244502b9b60 relative=0x0000000000000740
Event: 22.658 Thread 0x000002444471b800 Uncommon trap: reason=bimorphic_or_optimized_type_check action=maybe_recompile pc=0x00000244502b9b60 method=kotlin.text.StringsKt__AppendableKt.appendElement(Ljava/lang/Appendable;Ljava/lang/Object;Lkotlin/jvm/functions/Function1;)V @ 14 c2
Event: 22.658 Thread 0x000002444471b800 DEOPT PACKING pc=0x00000244502b9b60 sp=0x00000086b7ffcb40
Event: 22.658 Thread 0x000002444471b800 DEOPT UNPACKING pc=0x000002444826a1af sp=0x00000086b7ffcb18 mode 2

Classes redefined (0 events):
No events

Internal exceptions (20 events):
Event: 10.865 Thread 0x000002444471b800 Exception <a 'java/lang/NoSuchMethodError'{0x0000000087706788}: 'java.lang.Object java.lang.invoke.Invokers$Holder.linkToTargetMethod(java.lang.Object, java.lang.Object, java.lang.Object, int, int, java.lang.Object)'> (0x0000000087706788) thrown at [./src/hotspot/share/interpreter/linkResolver.cpp, line 773]
Event: 10.896 Thread 0x000002444471b800 Exception <a 'java/lang/NoSuchMethodError'{0x0000000087756cd0}: 'java.lang.Object java.lang.invoke.Invokers$Holder.linkToTargetMethod(java.lang.Object, java.lang.Object, java.lang.Object, java.lang.Object, java.lang.Object, java.lang.Object)'> (0x0000000087756cd0) thrown at [./src/hotspot/share/interpreter/linkResolver.cpp, line 773]
Event: 11.300 Thread 0x000002444471b800 Implicit null exception at 0x000002444fe04a4c to 0x000002444fe04b28
Event: 11.305 Thread 0x000002444471b800 Implicit null exception at 0x000002444fcfacf4 to 0x000002444fcfb208
Event: 11.319 Thread 0x000002444471b800 Implicit null exception at 0x000002444fd3d65e to 0x000002444fd3ddca
Event: 11.320 Thread 0x000002444471b800 Implicit null exception at 0x000002444fd1ee2f to 0x000002444fd1ee9d
Event: 11.380 Thread 0x000002444471b800 Exception <a 'java/lang/NoSuchMethodError'{0x000000008ab7ab20}: 'java.lang.Object java.lang.invoke.DirectMethodHandle$Holder.invokeInterface(java.lang.Object, java.lang.Object, java.lang.Object)'> (0x000000008ab7ab20) thrown at [./src/hotspot/share/interpreter/linkResolver.cpp, line 773]
Event: 11.381 Thread 0x000002444471b800 Exception <a 'java/lang/IncompatibleClassChangeError'{0x000000008ab7dd50}: Found class java.lang.Object, but interface was expected> (0x000000008ab7dd50) thrown at [./src/hotspot/share/interpreter/linkResolver.cpp, line 839]
Event: 12.339 Thread 0x000002444471b800 Implicit null exception at 0x000002444ff311fc to 0x000002444ff31b54
Event: 12.835 Thread 0x000002444471b800 Exception <a 'java/lang/NoSuchMethodError'{0x0000000089d681e0}: 'int java.lang.invoke.DirectMethodHandle$Holder.invokeStaticInit(java.lang.Object, int)'> (0x0000000089d681e0) thrown at [./src/hotspot/share/interpreter/linkResolver.cpp, line 773]
Event: 13.455 Thread 0x000002444471b800 Exception <a 'java/lang/NoSuchMethodError'{0x00000000896d30a8}: 'int java.lang.invoke.DirectMethodHandle$Holder.invokeVirtual(java.lang.Object, java.lang.Object, java.lang.Object)'> (0x00000000896d30a8) thrown at [./src/hotspot/share/interpreter/linkResolver.cpp, line 773]
Event: 13.584 Thread 0x000002444471b800 Exception <a 'java/lang/NoSuchMethodError'{0x000000008938ff10}: 'void java.lang.invoke.DirectMethodHandle$Holder.invokeInterface(java.lang.Object, java.lang.Object)'> (0x000000008938ff10) thrown at [./src/hotspot/share/interpreter/linkResolver.cpp, line 773]
Event: 13.664 Thread 0x000002444471b800 Exception <a 'java/lang/IncompatibleClassChangeError'{0x000000008913c388}: Found class java.lang.Object, but interface was expected> (0x000000008913c388) thrown at [./src/hotspot/share/interpreter/linkResolver.cpp, line 839]
Event: 14.798 Thread 0x000002444471b800 Exception <a 'java/lang/NoSuchMethodError'{0x0000000087c774d8}: 'java.lang.Object java.lang.invoke.Invokers$Holder.linkToTargetMethod(java.lang.Object, java.lang.Object, java.lang.Object, java.lang.Object, java.lang.Object, java.lang.Object, java.lang.Object)'> (0x0000000087c774d8) thrown at [./src/hotspot/share/interpreter/linkResolver.cpp, line 773]
Event: 14.939 Thread 0x000002444471b800 Implicit null exception at 0x000002444fd38ff5 to 0x000002444fd391bc
Event: 15.328 Thread 0x000002444471b800 Implicit null exception at 0x000002444ff4927b to 0x000002444ff49554
Event: 15.890 Thread 0x000002444471b800 Exception <a 'java/lang/NoSuchMethodError'{0x000000008a670af8}: 'int java.lang.invoke.DirectMethodHandle$Holder.invokeStaticInit(java.lang.Object, java.lang.Object, java.lang.Object, java.lang.Object)'> (0x000000008a670af8) thrown at [./src/hotspot/share/interpreter/linkResolver.cpp, line 773]
Event: 19.528 Thread 0x000002444471b800 Exception <a 'java/lang/NoSuchMethodError'{0x000000008be68858}: 'java.lang.Object java.lang.invoke.DirectMethodHandle$Holder.invokeStatic(java.lang.Object, int, java.lang.Object, java.lang.Object)'> (0x000000008be68858) thrown at [./src/hotspot/share/interpreter/linkResolver.cpp, line 773]
Event: 19.822 Thread 0x000002444471b800 Implicit null exception at 0x000002444fd45e74 to 0x000002444fd4608c
Event: 22.454 Thread 0x000002444471b800 Implicit null exception at 0x000002444ff25283 to 0x000002444ff25468

Events (20 events):
Event: 22.419 loading class org/jetbrains/kotlin/backend/jvm/codegen/ExpressionCodegen$propagateChildReifiedTypeParametersUsages$1
Event: 22.419 loading class org/jetbrains/kotlin/backend/jvm/codegen/ExpressionCodegen$propagateChildReifiedTypeParametersUsages$1 done
Event: 22.424 loading class org/jetbrains/kotlin/codegen/optimization/boxing/StackPeepholeOptimizationsTransformer$transformOnce$1
Event: 22.424 loading class org/jetbrains/kotlin/codegen/optimization/boxing/StackPeepholeOptimizationsTransformer$transformOnce$1 done
Event: 22.429 loading class org/jetbrains/kotlin/codegen/inline/InlineOnlySmapSkipper
Event: 22.429 loading class org/jetbrains/kotlin/codegen/inline/InlineOnlySmapSkipper done
Event: 22.429 loading class org/jetbrains/kotlin/codegen/inline/InlineOnlySmapSkipper$Companion
Event: 22.429 loading class org/jetbrains/kotlin/codegen/inline/InlineOnlySmapSkipper$Companion done
Event: 22.431 loading class org/jetbrains/kotlin/codegen/optimization/boxing/StackPeepholeOptimizationsTransformer$transformOnce$8
Event: 22.431 loading class org/jetbrains/kotlin/codegen/optimization/boxing/StackPeepholeOptimizationsTransformer$transformOnce$8 done
Event: 22.445 loading class org/jetbrains/kotlin/codegen/inline/InplaceArgumentsMethodTransformer$ArgContext
Event: 22.445 loading class org/jetbrains/kotlin/codegen/inline/InplaceArgumentsMethodTransformer$ArgContext done
Event: 22.446 loading class org/jetbrains/kotlin/codegen/inline/InplaceArgumentsMethodTransformer$CallContext
Event: 22.446 loading class org/jetbrains/kotlin/codegen/inline/InplaceArgumentsMethodTransformer$CallContext done
Event: 22.447 loading class org/jetbrains/kotlin/codegen/inline/InplaceArgumentsMethodTransformerKt
Event: 22.447 loading class org/jetbrains/kotlin/codegen/inline/InplaceArgumentsMethodTransformerKt done
Event: 22.459 loading class org/jetbrains/kotlin/codegen/BaseExpressionCodegenKt
Event: 22.459 loading class org/jetbrains/kotlin/codegen/BaseExpressionCodegenKt done
Event: 22.656 loading class org/jetbrains/kotlin/types/TypeSystemCommonBackendContext$DefaultImpls
Event: 22.656 loading class org/jetbrains/kotlin/types/TypeSystemCommonBackendContext$DefaultImpls done


Dynamic libraries:
0x00007ff719550000 - 0x00007ff71955a000 	C:\Program Files\Android\Android Studio\jre\bin\java.exe
0x00007fff974f0000 - 0x00007fff97704000 	C:\WINDOWS\SYSTEM32\ntdll.dll
0x00007fff96190000 - 0x00007fff96252000 	C:\WINDOWS\System32\KERNEL32.DLL
0x00007fff94920000 - 0x00007fff94cbc000 	C:\WINDOWS\System32\KERNELBASE.dll
0x00007fff94dd0000 - 0x00007fff94ee1000 	C:\WINDOWS\System32\ucrtbase.dll
0x00007fff910e0000 - 0x00007fff910f7000 	C:\Program Files\Android\Android Studio\jre\bin\VCRUNTIME140.dll
0x00007fff91100000 - 0x00007fff91119000 	C:\Program Files\Android\Android Studio\jre\bin\jli.dll
0x00007fff97300000 - 0x00007fff974aa000 	C:\WINDOWS\System32\USER32.dll
0x00007fff7c020000 - 0x00007fff7c2ae000 	C:\WINDOWS\WinSxS\amd64_microsoft.windows.common-controls_6595b64144ccf1df_6.0.22621.608_none_a9444ca7c10bb01d\COMCTL32.dll
0x00007fff952c0000 - 0x00007fff952e6000 	C:\WINDOWS\System32\win32u.dll
0x00007fff96260000 - 0x00007fff96307000 	C:\WINDOWS\System32\msvcrt.dll
0x00007fff95f70000 - 0x00007fff95f99000 	C:\WINDOWS\System32\GDI32.dll
0x00007fff95120000 - 0x00007fff95232000 	C:\WINDOWS\System32\gdi32full.dll
0x00007fff94d30000 - 0x00007fff94dca000 	C:\WINDOWS\System32\msvcp_win.dll
0x00007fff95d20000 - 0x00007fff95d51000 	C:\WINDOWS\System32\IMM32.DLL
0x00007fff7fcb0000 - 0x00007fff7fd4d000 	C:\Program Files\Android\Android Studio\jre\bin\msvcp140.dll
0x00007fff37890000 - 0x00007fff38375000 	C:\Program Files\Android\Android Studio\jre\bin\server\jvm.dll
0x00007fff95c60000 - 0x00007fff95d0e000 	C:\WINDOWS\System32\ADVAPI32.dll
0x00007fff960e0000 - 0x00007fff96184000 	C:\WINDOWS\System32\sechost.dll
0x00007fff971e0000 - 0x00007fff972f5000 	C:\WINDOWS\System32\RPCRT4.dll
0x00007fff96d10000 - 0x00007fff96d18000 	C:\WINDOWS\System32\PSAPI.DLL
0x00007fff5d3a0000 - 0x00007fff5d3a9000 	C:\WINDOWS\SYSTEM32\WSOCK32.dll
0x00007fff8d110000 - 0x00007fff8d144000 	C:\WINDOWS\SYSTEM32\WINMM.dll
0x00007fff8d8c0000 - 0x00007fff8d8ca000 	C:\WINDOWS\SYSTEM32\VERSION.dll
0x00007fff96a40000 - 0x00007fff96ab1000 	C:\WINDOWS\System32\WS2_32.dll
0x00007fff93a90000 - 0x00007fff93aa8000 	C:\WINDOWS\SYSTEM32\kernel.appcore.dll
0x00007fff5d380000 - 0x00007fff5d391000 	C:\Program Files\Android\Android Studio\jre\bin\verify.dll
0x00007fff923a0000 - 0x00007fff925ce000 	C:\WINDOWS\SYSTEM32\DBGHELP.DLL
0x00007fff96310000 - 0x00007fff96699000 	C:\WINDOWS\System32\combase.dll
0x00007fff95fa0000 - 0x00007fff96077000 	C:\WINDOWS\System32\OLEAUT32.dll
0x00007fff74ce0000 - 0x00007fff74d12000 	C:\WINDOWS\SYSTEM32\dbgcore.DLL
0x00007fff95240000 - 0x00007fff952bb000 	C:\WINDOWS\System32\bcryptPrimitives.dll
0x00007fff5d350000 - 0x00007fff5d379000 	C:\Program Files\Android\Android Studio\jre\bin\java.dll
0x00007fff5d340000 - 0x00007fff5d34b000 	C:\Program Files\Android\Android Studio\jre\bin\jimage.dll
0x00007fff5d320000 - 0x00007fff5d338000 	C:\Program Files\Android\Android Studio\jre\bin\zip.dll
0x00007fff95480000 - 0x00007fff95c5d000 	C:\WINDOWS\System32\SHELL32.dll
0x00007fff92990000 - 0x00007fff93246000 	C:\WINDOWS\SYSTEM32\windows.storage.dll
0x00007fff92850000 - 0x00007fff9298d000 	C:\WINDOWS\SYSTEM32\wintypes.dll
0x00007fff96c10000 - 0x00007fff96d01000 	C:\WINDOWS\System32\SHCORE.dll
0x00007fff96bb0000 - 0x00007fff96c0e000 	C:\WINDOWS\System32\shlwapi.dll
0x00007fff94850000 - 0x00007fff94871000 	C:\WINDOWS\SYSTEM32\profapi.dll
0x00007fff5d300000 - 0x00007fff5d31a000 	C:\Program Files\Android\Android Studio\jre\bin\net.dll
0x00007fff8cb00000 - 0x00007fff8cc2f000 	C:\WINDOWS\SYSTEM32\WINHTTP.dll
0x00007fff93ef0000 - 0x00007fff93f59000 	C:\WINDOWS\system32\mswsock.dll
0x00007fff5d2e0000 - 0x00007fff5d2f4000 	C:\Program Files\Android\Android Studio\jre\bin\nio.dll

dbghelp: loaded successfully - version: 4.0.5 - missing functions: none
symbol engine: initialized successfully - sym options: 0x614 - pdb path: .;C:\Program Files\Android\Android Studio\jre\bin;C:\WINDOWS\SYSTEM32;C:\WINDOWS\WinSxS\amd64_microsoft.windows.common-controls_6595b64144ccf1df_6.0.22621.608_none_a9444ca7c10bb01d;C:\Program Files\Android\Android Studio\jre\bin\server

VM Arguments:
java_command: org.jetbrains.kotlin.cli.jvm.K2JVMCompiler @C:\Users\jeova\Desktop\Proyecto\ProyectoEquipo4 (1)\ProyectoEquipo4\app\build\20221009_10507032348443501041.compiler.options
java_class_path (initial): C:\Users\jeova\.gradle\caches\modules-2\files-2.1\org.jetbrains.kotlin\kotlin-compiler-embeddable\1.6.10\88f2073f4020cdb83132cfe940ceb9a60aba54ea\kotlin-compiler-embeddable-1.6.10.jar;C:\Users\jeova\.gradle\caches\modules-2\files-2.1\org.jetbrains.kotlin\kotlin-reflect\1.6.10\1cbe9c92c12a94eea200d23c2bbaedaf3daf5132\kotlin-reflect-1.6.10.jar;C:\Users\jeova\.gradle\caches\modules-2\files-2.1\org.jetbrains.kotlin\kotlin-stdlib\1.6.10\b8af3fe6f1ca88526914929add63cf5e7c5049af\kotlin-stdlib-1.6.10.jar;C:\Users\jeova\.gradle\caches\modules-2\files-2.1\org.jetbrains.kotlin\kotlin-script-runtime\1.6.10\d0a7ff2e2500ef497ed0214ae40ad3c8387a6164\kotlin-script-runtime-1.6.10.jar;C:\Users\jeova\.gradle\caches\modules-2\files-2.1\org.jetbrains.kotlin\kotlin-daemon-embeddable\1.6.10\a56d79bcbea411fa6058e4ecffc2de73e742bd2a\kotlin-daemon-embeddable-1.6.10.jar;C:\Users\jeova\.gradle\caches\modules-2\files-2.1\org.jetbrains.intellij.deps\trove4j\1.0.20181211\216c2e14b070f334479d800987affe4054cd563f\trove4j-1.0.20181211.jar;C:\Users\jeova\.gradle\caches\modules-2\files-2.1\net.java.dev.jna\jna\5.6.0\330f2244e9030119ab3030fc3fededc86713d9cc\jna-5.6.0.jar;C:\Users\jeova\.gradle\caches\modules-2\files-2.1\org.jetbrains\annotations\13.0\919f0dfe192fb4e063e7dacadee7f8bb9a2672a9\annotations-13.0.jar;C:\Users\jeova\.gradle\caches\modules-2\files-2.1\org.jetbrains.kotlin\kotlin-stdlib-common\1.6.10\c118700e3a33c8a0d9adc920e9dec0831171925\kotlin-stdlib-common-1.6.10.jar
Launcher Type: SUN_STANDARD

[Global flags]
     intx CICompilerCount                          = 3                                         {product} {ergonomic}
     uint ConcGCThreads                            = 1                                         {product} {ergonomic}
     uint G1ConcRefinementThreads                  = 4                                         {product} {ergonomic}
   size_t G1HeapRegionSize                         = 1048576                                   {product} {ergonomic}
    uintx GCDrainStackTargetSize                   = 64                                        {product} {ergonomic}
   size_t InitialHeapSize                          = 134217728                                 {product} {ergonomic}
   size_t MarkStackSize                            = 4194304                                   {product} {ergonomic}
   size_t MaxHeapSize                              = 2126512128                                {product} {ergonomic}
   size_t MaxNewSize                               = 1275068416                                {product} {ergonomic}
   size_t MinHeapDeltaBytes                        = 1048576                                   {product} {ergonomic}
    uintx NonNMethodCodeHeapSize                   = 5830732                                {pd product} {ergonomic}
    uintx NonProfiledCodeHeapSize                  = 122913754                              {pd product} {ergonomic}
    uintx ProfiledCodeHeapSize                     = 122913754                              {pd product} {ergonomic}
    uintx ReservedCodeCacheSize                    = 251658240                              {pd product} {ergonomic}
     bool SegmentedCodeCache                       = true                                      {product} {ergonomic}
     bool UseCompressedClassPointers               = true                                 {lp64_product} {ergonomic}
     bool UseCompressedOops                        = true                                 {lp64_product} {ergonomic}
     bool UseG1GC                                  = true                                      {product} {ergonomic}
     bool UseLargePagesIndividualAllocation        = false                                  {pd product} {ergonomic}

Logging:
Log output configuration:
 #0: stdout all=warning uptime,level,tags
 #1: stderr all=off uptime,level,tags

Environment Variables:
PATH=C:\Program Files (x86)\Common Files\Oracle\Java\javapath;C:\WINDOWS\system32;C:\WINDOWS;C:\WINDOWS\System32\Wbem;C:\WINDOWS\System32\WindowsPowerShell\v1.0\;C:\WINDOWS\System32\OpenSSH\;C:\Program Files\MATLAB\R2020b\bin;C:\Program Files\dotnet\;C:\Program Files\Microsoft SQL Server\Client SDK\ODBC\170\Tools\Binn\;C:\Program Files\Azure Data Studio\bin;C:\Program Files\nodejs\;C:\Program Files (x86)\Microsoft SQL Server\150\DTS\Binn\;C:\Program Files (x86)\Microsoft SQL Server\150\Tools\Binn\;C:\Program Files\Microsoft SQL Server\150\Tools\Binn\;C:\Program Files\Microsoft SQL Server\150\DTS\Binn\;C:\Program Files\Microsoft SQL Server\130\Tools\Binn\;C:\Program Files (x86)\dotnet\;C:\Program Files\Git\cmd;C:\Program Files\Intel\Intel(R) Memory and Storage Tool\;C:\Users\jeova\AppData\Local\Programs\Python\Python39\Scripts\;C:\Users\jeova\AppData\Local\Programs\Python\Python39\;C:\Users\jeova\AppData\Local\Microsoft\WindowsApps;C:\Users\jeova\AppData\Local\Programs\Microsoft VS Code\bin;C:\Users\jeova\.dotnet\tools;C:\Program Files\Azure Data Studio\bin;C:\Users\jeova\AppData\Roaming\npm;C:\Users\jeova\AppData\Local\GitHubDesktop\bin;C:\Users\jeova\OneDrive\Escritorio\ESCRITORIO\CEM;
USERNAME=jeova
OS=Windows_NT
PROCESSOR_IDENTIFIER=Intel64 Family 6 Model 142 Stepping 10, GenuineIntel



---------------  S Y S T E M  ---------------

OS: Windows 10 , 64 bit Build 22621 (10.0.22621.608)
OS uptime: 0 days 1:41 hours

CPU:total 4 (initial active 4) (2 cores per cpu, 2 threads per core) family 6 model 142 stepping 10 microcode 0xe0, cmov, cx8, fxsr, mmx, sse, sse2, sse3, ssse3, sse4.1, sse4.2, popcnt, avx, avx2, aes, clmul, erms, 3dnowpref, lzcnt, ht, tsc, tscinvbit, bmi1, bmi2, adx, fma

Memory: 4k page, system-wide physical 8107M (845M free)
TotalPageFile size 8107M (AvailPageFile size 8M)
current process WorkingSet (physical memory assigned to process): 398M, peak: 398M
current process commit charge ("private bytes"): 437M, peak: 438M

vm_info: OpenJDK 64-Bit Server VM (11.0.12+7-b1504.28-7817840) for windows-amd64 JRE (11.0.12+7-b1504.28-7817840), built on Oct 13 2021 22:12:33 by "builder" with MS VC++ 14.0 (VS2015)

END.
