#
# There is insufficient memory for the Java Runtime Environment to continue.
# Native memory allocation (malloc) failed to allocate 32744 bytes for ChunkPool::allocate
# Possible reasons:
#   The system is out of physical RAM or swap space
#   The process is running with CompressedOops enabled, and the Java Heap may be blocking the growth of the native heap
# Possible solutions:
#   Reduce memory load on the system
#   Increase physical memory or swap space
#   Check if swap backing store is full
#   Decrease Java heap size (-Xmx/-Xms)
#   Decrease number of Java threads
#   Decrease Java thread stack sizes (-Xss)
#   Set larger code cache with -XX:ReservedCodeCacheSize=
#   JVM is running with Unscaled Compressed Oops mode in which the Java heap is
#     placed in the first 4GB address space. The Java Heap base address is the
#     maximum limit for the native heap growth. Please use -XX:HeapBaseMinAddress
#     to set the Java Heap base and to place the Java Heap above 4GB virtual address.
# This output file may be truncated or incomplete.
#
#  Out of Memory Error (./src/hotspot/share/memory/arena.cpp:81), pid=4892, tid=5284
#
# JRE version: OpenJDK Runtime Environment (11.0.12+7) (build 11.0.12+7-b1504.28-7817840)
# Java VM: OpenJDK 64-Bit Server VM (11.0.12+7-b1504.28-7817840, mixed mode, tiered, compressed oops, g1 gc, windows-amd64)
# No core dump will be written. Minidumps are not enabled by default on client versions of Windows
#

---------------  S U M M A R Y ------------

Command Line: --add-opens=java.base/java.util=ALL-UNNAMED --add-opens=java.base/java.lang=ALL-UNNAMED --add-opens=java.base/java.lang.invoke=ALL-UNNAMED --add-opens=java.base/java.util=ALL-UNNAMED --add-opens=java.prefs/java.util.prefs=ALL-UNNAMED --add-opens=java.prefs/java.util.prefs=ALL-UNNAMED --add-opens=java.base/java.nio.charset=ALL-UNNAMED --add-opens=java.base/java.net=ALL-UNNAMED --add-opens=java.base/java.util.concurrent.atomic=ALL-UNNAMED -Xmx2048m -Dfile.encoding=UTF-8 -Duser.country=MX -Duser.language=es -Duser.variant org.gradle.launcher.daemon.bootstrap.GradleDaemon 7.3.3

Host: Intel(R) Core(TM) i3-7020U CPU @ 2.30GHz, 4 cores, 7G,  Windows 10 , 64 bit Build 22621 (10.0.22621.608)
Time: Wed Oct 12 16:39:00 2022 Hora de verano central (México) elapsed time: 10.824828 seconds (0d 0h 0m 10s)

---------------  T H R E A D  ---------------

Current thread (0x00000159fb18e000):  JavaThread "C1 CompilerThread0" daemon [_thread_in_native, id=5284, stack(0x0000002907900000,0x0000002907a00000)]


Current CompileTask:
C1:  10824 2757   !   3       java.lang.ClassLoader::loadClass (122 bytes)

Stack: [0x0000002907900000,0x0000002907a00000]
Native frames: (J=compiled Java code, j=interpreted, Vv=VM code, C=native code)
V  [jvm.dll+0x5fbcea]
V  [jvm.dll+0x731905]
V  [jvm.dll+0x732f1d]
V  [jvm.dll+0x7335d3]
V  [jvm.dll+0x247bf8]
V  [jvm.dll+0xc041b]
V  [jvm.dll+0xc06cc]
V  [jvm.dll+0x136a71]
V  [jvm.dll+0x1311d9]
V  [jvm.dll+0x13b42d]
V  [jvm.dll+0x13ad20]
V  [jvm.dll+0x131fc0]
V  [jvm.dll+0x134465]
V  [jvm.dll+0x132989]
V  [jvm.dll+0x13b6ad]
V  [jvm.dll+0x13ad20]
V  [jvm.dll+0x131fc0]
V  [jvm.dll+0x134465]
V  [jvm.dll+0x132989]
V  [jvm.dll+0x13b6ad]
V  [jvm.dll+0x13ad20]
V  [jvm.dll+0x131fc0]
V  [jvm.dll+0x134465]
V  [jvm.dll+0x132ac2]
V  [jvm.dll+0x12c336]
V  [jvm.dll+0x13c926]
V  [jvm.dll+0x13c7d9]
V  [jvm.dll+0x128189]
V  [jvm.dll+0x1284da]
V  [jvm.dll+0x1286d3]
V  [jvm.dll+0x1279e7]
V  [jvm.dll+0x1295b7]
V  [jvm.dll+0x20e0d7]
V  [jvm.dll+0x20c901]
V  [jvm.dll+0x6f9b7f]
V  [jvm.dll+0x6f26a5]
V  [jvm.dll+0x5fabf6]
C  [ucrtbase.dll+0x29363]
C  [KERNEL32.DLL+0x1244d]
C  [ntdll.dll+0x5df78]


---------------  P R O C E S S  ---------------

Threads class SMR info:
_java_thread_list=0x00000159fd8f9c90, length=31, elements={
0x00000159e0bdb000, 0x00000159fa7cd000, 0x00000159fa7d0000, 0x00000159fb184800,
0x00000159fb185800, 0x00000159fb189000, 0x00000159fb18c800, 0x00000159fb18e000,
0x00000159fa7ec000, 0x00000159fb2cd000, 0x00000159fc7d4800, 0x00000159fb648800,
0x00000159fcd0e000, 0x00000159fc59b000, 0x00000159fc332000, 0x00000159fcce5000,
0x00000159fbe33800, 0x00000159fb4d8800, 0x00000159fbf12800, 0x00000159fe069800,
0x00000159fe06a800, 0x00000159fe068800, 0x00000159fe06b000, 0x00000159fe0ee000,
0x00000159fe0ea000, 0x00000159fe0e8800, 0x00000159fe0ed000, 0x00000159fe0ec800,
0x00000159fc521800, 0x00000159fe0ea800, 0x00000159fe0eb800
}

Java Threads: ( => current thread )
  0x00000159e0bdb000 JavaThread "main" [_thread_blocked, id=7356, stack(0x0000002906c00000,0x0000002906d00000)]
  0x00000159fa7cd000 JavaThread "Reference Handler" daemon [_thread_blocked, id=13896, stack(0x0000002907300000,0x0000002907400000)]
  0x00000159fa7d0000 JavaThread "Finalizer" daemon [_thread_blocked, id=4396, stack(0x0000002907400000,0x0000002907500000)]
  0x00000159fb184800 JavaThread "Signal Dispatcher" daemon [_thread_blocked, id=5728, stack(0x0000002907500000,0x0000002907600000)]
  0x00000159fb185800 JavaThread "Attach Listener" daemon [_thread_blocked, id=3128, stack(0x0000002907600000,0x0000002907700000)]
  0x00000159fb189000 JavaThread "Service Thread" daemon [_thread_blocked, id=11748, stack(0x0000002907700000,0x0000002907800000)]
  0x00000159fb18c800 JavaThread "C2 CompilerThread0" daemon [_thread_in_native, id=3336, stack(0x0000002907800000,0x0000002907900000)]
=>0x00000159fb18e000 JavaThread "C1 CompilerThread0" daemon [_thread_in_native, id=5284, stack(0x0000002907900000,0x0000002907a00000)]
  0x00000159fa7ec000 JavaThread "Sweeper thread" daemon [_thread_blocked, id=260, stack(0x0000002907a00000,0x0000002907b00000)]
  0x00000159fb2cd000 JavaThread "Common-Cleaner" daemon [_thread_blocked, id=6612, stack(0x0000002907b00000,0x0000002907c00000)]
  0x00000159fc7d4800 JavaThread "Daemon health stats" [_thread_blocked, id=12996, stack(0x0000002908000000,0x0000002908100000)]
  0x00000159fb648800 JavaThread "Incoming local TCP Connector on port 51547" [_thread_in_native, id=16104, stack(0x0000002907f00000,0x0000002908000000)]
  0x00000159fcd0e000 JavaThread "Daemon periodic checks" [_thread_blocked, id=14364, stack(0x0000002908100000,0x0000002908200000)]
  0x00000159fc59b000 JavaThread "Daemon" [_thread_blocked, id=2448, stack(0x0000002908200000,0x0000002908300000)]
  0x00000159fc332000 JavaThread "Handler for socket connection from /127.0.0.1:51547 to /127.0.0.1:51548" [_thread_in_native, id=16128, stack(0x0000002908300000,0x0000002908400000)]
  0x00000159fcce5000 JavaThread "Cancel handler" [_thread_blocked, id=5600, stack(0x0000002908500000,0x0000002908600000)]
  0x00000159fbe33800 JavaThread "Daemon worker" [_thread_in_vm, id=12380, stack(0x0000002908600000,0x0000002908700000)]
  0x00000159fb4d8800 JavaThread "Asynchronous log dispatcher for DefaultDaemonConnection: socket connection from /127.0.0.1:51547 to /127.0.0.1:51548" [_thread_blocked, id=4488, stack(0x0000002908700000,0x0000002908800000)]
  0x00000159fbf12800 JavaThread "Stdin handler" [_thread_blocked, id=2508, stack(0x0000002908800000,0x0000002908900000)]
  0x00000159fe069800 JavaThread "Daemon client event forwarder" [_thread_blocked, id=12828, stack(0x0000002908900000,0x0000002908a00000)]
  0x00000159fe06a800 JavaThread "Cache worker for journal cache (C:\Users\jeova\.gradle\caches\journal-1)" [_thread_blocked, id=7480, stack(0x0000002908a00000,0x0000002908b00000)]
  0x00000159fe068800 JavaThread "File lock request listener" [_thread_in_native, id=4872, stack(0x0000002908b00000,0x0000002908c00000)]
  0x00000159fe06b000 JavaThread "Cache worker for file hash cache (C:\Users\jeova\.gradle\caches\7.3.3\fileHashes)" [_thread_blocked, id=3360, stack(0x0000002908c00000,0x0000002908d00000)]
  0x00000159fe0ee000 JavaThread "Cache worker for file hash cache (C:\Users\jeova\Desktop\Nueva carpeta\ProyectoEquipo4(8)\ProyectoEquipo4\.gradle\7.3.3\fileHashes)" [_thread_blocked, id=1136, stack(0x0000002908e00000,0x0000002908f00000)]
  0x00000159fe0ea000 JavaThread "File watcher server" daemon [_thread_in_native, id=9280, stack(0x0000002908f00000,0x0000002909000000)]
  0x00000159fe0e8800 JavaThread "File watcher consumer" daemon [_thread_blocked, id=12708, stack(0x0000002909000000,0x0000002909100000)]
  0x00000159fe0ed000 JavaThread "Cache worker for checksums cache (C:\Users\jeova\Desktop\Nueva carpeta\ProyectoEquipo4(8)\ProyectoEquipo4\.gradle\7.3.3\checksums)" [_thread_blocked, id=12644, stack(0x0000002908d00000,0x0000002908e00000)]
  0x00000159fe0ec800 JavaThread "Cache worker for cache directory md-supplier (C:\Users\jeova\.gradle\caches\7.3.3\md-supplier)" [_thread_blocked, id=14260, stack(0x0000002909100000,0x0000002909200000)]
  0x00000159fc521800 JavaThread "C2 CompilerThread1" daemon [_thread_in_native, id=6408, stack(0x0000002909200000,0x0000002909300000)]
  0x00000159fe0ea800 JavaThread "Cache worker for cache directory md-rule (C:\Users\jeova\.gradle\caches\7.3.3\md-rule)" [_thread_blocked, id=15980, stack(0x0000002909300000,0x0000002909400000)]
  0x00000159fe0eb800 JavaThread "Cache worker for execution history cache (C:\Users\jeova\.gradle\caches\7.3.3\executionHistory)" [_thread_blocked, id=5112, stack(0x0000002909400000,0x0000002909500000)]

Other Threads:
  0x00000159fa7c8800 VMThread "VM Thread" [stack: 0x0000002907200000,0x0000002907300000] [id=10712]
  0x00000159fb332000 WatcherThread [stack: 0x0000002907c00000,0x0000002907d00000] [id=13016]
  0x00000159e0bf4000 GCTaskThread "GC Thread#0" [stack: 0x0000002906d00000,0x0000002906e00000] [id=8956]
  0x00000159fb720800 GCTaskThread "GC Thread#1" [stack: 0x0000002907d00000,0x0000002907e00000] [id=7572]
  0x00000159fb6ab000 GCTaskThread "GC Thread#2" [stack: 0x0000002907e00000,0x0000002907f00000] [id=2876]
  0x00000159fc59b800 GCTaskThread "GC Thread#3" [stack: 0x0000002908400000,0x0000002908500000] [id=8376]
  0x00000159e0c24000 ConcurrentGCThread "G1 Main Marker" [stack: 0x0000002906e00000,0x0000002906f00000] [id=4568]
  0x00000159e0c27800 ConcurrentGCThread "G1 Conc#0" [stack: 0x0000002906f00000,0x0000002907000000] [id=3368]
  0x00000159fa620800 ConcurrentGCThread "G1 Refine#0" [stack: 0x0000002907000000,0x0000002907100000] [id=14460]
  0x00000159e0cab000 ConcurrentGCThread "G1 Young RemSet Sampling" [stack: 0x0000002907100000,0x0000002907200000] [id=15968]

Threads with active compile tasks:
C2 CompilerThread0  10895 2573       4       jdk.internal.loader.URLClassPath::getResource (74 bytes)
C1 CompilerThread0  10895 2757   !   3       java.lang.ClassLoader::loadClass (122 bytes)
C2 CompilerThread1  10895 2621       4       java.util.ImmutableCollections$SetN$SetNIterator::next (47 bytes)

VM state:not at safepoint (normal execution)

VM Mutex/Monitor currently owned by a thread: None

Heap address: 0x0000000080000000, size: 2048 MB, Compressed Oops mode: 32-bit
Narrow klass base: 0x0000000000000000, Narrow klass shift: 3
Compressed class space size: 1073741824 Address: 0x0000000100000000

Heap:
 garbage-first heap   total 131072K, used 78115K [0x0000000080000000, 0x0000000100000000)
  region size 1024K, 63 young (64512K), 4 survivors (4096K)
 Metaspace       used 34100K, capacity 34914K, committed 35072K, reserved 1079296K
  class space    used 4421K, capacity 4743K, committed 4864K, reserved 1048576K
Heap Regions: E=young(eden), S=young(survivor), O=old, HS=humongous(starts), HC=humongous(continues), CS=collection set, F=free, A=archive, TAMS=top-at-mark-start (previous, next)
|   0|0x0000000080000000, 0x0000000080100000, 0x0000000080100000|100%| O|  |TAMS 0x0000000080100000, 0x0000000080000000| Untracked 
|   1|0x0000000080100000, 0x0000000080200000, 0x0000000080200000|100%| O|  |TAMS 0x0000000080200000, 0x0000000080100000| Untracked 
|   2|0x0000000080200000, 0x0000000080300000, 0x0000000080300000|100%| O|  |TAMS 0x0000000080300000, 0x0000000080200000| Untracked 
|   3|0x0000000080300000, 0x0000000080400000, 0x0000000080400000|100%|HS|  |TAMS 0x0000000080400000, 0x0000000080300000| Complete 
|   4|0x0000000080400000, 0x0000000080500000, 0x0000000080500000|100%|HC|  |TAMS 0x0000000080500000, 0x0000000080400000| Complete 
|   5|0x0000000080500000, 0x0000000080600000, 0x0000000080600000|100%|HC|  |TAMS 0x0000000080600000, 0x0000000080500000| Complete 
|   6|0x0000000080600000, 0x0000000080700000, 0x0000000080700000|100%| O|  |TAMS 0x0000000080700000, 0x0000000080600000| Untracked 
|   7|0x0000000080700000, 0x0000000080800000, 0x0000000080800000|100%| O|  |TAMS 0x0000000080800000, 0x0000000080700000| Untracked 
|   8|0x0000000080800000, 0x0000000080900000, 0x0000000080900000|100%| O|  |TAMS 0x0000000080900000, 0x0000000080800000| Untracked 
|   9|0x0000000080900000, 0x0000000080a00000, 0x0000000080a00000|100%| O|  |TAMS 0x0000000080a00000, 0x0000000080900000| Untracked 
|  10|0x0000000080a00000, 0x0000000080b00000, 0x0000000080b00000|100%| O|  |TAMS 0x0000000080b00000, 0x0000000080a00000| Untracked 
|  11|0x0000000080b00000, 0x0000000080c00000, 0x0000000080c00000|100%| O|  |TAMS 0x0000000080c00000, 0x0000000080b00000| Untracked 
|  12|0x0000000080c00000, 0x0000000080d00000, 0x0000000080d00000|100%| O|  |TAMS 0x0000000080d00000, 0x0000000080c00000| Untracked 
|  13|0x0000000080d00000, 0x0000000080e00000, 0x0000000080e00000|100%| O|  |TAMS 0x0000000080e00000, 0x0000000080d00000| Untracked 
|  14|0x0000000080e00000, 0x0000000080efe800, 0x0000000080f00000| 99%| O|  |TAMS 0x0000000080efe800, 0x0000000080e00000| Untracked 
|  15|0x0000000080f00000, 0x0000000080f00000, 0x0000000081000000|  0%| F|  |TAMS 0x0000000080f00000, 0x0000000080f00000| Untracked 
|  16|0x0000000081000000, 0x0000000081000000, 0x0000000081100000|  0%| F|  |TAMS 0x0000000081000000, 0x0000000081000000| Untracked 
|  17|0x0000000081100000, 0x0000000081100000, 0x0000000081200000|  0%| F|  |TAMS 0x0000000081100000, 0x0000000081100000| Untracked 
|  18|0x0000000081200000, 0x0000000081200000, 0x0000000081300000|  0%| F|  |TAMS 0x0000000081200000, 0x0000000081200000| Untracked 
|  19|0x0000000081300000, 0x0000000081300000, 0x0000000081400000|  0%| F|  |TAMS 0x0000000081300000, 0x0000000081300000| Untracked 
|  20|0x0000000081400000, 0x0000000081400000, 0x0000000081500000|  0%| F|  |TAMS 0x0000000081400000, 0x0000000081400000| Untracked 
|  21|0x0000000081500000, 0x0000000081500000, 0x0000000081600000|  0%| F|  |TAMS 0x0000000081500000, 0x0000000081500000| Untracked 
|  22|0x0000000081600000, 0x0000000081600000, 0x0000000081700000|  0%| F|  |TAMS 0x0000000081600000, 0x0000000081600000| Untracked 
|  23|0x0000000081700000, 0x0000000081700000, 0x0000000081800000|  0%| F|  |TAMS 0x0000000081700000, 0x0000000081700000| Untracked 
|  24|0x0000000081800000, 0x0000000081800000, 0x0000000081900000|  0%| F|  |TAMS 0x0000000081800000, 0x0000000081800000| Untracked 
|  25|0x0000000081900000, 0x0000000081900000, 0x0000000081a00000|  0%| F|  |TAMS 0x0000000081900000, 0x0000000081900000| Untracked 
|  26|0x0000000081a00000, 0x0000000081a00000, 0x0000000081b00000|  0%| F|  |TAMS 0x0000000081a00000, 0x0000000081a00000| Untracked 
|  27|0x0000000081b00000, 0x0000000081b00000, 0x0000000081c00000|  0%| F|  |TAMS 0x0000000081b00000, 0x0000000081b00000| Untracked 
|  28|0x0000000081c00000, 0x0000000081c00000, 0x0000000081d00000|  0%| F|  |TAMS 0x0000000081c00000, 0x0000000081c00000| Untracked 
|  29|0x0000000081d00000, 0x0000000081d00000, 0x0000000081e00000|  0%| F|  |TAMS 0x0000000081d00000, 0x0000000081d00000| Untracked 
|  30|0x0000000081e00000, 0x0000000081e00000, 0x0000000081f00000|  0%| F|  |TAMS 0x0000000081e00000, 0x0000000081e00000| Untracked 
|  31|0x0000000081f00000, 0x0000000081f00000, 0x0000000082000000|  0%| F|  |TAMS 0x0000000081f00000, 0x0000000081f00000| Untracked 
|  32|0x0000000082000000, 0x0000000082000000, 0x0000000082100000|  0%| F|  |TAMS 0x0000000082000000, 0x0000000082000000| Untracked 
|  33|0x0000000082100000, 0x0000000082100000, 0x0000000082200000|  0%| F|  |TAMS 0x0000000082100000, 0x0000000082100000| Untracked 
|  34|0x0000000082200000, 0x0000000082200000, 0x0000000082300000|  0%| F|  |TAMS 0x0000000082200000, 0x0000000082200000| Untracked 
|  35|0x0000000082300000, 0x0000000082300000, 0x0000000082400000|  0%| F|  |TAMS 0x0000000082300000, 0x0000000082300000| Untracked 
|  36|0x0000000082400000, 0x0000000082400000, 0x0000000082500000|  0%| F|  |TAMS 0x0000000082400000, 0x0000000082400000| Untracked 
|  37|0x0000000082500000, 0x0000000082500000, 0x0000000082600000|  0%| F|  |TAMS 0x0000000082500000, 0x0000000082500000| Untracked 
|  38|0x0000000082600000, 0x0000000082600000, 0x0000000082700000|  0%| F|  |TAMS 0x0000000082600000, 0x0000000082600000| Untracked 
|  39|0x0000000082700000, 0x0000000082700000, 0x0000000082800000|  0%| F|  |TAMS 0x0000000082700000, 0x0000000082700000| Untracked 
|  40|0x0000000082800000, 0x0000000082800000, 0x0000000082900000|  0%| F|  |TAMS 0x0000000082800000, 0x0000000082800000| Untracked 
|  41|0x0000000082900000, 0x0000000082900000, 0x0000000082a00000|  0%| F|  |TAMS 0x0000000082900000, 0x0000000082900000| Untracked 
|  42|0x0000000082a00000, 0x0000000082a00000, 0x0000000082b00000|  0%| F|  |TAMS 0x0000000082a00000, 0x0000000082a00000| Untracked 
|  43|0x0000000082b00000, 0x0000000082b00000, 0x0000000082c00000|  0%| F|  |TAMS 0x0000000082b00000, 0x0000000082b00000| Untracked 
|  44|0x0000000082c00000, 0x0000000082c00000, 0x0000000082d00000|  0%| F|  |TAMS 0x0000000082c00000, 0x0000000082c00000| Untracked 
|  45|0x0000000082d00000, 0x0000000082d00000, 0x0000000082e00000|  0%| F|  |TAMS 0x0000000082d00000, 0x0000000082d00000| Untracked 
|  46|0x0000000082e00000, 0x0000000082e00000, 0x0000000082f00000|  0%| F|  |TAMS 0x0000000082e00000, 0x0000000082e00000| Untracked 
|  47|0x0000000082f00000, 0x0000000082f00000, 0x0000000083000000|  0%| F|  |TAMS 0x0000000082f00000, 0x0000000082f00000| Untracked 
|  48|0x0000000083000000, 0x0000000083000000, 0x0000000083100000|  0%| F|  |TAMS 0x0000000083000000, 0x0000000083000000| Untracked 
|  49|0x0000000083100000, 0x0000000083100000, 0x0000000083200000|  0%| F|  |TAMS 0x0000000083100000, 0x0000000083100000| Untracked 
|  50|0x0000000083200000, 0x0000000083200000, 0x0000000083300000|  0%| F|  |TAMS 0x0000000083200000, 0x0000000083200000| Untracked 
|  51|0x0000000083300000, 0x0000000083300000, 0x0000000083400000|  0%| F|  |TAMS 0x0000000083300000, 0x0000000083300000| Untracked 
|  52|0x0000000083400000, 0x0000000083400000, 0x0000000083500000|  0%| F|  |TAMS 0x0000000083400000, 0x0000000083400000| Untracked 
|  53|0x0000000083500000, 0x0000000083500000, 0x0000000083600000|  0%| F|  |TAMS 0x0000000083500000, 0x0000000083500000| Untracked 
|  54|0x0000000083600000, 0x0000000083600000, 0x0000000083700000|  0%| F|  |TAMS 0x0000000083600000, 0x0000000083600000| Untracked 
|  55|0x0000000083700000, 0x0000000083700000, 0x0000000083800000|  0%| F|  |TAMS 0x0000000083700000, 0x0000000083700000| Untracked 
|  56|0x0000000083800000, 0x0000000083800000, 0x0000000083900000|  0%| F|  |TAMS 0x0000000083800000, 0x0000000083800000| Untracked 
|  57|0x0000000083900000, 0x0000000083900000, 0x0000000083a00000|  0%| F|  |TAMS 0x0000000083900000, 0x0000000083900000| Untracked 
|  58|0x0000000083a00000, 0x0000000083a00000, 0x0000000083b00000|  0%| F|  |TAMS 0x0000000083a00000, 0x0000000083a00000| Untracked 
|  59|0x0000000083b00000, 0x0000000083b00000, 0x0000000083c00000|  0%| F|  |TAMS 0x0000000083b00000, 0x0000000083b00000| Untracked 
|  60|0x0000000083c00000, 0x0000000083c00000, 0x0000000083d00000|  0%| F|  |TAMS 0x0000000083c00000, 0x0000000083c00000| Untracked 
|  61|0x0000000083d00000, 0x0000000083d00000, 0x0000000083e00000|  0%| F|  |TAMS 0x0000000083d00000, 0x0000000083d00000| Untracked 
|  62|0x0000000083e00000, 0x0000000083e00000, 0x0000000083f00000|  0%| F|  |TAMS 0x0000000083e00000, 0x0000000083e00000| Untracked 
|  63|0x0000000083f00000, 0x0000000083f00000, 0x0000000084000000|  0%| F|  |TAMS 0x0000000083f00000, 0x0000000083f00000| Untracked 
|  64|0x0000000084000000, 0x0000000084000000, 0x0000000084100000|  0%| F|  |TAMS 0x0000000084000000, 0x0000000084000000| Untracked 
|  65|0x0000000084100000, 0x0000000084182010, 0x0000000084200000| 50%| E|  |TAMS 0x0000000084100000, 0x0000000084100000| Complete 
|  66|0x0000000084200000, 0x0000000084300000, 0x0000000084300000|100%| E|CS|TAMS 0x0000000084200000, 0x0000000084200000| Complete 
|  67|0x0000000084300000, 0x0000000084400000, 0x0000000084400000|100%| E|CS|TAMS 0x0000000084300000, 0x0000000084300000| Complete 
|  68|0x0000000084400000, 0x0000000084500000, 0x0000000084500000|100%| E|CS|TAMS 0x0000000084400000, 0x0000000084400000| Complete 
|  69|0x0000000084500000, 0x0000000084600000, 0x0000000084600000|100%| E|CS|TAMS 0x0000000084500000, 0x0000000084500000| Complete 
|  70|0x0000000084600000, 0x0000000084700000, 0x0000000084700000|100%| E|CS|TAMS 0x0000000084600000, 0x0000000084600000| Complete 
|  71|0x0000000084700000, 0x000000008474a550, 0x0000000084800000| 29%| S|CS|TAMS 0x0000000084700000, 0x0000000084700000| Complete 
|  72|0x0000000084800000, 0x0000000084900000, 0x0000000084900000|100%| S|CS|TAMS 0x0000000084800000, 0x0000000084800000| Complete 
|  73|0x0000000084900000, 0x0000000084a00000, 0x0000000084a00000|100%| S|CS|TAMS 0x0000000084900000, 0x0000000084900000| Complete 
|  74|0x0000000084a00000, 0x0000000084b00000, 0x0000000084b00000|100%| S|CS|TAMS 0x0000000084a00000, 0x0000000084a00000| Complete 
|  75|0x0000000084b00000, 0x0000000084c00000, 0x0000000084c00000|100%| E|CS|TAMS 0x0000000084b00000, 0x0000000084b00000| Complete 
|  76|0x0000000084c00000, 0x0000000084d00000, 0x0000000084d00000|100%| E|CS|TAMS 0x0000000084c00000, 0x0000000084c00000| Complete 
|  77|0x0000000084d00000, 0x0000000084e00000, 0x0000000084e00000|100%| E|CS|TAMS 0x0000000084d00000, 0x0000000084d00000| Complete 
|  78|0x0000000084e00000, 0x0000000084f00000, 0x0000000084f00000|100%| E|CS|TAMS 0x0000000084e00000, 0x0000000084e00000| Complete 
|  79|0x0000000084f00000, 0x0000000085000000, 0x0000000085000000|100%| E|CS|TAMS 0x0000000084f00000, 0x0000000084f00000| Complete 
|  80|0x0000000085000000, 0x0000000085100000, 0x0000000085100000|100%| E|CS|TAMS 0x0000000085000000, 0x0000000085000000| Complete 
|  81|0x0000000085100000, 0x0000000085200000, 0x0000000085200000|100%| E|CS|TAMS 0x0000000085100000, 0x0000000085100000| Complete 
|  82|0x0000000085200000, 0x0000000085300000, 0x0000000085300000|100%| E|CS|TAMS 0x0000000085200000, 0x0000000085200000| Complete 
|  83|0x0000000085300000, 0x0000000085400000, 0x0000000085400000|100%| E|CS|TAMS 0x0000000085300000, 0x0000000085300000| Complete 
|  84|0x0000000085400000, 0x0000000085500000, 0x0000000085500000|100%| E|CS|TAMS 0x0000000085400000, 0x0000000085400000| Complete 
|  85|0x0000000085500000, 0x0000000085600000, 0x0000000085600000|100%| E|CS|TAMS 0x0000000085500000, 0x0000000085500000| Complete 
|  86|0x0000000085600000, 0x0000000085700000, 0x0000000085700000|100%| E|CS|TAMS 0x0000000085600000, 0x0000000085600000| Complete 
|  87|0x0000000085700000, 0x0000000085800000, 0x0000000085800000|100%| E|CS|TAMS 0x0000000085700000, 0x0000000085700000| Complete 
|  88|0x0000000085800000, 0x0000000085900000, 0x0000000085900000|100%| E|CS|TAMS 0x0000000085800000, 0x0000000085800000| Complete 
|  89|0x0000000085900000, 0x0000000085a00000, 0x0000000085a00000|100%| E|CS|TAMS 0x0000000085900000, 0x0000000085900000| Complete 
|  90|0x0000000085a00000, 0x0000000085b00000, 0x0000000085b00000|100%| E|CS|TAMS 0x0000000085a00000, 0x0000000085a00000| Complete 
|  91|0x0000000085b00000, 0x0000000085c00000, 0x0000000085c00000|100%| E|CS|TAMS 0x0000000085b00000, 0x0000000085b00000| Complete 
|  92|0x0000000085c00000, 0x0000000085d00000, 0x0000000085d00000|100%| E|CS|TAMS 0x0000000085c00000, 0x0000000085c00000| Complete 
|  93|0x0000000085d00000, 0x0000000085e00000, 0x0000000085e00000|100%| E|CS|TAMS 0x0000000085d00000, 0x0000000085d00000| Complete 
|  94|0x0000000085e00000, 0x0000000085f00000, 0x0000000085f00000|100%| E|CS|TAMS 0x0000000085e00000, 0x0000000085e00000| Complete 
|  95|0x0000000085f00000, 0x0000000086000000, 0x0000000086000000|100%| E|CS|TAMS 0x0000000085f00000, 0x0000000085f00000| Complete 
|  96|0x0000000086000000, 0x0000000086100000, 0x0000000086100000|100%| E|CS|TAMS 0x0000000086000000, 0x0000000086000000| Complete 
|  97|0x0000000086100000, 0x0000000086200000, 0x0000000086200000|100%| E|CS|TAMS 0x0000000086100000, 0x0000000086100000| Complete 
|  98|0x0000000086200000, 0x0000000086300000, 0x0000000086300000|100%| E|CS|TAMS 0x0000000086200000, 0x0000000086200000| Complete 
|  99|0x0000000086300000, 0x0000000086400000, 0x0000000086400000|100%| E|CS|TAMS 0x0000000086300000, 0x0000000086300000| Complete 
| 100|0x0000000086400000, 0x0000000086500000, 0x0000000086500000|100%| E|CS|TAMS 0x0000000086400000, 0x0000000086400000| Complete 
| 101|0x0000000086500000, 0x0000000086600000, 0x0000000086600000|100%| E|CS|TAMS 0x0000000086500000, 0x0000000086500000| Complete 
| 102|0x0000000086600000, 0x0000000086700000, 0x0000000086700000|100%| E|CS|TAMS 0x0000000086600000, 0x0000000086600000| Complete 
| 103|0x0000000086700000, 0x0000000086800000, 0x0000000086800000|100%| E|CS|TAMS 0x0000000086700000, 0x0000000086700000| Complete 
| 104|0x0000000086800000, 0x0000000086900000, 0x0000000086900000|100%| E|CS|TAMS 0x0000000086800000, 0x0000000086800000| Complete 
| 105|0x0000000086900000, 0x0000000086a00000, 0x0000000086a00000|100%| E|CS|TAMS 0x0000000086900000, 0x0000000086900000| Complete 
| 106|0x0000000086a00000, 0x0000000086b00000, 0x0000000086b00000|100%| E|CS|TAMS 0x0000000086a00000, 0x0000000086a00000| Complete 
| 107|0x0000000086b00000, 0x0000000086c00000, 0x0000000086c00000|100%| E|CS|TAMS 0x0000000086b00000, 0x0000000086b00000| Complete 
| 108|0x0000000086c00000, 0x0000000086d00000, 0x0000000086d00000|100%| E|CS|TAMS 0x0000000086c00000, 0x0000000086c00000| Complete 
| 109|0x0000000086d00000, 0x0000000086e00000, 0x0000000086e00000|100%| E|CS|TAMS 0x0000000086d00000, 0x0000000086d00000| Complete 
| 110|0x0000000086e00000, 0x0000000086f00000, 0x0000000086f00000|100%| E|CS|TAMS 0x0000000086e00000, 0x0000000086e00000| Complete 
| 111|0x0000000086f00000, 0x0000000087000000, 0x0000000087000000|100%| E|CS|TAMS 0x0000000086f00000, 0x0000000086f00000| Complete 
| 112|0x0000000087000000, 0x0000000087100000, 0x0000000087100000|100%| E|CS|TAMS 0x0000000087000000, 0x0000000087000000| Complete 
| 113|0x0000000087100000, 0x0000000087200000, 0x0000000087200000|100%| E|CS|TAMS 0x0000000087100000, 0x0000000087100000| Complete 
| 114|0x0000000087200000, 0x0000000087300000, 0x0000000087300000|100%| E|CS|TAMS 0x0000000087200000, 0x0000000087200000| Complete 
| 115|0x0000000087300000, 0x0000000087400000, 0x0000000087400000|100%| E|CS|TAMS 0x0000000087300000, 0x0000000087300000| Complete 
| 116|0x0000000087400000, 0x0000000087500000, 0x0000000087500000|100%| E|CS|TAMS 0x0000000087400000, 0x0000000087400000| Complete 
| 117|0x0000000087500000, 0x0000000087600000, 0x0000000087600000|100%| E|CS|TAMS 0x0000000087500000, 0x0000000087500000| Complete 
| 118|0x0000000087600000, 0x0000000087700000, 0x0000000087700000|100%| E|CS|TAMS 0x0000000087600000, 0x0000000087600000| Complete 
| 119|0x0000000087700000, 0x0000000087800000, 0x0000000087800000|100%| E|CS|TAMS 0x0000000087700000, 0x0000000087700000| Complete 
| 120|0x0000000087800000, 0x0000000087900000, 0x0000000087900000|100%| E|CS|TAMS 0x0000000087800000, 0x0000000087800000| Complete 
| 121|0x0000000087900000, 0x0000000087a00000, 0x0000000087a00000|100%| E|CS|TAMS 0x0000000087900000, 0x0000000087900000| Complete 
| 122|0x0000000087a00000, 0x0000000087b00000, 0x0000000087b00000|100%| E|CS|TAMS 0x0000000087a00000, 0x0000000087a00000| Complete 
| 123|0x0000000087b00000, 0x0000000087c00000, 0x0000000087c00000|100%| E|CS|TAMS 0x0000000087b00000, 0x0000000087b00000| Complete 
| 124|0x0000000087c00000, 0x0000000087d00000, 0x0000000087d00000|100%| E|CS|TAMS 0x0000000087c00000, 0x0000000087c00000| Complete 
| 125|0x0000000087d00000, 0x0000000087e00000, 0x0000000087e00000|100%| E|CS|TAMS 0x0000000087d00000, 0x0000000087d00000| Complete 
| 126|0x0000000087e00000, 0x0000000087f00000, 0x0000000087f00000|100%| E|CS|TAMS 0x0000000087e00000, 0x0000000087e00000| Complete 
| 127|0x0000000087f00000, 0x0000000088000000, 0x0000000088000000|100%| E|CS|TAMS 0x0000000087f00000, 0x0000000087f00000| Complete 

Card table byte_map: [0x00000159f3ae0000,0x00000159f3ee0000] _byte_map_base: 0x00000159f36e0000

Marking Bits (Prev, Next): (CMBitMap*) 0x00000159e0c1b4f0, (CMBitMap*) 0x00000159e0c1b4b8
 Prev Bits: [0x00000159f62e0000, 0x00000159f82e0000)
 Next Bits: [0x00000159f42e0000, 0x00000159f62e0000)

Polling page: 0x00000159e03b0000

Metaspace:

Usage:
  Non-class:     29.46 MB capacity,    28.98 MB ( 98%) used,   422.00 KB (  1%) free+waste,    70.31 KB ( <1%) overhead. 
      Class:      4.63 MB capacity,     4.32 MB ( 93%) used,   286.75 KB (  6%) free+waste,    34.63 KB ( <1%) overhead. 
       Both:     34.10 MB capacity,    33.30 MB ( 98%) used,   708.75 KB (  2%) free+waste,   104.94 KB ( <1%) overhead. 

Virtual space:
  Non-class space:       30.00 MB reserved,      29.50 MB ( 98%) committed 
      Class space:        1.00 GB reserved,       4.75 MB ( <1%) committed 
             Both:        1.03 GB reserved,      34.25 MB (  3%) committed 

Chunk freelists:
   Non-Class:  37.00 KB
       Class:  25.00 KB
        Both:  62.00 KB

MaxMetaspaceSize: 17179869184.00 GB
CompressedClassSpaceSize: 1.00 GB
Initial GC threshold: 20.80 MB
Current GC threshold: 35.00 MB
CDS: off

CodeHeap 'non-profiled nmethods': size=120064Kb used=1470Kb max_used=1470Kb free=118593Kb
 bounds [0x00000159ec1a0000, 0x00000159ec410000, 0x00000159f36e0000]
CodeHeap 'profiled nmethods': size=120000Kb used=5806Kb max_used=5806Kb free=114193Kb
 bounds [0x00000159e4c70000, 0x00000159e5220000, 0x00000159ec1a0000]
CodeHeap 'non-nmethods': size=5696Kb used=1236Kb max_used=1280Kb free=4459Kb
 bounds [0x00000159e46e0000, 0x00000159e4950000, 0x00000159e4c70000]
 total_blobs=3258 nmethods=2745 adapters=425
 compilation: enabled
              stopped_count=0, restarted_count=0
 full_count=0

Compilation events (20 events):
Event: 10.792 Thread 0x00000159fb18e000 nmethod 2747 0x00000159e5216310 code [0x00000159e5216560, 0x00000159e5216ed8]
Event: 10.792 Thread 0x00000159fb18e000 2748       3       org.codehaus.groovy.runtime.metaclass.ReflectionMetaMethod::<init> (18 bytes)
Event: 10.792 Thread 0x00000159fb18e000 nmethod 2748 0x00000159e5217210 code [0x00000159e5217400, 0x00000159e5217968]
Event: 10.792 Thread 0x00000159fb18e000 2745       3       org.codehaus.groovy.reflection.CachedMethod::isStatic (8 bytes)
Event: 10.792 Thread 0x00000159fb18e000 nmethod 2745 0x00000159e5217b90 code [0x00000159e5217d40, 0x00000159e5217f18]
Event: 10.793 Thread 0x00000159fb18e000 2750       3       java.util.zip.Inflater::<init> (24 bytes)
Event: 10.794 Thread 0x00000159fb18e000 nmethod 2750 0x00000159e5218010 code [0x00000159e52181e0, 0x00000159e5218478]
Event: 10.797 Thread 0x00000159fb18e000 2751       3       java.util.concurrent.locks.AbstractQueuedSynchronizer$ConditionObject::checkInterruptWhileWaiting (27 bytes)
Event: 10.798 Thread 0x00000159fb18e000 nmethod 2751 0x00000159e5218590 code [0x00000159e5218840, 0x00000159e52192c8]
Event: 10.799 Thread 0x00000159fb18e000 2752       3       java.util.concurrent.locks.ReentrantLock::lockInterruptibly (9 bytes)
Event: 10.799 Thread 0x00000159fb18e000 nmethod 2752 0x00000159e5219710 code [0x00000159e5219920, 0x00000159e5219d78]
Event: 10.799 Thread 0x00000159fb18e000 2753   !   3       java.util.zip.Inflater::finished (19 bytes)
Event: 10.799 Thread 0x00000159fb18e000 nmethod 2753 0x00000159e5219f10 code [0x00000159e521a0c0, 0x00000159e521a358]
Event: 10.800 Thread 0x00000159fb18e000 2754       3       jdk.internal.jimage.ImageStringsReader::get (9 bytes)
Event: 10.801 Thread 0x00000159fb18e000 nmethod 2754 0x00000159e521a410 code [0x00000159e521a5c0, 0x00000159e521a768]
Event: 10.801 Thread 0x00000159fb18e000 2755       3       jdk.internal.misc.Unsafe::pickPos (14 bytes)
Event: 10.801 Thread 0x00000159fb18e000 nmethod 2755 0x00000159e521a810 code [0x00000159e521a9c0, 0x00000159e521aab8]
Event: 10.803 Thread 0x00000159fb18e000 2756       3       java.lang.PublicMethods::toArray (76 bytes)
Event: 10.804 Thread 0x00000159fb18e000 nmethod 2756 0x00000159e521ab90 code [0x00000159e521adc0, 0x00000159e521b658]
Event: 10.821 Thread 0x00000159fb18e000 2757   !   3       java.lang.ClassLoader::loadClass (122 bytes)

GC Heap History (8 events):
Event: 1.806 GC heap before
{Heap before GC invocations=0 (full 0):
 garbage-first heap   total 131072K, used 20480K [0x0000000080000000, 0x0000000100000000)
  region size 1024K, 14 young (14336K), 0 survivors (0K)
 Metaspace       used 6749K, capacity 6925K, committed 7168K, reserved 1056768K
  class space    used 582K, capacity 650K, committed 768K, reserved 1048576K
}
Event: 1.815 GC heap after
{Heap after GC invocations=1 (full 0):
 garbage-first heap   total 131072K, used 7662K [0x0000000080000000, 0x0000000100000000)
  region size 1024K, 2 young (2048K), 2 survivors (2048K)
 Metaspace       used 6749K, capacity 6925K, committed 7168K, reserved 1056768K
  class space    used 582K, capacity 650K, committed 768K, reserved 1048576K
}
Event: 6.571 GC heap before
{Heap before GC invocations=1 (full 0):
 garbage-first heap   total 131072K, used 83438K [0x0000000080000000, 0x0000000100000000)
  region size 1024K, 76 young (77824K), 2 survivors (2048K)
 Metaspace       used 16754K, capacity 17166K, committed 17280K, reserved 1064960K
  class space    used 1936K, capacity 2068K, committed 2176K, reserved 1048576K
}
Event: 6.599 GC heap after
{Heap after GC invocations=2 (full 0):
 garbage-first heap   total 131072K, used 15825K [0x0000000080000000, 0x0000000100000000)
  region size 1024K, 10 young (10240K), 10 survivors (10240K)
 Metaspace       used 16754K, capacity 17166K, committed 17280K, reserved 1064960K
  class space    used 1936K, capacity 2068K, committed 2176K, reserved 1048576K
}
Event: 7.649 GC heap before
{Heap before GC invocations=2 (full 0):
 garbage-first heap   total 131072K, used 51665K [0x0000000080000000, 0x0000000100000000)
  region size 1024K, 47 young (48128K), 10 survivors (10240K)
 Metaspace       used 20694K, capacity 21137K, committed 21248K, reserved 1067008K
  class space    used 2545K, capacity 2712K, committed 2816K, reserved 1048576K
}
Event: 7.667 GC heap after
{Heap after GC invocations=3 (full 0):
 garbage-first heap   total 131072K, used 17137K [0x0000000080000000, 0x0000000100000000)
  region size 1024K, 2 young (2048K), 2 survivors (2048K)
 Metaspace       used 20694K, capacity 21137K, committed 21248K, reserved 1067008K
  class space    used 2545K, capacity 2712K, committed 2816K, reserved 1048576K
}
Event: 9.443 GC heap before
{Heap before GC invocations=4 (full 0):
 garbage-first heap   total 131072K, used 69361K [0x0000000080000000, 0x0000000100000000)
  region size 1024K, 53 young (54272K), 2 survivors (2048K)
 Metaspace       used 26187K, capacity 26758K, committed 27008K, reserved 1073152K
  class space    used 3396K, capacity 3591K, committed 3712K, reserved 1048576K
}
Event: 9.452 GC heap after
{Heap after GC invocations=5 (full 0):
 garbage-first heap   total 131072K, used 18723K [0x0000000080000000, 0x0000000100000000)
  region size 1024K, 4 young (4096K), 4 survivors (4096K)
 Metaspace       used 26187K, capacity 26758K, committed 27008K, reserved 1073152K
  class space    used 3396K, capacity 3591K, committed 3712K, reserved 1048576K
}

Deoptimization events (20 events):
Event: 9.519 Thread 0x00000159fbe33800 DEOPT PACKING pc=0x00000159ec1fcba8 sp=0x00000029086fa7d0
Event: 9.519 Thread 0x00000159fbe33800 DEOPT UNPACKING pc=0x00000159e472a1af sp=0x00000029086fa6d0 mode 2
Event: 9.918 Thread 0x00000159fbe33800 Uncommon trap: trap_request=0xffffff4d fr.pc=0x00000159ec286ecc relative=0x000000000000020c
Event: 9.918 Thread 0x00000159fbe33800 Uncommon trap: reason=unstable_if action=reinterpret pc=0x00000159ec286ecc method=java.util.HashMap.hash(Ljava/lang/Object;)I @ 1 c2
Event: 9.918 Thread 0x00000159fbe33800 DEOPT PACKING pc=0x00000159ec286ecc sp=0x00000029086f8af0
Event: 9.918 Thread 0x00000159fbe33800 DEOPT UNPACKING pc=0x00000159e472a1af sp=0x00000029086f8a28 mode 2
Event: 10.273 Thread 0x00000159fbe33800 DEOPT PACKING pc=0x00000159e508fc79 sp=0x00000029086f8ba0
Event: 10.273 Thread 0x00000159fbe33800 DEOPT UNPACKING pc=0x00000159e472a95e sp=0x00000029086f80e8 mode 0
Event: 10.299 Thread 0x00000159fbe33800 Uncommon trap: trap_request=0xffffff4d fr.pc=0x00000159ec2e7a64 relative=0x00000000000001a4
Event: 10.299 Thread 0x00000159fbe33800 Uncommon trap: reason=unstable_if action=reinterpret pc=0x00000159ec2e7a64 method=java.util.regex.Pattern$BmpCharProperty.match(Ljava/util/regex/Matcher;ILjava/lang/CharSequence;)Z @ 39 c2
Event: 10.299 Thread 0x00000159fbe33800 DEOPT PACKING pc=0x00000159ec2e7a64 sp=0x00000029086f94b0
Event: 10.299 Thread 0x00000159fbe33800 DEOPT UNPACKING pc=0x00000159e472a1af sp=0x00000029086f9460 mode 2
Event: 10.350 Thread 0x00000159fbe33800 Uncommon trap: trap_request=0xffffff4d fr.pc=0x00000159ec2b04bc relative=0x000000000000023c
Event: 10.350 Thread 0x00000159fbe33800 Uncommon trap: reason=unstable_if action=reinterpret pc=0x00000159ec2b04bc method=java.util.HashMap.putVal(ILjava/lang/Object;Ljava/lang/Object;ZZ)Ljava/lang/Object; @ 162 c2
Event: 10.350 Thread 0x00000159fbe33800 DEOPT PACKING pc=0x00000159ec2b04bc sp=0x00000029086fa5a0
Event: 10.350 Thread 0x00000159fbe33800 DEOPT UNPACKING pc=0x00000159e472a1af sp=0x00000029086fa4b0 mode 2
Event: 10.774 Thread 0x00000159fbe33800 Uncommon trap: trap_request=0xffffff4d fr.pc=0x00000159ec2a0854 relative=0x0000000000005114
Event: 10.774 Thread 0x00000159fbe33800 Uncommon trap: reason=unstable_if action=reinterpret pc=0x00000159ec2a0854 method=jdk.internal.loader.BuiltinClassLoader.loadClassOrNull(Ljava/lang/String;Z)Ljava/lang/Class; @ 42 c2
Event: 10.774 Thread 0x00000159fbe33800 DEOPT PACKING pc=0x00000159ec2a0854 sp=0x00000029086f5170
Event: 10.774 Thread 0x00000159fbe33800 DEOPT UNPACKING pc=0x00000159e472a1af sp=0x00000029086f5000 mode 2

Classes redefined (0 events):
No events

Internal exceptions (20 events):
Event: 9.457 Thread 0x00000159fbe33800 Exception <a 'java/lang/NoSuchMethodError'{0x0000000087f411b0}: 'void java.lang.invoke.DirectMethodHandle$Holder.invokeStatic(java.lang.Object, java.lang.Object, java.lang.Object, java.lang.Object)'> (0x0000000087f411b0) thrown at [./src/hotspot/share/interpreter/linkResolver.cpp, line 773]
Event: 9.465 Thread 0x00000159fbe33800 Exception <a 'java/lang/NoSuchMethodError'{0x0000000087f70538}: 'java.lang.Object java.lang.invoke.DirectMethodHandle$Holder.invokeVirtual(java.lang.Object, java.lang.Object, java.lang.Object)'> (0x0000000087f70538) thrown at [./src/hotspot/share/interpreter/linkResolver.cpp, line 773]
Event: 9.469 Thread 0x00000159fbe33800 Exception <a 'java/lang/NoSuchMethodError'{0x0000000087f99110}: 'int java.lang.invoke.DirectMethodHandle$Holder.invokeVirtual(java.lang.Object, java.lang.Object)'> (0x0000000087f99110) thrown at [./src/hotspot/share/interpreter/linkResolver.cpp, line 773]
Event: 9.481 Thread 0x00000159fbe33800 Exception <a 'java/lang/NoSuchMethodError'{0x0000000087e00800}: 'int java.lang.invoke.DirectMethodHandle$Holder.invokeVirtual(java.lang.Object, java.lang.Object, java.lang.Object)'> (0x0000000087e00800) thrown at [./src/hotspot/share/interpreter/linkResolver.cpp, line 773]
Event: 9.504 Thread 0x00000159fbe33800 Exception <a 'java/lang/NoSuchMethodError'{0x0000000087d655e0}: 'void java.lang.invoke.DirectMethodHandle$Holder.invokeSpecial(java.lang.Object, java.lang.Object)'> (0x0000000087d655e0) thrown at [./src/hotspot/share/interpreter/linkResolver.cpp, line 773]
Event: 9.686 Thread 0x00000159fbe33800 Exception <a 'java/lang/NoSuchMethodError'{0x0000000087323f18}: 'java.lang.Object java.lang.invoke.DirectMethodHandle$Holder.invokeSpecialIFC(java.lang.Object, java.lang.Object, java.lang.Object, java.lang.Object)'> (0x0000000087323f18) thrown at [./src/hotspot/share/interpreter/linkResolver.cpp, line 773]
Event: 9.702 Thread 0x00000159fbe33800 Exception <a 'java/lang/NoSuchMethodError'{0x00000000873fdad8}: 'java.lang.Object java.lang.invoke.DirectMethodHandle$Holder.invokeSpecial(java.lang.Object, java.lang.Object, java.lang.Object, java.lang.Object, java.lang.Object, java.lang.Object, java.lang.Object, java.lang.Object, java.lang.Object, java.lang.Object, java.lang.Object, java.lang.Object, java.lang.Object)'> (0x00000000873fdad8) thrown at [./src/hotspot/share/interpreter/linkResolver.cpp, line 773]
Event: 9.704 Thread 0x00000159fbe33800 Exception <a 'java/lang/NoSuchMethodError'{0x000000008720eeb0}: 'java.lang.Object java.lang.invoke.DirectMethodHandle$Holder.invokeSpecial(java.lang.Object, java.lang.Object, java.lang.Object, java.lang.Object, java.lang.Object, java.lang.Object, java.lang.Object, java.lang.Object, java.lang.Object, java.lang.Object, java.lang.Object, java.lang.Object)'> (0x000000008720eeb0) thrown at [./src/hotspot/share/interpreter/linkResolver.cpp, line 773]
Event: 9.704 Thread 0x00000159fbe33800 Exception <a 'java/lang/NoSuchMethodError'{0x0000000087213fd8}: 'java.lang.Object java.lang.invoke.Invokers$Holder.linkToTargetMethod(java.lang.Object, java.lang.Object, java.lang.Object, java.lang.Object, java.lang.Object, java.lang.Object, java.lang.Object, java.lang.Object, java.lang.Object, java.lang.Object, java.lang.Object)'> (0x0000000087213fd8) thrown at [./src/hotspot/share/interpreter/linkResolver.cpp, line 773]
Event: 9.727 Thread 0x00000159fbe33800 Exception <a 'java/lang/NoSuchMethodError'{0x0000000087153898}: 'java.lang.Object java.lang.invoke.DirectMethodHandle$Holder.invokeSpecial(java.lang.Object, java.lang.Object, java.lang.Object, java.lang.Object, java.lang.Object, java.lang.Object, java.lang.Object, java.lang.Object, java.lang.Object, java.lang.Object, java.lang.Object, java.lang.Object, java.lang.Object, java.lang.Object)'> (0x0000000087153898) thrown at [./src/hotspot/share/interpreter/linkResolver.cpp, line 773]
Event: 9.729 Thread 0x00000159fbe33800 Exception <a 'java/lang/NoSuchMethodError'{0x0000000087164f10}: 'java.lang.Object java.lang.invoke.Invokers$Holder.linkToTargetMethod(java.lang.Object, java.lang.Object, java.lang.Object, java.lang.Object, java.lang.Object, java.lang.Object, java.lang.Object, java.lang.Object, java.lang.Object, java.lang.Object, java.lang.Object, java.lang.Object)'> (0x0000000087164f10) thrown at [./src/hotspot/share/interpreter/linkResolver.cpp, line 773]
Event: 9.751 Thread 0x00000159fbe33800 Exception <a 'java/lang/NoSuchMethodError'{0x000000008704dbd8}: 'java.lang.Object java.lang.invoke.DirectMethodHandle$Holder.invokeStaticInit(java.lang.Object, java.lang.Object, java.lang.Object, java.lang.Object)'> (0x000000008704dbd8) thrown at [./src/hotspot/share/interpreter/linkResolver.cpp, line 773]
Event: 9.918 Thread 0x00000159fbe33800 Implicit null exception at 0x00000159ec286cf5 to 0x00000159ec286ebc
Event: 10.145 Thread 0x00000159fbe33800 Exception <a 'java/lang/NoSuchMethodError'{0x0000000085f72080}: 'java.lang.Object java.lang.invoke.Invokers$Holder.linkToTargetMethod(java.lang.Object, java.lang.Object, java.lang.Object, java.lang.Object, java.lang.Object, java.lang.Object, java.lang.Object, java.lang.Object)'> (0x0000000085f72080) thrown at [./src/hotspot/share/interpreter/linkResolver.cpp, line 773]
Event: 10.151 Thread 0x00000159fbe33800 Exception <a 'java/lang/NoSuchMethodError'{0x0000000085fc03f8}: 'java.lang.Object java.lang.invoke.Invokers$Holder.linkToTargetMethod(java.lang.Object, java.lang.Object, java.lang.Object, java.lang.Object, java.lang.Object, java.lang.Object, java.lang.Object)'> (0x0000000085fc03f8) thrown at [./src/hotspot/share/interpreter/linkResolver.cpp, line 773]
Event: 10.158 Thread 0x00000159fbe33800 Exception <a 'java/lang/IncompatibleClassChangeError'{0x0000000085e00b78}: Found class java.lang.Object, but interface was expected> (0x0000000085e00b78) thrown at [./src/hotspot/share/interpreter/linkResolver.cpp, line 839]
Event: 10.550 Thread 0x00000159fbe33800 Exception <a 'java/lang/NoSuchMethodError'{0x0000000084b87a40}: 'void java.lang.invoke.DirectMethodHandle$Holder.invokeStaticInit(java.lang.Object, java.lang.Object, java.lang.Object)'> (0x0000000084b87a40) thrown at [./src/hotspot/share/interpreter/linkResolver.cpp, line 773]
Event: 10.551 Thread 0x00000159fbe33800 Exception <a 'java/lang/NoSuchMethodError'{0x0000000084b8ebf0}: 'void java.lang.invoke.DirectMethodHandle$Holder.invokeStaticInit(java.lang.Object, java.lang.Object, java.lang.Object, java.lang.Object)'> (0x0000000084b8ebf0) thrown at [./src/hotspot/share/interpreter/linkResolver.cpp, line 773]
Event: 10.557 Thread 0x00000159fbe33800 Exception <a 'java/lang/NoSuchMethodError'{0x0000000084bb1248}: 'void java.lang.invoke.DirectMethodHandle$Holder.invokeStaticInit(java.lang.Object, java.lang.Object, java.lang.Object, java.lang.Object, java.lang.Object)'> (0x0000000084bb1248) thrown at [./src/hotspot/share/interpreter/linkResolver.cpp, line 773]
Event: 10.633 Thread 0x00000159fbe33800 Exception <a 'java/lang/NoSuchMethodError'{0x000000008460fe18}: 'int java.lang.invoke.DirectMethodHandle$Holder.invokeStaticInit(java.lang.Object, java.lang.Object, java.lang.Object, java.lang.Object)'> (0x000000008460fe18) thrown at [./src/hotspot/share/interpreter/linkResolver.cpp, line 773]

Events (20 events):
Event: 10.819 loading class javax/swing/DefaultComboBoxModel
Event: 10.819 loading class javax/swing/MutableComboBoxModel
Event: 10.819 loading class javax/swing/ComboBoxModel
Event: 10.819 loading class javax/swing/ComboBoxModel done
Event: 10.819 loading class javax/swing/MutableComboBoxModel done
Event: 10.819 loading class javax/swing/DefaultComboBoxModel done
Event: 10.819 loading class javax/swing/table/TableColumnModel
Event: 10.820 loading class javax/swing/table/TableColumnModel done
Event: 10.820 loading class javax/swing/tree/TreePath
Event: 10.820 loading class javax/swing/tree/TreePath done
Event: 10.820 loading class javax/swing/table/TableModel
Event: 10.820 loading class javax/swing/table/TableModel done
Event: 10.820 loading class javax/swing/ButtonGroup
Event: 10.820 loading class javax/swing/ButtonGroup done
Event: 10.820 loading class javax/swing/JMenuBar
Event: 10.821 loading class javax/swing/MenuElement
Event: 10.821 loading class javax/swing/MenuElement done
Event: 10.821 loading class javax/swing/JMenuBar done
Event: 10.821 loading class javax/swing/JMenu
Event: 10.822 loading class javax/swing/JMenuItem


Dynamic libraries:
0x00007ff66b2d0000 - 0x00007ff66b2da000 	C:\Program Files\Android\Android Studio\jre\bin\java.exe
0x00007ff900330000 - 0x00007ff900544000 	C:\WINDOWS\SYSTEM32\ntdll.dll
0x00007ff8fea00000 - 0x00007ff8feac2000 	C:\WINDOWS\System32\KERNEL32.DLL
0x00007ff8fd760000 - 0x00007ff8fdafc000 	C:\WINDOWS\System32\KERNELBASE.dll
0x00007ff8fdb00000 - 0x00007ff8fdc11000 	C:\WINDOWS\System32\ucrtbase.dll
0x00007ff8e89c0000 - 0x00007ff8e89d9000 	C:\Program Files\Android\Android Studio\jre\bin\jli.dll
0x00007ff8fe2e0000 - 0x00007ff8fe48a000 	C:\WINDOWS\System32\USER32.dll
0x00007ff8fdff0000 - 0x00007ff8fe016000 	C:\WINDOWS\System32\win32u.dll
0x00007ff8febf0000 - 0x00007ff8fec19000 	C:\WINDOWS\System32\GDI32.dll
0x00007ff8fdd60000 - 0x00007ff8fde72000 	C:\WINDOWS\System32\gdi32full.dll
0x00007ff8fe090000 - 0x00007ff8fe12a000 	C:\WINDOWS\System32\msvcp_win.dll
0x00007ff8f5630000 - 0x00007ff8f5647000 	C:\Program Files\Android\Android Studio\jre\bin\VCRUNTIME140.dll
0x00007ff8e30f0000 - 0x00007ff8e337e000 	C:\WINDOWS\WinSxS\amd64_microsoft.windows.common-controls_6595b64144ccf1df_6.0.22621.608_none_a9444ca7c10bb01d\COMCTL32.dll
0x00007ff900240000 - 0x00007ff9002e7000 	C:\WINDOWS\System32\msvcrt.dll
0x00007ff8ff520000 - 0x00007ff8ff551000 	C:\WINDOWS\System32\IMM32.DLL
0x00007ff8be490000 - 0x00007ff8be52d000 	C:\Program Files\Android\Android Studio\jre\bin\msvcp140.dll
0x00007ff8b0a50000 - 0x00007ff8b1535000 	C:\Program Files\Android\Android Studio\jre\bin\server\jvm.dll
0x00007ff8ffb20000 - 0x00007ff8ffbce000 	C:\WINDOWS\System32\ADVAPI32.dll
0x00007ff900190000 - 0x00007ff900234000 	C:\WINDOWS\System32\sechost.dll
0x00007ff8fead0000 - 0x00007ff8febe5000 	C:\WINDOWS\System32\RPCRT4.dll
0x00007ff900180000 - 0x00007ff900188000 	C:\WINDOWS\System32\PSAPI.DLL
0x00007ff8d8fd0000 - 0x00007ff8d8fd9000 	C:\WINDOWS\SYSTEM32\WSOCK32.dll
0x00007ff8fe1a0000 - 0x00007ff8fe211000 	C:\WINDOWS\System32\WS2_32.dll
0x00007ff8f5ec0000 - 0x00007ff8f5ef4000 	C:\WINDOWS\SYSTEM32\WINMM.dll
0x00007ff8f6700000 - 0x00007ff8f670a000 	C:\WINDOWS\SYSTEM32\VERSION.dll
0x00007ff8fc8d0000 - 0x00007ff8fc8e8000 	C:\WINDOWS\SYSTEM32\kernel.appcore.dll
0x00007ff8c64d0000 - 0x00007ff8c64e1000 	C:\Program Files\Android\Android Studio\jre\bin\verify.dll
0x00007ff8fb370000 - 0x00007ff8fb59e000 	C:\WINDOWS\SYSTEM32\DBGHELP.DLL
0x00007ff8ff6a0000 - 0x00007ff8ffa29000 	C:\WINDOWS\System32\combase.dll
0x00007ff8ffa40000 - 0x00007ff8ffb17000 	C:\WINDOWS\System32\OLEAUT32.dll
0x00007ff8dde40000 - 0x00007ff8dde72000 	C:\WINDOWS\SYSTEM32\dbgcore.DLL
0x00007ff8fdc20000 - 0x00007ff8fdc9b000 	C:\WINDOWS\System32\bcryptPrimitives.dll
0x00007ff8b1b60000 - 0x00007ff8b1b89000 	C:\Program Files\Android\Android Studio\jre\bin\java.dll
0x00007ff8d8c10000 - 0x00007ff8d8c1b000 	C:\Program Files\Android\Android Studio\jre\bin\jimage.dll
0x00007ff8c5c60000 - 0x00007ff8c5c78000 	C:\Program Files\Android\Android Studio\jre\bin\zip.dll
0x00007ff8fec20000 - 0x00007ff8ff3fd000 	C:\WINDOWS\System32\SHELL32.dll
0x00007ff8fb7d0000 - 0x00007ff8fc086000 	C:\WINDOWS\SYSTEM32\windows.storage.dll
0x00007ff8fb690000 - 0x00007ff8fb7cd000 	C:\WINDOWS\SYSTEM32\wintypes.dll
0x00007ff8fe900000 - 0x00007ff8fe9f1000 	C:\WINDOWS\System32\SHCORE.dll
0x00007ff8fe8a0000 - 0x00007ff8fe8fe000 	C:\WINDOWS\System32\shlwapi.dll
0x00007ff8fd690000 - 0x00007ff8fd6b1000 	C:\WINDOWS\SYSTEM32\profapi.dll
0x00007ff8c57d0000 - 0x00007ff8c57ea000 	C:\Program Files\Android\Android Studio\jre\bin\net.dll
0x00007ff8f59c0000 - 0x00007ff8f5aef000 	C:\WINDOWS\SYSTEM32\WINHTTP.dll
0x00007ff8fcd30000 - 0x00007ff8fcd99000 	C:\WINDOWS\system32\mswsock.dll
0x00007ff8b8100000 - 0x00007ff8b8114000 	C:\Program Files\Android\Android Studio\jre\bin\nio.dll
0x00007ff8f5fa0000 - 0x00007ff8f5fc7000 	C:\Users\jeova\.gradle\native\e1d6ef7f7dcc3fd88c89a11ec53ec762bb8ba0a96d01ffa2cd45eb1d1d8dd5c5\windows-amd64\native-platform.dll
0x00007ff8de2f0000 - 0x00007ff8de434000 	C:\Users\jeova\.gradle\native\5664cfc778a61ccfe75a443a1ab52a65af34e5dc3c78e0209fed803814484fcb\windows-amd64\native-platform-file-events.dll
0x00007ff8b9f20000 - 0x00007ff8b9f2a000 	C:\Program Files\Android\Android Studio\jre\bin\management.dll
0x00007ff8b7ea0000 - 0x00007ff8b7ead000 	C:\Program Files\Android\Android Studio\jre\bin\management_ext.dll
0x00007ff8fcf70000 - 0x00007ff8fcf8b000 	C:\WINDOWS\SYSTEM32\CRYPTSP.dll
0x00007ff8fc840000 - 0x00007ff8fc875000 	C:\WINDOWS\system32\rsaenh.dll
0x00007ff8fce20000 - 0x00007ff8fce48000 	C:\WINDOWS\SYSTEM32\USERENV.dll
0x00007ff8fd110000 - 0x00007ff8fd138000 	C:\WINDOWS\SYSTEM32\bcrypt.dll
0x00007ff8fcf90000 - 0x00007ff8fcf9c000 	C:\WINDOWS\SYSTEM32\CRYPTBASE.dll
0x00007ff8fc350000 - 0x00007ff8fc37d000 	C:\WINDOWS\SYSTEM32\IPHLPAPI.DLL
0x00007ff8ffa30000 - 0x00007ff8ffa39000 	C:\WINDOWS\System32\NSI.dll
0x00007ff8f5750000 - 0x00007ff8f5769000 	C:\WINDOWS\SYSTEM32\dhcpcsvc6.DLL
0x00007ff8f56e0000 - 0x00007ff8f56ff000 	C:\WINDOWS\SYSTEM32\dhcpcsvc.DLL
0x00007ff8fc380000 - 0x00007ff8fc472000 	C:\WINDOWS\SYSTEM32\DNSAPI.dll

dbghelp: loaded successfully - version: 4.0.5 - missing functions: none
symbol engine: initialized successfully - sym options: 0x614 - pdb path: .;C:\Program Files\Android\Android Studio\jre\bin;C:\WINDOWS\SYSTEM32;C:\WINDOWS\WinSxS\amd64_microsoft.windows.common-controls_6595b64144ccf1df_6.0.22621.608_none_a9444ca7c10bb01d;C:\Program Files\Android\Android Studio\jre\bin\server;C:\Users\jeova\.gradle\native\e1d6ef7f7dcc3fd88c89a11ec53ec762bb8ba0a96d01ffa2cd45eb1d1d8dd5c5\windows-amd64;C:\Users\jeova\.gradle\native\5664cfc778a61ccfe75a443a1ab52a65af34e5dc3c78e0209fed803814484fcb\windows-amd64

VM Arguments:
jvm_args: --add-opens=java.base/java.util=ALL-UNNAMED --add-opens=java.base/java.lang=ALL-UNNAMED --add-opens=java.base/java.lang.invoke=ALL-UNNAMED --add-opens=java.base/java.util=ALL-UNNAMED --add-opens=java.prefs/java.util.prefs=ALL-UNNAMED --add-opens=java.prefs/java.util.prefs=ALL-UNNAMED --add-opens=java.base/java.nio.charset=ALL-UNNAMED --add-opens=java.base/java.net=ALL-UNNAMED --add-opens=java.base/java.util.concurrent.atomic=ALL-UNNAMED -Xmx2048m -Dfile.encoding=UTF-8 -Duser.country=MX -Duser.language=es -Duser.variant 
java_command: org.gradle.launcher.daemon.bootstrap.GradleDaemon 7.3.3
java_class_path (initial): C:\Users\jeova\.gradle\wrapper\dists\gradle-7.3.3-bin\6a41zxkdtcxs8rphpq6y0069z\gradle-7.3.3\lib\gradle-launcher-7.3.3.jar
Launcher Type: SUN_STANDARD

[Global flags]
     intx CICompilerCount                          = 3                                         {product} {ergonomic}
     uint ConcGCThreads                            = 1                                         {product} {ergonomic}
     uint G1ConcRefinementThreads                  = 4                                         {product} {ergonomic}
   size_t G1HeapRegionSize                         = 1048576                                   {product} {ergonomic}
    uintx GCDrainStackTargetSize                   = 64                                        {product} {ergonomic}
   size_t InitialHeapSize                          = 134217728                                 {product} {ergonomic}
   size_t MarkStackSize                            = 4194304                                   {product} {ergonomic}
   size_t MaxHeapSize                              = 2147483648                                {product} {command line}
   size_t MaxNewSize                               = 1287651328                                {product} {ergonomic}
   size_t MinHeapDeltaBytes                        = 1048576                                   {product} {ergonomic}
    uintx NonNMethodCodeHeapSize                   = 5830732                                {pd product} {ergonomic}
    uintx NonProfiledCodeHeapSize                  = 122913754                              {pd product} {ergonomic}
    uintx ProfiledCodeHeapSize                     = 122913754                              {pd product} {ergonomic}
    uintx ReservedCodeCacheSize                    = 251658240                              {pd product} {ergonomic}
     bool SegmentedCodeCache                       = true                                      {product} {ergonomic}
     bool UseCompressedClassPointers               = true                                 {lp64_product} {ergonomic}
     bool UseCompressedOops                        = true                                 {lp64_product} {ergonomic}
     bool UseG1GC                                  = true                                      {product} {ergonomic}
     bool UseLargePagesIndividualAllocation        = false                                  {pd product} {ergonomic}

Logging:
Log output configuration:
 #0: stdout all=warning uptime,level,tags
 #1: stderr all=off uptime,level,tags

Environment Variables:
PATH=C:\Program Files (x86)\Common Files\Oracle\Java\javapath;C:\WINDOWS\system32;C:\WINDOWS;C:\WINDOWS\System32\Wbem;C:\WINDOWS\System32\WindowsPowerShell\v1.0\;C:\WINDOWS\System32\OpenSSH\;C:\Program Files\MATLAB\R2020b\bin;C:\Program Files\dotnet\;C:\Program Files\Microsoft SQL Server\Client SDK\ODBC\170\Tools\Binn\;C:\Program Files\Azure Data Studio\bin;C:\Program Files\nodejs\;C:\Program Files (x86)\Microsoft SQL Server\150\DTS\Binn\;C:\Program Files (x86)\Microsoft SQL Server\150\Tools\Binn\;C:\Program Files\Microsoft SQL Server\150\Tools\Binn\;C:\Program Files\Microsoft SQL Server\150\DTS\Binn\;C:\Program Files\Microsoft SQL Server\130\Tools\Binn\;C:\Program Files (x86)\dotnet\;C:\Program Files\Git\cmd;C:\Program Files\Intel\Intel(R) Memory and Storage Tool\;C:\Users\jeova\AppData\Local\Programs\Python\Python39\Scripts\;C:\Users\jeova\AppData\Local\Programs\Python\Python39\;C:\Users\jeova\AppData\Local\Microsoft\WindowsApps;C:\Users\jeova\AppData\Local\Programs\Microsoft VS Code\bin;C:\Users\jeova\.dotnet\tools;C:\Program Files\Azure Data Studio\bin;C:\Users\jeova\AppData\Roaming\npm;C:\Users\jeova\AppData\Local\GitHubDesktop\bin;C:\Users\jeova\OneDrive\Escritorio\ESCRITORIO\CEM;
USERNAME=jeova
OS=Windows_NT
PROCESSOR_IDENTIFIER=Intel64 Family 6 Model 142 Stepping 10, GenuineIntel



---------------  S Y S T E M  ---------------

OS: Windows 10 , 64 bit Build 22621 (10.0.22621.608)
OS uptime: 0 days 1:41 hours

CPU:total 4 (initial active 4) (2 cores per cpu, 2 threads per core) family 6 model 142 stepping 10 microcode 0xe0, cmov, cx8, fxsr, mmx, sse, sse2, sse3, ssse3, sse4.1, sse4.2, popcnt, avx, avx2, aes, clmul, erms, 3dnowpref, lzcnt, ht, tsc, tscinvbit, bmi1, bmi2, adx, fma

Memory: 4k page, system-wide physical 8107M (867M free)
TotalPageFile size 8107M (AvailPageFile size 20M)
current process WorkingSet (physical memory assigned to process): 241M, peak: 243M
current process commit charge ("private bytes"): 300M, peak: 302M

vm_info: OpenJDK 64-Bit Server VM (11.0.12+7-b1504.28-7817840) for windows-amd64 JRE (11.0.12+7-b1504.28-7817840), built on Oct 13 2021 22:12:33 by "builder" with MS VC++ 14.0 (VS2015)

END.
