#
# There is insufficient memory for the Java Runtime Environment to continue.
# Native memory allocation (mmap) failed to map 38797312 bytes for Failed to commit area from 0x000000008b900000 to 0x000000008de00000 of length 38797312.
# Possible reasons:
#   The system is out of physical RAM or swap space
#   The process is running with CompressedOops enabled, and the Java Heap may be blocking the growth of the native heap
# Possible solutions:
#   Reduce memory load on the system
#   Increase physical memory or swap space
#   Check if swap backing store is full
#   Decrease Java heap size (-Xmx/-Xms)
#   Decrease number of Java threads
#   Decrease Java thread stack sizes (-Xss)
#   Set larger code cache with -XX:ReservedCodeCacheSize=
#   JVM is running with Unscaled Compressed Oops mode in which the Java heap is
#     placed in the first 4GB address space. The Java Heap base address is the
#     maximum limit for the native heap growth. Please use -XX:HeapBaseMinAddress
#     to set the Java Heap base and to place the Java Heap above 4GB virtual address.
# This output file may be truncated or incomplete.
#
#  Out of Memory Error (./src/hotspot/os/windows/os_windows.cpp:3521), pid=2548, tid=5304
#
# JRE version: OpenJDK Runtime Environment (11.0.12+7) (build 11.0.12+7-b1504.28-7817840)
# Java VM: OpenJDK 64-Bit Server VM (11.0.12+7-b1504.28-7817840, mixed mode, tiered, compressed oops, g1 gc, windows-amd64)
# No core dump will be written. Minidumps are not enabled by default on client versions of Windows
#

---------------  S U M M A R Y ------------

Command Line: --add-opens=java.base/java.util=ALL-UNNAMED --add-opens=java.base/java.lang=ALL-UNNAMED --add-opens=java.base/java.lang.invoke=ALL-UNNAMED --add-opens=java.base/java.util=ALL-UNNAMED --add-opens=java.prefs/java.util.prefs=ALL-UNNAMED --add-opens=java.prefs/java.util.prefs=ALL-UNNAMED --add-opens=java.base/java.nio.charset=ALL-UNNAMED --add-opens=java.base/java.net=ALL-UNNAMED --add-opens=java.base/java.util.concurrent.atomic=ALL-UNNAMED -Xmx2048m -Dfile.encoding=UTF-8 -Duser.country=MX -Duser.language=es -Duser.variant org.gradle.launcher.daemon.bootstrap.GradleDaemon 7.3.3

Host: Intel(R) Core(TM) i3-7020U CPU @ 2.30GHz, 4 cores, 7G,  Windows 10 , 64 bit Build 22621 (10.0.22621.608)
Time: Sun Oct  9 14:01:09 2022 Hora de verano central (México) elapsed time: 22.624608 seconds (0d 0h 0m 22s)

---------------  T H R E A D  ---------------

Current thread (0x0000019834ad9800):  VMThread "VM Thread" [stack: 0x0000006eb0900000,0x0000006eb0a00000] [id=5304]

Stack: [0x0000006eb0900000,0x0000006eb0a00000]
[error occurred during error reporting (printing stack bounds), id 0xc0000005, EXCEPTION_ACCESS_VIOLATION (0xc0000005) at pc=0x000001981e9f112d]

Native frames: (J=compiled Java code, j=interpreted, Vv=VM code, C=native code)
V  [jvm.dll+0x5fbcea]
V  [jvm.dll+0x731905]
V  [jvm.dll+0x732f1d]
V  [jvm.dll+0x733535]
V  [jvm.dll+0x7334eb]
V  [jvm.dll+0x5fb080]
V  [jvm.dll+0x5fb818]
C  [ntdll.dll+0xa3e1f]
C  [ntdll.dll+0x1eae6]
C  [ntdll.dll+0xa2e0e]
C  0x000001981e9f112d

VM_Operation (0x0000006eb5efa5c0): G1CollectForAllocation, mode: safepoint, requested by thread 0x0000019839109800


---------------  P R O C E S S  ---------------

Threads class SMR info:
_java_thread_list=0x000001983efdf180, length=85, elements={
0x000001981aeea000, 0x0000019834add800, 0x0000019834ae1800, 0x0000019834aeb800,
0x0000019835492800, 0x0000019834b02000, 0x0000019834b03000, 0x0000019834b08000,
0x0000019834b0c800, 0x0000019835613800, 0x0000019837653800, 0x00000198380aa000,
0x0000019836944000, 0x00000198366ab800, 0x0000019836c84000, 0x0000019836b4d800,
0x00000198385b8800, 0x000001983757d800, 0x0000019836cb8800, 0x0000019836cb9800,
0x0000019836cba000, 0x0000019836cbf000, 0x0000019836cbb000, 0x0000019836cbb800,
0x0000019836cbd800, 0x0000019836cbc800, 0x0000019836cbe000, 0x0000019837814000,
0x0000019837817800, 0x0000019837812800, 0x0000019837816800, 0x0000019837819000,
0x0000019837815000, 0x0000019837816000, 0x000001983a70e000, 0x000001983a709800,
0x000001983a70d000, 0x000001983a708000, 0x000001983a70e800, 0x000001983a709000,
0x000001983a70f800, 0x000001983a70c000, 0x000001983a70b800, 0x000001983a710800,
0x000001983a70a800, 0x000001983a717000, 0x000001983a714800, 0x000001983a713800,
0x000001983a712800, 0x000001983a711000, 0x000001983a715000, 0x000001983a716000,
0x000001983a712000, 0x0000019838009000, 0x0000019838004000, 0x0000019838005800,
0x0000019838006800, 0x0000019838007000, 0x0000019838008000, 0x000001983800a800,
0x0000019838009800, 0x0000019838005000, 0x000001983800d800, 0x000001983800b800,
0x000001983800d000, 0x000001983800e800, 0x000001983800f800, 0x0000019838010000,
0x000001983800c000, 0x0000019838011000, 0x0000019838012000, 0x0000019838012800,
0x000001983910a800, 0x0000019839106000, 0x0000019839105800, 0x0000019839107000,
0x000001983910d000, 0x000001983910c000, 0x000001983910d800, 0x000001983910e800,
0x0000019839109800, 0x0000019839108800, 0x000001983910f000, 0x0000019839110000,
0x000001983aa34000
}

Java Threads: ( => current thread )
  0x000001981aeea000 JavaThread "main" [_thread_blocked, id=4468, stack(0x0000006eb0300000,0x0000006eb0400000)]
  0x0000019834add800 JavaThread "Reference Handler" daemon [_thread_blocked, id=12264, stack(0x0000006eb0a00000,0x0000006eb0b00000)]
  0x0000019834ae1800 JavaThread "Finalizer" daemon [_thread_blocked, id=8904, stack(0x0000006eb0b00000,0x0000006eb0c00000)]
  0x0000019834aeb800 JavaThread "Signal Dispatcher" daemon [_thread_blocked, id=15552, stack(0x0000006eb0c00000,0x0000006eb0d00000)]
  0x0000019835492800 JavaThread "Attach Listener" daemon [_thread_blocked, id=10296, stack(0x0000006eb0d00000,0x0000006eb0e00000)]
  0x0000019834b02000 JavaThread "Service Thread" daemon [_thread_blocked, id=16816, stack(0x0000006eb0e00000,0x0000006eb0f00000)]
  0x0000019834b03000 JavaThread "C2 CompilerThread0" daemon [_thread_in_native, id=15952, stack(0x0000006eb0f00000,0x0000006eb1000000)]
  0x0000019834b08000 JavaThread "C1 CompilerThread0" daemon [_thread_blocked, id=11008, stack(0x0000006eb1000000,0x0000006eb1100000)]
  0x0000019834b0c800 JavaThread "Sweeper thread" daemon [_thread_blocked, id=10176, stack(0x0000006eb1100000,0x0000006eb1200000)]
  0x0000019835613800 JavaThread "Common-Cleaner" daemon [_thread_blocked, id=10196, stack(0x0000006eb1200000,0x0000006eb1300000)]
  0x0000019837653800 JavaThread "Daemon health stats" [_thread_blocked, id=11952, stack(0x0000006eb1700000,0x0000006eb1800000)]
  0x00000198380aa000 JavaThread "Incoming local TCP Connector on port 64522" [_thread_in_native, id=7056, stack(0x0000006eb1400000,0x0000006eb1500000)]
  0x0000019836944000 JavaThread "Daemon" [_thread_blocked, id=8660, stack(0x0000006eb1900000,0x0000006eb1a00000)]
  0x00000198366ab800 JavaThread "Handler for socket connection from /127.0.0.1:64522 to /127.0.0.1:64523" [_thread_in_native, id=12220, stack(0x0000006eb1a00000,0x0000006eb1b00000)]
  0x0000019836c84000 JavaThread "Daemon periodic checks" [_thread_blocked, id=13232, stack(0x0000006eb1b00000,0x0000006eb1c00000)]
  0x0000019836b4d800 JavaThread "Cancel handler" [_thread_blocked, id=4520, stack(0x0000006eb1c00000,0x0000006eb1d00000)]
  0x00000198385b8800 JavaThread "Daemon worker" [_thread_blocked, id=14932, stack(0x0000006eb1d00000,0x0000006eb1e00000)]
  0x000001983757d800 JavaThread "Asynchronous log dispatcher for DefaultDaemonConnection: socket connection from /127.0.0.1:64522 to /127.0.0.1:64523" [_thread_blocked, id=14768, stack(0x0000006eb1e00000,0x0000006eb1f00000)]
  0x0000019836cb8800 JavaThread "Stdin handler" [_thread_blocked, id=13188, stack(0x0000006eb1f00000,0x0000006eb2000000)]
  0x0000019836cb9800 JavaThread "Daemon client event forwarder" [_thread_blocked, id=1288, stack(0x0000006eb2000000,0x0000006eb2100000)]
  0x0000019836cba000 JavaThread "Cache worker for journal cache (C:\Users\jeova\.gradle\caches\journal-1)" [_thread_blocked, id=12864, stack(0x0000006eb2200000,0x0000006eb2300000)]
  0x0000019836cbf000 JavaThread "File lock request listener" [_thread_in_native, id=3392, stack(0x0000006eb2300000,0x0000006eb2400000)]
  0x0000019836cbb000 JavaThread "Cache worker for file hash cache (C:\Users\jeova\.gradle\caches\7.3.3\fileHashes)" [_thread_blocked, id=5484, stack(0x0000006eb2400000,0x0000006eb2500000)]
  0x0000019836cbb800 JavaThread "Cache worker for file hash cache (C:\Users\jeova\Desktop\Proyecto\ProyectoEquipo4 (1)\ProyectoEquipo4\.gradle\7.3.3\fileHashes)" [_thread_blocked, id=14292, stack(0x0000006eb1800000,0x0000006eb1900000)]
  0x0000019836cbd800 JavaThread "File watcher server" daemon [_thread_in_native, id=3816, stack(0x0000006eb2600000,0x0000006eb2700000)]
  0x0000019836cbc800 JavaThread "File watcher consumer" daemon [_thread_blocked, id=6332, stack(0x0000006eb2700000,0x0000006eb2800000)]
  0x0000019836cbe000 JavaThread "Cache worker for checksums cache (C:\Users\jeova\Desktop\Proyecto\ProyectoEquipo4 (1)\ProyectoEquipo4\.gradle\7.3.3\checksums)" [_thread_blocked, id=7440, stack(0x0000006eb2800000,0x0000006eb2900000)]
  0x0000019837814000 JavaThread "Cache worker for cache directory md-supplier (C:\Users\jeova\.gradle\caches\7.3.3\md-supplier)" [_thread_blocked, id=9272, stack(0x0000006eb2900000,0x0000006eb2a00000)]
  0x0000019837817800 JavaThread "Cache worker for cache directory md-rule (C:\Users\jeova\.gradle\caches\7.3.3\md-rule)" [_thread_blocked, id=5872, stack(0x0000006eb2a00000,0x0000006eb2b00000)]
  0x0000019837812800 JavaThread "Cache worker for execution history cache (C:\Users\jeova\.gradle\caches\7.3.3\executionHistory)" [_thread_blocked, id=10960, stack(0x0000006eb2b00000,0x0000006eb2c00000)]
  0x0000019837816800 JavaThread "jar transforms" [_thread_blocked, id=6708, stack(0x0000006eb2c00000,0x0000006eb2d00000)]
  0x0000019837819000 JavaThread "Cache worker for file content cache (C:\Users\jeova\.gradle\caches\7.3.3\fileContent)" [_thread_blocked, id=11852, stack(0x0000006eb2d00000,0x0000006eb2e00000)]
  0x0000019837815000 JavaThread "jar transforms Thread 2" [_thread_blocked, id=8128, stack(0x0000006eb2e00000,0x0000006eb2f00000)]
  0x0000019837816000 JavaThread "Cache worker for dependencies-accessors (C:\Users\jeova\Desktop\Proyecto\ProyectoEquipo4 (1)\ProyectoEquipo4\.gradle\7.3.3\dependencies-accessors)" [_thread_blocked, id=15064, stack(0x0000006eb2f00000,0x0000006eb3000000)]
  0x000001983a70e000 JavaThread "jar transforms Thread 3" [_thread_blocked, id=4584, stack(0x0000006eb3000000,0x0000006eb3100000)]
  0x000001983a709800 JavaThread "Cache worker for Build Output Cleanup Cache (C:\Users\jeova\Desktop\Proyecto\ProyectoEquipo4 (1)\ProyectoEquipo4\.gradle\buildOutputCleanup)" [_thread_blocked, id=7604, stack(0x0000006eb3100000,0x0000006eb3200000)]
  0x000001983a70d000 JavaThread "Unconstrained build operations" [_thread_blocked, id=1892, stack(0x0000006eb3200000,0x0000006eb3300000)]
  0x000001983a708000 JavaThread "Unconstrained build operations Thread 2" [_thread_blocked, id=8688, stack(0x0000006eb3300000,0x0000006eb3400000)]
  0x000001983a70e800 JavaThread "Unconstrained build operations Thread 3" [_thread_blocked, id=13576, stack(0x0000006eb3400000,0x0000006eb3500000)]
  0x000001983a709000 JavaThread "Unconstrained build operations Thread 4" [_thread_blocked, id=13748, stack(0x0000006eb3500000,0x0000006eb3600000)]
  0x000001983a70f800 JavaThread "Unconstrained build operations Thread 5" [_thread_blocked, id=2816, stack(0x0000006eb3600000,0x0000006eb3700000)]
  0x000001983a70c000 JavaThread "Unconstrained build operations Thread 6" [_thread_blocked, id=13536, stack(0x0000006eb3700000,0x0000006eb3800000)]
  0x000001983a70b800 JavaThread "Unconstrained build operations Thread 7" [_thread_blocked, id=13676, stack(0x0000006eb3800000,0x0000006eb3900000)]
  0x000001983a710800 JavaThread "Unconstrained build operations Thread 8" [_thread_blocked, id=12456, stack(0x0000006eb3900000,0x0000006eb3a00000)]
  0x000001983a70a800 JavaThread "Unconstrained build operations Thread 9" [_thread_blocked, id=14136, stack(0x0000006eb3a00000,0x0000006eb3b00000)]
  0x000001983a717000 JavaThread "Unconstrained build operations Thread 10" [_thread_blocked, id=10212, stack(0x0000006eb3b00000,0x0000006eb3c00000)]
  0x000001983a714800 JavaThread "Unconstrained build operations Thread 11" [_thread_blocked, id=8880, stack(0x0000006eb3c00000,0x0000006eb3d00000)]
  0x000001983a713800 JavaThread "Unconstrained build operations Thread 12" [_thread_blocked, id=15160, stack(0x0000006eb3d00000,0x0000006eb3e00000)]
  0x000001983a712800 JavaThread "Unconstrained build operations Thread 13" [_thread_blocked, id=2904, stack(0x0000006eb3e00000,0x0000006eb3f00000)]
  0x000001983a711000 JavaThread "Unconstrained build operations Thread 14" [_thread_blocked, id=3304, stack(0x0000006eb3f00000,0x0000006eb4000000)]
  0x000001983a715000 JavaThread "Unconstrained build operations Thread 15" [_thread_blocked, id=80, stack(0x0000006eb4000000,0x0000006eb4100000)]
  0x000001983a716000 JavaThread "Unconstrained build operations Thread 16" [_thread_blocked, id=8356, stack(0x0000006eb4100000,0x0000006eb4200000)]
  0x000001983a712000 JavaThread "Unconstrained build operations Thread 17" [_thread_blocked, id=7212, stack(0x0000006eb4200000,0x0000006eb4300000)]
  0x0000019838009000 JavaThread "Unconstrained build operations Thread 18" [_thread_blocked, id=10360, stack(0x0000006eb4300000,0x0000006eb4400000)]
  0x0000019838004000 JavaThread "Unconstrained build operations Thread 19" [_thread_blocked, id=16464, stack(0x0000006eb4400000,0x0000006eb4500000)]
  0x0000019838005800 JavaThread "Unconstrained build operations Thread 20" [_thread_blocked, id=9184, stack(0x0000006eb4500000,0x0000006eb4600000)]
  0x0000019838006800 JavaThread "Unconstrained build operations Thread 21" [_thread_blocked, id=12844, stack(0x0000006eb4600000,0x0000006eb4700000)]
  0x0000019838007000 JavaThread "Unconstrained build operations Thread 22" [_thread_blocked, id=10656, stack(0x0000006eb4700000,0x0000006eb4800000)]
  0x0000019838008000 JavaThread "Unconstrained build operations Thread 23" [_thread_blocked, id=5340, stack(0x0000006eb4800000,0x0000006eb4900000)]
  0x000001983800a800 JavaThread "Unconstrained build operations Thread 24" [_thread_blocked, id=1852, stack(0x0000006eb4900000,0x0000006eb4a00000)]
  0x0000019838009800 JavaThread "Unconstrained build operations Thread 25" [_thread_blocked, id=12408, stack(0x0000006eb4a00000,0x0000006eb4b00000)]
  0x0000019838005000 JavaThread "Unconstrained build operations Thread 26" [_thread_blocked, id=7288, stack(0x0000006eb4b00000,0x0000006eb4c00000)]
  0x000001983800d800 JavaThread "Unconstrained build operations Thread 27" [_thread_blocked, id=8144, stack(0x0000006eb4c00000,0x0000006eb4d00000)]
  0x000001983800b800 JavaThread "Unconstrained build operations Thread 28" [_thread_blocked, id=16532, stack(0x0000006eb4d00000,0x0000006eb4e00000)]
  0x000001983800d000 JavaThread "Unconstrained build operations Thread 29" [_thread_blocked, id=11988, stack(0x0000006eb4e00000,0x0000006eb4f00000)]
  0x000001983800e800 JavaThread "Unconstrained build operations Thread 30" [_thread_blocked, id=8312, stack(0x0000006eb4f00000,0x0000006eb5000000)]
  0x000001983800f800 JavaThread "Unconstrained build operations Thread 31" [_thread_blocked, id=7340, stack(0x0000006eb5000000,0x0000006eb5100000)]
  0x0000019838010000 JavaThread "Unconstrained build operations Thread 32" [_thread_blocked, id=7120, stack(0x0000006eb5100000,0x0000006eb5200000)]
  0x000001983800c000 JavaThread "Unconstrained build operations Thread 33" [_thread_blocked, id=17244, stack(0x0000006eb5200000,0x0000006eb5300000)]
  0x0000019838011000 JavaThread "Unconstrained build operations Thread 34" [_thread_blocked, id=13632, stack(0x0000006eb5300000,0x0000006eb5400000)]
  0x0000019838012000 JavaThread "Unconstrained build operations Thread 35" [_thread_blocked, id=928, stack(0x0000006eb5400000,0x0000006eb5500000)]
  0x0000019838012800 JavaThread "Unconstrained build operations Thread 36" [_thread_blocked, id=4844, stack(0x0000006eb5500000,0x0000006eb5600000)]
  0x000001983910a800 JavaThread "Unconstrained build operations Thread 37" [_thread_blocked, id=8136, stack(0x0000006eb5600000,0x0000006eb5700000)]
  0x0000019839106000 JavaThread "Unconstrained build operations Thread 38" [_thread_blocked, id=9400, stack(0x0000006eb5700000,0x0000006eb5800000)]
  0x0000019839105800 JavaThread "Unconstrained build operations Thread 39" [_thread_blocked, id=3324, stack(0x0000006eb5800000,0x0000006eb5900000)]
  0x0000019839107000 JavaThread "Unconstrained build operations Thread 40" [_thread_blocked, id=13104, stack(0x0000006eb5900000,0x0000006eb5a00000)]
  0x000001983910d000 JavaThread "jar transforms Thread 4" [_thread_blocked, id=6848, stack(0x0000006eb5a00000,0x0000006eb5b00000)]
  0x000001983910c000 JavaThread "Memory manager" [_thread_blocked, id=13664, stack(0x0000006eb5b00000,0x0000006eb5c00000)]
  0x000001983910d800 JavaThread "build event listener" [_thread_blocked, id=13584, stack(0x0000006eb5c00000,0x0000006eb5d00000)]
  0x000001983910e800 JavaThread "build event listener" [_thread_blocked, id=9116, stack(0x0000006eb5d00000,0x0000006eb5e00000)]
  0x0000019839109800 JavaThread "Execution worker for ':'" [_thread_blocked, id=2072, stack(0x0000006eb5e00000,0x0000006eb5f00000)]
  0x0000019839108800 JavaThread "Execution worker for ':' Thread 2" [_thread_blocked, id=6812, stack(0x0000006eb5f00000,0x0000006eb6000000)]
  0x000001983910f000 JavaThread "Execution worker for ':' Thread 3" [_thread_blocked, id=17016, stack(0x0000006eb6000000,0x0000006eb6100000)]
  0x0000019839110000 JavaThread "Cache worker for execution history cache (C:\Users\jeova\Desktop\Proyecto\ProyectoEquipo4 (1)\ProyectoEquipo4\.gradle\7.3.3\executionHistory)" [_thread_blocked, id=11692, stack(0x0000006eb6100000,0x0000006eb6200000)]
  0x000001983aa34000 JavaThread "C2 CompilerThread1" daemon [_thread_blocked, id=5704, stack(0x0000006eb2500000,0x0000006eb2600000)]

Other Threads:
=>0x0000019834ad9800 VMThread "VM Thread" [stack: 0x0000006eb0900000,0x0000006eb0a00000] [id=5304]
  0x0000019835637800 WatcherThread [stack: 0x0000006eb1300000,0x0000006eb1400000] [id=7784]
  0x000001981af04800 GCTaskThread "GC Thread#0" [stack: 0x0000006eb0400000,0x0000006eb0500000] [id=7832]
  0x0000019835b44000 GCTaskThread "GC Thread#1" [stack: 0x0000006eb1500000,0x0000006eb1600000] [id=16176]
  0x0000019835b5d800 GCTaskThread "GC Thread#2" [stack: 0x0000006eb1600000,0x0000006eb1700000] [id=6036]
  0x0000019837687000 GCTaskThread "GC Thread#3" [stack: 0x0000006eb2100000,0x0000006eb2200000] [id=14508]
  0x000001981af36800 ConcurrentGCThread "G1 Main Marker" [stack: 0x0000006eb0500000,0x0000006eb0600000] [id=9668]
  0x000001981af39800 ConcurrentGCThread "G1 Conc#0" [stack: 0x0000006eb0600000,0x0000006eb0700000] [id=1424]
  0x0000019834930800 ConcurrentGCThread "G1 Refine#0" [stack: 0x0000006eb0700000,0x0000006eb0800000] [id=14488]
  0x0000019834931800 ConcurrentGCThread "G1 Young RemSet Sampling" [stack: 0x0000006eb0800000,0x0000006eb0900000] [id=9516]

Threads with active compile tasks:
C2 CompilerThread0  22655 8553   !   4       org.gradle.api.internal.attributes.DefaultImmutableAttributesFactory::doConcatIsolatable (128 bytes)
C1 CompilerThread0  22655 8715       3       org.gradle.api.internal.artifacts.ivyservice.resolveengine.graph.selectors.SelectorStateResolver::resolveRequireConstraint (57 bytes)
C2 CompilerThread1  22655 8707       4       com.google.common.collect.ImmutableList$Builder::add (34 bytes)

VM state:at safepoint (normal execution)

VM Mutex/Monitor currently owned by a thread:  ([mutex/lock_event])
[0x000001981aee7360] Threads_lock - owner thread: 0x0000019834ad9800
[0x000001981aee6700] Heap_lock - owner thread: 0x0000019839109800

Heap address: 0x0000000080000000, size: 2048 MB, Compressed Oops mode: 32-bit
Narrow klass base: 0x0000000000000000, Narrow klass shift: 3
Compressed class space size: 1073741824 Address: 0x0000000100000000

Heap:
 garbage-first heap   total 227328K, used 73988K [0x0000000080000000, 0x0000000100000000)
  region size 1024K, 9 young (9216K), 9 survivors (9216K)
 Metaspace       used 84402K, capacity 86290K, committed 86520K, reserved 1124352K
  class space    used 11061K, capacity 11806K, committed 11852K, reserved 1048576K
Heap Regions: E=young(eden), S=young(survivor), O=old, HS=humongous(starts), HC=humongous(continues), CS=collection set, F=free, A=archive, TAMS=top-at-mark-start (previous, next)
|   0|0x0000000080000000, 0x0000000080100000, 0x0000000080100000|100%| O|  |TAMS 0x0000000080100000, 0x0000000080000000| Untracked 
|   1|0x0000000080100000, 0x0000000080200000, 0x0000000080200000|100%| O|  |TAMS 0x0000000080200000, 0x0000000080100000| Untracked 
|   2|0x0000000080200000, 0x0000000080300000, 0x0000000080300000|100%| O|  |TAMS 0x0000000080300000, 0x0000000080200000| Untracked 
|   3|0x0000000080300000, 0x0000000080400000, 0x0000000080400000|100%|HS|  |TAMS 0x0000000080400000, 0x0000000080300000| Complete 
|   4|0x0000000080400000, 0x0000000080500000, 0x0000000080500000|100%|HC|  |TAMS 0x0000000080500000, 0x0000000080400000| Complete 
|   5|0x0000000080500000, 0x0000000080600000, 0x0000000080600000|100%|HC|  |TAMS 0x0000000080600000, 0x0000000080500000| Complete 
|   6|0x0000000080600000, 0x0000000080700000, 0x0000000080700000|100%| O|  |TAMS 0x0000000080700000, 0x0000000080600000| Untracked 
|   7|0x0000000080700000, 0x0000000080800000, 0x0000000080800000|100%| O|  |TAMS 0x0000000080800000, 0x0000000080700000| Untracked 
|   8|0x0000000080800000, 0x0000000080900000, 0x0000000080900000|100%| O|  |TAMS 0x0000000080900000, 0x0000000080800000| Untracked 
|   9|0x0000000080900000, 0x0000000080a00000, 0x0000000080a00000|100%| O|  |TAMS 0x0000000080a00000, 0x0000000080900000| Untracked 
|  10|0x0000000080a00000, 0x0000000080b00000, 0x0000000080b00000|100%| O|  |TAMS 0x0000000080b00000, 0x0000000080a00000| Untracked 
|  11|0x0000000080b00000, 0x0000000080c00000, 0x0000000080c00000|100%| O|  |TAMS 0x0000000080c00000, 0x0000000080b00000| Untracked 
|  12|0x0000000080c00000, 0x0000000080d00000, 0x0000000080d00000|100%| O|  |TAMS 0x0000000080d00000, 0x0000000080c00000| Untracked 
|  13|0x0000000080d00000, 0x0000000080e00000, 0x0000000080e00000|100%| O|  |TAMS 0x0000000080e00000, 0x0000000080d00000| Untracked 
|  14|0x0000000080e00000, 0x0000000080f00000, 0x0000000080f00000|100%| O|  |TAMS 0x0000000080f00000, 0x0000000080e00000| Untracked 
|  15|0x0000000080f00000, 0x0000000081000000, 0x0000000081000000|100%| O|  |TAMS 0x0000000081000000, 0x0000000080f00000| Untracked 
|  16|0x0000000081000000, 0x0000000081100000, 0x0000000081100000|100%|HS|  |TAMS 0x0000000081100000, 0x0000000081000000| Complete 
|  17|0x0000000081100000, 0x0000000081200000, 0x0000000081200000|100%| O|  |TAMS 0x0000000081200000, 0x0000000081100000| Untracked 
|  18|0x0000000081200000, 0x0000000081300000, 0x0000000081300000|100%| O|  |TAMS 0x0000000081300000, 0x0000000081200000| Untracked 
|  19|0x0000000081300000, 0x0000000081400000, 0x0000000081400000|100%| O|  |TAMS 0x0000000081400000, 0x0000000081300000| Untracked 
|  20|0x0000000081400000, 0x0000000081500000, 0x0000000081500000|100%| O|  |TAMS 0x0000000081500000, 0x0000000081400000| Untracked 
|  21|0x0000000081500000, 0x0000000081600000, 0x0000000081600000|100%| O|  |TAMS 0x0000000081600000, 0x0000000081500000| Untracked 
|  22|0x0000000081600000, 0x0000000081700000, 0x0000000081700000|100%| O|  |TAMS 0x0000000081700000, 0x0000000081600000| Untracked 
|  23|0x0000000081700000, 0x0000000081800000, 0x0000000081800000|100%| O|  |TAMS 0x0000000081800000, 0x0000000081700000| Untracked 
|  24|0x0000000081800000, 0x0000000081900000, 0x0000000081900000|100%|HS|  |TAMS 0x0000000081900000, 0x0000000081800000| Complete 
|  25|0x0000000081900000, 0x0000000081a00000, 0x0000000081a00000|100%|HS|  |TAMS 0x0000000081a00000, 0x0000000081900000| Complete 
|  26|0x0000000081a00000, 0x0000000081b00000, 0x0000000081b00000|100%|HS|  |TAMS 0x0000000081b00000, 0x0000000081a00000| Complete 
|  27|0x0000000081b00000, 0x0000000081c00000, 0x0000000081c00000|100%|HC|  |TAMS 0x0000000081c00000, 0x0000000081b00000| Complete 
|  28|0x0000000081c00000, 0x0000000081d00000, 0x0000000081d00000|100%|HC|  |TAMS 0x0000000081d00000, 0x0000000081c00000| Complete 
|  29|0x0000000081d00000, 0x0000000081e00000, 0x0000000081e00000|100%|HS|  |TAMS 0x0000000081e00000, 0x0000000081d00000| Complete 
|  30|0x0000000081e00000, 0x0000000081f00000, 0x0000000081f00000|100%|HC|  |TAMS 0x0000000081f00000, 0x0000000081e00000| Complete 
|  31|0x0000000081f00000, 0x0000000082000000, 0x0000000082000000|100%| O|  |TAMS 0x0000000082000000, 0x0000000081f00000| Untracked 
|  32|0x0000000082000000, 0x0000000082100000, 0x0000000082100000|100%| O|  |TAMS 0x0000000082100000, 0x0000000082000000| Untracked 
|  33|0x0000000082100000, 0x0000000082200000, 0x0000000082200000|100%| O|  |TAMS 0x0000000082200000, 0x0000000082100000| Untracked 
|  34|0x0000000082200000, 0x0000000082300000, 0x0000000082300000|100%| O|  |TAMS 0x0000000082300000, 0x0000000082200000| Untracked 
|  35|0x0000000082300000, 0x0000000082400000, 0x0000000082400000|100%| O|  |TAMS 0x0000000082400000, 0x0000000082300000| Untracked 
|  36|0x0000000082400000, 0x0000000082500000, 0x0000000082500000|100%| O|  |TAMS 0x0000000082500000, 0x0000000082400000| Untracked 
|  37|0x0000000082500000, 0x0000000082600000, 0x0000000082600000|100%| O|  |TAMS 0x0000000082600000, 0x0000000082500000| Untracked 
|  38|0x0000000082600000, 0x0000000082700000, 0x0000000082700000|100%| O|  |TAMS 0x0000000082700000, 0x0000000082600000| Untracked 
|  39|0x0000000082700000, 0x0000000082800000, 0x0000000082800000|100%| O|  |TAMS 0x0000000082800000, 0x0000000082700000| Untracked 
|  40|0x0000000082800000, 0x0000000082900000, 0x0000000082900000|100%| O|  |TAMS 0x0000000082900000, 0x0000000082800000| Untracked 
|  41|0x0000000082900000, 0x0000000082a00000, 0x0000000082a00000|100%| O|  |TAMS 0x0000000082a00000, 0x0000000082900000| Untracked 
|  42|0x0000000082a00000, 0x0000000082b00000, 0x0000000082b00000|100%| O|  |TAMS 0x0000000082b00000, 0x0000000082a00000| Untracked 
|  43|0x0000000082b00000, 0x0000000082c00000, 0x0000000082c00000|100%| O|  |TAMS 0x0000000082c00000, 0x0000000082b00000| Untracked 
|  44|0x0000000082c00000, 0x0000000082d00000, 0x0000000082d00000|100%| O|  |TAMS 0x0000000082d00000, 0x0000000082c00000| Untracked 
|  45|0x0000000082d00000, 0x0000000082e00000, 0x0000000082e00000|100%| O|  |TAMS 0x0000000082e00000, 0x0000000082d00000| Untracked 
|  46|0x0000000082e00000, 0x0000000082f00000, 0x0000000082f00000|100%| O|  |TAMS 0x0000000082f00000, 0x0000000082e00000| Untracked 
|  47|0x0000000082f00000, 0x0000000083000000, 0x0000000083000000|100%| O|  |TAMS 0x0000000083000000, 0x0000000082f00000| Untracked 
|  48|0x0000000083000000, 0x0000000083100000, 0x0000000083100000|100%| O|  |TAMS 0x0000000083100000, 0x0000000083000000| Untracked 
|  49|0x0000000083100000, 0x0000000083200000, 0x0000000083200000|100%| O|  |TAMS 0x0000000083200000, 0x0000000083100000| Untracked 
|  50|0x0000000083200000, 0x0000000083300000, 0x0000000083300000|100%| O|  |TAMS 0x0000000083300000, 0x0000000083200000| Untracked 
|  51|0x0000000083300000, 0x0000000083400000, 0x0000000083400000|100%| O|  |TAMS 0x0000000083300000, 0x0000000083300000| Untracked 
|  52|0x0000000083400000, 0x0000000083500000, 0x0000000083500000|100%| O|  |TAMS 0x0000000083400000, 0x0000000083400000| Untracked 
|  53|0x0000000083500000, 0x0000000083600000, 0x0000000083600000|100%| O|  |TAMS 0x0000000083500000, 0x0000000083500000| Untracked 
|  54|0x0000000083600000, 0x0000000083700000, 0x0000000083700000|100%| O|  |TAMS 0x0000000083600000, 0x0000000083600000| Untracked 
|  55|0x0000000083700000, 0x0000000083800000, 0x0000000083800000|100%| O|  |TAMS 0x0000000083700000, 0x0000000083700000| Untracked 
|  56|0x0000000083800000, 0x0000000083900000, 0x0000000083900000|100%| O|  |TAMS 0x0000000083800000, 0x0000000083800000| Untracked 
|  57|0x0000000083900000, 0x0000000083a00000, 0x0000000083a00000|100%| O|  |TAMS 0x0000000083900000, 0x0000000083900000| Untracked 
|  58|0x0000000083a00000, 0x0000000083b00000, 0x0000000083b00000|100%| O|  |TAMS 0x0000000083a00000, 0x0000000083a00000| Untracked 
|  59|0x0000000083b00000, 0x0000000083c00000, 0x0000000083c00000|100%| O|  |TAMS 0x0000000083b00000, 0x0000000083b00000| Untracked 
|  60|0x0000000083c00000, 0x0000000083d00000, 0x0000000083d00000|100%| O|  |TAMS 0x0000000083c00000, 0x0000000083c00000| Untracked 
|  61|0x0000000083d00000, 0x0000000083e00000, 0x0000000083e00000|100%| O|  |TAMS 0x0000000083d00000, 0x0000000083d00000| Untracked 
|  62|0x0000000083e00000, 0x0000000083f00000, 0x0000000083f00000|100%| O|  |TAMS 0x0000000083e00000, 0x0000000083e00000| Untracked 
|  63|0x0000000083f00000, 0x0000000083f89c00, 0x0000000084000000| 53%| O|  |TAMS 0x0000000083f00000, 0x0000000083f00000| Untracked 
|  64|0x0000000084000000, 0x0000000084000000, 0x0000000084100000|  0%| F|  |TAMS 0x0000000084000000, 0x0000000084000000| Untracked 
|  65|0x0000000084100000, 0x0000000084100000, 0x0000000084200000|  0%| F|  |TAMS 0x0000000084100000, 0x0000000084100000| Untracked 
|  66|0x0000000084200000, 0x0000000084200000, 0x0000000084300000|  0%| F|  |TAMS 0x0000000084200000, 0x0000000084200000| Untracked 
|  67|0x0000000084300000, 0x0000000084300000, 0x0000000084400000|  0%| F|  |TAMS 0x0000000084300000, 0x0000000084300000| Untracked 
|  68|0x0000000084400000, 0x0000000084400000, 0x0000000084500000|  0%| F|  |TAMS 0x0000000084400000, 0x0000000084400000| Untracked 
|  69|0x0000000084500000, 0x0000000084500000, 0x0000000084600000|  0%| F|  |TAMS 0x0000000084500000, 0x0000000084500000| Untracked 
|  70|0x0000000084600000, 0x0000000084600000, 0x0000000084700000|  0%| F|  |TAMS 0x0000000084600000, 0x0000000084600000| Untracked 
|  71|0x0000000084700000, 0x0000000084700000, 0x0000000084800000|  0%| F|  |TAMS 0x0000000084700000, 0x0000000084700000| Untracked 
|  72|0x0000000084800000, 0x0000000084800000, 0x0000000084900000|  0%| F|  |TAMS 0x0000000084800000, 0x0000000084800000| Untracked 
|  73|0x0000000084900000, 0x0000000084900000, 0x0000000084a00000|  0%| F|  |TAMS 0x0000000084900000, 0x0000000084900000| Untracked 
|  74|0x0000000084a00000, 0x0000000084a00000, 0x0000000084b00000|  0%| F|  |TAMS 0x0000000084a00000, 0x0000000084a00000| Untracked 
|  75|0x0000000084b00000, 0x0000000084b00000, 0x0000000084c00000|  0%| F|  |TAMS 0x0000000084b00000, 0x0000000084b00000| Untracked 
|  76|0x0000000084c00000, 0x0000000084c00000, 0x0000000084d00000|  0%| F|  |TAMS 0x0000000084c00000, 0x0000000084c00000| Untracked 
|  77|0x0000000084d00000, 0x0000000084d00000, 0x0000000084e00000|  0%| F|  |TAMS 0x0000000084d00000, 0x0000000084d00000| Untracked 
|  78|0x0000000084e00000, 0x0000000084e00000, 0x0000000084f00000|  0%| F|  |TAMS 0x0000000084e00000, 0x0000000084e00000| Untracked 
|  79|0x0000000084f00000, 0x0000000084f00000, 0x0000000085000000|  0%| F|  |TAMS 0x0000000084f00000, 0x0000000084f00000| Untracked 
|  80|0x0000000085000000, 0x0000000085000000, 0x0000000085100000|  0%| F|  |TAMS 0x0000000085000000, 0x0000000085000000| Untracked 
|  81|0x0000000085100000, 0x0000000085100000, 0x0000000085200000|  0%| F|  |TAMS 0x0000000085100000, 0x0000000085100000| Untracked 
|  82|0x0000000085200000, 0x0000000085200000, 0x0000000085300000|  0%| F|  |TAMS 0x0000000085200000, 0x0000000085200000| Untracked 
|  83|0x0000000085300000, 0x0000000085300000, 0x0000000085400000|  0%| F|  |TAMS 0x0000000085300000, 0x0000000085300000| Untracked 
|  84|0x0000000085400000, 0x0000000085400000, 0x0000000085500000|  0%| F|  |TAMS 0x0000000085400000, 0x0000000085400000| Untracked 
|  85|0x0000000085500000, 0x0000000085500000, 0x0000000085600000|  0%| F|  |TAMS 0x0000000085500000, 0x0000000085500000| Untracked 
|  86|0x0000000085600000, 0x0000000085600000, 0x0000000085700000|  0%| F|  |TAMS 0x0000000085600000, 0x0000000085600000| Untracked 
|  87|0x0000000085700000, 0x0000000085700000, 0x0000000085800000|  0%| F|  |TAMS 0x0000000085700000, 0x0000000085700000| Untracked 
|  88|0x0000000085800000, 0x0000000085800000, 0x0000000085900000|  0%| F|  |TAMS 0x0000000085800000, 0x0000000085800000| Untracked 
|  89|0x0000000085900000, 0x0000000085900000, 0x0000000085a00000|  0%| F|  |TAMS 0x0000000085900000, 0x0000000085900000| Untracked 
|  90|0x0000000085a00000, 0x0000000085a00000, 0x0000000085b00000|  0%| F|  |TAMS 0x0000000085a00000, 0x0000000085a00000| Untracked 
|  91|0x0000000085b00000, 0x0000000085b00000, 0x0000000085c00000|  0%| F|  |TAMS 0x0000000085b00000, 0x0000000085b00000| Untracked 
|  92|0x0000000085c00000, 0x0000000085c00000, 0x0000000085d00000|  0%| F|  |TAMS 0x0000000085c00000, 0x0000000085c00000| Untracked 
|  93|0x0000000085d00000, 0x0000000085d00000, 0x0000000085e00000|  0%| F|  |TAMS 0x0000000085d00000, 0x0000000085d00000| Untracked 
|  94|0x0000000085e00000, 0x0000000085e00000, 0x0000000085f00000|  0%| F|  |TAMS 0x0000000085e00000, 0x0000000085e00000| Untracked 
|  95|0x0000000085f00000, 0x0000000085f00000, 0x0000000086000000|  0%| F|  |TAMS 0x0000000085f00000, 0x0000000085f00000| Untracked 
|  96|0x0000000086000000, 0x0000000086000000, 0x0000000086100000|  0%| F|  |TAMS 0x0000000086000000, 0x0000000086000000| Untracked 
|  97|0x0000000086100000, 0x0000000086100000, 0x0000000086200000|  0%| F|  |TAMS 0x0000000086100000, 0x0000000086100000| Untracked 
|  98|0x0000000086200000, 0x0000000086200000, 0x0000000086300000|  0%| F|  |TAMS 0x0000000086200000, 0x0000000086200000| Untracked 
|  99|0x0000000086300000, 0x0000000086300000, 0x0000000086400000|  0%| F|  |TAMS 0x0000000086300000, 0x0000000086300000| Untracked 
| 100|0x0000000086400000, 0x0000000086400000, 0x0000000086500000|  0%| F|  |TAMS 0x0000000086400000, 0x0000000086400000| Untracked 
| 101|0x0000000086500000, 0x0000000086500000, 0x0000000086600000|  0%| F|  |TAMS 0x0000000086500000, 0x0000000086500000| Untracked 
| 102|0x0000000086600000, 0x0000000086600000, 0x0000000086700000|  0%| F|  |TAMS 0x0000000086600000, 0x0000000086600000| Untracked 
| 103|0x0000000086700000, 0x0000000086700000, 0x0000000086800000|  0%| F|  |TAMS 0x0000000086700000, 0x0000000086700000| Untracked 
| 104|0x0000000086800000, 0x0000000086800000, 0x0000000086900000|  0%| F|  |TAMS 0x0000000086800000, 0x0000000086800000| Untracked 
| 105|0x0000000086900000, 0x00000000869b76d0, 0x0000000086a00000| 71%| S|CS|TAMS 0x0000000086900000, 0x0000000086900000| Complete 
| 106|0x0000000086a00000, 0x0000000086b00000, 0x0000000086b00000|100%| S|CS|TAMS 0x0000000086a00000, 0x0000000086a00000| Complete 
| 107|0x0000000086b00000, 0x0000000086b00000, 0x0000000086c00000|  0%| F|  |TAMS 0x0000000086b00000, 0x0000000086b00000| Untracked 
| 108|0x0000000086c00000, 0x0000000086c00000, 0x0000000086d00000|  0%| F|  |TAMS 0x0000000086c00000, 0x0000000086c00000| Untracked 
| 109|0x0000000086d00000, 0x0000000086d00000, 0x0000000086e00000|  0%| F|  |TAMS 0x0000000086d00000, 0x0000000086d00000| Untracked 
| 110|0x0000000086e00000, 0x0000000086e00000, 0x0000000086f00000|  0%| F|  |TAMS 0x0000000086e00000, 0x0000000086e00000| Untracked 
| 111|0x0000000086f00000, 0x0000000086f00000, 0x0000000087000000|  0%| F|  |TAMS 0x0000000086f00000, 0x0000000086f00000| Untracked 
| 112|0x0000000087000000, 0x0000000087000000, 0x0000000087100000|  0%| F|  |TAMS 0x0000000087000000, 0x0000000087000000| Untracked 
| 113|0x0000000087100000, 0x0000000087200000, 0x0000000087200000|100%| S|CS|TAMS 0x0000000087100000, 0x0000000087100000| Complete 
| 114|0x0000000087200000, 0x0000000087300000, 0x0000000087300000|100%| S|CS|TAMS 0x0000000087200000, 0x0000000087200000| Complete 
| 115|0x0000000087300000, 0x0000000087400000, 0x0000000087400000|100%| S|CS|TAMS 0x0000000087300000, 0x0000000087300000| Complete 
| 116|0x0000000087400000, 0x0000000087500000, 0x0000000087500000|100%| S|CS|TAMS 0x0000000087400000, 0x0000000087400000| Complete 
| 117|0x0000000087500000, 0x0000000087600000, 0x0000000087600000|100%| S|CS|TAMS 0x0000000087500000, 0x0000000087500000| Complete 
| 118|0x0000000087600000, 0x0000000087600000, 0x0000000087700000|  0%| F|  |TAMS 0x0000000087600000, 0x0000000087600000| Untracked 
| 119|0x0000000087700000, 0x0000000087700000, 0x0000000087800000|  0%| F|  |TAMS 0x0000000087700000, 0x0000000087700000| Untracked 
| 120|0x0000000087800000, 0x0000000087900000, 0x0000000087900000|100%| S|CS|TAMS 0x0000000087800000, 0x0000000087800000| Complete 
| 121|0x0000000087900000, 0x0000000087a00000, 0x0000000087a00000|100%| S|CS|TAMS 0x0000000087900000, 0x0000000087900000| Complete 
| 122|0x0000000087a00000, 0x0000000087a00000, 0x0000000087b00000|  0%| F|  |TAMS 0x0000000087a00000, 0x0000000087a00000| Untracked 
| 123|0x0000000087b00000, 0x0000000087b00000, 0x0000000087c00000|  0%| F|  |TAMS 0x0000000087b00000, 0x0000000087b00000| Untracked 
| 124|0x0000000087c00000, 0x0000000087c00000, 0x0000000087d00000|  0%| F|  |TAMS 0x0000000087c00000, 0x0000000087c00000| Untracked 
| 125|0x0000000087d00000, 0x0000000087d00000, 0x0000000087e00000|  0%| F|  |TAMS 0x0000000087d00000, 0x0000000087d00000| Untracked 
| 126|0x0000000087e00000, 0x0000000087e00000, 0x0000000087f00000|  0%| F|  |TAMS 0x0000000087e00000, 0x0000000087e00000| Untracked 
| 127|0x0000000087f00000, 0x0000000087f00000, 0x0000000088000000|  0%| F|  |TAMS 0x0000000087f00000, 0x0000000087f00000| Untracked 
| 128|0x0000000088000000, 0x0000000088000000, 0x0000000088100000|  0%| F|  |TAMS 0x0000000088000000, 0x0000000088000000| Untracked 
| 129|0x0000000088100000, 0x0000000088100000, 0x0000000088200000|  0%| F|  |TAMS 0x0000000088100000, 0x0000000088100000| Untracked 
| 130|0x0000000088200000, 0x0000000088200000, 0x0000000088300000|  0%| F|  |TAMS 0x0000000088200000, 0x0000000088200000| Untracked 
| 131|0x0000000088300000, 0x0000000088300000, 0x0000000088400000|  0%| F|  |TAMS 0x0000000088300000, 0x0000000088300000| Untracked 
| 132|0x0000000088400000, 0x0000000088400000, 0x0000000088500000|  0%| F|  |TAMS 0x0000000088400000, 0x0000000088400000| Untracked 
| 133|0x0000000088500000, 0x0000000088500000, 0x0000000088600000|  0%| F|  |TAMS 0x0000000088500000, 0x0000000088500000| Untracked 
| 134|0x0000000088600000, 0x0000000088600000, 0x0000000088700000|  0%| F|  |TAMS 0x0000000088600000, 0x0000000088600000| Untracked 
| 135|0x0000000088700000, 0x0000000088700000, 0x0000000088800000|  0%| F|  |TAMS 0x0000000088700000, 0x0000000088700000| Untracked 
| 136|0x0000000088800000, 0x0000000088800000, 0x0000000088900000|  0%| F|  |TAMS 0x0000000088800000, 0x0000000088800000| Untracked 
| 137|0x0000000088900000, 0x0000000088900000, 0x0000000088a00000|  0%| F|  |TAMS 0x0000000088900000, 0x0000000088900000| Untracked 
| 138|0x0000000088a00000, 0x0000000088a00000, 0x0000000088b00000|  0%| F|  |TAMS 0x0000000088a00000, 0x0000000088a00000| Untracked 
| 139|0x0000000088b00000, 0x0000000088b00000, 0x0000000088c00000|  0%| F|  |TAMS 0x0000000088b00000, 0x0000000088b00000| Untracked 
| 140|0x0000000088c00000, 0x0000000088c00000, 0x0000000088d00000|  0%| F|  |TAMS 0x0000000088c00000, 0x0000000088c00000| Untracked 
| 141|0x0000000088d00000, 0x0000000088d00000, 0x0000000088e00000|  0%| F|  |TAMS 0x0000000088d00000, 0x0000000088d00000| Untracked 
| 142|0x0000000088e00000, 0x0000000088e00000, 0x0000000088f00000|  0%| F|  |TAMS 0x0000000088e00000, 0x0000000088e00000| Untracked 
| 143|0x0000000088f00000, 0x0000000088f00000, 0x0000000089000000|  0%| F|  |TAMS 0x0000000088f00000, 0x0000000088f00000| Untracked 
| 144|0x0000000089000000, 0x0000000089000000, 0x0000000089100000|  0%| F|  |TAMS 0x0000000089000000, 0x0000000089000000| Untracked 
| 145|0x0000000089100000, 0x0000000089100000, 0x0000000089200000|  0%| F|  |TAMS 0x0000000089100000, 0x0000000089100000| Untracked 
| 146|0x0000000089200000, 0x0000000089200000, 0x0000000089300000|  0%| F|  |TAMS 0x0000000089200000, 0x0000000089200000| Untracked 
| 147|0x0000000089300000, 0x0000000089300000, 0x0000000089400000|  0%| F|  |TAMS 0x0000000089300000, 0x0000000089300000| Untracked 
| 148|0x0000000089400000, 0x0000000089400000, 0x0000000089500000|  0%| F|  |TAMS 0x0000000089400000, 0x0000000089400000| Untracked 
| 149|0x0000000089500000, 0x0000000089500000, 0x0000000089600000|  0%| F|  |TAMS 0x0000000089500000, 0x0000000089500000| Untracked 
| 150|0x0000000089600000, 0x0000000089600000, 0x0000000089700000|  0%| F|  |TAMS 0x0000000089600000, 0x0000000089600000| Untracked 
| 151|0x0000000089700000, 0x0000000089700000, 0x0000000089800000|  0%| F|  |TAMS 0x0000000089700000, 0x0000000089700000| Untracked 
| 152|0x0000000089800000, 0x0000000089800000, 0x0000000089900000|  0%| F|  |TAMS 0x0000000089800000, 0x0000000089800000| Untracked 
| 153|0x0000000089900000, 0x0000000089900000, 0x0000000089a00000|  0%| F|  |TAMS 0x0000000089900000, 0x0000000089900000| Untracked 
| 154|0x0000000089a00000, 0x0000000089a00000, 0x0000000089b00000|  0%| F|  |TAMS 0x0000000089a00000, 0x0000000089a00000| Untracked 
| 155|0x0000000089b00000, 0x0000000089b00000, 0x0000000089c00000|  0%| F|  |TAMS 0x0000000089b00000, 0x0000000089b00000| Untracked 
| 156|0x0000000089c00000, 0x0000000089c00000, 0x0000000089d00000|  0%| F|  |TAMS 0x0000000089c00000, 0x0000000089c00000| Untracked 
| 157|0x0000000089d00000, 0x0000000089d00000, 0x0000000089e00000|  0%| F|  |TAMS 0x0000000089d00000, 0x0000000089d00000| Untracked 
| 158|0x0000000089e00000, 0x0000000089e00000, 0x0000000089f00000|  0%| F|  |TAMS 0x0000000089e00000, 0x0000000089e00000| Untracked 
| 159|0x0000000089f00000, 0x0000000089f00000, 0x000000008a000000|  0%| F|  |TAMS 0x0000000089f00000, 0x0000000089f00000| Untracked 
| 160|0x000000008a000000, 0x000000008a000000, 0x000000008a100000|  0%| F|  |TAMS 0x000000008a000000, 0x000000008a000000| Untracked 
| 161|0x000000008a100000, 0x000000008a100000, 0x000000008a200000|  0%| F|  |TAMS 0x000000008a100000, 0x000000008a100000| Untracked 
| 162|0x000000008a200000, 0x000000008a200000, 0x000000008a300000|  0%| F|  |TAMS 0x000000008a200000, 0x000000008a200000| Untracked 
| 163|0x000000008a300000, 0x000000008a300000, 0x000000008a400000|  0%| F|  |TAMS 0x000000008a300000, 0x000000008a300000| Untracked 
| 164|0x000000008a400000, 0x000000008a400000, 0x000000008a500000|  0%| F|  |TAMS 0x000000008a400000, 0x000000008a400000| Untracked 
| 165|0x000000008a500000, 0x000000008a500000, 0x000000008a600000|  0%| F|  |TAMS 0x000000008a500000, 0x000000008a500000| Untracked 
| 166|0x000000008a600000, 0x000000008a600000, 0x000000008a700000|  0%| F|  |TAMS 0x000000008a600000, 0x000000008a600000| Untracked 
| 167|0x000000008a700000, 0x000000008a700000, 0x000000008a800000|  0%| F|  |TAMS 0x000000008a700000, 0x000000008a700000| Untracked 
| 168|0x000000008a800000, 0x000000008a800000, 0x000000008a900000|  0%| F|  |TAMS 0x000000008a800000, 0x000000008a800000| Untracked 
| 169|0x000000008a900000, 0x000000008a900000, 0x000000008aa00000|  0%| F|  |TAMS 0x000000008a900000, 0x000000008a900000| Untracked 
| 170|0x000000008aa00000, 0x000000008aa00000, 0x000000008ab00000|  0%| F|  |TAMS 0x000000008aa00000, 0x000000008aa00000| Untracked 
| 171|0x000000008ab00000, 0x000000008ab00000, 0x000000008ac00000|  0%| F|  |TAMS 0x000000008ab00000, 0x000000008ab00000| Untracked 
| 172|0x000000008ac00000, 0x000000008ac00000, 0x000000008ad00000|  0%| F|  |TAMS 0x000000008ac00000, 0x000000008ac00000| Untracked 
| 173|0x000000008ad00000, 0x000000008ad00000, 0x000000008ae00000|  0%| F|  |TAMS 0x000000008ad00000, 0x000000008ad00000| Untracked 
| 174|0x000000008ae00000, 0x000000008ae00000, 0x000000008af00000|  0%| F|  |TAMS 0x000000008ae00000, 0x000000008ae00000| Untracked 
| 175|0x000000008af00000, 0x000000008af00000, 0x000000008b000000|  0%| F|  |TAMS 0x000000008af00000, 0x000000008af00000| Untracked 
| 176|0x000000008b000000, 0x000000008b000000, 0x000000008b100000|  0%| F|  |TAMS 0x000000008b000000, 0x000000008b000000| Untracked 
| 177|0x000000008b100000, 0x000000008b100000, 0x000000008b200000|  0%| F|  |TAMS 0x000000008b100000, 0x000000008b100000| Untracked 
| 178|0x000000008b200000, 0x000000008b200000, 0x000000008b300000|  0%| F|  |TAMS 0x000000008b200000, 0x000000008b200000| Untracked 
| 179|0x000000008b300000, 0x000000008b300000, 0x000000008b400000|  0%| F|  |TAMS 0x000000008b300000, 0x000000008b300000| Untracked 
| 180|0x000000008b400000, 0x000000008b400000, 0x000000008b500000|  0%| F|  |TAMS 0x000000008b400000, 0x000000008b400000| Untracked 
| 181|0x000000008b500000, 0x000000008b500000, 0x000000008b600000|  0%| F|  |TAMS 0x000000008b500000, 0x000000008b500000| Untracked 
| 182|0x000000008b600000, 0x000000008b600000, 0x000000008b700000|  0%| F|  |TAMS 0x000000008b600000, 0x000000008b600000| Untracked 
| 183|0x000000008b700000, 0x000000008b700000, 0x000000008b800000|  0%| F|  |TAMS 0x000000008b700000, 0x000000008b700000| Untracked 
| 184|0x000000008b800000, 0x000000008b800000, 0x000000008b900000|  0%| F|  |TAMS 0x000000008b800000, 0x000000008b800000| Untracked 

Card table byte_map: [0x000001982ddf0000,0x000001982e1f0000] _byte_map_base: 0x000001982d9f0000

Marking Bits (Prev, Next): (CMBitMap*) 0x000001981af2d6e8, (CMBitMap*) 0x000001981af2d720
 Prev Bits: [0x000001982e5f0000, 0x00000198305f0000)
 Next Bits: [0x00000198305f0000, 0x00000198325f0000)

Polling page: 0x000001981a6c0000

Metaspace:

Usage:
  Non-class:     72.74 MB capacity,    71.62 MB ( 98%) used,   920.71 KB (  1%) free+waste,   222.56 KB ( <1%) overhead. 
      Class:     11.53 MB capacity,    10.80 MB ( 94%) used,   641.87 KB (  5%) free+waste,   102.50 KB ( <1%) overhead. 
       Both:     84.27 MB capacity,    82.42 MB ( 98%) used,     1.53 MB (  2%) free+waste,   325.06 KB ( <1%) overhead. 

Virtual space:
  Non-class space:       74.00 MB reserved,      72.92 MB ( 99%) committed 
      Class space:        1.00 GB reserved,      11.57 MB (  1%) committed 
             Both:        1.07 GB reserved,      84.49 MB (  8%) committed 

Chunk freelists:
   Non-Class:  56.00 KB
       Class:  2.00 KB
        Both:  58.00 KB

MaxMetaspaceSize: 17179869184.00 GB
CompressedClassSpaceSize: 1.00 GB
Initial GC threshold: 20.80 MB
Current GC threshold: 107.49 MB
CDS: off

CodeHeap 'non-profiled nmethods': size=120064Kb used=5018Kb max_used=5018Kb free=115045Kb
 bounds [0x00000198264b0000, 0x00000198269a0000, 0x000001982d9f0000]
CodeHeap 'profiled nmethods': size=120000Kb used=18942Kb max_used=18942Kb free=101058Kb
 bounds [0x000001981ef80000, 0x0000019820200000, 0x00000198264b0000]
CodeHeap 'non-nmethods': size=5696Kb used=2368Kb max_used=2431Kb free=3327Kb
 bounds [0x000001981e9f0000, 0x000001981ec60000, 0x000001981ef80000]
 total_blobs=9541 nmethods=8660 adapters=793
 compilation: enabled
              stopped_count=0, restarted_count=0
 full_count=0

Compilation events (20 events):
Event: 22.563 Thread 0x000001983aa34000 nmethod 8679 0x0000019826996490 code [0x0000019826996620, 0x00000198269966b8]
Event: 22.563 Thread 0x000001983aa34000 8707       4       com.google.common.collect.ImmutableList$Builder::add (34 bytes)
Event: 22.564 Thread 0x0000019834b08000 nmethod 8705 0x00000198201fa690 code [0x00000198201fa980, 0x00000198201fbaf8]
Event: 22.564 Thread 0x0000019834b08000 8706       3       org.gradle.internal.component.external.model.LazyVariantBackedConfigurationMetadata$RuleAwareVariant::getDependencies (10 bytes)
Event: 22.564 Thread 0x0000019834b08000 nmethod 8706 0x00000198201fc110 code [0x00000198201fc2c0, 0x00000198201fc488]
Event: 22.564 Thread 0x0000019834b08000 8709       3       org.gradle.api.internal.artifacts.ivyservice.modulecache.ModuleComponentAtRepositoryKey::<init> (31 bytes)
Event: 22.565 Thread 0x0000019834b08000 nmethod 8709 0x00000198201fc590 code [0x00000198201fc760, 0x00000198201fca98]
Event: 22.565 Thread 0x0000019834b08000 8708       3       org.gradle.api.internal.attributes.DefaultImmutableAttributes::get (10 bytes)
Event: 22.565 Thread 0x0000019834b08000 nmethod 8708 0x00000198201fcc10 code [0x00000198201fcdc0, 0x00000198201fcf88]
Event: 22.565 Thread 0x0000019834b08000 8711       3       org.gradle.api.internal.artifacts.ivyservice.resolveengine.graph.builder.ModuleSelectors$$Lambda$462/0x00000001005e1c40::apply (13 bytes)
Event: 22.565 Thread 0x0000019834b08000 nmethod 8711 0x00000198201fd090 code [0x00000198201fd260, 0x00000198201fd5e8]
Event: 22.565 Thread 0x0000019834b08000 8712       3       org.gradle.api.internal.artifacts.ivyservice.resolveengine.graph.builder.ModuleSelectors$$Lambda$463/0x0000000100618040::apply (13 bytes)
Event: 22.565 Thread 0x0000019834b08000 nmethod 8712 0x00000198201fd710 code [0x00000198201fd8e0, 0x00000198201fdc68]
Event: 22.566 Thread 0x0000019834b08000 8714       3       org.gradle.api.internal.artifacts.ivyservice.resolveengine.graph.builder.ModuleResolveState::areAllCandidatesForSelection (45 bytes)
Event: 22.566 Thread 0x0000019834b08000 nmethod 8714 0x00000198201fdd90 code [0x00000198201fdfa0, 0x00000198201fe548]
Event: 22.566 Thread 0x0000019834b08000 8713       1       org.gradle.internal.component.model.LocalComponentDependencyMetadata::isForce (5 bytes)
Event: 22.566 Thread 0x0000019834b08000 nmethod 8713 0x0000019826996790 code [0x0000019826996940, 0x00000198269969f8]
Event: 22.567 Thread 0x0000019834b08000 8716       3       org.gradle.api.internal.artifacts.ivyservice.resolveengine.graph.selectors.SelectorStateResolverResults::alreadyHaveResolutionForSelector (73 bytes)
Event: 22.568 Thread 0x0000019834b08000 nmethod 8716 0x00000198201fe710 code [0x00000198201fe980, 0x00000198201ff448]
Event: 22.568 Thread 0x0000019834b08000 8715       3       org.gradle.api.internal.artifacts.ivyservice.resolveengine.graph.selectors.SelectorStateResolver::resolveRequireConstraint (57 bytes)

GC Heap History (20 events):
Event: 5.294 GC heap after
{Heap after GC invocations=7 (full 0):
 garbage-first heap   total 157696K, used 19856K [0x0000000080000000, 0x0000000100000000)
  region size 1024K, 4 young (4096K), 4 survivors (4096K)
 Metaspace       used 26531K, capacity 27148K, committed 27264K, reserved 1073152K
  class space    used 3460K, capacity 3662K, committed 3712K, reserved 1048576K
}
Event: 6.441 GC heap before
{Heap before GC invocations=7 (full 0):
 garbage-first heap   total 157696K, used 78224K [0x0000000080000000, 0x0000000100000000)
  region size 1024K, 62 young (63488K), 4 survivors (4096K)
 Metaspace       used 34871K, capacity 35650K, committed 35840K, reserved 1081344K
  class space    used 4533K, capacity 4839K, committed 4864K, reserved 1048576K
}
Event: 6.459 GC heap after
{Heap after GC invocations=8 (full 0):
 garbage-first heap   total 157696K, used 22836K [0x0000000080000000, 0x0000000100000000)
  region size 1024K, 7 young (7168K), 7 survivors (7168K)
 Metaspace       used 34871K, capacity 35650K, committed 35840K, reserved 1081344K
  class space    used 4533K, capacity 4839K, committed 4864K, reserved 1048576K
}
Event: 8.431 GC heap before
{Heap before GC invocations=9 (full 0):
 garbage-first heap   total 157696K, used 108852K [0x0000000080000000, 0x0000000100000000)
  region size 1024K, 89 young (91136K), 7 survivors (7168K)
 Metaspace       used 41959K, capacity 42846K, committed 42880K, reserved 1087488K
  class space    used 5404K, capacity 5754K, committed 5760K, reserved 1048576K
}
Event: 8.455 GC heap after
{Heap after GC invocations=10 (full 0):
 garbage-first heap   total 157696K, used 29143K [0x0000000080000000, 0x0000000100000000)
  region size 1024K, 12 young (12288K), 12 survivors (12288K)
 Metaspace       used 41959K, capacity 42846K, committed 42880K, reserved 1087488K
  class space    used 5404K, capacity 5754K, committed 5760K, reserved 1048576K
}
Event: 10.177 GC heap before
{Heap before GC invocations=10 (full 0):
 garbage-first heap   total 157696K, used 111063K [0x0000000080000000, 0x0000000100000000)
  region size 1024K, 92 young (94208K), 12 survivors (12288K)
 Metaspace       used 48075K, capacity 49232K, committed 49408K, reserved 1091584K
  class space    used 6176K, capacity 6644K, committed 6656K, reserved 1048576K
}
Event: 10.206 GC heap after
{Heap after GC invocations=11 (full 0):
 garbage-first heap   total 189440K, used 32472K [0x0000000080000000, 0x0000000100000000)
  region size 1024K, 10 young (10240K), 10 survivors (10240K)
 Metaspace       used 48075K, capacity 49232K, committed 49408K, reserved 1091584K
  class space    used 6176K, capacity 6644K, committed 6656K, reserved 1048576K
}
Event: 12.356 GC heap before
{Heap before GC invocations=11 (full 0):
 garbage-first heap   total 189440K, used 141016K [0x0000000080000000, 0x0000000100000000)
  region size 1024K, 109 young (111616K), 10 survivors (10240K)
 Metaspace       used 57620K, capacity 59054K, committed 59392K, reserved 1101824K
  class space    used 7327K, capacity 7845K, committed 7936K, reserved 1048576K
}
Event: 12.382 GC heap after
{Heap after GC invocations=12 (full 0):
 garbage-first heap   total 189440K, used 52051K [0x0000000080000000, 0x0000000100000000)
  region size 1024K, 14 young (14336K), 14 survivors (14336K)
 Metaspace       used 57620K, capacity 59054K, committed 59392K, reserved 1101824K
  class space    used 7327K, capacity 7845K, committed 7936K, reserved 1048576K
}
Event: 12.522 GC heap before
{Heap before GC invocations=12 (full 0):
 garbage-first heap   total 189440K, used 57171K [0x0000000080000000, 0x0000000100000000)
  region size 1024K, 20 young (20480K), 14 survivors (14336K)
 Metaspace       used 58483K, capacity 59845K, committed 59948K, reserved 1101824K
  class space    used 7452K, capacity 8025K, committed 8064K, reserved 1048576K
}
Event: 12.545 GC heap after
{Heap after GC invocations=13 (full 0):
 garbage-first heap   total 189440K, used 54272K [0x0000000080000000, 0x0000000100000000)
  region size 1024K, 2 young (2048K), 2 survivors (2048K)
 Metaspace       used 58483K, capacity 59845K, committed 59948K, reserved 1101824K
  class space    used 7452K, capacity 8025K, committed 8064K, reserved 1048576K
}
Event: 13.836 GC heap before
{Heap before GC invocations=14 (full 0):
 garbage-first heap   total 189440K, used 108544K [0x0000000080000000, 0x0000000100000000)
  region size 1024K, 56 young (57344K), 2 survivors (2048K)
 Metaspace       used 63949K, capacity 65353K, committed 65528K, reserved 1105920K
  class space    used 8121K, capacity 8661K, committed 8780K, reserved 1048576K
}
Event: 13.850 GC heap after
{Heap after GC invocations=15 (full 0):
 garbage-first heap   total 189440K, used 57312K [0x0000000080000000, 0x0000000100000000)
  region size 1024K, 5 young (5120K), 5 survivors (5120K)
 Metaspace       used 63949K, capacity 65353K, committed 65528K, reserved 1105920K
  class space    used 8121K, capacity 8661K, committed 8780K, reserved 1048576K
}
Event: 15.396 GC heap before
{Heap before GC invocations=16 (full 0):
 garbage-first heap   total 189440K, used 117728K [0x0000000080000000, 0x0000000100000000)
  region size 1024K, 63 young (64512K), 5 survivors (5120K)
 Metaspace       used 67860K, capacity 69380K, committed 69624K, reserved 1110016K
  class space    used 8633K, capacity 9181K, committed 9292K, reserved 1048576K
}
Event: 15.413 GC heap after
{Heap after GC invocations=17 (full 0):
 garbage-first heap   total 189440K, used 60962K [0x0000000080000000, 0x0000000100000000)
  region size 1024K, 4 young (4096K), 4 survivors (4096K)
 Metaspace       used 67860K, capacity 69380K, committed 69624K, reserved 1110016K
  class space    used 8633K, capacity 9181K, committed 9292K, reserved 1048576K
}
Event: 17.041 GC heap before
{Heap before GC invocations=17 (full 0):
 garbage-first heap   total 189440K, used 122402K [0x0000000080000000, 0x0000000100000000)
  region size 1024K, 64 young (65536K), 4 survivors (4096K)
 Metaspace       used 72968K, capacity 74444K, committed 74488K, reserved 1114112K
  class space    used 9459K, capacity 10036K, committed 10060K, reserved 1048576K
}
Event: 17.058 GC heap after
{Heap after GC invocations=18 (full 0):
 garbage-first heap   total 189440K, used 65130K [0x0000000080000000, 0x0000000100000000)
  region size 1024K, 8 young (8192K), 8 survivors (8192K)
 Metaspace       used 72968K, capacity 74444K, committed 74488K, reserved 1114112K
  class space    used 9459K, capacity 10036K, committed 10060K, reserved 1048576K
}
Event: 19.176 GC heap before
{Heap before GC invocations=18 (full 0):
 garbage-first heap   total 189440K, used 128618K [0x0000000080000000, 0x0000000100000000)
  region size 1024K, 70 young (71680K), 8 survivors (8192K)
 Metaspace       used 78590K, capacity 80255K, committed 80504K, reserved 1118208K
  class space    used 10289K, capacity 10943K, committed 10956K, reserved 1048576K
}
Event: 19.201 GC heap after
{Heap after GC invocations=19 (full 0):
 garbage-first heap   total 189440K, used 68825K [0x0000000080000000, 0x0000000100000000)
  region size 1024K, 8 young (8192K), 8 survivors (8192K)
 Metaspace       used 78590K, capacity 80255K, committed 80504K, reserved 1118208K
  class space    used 10289K, capacity 10943K, committed 10956K, reserved 1048576K
}
Event: 22.570 GC heap before
{Heap before GC invocations=19 (full 0):
 garbage-first heap   total 189440K, used 133337K [0x0000000080000000, 0x0000000100000000)
  region size 1024K, 71 young (72704K), 8 survivors (8192K)
 Metaspace       used 84402K, capacity 86290K, committed 86520K, reserved 1124352K
  class space    used 11061K, capacity 11806K, committed 11852K, reserved 1048576K
}

Deoptimization events (20 events):
Event: 22.130 Thread 0x00000198385b8800 Uncommon trap: trap_request=0xffffffde fr.pc=0x00000198265d255c relative=0x000000000000031c
Event: 22.130 Thread 0x00000198385b8800 Uncommon trap: reason=class_check action=maybe_recompile pc=0x00000198265d255c method=java.util.Collections$SetFromMap.remove(Ljava/lang/Object;)Z @ 5 c2
Event: 22.130 Thread 0x00000198385b8800 DEOPT PACKING pc=0x00000198265d255c sp=0x0000006eb1dfadf0
Event: 22.130 Thread 0x00000198385b8800 DEOPT UNPACKING pc=0x000001981ea3a1af sp=0x0000006eb1dfadd8 mode 2
Event: 22.130 Thread 0x00000198385b8800 Uncommon trap: trap_request=0xffffffde fr.pc=0x00000198265d255c relative=0x000000000000031c
Event: 22.130 Thread 0x00000198385b8800 Uncommon trap: reason=class_check action=maybe_recompile pc=0x00000198265d255c method=java.util.Collections$SetFromMap.remove(Ljava/lang/Object;)Z @ 5 c2
Event: 22.130 Thread 0x00000198385b8800 DEOPT PACKING pc=0x00000198265d255c sp=0x0000006eb1dfac90
Event: 22.130 Thread 0x00000198385b8800 DEOPT UNPACKING pc=0x000001981ea3a1af sp=0x0000006eb1dfac78 mode 2
Event: 22.150 Thread 0x00000198385b8800 Uncommon trap: trap_request=0xffffff4d fr.pc=0x00000198268f6758 relative=0x00000000000012f8
Event: 22.150 Thread 0x00000198385b8800 Uncommon trap: reason=unstable_if action=reinterpret pc=0x00000198268f6758 method=java.util.concurrent.ConcurrentHashMap.addCount(JI)V @ 34 c2
Event: 22.150 Thread 0x00000198385b8800 DEOPT PACKING pc=0x00000198268f6758 sp=0x0000006eb1df89b0
Event: 22.150 Thread 0x00000198385b8800 DEOPT UNPACKING pc=0x000001981ea3a1af sp=0x0000006eb1df8890 mode 2
Event: 22.152 Thread 0x000001983910e800 Uncommon trap: trap_request=0xffffff4d fr.pc=0x00000198265ddd2c relative=0x000000000000014c
Event: 22.152 Thread 0x000001983910e800 Uncommon trap: reason=unstable_if action=reinterpret pc=0x00000198265ddd2c method=java.util.concurrent.ConcurrentHashMap.addCount(JI)V @ 7 c2
Event: 22.152 Thread 0x000001983910e800 DEOPT PACKING pc=0x00000198265ddd2c sp=0x0000006eb5dfc640
Event: 22.152 Thread 0x000001983910e800 DEOPT UNPACKING pc=0x000001981ea3a1af sp=0x0000006eb5dfc5a0 mode 2
Event: 22.161 Thread 0x000001983910e800 DEOPT PACKING pc=0x000001981f28c8e6 sp=0x0000006eb5dfbd10
Event: 22.161 Thread 0x000001983910e800 DEOPT UNPACKING pc=0x000001981ea3a95e sp=0x0000006eb5dfb188 mode 0
Event: 22.278 Thread 0x0000019839109800 DEOPT PACKING pc=0x000001981fc14857 sp=0x0000006eb5ef99f0
Event: 22.278 Thread 0x0000019839109800 DEOPT UNPACKING pc=0x000001981ea3a95e sp=0x0000006eb5ef8e48 mode 0

Classes redefined (0 events):
No events

Internal exceptions (20 events):
Event: 19.315 Thread 0x00000198385b8800 Exception <a 'sun/nio/fs/WindowsException'{0x000000008b511858}> (0x000000008b511858) thrown at [./src/hotspot/share/prims/jni.cpp, line 615]
Event: 19.315 Thread 0x00000198385b8800 Exception <a 'sun/nio/fs/WindowsException'{0x000000008b512c20}> (0x000000008b512c20) thrown at [./src/hotspot/share/prims/jni.cpp, line 615]
Event: 20.477 Thread 0x00000198385b8800 Exception <a 'java/lang/NoSuchMethodError'{0x000000008992a2e8}: 'java.lang.Object java.lang.invoke.Invokers$Holder.linkToTargetMethod(java.lang.Object, int, int, java.lang.Object)'> (0x000000008992a2e8) thrown at [./src/hotspot/share/interpreter/linkResolver.cpp, line 773]
Event: 21.048 Thread 0x00000198385b8800 Exception <a 'java/lang/NoSuchMethodError'{0x0000000088e95dc0}: 'java.lang.Object java.lang.invoke.Invokers$Holder.linkToTargetMethod(java.lang.Object, java.lang.Object, java.lang.Object, int, java.lang.Object, java.lang.Object)'> (0x0000000088e95dc0) thrown at [./src/hotspot/share/interpreter/linkResolver.cpp, line 773]
Event: 21.171 Thread 0x0000019836cb9800 Exception <a 'java/lang/NoSuchMethodError'{0x0000000088a878a0}: <clinit>> (0x0000000088a878a0) thrown at [./src/hotspot/share/prims/jni.cpp, line 1365]
Event: 21.172 Thread 0x0000019836cb9800 Exception <a 'java/lang/NoSuchMethodError'{0x0000000088a92c80}: <clinit>> (0x0000000088a92c80) thrown at [./src/hotspot/share/prims/jni.cpp, line 1365]
Event: 21.182 Thread 0x00000198385b8800 Exception <a 'java/lang/IncompatibleClassChangeError'{0x0000000088ad56c8}: Found class java.lang.Object, but interface was expected> (0x0000000088ad56c8) thrown at [./src/hotspot/share/interpreter/linkResolver.cpp, line 839]
Event: 21.222 Thread 0x00000198385b8800 Exception <a 'java/lang/NoSuchMethodError'{0x000000008884e480}: 'void java.lang.invoke.DirectMethodHandle$Holder.invokeVirtual(java.lang.Object, java.lang.Object)'> (0x000000008884e480) thrown at [./src/hotspot/share/interpreter/linkResolver.cpp, line 773]
Event: 22.124 Thread 0x0000019836cb9800 Exception <a 'java/lang/NoSuchMethodError'{0x000000008852c610}: <clinit>> (0x000000008852c610) thrown at [./src/hotspot/share/prims/jni.cpp, line 1365]
Event: 22.128 Thread 0x0000019836cb9800 Exception <a 'java/lang/NoSuchMethodError'{0x0000000088591870}: <clinit>> (0x0000000088591870) thrown at [./src/hotspot/share/prims/jni.cpp, line 1365]
Event: 22.129 Thread 0x0000019836cb9800 Exception <a 'java/lang/NoSuchMethodError'{0x0000000088592d90}: <clinit>> (0x0000000088592d90) thrown at [./src/hotspot/share/prims/jni.cpp, line 1365]
Event: 22.132 Thread 0x0000019836cb9800 Exception <a 'java/lang/NoSuchMethodError'{0x00000000885d2e10}: <clinit>> (0x00000000885d2e10) thrown at [./src/hotspot/share/prims/jni.cpp, line 1365]
Event: 22.161 Thread 0x000001983910e800 Exception <a 'java/lang/NoSuchMethodError'{0x00000000883ff7f8}: <clinit>> (0x00000000883ff7f8) thrown at [./src/hotspot/share/prims/jni.cpp, line 1365]
Event: 22.192 Thread 0x000001983910e800 Exception <a 'java/lang/NoSuchMethodError'{0x000000008821ec98}: <clinit>> (0x000000008821ec98) thrown at [./src/hotspot/share/prims/jni.cpp, line 1365]
Event: 22.196 Thread 0x000001983910e800 Exception <a 'java/lang/NoSuchMethodError'{0x00000000882728b0}: <clinit>> (0x00000000882728b0) thrown at [./src/hotspot/share/prims/jni.cpp, line 1365]
Event: 22.198 Thread 0x000001983910e800 Exception <a 'java/lang/NoSuchMethodError'{0x000000008827cd78}: 'void java.lang.invoke.DirectMethodHandle$Holder.invokeSpecial(java.lang.Object, java.lang.Object, java.lang.Object, int)'> (0x000000008827cd78) thrown at [./src/hotspot/share/interpreter/linkResolver.cpp, line 773]
Event: 22.200 Thread 0x0000019836cb9800 Exception <a 'java/lang/NoSuchMethodError'{0x00000000882c2b98}: <clinit>> (0x00000000882c2b98) thrown at [./src/hotspot/share/prims/jni.cpp, line 1365]
Event: 22.204 Thread 0x0000019839109800 Exception <a 'java/lang/NoSuchMethodError'{0x0000000088c02ee0}: 'java.lang.Object java.lang.invoke.DirectMethodHandle$Holder.invokeInterface(java.lang.Object, java.lang.Object, int)'> (0x0000000088c02ee0) thrown at [./src/hotspot/share/interpreter/linkResolver.cpp, line 773]
Event: 22.208 Thread 0x0000019839109800 Exception <a 'java/lang/NoSuchMethodError'{0x0000000088c15218}: 'void java.lang.invoke.DirectMethodHandle$Holder.invokeStatic(java.lang.Object, java.lang.Object, java.lang.Object, int)'> (0x0000000088c15218) thrown at [./src/hotspot/share/interpreter/linkResolver.cpp, line 773]
Event: 22.262 Thread 0x0000019839109800 Exception <a 'java/lang/IncompatibleClassChangeError'{0x000000008803e050}: Found class java.lang.Object, but interface was expected> (0x000000008803e050) thrown at [./src/hotspot/share/interpreter/linkResolver.cpp, line 839]

Events (20 events):
Event: 22.455 Thread 0x000001983aa34000 Thread added: 0x000001983aa34000
Event: 22.474 loading class org/gradle/api/artifacts/result/DependencyResult
Event: 22.474 loading class org/gradle/api/artifacts/result/DependencyResult done
Event: 22.474 loading class org/gradle/api/artifacts/result/ResolvedDependencyResult
Event: 22.474 loading class org/gradle/api/artifacts/result/ResolvedDependencyResult done
Event: 22.474 loading class com/android/build/gradle/internal/dependency/ConstraintHandler$alignWith$1$1$1
Event: 22.474 loading class com/android/build/gradle/internal/dependency/ConstraintHandler$alignWith$1$1$1 done
Event: 22.475 loading class org/gradle/api/artifacts/dsl/DependencyConstraintHandler
Event: 22.475 loading class org/gradle/api/artifacts/dsl/DependencyConstraintHandler done
Event: 22.475 loading class org/gradle/api/artifacts/DependencyConstraint
Event: 22.475 loading class org/gradle/api/artifacts/DependencyConstraint done
Event: 22.475 loading class com/android/build/gradle/internal/dependency/ConstraintHandler$alignWith$1$1$1$1
Event: 22.475 loading class com/android/build/gradle/internal/dependency/ConstraintHandler$alignWith$1$1$1$1 done
Event: 22.476 loading class org/gradle/api/artifacts/MutableVersionConstraint
Event: 22.476 loading class org/gradle/api/artifacts/MutableVersionConstraint done
Event: 22.506 Executing VM operation: RevokeBias
Event: 22.506 Executing VM operation: RevokeBias done
Event: 22.557 loading class org/gradle/api/internal/artifacts/ivyservice/ivyresolve/strategy/InverseVersionSelector
Event: 22.557 loading class org/gradle/api/internal/artifacts/ivyservice/ivyresolve/strategy/InverseVersionSelector done
Event: 22.568 Executing VM operation: G1CollectForAllocation


Dynamic libraries:
0x00007ff7a8df0000 - 0x00007ff7a8dfa000 	C:\Program Files\Android\Android Studio\jre\bin\java.exe
0x00007ffa89c50000 - 0x00007ffa89e64000 	C:\WINDOWS\SYSTEM32\ntdll.dll
0x00007ffa887c0000 - 0x00007ffa88882000 	C:\WINDOWS\System32\KERNEL32.DLL
0x00007ffa87480000 - 0x00007ffa8781c000 	C:\WINDOWS\System32\KERNELBASE.dll
0x00007ffa87360000 - 0x00007ffa87471000 	C:\WINDOWS\System32\ucrtbase.dll
0x00007ffa83d60000 - 0x00007ffa83d79000 	C:\Program Files\Android\Android Studio\jre\bin\jli.dll
0x00007ffa6c280000 - 0x00007ffa6c297000 	C:\Program Files\Android\Android Studio\jre\bin\VCRUNTIME140.dll
0x00007ffa88010000 - 0x00007ffa881ba000 	C:\WINDOWS\System32\USER32.dll
0x00007ffa6e7a0000 - 0x00007ffa6ea2e000 	C:\WINDOWS\WinSxS\amd64_microsoft.windows.common-controls_6595b64144ccf1df_6.0.22621.608_none_a9444ca7c10bb01d\COMCTL32.dll
0x00007ffa87330000 - 0x00007ffa87356000 	C:\WINDOWS\System32\win32u.dll
0x00007ffa89aa0000 - 0x00007ffa89b47000 	C:\WINDOWS\System32\msvcrt.dll
0x00007ffa885f0000 - 0x00007ffa88619000 	C:\WINDOWS\System32\GDI32.dll
0x00007ffa87080000 - 0x00007ffa87192000 	C:\WINDOWS\System32\gdi32full.dll
0x00007ffa87290000 - 0x00007ffa8732a000 	C:\WINDOWS\System32\msvcp_win.dll
0x00007ffa89bd0000 - 0x00007ffa89c01000 	C:\WINDOWS\System32\IMM32.DLL
0x00007ffa5ad30000 - 0x00007ffa5adcd000 	C:\Program Files\Android\Android Studio\jre\bin\msvcp140.dll
0x00007ffa1bab0000 - 0x00007ffa1c595000 	C:\Program Files\Android\Android Studio\jre\bin\server\jvm.dll
0x00007ffa87b50000 - 0x00007ffa87bfe000 	C:\WINDOWS\System32\ADVAPI32.dll
0x00007ffa87f60000 - 0x00007ffa88004000 	C:\WINDOWS\System32\sechost.dll
0x00007ffa884a0000 - 0x00007ffa885b5000 	C:\WINDOWS\System32\RPCRT4.dll
0x00007ffa87da0000 - 0x00007ffa87da8000 	C:\WINDOWS\System32\PSAPI.DLL
0x00007ffa83140000 - 0x00007ffa83149000 	C:\WINDOWS\SYSTEM32\WSOCK32.dll
0x00007ffa7f740000 - 0x00007ffa7f774000 	C:\WINDOWS\SYSTEM32\WINMM.dll
0x00007ffa7ff60000 - 0x00007ffa7ff6a000 	C:\WINDOWS\SYSTEM32\VERSION.dll
0x00007ffa87e10000 - 0x00007ffa87e81000 	C:\WINDOWS\System32\WS2_32.dll
0x00007ffa861f0000 - 0x00007ffa86208000 	C:\WINDOWS\SYSTEM32\kernel.appcore.dll
0x00007ffa812e0000 - 0x00007ffa812f1000 	C:\Program Files\Android\Android Studio\jre\bin\verify.dll
0x00007ffa842c0000 - 0x00007ffa844ee000 	C:\WINDOWS\SYSTEM32\DBGHELP.DLL
0x00007ffa89550000 - 0x00007ffa898d9000 	C:\WINDOWS\System32\combase.dll
0x00007ffa87c00000 - 0x00007ffa87cd7000 	C:\WINDOWS\System32\OLEAUT32.dll
0x00007ffa68a40000 - 0x00007ffa68a72000 	C:\WINDOWS\SYSTEM32\dbgcore.DLL
0x00007ffa87210000 - 0x00007ffa8728b000 	C:\WINDOWS\System32\bcryptPrimitives.dll
0x00007ffa812b0000 - 0x00007ffa812d9000 	C:\Program Files\Android\Android Studio\jre\bin\java.dll
0x00007ffa812a0000 - 0x00007ffa812ab000 	C:\Program Files\Android\Android Studio\jre\bin\jimage.dll
0x00007ffa80f80000 - 0x00007ffa80f98000 	C:\Program Files\Android\Android Studio\jre\bin\zip.dll
0x00007ffa88d70000 - 0x00007ffa8954d000 	C:\WINDOWS\System32\SHELL32.dll
0x00007ffa850f0000 - 0x00007ffa859a6000 	C:\WINDOWS\SYSTEM32\windows.storage.dll
0x00007ffa84fb0000 - 0x00007ffa850ed000 	C:\WINDOWS\SYSTEM32\wintypes.dll
0x00007ffa89950000 - 0x00007ffa89a41000 	C:\WINDOWS\System32\SHCORE.dll
0x00007ffa87db0000 - 0x00007ffa87e0e000 	C:\WINDOWS\System32\shlwapi.dll
0x00007ffa86fb0000 - 0x00007ffa86fd1000 	C:\WINDOWS\SYSTEM32\profapi.dll
0x00007ffa72430000 - 0x00007ffa7244a000 	C:\Program Files\Android\Android Studio\jre\bin\net.dll
0x00007ffa7f540000 - 0x00007ffa7f66f000 	C:\WINDOWS\SYSTEM32\WINHTTP.dll
0x00007ffa86650000 - 0x00007ffa866b9000 	C:\WINDOWS\system32\mswsock.dll
0x00007ffa72410000 - 0x00007ffa72424000 	C:\Program Files\Android\Android Studio\jre\bin\nio.dll
0x00007ffa3d200000 - 0x00007ffa3d227000 	C:\Users\jeova\.gradle\native\e1d6ef7f7dcc3fd88c89a11ec53ec762bb8ba0a96d01ffa2cd45eb1d1d8dd5c5\windows-amd64\native-platform.dll
0x00007ffa50900000 - 0x00007ffa50a44000 	C:\Users\jeova\.gradle\native\5664cfc778a61ccfe75a443a1ab52a65af34e5dc3c78e0209fed803814484fcb\windows-amd64\native-platform-file-events.dll
0x00007ffa80f70000 - 0x00007ffa80f7a000 	C:\Program Files\Android\Android Studio\jre\bin\management.dll
0x00007ffa72400000 - 0x00007ffa7240d000 	C:\Program Files\Android\Android Studio\jre\bin\management_ext.dll
0x00007ffa86890000 - 0x00007ffa868ab000 	C:\WINDOWS\SYSTEM32\CRYPTSP.dll
0x00007ffa86160000 - 0x00007ffa86195000 	C:\WINDOWS\system32\rsaenh.dll
0x00007ffa86740000 - 0x00007ffa86768000 	C:\WINDOWS\SYSTEM32\USERENV.dll
0x00007ffa86a30000 - 0x00007ffa86a58000 	C:\WINDOWS\SYSTEM32\bcrypt.dll
0x00007ffa868b0000 - 0x00007ffa868bc000 	C:\WINDOWS\SYSTEM32\CRYPTBASE.dll
0x00007ffa85c70000 - 0x00007ffa85c9d000 	C:\WINDOWS\SYSTEM32\IPHLPAPI.DLL
0x00007ffa885e0000 - 0x00007ffa885e9000 	C:\WINDOWS\System32\NSI.dll
0x00007ffa7f9b0000 - 0x00007ffa7f9c9000 	C:\WINDOWS\SYSTEM32\dhcpcsvc6.DLL
0x00007ffa7f340000 - 0x00007ffa7f35f000 	C:\WINDOWS\SYSTEM32\dhcpcsvc.DLL
0x00007ffa85ca0000 - 0x00007ffa85d92000 	C:\WINDOWS\SYSTEM32\DNSAPI.dll

dbghelp: loaded successfully - version: 4.0.5 - missing functions: none
symbol engine: initialized successfully - sym options: 0x614 - pdb path: .;C:\Program Files\Android\Android Studio\jre\bin;C:\WINDOWS\SYSTEM32;C:\WINDOWS\WinSxS\amd64_microsoft.windows.common-controls_6595b64144ccf1df_6.0.22621.608_none_a9444ca7c10bb01d;C:\Program Files\Android\Android Studio\jre\bin\server;C:\Users\jeova\.gradle\native\e1d6ef7f7dcc3fd88c89a11ec53ec762bb8ba0a96d01ffa2cd45eb1d1d8dd5c5\windows-amd64;C:\Users\jeova\.gradle\native\5664cfc778a61ccfe75a443a1ab52a65af34e5dc3c78e0209fed803814484fcb\windows-amd64

VM Arguments:
jvm_args: --add-opens=java.base/java.util=ALL-UNNAMED --add-opens=java.base/java.lang=ALL-UNNAMED --add-opens=java.base/java.lang.invoke=ALL-UNNAMED --add-opens=java.base/java.util=ALL-UNNAMED --add-opens=java.prefs/java.util.prefs=ALL-UNNAMED --add-opens=java.prefs/java.util.prefs=ALL-UNNAMED --add-opens=java.base/java.nio.charset=ALL-UNNAMED --add-opens=java.base/java.net=ALL-UNNAMED --add-opens=java.base/java.util.concurrent.atomic=ALL-UNNAMED -Xmx2048m -Dfile.encoding=UTF-8 -Duser.country=MX -Duser.language=es -Duser.variant 
java_command: org.gradle.launcher.daemon.bootstrap.GradleDaemon 7.3.3
java_class_path (initial): C:\Users\jeova\.gradle\wrapper\dists\gradle-7.3.3-bin\6a41zxkdtcxs8rphpq6y0069z\gradle-7.3.3\lib\gradle-launcher-7.3.3.jar
Launcher Type: SUN_STANDARD

[Global flags]
     intx CICompilerCount                          = 3                                         {product} {ergonomic}
     uint ConcGCThreads                            = 1                                         {product} {ergonomic}
     uint G1ConcRefinementThreads                  = 4                                         {product} {ergonomic}
   size_t G1HeapRegionSize                         = 1048576                                   {product} {ergonomic}
    uintx GCDrainStackTargetSize                   = 64                                        {product} {ergonomic}
   size_t InitialHeapSize                          = 134217728                                 {product} {ergonomic}
   size_t MarkStackSize                            = 4194304                                   {product} {ergonomic}
   size_t MaxHeapSize                              = 2147483648                                {product} {command line}
   size_t MaxNewSize                               = 1287651328                                {product} {ergonomic}
   size_t MinHeapDeltaBytes                        = 1048576                                   {product} {ergonomic}
    uintx NonNMethodCodeHeapSize                   = 5830732                                {pd product} {ergonomic}
    uintx NonProfiledCodeHeapSize                  = 122913754                              {pd product} {ergonomic}
    uintx ProfiledCodeHeapSize                     = 122913754                              {pd product} {ergonomic}
    uintx ReservedCodeCacheSize                    = 251658240                              {pd product} {ergonomic}
     bool SegmentedCodeCache                       = true                                      {product} {ergonomic}
     bool UseCompressedClassPointers               = true                                 {lp64_product} {ergonomic}
     bool UseCompressedOops                        = true                                 {lp64_product} {ergonomic}
     bool UseG1GC                                  = true                                      {product} {ergonomic}
     bool UseLargePagesIndividualAllocation        = false                                  {pd product} {ergonomic}

Logging:
Log output configuration:
 #0: stdout all=warning uptime,level,tags
 #1: stderr all=off uptime,level,tags

Environment Variables:
PATH=C:\Program Files (x86)\Common Files\Oracle\Java\javapath;C:\WINDOWS\system32;C:\WINDOWS;C:\WINDOWS\System32\Wbem;C:\WINDOWS\System32\WindowsPowerShell\v1.0\;C:\WINDOWS\System32\OpenSSH\;C:\Program Files\MATLAB\R2020b\bin;C:\Program Files\dotnet\;C:\Program Files\Microsoft SQL Server\Client SDK\ODBC\170\Tools\Binn\;C:\Program Files\Azure Data Studio\bin;C:\Program Files\nodejs\;C:\Program Files (x86)\Microsoft SQL Server\150\DTS\Binn\;C:\Program Files (x86)\Microsoft SQL Server\150\Tools\Binn\;C:\Program Files\Microsoft SQL Server\150\Tools\Binn\;C:\Program Files\Microsoft SQL Server\150\DTS\Binn\;C:\Program Files\Microsoft SQL Server\130\Tools\Binn\;C:\Program Files (x86)\dotnet\;C:\Program Files\Git\cmd;C:\Program Files\Intel\Intel(R) Memory and Storage Tool\;C:\Users\jeova\AppData\Local\Programs\Python\Python39\Scripts\;C:\Users\jeova\AppData\Local\Programs\Python\Python39\;C:\Users\jeova\AppData\Local\Microsoft\WindowsApps;C:\Users\jeova\AppData\Local\Programs\Microsoft VS Code\bin;C:\Users\jeova\.dotnet\tools;C:\Program Files\Azure Data Studio\bin;C:\Users\jeova\AppData\Roaming\npm;C:\Users\jeova\AppData\Local\GitHubDesktop\bin;C:\Users\jeova\OneDrive\Escritorio\ESCRITORIO\CEM;
USERNAME=jeova
OS=Windows_NT
PROCESSOR_IDENTIFIER=Intel64 Family 6 Model 142 Stepping 10, GenuineIntel



---------------  S Y S T E M  ---------------

OS: Windows 10 , 64 bit Build 22621 (10.0.22621.608)
OS uptime: 0 days 1:41 hours

CPU:total 4 (initial active 4) (2 cores per cpu, 2 threads per core) family 6 model 142 stepping 10 microcode 0xe0, cmov, cx8, fxsr, mmx, sse, sse2, sse3, ssse3, sse4.1, sse4.2, popcnt, avx, avx2, aes, clmul, erms, 3dnowpref, lzcnt, ht, tsc, tscinvbit, bmi1, bmi2, adx, fma

Memory: 4k page, system-wide physical 8107M (1119M free)
TotalPageFile size 8107M (AvailPageFile size 22M)
current process WorkingSet (physical memory assigned to process): 429M, peak: 437M
current process commit charge ("private bytes"): 459M, peak: 496M

vm_info: OpenJDK 64-Bit Server VM (11.0.12+7-b1504.28-7817840) for windows-amd64 JRE (11.0.12+7-b1504.28-7817840), built on Oct 13 2021 22:12:33 by "builder" with MS VC++ 14.0 (VS2015)

END.
