#
# There is insufficient memory for the Java Runtime Environment to continue.
# Native memory allocation (malloc) failed to allocate 2343696 bytes for Chunk::new
# Possible reasons:
#   The system is out of physical RAM or swap space
#   The process is running with CompressedOops enabled, and the Java Heap may be blocking the growth of the native heap
# Possible solutions:
#   Reduce memory load on the system
#   Increase physical memory or swap space
#   Check if swap backing store is full
#   Decrease Java heap size (-Xmx/-Xms)
#   Decrease number of Java threads
#   Decrease Java thread stack sizes (-Xss)
#   Set larger code cache with -XX:ReservedCodeCacheSize=
#   JVM is running with Unscaled Compressed Oops mode in which the Java heap is
#     placed in the first 4GB address space. The Java Heap base address is the
#     maximum limit for the native heap growth. Please use -XX:HeapBaseMinAddress
#     to set the Java Heap base and to place the Java Heap above 4GB virtual address.
# This output file may be truncated or incomplete.
#
#  Out of Memory Error (./src/hotspot/share/memory/arena.cpp:197), pid=12304, tid=3280
#
# JRE version: OpenJDK Runtime Environment (11.0.12+7) (build 11.0.12+7-b1504.28-7817840)
# Java VM: OpenJDK 64-Bit Server VM (11.0.12+7-b1504.28-7817840, mixed mode, tiered, compressed oops, g1 gc, windows-amd64)
# No core dump will be written. Minidumps are not enabled by default on client versions of Windows
#

---------------  S U M M A R Y ------------

Command Line: org.jetbrains.kotlin.cli.jvm.K2JVMCompiler @C:\Users\jeova\Desktop\Nueva carpeta\ProyectoEquipo4(8)\ProyectoEquipo4\app\build\20221012_13386920235916967175.compiler.options

Host: Intel(R) Core(TM) i3-7020U CPU @ 2.30GHz, 4 cores, 7G,  Windows 10 , 64 bit Build 22621 (10.0.22621.608)
Time: Wed Oct 12 13:55:48 2022 Hora de verano central (México) elapsed time: 16.843277 seconds (0d 0h 0m 16s)

---------------  T H R E A D  ---------------

Current thread (0x0000022538c81000):  JavaThread "C2 CompilerThread0" daemon [_thread_in_native, id=3280, stack(0x000000a309f00000,0x000000a30a000000)]


Current CompileTask:
C2:  16843 9792       4       org.jetbrains.kotlin.types.TypeSubstitutor::unsafeSubstitute (813 bytes)

Stack: [0x000000a309f00000,0x000000a30a000000]
Native frames: (J=compiled Java code, j=interpreted, Vv=VM code, C=native code)
V  [jvm.dll+0x5fbcea]
V  [jvm.dll+0x731905]
V  [jvm.dll+0x732f1d]
V  [jvm.dll+0x7335d3]
V  [jvm.dll+0x247bf8]
V  [jvm.dll+0xc018c]
V  [jvm.dll+0xc06cc]
V  [jvm.dll+0x35b31d]
V  [jvm.dll+0x328803]
V  [jvm.dll+0x327cfa]
V  [jvm.dll+0x200602]
V  [jvm.dll+0x1ff794]
V  [jvm.dll+0x18868c]
V  [jvm.dll+0x20e0d7]
V  [jvm.dll+0x20c901]
V  [jvm.dll+0x6f9b7f]
V  [jvm.dll+0x6f26a5]
V  [jvm.dll+0x5fabf6]
C  [ucrtbase.dll+0x29363]
C  [KERNEL32.DLL+0x1244d]
C  [ntdll.dll+0x5df78]


---------------  P R O C E S S  ---------------

Threads class SMR info:
_java_thread_list=0x0000022539041c20, length=11, elements={
0x000002251e74a800, 0x00000225382c8000, 0x00000225382ca000, 0x0000022538c77800,
0x0000022538c7c000, 0x0000022538c7d000, 0x0000022538c81000, 0x00000225382e2000,
0x00000225382f0000, 0x0000022538dd1000, 0x000002253b3c6000
}

Java Threads: ( => current thread )
  0x000002251e74a800 JavaThread "main" [_thread_in_Java, id=7692, stack(0x000000a309300000,0x000000a309400000)]
  0x00000225382c8000 JavaThread "Reference Handler" daemon [_thread_blocked, id=10744, stack(0x000000a309a00000,0x000000a309b00000)]
  0x00000225382ca000 JavaThread "Finalizer" daemon [_thread_blocked, id=2488, stack(0x000000a309b00000,0x000000a309c00000)]
  0x0000022538c77800 JavaThread "Signal Dispatcher" daemon [_thread_blocked, id=13596, stack(0x000000a309c00000,0x000000a309d00000)]
  0x0000022538c7c000 JavaThread "Attach Listener" daemon [_thread_blocked, id=13608, stack(0x000000a309d00000,0x000000a309e00000)]
  0x0000022538c7d000 JavaThread "Service Thread" daemon [_thread_blocked, id=14076, stack(0x000000a309e00000,0x000000a309f00000)]
=>0x0000022538c81000 JavaThread "C2 CompilerThread0" daemon [_thread_in_native, id=3280, stack(0x000000a309f00000,0x000000a30a000000)]
  0x00000225382e2000 JavaThread "C1 CompilerThread0" daemon [_thread_in_native, id=6132, stack(0x000000a30a000000,0x000000a30a100000)]
  0x00000225382f0000 JavaThread "Sweeper thread" daemon [_thread_blocked, id=10664, stack(0x000000a30a100000,0x000000a30a200000)]
  0x0000022538dd1000 JavaThread "Common-Cleaner" daemon [_thread_blocked, id=9388, stack(0x000000a30a300000,0x000000a30a400000)]
  0x000002253b3c6000 JavaThread "C2 CompilerThread1" daemon [_thread_in_native, id=8808, stack(0x000000a30a600000,0x000000a30a700000)]

Other Threads:
  0x00000225382a2000 VMThread "VM Thread" [stack: 0x000000a309900000,0x000000a309a00000] [id=13344]
  0x0000022538dc6800 WatcherThread [stack: 0x000000a30a200000,0x000000a30a300000] [id=11592]
  0x000002251e763800 GCTaskThread "GC Thread#0" [stack: 0x000000a309400000,0x000000a309500000] [id=11376]
  0x0000022539200800 GCTaskThread "GC Thread#1" [stack: 0x000000a30a400000,0x000000a30a500000] [id=10508]
  0x00000225391eb000 GCTaskThread "GC Thread#2" [stack: 0x000000a30a500000,0x000000a30a600000] [id=836]
  0x000002251e795000 ConcurrentGCThread "G1 Main Marker" [stack: 0x000000a309500000,0x000000a309600000] [id=11224]
  0x000002251e796000 ConcurrentGCThread "G1 Conc#0" [stack: 0x000000a309600000,0x000000a309700000] [id=10412]
  0x0000022538110800 ConcurrentGCThread "G1 Refine#0" [stack: 0x000000a309700000,0x000000a309800000] [id=7272]
  0x0000022538111000 ConcurrentGCThread "G1 Young RemSet Sampling" [stack: 0x000000a309800000,0x000000a309900000] [id=5596]

Threads with active compile tasks:
C2 CompilerThread0  16877 9792       4       org.jetbrains.kotlin.types.TypeSubstitutor::unsafeSubstitute (813 bytes)
C1 CompilerThread0  16877 10001       3       org.jetbrains.kotlin.contracts.ContextInfoToDataFlowInfoKt::toDataFlowInfo (596 bytes)
C2 CompilerThread1  16877 9916       4       org.jetbrains.kotlin.types.checker.NewCapturedTypeKt::captureArguments (678 bytes)

VM state:not at safepoint (normal execution)

VM Mutex/Monitor currently owned by a thread: None

Heap address: 0x0000000081400000, size: 2028 MB, Compressed Oops mode: 32-bit
Narrow klass base: 0x0000000000000000, Narrow klass shift: 3
Compressed class space size: 1073741824 Address: 0x0000000100000000

Heap:
 garbage-first heap   total 157696K, used 109379K [0x0000000081400000, 0x0000000100000000)
  region size 1024K, 64 young (65536K), 4 survivors (4096K)
 Metaspace       used 64600K, capacity 65423K, committed 65664K, reserved 1107968K
  class space    used 7147K, capacity 7462K, committed 7552K, reserved 1048576K
Heap Regions: E=young(eden), S=young(survivor), O=old, HS=humongous(starts), HC=humongous(continues), CS=collection set, F=free, A=archive, TAMS=top-at-mark-start (previous, next)
|   0|0x0000000081400000, 0x0000000081500000, 0x0000000081500000|100%|HS|  |TAMS 0x0000000081500000, 0x0000000081400000| Complete 
|   1|0x0000000081500000, 0x0000000081600000, 0x0000000081600000|100%|HC|  |TAMS 0x0000000081600000, 0x0000000081500000| Complete 
|   2|0x0000000081600000, 0x0000000081700000, 0x0000000081700000|100%|HC|  |TAMS 0x0000000081700000, 0x0000000081600000| Complete 
|   3|0x0000000081700000, 0x0000000081800000, 0x0000000081800000|100%| O|  |TAMS 0x0000000081800000, 0x0000000081700000| Untracked 
|   4|0x0000000081800000, 0x0000000081900000, 0x0000000081900000|100%| O|  |TAMS 0x0000000081900000, 0x0000000081800000| Untracked 
|   5|0x0000000081900000, 0x0000000081a00000, 0x0000000081a00000|100%|HS|  |TAMS 0x0000000081a00000, 0x0000000081900000| Complete 
|   6|0x0000000081a00000, 0x0000000081b00000, 0x0000000081b00000|100%|HC|  |TAMS 0x0000000081b00000, 0x0000000081a00000| Complete 
|   7|0x0000000081b00000, 0x0000000081c00000, 0x0000000081c00000|100%|HC|  |TAMS 0x0000000081c00000, 0x0000000081b00000| Complete 
|   8|0x0000000081c00000, 0x0000000081d00000, 0x0000000081d00000|100%|HS|  |TAMS 0x0000000081d00000, 0x0000000081c00000| Complete 
|   9|0x0000000081d00000, 0x0000000081e00000, 0x0000000081e00000|100%|HC|  |TAMS 0x0000000081e00000, 0x0000000081d00000| Complete 
|  10|0x0000000081e00000, 0x0000000081f00000, 0x0000000081f00000|100%| O|  |TAMS 0x0000000081f00000, 0x0000000081e00000| Untracked 
|  11|0x0000000081f00000, 0x0000000082000000, 0x0000000082000000|100%| O|  |TAMS 0x0000000082000000, 0x0000000081f00000| Untracked 
|  12|0x0000000082000000, 0x0000000082100000, 0x0000000082100000|100%| O|  |TAMS 0x0000000082100000, 0x0000000082000000| Untracked 
|  13|0x0000000082100000, 0x0000000082200000, 0x0000000082200000|100%| O|  |TAMS 0x0000000082200000, 0x0000000082100000| Untracked 
|  14|0x0000000082200000, 0x0000000082300000, 0x0000000082300000|100%| O|  |TAMS 0x0000000082300000, 0x0000000082200000| Untracked 
|  15|0x0000000082300000, 0x0000000082400000, 0x0000000082400000|100%| O|  |TAMS 0x0000000082400000, 0x0000000082300000| Untracked 
|  16|0x0000000082400000, 0x0000000082500000, 0x0000000082500000|100%| O|  |TAMS 0x0000000082500000, 0x0000000082400000| Untracked 
|  17|0x0000000082500000, 0x0000000082600000, 0x0000000082600000|100%| O|  |TAMS 0x0000000082600000, 0x0000000082500000| Untracked 
|  18|0x0000000082600000, 0x0000000082700000, 0x0000000082700000|100%| O|  |TAMS 0x0000000082700000, 0x0000000082600000| Untracked 
|  19|0x0000000082700000, 0x0000000082800000, 0x0000000082800000|100%| O|  |TAMS 0x00000000827e9a00, 0x0000000082700000| Untracked 
|  20|0x0000000082800000, 0x0000000082900000, 0x0000000082900000|100%| O|  |TAMS 0x0000000082800000, 0x0000000082800000| Untracked 
|  21|0x0000000082900000, 0x0000000082a00000, 0x0000000082a00000|100%| O|  |TAMS 0x0000000082900000, 0x0000000082900000| Untracked 
|  22|0x0000000082a00000, 0x0000000082b00000, 0x0000000082b00000|100%| O|  |TAMS 0x0000000082a00000, 0x0000000082a00000| Untracked 
|  23|0x0000000082b00000, 0x0000000082c00000, 0x0000000082c00000|100%| O|  |TAMS 0x0000000082b00000, 0x0000000082b00000| Untracked 
|  24|0x0000000082c00000, 0x0000000082d00000, 0x0000000082d00000|100%| O|  |TAMS 0x0000000082c00000, 0x0000000082c00000| Untracked 
|  25|0x0000000082d00000, 0x0000000082e00000, 0x0000000082e00000|100%| O|  |TAMS 0x0000000082d00000, 0x0000000082d00000| Untracked 
|  26|0x0000000082e00000, 0x0000000082f00000, 0x0000000082f00000|100%| O|  |TAMS 0x0000000082e00000, 0x0000000082e00000| Untracked 
|  27|0x0000000082f00000, 0x0000000083000000, 0x0000000083000000|100%| O|  |TAMS 0x0000000082f00000, 0x0000000082f00000| Untracked 
|  28|0x0000000083000000, 0x0000000083100000, 0x0000000083100000|100%| O|  |TAMS 0x0000000083000000, 0x0000000083000000| Untracked 
|  29|0x0000000083100000, 0x0000000083200000, 0x0000000083200000|100%| O|  |TAMS 0x0000000083100000, 0x0000000083100000| Untracked 
|  30|0x0000000083200000, 0x0000000083300000, 0x0000000083300000|100%| O|  |TAMS 0x0000000083200000, 0x0000000083200000| Untracked 
|  31|0x0000000083300000, 0x0000000083400000, 0x0000000083400000|100%| O|  |TAMS 0x0000000083300000, 0x0000000083300000| Untracked 
|  32|0x0000000083400000, 0x0000000083500000, 0x0000000083500000|100%| O|  |TAMS 0x0000000083400000, 0x0000000083400000| Untracked 
|  33|0x0000000083500000, 0x0000000083600000, 0x0000000083600000|100%| O|  |TAMS 0x0000000083500000, 0x0000000083500000| Untracked 
|  34|0x0000000083600000, 0x0000000083700000, 0x0000000083700000|100%| O|  |TAMS 0x0000000083600000, 0x0000000083600000| Untracked 
|  35|0x0000000083700000, 0x0000000083800000, 0x0000000083800000|100%| O|  |TAMS 0x0000000083700000, 0x0000000083700000| Untracked 
|  36|0x0000000083800000, 0x0000000083900000, 0x0000000083900000|100%| O|  |TAMS 0x0000000083800000, 0x0000000083800000| Untracked 
|  37|0x0000000083900000, 0x0000000083a00000, 0x0000000083a00000|100%| O|  |TAMS 0x0000000083900000, 0x0000000083900000| Untracked 
|  38|0x0000000083a00000, 0x0000000083b00000, 0x0000000083b00000|100%| O|  |TAMS 0x0000000083a00000, 0x0000000083a00000| Untracked 
|  39|0x0000000083b00000, 0x0000000083c00000, 0x0000000083c00000|100%| O|  |TAMS 0x0000000083b00000, 0x0000000083b00000| Untracked 
|  40|0x0000000083c00000, 0x0000000083d00000, 0x0000000083d00000|100%| O|  |TAMS 0x0000000083c00000, 0x0000000083c00000| Untracked 
|  41|0x0000000083d00000, 0x0000000083e00000, 0x0000000083e00000|100%| O|  |TAMS 0x0000000083d00000, 0x0000000083d00000| Untracked 
|  42|0x0000000083e00000, 0x0000000083f00000, 0x0000000083f00000|100%| O|  |TAMS 0x0000000083e00000, 0x0000000083e00000| Untracked 
|  43|0x0000000083f00000, 0x0000000083fd0e00, 0x0000000084000000| 81%| O|  |TAMS 0x0000000083f00000, 0x0000000083f00000| Untracked 
|  44|0x0000000084000000, 0x0000000084000000, 0x0000000084100000|  0%| F|  |TAMS 0x0000000084000000, 0x0000000084000000| Untracked 
|  45|0x0000000084100000, 0x0000000084100000, 0x0000000084200000|  0%| F|  |TAMS 0x0000000084100000, 0x0000000084100000| Untracked 
|  46|0x0000000084200000, 0x0000000084200000, 0x0000000084300000|  0%| F|  |TAMS 0x0000000084200000, 0x0000000084200000| Untracked 
|  47|0x0000000084300000, 0x0000000084300000, 0x0000000084400000|  0%| F|  |TAMS 0x0000000084300000, 0x0000000084300000| Untracked 
|  48|0x0000000084400000, 0x0000000084400000, 0x0000000084500000|  0%| F|  |TAMS 0x0000000084400000, 0x0000000084400000| Untracked 
|  49|0x0000000084500000, 0x0000000084500000, 0x0000000084600000|  0%| F|  |TAMS 0x0000000084500000, 0x0000000084500000| Untracked 
|  50|0x0000000084600000, 0x0000000084600000, 0x0000000084700000|  0%| F|  |TAMS 0x0000000084600000, 0x0000000084600000| Untracked 
|  51|0x0000000084700000, 0x0000000084700000, 0x0000000084800000|  0%| F|  |TAMS 0x0000000084700000, 0x0000000084700000| Untracked 
|  52|0x0000000084800000, 0x0000000084800000, 0x0000000084900000|  0%| F|  |TAMS 0x0000000084800000, 0x0000000084800000| Untracked 
|  53|0x0000000084900000, 0x0000000084900000, 0x0000000084a00000|  0%| F|  |TAMS 0x0000000084900000, 0x0000000084900000| Untracked 
|  54|0x0000000084a00000, 0x0000000084a00000, 0x0000000084b00000|  0%| F|  |TAMS 0x0000000084a00000, 0x0000000084a00000| Untracked 
|  55|0x0000000084b00000, 0x0000000084b00000, 0x0000000084c00000|  0%| F|  |TAMS 0x0000000084b00000, 0x0000000084b00000| Untracked 
|  56|0x0000000084c00000, 0x0000000084c00000, 0x0000000084d00000|  0%| F|  |TAMS 0x0000000084c00000, 0x0000000084c00000| Untracked 
|  57|0x0000000084d00000, 0x0000000084d00000, 0x0000000084e00000|  0%| F|  |TAMS 0x0000000084d00000, 0x0000000084d00000| Untracked 
|  58|0x0000000084e00000, 0x0000000084e00000, 0x0000000084f00000|  0%| F|  |TAMS 0x0000000084e00000, 0x0000000084e00000| Untracked 
|  59|0x0000000084f00000, 0x0000000084f00000, 0x0000000085000000|  0%| F|  |TAMS 0x0000000084f00000, 0x0000000084f00000| Untracked 
|  60|0x0000000085000000, 0x0000000085000000, 0x0000000085100000|  0%| F|  |TAMS 0x0000000085000000, 0x0000000085000000| Untracked 
|  61|0x0000000085100000, 0x0000000085100000, 0x0000000085200000|  0%| F|  |TAMS 0x0000000085100000, 0x0000000085100000| Untracked 
|  62|0x0000000085200000, 0x0000000085200000, 0x0000000085300000|  0%| F|  |TAMS 0x0000000085200000, 0x0000000085200000| Untracked 
|  63|0x0000000085300000, 0x0000000085300000, 0x0000000085400000|  0%| F|  |TAMS 0x0000000085300000, 0x0000000085300000| Untracked 
|  64|0x0000000085400000, 0x0000000085400000, 0x0000000085500000|  0%| F|  |TAMS 0x0000000085400000, 0x0000000085400000| Untracked 
|  65|0x0000000085500000, 0x0000000085500000, 0x0000000085600000|  0%| F|  |TAMS 0x0000000085500000, 0x0000000085500000| Untracked 
|  66|0x0000000085600000, 0x0000000085600000, 0x0000000085700000|  0%| F|  |TAMS 0x0000000085600000, 0x0000000085600000| Untracked 
|  67|0x0000000085700000, 0x0000000085700000, 0x0000000085800000|  0%| F|  |TAMS 0x0000000085700000, 0x0000000085700000| Untracked 
|  68|0x0000000085800000, 0x0000000085800000, 0x0000000085900000|  0%| F|  |TAMS 0x0000000085800000, 0x0000000085800000| Untracked 
|  69|0x0000000085900000, 0x0000000085900000, 0x0000000085a00000|  0%| F|  |TAMS 0x0000000085900000, 0x0000000085900000| Untracked 
|  70|0x0000000085a00000, 0x0000000085a00000, 0x0000000085b00000|  0%| F|  |TAMS 0x0000000085a00000, 0x0000000085a00000| Untracked 
|  71|0x0000000085b00000, 0x0000000085b00000, 0x0000000085c00000|  0%| F|  |TAMS 0x0000000085b00000, 0x0000000085b00000| Untracked 
|  72|0x0000000085c00000, 0x0000000085c00000, 0x0000000085d00000|  0%| F|  |TAMS 0x0000000085c00000, 0x0000000085c00000| Untracked 
|  73|0x0000000085d00000, 0x0000000085d00000, 0x0000000085e00000|  0%| F|  |TAMS 0x0000000085d00000, 0x0000000085d00000| Untracked 
|  74|0x0000000085e00000, 0x0000000085e00000, 0x0000000085f00000|  0%| F|  |TAMS 0x0000000085e00000, 0x0000000085e00000| Untracked 
|  75|0x0000000085f00000, 0x0000000085f00000, 0x0000000086000000|  0%| F|  |TAMS 0x0000000085f00000, 0x0000000085f00000| Untracked 
|  76|0x0000000086000000, 0x0000000086000000, 0x0000000086100000|  0%| F|  |TAMS 0x0000000086000000, 0x0000000086000000| Untracked 
|  77|0x0000000086100000, 0x0000000086100000, 0x0000000086200000|  0%| F|  |TAMS 0x0000000086100000, 0x0000000086100000| Untracked 
|  78|0x0000000086200000, 0x0000000086200000, 0x0000000086300000|  0%| F|  |TAMS 0x0000000086200000, 0x0000000086200000| Untracked 
|  79|0x0000000086300000, 0x0000000086300000, 0x0000000086400000|  0%| F|  |TAMS 0x0000000086300000, 0x0000000086300000| Untracked 
|  80|0x0000000086400000, 0x0000000086400000, 0x0000000086500000|  0%| F|  |TAMS 0x0000000086400000, 0x0000000086400000| Untracked 
|  81|0x0000000086500000, 0x0000000086500000, 0x0000000086600000|  0%| F|  |TAMS 0x0000000086500000, 0x0000000086500000| Untracked 
|  82|0x0000000086600000, 0x0000000086600000, 0x0000000086700000|  0%| F|  |TAMS 0x0000000086600000, 0x0000000086600000| Untracked 
|  83|0x0000000086700000, 0x0000000086700000, 0x0000000086800000|  0%| F|  |TAMS 0x0000000086700000, 0x0000000086700000| Untracked 
|  84|0x0000000086800000, 0x0000000086800000, 0x0000000086900000|  0%| F|  |TAMS 0x0000000086800000, 0x0000000086800000| Untracked 
|  85|0x0000000086900000, 0x0000000086900000, 0x0000000086a00000|  0%| F|  |TAMS 0x0000000086900000, 0x0000000086900000| Untracked 
|  86|0x0000000086a00000, 0x0000000086a00000, 0x0000000086b00000|  0%| F|  |TAMS 0x0000000086a00000, 0x0000000086a00000| Untracked 
|  87|0x0000000086b00000, 0x0000000086c00000, 0x0000000086c00000|100%| S|CS|TAMS 0x0000000086b00000, 0x0000000086b00000| Complete 
|  88|0x0000000086c00000, 0x0000000086d00000, 0x0000000086d00000|100%| S|CS|TAMS 0x0000000086c00000, 0x0000000086c00000| Complete 
|  89|0x0000000086d00000, 0x0000000086e00000, 0x0000000086e00000|100%| S|CS|TAMS 0x0000000086d00000, 0x0000000086d00000| Complete 
|  90|0x0000000086e00000, 0x0000000086f00000, 0x0000000086f00000|100%| S|CS|TAMS 0x0000000086e00000, 0x0000000086e00000| Complete 
|  91|0x0000000086f00000, 0x0000000086f00000, 0x0000000087000000|  0%| F|  |TAMS 0x0000000086f00000, 0x0000000086f00000| Untracked 
|  92|0x0000000087000000, 0x0000000087000000, 0x0000000087100000|  0%| F|  |TAMS 0x0000000087000000, 0x0000000087000000| Untracked 
|  93|0x0000000087100000, 0x0000000087100000, 0x0000000087200000|  0%| F|  |TAMS 0x0000000087100000, 0x0000000087100000| Untracked 
|  94|0x0000000087200000, 0x0000000087300000, 0x0000000087300000|100%| E|  |TAMS 0x0000000087200000, 0x0000000087200000| Complete 
|  95|0x0000000087300000, 0x0000000087400000, 0x0000000087400000|100%| E|CS|TAMS 0x0000000087300000, 0x0000000087300000| Complete 
|  96|0x0000000087400000, 0x0000000087500000, 0x0000000087500000|100%| E|CS|TAMS 0x0000000087400000, 0x0000000087400000| Complete 
|  97|0x0000000087500000, 0x0000000087600000, 0x0000000087600000|100%| E|CS|TAMS 0x0000000087500000, 0x0000000087500000| Complete 
|  98|0x0000000087600000, 0x0000000087700000, 0x0000000087700000|100%| E|CS|TAMS 0x0000000087600000, 0x0000000087600000| Complete 
|  99|0x0000000087700000, 0x0000000087800000, 0x0000000087800000|100%| E|CS|TAMS 0x0000000087700000, 0x0000000087700000| Complete 
| 100|0x0000000087800000, 0x0000000087900000, 0x0000000087900000|100%| E|CS|TAMS 0x0000000087800000, 0x0000000087800000| Complete 
| 101|0x0000000087900000, 0x0000000087a00000, 0x0000000087a00000|100%| E|CS|TAMS 0x0000000087900000, 0x0000000087900000| Complete 
| 102|0x0000000087a00000, 0x0000000087b00000, 0x0000000087b00000|100%| E|CS|TAMS 0x0000000087a00000, 0x0000000087a00000| Complete 
| 103|0x0000000087b00000, 0x0000000087c00000, 0x0000000087c00000|100%| E|CS|TAMS 0x0000000087b00000, 0x0000000087b00000| Complete 
| 104|0x0000000087c00000, 0x0000000087d00000, 0x0000000087d00000|100%| E|CS|TAMS 0x0000000087c00000, 0x0000000087c00000| Complete 
| 105|0x0000000087d00000, 0x0000000087e00000, 0x0000000087e00000|100%| E|CS|TAMS 0x0000000087d00000, 0x0000000087d00000| Complete 
| 106|0x0000000087e00000, 0x0000000087f00000, 0x0000000087f00000|100%| E|CS|TAMS 0x0000000087e00000, 0x0000000087e00000| Complete 
| 107|0x0000000087f00000, 0x0000000088000000, 0x0000000088000000|100%| E|CS|TAMS 0x0000000087f00000, 0x0000000087f00000| Complete 
| 108|0x0000000088000000, 0x0000000088100000, 0x0000000088100000|100%| E|CS|TAMS 0x0000000088000000, 0x0000000088000000| Complete 
| 109|0x0000000088100000, 0x0000000088200000, 0x0000000088200000|100%| E|CS|TAMS 0x0000000088100000, 0x0000000088100000| Complete 
| 110|0x0000000088200000, 0x0000000088300000, 0x0000000088300000|100%| E|CS|TAMS 0x0000000088200000, 0x0000000088200000| Complete 
| 111|0x0000000088300000, 0x0000000088400000, 0x0000000088400000|100%| E|CS|TAMS 0x0000000088300000, 0x0000000088300000| Complete 
| 112|0x0000000088400000, 0x0000000088500000, 0x0000000088500000|100%| E|CS|TAMS 0x0000000088400000, 0x0000000088400000| Complete 
| 113|0x0000000088500000, 0x0000000088600000, 0x0000000088600000|100%| E|CS|TAMS 0x0000000088500000, 0x0000000088500000| Complete 
| 114|0x0000000088600000, 0x0000000088700000, 0x0000000088700000|100%| E|CS|TAMS 0x0000000088600000, 0x0000000088600000| Complete 
| 115|0x0000000088700000, 0x0000000088800000, 0x0000000088800000|100%| E|CS|TAMS 0x0000000088700000, 0x0000000088700000| Complete 
| 116|0x0000000088800000, 0x0000000088900000, 0x0000000088900000|100%| E|CS|TAMS 0x0000000088800000, 0x0000000088800000| Complete 
| 117|0x0000000088900000, 0x0000000088a00000, 0x0000000088a00000|100%| E|CS|TAMS 0x0000000088900000, 0x0000000088900000| Complete 
| 118|0x0000000088a00000, 0x0000000088b00000, 0x0000000088b00000|100%| E|CS|TAMS 0x0000000088a00000, 0x0000000088a00000| Complete 
| 119|0x0000000088b00000, 0x0000000088c00000, 0x0000000088c00000|100%| E|CS|TAMS 0x0000000088b00000, 0x0000000088b00000| Complete 
| 120|0x0000000088c00000, 0x0000000088d00000, 0x0000000088d00000|100%| E|CS|TAMS 0x0000000088c00000, 0x0000000088c00000| Complete 
| 121|0x0000000088d00000, 0x0000000088e00000, 0x0000000088e00000|100%| E|CS|TAMS 0x0000000088d00000, 0x0000000088d00000| Complete 
| 122|0x0000000088e00000, 0x0000000088f00000, 0x0000000088f00000|100%| E|CS|TAMS 0x0000000088e00000, 0x0000000088e00000| Complete 
| 123|0x0000000088f00000, 0x0000000089000000, 0x0000000089000000|100%| E|CS|TAMS 0x0000000088f00000, 0x0000000088f00000| Complete 
| 124|0x0000000089000000, 0x0000000089100000, 0x0000000089100000|100%| E|CS|TAMS 0x0000000089000000, 0x0000000089000000| Complete 
| 125|0x0000000089100000, 0x0000000089200000, 0x0000000089200000|100%| E|CS|TAMS 0x0000000089100000, 0x0000000089100000| Complete 
| 126|0x0000000089200000, 0x0000000089300000, 0x0000000089300000|100%| E|CS|TAMS 0x0000000089200000, 0x0000000089200000| Complete 
| 127|0x0000000089300000, 0x0000000089400000, 0x0000000089400000|100%| E|CS|TAMS 0x0000000089300000, 0x0000000089300000| Complete 
| 128|0x0000000089400000, 0x0000000089500000, 0x0000000089500000|100%| E|CS|TAMS 0x0000000089400000, 0x0000000089400000| Complete 
| 129|0x0000000089500000, 0x0000000089600000, 0x0000000089600000|100%| E|CS|TAMS 0x0000000089500000, 0x0000000089500000| Complete 
| 130|0x0000000089600000, 0x0000000089700000, 0x0000000089700000|100%| E|CS|TAMS 0x0000000089600000, 0x0000000089600000| Complete 
| 131|0x0000000089700000, 0x0000000089800000, 0x0000000089800000|100%| E|CS|TAMS 0x0000000089700000, 0x0000000089700000| Complete 
| 132|0x0000000089800000, 0x0000000089900000, 0x0000000089900000|100%| E|CS|TAMS 0x0000000089800000, 0x0000000089800000| Complete 
| 133|0x0000000089900000, 0x0000000089a00000, 0x0000000089a00000|100%| E|CS|TAMS 0x0000000089900000, 0x0000000089900000| Complete 
| 134|0x0000000089a00000, 0x0000000089b00000, 0x0000000089b00000|100%| E|CS|TAMS 0x0000000089a00000, 0x0000000089a00000| Complete 
| 135|0x0000000089b00000, 0x0000000089c00000, 0x0000000089c00000|100%| E|CS|TAMS 0x0000000089b00000, 0x0000000089b00000| Complete 
| 136|0x0000000089c00000, 0x0000000089d00000, 0x0000000089d00000|100%| E|CS|TAMS 0x0000000089c00000, 0x0000000089c00000| Complete 
| 137|0x0000000089d00000, 0x0000000089e00000, 0x0000000089e00000|100%| E|CS|TAMS 0x0000000089d00000, 0x0000000089d00000| Complete 
| 138|0x0000000089e00000, 0x0000000089f00000, 0x0000000089f00000|100%| E|CS|TAMS 0x0000000089e00000, 0x0000000089e00000| Complete 
| 139|0x0000000089f00000, 0x000000008a000000, 0x000000008a000000|100%| E|CS|TAMS 0x0000000089f00000, 0x0000000089f00000| Complete 
| 140|0x000000008a000000, 0x000000008a100000, 0x000000008a100000|100%| E|CS|TAMS 0x000000008a000000, 0x000000008a000000| Complete 
| 141|0x000000008a100000, 0x000000008a200000, 0x000000008a200000|100%| E|CS|TAMS 0x000000008a100000, 0x000000008a100000| Complete 
| 142|0x000000008a200000, 0x000000008a300000, 0x000000008a300000|100%| E|CS|TAMS 0x000000008a200000, 0x000000008a200000| Complete 
| 143|0x000000008a300000, 0x000000008a400000, 0x000000008a400000|100%| E|CS|TAMS 0x000000008a300000, 0x000000008a300000| Complete 
| 144|0x000000008a400000, 0x000000008a500000, 0x000000008a500000|100%| E|CS|TAMS 0x000000008a400000, 0x000000008a400000| Complete 
| 145|0x000000008a500000, 0x000000008a600000, 0x000000008a600000|100%| E|CS|TAMS 0x000000008a500000, 0x000000008a500000| Complete 
| 146|0x000000008a600000, 0x000000008a700000, 0x000000008a700000|100%| E|CS|TAMS 0x000000008a600000, 0x000000008a600000| Complete 
| 147|0x000000008a700000, 0x000000008a800000, 0x000000008a800000|100%| E|CS|TAMS 0x000000008a700000, 0x000000008a700000| Complete 
| 148|0x000000008a800000, 0x000000008a900000, 0x000000008a900000|100%| E|CS|TAMS 0x000000008a800000, 0x000000008a800000| Complete 
| 149|0x000000008a900000, 0x000000008aa00000, 0x000000008aa00000|100%| E|CS|TAMS 0x000000008a900000, 0x000000008a900000| Complete 
| 150|0x000000008aa00000, 0x000000008ab00000, 0x000000008ab00000|100%| E|CS|TAMS 0x000000008aa00000, 0x000000008aa00000| Complete 
| 151|0x000000008ab00000, 0x000000008ac00000, 0x000000008ac00000|100%| E|CS|TAMS 0x000000008ab00000, 0x000000008ab00000| Complete 
| 152|0x000000008ac00000, 0x000000008ad00000, 0x000000008ad00000|100%| E|CS|TAMS 0x000000008ac00000, 0x000000008ac00000| Complete 
| 153|0x000000008ad00000, 0x000000008ae00000, 0x000000008ae00000|100%| E|CS|TAMS 0x000000008ad00000, 0x000000008ad00000| Complete 

Card table byte_map: [0x0000022531650000,0x0000022531a50000] _byte_map_base: 0x0000022531246000

Marking Bits (Prev, Next): (CMBitMap*) 0x000002251e78c170, (CMBitMap*) 0x000002251e78c138
 Prev Bits: [0x0000022533e00000, 0x0000022535db0000)
 Next Bits: [0x0000022531e50000, 0x0000022533e00000)

Polling page: 0x000002251df20000

Metaspace:

Usage:
  Non-class:     56.60 MB capacity,    56.11 MB (>99%) used,   393.60 KB ( <1%) free+waste,   112.25 KB ( <1%) overhead. 
      Class:      7.29 MB capacity,     6.98 MB ( 96%) used,   265.95 KB (  4%) free+waste,    48.38 KB ( <1%) overhead. 
       Both:     63.89 MB capacity,    63.09 MB ( 99%) used,   659.55 KB (  1%) free+waste,   160.63 KB ( <1%) overhead. 

Virtual space:
  Non-class space:       58.00 MB reserved,      56.75 MB ( 98%) committed 
      Class space:        1.00 GB reserved,       7.38 MB ( <1%) committed 
             Both:        1.06 GB reserved,      64.13 MB (  6%) committed 

Chunk freelists:
   Non-Class:  23.00 KB
       Class:  26.00 KB
        Both:  49.00 KB

MaxMetaspaceSize: 17179869184.00 GB
CompressedClassSpaceSize: 1.00 GB
Initial GC threshold: 20.80 MB
Current GC threshold: 77.29 MB
CDS: off

CodeHeap 'non-profiled nmethods': size=120064Kb used=4384Kb max_used=4384Kb free=115679Kb
 bounds [0x0000022529d10000, 0x000002252a160000, 0x0000022531250000]
CodeHeap 'profiled nmethods': size=120000Kb used=28893Kb max_used=28893Kb free=91106Kb
 bounds [0x00000225227e0000, 0x0000022524420000, 0x0000022529d10000]
CodeHeap 'non-nmethods': size=5696Kb used=1302Kb max_used=1363Kb free=4393Kb
 bounds [0x0000022522250000, 0x00000225224c0000, 0x00000225227e0000]
 total_blobs=10497 nmethods=9914 adapters=494
 compilation: enabled
              stopped_count=0, restarted_count=0
 full_count=0

Compilation events (20 events):
Event: 16.800 Thread 0x00000225382e2000 9968       3       org.jetbrains.kotlin.com.intellij.openapi.util.RecursionManager::createGuard (9 bytes)
Event: 16.800 Thread 0x00000225382e2000 nmethod 9968 0x00000225243f1f10 code [0x00000225243f20e0, 0x00000225243f2398]
Event: 16.800 Thread 0x00000225382e2000 9969       3       org.jetbrains.kotlin.com.intellij.openapi.util.RecursionManager$1::<init> (10 bytes)
Event: 16.800 Thread 0x00000225382e2000 nmethod 9969 0x00000225243f2490 code [0x00000225243f2640, 0x00000225243f2858]
Event: 16.800 Thread 0x00000225382e2000 9970       3       org.jetbrains.kotlin.com.intellij.openapi.util.RecursionManager::doPreventingRecursion (25 bytes)
Event: 16.802 Thread 0x00000225382e2000 nmethod 9970 0x00000225243f2990 code [0x00000225243f2c40, 0x00000225243f3898]
Event: 16.802 Thread 0x00000225382e2000 9965       3       org.jetbrains.kotlin.com.intellij.util.containers.JBIterable::asIterable (22 bytes)
Event: 16.802 Thread 0x00000225382e2000 nmethod 9965 0x00000225243f3d10 code [0x00000225243f3ee0, 0x00000225243f4258]
Event: 16.802 Thread 0x00000225382e2000 9974       1       org.jetbrains.kotlin.com.intellij.psi.impl.file.PsiBinaryFileImpl::getManager (5 bytes)
Event: 16.802 Thread 0x00000225382e2000 nmethod 9974 0x000002252a157b90 code [0x000002252a157d40, 0x000002252a157df8]
Event: 16.802 Thread 0x00000225382e2000 9976       3       org.jetbrains.kotlin.com.intellij.util.containers.JBIterator$1::nextImpl (29 bytes)
Event: 16.803 Thread 0x00000225382e2000 nmethod 9976 0x00000225243f4310 code [0x00000225243f4500, 0x00000225243f48b8]
Event: 16.803 Thread 0x00000225382e2000 9977       3       org.jetbrains.kotlin.com.intellij.psi.impl.source.PsiFileImpl::getModificationStamp (51 bytes)
Event: 16.803 Thread 0x00000225382e2000 nmethod 9977 0x00000225243f4a10 code [0x00000225243f4c00, 0x00000225243f50f8]
Event: 16.803 Thread 0x00000225382e2000 9978       3       org.jetbrains.kotlin.com.intellij.psi.impl.source.PsiJavaCodeReferenceElementImpl::resolve (11 bytes)
Event: 16.804 Thread 0x00000225382e2000 nmethod 9978 0x00000225243f5290 code [0x00000225243f54a0, 0x00000225243f5958]
Event: 16.804 Thread 0x00000225382e2000 9979       3       org.jetbrains.kotlin.com.intellij.psi.impl.compiled.ClsRepositoryPsiElement::getContainingFile (32 bytes)
Event: 16.805 Thread 0x00000225382e2000 nmethod 9979 0x00000225243f5b10 code [0x00000225243f5d00, 0x00000225243f6218]
Event: 16.805 Thread 0x00000225382e2000 9980       3       org.jetbrains.kotlin.load.java.structure.impl.JavaElementUtil::getRegularAndExternalAnnotations (60 bytes)
Event: 16.806 Thread 0x00000225382e2000 nmethod 9980 0x00000225243f6390 code [0x00000225243f6620, 0x00000225243f6fd8]

GC Heap History (16 events):
Event: 0.889 GC heap before
{Heap before GC invocations=0 (full 0):
 garbage-first heap   total 131072K, used 17408K [0x0000000081400000, 0x0000000100000000)
  region size 1024K, 14 young (14336K), 0 survivors (0K)
 Metaspace       used 9805K, capacity 9874K, committed 10112K, reserved 1058816K
  class space    used 838K, capacity 885K, committed 896K, reserved 1048576K
}
Event: 0.895 GC heap after
{Heap after GC invocations=1 (full 0):
 garbage-first heap   total 131072K, used 5217K [0x0000000081400000, 0x0000000100000000)
  region size 1024K, 2 young (2048K), 2 survivors (2048K)
 Metaspace       used 9805K, capacity 9874K, committed 10112K, reserved 1058816K
  class space    used 838K, capacity 885K, committed 896K, reserved 1048576K
}
Event: 2.737 GC heap before
{Heap before GC invocations=1 (full 0):
 garbage-first heap   total 131072K, used 50273K [0x0000000081400000, 0x0000000100000000)
  region size 1024K, 47 young (48128K), 2 survivors (2048K)
 Metaspace       used 20797K, capacity 20990K, committed 21248K, reserved 1069056K
  class space    used 2199K, capacity 2280K, committed 2304K, reserved 1048576K
}
Event: 2.758 GC heap after
{Heap after GC invocations=2 (full 0):
 garbage-first heap   total 131072K, used 9058K [0x0000000081400000, 0x0000000100000000)
  region size 1024K, 6 young (6144K), 6 survivors (6144K)
 Metaspace       used 20797K, capacity 20990K, committed 21248K, reserved 1069056K
  class space    used 2199K, capacity 2280K, committed 2304K, reserved 1048576K
}
Event: 4.700 GC heap before
{Heap before GC invocations=3 (full 0):
 garbage-first heap   total 131072K, used 62306K [0x0000000081400000, 0x0000000100000000)
  region size 1024K, 53 young (54272K), 6 survivors (6144K)
 Metaspace       used 32010K, capacity 32478K, committed 32640K, reserved 1077248K
  class space    used 3984K, capacity 4183K, committed 4224K, reserved 1048576K
}
Event: 4.727 GC heap after
{Heap after GC invocations=4 (full 0):
 garbage-first heap   total 131072K, used 20756K [0x0000000081400000, 0x0000000100000000)
  region size 1024K, 7 young (7168K), 7 survivors (7168K)
 Metaspace       used 32010K, capacity 32478K, committed 32640K, reserved 1077248K
  class space    used 3984K, capacity 4183K, committed 4224K, reserved 1048576K
}
Event: 5.127 GC heap before
{Heap before GC invocations=4 (full 0):
 garbage-first heap   total 131072K, used 35092K [0x0000000081400000, 0x0000000100000000)
  region size 1024K, 22 young (22528K), 7 survivors (7168K)
 Metaspace       used 35018K, capacity 35433K, committed 35584K, reserved 1081344K
  class space    used 4307K, capacity 4507K, committed 4608K, reserved 1048576K
}
Event: 5.140 GC heap after
{Heap after GC invocations=5 (full 0):
 garbage-first heap   total 131072K, used 20390K [0x0000000081400000, 0x0000000100000000)
  region size 1024K, 2 young (2048K), 2 survivors (2048K)
 Metaspace       used 35018K, capacity 35433K, committed 35584K, reserved 1081344K
  class space    used 4307K, capacity 4507K, committed 4608K, reserved 1048576K
}
Event: 6.774 GC heap before
{Heap before GC invocations=6 (full 0):
 garbage-first heap   total 131072K, used 76710K [0x0000000081400000, 0x0000000100000000)
  region size 1024K, 55 young (56320K), 2 survivors (2048K)
 Metaspace       used 46402K, capacity 46922K, committed 47232K, reserved 1091584K
  class space    used 5459K, capacity 5642K, committed 5760K, reserved 1048576K
}
Event: 6.802 GC heap after
{Heap after GC invocations=7 (full 0):
 garbage-first heap   total 157696K, used 27229K [0x0000000081400000, 0x0000000100000000)
  region size 1024K, 7 young (7168K), 7 survivors (7168K)
 Metaspace       used 46402K, capacity 46922K, committed 47232K, reserved 1091584K
  class space    used 5459K, capacity 5642K, committed 5760K, reserved 1048576K
}
Event: 8.638 GC heap before
{Heap before GC invocations=8 (full 0):
 garbage-first heap   total 157696K, used 92765K [0x0000000081400000, 0x0000000100000000)
  region size 1024K, 70 young (71680K), 7 survivors (7168K)
 Metaspace       used 54200K, capacity 54879K, committed 55040K, reserved 1097728K
  class space    used 6331K, capacity 6613K, committed 6656K, reserved 1048576K
}
Event: 8.668 GC heap after
{Heap after GC invocations=9 (full 0):
 garbage-first heap   total 157696K, used 34579K [0x0000000081400000, 0x0000000100000000)
  region size 1024K, 8 young (8192K), 8 survivors (8192K)
 Metaspace       used 54200K, capacity 54879K, committed 55040K, reserved 1097728K
  class space    used 6331K, capacity 6613K, committed 6656K, reserved 1048576K
}
Event: 11.069 GC heap before
{Heap before GC invocations=9 (full 0):
 garbage-first heap   total 157696K, used 101139K [0x0000000081400000, 0x0000000100000000)
  region size 1024K, 73 young (74752K), 8 survivors (8192K)
 Metaspace       used 56530K, capacity 57218K, committed 57472K, reserved 1099776K
  class space    used 6461K, capacity 6752K, committed 6784K, reserved 1048576K
}
Event: 11.111 GC heap after
{Heap after GC invocations=10 (full 0):
 garbage-first heap   total 157696K, used 44369K [0x0000000081400000, 0x0000000100000000)
  region size 1024K, 10 young (10240K), 10 survivors (10240K)
 Metaspace       used 56530K, capacity 57218K, committed 57472K, reserved 1099776K
  class space    used 6461K, capacity 6752K, committed 6784K, reserved 1048576K
}
Event: 13.186 GC heap before
{Heap before GC invocations=10 (full 0):
 garbage-first heap   total 157696K, used 108881K [0x0000000081400000, 0x0000000100000000)
  region size 1024K, 73 young (74752K), 10 survivors (10240K)
 Metaspace       used 59996K, capacity 60678K, committed 60928K, reserved 1103872K
  class space    used 6777K, capacity 7067K, committed 7168K, reserved 1048576K
}
Event: 13.222 GC heap after
{Heap after GC invocations=11 (full 0):
 garbage-first heap   total 157696K, used 48963K [0x0000000081400000, 0x0000000100000000)
  region size 1024K, 4 young (4096K), 4 survivors (4096K)
 Metaspace       used 59996K, capacity 60678K, committed 60928K, reserved 1103872K
  class space    used 6777K, capacity 7067K, committed 7168K, reserved 1048576K
}

Deoptimization events (20 events):
Event: 16.293 Thread 0x000002251e74a800 Uncommon trap: trap_request=0xffffff6e fr.pc=0x000002252a12daec relative=0x000000000000322c
Event: 16.293 Thread 0x000002251e74a800 Uncommon trap: reason=speculate_class_check action=maybe_recompile pc=0x000002252a12daec method=org.jetbrains.kotlin.types.checker.ClassicTypeSystemContext$DefaultImpls.typeDepth(Lorg/jetbrains/kotlin/types/checker/ClassicTypeSystemContext;Lorg/jetbrains/
Event: 16.293 Thread 0x000002251e74a800 DEOPT PACKING pc=0x000002252a12daec sp=0x000000a3093faa10
Event: 16.293 Thread 0x000002251e74a800 DEOPT UNPACKING pc=0x000002252229a1af sp=0x000000a3093fa718 mode 2
Event: 16.293 Thread 0x000002251e74a800 Uncommon trap: trap_request=0xffffff6e fr.pc=0x000002252a12daec relative=0x000000000000322c
Event: 16.293 Thread 0x000002251e74a800 Uncommon trap: reason=speculate_class_check action=maybe_recompile pc=0x000002252a12daec method=org.jetbrains.kotlin.types.checker.ClassicTypeSystemContext$DefaultImpls.typeDepth(Lorg/jetbrains/kotlin/types/checker/ClassicTypeSystemContext;Lorg/jetbrains/
Event: 16.293 Thread 0x000002251e74a800 DEOPT PACKING pc=0x000002252a12daec sp=0x000000a3093faa10
Event: 16.294 Thread 0x000002251e74a800 DEOPT UNPACKING pc=0x000002252229a1af sp=0x000000a3093fa718 mode 2
Event: 16.294 Thread 0x000002251e74a800 Uncommon trap: trap_request=0xffffff6e fr.pc=0x000002252a12daec relative=0x000000000000322c
Event: 16.294 Thread 0x000002251e74a800 Uncommon trap: reason=speculate_class_check action=maybe_recompile pc=0x000002252a12daec method=org.jetbrains.kotlin.types.checker.ClassicTypeSystemContext$DefaultImpls.typeDepth(Lorg/jetbrains/kotlin/types/checker/ClassicTypeSystemContext;Lorg/jetbrains/
Event: 16.294 Thread 0x000002251e74a800 DEOPT PACKING pc=0x000002252a12daec sp=0x000000a3093faaa0
Event: 16.294 Thread 0x000002251e74a800 DEOPT UNPACKING pc=0x000002252229a1af sp=0x000000a3093fa7a8 mode 2
Event: 16.335 Thread 0x000002251e74a800 Uncommon trap: trap_request=0xffffff6e fr.pc=0x000002252a12daec relative=0x000000000000322c
Event: 16.335 Thread 0x000002251e74a800 Uncommon trap: reason=speculate_class_check action=maybe_recompile pc=0x000002252a12daec method=org.jetbrains.kotlin.types.checker.ClassicTypeSystemContext$DefaultImpls.typeDepth(Lorg/jetbrains/kotlin/types/checker/ClassicTypeSystemContext;Lorg/jetbrains/
Event: 16.335 Thread 0x000002251e74a800 DEOPT PACKING pc=0x000002252a12daec sp=0x000000a3093faa10
Event: 16.335 Thread 0x000002251e74a800 DEOPT UNPACKING pc=0x000002252229a1af sp=0x000000a3093fa718 mode 2
Event: 16.629 Thread 0x000002251e74a800 Uncommon trap: trap_request=0xffffffcc fr.pc=0x000002252a152ee0 relative=0x0000000000000320
Event: 16.629 Thread 0x000002251e74a800 Uncommon trap: reason=intrinsic_or_type_checked_inlining action=make_not_entrant pc=0x000002252a152ee0 method=java.util.ArrayList.toArray([Ljava/lang/Object;)[Ljava/lang/Object; @ 36 c2
Event: 16.629 Thread 0x000002251e74a800 DEOPT PACKING pc=0x000002252a152ee0 sp=0x000000a3093fd830
Event: 16.629 Thread 0x000002251e74a800 DEOPT UNPACKING pc=0x000002252229a1af sp=0x000000a3093fd810 mode 2

Classes redefined (0 events):
No events

Internal exceptions (20 events):
Event: 7.962 Thread 0x000002251e74a800 Exception <a 'java/lang/NoSuchMethodError'{0x00000000883e8420}: 'java.lang.Object java.lang.invoke.DirectMethodHandle$Holder.invokeSpecial(java.lang.Object, java.lang.Object, java.lang.Object, java.lang.Object, java.lang.Object, int)'> (0x00000000883e8420) thrown at [./src/hotspot/share/interpreter/linkResolver.cpp, line 773]
Event: 7.962 Thread 0x000002251e74a800 Exception <a 'java/lang/NoSuchMethodError'{0x00000000883ebfc0}: 'java.lang.Object java.lang.invoke.Invokers$Holder.linkToTargetMethod(java.lang.Object, java.lang.Object, java.lang.Object, int, java.lang.Object)'> (0x00000000883ebfc0) thrown at [./src/hotspot/share/interpreter/linkResolver.cpp, line 773]
Event: 8.587 Thread 0x000002251e74a800 Implicit null exception at 0x0000022529e5d27e to 0x0000022529e5d518
Event: 9.061 Thread 0x000002251e74a800 Exception <a 'java/lang/NoSuchMethodError'{0x000000008a933e68}: 'int java.lang.invoke.DirectMethodHandle$Holder.invokeInterface(java.lang.Object, java.lang.Object)'> (0x000000008a933e68) thrown at [./src/hotspot/share/interpreter/linkResolver.cpp, line 773]
Event: 9.705 Thread 0x000002251e74a800 Exception <a 'java/lang/NoSuchMethodError'{0x000000008a322420}: 'java.lang.Object java.lang.invoke.DirectMethodHandle$Holder.invokeStaticInit(java.lang.Object, java.lang.Object, java.lang.Object)'> (0x000000008a322420) thrown at [./src/hotspot/share/interpreter/linkResolver.cpp, line 773]
Event: 11.286 Thread 0x000002251e74a800 Exception <a 'java/lang/NoSuchMethodError'{0x0000000089203d48}: 'java.lang.Object java.lang.invoke.Invokers$Holder.linkToTargetMethod(java.lang.Object, java.lang.Object, java.lang.Object, int, int, java.lang.Object)'> (0x0000000089203d48) thrown at [./src/hotspot/share/interpreter/linkResolver.cpp, line 773]
Event: 11.304 Thread 0x000002251e74a800 Exception <a 'java/lang/NoSuchMethodError'{0x00000000892545d8}: 'java.lang.Object java.lang.invoke.Invokers$Holder.linkToTargetMethod(java.lang.Object, java.lang.Object, java.lang.Object, java.lang.Object, java.lang.Object, java.lang.Object)'> (0x00000000892545d8) thrown at [./src/hotspot/share/interpreter/linkResolver.cpp, line 773]
Event: 11.690 Thread 0x000002251e74a800 Implicit null exception at 0x0000022529e382cc to 0x0000022529e383a8
Event: 11.694 Thread 0x000002251e74a800 Implicit null exception at 0x0000022529df1a7c to 0x0000022529df251c
Event: 11.701 Thread 0x000002251e74a800 Implicit null exception at 0x0000022529d6c15e to 0x0000022529d6c8ca
Event: 11.701 Thread 0x000002251e74a800 Implicit null exception at 0x0000022529d6f92f to 0x0000022529d6f99d
Event: 11.729 Thread 0x000002251e74a800 Exception <a 'java/lang/NoSuchMethodError'{0x00000000883e2878}: 'java.lang.Object java.lang.invoke.DirectMethodHandle$Holder.invokeInterface(java.lang.Object, java.lang.Object, java.lang.Object)'> (0x00000000883e2878) thrown at [./src/hotspot/share/interpreter/linkResolver.cpp, line 773]
Event: 11.729 Thread 0x000002251e74a800 Exception <a 'java/lang/IncompatibleClassChangeError'{0x00000000883e5aa8}: Found class java.lang.Object, but interface was expected> (0x00000000883e5aa8) thrown at [./src/hotspot/share/interpreter/linkResolver.cpp, line 839]
Event: 11.750 Thread 0x000002251e74a800 Implicit null exception at 0x0000022529d2c077 to 0x0000022529d2c574
Event: 11.847 Thread 0x000002251e74a800 Implicit null exception at 0x0000022529d2d574 to 0x0000022529d2da88
Event: 13.485 Thread 0x000002251e74a800 Exception <a 'java/lang/NoSuchMethodError'{0x000000008aa6cf90}: 'int java.lang.invoke.DirectMethodHandle$Holder.invokeStaticInit(java.lang.Object, int)'> (0x000000008aa6cf90) thrown at [./src/hotspot/share/interpreter/linkResolver.cpp, line 773]
Event: 14.367 Thread 0x000002251e74a800 Exception <a 'java/lang/NoSuchMethodError'{0x0000000089e9e020}: 'java.lang.Object java.lang.invoke.DirectMethodHandle$Holder.invokeStatic(java.lang.Object, int, java.lang.Object, java.lang.Object)'> (0x0000000089e9e020) thrown at [./src/hotspot/share/interpreter/linkResolver.cpp, line 773]
Event: 15.010 Thread 0x000002251e74a800 Exception <a 'java/lang/NoSuchMethodError'{0x00000000894039c8}: 'int java.lang.invoke.DirectMethodHandle$Holder.invokeVirtual(java.lang.Object, java.lang.Object, java.lang.Object)'> (0x00000000894039c8) thrown at [./src/hotspot/share/interpreter/linkResolver.cpp, line 773]
Event: 15.130 Thread 0x000002251e74a800 Exception <a 'java/lang/NoSuchMethodError'{0x00000000892c0fc0}: 'void java.lang.invoke.DirectMethodHandle$Holder.invokeInterface(java.lang.Object, java.lang.Object)'> (0x00000000892c0fc0) thrown at [./src/hotspot/share/interpreter/linkResolver.cpp, line 773]
Event: 15.277 Thread 0x000002251e74a800 Exception <a 'java/lang/IncompatibleClassChangeError'{0x000000008906efc8}: Found class java.lang.Object, but interface was expected> (0x000000008906efc8) thrown at [./src/hotspot/share/interpreter/linkResolver.cpp, line 839]

Events (20 events):
Event: 15.739 Executing VM operation: ICBufferFull
Event: 15.740 Executing VM operation: ICBufferFull done
Event: 15.924 Executing VM operation: ICBufferFull
Event: 15.924 Executing VM operation: ICBufferFull done
Event: 16.279 Executing VM operation: ICBufferFull
Event: 16.279 Executing VM operation: ICBufferFull done
Event: 16.617 Executing VM operation: ICBufferFull
Event: 16.617 Executing VM operation: ICBufferFull done
Event: 16.630 loading class org/jetbrains/kotlin/resolve/constants/CompileTimeConstantKt
Event: 16.630 loading class org/jetbrains/kotlin/resolve/constants/CompileTimeConstantKt done
Event: 16.631 loading class org/jetbrains/kotlin/resolve/constants/IntegerValueTypeConstant$Companion
Event: 16.631 loading class org/jetbrains/kotlin/resolve/constants/IntegerValueTypeConstant$Companion done
Event: 16.631 loading class org/jetbrains/kotlin/types/ErrorUtils$ThrowingScope
Event: 16.631 loading class org/jetbrains/kotlin/types/ErrorUtils$ThrowingScope done
Event: 16.632 loading class org/jetbrains/kotlin/resolve/constants/IntegerLiteralTypeConstructor$supertypes$2
Event: 16.632 loading class org/jetbrains/kotlin/resolve/constants/IntegerLiteralTypeConstructor$supertypes$2 done
Event: 16.633 loading class org/jetbrains/kotlin/resolve/constants/PrimitiveTypeUtilKt
Event: 16.633 loading class org/jetbrains/kotlin/resolve/constants/PrimitiveTypeUtilKt done
Event: 16.633 loading class org/jetbrains/kotlin/resolve/constants/IntegerLiteralTypeConstructor$valueToString$1
Event: 16.633 loading class org/jetbrains/kotlin/resolve/constants/IntegerLiteralTypeConstructor$valueToString$1 done


Dynamic libraries:
0x00007ff781a40000 - 0x00007ff781a4a000 	C:\Program Files\Android\Android Studio\jre\bin\java.exe
0x00007ffe4a4f0000 - 0x00007ffe4a704000 	C:\WINDOWS\SYSTEM32\ntdll.dll
0x00007ffe48670000 - 0x00007ffe48732000 	C:\WINDOWS\System32\KERNEL32.DLL
0x00007ffe47ca0000 - 0x00007ffe4803c000 	C:\WINDOWS\System32\KERNELBASE.dll
0x00007ffe48110000 - 0x00007ffe48221000 	C:\WINDOWS\System32\ucrtbase.dll
0x00007ffe41150000 - 0x00007ffe41167000 	C:\Program Files\Android\Android Studio\jre\bin\VCRUNTIME140.dll
0x00007ffe441e0000 - 0x00007ffe441f9000 	C:\Program Files\Android\Android Studio\jre\bin\jli.dll
0x00007ffe484b0000 - 0x00007ffe4865a000 	C:\WINDOWS\System32\USER32.dll
0x00007ffe2ab40000 - 0x00007ffe2adce000 	C:\WINDOWS\WinSxS\amd64_microsoft.windows.common-controls_6595b64144ccf1df_6.0.22621.608_none_a9444ca7c10bb01d\COMCTL32.dll
0x00007ffe480e0000 - 0x00007ffe48106000 	C:\WINDOWS\System32\win32u.dll
0x00007ffe483a0000 - 0x00007ffe48447000 	C:\WINDOWS\System32\msvcrt.dll
0x00007ffe48470000 - 0x00007ffe48499000 	C:\WINDOWS\System32\GDI32.dll
0x00007ffe47b00000 - 0x00007ffe47c12000 	C:\WINDOWS\System32\gdi32full.dll
0x00007ffe48040000 - 0x00007ffe480da000 	C:\WINDOWS\System32\msvcp_win.dll
0x00007ffe499c0000 - 0x00007ffe499f1000 	C:\WINDOWS\System32\IMM32.DLL
0x00007ffe29300000 - 0x00007ffe2939d000 	C:\Program Files\Android\Android Studio\jre\bin\msvcp140.dll
0x00007ffdcd310000 - 0x00007ffdcddf5000 	C:\Program Files\Android\Android Studio\jre\bin\server\jvm.dll
0x00007ffe48830000 - 0x00007ffe488de000 	C:\WINDOWS\System32\ADVAPI32.dll
0x00007ffe482f0000 - 0x00007ffe48394000 	C:\WINDOWS\System32\sechost.dll
0x00007ffe49500000 - 0x00007ffe49615000 	C:\WINDOWS\System32\RPCRT4.dll
0x00007ffe48660000 - 0x00007ffe48668000 	C:\WINDOWS\System32\PSAPI.DLL
0x00007ffe2dc80000 - 0x00007ffe2dc89000 	C:\WINDOWS\SYSTEM32\WSOCK32.dll
0x00007ffe3fe20000 - 0x00007ffe3fe54000 	C:\WINDOWS\SYSTEM32\WINMM.dll
0x00007ffe488e0000 - 0x00007ffe48951000 	C:\WINDOWS\System32\WS2_32.dll
0x00007ffe408e0000 - 0x00007ffe408ea000 	C:\WINDOWS\SYSTEM32\VERSION.dll
0x00007ffe46a90000 - 0x00007ffe46aa8000 	C:\WINDOWS\SYSTEM32\kernel.appcore.dll
0x00007ffe2dc60000 - 0x00007ffe2dc71000 	C:\Program Files\Android\Android Studio\jre\bin\verify.dll
0x00007ffe45530000 - 0x00007ffe4575e000 	C:\WINDOWS\SYSTEM32\DBGHELP.DLL
0x00007ffe49630000 - 0x00007ffe499b9000 	C:\WINDOWS\System32\combase.dll
0x00007ffe49280000 - 0x00007ffe49357000 	C:\WINDOWS\System32\OLEAUT32.dll
0x00007ffe28f20000 - 0x00007ffe28f52000 	C:\WINDOWS\SYSTEM32\dbgcore.DLL
0x00007ffe47c20000 - 0x00007ffe47c9b000 	C:\WINDOWS\System32\bcryptPrimitives.dll
0x00007ffdfb120000 - 0x00007ffdfb149000 	C:\Program Files\Android\Android Studio\jre\bin\java.dll
0x00007ffdfb110000 - 0x00007ffdfb11b000 	C:\Program Files\Android\Android Studio\jre\bin\jimage.dll
0x00007ffdfb0f0000 - 0x00007ffdfb108000 	C:\Program Files\Android\Android Studio\jre\bin\zip.dll
0x00007ffe48aa0000 - 0x00007ffe4927d000 	C:\WINDOWS\System32\SHELL32.dll
0x00007ffe45990000 - 0x00007ffe46246000 	C:\WINDOWS\SYSTEM32\windows.storage.dll
0x00007ffe45850000 - 0x00007ffe4598d000 	C:\WINDOWS\SYSTEM32\wintypes.dll
0x00007ffe49d70000 - 0x00007ffe49e61000 	C:\WINDOWS\System32\SHCORE.dll
0x00007ffe49bc0000 - 0x00007ffe49c1e000 	C:\WINDOWS\System32\shlwapi.dll
0x00007ffe47850000 - 0x00007ffe47871000 	C:\WINDOWS\SYSTEM32\profapi.dll
0x00007ffdfb0d0000 - 0x00007ffdfb0ea000 	C:\Program Files\Android\Android Studio\jre\bin\net.dll
0x00007ffe3fa80000 - 0x00007ffe3fbaf000 	C:\WINDOWS\SYSTEM32\WINHTTP.dll
0x00007ffe46ef0000 - 0x00007ffe46f59000 	C:\WINDOWS\system32\mswsock.dll
0x00007ffdfb0b0000 - 0x00007ffdfb0c4000 	C:\Program Files\Android\Android Studio\jre\bin\nio.dll

dbghelp: loaded successfully - version: 4.0.5 - missing functions: none
symbol engine: initialized successfully - sym options: 0x614 - pdb path: .;C:\Program Files\Android\Android Studio\jre\bin;C:\WINDOWS\SYSTEM32;C:\WINDOWS\WinSxS\amd64_microsoft.windows.common-controls_6595b64144ccf1df_6.0.22621.608_none_a9444ca7c10bb01d;C:\Program Files\Android\Android Studio\jre\bin\server

VM Arguments:
java_command: org.jetbrains.kotlin.cli.jvm.K2JVMCompiler @C:\Users\jeova\Desktop\Nueva carpeta\ProyectoEquipo4(8)\ProyectoEquipo4\app\build\20221012_13386920235916967175.compiler.options
java_class_path (initial): C:\Users\jeova\.gradle\caches\modules-2\files-2.1\org.jetbrains.kotlin\kotlin-compiler-embeddable\1.6.10\88f2073f4020cdb83132cfe940ceb9a60aba54ea\kotlin-compiler-embeddable-1.6.10.jar;C:\Users\jeova\.gradle\caches\modules-2\files-2.1\org.jetbrains.kotlin\kotlin-reflect\1.6.10\1cbe9c92c12a94eea200d23c2bbaedaf3daf5132\kotlin-reflect-1.6.10.jar;C:\Users\jeova\.gradle\caches\modules-2\files-2.1\org.jetbrains.kotlin\kotlin-stdlib\1.6.10\b8af3fe6f1ca88526914929add63cf5e7c5049af\kotlin-stdlib-1.6.10.jar;C:\Users\jeova\.gradle\caches\modules-2\files-2.1\org.jetbrains.kotlin\kotlin-script-runtime\1.6.10\d0a7ff2e2500ef497ed0214ae40ad3c8387a6164\kotlin-script-runtime-1.6.10.jar;C:\Users\jeova\.gradle\caches\modules-2\files-2.1\org.jetbrains.kotlin\kotlin-daemon-embeddable\1.6.10\a56d79bcbea411fa6058e4ecffc2de73e742bd2a\kotlin-daemon-embeddable-1.6.10.jar;C:\Users\jeova\.gradle\caches\modules-2\files-2.1\org.jetbrains.intellij.deps\trove4j\1.0.20181211\216c2e14b070f334479d800987affe4054cd563f\trove4j-1.0.20181211.jar;C:\Users\jeova\.gradle\caches\modules-2\files-2.1\net.java.dev.jna\jna\5.6.0\330f2244e9030119ab3030fc3fededc86713d9cc\jna-5.6.0.jar;C:\Users\jeova\.gradle\caches\modules-2\files-2.1\org.jetbrains\annotations\13.0\919f0dfe192fb4e063e7dacadee7f8bb9a2672a9\annotations-13.0.jar;C:\Users\jeova\.gradle\caches\modules-2\files-2.1\org.jetbrains.kotlin\kotlin-stdlib-common\1.6.10\c118700e3a33c8a0d9adc920e9dec0831171925\kotlin-stdlib-common-1.6.10.jar
Launcher Type: SUN_STANDARD

[Global flags]
     intx CICompilerCount                          = 3                                         {product} {ergonomic}
     uint ConcGCThreads                            = 1                                         {product} {ergonomic}
     uint G1ConcRefinementThreads                  = 4                                         {product} {ergonomic}
   size_t G1HeapRegionSize                         = 1048576                                   {product} {ergonomic}
    uintx GCDrainStackTargetSize                   = 64                                        {product} {ergonomic}
   size_t InitialHeapSize                          = 134217728                                 {product} {ergonomic}
   size_t MarkStackSize                            = 4194304                                   {product} {ergonomic}
   size_t MaxHeapSize                              = 2126512128                                {product} {ergonomic}
   size_t MaxNewSize                               = 1275068416                                {product} {ergonomic}
   size_t MinHeapDeltaBytes                        = 1048576                                   {product} {ergonomic}
    uintx NonNMethodCodeHeapSize                   = 5830732                                {pd product} {ergonomic}
    uintx NonProfiledCodeHeapSize                  = 122913754                              {pd product} {ergonomic}
    uintx ProfiledCodeHeapSize                     = 122913754                              {pd product} {ergonomic}
    uintx ReservedCodeCacheSize                    = 251658240                              {pd product} {ergonomic}
     bool SegmentedCodeCache                       = true                                      {product} {ergonomic}
     bool UseCompressedClassPointers               = true                                 {lp64_product} {ergonomic}
     bool UseCompressedOops                        = true                                 {lp64_product} {ergonomic}
     bool UseG1GC                                  = true                                      {product} {ergonomic}
     bool UseLargePagesIndividualAllocation        = false                                  {pd product} {ergonomic}

Logging:
Log output configuration:
 #0: stdout all=warning uptime,level,tags
 #1: stderr all=off uptime,level,tags

Environment Variables:
PATH=C:\Program Files (x86)\Common Files\Oracle\Java\javapath;C:\WINDOWS\system32;C:\WINDOWS;C:\WINDOWS\System32\Wbem;C:\WINDOWS\System32\WindowsPowerShell\v1.0\;C:\WINDOWS\System32\OpenSSH\;C:\Program Files\MATLAB\R2020b\bin;C:\Program Files\dotnet\;C:\Program Files\Microsoft SQL Server\Client SDK\ODBC\170\Tools\Binn\;C:\Program Files\Azure Data Studio\bin;C:\Program Files\nodejs\;C:\Program Files (x86)\Microsoft SQL Server\150\DTS\Binn\;C:\Program Files (x86)\Microsoft SQL Server\150\Tools\Binn\;C:\Program Files\Microsoft SQL Server\150\Tools\Binn\;C:\Program Files\Microsoft SQL Server\150\DTS\Binn\;C:\Program Files\Microsoft SQL Server\130\Tools\Binn\;C:\Program Files (x86)\dotnet\;C:\Program Files\Git\cmd;C:\Program Files\Intel\Intel(R) Memory and Storage Tool\;C:\Users\jeova\AppData\Local\Programs\Python\Python39\Scripts\;C:\Users\jeova\AppData\Local\Programs\Python\Python39\;C:\Users\jeova\AppData\Local\Microsoft\WindowsApps;C:\Users\jeova\AppData\Local\Programs\Microsoft VS Code\bin;C:\Users\jeova\.dotnet\tools;C:\Program Files\Azure Data Studio\bin;C:\Users\jeova\AppData\Roaming\npm;C:\Users\jeova\AppData\Local\GitHubDesktop\bin;C:\Users\jeova\OneDrive\Escritorio\ESCRITORIO\CEM;
USERNAME=jeova
OS=Windows_NT
PROCESSOR_IDENTIFIER=Intel64 Family 6 Model 142 Stepping 10, GenuineIntel



---------------  S Y S T E M  ---------------

OS: Windows 10 , 64 bit Build 22621 (10.0.22621.608)
OS uptime: 0 days 1:20 hours

CPU:total 4 (initial active 4) (2 cores per cpu, 2 threads per core) family 6 model 142 stepping 10 microcode 0xe0, cmov, cx8, fxsr, mmx, sse, sse2, sse3, ssse3, sse4.1, sse4.2, popcnt, avx, avx2, aes, clmul, erms, 3dnowpref, lzcnt, ht, tsc, tscinvbit, bmi1, bmi2, adx, fma

Memory: 4k page, system-wide physical 8107M (604M free)
TotalPageFile size 8107M (AvailPageFile size 5M)
current process WorkingSet (physical memory assigned to process): 332M, peak: 332M
current process commit charge ("private bytes"): 385M, peak: 387M

vm_info: OpenJDK 64-Bit Server VM (11.0.12+7-b1504.28-7817840) for windows-amd64 JRE (11.0.12+7-b1504.28-7817840), built on Oct 13 2021 22:12:33 by "builder" with MS VC++ 14.0 (VS2015)

END.
