#
# There is insufficient memory for the Java Runtime Environment to continue.
# Native memory allocation (malloc) failed to allocate 1007216 bytes for Chunk::new
# Possible reasons:
#   The system is out of physical RAM or swap space
#   The process is running with CompressedOops enabled, and the Java Heap may be blocking the growth of the native heap
# Possible solutions:
#   Reduce memory load on the system
#   Increase physical memory or swap space
#   Check if swap backing store is full
#   Decrease Java heap size (-Xmx/-Xms)
#   Decrease number of Java threads
#   Decrease Java thread stack sizes (-Xss)
#   Set larger code cache with -XX:ReservedCodeCacheSize=
#   JVM is running with Unscaled Compressed Oops mode in which the Java heap is
#     placed in the first 4GB address space. The Java Heap base address is the
#     maximum limit for the native heap growth. Please use -XX:HeapBaseMinAddress
#     to set the Java Heap base and to place the Java Heap above 4GB virtual address.
# This output file may be truncated or incomplete.
#
#  Out of Memory Error (./src/hotspot/share/memory/arena.cpp:197), pid=13644, tid=11404
#
# JRE version: OpenJDK Runtime Environment (11.0.12+7) (build 11.0.12+7-b1504.28-7817840)
# Java VM: OpenJDK 64-Bit Server VM (11.0.12+7-b1504.28-7817840, mixed mode, tiered, compressed oops, g1 gc, windows-amd64)
# No core dump will be written. Minidumps are not enabled by default on client versions of Windows
#

---------------  S U M M A R Y ------------

Command Line: --add-opens=java.base/java.util=ALL-UNNAMED --add-opens=java.base/java.lang=ALL-UNNAMED --add-opens=java.base/java.lang.invoke=ALL-UNNAMED --add-opens=java.base/java.util=ALL-UNNAMED --add-opens=java.prefs/java.util.prefs=ALL-UNNAMED --add-opens=java.prefs/java.util.prefs=ALL-UNNAMED --add-opens=java.base/java.nio.charset=ALL-UNNAMED --add-opens=java.base/java.net=ALL-UNNAMED --add-opens=java.base/java.util.concurrent.atomic=ALL-UNNAMED -Xmx2048m -Dfile.encoding=UTF-8 -Duser.country=MX -Duser.language=es -Duser.variant org.gradle.launcher.daemon.bootstrap.GradleDaemon 7.3.3

Host: Intel(R) Core(TM) i3-7020U CPU @ 2.30GHz, 4 cores, 7G,  Windows 10 , 64 bit Build 22621 (10.0.22621.608)
Time: Thu Oct 13 19:03:46 2022 Hora de verano central (México) elapsed time: 26.973750 seconds (0d 0h 0m 26s)

---------------  T H R E A D  ---------------

Current thread (0x0000018bf8b4b800):  JavaThread "C2 CompilerThread0" daemon [_thread_in_native, id=11404, stack(0x0000002a71600000,0x0000002a71700000)]


Current CompileTask:
C2:  26973 10984       4       com.android.ide.common.blame.MergingLogPersistUtil$$Lambda$1111/0x0000000100b5d040::accept (12 bytes)

Stack: [0x0000002a71600000,0x0000002a71700000]
Native frames: (J=compiled Java code, j=interpreted, Vv=VM code, C=native code)
V  [jvm.dll+0x5fbcea]
V  [jvm.dll+0x731905]
V  [jvm.dll+0x732f1d]
V  [jvm.dll+0x7335d3]
V  [jvm.dll+0x247bf8]
V  [jvm.dll+0xc018c]
V  [jvm.dll+0xc06cc]
V  [jvm.dll+0x35b2db]
V  [jvm.dll+0x328803]
V  [jvm.dll+0x327cfa]
V  [jvm.dll+0x200602]
V  [jvm.dll+0x1ff794]
V  [jvm.dll+0x18868c]
V  [jvm.dll+0x20e0d7]
V  [jvm.dll+0x20c901]
V  [jvm.dll+0x6f9b7f]
V  [jvm.dll+0x6f26a5]
V  [jvm.dll+0x5fabf6]
C  [ucrtbase.dll+0x29363]
C  [KERNEL32.DLL+0x1244d]
C  [ntdll.dll+0x5df78]


---------------  P R O C E S S  ---------------

Threads class SMR info:
_java_thread_list=0x0000018bfc791de0, length=84, elements={
0x0000018bde599800, 0x0000018bf818d000, 0x0000018bf8191000, 0x0000018bf8b44800,
0x0000018bf8b45800, 0x0000018bf8b49000, 0x0000018bf8b4b800, 0x0000018bf8b50800,
0x0000018bf81ad000, 0x0000018bf8c8e000, 0x0000018bfa030800, 0x0000018bf8d98000,
0x0000018bfa231000, 0x0000018bfbd1d000, 0x0000018bfb477800, 0x0000018bfbb4f800,
0x0000018bfa11c000, 0x0000018bfabeb000, 0x0000018bfabe8800, 0x0000018bfabec000,
0x0000018bfabed800, 0x0000018bfabec800, 0x0000018bfabef000, 0x0000018bfabee800,
0x0000018bfabe9800, 0x0000018bfabea000, 0x0000018bfe355800, 0x0000018bfe350800,
0x0000018bfe353800, 0x0000018bfe351800, 0x0000018bfe358800, 0x0000018bfe356000,
0x0000018bfe35c800, 0x0000018bfe35a000, 0x0000018bfe35b000, 0x0000018bfe357000,
0x0000018bfe35c000, 0x0000018bfe35d800, 0x0000018bfe358000, 0x0000018bfe35e800,
0x0000018bfe35f000, 0x0000018bfc9ad800, 0x0000018bfc9af800, 0x0000018bfc9b0800,
0x0000018bfc9ae000, 0x0000018bfc9b1800, 0x0000018bfc9ab800, 0x0000018bfc9af000,
0x0000018bfc9b2000, 0x0000018bfc9ac800, 0x0000018bfc9b8800, 0x0000018bfc9b6800,
0x0000018bfc9b7000, 0x0000018bfc9b8000, 0x0000018bfc9b3000, 0x0000018bfc9b9800,
0x0000018bfc9b4000, 0x0000018bfc9ba800, 0x0000018bfc9b4800, 0x0000018bfc9b5800,
0x0000018b80103800, 0x0000018b800ff800, 0x0000018b80104000, 0x0000018b80105000,
0x0000018b80101000, 0x0000018b80106000, 0x0000018b80100000, 0x0000018b80102800,
0x0000018b80106800, 0x0000018b80107800, 0x0000018b80101800, 0x0000018b8010e000,
0x0000018b80108800, 0x0000018b8010b800, 0x0000018b80109000, 0x0000018b8010c800,
0x0000018b8010a000, 0x0000018bfc2d1800, 0x0000018b8010a800, 0x0000018bfb3ba800,
0x0000018bfb3b8000, 0x0000018bfb3b9800, 0x0000018bfb3b8800, 0x0000018bfb3b6000
}

Java Threads: ( => current thread )
  0x0000018bde599800 JavaThread "main" [_thread_blocked, id=12324, stack(0x0000002a70a00000,0x0000002a70b00000)]
  0x0000018bf818d000 JavaThread "Reference Handler" daemon [_thread_blocked, id=2760, stack(0x0000002a71100000,0x0000002a71200000)]
  0x0000018bf8191000 JavaThread "Finalizer" daemon [_thread_blocked, id=5876, stack(0x0000002a71200000,0x0000002a71300000)]
  0x0000018bf8b44800 JavaThread "Signal Dispatcher" daemon [_thread_blocked, id=10524, stack(0x0000002a71300000,0x0000002a71400000)]
  0x0000018bf8b45800 JavaThread "Attach Listener" daemon [_thread_blocked, id=13036, stack(0x0000002a71400000,0x0000002a71500000)]
  0x0000018bf8b49000 JavaThread "Service Thread" daemon [_thread_blocked, id=15108, stack(0x0000002a71500000,0x0000002a71600000)]
=>0x0000018bf8b4b800 JavaThread "C2 CompilerThread0" daemon [_thread_in_native, id=11404, stack(0x0000002a71600000,0x0000002a71700000)]
  0x0000018bf8b50800 JavaThread "C1 CompilerThread0" daemon [_thread_blocked, id=9096, stack(0x0000002a71700000,0x0000002a71800000)]
  0x0000018bf81ad000 JavaThread "Sweeper thread" daemon [_thread_blocked, id=7652, stack(0x0000002a71800000,0x0000002a71900000)]
  0x0000018bf8c8e000 JavaThread "Common-Cleaner" daemon [_thread_blocked, id=15132, stack(0x0000002a71900000,0x0000002a71a00000)]
  0x0000018bfa030800 JavaThread "Daemon health stats" [_thread_blocked, id=9716, stack(0x0000002a71e00000,0x0000002a71f00000)]
  0x0000018bf8d98000 JavaThread "Incoming local TCP Connector on port 50814" [_thread_in_native, id=12532, stack(0x0000002a71b00000,0x0000002a71c00000)]
  0x0000018bfa231000 JavaThread "Daemon periodic checks" [_thread_blocked, id=15356, stack(0x0000002a71f00000,0x0000002a72000000)]
  0x0000018bfbd1d000 JavaThread "Daemon" [_thread_blocked, id=13964, stack(0x0000002a72000000,0x0000002a72100000)]
  0x0000018bfb477800 JavaThread "Handler for socket connection from /127.0.0.1:50814 to /127.0.0.1:50815" [_thread_in_native, id=9440, stack(0x0000002a72100000,0x0000002a72200000)]
  0x0000018bfbb4f800 JavaThread "Cancel handler" [_thread_blocked, id=1612, stack(0x0000002a72200000,0x0000002a72300000)]
  0x0000018bfa11c000 JavaThread "Daemon worker" [_thread_in_Java, id=13520, stack(0x0000002a72300000,0x0000002a72400000)]
  0x0000018bfabeb000 JavaThread "Asynchronous log dispatcher for DefaultDaemonConnection: socket connection from /127.0.0.1:50814 to /127.0.0.1:50815" [_thread_blocked, id=4628, stack(0x0000002a72400000,0x0000002a72500000)]
  0x0000018bfabe8800 JavaThread "Stdin handler" [_thread_blocked, id=14648, stack(0x0000002a72500000,0x0000002a72600000)]
  0x0000018bfabec000 JavaThread "Daemon client event forwarder" [_thread_blocked, id=3580, stack(0x0000002a72600000,0x0000002a72700000)]
  0x0000018bfabed800 JavaThread "Cache worker for journal cache (C:\Users\jeova\.gradle\caches\journal-1)" [_thread_blocked, id=15024, stack(0x0000002a72900000,0x0000002a72a00000)]
  0x0000018bfabec800 JavaThread "File lock request listener" [_thread_in_native, id=2572, stack(0x0000002a72a00000,0x0000002a72b00000)]
  0x0000018bfabef000 JavaThread "Cache worker for file hash cache (C:\Users\jeova\.gradle\caches\7.3.3\fileHashes)" [_thread_blocked, id=10152, stack(0x0000002a72b00000,0x0000002a72c00000)]
  0x0000018bfabee800 JavaThread "Cache worker for file hash cache (C:\Users\jeova\Desktop\Nueva carpeta\ProyectoEquipo4(8)\ProyectoEquipo4\.gradle\7.3.3\fileHashes)" [_thread_blocked, id=4468, stack(0x0000002a72800000,0x0000002a72900000)]
  0x0000018bfabe9800 JavaThread "File watcher server" daemon [_thread_in_native, id=11332, stack(0x0000002a72d00000,0x0000002a72e00000)]
  0x0000018bfabea000 JavaThread "File watcher consumer" daemon [_thread_blocked, id=11560, stack(0x0000002a72e00000,0x0000002a72f00000)]
  0x0000018bfe355800 JavaThread "Cache worker for checksums cache (C:\Users\jeova\Desktop\Nueva carpeta\ProyectoEquipo4(8)\ProyectoEquipo4\.gradle\7.3.3\checksums)" [_thread_blocked, id=12784, stack(0x0000002a72f00000,0x0000002a73000000)]
  0x0000018bfe350800 JavaThread "Cache worker for cache directory md-supplier (C:\Users\jeova\.gradle\caches\7.3.3\md-supplier)" [_thread_blocked, id=9244, stack(0x0000002a73000000,0x0000002a73100000)]
  0x0000018bfe353800 JavaThread "Cache worker for cache directory md-rule (C:\Users\jeova\.gradle\caches\7.3.3\md-rule)" [_thread_blocked, id=3596, stack(0x0000002a73100000,0x0000002a73200000)]
  0x0000018bfe351800 JavaThread "Cache worker for execution history cache (C:\Users\jeova\.gradle\caches\7.3.3\executionHistory)" [_thread_blocked, id=7836, stack(0x0000002a73200000,0x0000002a73300000)]
  0x0000018bfe358800 JavaThread "jar transforms" [_thread_blocked, id=12796, stack(0x0000002a73300000,0x0000002a73400000)]
  0x0000018bfe356000 JavaThread "Cache worker for file content cache (C:\Users\jeova\.gradle\caches\7.3.3\fileContent)" [_thread_blocked, id=8448, stack(0x0000002a73400000,0x0000002a73500000)]
  0x0000018bfe35c800 JavaThread "jar transforms Thread 2" [_thread_blocked, id=5848, stack(0x0000002a73500000,0x0000002a73600000)]
  0x0000018bfe35a000 JavaThread "Cache worker for dependencies-accessors (C:\Users\jeova\Desktop\Nueva carpeta\ProyectoEquipo4(8)\ProyectoEquipo4\.gradle\7.3.3\dependencies-accessors)" [_thread_blocked, id=3652, stack(0x0000002a73600000,0x0000002a73700000)]
  0x0000018bfe35b000 JavaThread "jar transforms Thread 3" [_thread_blocked, id=704, stack(0x0000002a73700000,0x0000002a73800000)]
  0x0000018bfe357000 JavaThread "Cache worker for Build Output Cleanup Cache (C:\Users\jeova\Desktop\Nueva carpeta\ProyectoEquipo4(8)\ProyectoEquipo4\.gradle\buildOutputCleanup)" [_thread_blocked, id=14396, stack(0x0000002a73800000,0x0000002a73900000)]
  0x0000018bfe35c000 JavaThread "Unconstrained build operations" [_thread_blocked, id=10696, stack(0x0000002a73900000,0x0000002a73a00000)]
  0x0000018bfe35d800 JavaThread "Unconstrained build operations Thread 2" [_thread_blocked, id=10408, stack(0x0000002a73a00000,0x0000002a73b00000)]
  0x0000018bfe358000 JavaThread "Unconstrained build operations Thread 3" [_thread_blocked, id=5856, stack(0x0000002a73b00000,0x0000002a73c00000)]
  0x0000018bfe35e800 JavaThread "Unconstrained build operations Thread 4" [_thread_blocked, id=12576, stack(0x0000002a73c00000,0x0000002a73d00000)]
  0x0000018bfe35f000 JavaThread "Unconstrained build operations Thread 5" [_thread_blocked, id=5732, stack(0x0000002a73d00000,0x0000002a73e00000)]
  0x0000018bfc9ad800 JavaThread "Unconstrained build operations Thread 6" [_thread_blocked, id=4312, stack(0x0000002a73e00000,0x0000002a73f00000)]
  0x0000018bfc9af800 JavaThread "Unconstrained build operations Thread 7" [_thread_blocked, id=15088, stack(0x0000002a73f00000,0x0000002a74000000)]
  0x0000018bfc9b0800 JavaThread "Unconstrained build operations Thread 8" [_thread_blocked, id=12400, stack(0x0000002a74000000,0x0000002a74100000)]
  0x0000018bfc9ae000 JavaThread "Unconstrained build operations Thread 9" [_thread_blocked, id=7840, stack(0x0000002a74100000,0x0000002a74200000)]
  0x0000018bfc9b1800 JavaThread "Unconstrained build operations Thread 10" [_thread_blocked, id=7912, stack(0x0000002a74200000,0x0000002a74300000)]
  0x0000018bfc9ab800 JavaThread "Unconstrained build operations Thread 11" [_thread_blocked, id=10584, stack(0x0000002a74300000,0x0000002a74400000)]
  0x0000018bfc9af000 JavaThread "Unconstrained build operations Thread 12" [_thread_blocked, id=5888, stack(0x0000002a74400000,0x0000002a74500000)]
  0x0000018bfc9b2000 JavaThread "Unconstrained build operations Thread 13" [_thread_blocked, id=10992, stack(0x0000002a74500000,0x0000002a74600000)]
  0x0000018bfc9ac800 JavaThread "Unconstrained build operations Thread 14" [_thread_blocked, id=11136, stack(0x0000002a74600000,0x0000002a74700000)]
  0x0000018bfc9b8800 JavaThread "Unconstrained build operations Thread 15" [_thread_blocked, id=4452, stack(0x0000002a74700000,0x0000002a74800000)]
  0x0000018bfc9b6800 JavaThread "Unconstrained build operations Thread 16" [_thread_blocked, id=7016, stack(0x0000002a74800000,0x0000002a74900000)]
  0x0000018bfc9b7000 JavaThread "Unconstrained build operations Thread 17" [_thread_blocked, id=10036, stack(0x0000002a74900000,0x0000002a74a00000)]
  0x0000018bfc9b8000 JavaThread "Unconstrained build operations Thread 18" [_thread_blocked, id=13580, stack(0x0000002a74a00000,0x0000002a74b00000)]
  0x0000018bfc9b3000 JavaThread "Unconstrained build operations Thread 19" [_thread_blocked, id=14080, stack(0x0000002a74b00000,0x0000002a74c00000)]
  0x0000018bfc9b9800 JavaThread "Unconstrained build operations Thread 20" [_thread_blocked, id=3368, stack(0x0000002a74c00000,0x0000002a74d00000)]
  0x0000018bfc9b4000 JavaThread "Unconstrained build operations Thread 21" [_thread_blocked, id=12248, stack(0x0000002a74d00000,0x0000002a74e00000)]
  0x0000018bfc9ba800 JavaThread "Unconstrained build operations Thread 22" [_thread_blocked, id=11396, stack(0x0000002a74e00000,0x0000002a74f00000)]
  0x0000018bfc9b4800 JavaThread "Unconstrained build operations Thread 23" [_thread_blocked, id=5880, stack(0x0000002a74f00000,0x0000002a75000000)]
  0x0000018bfc9b5800 JavaThread "Unconstrained build operations Thread 24" [_thread_blocked, id=11532, stack(0x0000002a75000000,0x0000002a75100000)]
  0x0000018b80103800 JavaThread "Unconstrained build operations Thread 25" [_thread_blocked, id=13548, stack(0x0000002a75100000,0x0000002a75200000)]
  0x0000018b800ff800 JavaThread "Unconstrained build operations Thread 26" [_thread_blocked, id=13128, stack(0x0000002a75200000,0x0000002a75300000)]
  0x0000018b80104000 JavaThread "Unconstrained build operations Thread 27" [_thread_blocked, id=13012, stack(0x0000002a75300000,0x0000002a75400000)]
  0x0000018b80105000 JavaThread "Unconstrained build operations Thread 28" [_thread_blocked, id=8072, stack(0x0000002a75400000,0x0000002a75500000)]
  0x0000018b80101000 JavaThread "Unconstrained build operations Thread 29" [_thread_blocked, id=13860, stack(0x0000002a75500000,0x0000002a75600000)]
  0x0000018b80106000 JavaThread "Unconstrained build operations Thread 30" [_thread_blocked, id=10084, stack(0x0000002a75600000,0x0000002a75700000)]
  0x0000018b80100000 JavaThread "Unconstrained build operations Thread 31" [_thread_blocked, id=5376, stack(0x0000002a75700000,0x0000002a75800000)]
  0x0000018b80102800 JavaThread "Unconstrained build operations Thread 32" [_thread_blocked, id=12756, stack(0x0000002a75800000,0x0000002a75900000)]
  0x0000018b80106800 JavaThread "Unconstrained build operations Thread 33" [_thread_blocked, id=4784, stack(0x0000002a75900000,0x0000002a75a00000)]
  0x0000018b80107800 JavaThread "Unconstrained build operations Thread 34" [_thread_blocked, id=12652, stack(0x0000002a75a00000,0x0000002a75b00000)]
  0x0000018b80101800 JavaThread "Unconstrained build operations Thread 35" [_thread_blocked, id=12644, stack(0x0000002a75b00000,0x0000002a75c00000)]
  0x0000018b8010e000 JavaThread "Unconstrained build operations Thread 36" [_thread_blocked, id=9596, stack(0x0000002a75c00000,0x0000002a75d00000)]
  0x0000018b80108800 JavaThread "Unconstrained build operations Thread 37" [_thread_blocked, id=6764, stack(0x0000002a75d00000,0x0000002a75e00000)]
  0x0000018b8010b800 JavaThread "Unconstrained build operations Thread 38" [_thread_blocked, id=10608, stack(0x0000002a75e00000,0x0000002a75f00000)]
  0x0000018b80109000 JavaThread "Unconstrained build operations Thread 39" [_thread_blocked, id=14768, stack(0x0000002a75f00000,0x0000002a76000000)]
  0x0000018b8010c800 JavaThread "Unconstrained build operations Thread 40" [_thread_blocked, id=13452, stack(0x0000002a76000000,0x0000002a76100000)]
  0x0000018b8010a000 JavaThread "jar transforms Thread 4" [_thread_blocked, id=1796, stack(0x0000002a76100000,0x0000002a76200000)]
  0x0000018bfc2d1800 JavaThread "C2 CompilerThread1" daemon [_thread_in_native, id=3256, stack(0x0000002a72c00000,0x0000002a72d00000)]
  0x0000018b8010a800 JavaThread "Memory manager" [_thread_blocked, id=4048, stack(0x0000002a76200000,0x0000002a76300000)]
  0x0000018bfb3ba800 JavaThread "build event listener" [_thread_blocked, id=14960, stack(0x0000002a76300000,0x0000002a76400000)]
  0x0000018bfb3b8000 JavaThread "Execution worker for ':'" [_thread_blocked, id=9984, stack(0x0000002a76400000,0x0000002a76500000)]
  0x0000018bfb3b9800 JavaThread "Execution worker for ':' Thread 2" [_thread_blocked, id=1476, stack(0x0000002a76500000,0x0000002a76600000)]
  0x0000018bfb3b8800 JavaThread "Execution worker for ':' Thread 3" [_thread_blocked, id=14248, stack(0x0000002a76600000,0x0000002a76700000)]
  0x0000018bfb3b6000 JavaThread "Cache worker for execution history cache (C:\Users\jeova\Desktop\Nueva carpeta\ProyectoEquipo4(8)\ProyectoEquipo4\.gradle\7.3.3\executionHistory)" [_thread_blocked, id=1288, stack(0x0000002a76700000,0x0000002a76800000)]

Other Threads:
  0x0000018bf8188800 VMThread "VM Thread" [stack: 0x0000002a71000000,0x0000002a71100000] [id=12760]
  0x0000018bf8cb7800 WatcherThread [stack: 0x0000002a71a00000,0x0000002a71b00000] [id=7220]
  0x0000018bde5b3000 GCTaskThread "GC Thread#0" [stack: 0x0000002a70b00000,0x0000002a70c00000] [id=2792]
  0x0000018bf942c800 GCTaskThread "GC Thread#1" [stack: 0x0000002a71c00000,0x0000002a71d00000] [id=12484]
  0x0000018bf93a1000 GCTaskThread "GC Thread#2" [stack: 0x0000002a71d00000,0x0000002a71e00000] [id=14532]
  0x0000018bfa1b7000 GCTaskThread "GC Thread#3" [stack: 0x0000002a72700000,0x0000002a72800000] [id=14556]
  0x0000018bde5e4800 ConcurrentGCThread "G1 Main Marker" [stack: 0x0000002a70c00000,0x0000002a70d00000] [id=5296]
  0x0000018bde5e8000 ConcurrentGCThread "G1 Conc#0" [stack: 0x0000002a70d00000,0x0000002a70e00000] [id=3140]
  0x0000018bf7fe0800 ConcurrentGCThread "G1 Refine#0" [stack: 0x0000002a70e00000,0x0000002a70f00000] [id=6048]
  0x0000018b830cb000 ConcurrentGCThread "G1 Refine#1" [stack: 0x0000002a76800000,0x0000002a76900000] [id=10032]
  0x0000018bf7fe1800 ConcurrentGCThread "G1 Young RemSet Sampling" [stack: 0x0000002a70f00000,0x0000002a71000000] [id=8788]

Threads with active compile tasks:
C2 CompilerThread0  28089 10984       4       com.android.ide.common.blame.MergingLogPersistUtil$$Lambda$1111/0x0000000100b5d040::accept (12 bytes)
C2 CompilerThread1  28089 10985       4       com.android.ide.common.blame.MergingLogPersistUtil::lambda$normalize$0 (107 bytes)

VM state:not at safepoint (normal execution)

VM Mutex/Monitor currently owned by a thread: None

Heap address: 0x0000000080000000, size: 2048 MB, Compressed Oops mode: 32-bit
Narrow klass base: 0x0000000000000000, Narrow klass shift: 3
Compressed class space size: 1073741824 Address: 0x0000000100000000

Heap:
 garbage-first heap   total 273408K, used 159232K [0x0000000080000000, 0x0000000100000000)
  region size 1024K, 48 young (49152K), 5 survivors (5120K)
 Metaspace       used 90177K, capacity 92439K, committed 92672K, reserved 1130496K
  class space    used 11670K, capacity 12534K, committed 12544K, reserved 1048576K
Heap Regions: E=young(eden), S=young(survivor), O=old, HS=humongous(starts), HC=humongous(continues), CS=collection set, F=free, A=archive, TAMS=top-at-mark-start (previous, next)
|   0|0x0000000080000000, 0x0000000080100000, 0x0000000080100000|100%| O|  |TAMS 0x0000000080100000, 0x0000000080000000| Untracked 
|   1|0x0000000080100000, 0x0000000080200000, 0x0000000080200000|100%| O|  |TAMS 0x0000000080200000, 0x0000000080100000| Untracked 
|   2|0x0000000080200000, 0x0000000080300000, 0x0000000080300000|100%| O|  |TAMS 0x0000000080300000, 0x0000000080200000| Untracked 
|   3|0x0000000080300000, 0x0000000080400000, 0x0000000080400000|100%|HS|  |TAMS 0x0000000080400000, 0x0000000080300000| Complete 
|   4|0x0000000080400000, 0x0000000080500000, 0x0000000080500000|100%|HC|  |TAMS 0x0000000080500000, 0x0000000080400000| Complete 
|   5|0x0000000080500000, 0x0000000080600000, 0x0000000080600000|100%|HC|  |TAMS 0x0000000080600000, 0x0000000080500000| Complete 
|   6|0x0000000080600000, 0x0000000080700000, 0x0000000080700000|100%| O|  |TAMS 0x0000000080700000, 0x0000000080600000| Untracked 
|   7|0x0000000080700000, 0x0000000080800000, 0x0000000080800000|100%| O|  |TAMS 0x0000000080800000, 0x0000000080700000| Untracked 
|   8|0x0000000080800000, 0x0000000080900000, 0x0000000080900000|100%| O|  |TAMS 0x0000000080900000, 0x0000000080800000| Untracked 
|   9|0x0000000080900000, 0x0000000080a00000, 0x0000000080a00000|100%| O|  |TAMS 0x0000000080a00000, 0x0000000080900000| Untracked 
|  10|0x0000000080a00000, 0x0000000080b00000, 0x0000000080b00000|100%| O|  |TAMS 0x0000000080b00000, 0x0000000080a00000| Untracked 
|  11|0x0000000080b00000, 0x0000000080c00000, 0x0000000080c00000|100%| O|  |TAMS 0x0000000080c00000, 0x0000000080b00000| Untracked 
|  12|0x0000000080c00000, 0x0000000080d00000, 0x0000000080d00000|100%| O|  |TAMS 0x0000000080d00000, 0x0000000080c00000| Untracked 
|  13|0x0000000080d00000, 0x0000000080e00000, 0x0000000080e00000|100%| O|  |TAMS 0x0000000080e00000, 0x0000000080d00000| Untracked 
|  14|0x0000000080e00000, 0x0000000080f00000, 0x0000000080f00000|100%| O|  |TAMS 0x0000000080f00000, 0x0000000080e00000| Untracked 
|  15|0x0000000080f00000, 0x0000000081000000, 0x0000000081000000|100%| O|  |TAMS 0x0000000081000000, 0x0000000080f00000| Untracked 
|  16|0x0000000081000000, 0x0000000081100000, 0x0000000081100000|100%|HS|  |TAMS 0x0000000081100000, 0x0000000081000000| Complete 
|  17|0x0000000081100000, 0x0000000081200000, 0x0000000081200000|100%| O|  |TAMS 0x0000000081200000, 0x0000000081100000| Untracked 
|  18|0x0000000081200000, 0x0000000081300000, 0x0000000081300000|100%| O|  |TAMS 0x0000000081300000, 0x0000000081200000| Untracked 
|  19|0x0000000081300000, 0x0000000081400000, 0x0000000081400000|100%| O|  |TAMS 0x0000000081400000, 0x0000000081300000| Untracked 
|  20|0x0000000081400000, 0x0000000081500000, 0x0000000081500000|100%| O|  |TAMS 0x0000000081500000, 0x0000000081400000| Untracked 
|  21|0x0000000081500000, 0x0000000081600000, 0x0000000081600000|100%| O|  |TAMS 0x0000000081600000, 0x0000000081500000| Untracked 
|  22|0x0000000081600000, 0x0000000081700000, 0x0000000081700000|100%| O|  |TAMS 0x0000000081700000, 0x0000000081600000| Untracked 
|  23|0x0000000081700000, 0x0000000081800000, 0x0000000081800000|100%|HS|  |TAMS 0x0000000081800000, 0x0000000081700000| Complete 
|  24|0x0000000081800000, 0x0000000081900000, 0x0000000081900000|100%|HS|  |TAMS 0x0000000081900000, 0x0000000081800000| Complete 
|  25|0x0000000081900000, 0x0000000081a00000, 0x0000000081a00000|100%|HS|  |TAMS 0x0000000081a00000, 0x0000000081900000| Complete 
|  26|0x0000000081a00000, 0x0000000081b00000, 0x0000000081b00000|100%|HC|  |TAMS 0x0000000081b00000, 0x0000000081a00000| Complete 
|  27|0x0000000081b00000, 0x0000000081c00000, 0x0000000081c00000|100%|HC|  |TAMS 0x0000000081c00000, 0x0000000081b00000| Complete 
|  28|0x0000000081c00000, 0x0000000081d00000, 0x0000000081d00000|100%|HS|  |TAMS 0x0000000081d00000, 0x0000000081c00000| Complete 
|  29|0x0000000081d00000, 0x0000000081e00000, 0x0000000081e00000|100%|HC|  |TAMS 0x0000000081e00000, 0x0000000081d00000| Complete 
|  30|0x0000000081e00000, 0x0000000081f00000, 0x0000000081f00000|100%| O|  |TAMS 0x0000000081f00000, 0x0000000081e00000| Untracked 
|  31|0x0000000081f00000, 0x0000000082000000, 0x0000000082000000|100%| O|  |TAMS 0x0000000082000000, 0x0000000081f00000| Untracked 
|  32|0x0000000082000000, 0x0000000082100000, 0x0000000082100000|100%| O|  |TAMS 0x0000000082100000, 0x0000000082000000| Untracked 
|  33|0x0000000082100000, 0x0000000082200000, 0x0000000082200000|100%| O|  |TAMS 0x0000000082200000, 0x0000000082100000| Untracked 
|  34|0x0000000082200000, 0x0000000082300000, 0x0000000082300000|100%| O|  |TAMS 0x0000000082300000, 0x0000000082200000| Untracked 
|  35|0x0000000082300000, 0x0000000082400000, 0x0000000082400000|100%| O|  |TAMS 0x0000000082400000, 0x0000000082300000| Untracked 
|  36|0x0000000082400000, 0x0000000082500000, 0x0000000082500000|100%| O|  |TAMS 0x0000000082500000, 0x0000000082400000| Untracked 
|  37|0x0000000082500000, 0x0000000082600000, 0x0000000082600000|100%| O|  |TAMS 0x0000000082600000, 0x0000000082500000| Untracked 
|  38|0x0000000082600000, 0x0000000082700000, 0x0000000082700000|100%| O|  |TAMS 0x0000000082700000, 0x0000000082600000| Untracked 
|  39|0x0000000082700000, 0x0000000082800000, 0x0000000082800000|100%| O|  |TAMS 0x0000000082800000, 0x0000000082700000| Untracked 
|  40|0x0000000082800000, 0x0000000082900000, 0x0000000082900000|100%| O|  |TAMS 0x0000000082900000, 0x0000000082800000| Untracked 
|  41|0x0000000082900000, 0x0000000082a00000, 0x0000000082a00000|100%| O|  |TAMS 0x0000000082a00000, 0x0000000082900000| Untracked 
|  42|0x0000000082a00000, 0x0000000082b00000, 0x0000000082b00000|100%| O|  |TAMS 0x0000000082b00000, 0x0000000082a00000| Untracked 
|  43|0x0000000082b00000, 0x0000000082c00000, 0x0000000082c00000|100%| O|  |TAMS 0x0000000082c00000, 0x0000000082b00000| Untracked 
|  44|0x0000000082c00000, 0x0000000082d00000, 0x0000000082d00000|100%| O|  |TAMS 0x0000000082d00000, 0x0000000082c00000| Untracked 
|  45|0x0000000082d00000, 0x0000000082e00000, 0x0000000082e00000|100%| O|  |TAMS 0x0000000082e00000, 0x0000000082d00000| Untracked 
|  46|0x0000000082e00000, 0x0000000082f00000, 0x0000000082f00000|100%| O|  |TAMS 0x0000000082f00000, 0x0000000082e00000| Untracked 
|  47|0x0000000082f00000, 0x0000000083000000, 0x0000000083000000|100%| O|  |TAMS 0x0000000083000000, 0x0000000082f00000| Untracked 
|  48|0x0000000083000000, 0x0000000083100000, 0x0000000083100000|100%| O|  |TAMS 0x0000000083100000, 0x0000000083000000| Untracked 
|  49|0x0000000083100000, 0x0000000083200000, 0x0000000083200000|100%| O|  |TAMS 0x0000000083200000, 0x0000000083100000| Untracked 
|  50|0x0000000083200000, 0x0000000083300000, 0x0000000083300000|100%| O|  |TAMS 0x0000000083300000, 0x0000000083200000| Untracked 
|  51|0x0000000083300000, 0x0000000083400000, 0x0000000083400000|100%| O|  |TAMS 0x0000000083400000, 0x0000000083300000| Untracked 
|  52|0x0000000083400000, 0x0000000083500000, 0x0000000083500000|100%| O|  |TAMS 0x0000000083500000, 0x0000000083400000| Untracked 
|  53|0x0000000083500000, 0x0000000083600000, 0x0000000083600000|100%| O|  |TAMS 0x0000000083600000, 0x0000000083500000| Untracked 
|  54|0x0000000083600000, 0x0000000083700000, 0x0000000083700000|100%| O|  |TAMS 0x0000000083700000, 0x0000000083600000| Untracked 
|  55|0x0000000083700000, 0x0000000083800000, 0x0000000083800000|100%| O|  |TAMS 0x0000000083800000, 0x0000000083700000| Untracked 
|  56|0x0000000083800000, 0x0000000083900000, 0x0000000083900000|100%| O|  |TAMS 0x0000000083900000, 0x0000000083800000| Untracked 
|  57|0x0000000083900000, 0x0000000083a00000, 0x0000000083a00000|100%| O|  |TAMS 0x0000000083a00000, 0x0000000083900000| Untracked 
|  58|0x0000000083a00000, 0x0000000083b00000, 0x0000000083b00000|100%| O|  |TAMS 0x0000000083b00000, 0x0000000083a00000| Untracked 
|  59|0x0000000083b00000, 0x0000000083c00000, 0x0000000083c00000|100%| O|  |TAMS 0x0000000083c00000, 0x0000000083b00000| Untracked 
|  60|0x0000000083c00000, 0x0000000083d00000, 0x0000000083d00000|100%| O|  |TAMS 0x0000000083d00000, 0x0000000083c00000| Untracked 
|  61|0x0000000083d00000, 0x0000000083e00000, 0x0000000083e00000|100%| O|  |TAMS 0x0000000083e00000, 0x0000000083d00000| Untracked 
|  62|0x0000000083e00000, 0x0000000083f00000, 0x0000000083f00000|100%| O|  |TAMS 0x0000000083f00000, 0x0000000083e00000| Untracked 
|  63|0x0000000083f00000, 0x0000000084000000, 0x0000000084000000|100%| O|  |TAMS 0x0000000084000000, 0x0000000083f00000| Untracked 
|  64|0x0000000084000000, 0x0000000084100000, 0x0000000084100000|100%| O|  |TAMS 0x0000000084100000, 0x0000000084000000| Untracked 
|  65|0x0000000084100000, 0x0000000084200000, 0x0000000084200000|100%| O|  |TAMS 0x0000000084200000, 0x0000000084100000| Untracked 
|  66|0x0000000084200000, 0x0000000084300000, 0x0000000084300000|100%| O|  |TAMS 0x0000000084300000, 0x0000000084200000| Untracked 
|  67|0x0000000084300000, 0x0000000084400000, 0x0000000084400000|100%| O|  |TAMS 0x0000000084400000, 0x0000000084300000| Untracked 
|  68|0x0000000084400000, 0x0000000084500000, 0x0000000084500000|100%| O|  |TAMS 0x0000000084500000, 0x0000000084400000| Untracked 
|  69|0x0000000084500000, 0x0000000084600000, 0x0000000084600000|100%| O|  |TAMS 0x0000000084600000, 0x0000000084500000| Untracked 
|  70|0x0000000084600000, 0x0000000084700000, 0x0000000084700000|100%|HS|  |TAMS 0x0000000084600000, 0x0000000084600000| Complete 
|  71|0x0000000084700000, 0x0000000084800000, 0x0000000084800000|100%|HC|  |TAMS 0x0000000084700000, 0x0000000084700000| Complete 
|  72|0x0000000084800000, 0x0000000084800000, 0x0000000084900000|  0%| F|  |TAMS 0x0000000084800000, 0x0000000084800000| Untracked 
|  73|0x0000000084900000, 0x0000000084a00000, 0x0000000084a00000|100%| O|  |TAMS 0x0000000084a00000, 0x0000000084900000| Untracked 
|  74|0x0000000084a00000, 0x0000000084b00000, 0x0000000084b00000|100%| O|  |TAMS 0x0000000084b00000, 0x0000000084a00000| Untracked 
|  75|0x0000000084b00000, 0x0000000084c00000, 0x0000000084c00000|100%| O|  |TAMS 0x0000000084c00000, 0x0000000084b00000| Untracked 
|  76|0x0000000084c00000, 0x0000000084d00000, 0x0000000084d00000|100%| O|  |TAMS 0x0000000084d00000, 0x0000000084c00000| Untracked 
|  77|0x0000000084d00000, 0x0000000084e00000, 0x0000000084e00000|100%| O|  |TAMS 0x0000000084e00000, 0x0000000084d00000| Untracked 
|  78|0x0000000084e00000, 0x0000000084f00000, 0x0000000084f00000|100%| O|  |TAMS 0x0000000084f00000, 0x0000000084e00000| Untracked 
|  79|0x0000000084f00000, 0x0000000085000000, 0x0000000085000000|100%| O|  |TAMS 0x0000000085000000, 0x0000000084f00000| Untracked 
|  80|0x0000000085000000, 0x0000000085100000, 0x0000000085100000|100%| O|  |TAMS 0x0000000085100000, 0x0000000085000000| Untracked 
|  81|0x0000000085100000, 0x0000000085200000, 0x0000000085200000|100%| O|  |TAMS 0x0000000085200000, 0x0000000085100000| Untracked 
|  82|0x0000000085200000, 0x0000000085300000, 0x0000000085300000|100%| O|  |TAMS 0x0000000085300000, 0x0000000085200000| Untracked 
|  83|0x0000000085300000, 0x0000000085400000, 0x0000000085400000|100%| O|  |TAMS 0x0000000085400000, 0x0000000085300000| Untracked 
|  84|0x0000000085400000, 0x0000000085500000, 0x0000000085500000|100%| O|  |TAMS 0x0000000085500000, 0x0000000085400000| Untracked 
|  85|0x0000000085500000, 0x0000000085600000, 0x0000000085600000|100%| O|  |TAMS 0x0000000085600000, 0x0000000085500000| Untracked 
|  86|0x0000000085600000, 0x0000000085700000, 0x0000000085700000|100%| O|  |TAMS 0x0000000085700000, 0x0000000085600000| Untracked 
|  87|0x0000000085700000, 0x0000000085800000, 0x0000000085800000|100%| O|  |TAMS 0x0000000085800000, 0x0000000085700000| Untracked 
|  88|0x0000000085800000, 0x0000000085900000, 0x0000000085900000|100%| O|  |TAMS 0x0000000085900000, 0x0000000085800000| Untracked 
|  89|0x0000000085900000, 0x0000000085a00000, 0x0000000085a00000|100%| O|  |TAMS 0x0000000085a00000, 0x0000000085900000| Untracked 
|  90|0x0000000085a00000, 0x0000000085b00000, 0x0000000085b00000|100%| O|  |TAMS 0x0000000085b00000, 0x0000000085a00000| Untracked 
|  91|0x0000000085b00000, 0x0000000085c00000, 0x0000000085c00000|100%| O|  |TAMS 0x0000000085c00000, 0x0000000085b00000| Untracked 
|  92|0x0000000085c00000, 0x0000000085d00000, 0x0000000085d00000|100%| O|  |TAMS 0x0000000085d00000, 0x0000000085c00000| Untracked 
|  93|0x0000000085d00000, 0x0000000085e00000, 0x0000000085e00000|100%| O|  |TAMS 0x0000000085e00000, 0x0000000085d00000| Untracked 
|  94|0x0000000085e00000, 0x0000000085f00000, 0x0000000085f00000|100%| O|  |TAMS 0x0000000085f00000, 0x0000000085e00000| Untracked 
|  95|0x0000000085f00000, 0x0000000086000000, 0x0000000086000000|100%| O|  |TAMS 0x0000000086000000, 0x0000000085f00000| Untracked 
|  96|0x0000000086000000, 0x0000000086000000, 0x0000000086100000|  0%| F|  |TAMS 0x0000000086000000, 0x0000000086000000| Untracked 
|  97|0x0000000086100000, 0x0000000086200000, 0x0000000086200000|100%|HS|  |TAMS 0x0000000086200000, 0x0000000086100000| Complete 
|  98|0x0000000086200000, 0x0000000086300000, 0x0000000086300000|100%|HC|  |TAMS 0x0000000086300000, 0x0000000086200000| Complete 
|  99|0x0000000086300000, 0x0000000086400000, 0x0000000086400000|100%| O|  |TAMS 0x0000000086400000, 0x0000000086300000| Untracked 
| 100|0x0000000086400000, 0x0000000086500000, 0x0000000086500000|100%| O|  |TAMS 0x0000000086500000, 0x0000000086400000| Untracked 
| 101|0x0000000086500000, 0x0000000086600000, 0x0000000086600000|100%| O|  |TAMS 0x0000000086600000, 0x0000000086500000| Untracked 
| 102|0x0000000086600000, 0x0000000086700000, 0x0000000086700000|100%| O|  |TAMS 0x0000000086700000, 0x0000000086600000| Untracked 
| 103|0x0000000086700000, 0x0000000086800000, 0x0000000086800000|100%| O|  |TAMS 0x0000000086800000, 0x0000000086700000| Untracked 
| 104|0x0000000086800000, 0x0000000086900000, 0x0000000086900000|100%| O|  |TAMS 0x0000000086900000, 0x0000000086800000| Untracked 
| 105|0x0000000086900000, 0x0000000086a00000, 0x0000000086a00000|100%| O|  |TAMS 0x0000000086a00000, 0x0000000086900000| Untracked 
| 106|0x0000000086a00000, 0x0000000086b00000, 0x0000000086b00000|100%| O|  |TAMS 0x0000000086b00000, 0x0000000086a00000| Untracked 
| 107|0x0000000086b00000, 0x0000000086c00000, 0x0000000086c00000|100%| O|  |TAMS 0x0000000086c00000, 0x0000000086b00000| Untracked 
| 108|0x0000000086c00000, 0x0000000086d00000, 0x0000000086d00000|100%| O|  |TAMS 0x0000000086d00000, 0x0000000086c00000| Untracked 
| 109|0x0000000086d00000, 0x0000000086e00000, 0x0000000086e00000|100%| O|  |TAMS 0x0000000086e00000, 0x0000000086d00000| Untracked 
| 110|0x0000000086e00000, 0x0000000086f00000, 0x0000000086f00000|100%| O|  |TAMS 0x0000000086f00000, 0x0000000086e00000| Untracked 
| 111|0x0000000086f00000, 0x0000000086f00000, 0x0000000087000000|  0%| F|  |TAMS 0x0000000086f00000, 0x0000000086f00000| Untracked 
| 112|0x0000000087000000, 0x0000000087000000, 0x0000000087100000|  0%| F|  |TAMS 0x0000000087000000, 0x0000000087000000| Untracked 
| 113|0x0000000087100000, 0x0000000087100000, 0x0000000087200000|  0%| F|  |TAMS 0x0000000087100000, 0x0000000087100000| Untracked 
| 114|0x0000000087200000, 0x0000000087200000, 0x0000000087300000|  0%| F|  |TAMS 0x0000000087200000, 0x0000000087200000| Untracked 
| 115|0x0000000087300000, 0x0000000087300000, 0x0000000087400000|  0%| F|  |TAMS 0x0000000087300000, 0x0000000087300000| Untracked 
| 116|0x0000000087400000, 0x0000000087400000, 0x0000000087500000|  0%| F|  |TAMS 0x0000000087400000, 0x0000000087400000| Untracked 
| 117|0x0000000087500000, 0x0000000087500000, 0x0000000087600000|  0%| F|  |TAMS 0x0000000087500000, 0x0000000087500000| Untracked 
| 118|0x0000000087600000, 0x0000000087600000, 0x0000000087700000|  0%| F|  |TAMS 0x0000000087600000, 0x0000000087600000| Untracked 
| 119|0x0000000087700000, 0x0000000087700000, 0x0000000087800000|  0%| F|  |TAMS 0x0000000087700000, 0x0000000087700000| Untracked 
| 120|0x0000000087800000, 0x0000000087800000, 0x0000000087900000|  0%| F|  |TAMS 0x0000000087800000, 0x0000000087800000| Untracked 
| 121|0x0000000087900000, 0x0000000087900000, 0x0000000087a00000|  0%| F|  |TAMS 0x0000000087900000, 0x0000000087900000| Untracked 
| 122|0x0000000087a00000, 0x0000000087a00000, 0x0000000087b00000|  0%| F|  |TAMS 0x0000000087a00000, 0x0000000087a00000| Untracked 
| 123|0x0000000087b00000, 0x0000000087b00000, 0x0000000087c00000|  0%| F|  |TAMS 0x0000000087b00000, 0x0000000087b00000| Untracked 
| 124|0x0000000087c00000, 0x0000000087c00000, 0x0000000087d00000|  0%| F|  |TAMS 0x0000000087c00000, 0x0000000087c00000| Untracked 
| 125|0x0000000087d00000, 0x0000000087d00000, 0x0000000087e00000|  0%| F|  |TAMS 0x0000000087d00000, 0x0000000087d00000| Untracked 
| 126|0x0000000087e00000, 0x0000000087e00000, 0x0000000087f00000|  0%| F|  |TAMS 0x0000000087e00000, 0x0000000087e00000| Untracked 
| 127|0x0000000087f00000, 0x0000000087f00000, 0x0000000088000000|  0%| F|  |TAMS 0x0000000087f00000, 0x0000000087f00000| Untracked 
| 128|0x0000000088000000, 0x0000000088000000, 0x0000000088100000|  0%| F|  |TAMS 0x0000000088000000, 0x0000000088000000| Untracked 
| 129|0x0000000088100000, 0x0000000088100000, 0x0000000088200000|  0%| F|  |TAMS 0x0000000088100000, 0x0000000088100000| Untracked 
| 130|0x0000000088200000, 0x0000000088200000, 0x0000000088300000|  0%| F|  |TAMS 0x0000000088200000, 0x0000000088200000| Untracked 
| 131|0x0000000088300000, 0x0000000088300000, 0x0000000088400000|  0%| F|  |TAMS 0x0000000088300000, 0x0000000088300000| Untracked 
| 132|0x0000000088400000, 0x0000000088400000, 0x0000000088500000|  0%| F|  |TAMS 0x0000000088400000, 0x0000000088400000| Untracked 
| 133|0x0000000088500000, 0x0000000088500000, 0x0000000088600000|  0%| F|  |TAMS 0x0000000088500000, 0x0000000088500000| Untracked 
| 134|0x0000000088600000, 0x0000000088600000, 0x0000000088700000|  0%| F|  |TAMS 0x0000000088600000, 0x0000000088600000| Untracked 
| 135|0x0000000088700000, 0x0000000088700000, 0x0000000088800000|  0%| F|  |TAMS 0x0000000088700000, 0x0000000088700000| Untracked 
| 136|0x0000000088800000, 0x0000000088800000, 0x0000000088900000|  0%| F|  |TAMS 0x0000000088800000, 0x0000000088800000| Untracked 
| 137|0x0000000088900000, 0x0000000088900000, 0x0000000088a00000|  0%| F|  |TAMS 0x0000000088900000, 0x0000000088900000| Untracked 
| 138|0x0000000088a00000, 0x0000000088a00000, 0x0000000088b00000|  0%| F|  |TAMS 0x0000000088a00000, 0x0000000088a00000| Untracked 
| 139|0x0000000088b00000, 0x0000000088b00000, 0x0000000088c00000|  0%| F|  |TAMS 0x0000000088b00000, 0x0000000088b00000| Untracked 
| 140|0x0000000088c00000, 0x0000000088c00000, 0x0000000088d00000|  0%| F|  |TAMS 0x0000000088c00000, 0x0000000088c00000| Untracked 
| 141|0x0000000088d00000, 0x0000000088d00000, 0x0000000088e00000|  0%| F|  |TAMS 0x0000000088d00000, 0x0000000088d00000| Untracked 
| 142|0x0000000088e00000, 0x0000000088e00000, 0x0000000088f00000|  0%| F|  |TAMS 0x0000000088e00000, 0x0000000088e00000| Untracked 
| 143|0x0000000088f00000, 0x0000000088f00000, 0x0000000089000000|  0%| F|  |TAMS 0x0000000088f00000, 0x0000000088f00000| Untracked 
| 144|0x0000000089000000, 0x0000000089000000, 0x0000000089100000|  0%| F|  |TAMS 0x0000000089000000, 0x0000000089000000| Untracked 
| 145|0x0000000089100000, 0x0000000089100000, 0x0000000089200000|  0%| F|  |TAMS 0x0000000089100000, 0x0000000089100000| Untracked 
| 146|0x0000000089200000, 0x0000000089200000, 0x0000000089300000|  0%| F|  |TAMS 0x0000000089200000, 0x0000000089200000| Untracked 
| 147|0x0000000089300000, 0x0000000089300000, 0x0000000089400000|  0%| F|  |TAMS 0x0000000089300000, 0x0000000089300000| Untracked 
| 148|0x0000000089400000, 0x0000000089400000, 0x0000000089500000|  0%| F|  |TAMS 0x0000000089400000, 0x0000000089400000| Untracked 
| 149|0x0000000089500000, 0x0000000089500000, 0x0000000089600000|  0%| F|  |TAMS 0x0000000089500000, 0x0000000089500000| Untracked 
| 150|0x0000000089600000, 0x0000000089600000, 0x0000000089700000|  0%| F|  |TAMS 0x0000000089600000, 0x0000000089600000| Untracked 
| 151|0x0000000089700000, 0x0000000089700000, 0x0000000089800000|  0%| F|  |TAMS 0x0000000089700000, 0x0000000089700000| Untracked 
| 152|0x0000000089800000, 0x0000000089800000, 0x0000000089900000|  0%| F|  |TAMS 0x0000000089800000, 0x0000000089800000| Untracked 
| 153|0x0000000089900000, 0x0000000089900000, 0x0000000089a00000|  0%| F|  |TAMS 0x0000000089900000, 0x0000000089900000| Untracked 
| 154|0x0000000089a00000, 0x0000000089a00000, 0x0000000089b00000|  0%| F|  |TAMS 0x0000000089a00000, 0x0000000089a00000| Untracked 
| 155|0x0000000089b00000, 0x0000000089b00000, 0x0000000089c00000|  0%| F|  |TAMS 0x0000000089b00000, 0x0000000089b00000| Untracked 
| 156|0x0000000089c00000, 0x0000000089c00000, 0x0000000089d00000|  0%| F|  |TAMS 0x0000000089c00000, 0x0000000089c00000| Untracked 
| 157|0x0000000089d00000, 0x0000000089d00000, 0x0000000089e00000|  0%| F|  |TAMS 0x0000000089d00000, 0x0000000089d00000| Untracked 
| 158|0x0000000089e00000, 0x0000000089e00000, 0x0000000089f00000|  0%| F|  |TAMS 0x0000000089e00000, 0x0000000089e00000| Untracked 
| 159|0x0000000089f00000, 0x0000000089f00000, 0x000000008a000000|  0%| F|  |TAMS 0x0000000089f00000, 0x0000000089f00000| Untracked 
| 160|0x000000008a000000, 0x000000008a000000, 0x000000008a100000|  0%| F|  |TAMS 0x000000008a000000, 0x000000008a000000| Untracked 
| 161|0x000000008a100000, 0x000000008a100000, 0x000000008a200000|  0%| F|  |TAMS 0x000000008a100000, 0x000000008a100000| Untracked 
| 162|0x000000008a200000, 0x000000008a200000, 0x000000008a300000|  0%| F|  |TAMS 0x000000008a200000, 0x000000008a200000| Untracked 
| 163|0x000000008a300000, 0x000000008a300000, 0x000000008a400000|  0%| F|  |TAMS 0x000000008a300000, 0x000000008a300000| Untracked 
| 164|0x000000008a400000, 0x000000008a400000, 0x000000008a500000|  0%| F|  |TAMS 0x000000008a400000, 0x000000008a400000| Untracked 
| 165|0x000000008a500000, 0x000000008a500000, 0x000000008a600000|  0%| F|  |TAMS 0x000000008a500000, 0x000000008a500000| Untracked 
| 166|0x000000008a600000, 0x000000008a600000, 0x000000008a700000|  0%| F|  |TAMS 0x000000008a600000, 0x000000008a600000| Untracked 
| 167|0x000000008a700000, 0x000000008a700000, 0x000000008a800000|  0%| F|  |TAMS 0x000000008a700000, 0x000000008a700000| Untracked 
| 168|0x000000008a800000, 0x000000008a800000, 0x000000008a900000|  0%| F|  |TAMS 0x000000008a800000, 0x000000008a800000| Untracked 
| 169|0x000000008a900000, 0x000000008a900000, 0x000000008aa00000|  0%| F|  |TAMS 0x000000008a900000, 0x000000008a900000| Untracked 
| 170|0x000000008aa00000, 0x000000008aa00000, 0x000000008ab00000|  0%| F|  |TAMS 0x000000008aa00000, 0x000000008aa00000| Untracked 
| 171|0x000000008ab00000, 0x000000008ab00000, 0x000000008ac00000|  0%| F|  |TAMS 0x000000008ab00000, 0x000000008ab00000| Untracked 
| 172|0x000000008ac00000, 0x000000008ac00000, 0x000000008ad00000|  0%| F|  |TAMS 0x000000008ac00000, 0x000000008ac00000| Untracked 
| 173|0x000000008ad00000, 0x000000008ad00000, 0x000000008ae00000|  0%| F|  |TAMS 0x000000008ad00000, 0x000000008ad00000| Untracked 
| 174|0x000000008ae00000, 0x000000008ae00000, 0x000000008af00000|  0%| F|  |TAMS 0x000000008ae00000, 0x000000008ae00000| Untracked 
| 175|0x000000008af00000, 0x000000008af00000, 0x000000008b000000|  0%| F|  |TAMS 0x000000008af00000, 0x000000008af00000| Untracked 
| 176|0x000000008b000000, 0x000000008b000000, 0x000000008b100000|  0%| F|  |TAMS 0x000000008b000000, 0x000000008b000000| Untracked 
| 177|0x000000008b100000, 0x000000008b100000, 0x000000008b200000|  0%| F|  |TAMS 0x000000008b100000, 0x000000008b100000| Untracked 
| 178|0x000000008b200000, 0x000000008b200000, 0x000000008b300000|  0%| F|  |TAMS 0x000000008b200000, 0x000000008b200000| Untracked 
| 179|0x000000008b300000, 0x000000008b300000, 0x000000008b400000|  0%| F|  |TAMS 0x000000008b300000, 0x000000008b300000| Untracked 
| 180|0x000000008b400000, 0x000000008b400000, 0x000000008b500000|  0%| F|  |TAMS 0x000000008b400000, 0x000000008b400000| Untracked 
| 181|0x000000008b500000, 0x000000008b500000, 0x000000008b600000|  0%| F|  |TAMS 0x000000008b500000, 0x000000008b500000| Untracked 
| 182|0x000000008b600000, 0x000000008b600000, 0x000000008b700000|  0%| F|  |TAMS 0x000000008b600000, 0x000000008b600000| Untracked 
| 183|0x000000008b700000, 0x000000008b700000, 0x000000008b800000|  0%| F|  |TAMS 0x000000008b700000, 0x000000008b700000| Untracked 
| 184|0x000000008b800000, 0x000000008b800000, 0x000000008b900000|  0%| F|  |TAMS 0x000000008b800000, 0x000000008b800000| Untracked 
| 185|0x000000008b900000, 0x000000008b900000, 0x000000008ba00000|  0%| F|  |TAMS 0x000000008b900000, 0x000000008b900000| Untracked 
| 186|0x000000008ba00000, 0x000000008ba00000, 0x000000008bb00000|  0%| F|  |TAMS 0x000000008ba00000, 0x000000008ba00000| Untracked 
| 187|0x000000008bb00000, 0x000000008bb00000, 0x000000008bc00000|  0%| F|  |TAMS 0x000000008bb00000, 0x000000008bb00000| Untracked 
| 188|0x000000008bc00000, 0x000000008bc00000, 0x000000008bd00000|  0%| F|  |TAMS 0x000000008bc00000, 0x000000008bc00000| Untracked 
| 189|0x000000008bd00000, 0x000000008bd00000, 0x000000008be00000|  0%| F|  |TAMS 0x000000008bd00000, 0x000000008bd00000| Untracked 
| 190|0x000000008be00000, 0x000000008be80000, 0x000000008bf00000| 50%| S|CS|TAMS 0x000000008be00000, 0x000000008be00000| Complete 
| 191|0x000000008bf00000, 0x000000008c000000, 0x000000008c000000|100%| S|CS|TAMS 0x000000008bf00000, 0x000000008bf00000| Complete 
| 192|0x000000008c000000, 0x000000008c100000, 0x000000008c100000|100%| S|CS|TAMS 0x000000008c000000, 0x000000008c000000| Complete 
| 193|0x000000008c100000, 0x000000008c200000, 0x000000008c200000|100%| S|CS|TAMS 0x000000008c100000, 0x000000008c100000| Complete 
| 194|0x000000008c200000, 0x000000008c300000, 0x000000008c300000|100%| S|CS|TAMS 0x000000008c200000, 0x000000008c200000| Complete 
| 195|0x000000008c300000, 0x000000008c300000, 0x000000008c400000|  0%| F|  |TAMS 0x000000008c300000, 0x000000008c300000| Untracked 
| 196|0x000000008c400000, 0x000000008c400000, 0x000000008c500000|  0%| F|  |TAMS 0x000000008c400000, 0x000000008c400000| Untracked 
| 197|0x000000008c500000, 0x000000008c500000, 0x000000008c600000|  0%| F|  |TAMS 0x000000008c500000, 0x000000008c500000| Untracked 
| 198|0x000000008c600000, 0x000000008c600000, 0x000000008c700000|  0%| F|  |TAMS 0x000000008c600000, 0x000000008c600000| Untracked 
| 199|0x000000008c700000, 0x000000008c700000, 0x000000008c800000|  0%| F|  |TAMS 0x000000008c700000, 0x000000008c700000| Untracked 
| 200|0x000000008c800000, 0x000000008c800000, 0x000000008c900000|  0%| F|  |TAMS 0x000000008c800000, 0x000000008c800000| Untracked 
| 201|0x000000008c900000, 0x000000008c900000, 0x000000008ca00000|  0%| F|  |TAMS 0x000000008c900000, 0x000000008c900000| Untracked 
| 202|0x000000008ca00000, 0x000000008ca00000, 0x000000008cb00000|  0%| F|  |TAMS 0x000000008ca00000, 0x000000008ca00000| Untracked 
| 203|0x000000008cb00000, 0x000000008cb00000, 0x000000008cc00000|  0%| F|  |TAMS 0x000000008cb00000, 0x000000008cb00000| Untracked 
| 204|0x000000008cc00000, 0x000000008cc00000, 0x000000008cd00000|  0%| F|  |TAMS 0x000000008cc00000, 0x000000008cc00000| Untracked 
| 205|0x000000008cd00000, 0x000000008cd00000, 0x000000008ce00000|  0%| F|  |TAMS 0x000000008cd00000, 0x000000008cd00000| Untracked 
| 206|0x000000008ce00000, 0x000000008ce00000, 0x000000008cf00000|  0%| F|  |TAMS 0x000000008ce00000, 0x000000008ce00000| Untracked 
| 207|0x000000008cf00000, 0x000000008cf00000, 0x000000008d000000|  0%| F|  |TAMS 0x000000008cf00000, 0x000000008cf00000| Untracked 
| 208|0x000000008d000000, 0x000000008d000000, 0x000000008d100000|  0%| F|  |TAMS 0x000000008d000000, 0x000000008d000000| Untracked 
| 209|0x000000008d100000, 0x000000008d100000, 0x000000008d200000|  0%| F|  |TAMS 0x000000008d100000, 0x000000008d100000| Untracked 
| 210|0x000000008d200000, 0x000000008d200000, 0x000000008d300000|  0%| F|  |TAMS 0x000000008d200000, 0x000000008d200000| Untracked 
| 211|0x000000008d300000, 0x000000008d300000, 0x000000008d400000|  0%| F|  |TAMS 0x000000008d300000, 0x000000008d300000| Untracked 
| 212|0x000000008d400000, 0x000000008d400000, 0x000000008d500000|  0%| F|  |TAMS 0x000000008d400000, 0x000000008d400000| Untracked 
| 213|0x000000008d500000, 0x000000008d500000, 0x000000008d600000|  0%| F|  |TAMS 0x000000008d500000, 0x000000008d500000| Untracked 
| 214|0x000000008d600000, 0x000000008d600000, 0x000000008d700000|  0%| F|  |TAMS 0x000000008d600000, 0x000000008d600000| Untracked 
| 215|0x000000008d700000, 0x000000008d700000, 0x000000008d800000|  0%| F|  |TAMS 0x000000008d700000, 0x000000008d700000| Untracked 
| 216|0x000000008d800000, 0x000000008d800000, 0x000000008d900000|  0%| F|  |TAMS 0x000000008d800000, 0x000000008d800000| Untracked 
| 217|0x000000008d900000, 0x000000008d900000, 0x000000008da00000|  0%| F|  |TAMS 0x000000008d900000, 0x000000008d900000| Untracked 
| 218|0x000000008da00000, 0x000000008da00000, 0x000000008db00000|  0%| F|  |TAMS 0x000000008da00000, 0x000000008da00000| Untracked 
| 219|0x000000008db00000, 0x000000008db00000, 0x000000008dc00000|  0%| F|  |TAMS 0x000000008db00000, 0x000000008db00000| Untracked 
| 220|0x000000008dc00000, 0x000000008dc00000, 0x000000008dd00000|  0%| F|  |TAMS 0x000000008dc00000, 0x000000008dc00000| Untracked 
| 221|0x000000008dd00000, 0x000000008dd00000, 0x000000008de00000|  0%| F|  |TAMS 0x000000008dd00000, 0x000000008dd00000| Untracked 
| 222|0x000000008de00000, 0x000000008de00000, 0x000000008df00000|  0%| F|  |TAMS 0x000000008de00000, 0x000000008de00000| Untracked 
| 223|0x000000008df00000, 0x000000008df00000, 0x000000008e000000|  0%| F|  |TAMS 0x000000008df00000, 0x000000008df00000| Untracked 
| 224|0x000000008e000000, 0x000000008e100000, 0x000000008e100000|100%| E|  |TAMS 0x000000008e000000, 0x000000008e000000| Complete 
| 225|0x000000008e100000, 0x000000008e200000, 0x000000008e200000|100%| E|CS|TAMS 0x000000008e100000, 0x000000008e100000| Complete 
| 226|0x000000008e200000, 0x000000008e300000, 0x000000008e300000|100%| E|CS|TAMS 0x000000008e200000, 0x000000008e200000| Complete 
| 227|0x000000008e300000, 0x000000008e400000, 0x000000008e400000|100%| E|CS|TAMS 0x000000008e300000, 0x000000008e300000| Complete 
| 228|0x000000008e400000, 0x000000008e500000, 0x000000008e500000|100%| E|CS|TAMS 0x000000008e400000, 0x000000008e400000| Complete 
| 229|0x000000008e500000, 0x000000008e600000, 0x000000008e600000|100%| E|CS|TAMS 0x000000008e500000, 0x000000008e500000| Complete 
| 230|0x000000008e600000, 0x000000008e700000, 0x000000008e700000|100%| E|CS|TAMS 0x000000008e600000, 0x000000008e600000| Complete 
| 231|0x000000008e700000, 0x000000008e800000, 0x000000008e800000|100%| E|CS|TAMS 0x000000008e700000, 0x000000008e700000| Complete 
| 232|0x000000008e800000, 0x000000008e900000, 0x000000008e900000|100%| E|CS|TAMS 0x000000008e800000, 0x000000008e800000| Complete 
| 233|0x000000008e900000, 0x000000008ea00000, 0x000000008ea00000|100%| E|CS|TAMS 0x000000008e900000, 0x000000008e900000| Complete 
| 234|0x000000008ea00000, 0x000000008eb00000, 0x000000008eb00000|100%| E|CS|TAMS 0x000000008ea00000, 0x000000008ea00000| Complete 
| 235|0x000000008eb00000, 0x000000008ec00000, 0x000000008ec00000|100%| E|CS|TAMS 0x000000008eb00000, 0x000000008eb00000| Complete 
| 236|0x000000008ec00000, 0x000000008ed00000, 0x000000008ed00000|100%| E|CS|TAMS 0x000000008ec00000, 0x000000008ec00000| Complete 
| 237|0x000000008ed00000, 0x000000008ee00000, 0x000000008ee00000|100%| E|CS|TAMS 0x000000008ed00000, 0x000000008ed00000| Complete 
| 238|0x000000008ee00000, 0x000000008ef00000, 0x000000008ef00000|100%| E|CS|TAMS 0x000000008ee00000, 0x000000008ee00000| Complete 
| 239|0x000000008ef00000, 0x000000008f000000, 0x000000008f000000|100%| E|CS|TAMS 0x000000008ef00000, 0x000000008ef00000| Complete 
| 240|0x000000008f000000, 0x000000008f100000, 0x000000008f100000|100%| E|CS|TAMS 0x000000008f000000, 0x000000008f000000| Complete 
| 241|0x000000008f100000, 0x000000008f200000, 0x000000008f200000|100%| E|CS|TAMS 0x000000008f100000, 0x000000008f100000| Complete 
| 242|0x000000008f200000, 0x000000008f300000, 0x000000008f300000|100%| E|CS|TAMS 0x000000008f200000, 0x000000008f200000| Complete 
| 243|0x000000008f300000, 0x000000008f400000, 0x000000008f400000|100%| E|CS|TAMS 0x000000008f300000, 0x000000008f300000| Complete 
| 244|0x000000008f400000, 0x000000008f500000, 0x000000008f500000|100%| E|CS|TAMS 0x000000008f400000, 0x000000008f400000| Complete 
| 245|0x000000008f500000, 0x000000008f600000, 0x000000008f600000|100%| E|CS|TAMS 0x000000008f500000, 0x000000008f500000| Complete 
| 246|0x000000008f600000, 0x000000008f700000, 0x000000008f700000|100%| E|CS|TAMS 0x000000008f600000, 0x000000008f600000| Complete 
| 247|0x000000008f700000, 0x000000008f800000, 0x000000008f800000|100%| E|CS|TAMS 0x000000008f700000, 0x000000008f700000| Complete 
| 248|0x000000008f800000, 0x000000008f900000, 0x000000008f900000|100%| E|CS|TAMS 0x000000008f800000, 0x000000008f800000| Complete 
| 249|0x000000008f900000, 0x000000008fa00000, 0x000000008fa00000|100%| E|CS|TAMS 0x000000008f900000, 0x000000008f900000| Complete 
| 250|0x000000008fa00000, 0x000000008fb00000, 0x000000008fb00000|100%| E|CS|TAMS 0x000000008fa00000, 0x000000008fa00000| Complete 
| 251|0x000000008fb00000, 0x000000008fc00000, 0x000000008fc00000|100%| E|CS|TAMS 0x000000008fb00000, 0x000000008fb00000| Complete 
| 252|0x000000008fc00000, 0x000000008fd00000, 0x000000008fd00000|100%| E|CS|TAMS 0x000000008fc00000, 0x000000008fc00000| Complete 
| 253|0x000000008fd00000, 0x000000008fe00000, 0x000000008fe00000|100%| E|CS|TAMS 0x000000008fd00000, 0x000000008fd00000| Complete 
| 254|0x000000008fe00000, 0x000000008ff00000, 0x000000008ff00000|100%| E|CS|TAMS 0x000000008fe00000, 0x000000008fe00000| Complete 
| 255|0x000000008ff00000, 0x0000000090000000, 0x0000000090000000|100%| E|CS|TAMS 0x000000008ff00000, 0x000000008ff00000| Complete 
| 256|0x0000000090000000, 0x0000000090100000, 0x0000000090100000|100%| E|CS|TAMS 0x0000000090000000, 0x0000000090000000| Complete 
| 257|0x0000000090100000, 0x0000000090200000, 0x0000000090200000|100%| E|CS|TAMS 0x0000000090100000, 0x0000000090100000| Complete 
| 258|0x0000000090200000, 0x0000000090300000, 0x0000000090300000|100%| E|CS|TAMS 0x0000000090200000, 0x0000000090200000| Complete 
| 259|0x0000000090300000, 0x0000000090400000, 0x0000000090400000|100%| E|CS|TAMS 0x0000000090300000, 0x0000000090300000| Complete 
| 260|0x0000000090400000, 0x0000000090500000, 0x0000000090500000|100%| E|CS|TAMS 0x0000000090400000, 0x0000000090400000| Complete 
| 261|0x0000000090500000, 0x0000000090600000, 0x0000000090600000|100%| E|CS|TAMS 0x0000000090500000, 0x0000000090500000| Complete 
| 262|0x0000000090600000, 0x0000000090700000, 0x0000000090700000|100%| E|CS|TAMS 0x0000000090600000, 0x0000000090600000| Complete 
| 263|0x0000000090700000, 0x0000000090800000, 0x0000000090800000|100%| E|CS|TAMS 0x0000000090700000, 0x0000000090700000| Complete 
| 264|0x0000000090800000, 0x0000000090900000, 0x0000000090900000|100%| E|CS|TAMS 0x0000000090800000, 0x0000000090800000| Complete 
| 265|0x0000000090900000, 0x0000000090a00000, 0x0000000090a00000|100%| E|CS|TAMS 0x0000000090900000, 0x0000000090900000| Complete 
| 266|0x0000000090a00000, 0x0000000090b00000, 0x0000000090b00000|100%| E|CS|TAMS 0x0000000090a00000, 0x0000000090a00000| Complete 

Card table byte_map: [0x0000018bf14a0000,0x0000018bf18a0000] _byte_map_base: 0x0000018bf10a0000

Marking Bits (Prev, Next): (CMBitMap*) 0x0000018bde5dbe70, (CMBitMap*) 0x0000018bde5dbe38
 Prev Bits: [0x0000018bf3ca0000, 0x0000018bf5ca0000)
 Next Bits: [0x0000018bf1ca0000, 0x0000018bf3ca0000)

Polling page: 0x0000018bdc4d0000

Metaspace:

Usage:
  Non-class:     78.03 MB capacity,    76.67 MB ( 98%) used,     1.11 MB (  1%) free+waste,   259.13 KB ( <1%) overhead. 
      Class:     12.24 MB capacity,    11.40 MB ( 93%) used,   745.37 KB (  6%) free+waste,   117.88 KB ( <1%) overhead. 
       Both:     90.27 MB capacity,    88.06 MB ( 98%) used,     1.84 MB (  2%) free+waste,   377.00 KB ( <1%) overhead. 

Virtual space:
  Non-class space:       80.00 MB reserved,      78.25 MB ( 98%) committed 
      Class space:        1.00 GB reserved,      12.25 MB (  1%) committed 
             Both:        1.08 GB reserved,      90.50 MB (  8%) committed 

Chunk freelists:
   Non-Class:  31.00 KB
       Class:  10.00 KB
        Both:  41.00 KB

MaxMetaspaceSize: 17179869184.00 GB
CompressedClassSpaceSize: 1.00 GB
Initial GC threshold: 20.80 MB
Current GC threshold: 150.84 MB
CDS: off

CodeHeap 'non-profiled nmethods': size=120064Kb used=6387Kb max_used=6387Kb free=113676Kb
 bounds [0x0000018be9b60000, 0x0000018bea1a0000, 0x0000018bf10a0000]
CodeHeap 'profiled nmethods': size=120000Kb used=24159Kb max_used=24159Kb free=95840Kb
 bounds [0x0000018be2630000, 0x0000018be3dd0000, 0x0000018be9b60000]
CodeHeap 'non-nmethods': size=5696Kb used=2372Kb max_used=2426Kb free=3323Kb
 bounds [0x0000018be20a0000, 0x0000018be2310000, 0x0000018be2630000]
 total_blobs=11789 nmethods=10900 adapters=801
 compilation: enabled
              stopped_count=0, restarted_count=0
 full_count=0

Compilation events (20 events):
Event: 26.781 Thread 0x0000018bf8b50800 10989       1       com.android.ide.common.blame.MergingLogPersistUtil$SourcePositionsSerializer::access$300 (5 bytes)
Event: 26.781 Thread 0x0000018bf8b50800 nmethod 10989 0x0000018bea197d10 code [0x0000018bea197ec0, 0x0000018bea197f58]
Event: 26.781 Thread 0x0000018bf8b50800 10990       1       com.android.ide.common.blame.MergingLogPersistUtil$SourcePositionsSerializer::access$400 (5 bytes)
Event: 26.781 Thread 0x0000018bf8b50800 nmethod 10990 0x0000018bea198010 code [0x0000018bea1981c0, 0x0000018bea198258]
Event: 26.781 Thread 0x0000018bf8b50800 10991       1       com.android.ide.common.blame.MergingLogPersistUtil$SourcePositionsSerializer::access$500 (5 bytes)
Event: 26.781 Thread 0x0000018bf8b50800 nmethod 10991 0x0000018bea198310 code [0x0000018bea1984c0, 0x0000018bea198558]
Event: 26.783 Thread 0x0000018bf8b50800 10992       3       com.google.gson.stream.JsonWriter::push (47 bytes)
Event: 26.783 Thread 0x0000018bf8b50800 nmethod 10992 0x0000018be3d93f90 code [0x0000018be3d94180, 0x0000018be3d945e8]
Event: 26.784 Thread 0x0000018bf8b50800 10993       3       com.google.gson.stream.JsonWriter::open (19 bytes)
Event: 26.784 Thread 0x0000018bf8b50800 nmethod 10993 0x0000018be3d94790 code [0x0000018be3d94960, 0x0000018be3d94ba8]
Event: 26.784 Thread 0x0000018bf8b50800 10994       3       com.google.gson.stream.JsonWriter::close (95 bytes)
Event: 26.786 Thread 0x0000018bf8b50800 nmethod 10994 0x0000018be3d94d10 code [0x0000018be3d94fe0, 0x0000018be3d95cb8]
Event: 26.819 Thread 0x0000018bfc2d1800 nmethod 10983 0x0000018bea198610 code [0x0000018bea1988a0, 0x0000018bea19ae50]
Event: 26.819 Thread 0x0000018bfc2d1800 10986       4       java.io.Writer::write (11 bytes)
Event: 26.821 Thread 0x0000018bfc2d1800 nmethod 10986 0x0000018bea19c410 code [0x0000018bea19c5c0, 0x0000018bea19c688]
Event: 26.821 Thread 0x0000018bfc2d1800 10985       4       com.android.ide.common.blame.MergingLogPersistUtil::lambda$normalize$0 (107 bytes)
Event: 26.858 Thread 0x0000018bf8b50800 10995       3       com.google.gson.stream.JsonWriter::beginObject (12 bytes)
Event: 26.859 Thread 0x0000018bf8b50800 nmethod 10995 0x0000018be3d96190 code [0x0000018be3d963a0, 0x0000018be3d96788]
Event: 26.863 Thread 0x0000018bf8b50800 10996       3       com.google.gson.stream.JsonWriter::endObject (9 bytes)
Event: 26.863 Thread 0x0000018bf8b50800 nmethod 10996 0x0000018be3d96910 code [0x0000018be3d96ac0, 0x0000018be3d96c08]

GC Heap History (20 events):
Event: 13.109 GC heap before
{Heap before GC invocations=11 (full 0):
 garbage-first heap   total 189440K, used 141850K [0x0000000080000000, 0x0000000100000000)
  region size 1024K, 111 young (113664K), 10 survivors (10240K)
 Metaspace       used 57644K, capacity 59057K, committed 59392K, reserved 1101824K
  class space    used 7316K, capacity 7829K, committed 7936K, reserved 1048576K
}
Event: 13.143 GC heap after
{Heap after GC invocations=12 (full 0):
 garbage-first heap   total 189440K, used 51394K [0x0000000080000000, 0x0000000100000000)
  region size 1024K, 14 young (14336K), 14 survivors (14336K)
 Metaspace       used 57644K, capacity 59057K, committed 59392K, reserved 1101824K
  class space    used 7316K, capacity 7829K, committed 7936K, reserved 1048576K
}
Event: 13.278 GC heap before
{Heap before GC invocations=12 (full 0):
 garbage-first heap   total 189440K, used 58562K [0x0000000080000000, 0x0000000100000000)
  region size 1024K, 22 young (22528K), 14 survivors (14336K)
 Metaspace       used 58382K, capacity 59809K, committed 59948K, reserved 1101824K
  class space    used 7442K, capacity 7975K, committed 8064K, reserved 1048576K
}
Event: 13.305 GC heap after
{Heap after GC invocations=13 (full 0):
 garbage-first heap   total 189440K, used 54272K [0x0000000080000000, 0x0000000100000000)
  region size 1024K, 2 young (2048K), 2 survivors (2048K)
 Metaspace       used 58382K, capacity 59809K, committed 59948K, reserved 1101824K
  class space    used 7442K, capacity 7975K, committed 8064K, reserved 1048576K
}
Event: 14.495 GC heap before
{Heap before GC invocations=14 (full 0):
 garbage-first heap   total 189440K, used 109568K [0x0000000080000000, 0x0000000100000000)
  region size 1024K, 57 young (58368K), 2 survivors (2048K)
 Metaspace       used 64226K, capacity 65746K, committed 65920K, reserved 1105920K
  class space    used 8143K, capacity 8712K, committed 8832K, reserved 1048576K
}
Event: 14.507 GC heap after
{Heap after GC invocations=15 (full 0):
 garbage-first heap   total 189440K, used 57344K [0x0000000080000000, 0x0000000100000000)
  region size 1024K, 5 young (5120K), 5 survivors (5120K)
 Metaspace       used 64226K, capacity 65746K, committed 65920K, reserved 1105920K
  class space    used 8143K, capacity 8712K, committed 8832K, reserved 1048576K
}
Event: 15.658 GC heap before
{Heap before GC invocations=16 (full 0):
 garbage-first heap   total 189440K, used 118784K [0x0000000080000000, 0x0000000100000000)
  region size 1024K, 64 young (65536K), 5 survivors (5120K)
 Metaspace       used 68001K, capacity 69526K, committed 69760K, reserved 1110016K
  class space    used 8659K, capacity 9233K, committed 9344K, reserved 1048576K
}
Event: 15.684 GC heap after
{Heap after GC invocations=17 (full 0):
 garbage-first heap   total 189440K, used 61599K [0x0000000080000000, 0x0000000100000000)
  region size 1024K, 5 young (5120K), 5 survivors (5120K)
 Metaspace       used 68001K, capacity 69526K, committed 69760K, reserved 1110016K
  class space    used 8659K, capacity 9233K, committed 9344K, reserved 1048576K
}
Event: 17.090 GC heap before
{Heap before GC invocations=17 (full 0):
 garbage-first heap   total 189440K, used 123039K [0x0000000080000000, 0x0000000100000000)
  region size 1024K, 65 young (66560K), 5 survivors (5120K)
 Metaspace       used 72663K, capacity 74257K, committed 74368K, reserved 1114112K
  class space    used 9438K, capacity 10021K, committed 10112K, reserved 1048576K
}
Event: 17.108 GC heap after
{Heap after GC invocations=18 (full 0):
 garbage-first heap   total 227328K, used 65252K [0x0000000080000000, 0x0000000100000000)
  region size 1024K, 8 young (8192K), 8 survivors (8192K)
 Metaspace       used 72663K, capacity 74257K, committed 74368K, reserved 1114112K
  class space    used 9438K, capacity 10021K, committed 10112K, reserved 1048576K
}
Event: 18.283 GC heap before
{Heap before GC invocations=18 (full 0):
 garbage-first heap   total 227328K, used 146148K [0x0000000080000000, 0x0000000100000000)
  region size 1024K, 87 young (89088K), 8 survivors (8192K)
 Metaspace       used 76791K, capacity 78507K, committed 78592K, reserved 1118208K
  class space    used 10008K, capacity 10690K, committed 10752K, reserved 1048576K
}
Event: 18.306 GC heap after
{Heap after GC invocations=19 (full 0):
 garbage-first heap   total 227328K, used 70998K [0x0000000080000000, 0x0000000100000000)
  region size 1024K, 10 young (10240K), 10 survivors (10240K)
 Metaspace       used 76791K, capacity 78507K, committed 78592K, reserved 1118208K
  class space    used 10008K, capacity 10690K, committed 10752K, reserved 1048576K
}
Event: 20.023 GC heap before
{Heap before GC invocations=19 (full 0):
 garbage-first heap   total 227328K, used 152918K [0x0000000080000000, 0x0000000100000000)
  region size 1024K, 90 young (92160K), 10 survivors (10240K)
 Metaspace       used 84349K, capacity 86305K, committed 86656K, reserved 1124352K
  class space    used 11058K, capacity 11783K, committed 11904K, reserved 1048576K
}
Event: 20.051 GC heap after
{Heap after GC invocations=20 (full 0):
 garbage-first heap   total 227328K, used 76389K [0x0000000080000000, 0x0000000100000000)
  region size 1024K, 11 young (11264K), 11 survivors (11264K)
 Metaspace       used 84349K, capacity 86305K, committed 86656K, reserved 1124352K
  class space    used 11058K, capacity 11783K, committed 11904K, reserved 1048576K
}
Event: 23.001 GC heap before
{Heap before GC invocations=20 (full 0):
 garbage-first heap   total 227328K, used 158309K [0x0000000080000000, 0x0000000100000000)
  region size 1024K, 92 young (94208K), 11 survivors (11264K)
 Metaspace       used 86457K, capacity 88556K, committed 88704K, reserved 1126400K
  class space    used 11305K, capacity 12144K, committed 12160K, reserved 1048576K
}
Event: 23.032 GC heap after
{Heap after GC invocations=21 (full 0):
 garbage-first heap   total 227328K, used 83311K [0x0000000080000000, 0x0000000100000000)
  region size 1024K, 12 young (12288K), 12 survivors (12288K)
 Metaspace       used 86457K, capacity 88556K, committed 88704K, reserved 1126400K
  class space    used 11305K, capacity 12144K, committed 12160K, reserved 1048576K
}
Event: 24.573 GC heap before
{Heap before GC invocations=21 (full 0):
 garbage-first heap   total 227328K, used 168303K [0x0000000080000000, 0x0000000100000000)
  region size 1024K, 93 young (95232K), 12 survivors (12288K)
 Metaspace       used 89383K, capacity 91622K, committed 91904K, reserved 1128448K
  class space    used 11594K, capacity 12434K, committed 12544K, reserved 1048576K
}
Event: 24.627 GC heap after
{Heap after GC invocations=22 (full 0):
 garbage-first heap   total 227328K, used 107232K [0x0000000080000000, 0x0000000100000000)
  region size 1024K, 12 young (12288K), 12 survivors (12288K)
 Metaspace       used 89383K, capacity 91622K, committed 91904K, reserved 1128448K
  class space    used 11594K, capacity 12434K, committed 12544K, reserved 1048576K
}
Event: 25.468 GC heap before
{Heap before GC invocations=22 (full 0):
 garbage-first heap   total 227328K, used 140000K [0x0000000080000000, 0x0000000100000000)
  region size 1024K, 39 young (39936K), 12 survivors (12288K)
 Metaspace       used 90076K, capacity 92330K, committed 92416K, reserved 1128448K
  class space    used 11660K, capacity 12500K, committed 12544K, reserved 1048576K
}
Event: 25.524 GC heap after
{Heap after GC invocations=23 (full 0):
 garbage-first heap   total 273408K, used 114176K [0x0000000080000000, 0x0000000100000000)
  region size 1024K, 5 young (5120K), 5 survivors (5120K)
 Metaspace       used 90076K, capacity 92330K, committed 92416K, reserved 1128448K
  class space    used 11660K, capacity 12500K, committed 12544K, reserved 1048576K
}

Deoptimization events (20 events):
Event: 26.641 Thread 0x0000018bfa11c000 Uncommon trap: trap_request=0xffffff4d fr.pc=0x0000018be9c44448 relative=0x0000000000000208
Event: 26.641 Thread 0x0000018bfa11c000 Uncommon trap: reason=unstable_if action=reinterpret pc=0x0000018be9c44448 method=java.lang.Integer.getChars(II[B)I @ 4 c2
Event: 26.641 Thread 0x0000018bfa11c000 DEOPT PACKING pc=0x0000018be9c44448 sp=0x0000002a723f6d40
Event: 26.641 Thread 0x0000018bfa11c000 DEOPT UNPACKING pc=0x0000018be20ea1af sp=0x0000002a723f6cd0 mode 2
Event: 26.641 Thread 0x0000018bfa11c000 Uncommon trap: trap_request=0xffffff4d fr.pc=0x0000018be9c439c0 relative=0x00000000000000a0
Event: 26.641 Thread 0x0000018bfa11c000 Uncommon trap: reason=unstable_if action=reinterpret pc=0x0000018be9c439c0 method=java.lang.Integer.stringSize(I)I @ 3 c2
Event: 26.641 Thread 0x0000018bfa11c000 DEOPT PACKING pc=0x0000018be9c439c0 sp=0x0000002a723f6d50
Event: 26.641 Thread 0x0000018bfa11c000 DEOPT UNPACKING pc=0x0000018be20ea1af sp=0x0000002a723f6cd8 mode 2
Event: 26.689 Thread 0x0000018bfa11c000 DEOPT PACKING pc=0x0000018be3d8d3df sp=0x0000002a723f6ef0
Event: 26.689 Thread 0x0000018bfa11c000 DEOPT UNPACKING pc=0x0000018be20ea95e sp=0x0000002a723f6408 mode 0
Event: 26.689 Thread 0x0000018bfa11c000 DEOPT PACKING pc=0x0000018be3d8d3df sp=0x0000002a723f6ef0
Event: 26.689 Thread 0x0000018bfa11c000 DEOPT UNPACKING pc=0x0000018be20ea95e sp=0x0000002a723f6408 mode 0
Event: 26.779 Thread 0x0000018bfa11c000 DEOPT PACKING pc=0x0000018be3d8d3df sp=0x0000002a723f6ef0
Event: 26.779 Thread 0x0000018bfa11c000 DEOPT UNPACKING pc=0x0000018be20ea95e sp=0x0000002a723f6408 mode 0
Event: 26.781 Thread 0x0000018bfa11c000 DEOPT PACKING pc=0x0000018be3d8d3df sp=0x0000002a723f6ef0
Event: 26.781 Thread 0x0000018bfa11c000 DEOPT UNPACKING pc=0x0000018be20ea95e sp=0x0000002a723f6408 mode 0
Event: 26.782 Thread 0x0000018bfa11c000 DEOPT PACKING pc=0x0000018be3d8d3df sp=0x0000002a723f6ef0
Event: 26.782 Thread 0x0000018bfa11c000 DEOPT UNPACKING pc=0x0000018be20ea95e sp=0x0000002a723f6408 mode 0
Event: 26.783 Thread 0x0000018bfa11c000 DEOPT PACKING pc=0x0000018be3d8d3df sp=0x0000002a723f6ef0
Event: 26.783 Thread 0x0000018bfa11c000 DEOPT UNPACKING pc=0x0000018be20ea95e sp=0x0000002a723f6408 mode 0

Classes redefined (0 events):
No events

Internal exceptions (20 events):
Event: 20.004 Thread 0x0000018bfb3ba800 Exception <a 'java/lang/NoSuchMethodError'{0x000000008848f8e0}: <clinit>> (0x000000008848f8e0) thrown at [./src/hotspot/share/prims/jni.cpp, line 1365]
Event: 20.008 Thread 0x0000018bfb3ba800 Exception <a 'java/lang/NoSuchMethodError'{0x00000000884a4e20}: <clinit>> (0x00000000884a4e20) thrown at [./src/hotspot/share/prims/jni.cpp, line 1365]
Event: 20.012 Thread 0x0000018bfb3ba800 Exception <a 'java/lang/NoSuchMethodError'{0x00000000884c7258}: <clinit>> (0x00000000884c7258) thrown at [./src/hotspot/share/prims/jni.cpp, line 1365]
Event: 20.015 Thread 0x0000018bfb3ba800 Exception <a 'java/lang/NoSuchMethodError'{0x00000000884d1b80}: 'void java.lang.invoke.DirectMethodHandle$Holder.invokeSpecial(java.lang.Object, java.lang.Object, java.lang.Object, int)'> (0x00000000884d1b80) thrown at [./src/hotspot/share/interpreter/linkResolver.cpp, line 773]
Event: 20.131 Thread 0x0000018bfa11c000 Exception <a 'java/lang/IncompatibleClassChangeError'{0x000000008dd60a60}: Found class java.lang.Object, but interface was expected> (0x000000008dd60a60) thrown at [./src/hotspot/share/interpreter/linkResolver.cpp, line 839]
Event: 20.232 Thread 0x0000018bfa11c000 Exception <a 'java/lang/NoSuchMethodError'{0x000000008dce8348}: 'java.lang.Object java.lang.invoke.DirectMethodHandle$Holder.invokeInterface(java.lang.Object, java.lang.Object, int)'> (0x000000008dce8348) thrown at [./src/hotspot/share/interpreter/linkResolver.cpp, line 773]
Event: 20.239 Thread 0x0000018bfabec000 Exception <a 'java/lang/NoSuchMethodError'{0x000000008db08540}: <clinit>> (0x000000008db08540) thrown at [./src/hotspot/share/prims/jni.cpp, line 1365]
Event: 20.275 Thread 0x0000018bfa11c000 Exception <a 'java/lang/NoSuchMethodError'{0x000000008dcfdf78}: 'void java.lang.invoke.DirectMethodHandle$Holder.invokeStatic(java.lang.Object, java.lang.Object, java.lang.Object, int)'> (0x000000008dcfdf78) thrown at [./src/hotspot/share/interpreter/linkResolver.cpp, line 773]
Event: 20.390 Thread 0x0000018bfa11c000 Implicit null exception at 0x0000018be9e0aa77 to 0x0000018be9e0ac0c
Event: 20.440 Thread 0x0000018bfa11c000 Exception <a 'java/lang/IncompatibleClassChangeError'{0x000000008dadbed8}: Found class java.lang.Object, but interface was expected> (0x000000008dadbed8) thrown at [./src/hotspot/share/interpreter/linkResolver.cpp, line 839]
Event: 21.589 Thread 0x0000018bfa11c000 Exception <a 'java/lang/NoSuchMethodError'{0x000000008cb1e950}: 'void java.lang.invoke.DirectMethodHandle$Holder.invokeStatic(java.lang.Object, java.lang.Object, java.lang.Object, java.lang.Object, int, java.lang.Object, java.lang.Object)'> (0x000000008cb1e950) thrown at [./src/hotspot/share/interpreter/linkResolver.cpp, line 773]
Event: 21.640 Thread 0x0000018bfc9af000 Exception <a 'java/lang/NoSuchMethodError'{0x000000008c64b030}: 'java.lang.Object java.lang.invoke.DirectMethodHandle$Holder.invokeSpecialIFC(java.lang.Object, java.lang.Object, java.lang.Object)'> (0x000000008c64b030) thrown at [./src/hotspot/share/interpreter/linkResolver.cpp, line 773]
Event: 21.640 Thread 0x0000018bfc9b0800 Exception <a 'java/lang/NoSuchMethodError'{0x000000008c60d5c0}: 'java.lang.Object java.lang.invoke.DirectMethodHandle$Holder.invokeSpecialIFC(java.lang.Object, java.lang.Object, java.lang.Object)'> (0x000000008c60d5c0) thrown at [./src/hotspot/share/interpreter/linkResolver.cpp, line 773]
Event: 21.640 Thread 0x0000018bfc9ad800 Exception <a 'java/lang/NoSuchMethodError'{0x000000008c629c48}: 'java.lang.Object java.lang.invoke.DirectMethodHandle$Holder.invokeSpecialIFC(java.lang.Object, java.lang.Object, java.lang.Object)'> (0x000000008c629c48) thrown at [./src/hotspot/share/interpreter/linkResolver.cpp, line 773]
Event: 21.640 Thread 0x0000018bfc9b1800 Exception <a 'java/lang/NoSuchMethodError'{0x000000008c639168}: 'java.lang.Object java.lang.invoke.DirectMethodHandle$Holder.invokeSpecialIFC(java.lang.Object, java.lang.Object, java.lang.Object)'> (0x000000008c639168) thrown at [./src/hotspot/share/interpreter/linkResolver.cpp, line 773]
Event: 21.704 Thread 0x0000018bfc9b1800 Exception <a 'java/lang/NoSuchMethodError'{0x000000008c3050a8}: 'int java.lang.invoke.DirectMethodHandle$Holder.invokeStaticInit(java.lang.Object, java.lang.Object, java.lang.Object, java.lang.Object, java.lang.Object)'> (0x000000008c3050a8) thrown at [./src/hotspot/share/interpreter/linkResolver.cpp, line 773]
Event: 22.186 Thread 0x0000018bfc9af000 Exception <a 'java/lang/NoSuchMethodError'{0x000000008b4a9b08}: 'void java.lang.invoke.DirectMethodHandle$Holder.invokeVirtual(java.lang.Object, java.lang.Object)'> (0x000000008b4a9b08) thrown at [./src/hotspot/share/interpreter/linkResolver.cpp, line 773]
Event: 22.561 Thread 0x0000018bfc9b4000 Implicit null exception at 0x0000018bea09f124 to 0x0000018bea09f2c4
Event: 23.621 Thread 0x0000018bfc9b6800 Implicit null exception at 0x0000018bea0e2cdb to 0x0000018bea0e2d6c
Event: 23.996 Thread 0x0000018bfa11c000 Implicit null exception at 0x0000018be9e6f404 to 0x0000018be9e6f5fc

Events (20 events):
Event: 26.279 Executing VM operation: CGC_Operation
Event: 26.280 Executing VM operation: CGC_Operation done
Event: 26.500 loading class org/gradle/internal/work/AsyncWorkTracker$ProjectLockRetention
Event: 26.500 loading class org/gradle/internal/work/AsyncWorkTracker$ProjectLockRetention done
Event: 26.519 loading class com/android/ide/common/blame/SourceFileJsonTypeAdapter$1
Event: 26.519 loading class com/android/ide/common/blame/SourceFileJsonTypeAdapter$1 done
Event: 26.556 loading class com/google/common/cache/LocalCache$EntrySet
Event: 26.556 loading class com/google/common/cache/LocalCache$EntrySet done
Event: 26.564 loading class com/google/common/cache/LocalCache$AbstractCacheSet
Event: 26.564 loading class com/google/common/cache/LocalCache$AbstractCacheSet done
Event: 26.570 loading class com/google/common/cache/LocalCache$EntryIterator
Event: 26.570 loading class com/google/common/cache/LocalCache$EntryIterator done
Event: 26.573 loading class com/google/common/cache/LocalCache$HashIterator
Event: 26.573 loading class com/google/common/cache/LocalCache$HashIterator done
Event: 26.580 loading class com/google/common/cache/LocalCache$WriteThroughEntry
Event: 26.580 loading class com/google/common/cache/LocalCache$WriteThroughEntry done
Event: 26.606 loading class com/android/ide/common/blame/MergingLogPersistUtil$SourcePositionsSerializer
Event: 26.606 loading class com/android/ide/common/blame/MergingLogPersistUtil$SourcePositionsSerializer done
Event: 26.608 loading class com/android/ide/common/blame/MergingLogPersistUtil$SourcePositionsSerializer$Kind
Event: 26.608 loading class com/android/ide/common/blame/MergingLogPersistUtil$SourcePositionsSerializer$Kind done


Dynamic libraries:
0x00007ff75e420000 - 0x00007ff75e42a000 	C:\Program Files\Android\Android Studio\jre\bin\java.exe
0x00007ffc10e90000 - 0x00007ffc110a4000 	C:\WINDOWS\SYSTEM32\ntdll.dll
0x00007ffc10570000 - 0x00007ffc10632000 	C:\WINDOWS\System32\KERNEL32.DLL
0x00007ffc0e850000 - 0x00007ffc0ebec000 	C:\WINDOWS\System32\KERNELBASE.dll
0x00007ffc0e670000 - 0x00007ffc0e781000 	C:\WINDOWS\System32\ucrtbase.dll
0x00007ffc0b240000 - 0x00007ffc0b259000 	C:\Program Files\Android\Android Studio\jre\bin\jli.dll
0x00007ffbf1f60000 - 0x00007ffbf1f77000 	C:\Program Files\Android\Android Studio\jre\bin\VCRUNTIME140.dll
0x00007ffc10c30000 - 0x00007ffc10dda000 	C:\WINDOWS\System32\USER32.dll
0x00007ffbf3f60000 - 0x00007ffbf41ee000 	C:\WINDOWS\WinSxS\amd64_microsoft.windows.common-controls_6595b64144ccf1df_6.0.22621.608_none_a9444ca7c10bb01d\COMCTL32.dll
0x00007ffc0e4a0000 - 0x00007ffc0e4c6000 	C:\WINDOWS\System32\win32u.dll
0x00007ffc108a0000 - 0x00007ffc10947000 	C:\WINDOWS\System32\msvcrt.dll
0x00007ffc0f680000 - 0x00007ffc0f6a9000 	C:\WINDOWS\System32\GDI32.dll
0x00007ffc0e550000 - 0x00007ffc0e662000 	C:\WINDOWS\System32\gdi32full.dll
0x00007ffc0ebf0000 - 0x00007ffc0ec8a000 	C:\WINDOWS\System32\msvcp_win.dll
0x00007ffc0eeb0000 - 0x00007ffc0eee1000 	C:\WINDOWS\System32\IMM32.DLL
0x00007ffbea1a0000 - 0x00007ffbea23d000 	C:\Program Files\Android\Android Studio\jre\bin\msvcp140.dll
0x00007ffb84430000 - 0x00007ffb84f15000 	C:\Program Files\Android\Android Studio\jre\bin\server\jvm.dll
0x00007ffc0ec90000 - 0x00007ffc0ed3e000 	C:\WINDOWS\System32\ADVAPI32.dll
0x00007ffc10640000 - 0x00007ffc106e4000 	C:\WINDOWS\System32\sechost.dll
0x00007ffc106f0000 - 0x00007ffc10805000 	C:\WINDOWS\System32\RPCRT4.dll
0x00007ffc0f010000 - 0x00007ffc0f018000 	C:\WINDOWS\System32\PSAPI.DLL
0x00007ffc08490000 - 0x00007ffc08499000 	C:\WINDOWS\SYSTEM32\WSOCK32.dll
0x00007ffc06840000 - 0x00007ffc06874000 	C:\WINDOWS\SYSTEM32\WINMM.dll
0x00007ffc0ef70000 - 0x00007ffc0efe1000 	C:\WINDOWS\System32\WS2_32.dll
0x00007ffc07600000 - 0x00007ffc0760a000 	C:\WINDOWS\SYSTEM32\VERSION.dll
0x00007ffc0d3e0000 - 0x00007ffc0d3f8000 	C:\WINDOWS\SYSTEM32\kernel.appcore.dll
0x00007ffc08180000 - 0x00007ffc08191000 	C:\Program Files\Android\Android Studio\jre\bin\verify.dll
0x00007ffc0bd70000 - 0x00007ffc0bf9e000 	C:\WINDOWS\SYSTEM32\DBGHELP.DLL
0x00007ffc10170000 - 0x00007ffc104f9000 	C:\WINDOWS\System32\combase.dll
0x00007ffc0f4a0000 - 0x00007ffc0f577000 	C:\WINDOWS\System32\OLEAUT32.dll
0x00007ffbeef40000 - 0x00007ffbeef72000 	C:\WINDOWS\SYSTEM32\dbgcore.DLL
0x00007ffc0e4d0000 - 0x00007ffc0e54b000 	C:\WINDOWS\System32\bcryptPrimitives.dll
0x00007ffbf4c00000 - 0x00007ffbf4c29000 	C:\Program Files\Android\Android Studio\jre\bin\java.dll
0x00007ffc07a50000 - 0x00007ffc07a5b000 	C:\Program Files\Android\Android Studio\jre\bin\jimage.dll
0x00007ffc06b30000 - 0x00007ffc06b48000 	C:\Program Files\Android\Android Studio\jre\bin\zip.dll
0x00007ffc0f860000 - 0x00007ffc1003e000 	C:\WINDOWS\System32\SHELL32.dll
0x00007ffc0c330000 - 0x00007ffc0cbe7000 	C:\WINDOWS\SYSTEM32\windows.storage.dll
0x00007ffc0c1f0000 - 0x00007ffc0c32d000 	C:\WINDOWS\SYSTEM32\wintypes.dll
0x00007ffc0edb0000 - 0x00007ffc0eea1000 	C:\WINDOWS\System32\SHCORE.dll
0x00007ffc10de0000 - 0x00007ffc10e3e000 	C:\WINDOWS\System32\shlwapi.dll
0x00007ffc0e1f0000 - 0x00007ffc0e211000 	C:\WINDOWS\SYSTEM32\profapi.dll
0x00007ffbf54f0000 - 0x00007ffbf550a000 	C:\Program Files\Android\Android Studio\jre\bin\net.dll
0x00007ffc06440000 - 0x00007ffc0656f000 	C:\WINDOWS\SYSTEM32\WINHTTP.dll
0x00007ffc0d890000 - 0x00007ffc0d8f9000 	C:\WINDOWS\system32\mswsock.dll
0x00007ffbf35d0000 - 0x00007ffbf35e4000 	C:\Program Files\Android\Android Studio\jre\bin\nio.dll
0x00007ffbf1e50000 - 0x00007ffbf1e77000 	C:\Users\jeova\.gradle\native\e1d6ef7f7dcc3fd88c89a11ec53ec762bb8ba0a96d01ffa2cd45eb1d1d8dd5c5\windows-amd64\native-platform.dll
0x00007ffbc59c0000 - 0x00007ffbc5b04000 	C:\Users\jeova\.gradle\native\5664cfc778a61ccfe75a443a1ab52a65af34e5dc3c78e0209fed803814484fcb\windows-amd64\native-platform-file-events.dll
0x00007ffc07a40000 - 0x00007ffc07a4a000 	C:\Program Files\Android\Android Studio\jre\bin\management.dll
0x00007ffbf9490000 - 0x00007ffbf949d000 	C:\Program Files\Android\Android Studio\jre\bin\management_ext.dll
0x00007ffc0dad0000 - 0x00007ffc0daeb000 	C:\WINDOWS\SYSTEM32\CRYPTSP.dll
0x00007ffc0d3a0000 - 0x00007ffc0d3d5000 	C:\WINDOWS\system32\rsaenh.dll
0x00007ffc0d980000 - 0x00007ffc0d9a8000 	C:\WINDOWS\SYSTEM32\USERENV.dll
0x00007ffc0dc70000 - 0x00007ffc0dc98000 	C:\WINDOWS\SYSTEM32\bcrypt.dll
0x00007ffc0daf0000 - 0x00007ffc0dafc000 	C:\WINDOWS\SYSTEM32\CRYPTBASE.dll
0x00007ffc0ceb0000 - 0x00007ffc0cedd000 	C:\WINDOWS\SYSTEM32\IPHLPAPI.DLL
0x00007ffc100a0000 - 0x00007ffc100a9000 	C:\WINDOWS\System32\NSI.dll
0x00007ffc06310000 - 0x00007ffc06329000 	C:\WINDOWS\SYSTEM32\dhcpcsvc6.DLL
0x00007ffc062f0000 - 0x00007ffc0630f000 	C:\WINDOWS\SYSTEM32\dhcpcsvc.DLL
0x00007ffc0cf20000 - 0x00007ffc0d012000 	C:\WINDOWS\SYSTEM32\DNSAPI.dll

dbghelp: loaded successfully - version: 4.0.5 - missing functions: none
symbol engine: initialized successfully - sym options: 0x614 - pdb path: .;C:\Program Files\Android\Android Studio\jre\bin;C:\WINDOWS\SYSTEM32;C:\WINDOWS\WinSxS\amd64_microsoft.windows.common-controls_6595b64144ccf1df_6.0.22621.608_none_a9444ca7c10bb01d;C:\Program Files\Android\Android Studio\jre\bin\server;C:\Users\jeova\.gradle\native\e1d6ef7f7dcc3fd88c89a11ec53ec762bb8ba0a96d01ffa2cd45eb1d1d8dd5c5\windows-amd64;C:\Users\jeova\.gradle\native\5664cfc778a61ccfe75a443a1ab52a65af34e5dc3c78e0209fed803814484fcb\windows-amd64

VM Arguments:
jvm_args: --add-opens=java.base/java.util=ALL-UNNAMED --add-opens=java.base/java.lang=ALL-UNNAMED --add-opens=java.base/java.lang.invoke=ALL-UNNAMED --add-opens=java.base/java.util=ALL-UNNAMED --add-opens=java.prefs/java.util.prefs=ALL-UNNAMED --add-opens=java.prefs/java.util.prefs=ALL-UNNAMED --add-opens=java.base/java.nio.charset=ALL-UNNAMED --add-opens=java.base/java.net=ALL-UNNAMED --add-opens=java.base/java.util.concurrent.atomic=ALL-UNNAMED -Xmx2048m -Dfile.encoding=UTF-8 -Duser.country=MX -Duser.language=es -Duser.variant 
java_command: org.gradle.launcher.daemon.bootstrap.GradleDaemon 7.3.3
java_class_path (initial): C:\Users\jeova\.gradle\wrapper\dists\gradle-7.3.3-bin\6a41zxkdtcxs8rphpq6y0069z\gradle-7.3.3\lib\gradle-launcher-7.3.3.jar
Launcher Type: SUN_STANDARD

[Global flags]
     intx CICompilerCount                          = 3                                         {product} {ergonomic}
     uint ConcGCThreads                            = 1                                         {product} {ergonomic}
     uint G1ConcRefinementThreads                  = 4                                         {product} {ergonomic}
   size_t G1HeapRegionSize                         = 1048576                                   {product} {ergonomic}
    uintx GCDrainStackTargetSize                   = 64                                        {product} {ergonomic}
   size_t InitialHeapSize                          = 134217728                                 {product} {ergonomic}
   size_t MarkStackSize                            = 4194304                                   {product} {ergonomic}
   size_t MaxHeapSize                              = 2147483648                                {product} {command line}
   size_t MaxNewSize                               = 1287651328                                {product} {ergonomic}
   size_t MinHeapDeltaBytes                        = 1048576                                   {product} {ergonomic}
    uintx NonNMethodCodeHeapSize                   = 5830732                                {pd product} {ergonomic}
    uintx NonProfiledCodeHeapSize                  = 122913754                              {pd product} {ergonomic}
    uintx ProfiledCodeHeapSize                     = 122913754                              {pd product} {ergonomic}
    uintx ReservedCodeCacheSize                    = 251658240                              {pd product} {ergonomic}
     bool SegmentedCodeCache                       = true                                      {product} {ergonomic}
     bool UseCompressedClassPointers               = true                                 {lp64_product} {ergonomic}
     bool UseCompressedOops                        = true                                 {lp64_product} {ergonomic}
     bool UseG1GC                                  = true                                      {product} {ergonomic}
     bool UseLargePagesIndividualAllocation        = false                                  {pd product} {ergonomic}

Logging:
Log output configuration:
 #0: stdout all=warning uptime,level,tags
 #1: stderr all=off uptime,level,tags

Environment Variables:
PATH=C:\Program Files (x86)\Common Files\Oracle\Java\javapath;C:\WINDOWS\system32;C:\WINDOWS;C:\WINDOWS\System32\Wbem;C:\WINDOWS\System32\WindowsPowerShell\v1.0\;C:\WINDOWS\System32\OpenSSH\;C:\Program Files\MATLAB\R2020b\bin;C:\Program Files\dotnet\;C:\Program Files\Microsoft SQL Server\Client SDK\ODBC\170\Tools\Binn\;C:\Program Files\Azure Data Studio\bin;C:\Program Files\nodejs\;C:\Program Files (x86)\Microsoft SQL Server\150\DTS\Binn\;C:\Program Files (x86)\Microsoft SQL Server\150\Tools\Binn\;C:\Program Files\Microsoft SQL Server\150\Tools\Binn\;C:\Program Files\Microsoft SQL Server\150\DTS\Binn\;C:\Program Files\Microsoft SQL Server\130\Tools\Binn\;C:\Program Files (x86)\dotnet\;C:\Program Files\Git\cmd;C:\Program Files\Intel\Intel(R) Memory and Storage Tool\;C:\Users\jeova\AppData\Local\Programs\Python\Python39\Scripts\;C:\Users\jeova\AppData\Local\Programs\Python\Python39\;C:\Users\jeova\AppData\Local\Microsoft\WindowsApps;C:\Users\jeova\AppData\Local\Programs\Microsoft VS Code\bin;C:\Users\jeova\.dotnet\tools;C:\Program Files\Azure Data Studio\bin;C:\Users\jeova\AppData\Roaming\npm;C:\Users\jeova\AppData\Local\GitHubDesktop\bin;C:\Users\jeova\OneDrive\Escritorio\ESCRITORIO\CEM;
USERNAME=jeova
OS=Windows_NT
PROCESSOR_IDENTIFIER=Intel64 Family 6 Model 142 Stepping 10, GenuineIntel



---------------  S Y S T E M  ---------------

OS: Windows 10 , 64 bit Build 22621 (10.0.22621.608)
OS uptime: 0 days 1:32 hours

CPU:total 4 (initial active 4) (2 cores per cpu, 2 threads per core) family 6 model 142 stepping 10 microcode 0xe0, cmov, cx8, fxsr, mmx, sse, sse2, sse3, ssse3, sse4.1, sse4.2, popcnt, avx, avx2, aes, clmul, erms, 3dnowpref, lzcnt, ht, tsc, tscinvbit, bmi1, bmi2, adx, fma

Memory: 4k page, system-wide physical 8107M (877M free)
TotalPageFile size 8107M (AvailPageFile size 3M)
current process WorkingSet (physical memory assigned to process): 516M, peak: 516M
current process commit charge ("private bytes"): 547M, peak: 548M

vm_info: OpenJDK 64-Bit Server VM (11.0.12+7-b1504.28-7817840) for windows-amd64 JRE (11.0.12+7-b1504.28-7817840), built on Oct 13 2021 22:12:33 by "builder" with MS VC++ 14.0 (VS2015)

END.
