#
# There is insufficient memory for the Java Runtime Environment to continue.
# Native memory allocation (malloc) failed to allocate 131088 bytes for Chunk::new
# Possible reasons:
#   The system is out of physical RAM or swap space
#   The process is running with CompressedOops enabled, and the Java Heap may be blocking the growth of the native heap
# Possible solutions:
#   Reduce memory load on the system
#   Increase physical memory or swap space
#   Check if swap backing store is full
#   Decrease Java heap size (-Xmx/-Xms)
#   Decrease number of Java threads
#   Decrease Java thread stack sizes (-Xss)
#   Set larger code cache with -XX:ReservedCodeCacheSize=
#   JVM is running with Unscaled Compressed Oops mode in which the Java heap is
#     placed in the first 4GB address space. The Java Heap base address is the
#     maximum limit for the native heap growth. Please use -XX:HeapBaseMinAddress
#     to set the Java Heap base and to place the Java Heap above 4GB virtual address.
# This output file may be truncated or incomplete.
#
#  Out of Memory Error (./src/hotspot/share/memory/arena.cpp:197), pid=9588, tid=14064
#
# JRE version: OpenJDK Runtime Environment (11.0.12+7) (build 11.0.12+7-b1504.28-7817840)
# Java VM: OpenJDK 64-Bit Server VM (11.0.12+7-b1504.28-7817840, mixed mode, tiered, compressed oops, g1 gc, windows-amd64)
# No core dump will be written. Minidumps are not enabled by default on client versions of Windows
#

---------------  S U M M A R Y ------------

Command Line: --add-opens=java.base/java.util=ALL-UNNAMED --add-opens=java.base/java.lang=ALL-UNNAMED --add-opens=java.base/java.lang.invoke=ALL-UNNAMED --add-opens=java.base/java.util=ALL-UNNAMED --add-opens=java.prefs/java.util.prefs=ALL-UNNAMED --add-opens=java.prefs/java.util.prefs=ALL-UNNAMED --add-opens=java.base/java.nio.charset=ALL-UNNAMED --add-opens=java.base/java.net=ALL-UNNAMED --add-opens=java.base/java.util.concurrent.atomic=ALL-UNNAMED -Xmx2048m -Dfile.encoding=UTF-8 -Duser.country=MX -Duser.language=es -Duser.variant org.gradle.launcher.daemon.bootstrap.GradleDaemon 7.3.3

Host: Intel(R) Core(TM) i3-7020U CPU @ 2.30GHz, 4 cores, 7G,  Windows 10 , 64 bit Build 22621 (10.0.22621.608)
Time: Sat Oct  8 22:44:21 2022 Hora de verano central (México) elapsed time: 9.499689 seconds (0d 0h 0m 9s)

---------------  T H R E A D  ---------------

Current thread (0x0000028e63799000):  JavaThread "C2 CompilerThread1" daemon [_thread_in_native, id=14064, stack(0x000000ed08300000,0x000000ed08400000)]


Current CompileTask:
C2:   9499 4321       4       java.util.jar.JarFile::getManifestFromReference (151 bytes)

Stack: [0x000000ed08300000,0x000000ed08400000]
Native frames: (J=compiled Java code, j=interpreted, Vv=VM code, C=native code)
V  [jvm.dll+0x5fbcea]
V  [jvm.dll+0x731905]
V  [jvm.dll+0x732f1d]
V  [jvm.dll+0x7335d3]
V  [jvm.dll+0x247bf8]
V  [jvm.dll+0xc018c]
V  [jvm.dll+0xc06cc]
V  [jvm.dll+0xc02cc]
V  [jvm.dll+0x6282e0]
V  [jvm.dll+0x511642]
V  [jvm.dll+0x2018ec]
V  [jvm.dll+0x1ff71f]
V  [jvm.dll+0x18868c]
V  [jvm.dll+0x20e0d7]
V  [jvm.dll+0x20c901]
V  [jvm.dll+0x6f9b7f]
V  [jvm.dll+0x6f26a5]
V  [jvm.dll+0x5fabf6]
C  [ucrtbase.dll+0x29363]
C  [KERNEL32.DLL+0x1244d]
C  [ntdll.dll+0x5df78]


---------------  P R O C E S S  ---------------

Threads class SMR info:
_java_thread_list=0x0000028e654cd080, length=37, elements={
0x0000028e45daf800, 0x0000028e5f99e000, 0x0000028e5f9a2000, 0x0000028e60352800,
0x0000028e5f9bc800, 0x0000028e5f9bf800, 0x0000028e5f9c4000, 0x0000028e5f9c9000,
0x0000028e5f9cc800, 0x0000028e6049a000, 0x0000028e61b7b000, 0x0000028e62c03000,
0x0000028e63298000, 0x0000028e62f01800, 0x0000028e628a0800, 0x0000028e62588000,
0x0000028e6310f800, 0x0000028e62c66800, 0x0000028e6181b800, 0x0000028e62fce800,
0x0000028e62fcf800, 0x0000028e62fcc000, 0x0000028e62fd0000, 0x0000028e62fcd000,
0x0000028e63799000, 0x0000028e62fd1000, 0x0000028e62fcb800, 0x0000028e62fd2000,
0x0000028e62fce000, 0x0000028e65b14800, 0x0000028e65b19000, 0x0000028e65b15000,
0x0000028e65b17000, 0x0000028e65b17800, 0x0000028e65b16000, 0x0000028e65b1e000,
0x0000028e65b1d800
}

Java Threads: ( => current thread )
  0x0000028e45daf800 JavaThread "main" [_thread_blocked, id=14356, stack(0x000000ed06100000,0x000000ed06200000)]
  0x0000028e5f99e000 JavaThread "Reference Handler" daemon [_thread_blocked, id=7840, stack(0x000000ed06800000,0x000000ed06900000)]
  0x0000028e5f9a2000 JavaThread "Finalizer" daemon [_thread_blocked, id=10956, stack(0x000000ed06900000,0x000000ed06a00000)]
  0x0000028e60352800 JavaThread "Signal Dispatcher" daemon [_thread_blocked, id=6712, stack(0x000000ed06a00000,0x000000ed06b00000)]
  0x0000028e5f9bc800 JavaThread "Attach Listener" daemon [_thread_blocked, id=14176, stack(0x000000ed06b00000,0x000000ed06c00000)]
  0x0000028e5f9bf800 JavaThread "Service Thread" daemon [_thread_blocked, id=12696, stack(0x000000ed06c00000,0x000000ed06d00000)]
  0x0000028e5f9c4000 JavaThread "C2 CompilerThread0" daemon [_thread_in_native, id=952, stack(0x000000ed06d00000,0x000000ed06e00000)]
  0x0000028e5f9c9000 JavaThread "C1 CompilerThread0" daemon [_thread_blocked, id=10720, stack(0x000000ed06e00000,0x000000ed06f00000)]
  0x0000028e5f9cc800 JavaThread "Sweeper thread" daemon [_thread_blocked, id=1380, stack(0x000000ed06f00000,0x000000ed07000000)]
  0x0000028e6049a000 JavaThread "Common-Cleaner" daemon [_thread_blocked, id=11360, stack(0x000000ed07000000,0x000000ed07100000)]
  0x0000028e61b7b000 JavaThread "Daemon health stats" [_thread_blocked, id=11308, stack(0x000000ed07500000,0x000000ed07600000)]
  0x0000028e62c03000 JavaThread "Incoming local TCP Connector on port 51101" [_thread_in_native, id=3300, stack(0x000000ed07200000,0x000000ed07300000)]
  0x0000028e63298000 JavaThread "Daemon periodic checks" [_thread_blocked, id=12772, stack(0x000000ed07700000,0x000000ed07800000)]
  0x0000028e62f01800 JavaThread "Daemon" [_thread_blocked, id=3948, stack(0x000000ed07800000,0x000000ed07900000)]
  0x0000028e628a0800 JavaThread "Handler for socket connection from /127.0.0.1:51101 to /127.0.0.1:51102" [_thread_in_native, id=5052, stack(0x000000ed07900000,0x000000ed07a00000)]
  0x0000028e62588000 JavaThread "Cancel handler" [_thread_blocked, id=8836, stack(0x000000ed07a00000,0x000000ed07b00000)]
  0x0000028e6310f800 JavaThread "Daemon worker" [_thread_in_Java, id=10248, stack(0x000000ed07b00000,0x000000ed07c00000)]
  0x0000028e62c66800 JavaThread "Asynchronous log dispatcher for DefaultDaemonConnection: socket connection from /127.0.0.1:51101 to /127.0.0.1:51102" [_thread_blocked, id=13392, stack(0x000000ed07c00000,0x000000ed07d00000)]
  0x0000028e6181b800 JavaThread "Stdin handler" [_thread_blocked, id=3224, stack(0x000000ed07d00000,0x000000ed07e00000)]
  0x0000028e62fce800 JavaThread "Daemon client event forwarder" [_thread_blocked, id=11888, stack(0x000000ed07e00000,0x000000ed07f00000)]
  0x0000028e62fcf800 JavaThread "Cache worker for journal cache (C:\Users\jeova\.gradle\caches\journal-1)" [_thread_blocked, id=8124, stack(0x000000ed08000000,0x000000ed08100000)]
  0x0000028e62fcc000 JavaThread "File lock request listener" [_thread_in_native, id=6460, stack(0x000000ed08100000,0x000000ed08200000)]
  0x0000028e62fd0000 JavaThread "Cache worker for file hash cache (C:\Users\jeova\.gradle\caches\7.3.3\fileHashes)" [_thread_blocked, id=2068, stack(0x000000ed08200000,0x000000ed08300000)]
  0x0000028e62fcd000 JavaThread "Cache worker for file hash cache (C:\Users\jeova\Desktop\Proyecto\ProyectoEquipo4 (1)\ProyectoEquipo4\.gradle\7.3.3\fileHashes)" [_thread_blocked, id=8568, stack(0x000000ed07600000,0x000000ed07700000)]
=>0x0000028e63799000 JavaThread "C2 CompilerThread1" daemon [_thread_in_native, id=14064, stack(0x000000ed08300000,0x000000ed08400000)]
  0x0000028e62fd1000 JavaThread "File watcher server" daemon [_thread_in_native, id=10744, stack(0x000000ed08400000,0x000000ed08500000)]
  0x0000028e62fcb800 JavaThread "File watcher consumer" daemon [_thread_blocked, id=2844, stack(0x000000ed08500000,0x000000ed08600000)]
  0x0000028e62fd2000 JavaThread "jar transforms" [_thread_blocked, id=13276, stack(0x000000ed08600000,0x000000ed08700000)]
  0x0000028e62fce000 JavaThread "jar transforms Thread 2" [_thread_blocked, id=6928, stack(0x000000ed08700000,0x000000ed08800000)]
  0x0000028e65b14800 JavaThread "jar transforms Thread 3" [_thread_blocked, id=13380, stack(0x000000ed08800000,0x000000ed08900000)]
  0x0000028e65b19000 JavaThread "jar transforms Thread 4" [_thread_blocked, id=11248, stack(0x000000ed08900000,0x000000ed08a00000)]
  0x0000028e65b15000 JavaThread "Cache worker for checksums cache (C:\Users\jeova\Desktop\Proyecto\ProyectoEquipo4 (1)\ProyectoEquipo4\.gradle\7.3.3\checksums)" [_thread_blocked, id=12252, stack(0x000000ed08a00000,0x000000ed08b00000)]
  0x0000028e65b17000 JavaThread "Cache worker for cache directory md-supplier (C:\Users\jeova\.gradle\caches\7.3.3\md-supplier)" [_thread_blocked, id=440, stack(0x000000ed08b00000,0x000000ed08c00000)]
  0x0000028e65b17800 JavaThread "Cache worker for cache directory md-rule (C:\Users\jeova\.gradle\caches\7.3.3\md-rule)" [_thread_blocked, id=7436, stack(0x000000ed08c00000,0x000000ed08d00000)]
  0x0000028e65b16000 JavaThread "Cache worker for execution history cache (C:\Users\jeova\.gradle\caches\7.3.3\executionHistory)" [_thread_blocked, id=1768, stack(0x000000ed08d00000,0x000000ed08e00000)]
  0x0000028e65b1e000 JavaThread "Cache worker for file content cache (C:\Users\jeova\.gradle\caches\7.3.3\fileContent)" [_thread_blocked, id=11680, stack(0x000000ed08e00000,0x000000ed08f00000)]
  0x0000028e65b1d800 JavaThread "Cache worker for dependencies-accessors (C:\Users\jeova\Desktop\Proyecto\ProyectoEquipo4 (1)\ProyectoEquipo4\.gradle\7.3.3\dependencies-accessors)" [_thread_blocked, id=13852, stack(0x000000ed08f00000,0x000000ed09000000)]

Other Threads:
  0x0000028e5f999800 VMThread "VM Thread" [stack: 0x000000ed06700000,0x000000ed06800000] [id=14400]
  0x0000028e604b2800 WatcherThread [stack: 0x000000ed07100000,0x000000ed07200000] [id=12512]
  0x0000028e45dc4800 GCTaskThread "GC Thread#0" [stack: 0x000000ed06200000,0x000000ed06300000] [id=8380]
  0x0000028e61161000 GCTaskThread "GC Thread#1" [stack: 0x000000ed07300000,0x000000ed07400000] [id=10148]
  0x0000028e610f2000 GCTaskThread "GC Thread#2" [stack: 0x000000ed07400000,0x000000ed07500000] [id=7376]
  0x0000028e63234800 GCTaskThread "GC Thread#3" [stack: 0x000000ed07f00000,0x000000ed08000000] [id=5204]
  0x0000028e45df6800 ConcurrentGCThread "G1 Main Marker" [stack: 0x000000ed06300000,0x000000ed06400000] [id=9520]
  0x0000028e45df9800 ConcurrentGCThread "G1 Conc#0" [stack: 0x000000ed06400000,0x000000ed06500000] [id=15312]
  0x0000028e5f7f0800 ConcurrentGCThread "G1 Refine#0" [stack: 0x000000ed06500000,0x000000ed06600000] [id=14868]
  0x0000028e5f7f1800 ConcurrentGCThread "G1 Young RemSet Sampling" [stack: 0x000000ed06600000,0x000000ed06700000] [id=5424]

Threads with active compile tasks:
C2 CompilerThread0   9532 4320       4       java.util.jar.JarFile::getManifest (5 bytes)
C2 CompilerThread1   9532 4321       4       java.util.jar.JarFile::getManifestFromReference (151 bytes)

VM state:not at safepoint (normal execution)

VM Mutex/Monitor currently owned by a thread: None

Heap address: 0x0000000080000000, size: 2048 MB, Compressed Oops mode: 32-bit
Narrow klass base: 0x0000000000000000, Narrow klass shift: 3
Compressed class space size: 1073741824 Address: 0x0000000100000000

Heap:
 garbage-first heap   total 189440K, used 52061K [0x0000000080000000, 0x0000000100000000)
  region size 1024K, 13 young (13312K), 11 survivors (11264K)
 Metaspace       used 47711K, capacity 49023K, committed 49100K, reserved 1091584K
  class space    used 6112K, capacity 6557K, committed 6604K, reserved 1048576K
Heap Regions: E=young(eden), S=young(survivor), O=old, HS=humongous(starts), HC=humongous(continues), CS=collection set, F=free, A=archive, TAMS=top-at-mark-start (previous, next)
|   0|0x0000000080000000, 0x0000000080100000, 0x0000000080100000|100%| O|  |TAMS 0x0000000080100000, 0x0000000080000000| Untracked 
|   1|0x0000000080100000, 0x0000000080200000, 0x0000000080200000|100%| O|  |TAMS 0x0000000080200000, 0x0000000080100000| Untracked 
|   2|0x0000000080200000, 0x0000000080300000, 0x0000000080300000|100%| O|  |TAMS 0x0000000080300000, 0x0000000080200000| Untracked 
|   3|0x0000000080300000, 0x0000000080400000, 0x0000000080400000|100%|HS|  |TAMS 0x0000000080400000, 0x0000000080300000| Complete 
|   4|0x0000000080400000, 0x0000000080500000, 0x0000000080500000|100%|HC|  |TAMS 0x0000000080500000, 0x0000000080400000| Complete 
|   5|0x0000000080500000, 0x0000000080600000, 0x0000000080600000|100%|HC|  |TAMS 0x0000000080600000, 0x0000000080500000| Complete 
|   6|0x0000000080600000, 0x0000000080700000, 0x0000000080700000|100%| O|  |TAMS 0x0000000080700000, 0x0000000080600000| Untracked 
|   7|0x0000000080700000, 0x0000000080800000, 0x0000000080800000|100%| O|  |TAMS 0x0000000080800000, 0x0000000080700000| Untracked 
|   8|0x0000000080800000, 0x0000000080900000, 0x0000000080900000|100%| O|  |TAMS 0x0000000080900000, 0x0000000080800000| Untracked 
|   9|0x0000000080900000, 0x0000000080a00000, 0x0000000080a00000|100%| O|  |TAMS 0x0000000080a00000, 0x0000000080900000| Untracked 
|  10|0x0000000080a00000, 0x0000000080b00000, 0x0000000080b00000|100%| O|  |TAMS 0x0000000080b00000, 0x0000000080a00000| Untracked 
|  11|0x0000000080b00000, 0x0000000080c00000, 0x0000000080c00000|100%| O|  |TAMS 0x0000000080c00000, 0x0000000080b00000| Untracked 
|  12|0x0000000080c00000, 0x0000000080d00000, 0x0000000080d00000|100%| O|  |TAMS 0x0000000080d00000, 0x0000000080c00000| Untracked 
|  13|0x0000000080d00000, 0x0000000080e00000, 0x0000000080e00000|100%| O|  |TAMS 0x0000000080e00000, 0x0000000080d00000| Untracked 
|  14|0x0000000080e00000, 0x0000000080f00000, 0x0000000080f00000|100%| O|  |TAMS 0x0000000080f00000, 0x0000000080e00000| Untracked 
|  15|0x0000000080f00000, 0x0000000081000000, 0x0000000081000000|100%| O|  |TAMS 0x0000000081000000, 0x0000000080f00000| Untracked 
|  16|0x0000000081000000, 0x0000000081100000, 0x0000000081100000|100%| O|  |TAMS 0x0000000081014e00, 0x0000000081000000| Untracked 
|  17|0x0000000081100000, 0x0000000081200000, 0x0000000081200000|100%|HS|  |TAMS 0x0000000081200000, 0x0000000081100000| Complete 
|  18|0x0000000081200000, 0x0000000081300000, 0x0000000081300000|100%|HC|  |TAMS 0x0000000081300000, 0x0000000081200000| Complete 
|  19|0x0000000081300000, 0x0000000081400000, 0x0000000081400000|100%|HS|  |TAMS 0x0000000081400000, 0x0000000081300000| Complete 
|  20|0x0000000081400000, 0x0000000081500000, 0x0000000081500000|100%|HC|  |TAMS 0x0000000081500000, 0x0000000081400000| Complete 
|  21|0x0000000081500000, 0x0000000081600000, 0x0000000081600000|100%|HC|  |TAMS 0x0000000081600000, 0x0000000081500000| Complete 
|  22|0x0000000081600000, 0x0000000081700000, 0x0000000081700000|100%|HS|  |TAMS 0x0000000081700000, 0x0000000081600000| Complete 
|  23|0x0000000081700000, 0x0000000081800000, 0x0000000081800000|100%|HS|  |TAMS 0x0000000081800000, 0x0000000081700000| Complete 
|  24|0x0000000081800000, 0x0000000081900000, 0x0000000081900000|100%|HC|  |TAMS 0x0000000081900000, 0x0000000081800000| Complete 
|  25|0x0000000081900000, 0x0000000081a00000, 0x0000000081a00000|100%|HC|  |TAMS 0x0000000081a00000, 0x0000000081900000| Complete 
|  26|0x0000000081a00000, 0x0000000081b00000, 0x0000000081b00000|100%|HC|  |TAMS 0x0000000081b00000, 0x0000000081a00000| Complete 
|  27|0x0000000081b00000, 0x0000000081c00000, 0x0000000081c00000|100%|HS|  |TAMS 0x0000000081b00000, 0x0000000081b00000| Complete 
|  28|0x0000000081c00000, 0x0000000081c00000, 0x0000000081d00000|  0%| F|  |TAMS 0x0000000081c00000, 0x0000000081c00000| Untracked 
|  29|0x0000000081d00000, 0x0000000081e00000, 0x0000000081e00000|100%| O|  |TAMS 0x0000000081d00000, 0x0000000081d00000| Untracked 
|  30|0x0000000081e00000, 0x0000000081f00000, 0x0000000081f00000|100%| O|  |TAMS 0x0000000081e00000, 0x0000000081e00000| Untracked 
|  31|0x0000000081f00000, 0x0000000082000000, 0x0000000082000000|100%| O|  |TAMS 0x0000000081f00000, 0x0000000081f00000| Untracked 
|  32|0x0000000082000000, 0x0000000082100000, 0x0000000082100000|100%| O|  |TAMS 0x0000000082000000, 0x0000000082000000| Untracked 
|  33|0x0000000082100000, 0x0000000082200000, 0x0000000082200000|100%|HS|  |TAMS 0x0000000082100000, 0x0000000082100000| Complete 
|  34|0x0000000082200000, 0x0000000082300000, 0x0000000082300000|100%|HC|  |TAMS 0x0000000082200000, 0x0000000082200000| Complete 
|  35|0x0000000082300000, 0x0000000082400000, 0x0000000082400000|100%|HC|  |TAMS 0x0000000082300000, 0x0000000082300000| Complete 
|  36|0x0000000082400000, 0x0000000082500000, 0x0000000082500000|100%| O|  |TAMS 0x0000000082400000, 0x0000000082400000| Untracked 
|  37|0x0000000082500000, 0x0000000082600000, 0x0000000082600000|100%| O|  |TAMS 0x0000000082500000, 0x0000000082500000| Untracked 
|  38|0x0000000082600000, 0x0000000082700000, 0x0000000082700000|100%| O|  |TAMS 0x0000000082600000, 0x0000000082600000| Untracked 
|  39|0x0000000082700000, 0x00000000827d7600, 0x0000000082800000| 84%| O|  |TAMS 0x0000000082700000, 0x0000000082700000| Untracked 
|  40|0x0000000082800000, 0x0000000082800000, 0x0000000082900000|  0%| F|  |TAMS 0x0000000082800000, 0x0000000082800000| Untracked 
|  41|0x0000000082900000, 0x0000000082900000, 0x0000000082a00000|  0%| F|  |TAMS 0x0000000082900000, 0x0000000082900000| Untracked 
|  42|0x0000000082a00000, 0x0000000082a00000, 0x0000000082b00000|  0%| F|  |TAMS 0x0000000082a00000, 0x0000000082a00000| Untracked 
|  43|0x0000000082b00000, 0x0000000082b00000, 0x0000000082c00000|  0%| F|  |TAMS 0x0000000082b00000, 0x0000000082b00000| Untracked 
|  44|0x0000000082c00000, 0x0000000082c00000, 0x0000000082d00000|  0%| F|  |TAMS 0x0000000082c00000, 0x0000000082c00000| Untracked 
|  45|0x0000000082d00000, 0x0000000082d00000, 0x0000000082e00000|  0%| F|  |TAMS 0x0000000082d00000, 0x0000000082d00000| Untracked 
|  46|0x0000000082e00000, 0x0000000082e00000, 0x0000000082f00000|  0%| F|  |TAMS 0x0000000082e00000, 0x0000000082e00000| Untracked 
|  47|0x0000000082f00000, 0x0000000082f00000, 0x0000000083000000|  0%| F|  |TAMS 0x0000000082f00000, 0x0000000082f00000| Untracked 
|  48|0x0000000083000000, 0x0000000083000000, 0x0000000083100000|  0%| F|  |TAMS 0x0000000083000000, 0x0000000083000000| Untracked 
|  49|0x0000000083100000, 0x0000000083100000, 0x0000000083200000|  0%| F|  |TAMS 0x0000000083100000, 0x0000000083100000| Untracked 
|  50|0x0000000083200000, 0x0000000083200000, 0x0000000083300000|  0%| F|  |TAMS 0x0000000083200000, 0x0000000083200000| Untracked 
|  51|0x0000000083300000, 0x0000000083300000, 0x0000000083400000|  0%| F|  |TAMS 0x0000000083300000, 0x0000000083300000| Untracked 
|  52|0x0000000083400000, 0x0000000083400000, 0x0000000083500000|  0%| F|  |TAMS 0x0000000083400000, 0x0000000083400000| Untracked 
|  53|0x0000000083500000, 0x0000000083500000, 0x0000000083600000|  0%| F|  |TAMS 0x0000000083500000, 0x0000000083500000| Untracked 
|  54|0x0000000083600000, 0x0000000083600000, 0x0000000083700000|  0%| F|  |TAMS 0x0000000083600000, 0x0000000083600000| Untracked 
|  55|0x0000000083700000, 0x0000000083700000, 0x0000000083800000|  0%| F|  |TAMS 0x0000000083700000, 0x0000000083700000| Untracked 
|  56|0x0000000083800000, 0x0000000083800000, 0x0000000083900000|  0%| F|  |TAMS 0x0000000083800000, 0x0000000083800000| Untracked 
|  57|0x0000000083900000, 0x0000000083900000, 0x0000000083a00000|  0%| F|  |TAMS 0x0000000083900000, 0x0000000083900000| Untracked 
|  58|0x0000000083a00000, 0x0000000083a00000, 0x0000000083b00000|  0%| F|  |TAMS 0x0000000083a00000, 0x0000000083a00000| Untracked 
|  59|0x0000000083b00000, 0x0000000083b00000, 0x0000000083c00000|  0%| F|  |TAMS 0x0000000083b00000, 0x0000000083b00000| Untracked 
|  60|0x0000000083c00000, 0x0000000083c00000, 0x0000000083d00000|  0%| F|  |TAMS 0x0000000083c00000, 0x0000000083c00000| Untracked 
|  61|0x0000000083d00000, 0x0000000083d00000, 0x0000000083e00000|  0%| F|  |TAMS 0x0000000083d00000, 0x0000000083d00000| Untracked 
|  62|0x0000000083e00000, 0x0000000083e00000, 0x0000000083f00000|  0%| F|  |TAMS 0x0000000083e00000, 0x0000000083e00000| Untracked 
|  63|0x0000000083f00000, 0x0000000083f00000, 0x0000000084000000|  0%| F|  |TAMS 0x0000000083f00000, 0x0000000083f00000| Untracked 
|  64|0x0000000084000000, 0x0000000084000000, 0x0000000084100000|  0%| F|  |TAMS 0x0000000084000000, 0x0000000084000000| Untracked 
|  65|0x0000000084100000, 0x0000000084200000, 0x0000000084200000|100%| S|CS|TAMS 0x0000000084100000, 0x0000000084100000| Complete 
|  66|0x0000000084200000, 0x0000000084300000, 0x0000000084300000|100%| S|CS|TAMS 0x0000000084200000, 0x0000000084200000| Complete 
|  67|0x0000000084300000, 0x0000000084400000, 0x0000000084400000|100%| S|CS|TAMS 0x0000000084300000, 0x0000000084300000| Complete 
|  68|0x0000000084400000, 0x0000000084500000, 0x0000000084500000|100%| S|CS|TAMS 0x0000000084400000, 0x0000000084400000| Complete 
|  69|0x0000000084500000, 0x0000000084600000, 0x0000000084600000|100%| S|CS|TAMS 0x0000000084500000, 0x0000000084500000| Complete 
|  70|0x0000000084600000, 0x0000000084700000, 0x0000000084700000|100%| S|CS|TAMS 0x0000000084600000, 0x0000000084600000| Complete 
|  71|0x0000000084700000, 0x0000000084800000, 0x0000000084800000|100%| S|CS|TAMS 0x0000000084700000, 0x0000000084700000| Complete 
|  72|0x0000000084800000, 0x0000000084900000, 0x0000000084900000|100%| S|CS|TAMS 0x0000000084800000, 0x0000000084800000| Complete 
|  73|0x0000000084900000, 0x0000000084a00000, 0x0000000084a00000|100%| S|CS|TAMS 0x0000000084900000, 0x0000000084900000| Complete 
|  74|0x0000000084a00000, 0x0000000084a00000, 0x0000000084b00000|  0%| F|  |TAMS 0x0000000084a00000, 0x0000000084a00000| Untracked 
|  75|0x0000000084b00000, 0x0000000084b00000, 0x0000000084c00000|  0%| F|  |TAMS 0x0000000084b00000, 0x0000000084b00000| Untracked 
|  76|0x0000000084c00000, 0x0000000084c00000, 0x0000000084d00000|  0%| F|  |TAMS 0x0000000084c00000, 0x0000000084c00000| Untracked 
|  77|0x0000000084d00000, 0x0000000084d00000, 0x0000000084e00000|  0%| F|  |TAMS 0x0000000084d00000, 0x0000000084d00000| Untracked 
|  78|0x0000000084e00000, 0x0000000084e00000, 0x0000000084f00000|  0%| F|  |TAMS 0x0000000084e00000, 0x0000000084e00000| Untracked 
|  79|0x0000000084f00000, 0x0000000084f00000, 0x0000000085000000|  0%| F|  |TAMS 0x0000000084f00000, 0x0000000084f00000| Untracked 
|  80|0x0000000085000000, 0x0000000085000000, 0x0000000085100000|  0%| F|  |TAMS 0x0000000085000000, 0x0000000085000000| Untracked 
|  81|0x0000000085100000, 0x0000000085200000, 0x0000000085200000|100%| S|CS|TAMS 0x0000000085100000, 0x0000000085100000| Complete 
|  82|0x0000000085200000, 0x0000000085300000, 0x0000000085300000|100%| S|CS|TAMS 0x0000000085200000, 0x0000000085200000| Complete 
|  83|0x0000000085300000, 0x0000000085300000, 0x0000000085400000|  0%| F|  |TAMS 0x0000000085300000, 0x0000000085300000| Untracked 
|  84|0x0000000085400000, 0x0000000085400000, 0x0000000085500000|  0%| F|  |TAMS 0x0000000085400000, 0x0000000085400000| Untracked 
|  85|0x0000000085500000, 0x0000000085500000, 0x0000000085600000|  0%| F|  |TAMS 0x0000000085500000, 0x0000000085500000| Untracked 
|  86|0x0000000085600000, 0x0000000085600000, 0x0000000085700000|  0%| F|  |TAMS 0x0000000085600000, 0x0000000085600000| Untracked 
|  87|0x0000000085700000, 0x0000000085700000, 0x0000000085800000|  0%| F|  |TAMS 0x0000000085700000, 0x0000000085700000| Untracked 
|  88|0x0000000085800000, 0x0000000085800000, 0x0000000085900000|  0%| F|  |TAMS 0x0000000085800000, 0x0000000085800000| Untracked 
|  89|0x0000000085900000, 0x0000000085900000, 0x0000000085a00000|  0%| F|  |TAMS 0x0000000085900000, 0x0000000085900000| Untracked 
|  90|0x0000000085a00000, 0x0000000085a00000, 0x0000000085b00000|  0%| F|  |TAMS 0x0000000085a00000, 0x0000000085a00000| Untracked 
|  91|0x0000000085b00000, 0x0000000085b00000, 0x0000000085c00000|  0%| F|  |TAMS 0x0000000085b00000, 0x0000000085b00000| Untracked 
|  92|0x0000000085c00000, 0x0000000085c00000, 0x0000000085d00000|  0%| F|  |TAMS 0x0000000085c00000, 0x0000000085c00000| Untracked 
|  93|0x0000000085d00000, 0x0000000085d00000, 0x0000000085e00000|  0%| F|  |TAMS 0x0000000085d00000, 0x0000000085d00000| Untracked 
|  94|0x0000000085e00000, 0x0000000085e00000, 0x0000000085f00000|  0%| F|  |TAMS 0x0000000085e00000, 0x0000000085e00000| Untracked 
|  95|0x0000000085f00000, 0x0000000085f00000, 0x0000000086000000|  0%| F|  |TAMS 0x0000000085f00000, 0x0000000085f00000| Untracked 
|  96|0x0000000086000000, 0x0000000086000000, 0x0000000086100000|  0%| F|  |TAMS 0x0000000086000000, 0x0000000086000000| Untracked 
|  97|0x0000000086100000, 0x0000000086100000, 0x0000000086200000|  0%| F|  |TAMS 0x0000000086100000, 0x0000000086100000| Untracked 
|  98|0x0000000086200000, 0x0000000086200000, 0x0000000086300000|  0%| F|  |TAMS 0x0000000086200000, 0x0000000086200000| Untracked 
|  99|0x0000000086300000, 0x0000000086300000, 0x0000000086400000|  0%| F|  |TAMS 0x0000000086300000, 0x0000000086300000| Untracked 
| 100|0x0000000086400000, 0x0000000086400000, 0x0000000086500000|  0%| F|  |TAMS 0x0000000086400000, 0x0000000086400000| Untracked 
| 101|0x0000000086500000, 0x0000000086500000, 0x0000000086600000|  0%| F|  |TAMS 0x0000000086500000, 0x0000000086500000| Untracked 
| 102|0x0000000086600000, 0x0000000086600000, 0x0000000086700000|  0%| F|  |TAMS 0x0000000086600000, 0x0000000086600000| Untracked 
| 103|0x0000000086700000, 0x0000000086700000, 0x0000000086800000|  0%| F|  |TAMS 0x0000000086700000, 0x0000000086700000| Untracked 
| 104|0x0000000086800000, 0x0000000086800000, 0x0000000086900000|  0%| F|  |TAMS 0x0000000086800000, 0x0000000086800000| Untracked 
| 105|0x0000000086900000, 0x0000000086900000, 0x0000000086a00000|  0%| F|  |TAMS 0x0000000086900000, 0x0000000086900000| Untracked 
| 106|0x0000000086a00000, 0x0000000086a00000, 0x0000000086b00000|  0%| F|  |TAMS 0x0000000086a00000, 0x0000000086a00000| Untracked 
| 107|0x0000000086b00000, 0x0000000086b00000, 0x0000000086c00000|  0%| F|  |TAMS 0x0000000086b00000, 0x0000000086b00000| Untracked 
| 108|0x0000000086c00000, 0x0000000086c00000, 0x0000000086d00000|  0%| F|  |TAMS 0x0000000086c00000, 0x0000000086c00000| Untracked 
| 109|0x0000000086d00000, 0x0000000086d00000, 0x0000000086e00000|  0%| F|  |TAMS 0x0000000086d00000, 0x0000000086d00000| Untracked 
| 110|0x0000000086e00000, 0x0000000086e00000, 0x0000000086f00000|  0%| F|  |TAMS 0x0000000086e00000, 0x0000000086e00000| Untracked 
| 111|0x0000000086f00000, 0x0000000086f00000, 0x0000000087000000|  0%| F|  |TAMS 0x0000000086f00000, 0x0000000086f00000| Untracked 
| 112|0x0000000087000000, 0x0000000087000000, 0x0000000087100000|  0%| F|  |TAMS 0x0000000087000000, 0x0000000087000000| Untracked 
| 113|0x0000000087100000, 0x0000000087100000, 0x0000000087200000|  0%| F|  |TAMS 0x0000000087100000, 0x0000000087100000| Untracked 
| 114|0x0000000087200000, 0x0000000087200000, 0x0000000087300000|  0%| F|  |TAMS 0x0000000087200000, 0x0000000087200000| Untracked 
| 115|0x0000000087300000, 0x0000000087300000, 0x0000000087400000|  0%| F|  |TAMS 0x0000000087300000, 0x0000000087300000| Untracked 
| 116|0x0000000087400000, 0x0000000087400000, 0x0000000087500000|  0%| F|  |TAMS 0x0000000087400000, 0x0000000087400000| Untracked 
| 117|0x0000000087500000, 0x0000000087500000, 0x0000000087600000|  0%| F|  |TAMS 0x0000000087500000, 0x0000000087500000| Untracked 
| 118|0x0000000087600000, 0x0000000087600000, 0x0000000087700000|  0%| F|  |TAMS 0x0000000087600000, 0x0000000087600000| Untracked 
| 119|0x0000000087700000, 0x0000000087700000, 0x0000000087800000|  0%| F|  |TAMS 0x0000000087700000, 0x0000000087700000| Untracked 
| 120|0x0000000087800000, 0x0000000087800000, 0x0000000087900000|  0%| F|  |TAMS 0x0000000087800000, 0x0000000087800000| Untracked 
| 121|0x0000000087900000, 0x0000000087900000, 0x0000000087a00000|  0%| F|  |TAMS 0x0000000087900000, 0x0000000087900000| Untracked 
| 122|0x0000000087a00000, 0x0000000087a00000, 0x0000000087b00000|  0%| F|  |TAMS 0x0000000087a00000, 0x0000000087a00000| Untracked 
| 123|0x0000000087b00000, 0x0000000087b00000, 0x0000000087c00000|  0%| F|  |TAMS 0x0000000087b00000, 0x0000000087b00000| Untracked 
| 124|0x0000000087c00000, 0x0000000087c00000, 0x0000000087d00000|  0%| F|  |TAMS 0x0000000087c00000, 0x0000000087c00000| Untracked 
| 125|0x0000000087d00000, 0x0000000087d00000, 0x0000000087e00000|  0%| F|  |TAMS 0x0000000087d00000, 0x0000000087d00000| Untracked 
| 126|0x0000000087e00000, 0x0000000087e00000, 0x0000000087f00000|  0%| F|  |TAMS 0x0000000087e00000, 0x0000000087e00000| Untracked 
| 127|0x0000000087f00000, 0x0000000087f00000, 0x0000000088000000|  0%| F|  |TAMS 0x0000000087f00000, 0x0000000087f00000| Untracked 
| 128|0x0000000088000000, 0x0000000088000000, 0x0000000088100000|  0%| F|  |TAMS 0x0000000088000000, 0x0000000088000000| Untracked 
| 129|0x0000000088100000, 0x0000000088100000, 0x0000000088200000|  0%| F|  |TAMS 0x0000000088100000, 0x0000000088100000| Untracked 
| 130|0x0000000088200000, 0x0000000088200000, 0x0000000088300000|  0%| F|  |TAMS 0x0000000088200000, 0x0000000088200000| Untracked 
| 131|0x0000000088300000, 0x0000000088300000, 0x0000000088400000|  0%| F|  |TAMS 0x0000000088300000, 0x0000000088300000| Untracked 
| 132|0x0000000088400000, 0x0000000088400000, 0x0000000088500000|  0%| F|  |TAMS 0x0000000088400000, 0x0000000088400000| Untracked 
| 133|0x0000000088500000, 0x0000000088500000, 0x0000000088600000|  0%| F|  |TAMS 0x0000000088500000, 0x0000000088500000| Untracked 
| 134|0x0000000088600000, 0x0000000088600000, 0x0000000088700000|  0%| F|  |TAMS 0x0000000088600000, 0x0000000088600000| Untracked 
| 135|0x0000000088700000, 0x0000000088700000, 0x0000000088800000|  0%| F|  |TAMS 0x0000000088700000, 0x0000000088700000| Untracked 
| 136|0x0000000088800000, 0x0000000088800000, 0x0000000088900000|  0%| F|  |TAMS 0x0000000088800000, 0x0000000088800000| Untracked 
| 137|0x0000000088900000, 0x0000000088900000, 0x0000000088a00000|  0%| F|  |TAMS 0x0000000088900000, 0x0000000088900000| Untracked 
| 138|0x0000000088a00000, 0x0000000088a00000, 0x0000000088b00000|  0%| F|  |TAMS 0x0000000088a00000, 0x0000000088a00000| Untracked 
| 139|0x0000000088b00000, 0x0000000088b00000, 0x0000000088c00000|  0%| F|  |TAMS 0x0000000088b00000, 0x0000000088b00000| Untracked 
| 140|0x0000000088c00000, 0x0000000088c00000, 0x0000000088d00000|  0%| F|  |TAMS 0x0000000088c00000, 0x0000000088c00000| Untracked 
| 141|0x0000000088d00000, 0x0000000088d00000, 0x0000000088e00000|  0%| F|  |TAMS 0x0000000088d00000, 0x0000000088d00000| Untracked 
| 142|0x0000000088e00000, 0x0000000088e00000, 0x0000000088f00000|  0%| F|  |TAMS 0x0000000088e00000, 0x0000000088e00000| Untracked 
| 143|0x0000000088f00000, 0x0000000088f00000, 0x0000000089000000|  0%| F|  |TAMS 0x0000000088f00000, 0x0000000088f00000| Untracked 
| 144|0x0000000089000000, 0x0000000089000000, 0x0000000089100000|  0%| F|  |TAMS 0x0000000089000000, 0x0000000089000000| Untracked 
| 145|0x0000000089100000, 0x0000000089100000, 0x0000000089200000|  0%| F|  |TAMS 0x0000000089100000, 0x0000000089100000| Untracked 
| 146|0x0000000089200000, 0x0000000089200000, 0x0000000089300000|  0%| F|  |TAMS 0x0000000089200000, 0x0000000089200000| Untracked 
| 147|0x0000000089300000, 0x0000000089300000, 0x0000000089400000|  0%| F|  |TAMS 0x0000000089300000, 0x0000000089300000| Untracked 
| 148|0x0000000089400000, 0x0000000089400000, 0x0000000089500000|  0%| F|  |TAMS 0x0000000089400000, 0x0000000089400000| Untracked 
| 149|0x0000000089500000, 0x0000000089500000, 0x0000000089600000|  0%| F|  |TAMS 0x0000000089500000, 0x0000000089500000| Untracked 
| 150|0x0000000089600000, 0x0000000089600000, 0x0000000089700000|  0%| F|  |TAMS 0x0000000089600000, 0x0000000089600000| Untracked 
| 151|0x0000000089700000, 0x0000000089700000, 0x0000000089800000|  0%| F|  |TAMS 0x0000000089700000, 0x0000000089700000| Untracked 
| 152|0x0000000089800000, 0x0000000089800000, 0x0000000089900000|  0%| F|  |TAMS 0x0000000089800000, 0x0000000089800000| Untracked 
| 153|0x0000000089900000, 0x0000000089900000, 0x0000000089a00000|  0%| F|  |TAMS 0x0000000089900000, 0x0000000089900000| Untracked 
| 154|0x0000000089a00000, 0x0000000089a00000, 0x0000000089b00000|  0%| F|  |TAMS 0x0000000089a00000, 0x0000000089a00000| Untracked 
| 155|0x0000000089b00000, 0x0000000089b00000, 0x0000000089c00000|  0%| F|  |TAMS 0x0000000089b00000, 0x0000000089b00000| Untracked 
| 156|0x0000000089c00000, 0x0000000089c00000, 0x0000000089d00000|  0%| F|  |TAMS 0x0000000089c00000, 0x0000000089c00000| Untracked 
| 157|0x0000000089d00000, 0x0000000089d00000, 0x0000000089e00000|  0%| F|  |TAMS 0x0000000089d00000, 0x0000000089d00000| Untracked 
| 158|0x0000000089e00000, 0x0000000089e00000, 0x0000000089f00000|  0%| F|  |TAMS 0x0000000089e00000, 0x0000000089e00000| Untracked 
| 159|0x0000000089f00000, 0x0000000089f00000, 0x000000008a000000|  0%| F|  |TAMS 0x0000000089f00000, 0x0000000089f00000| Untracked 
| 160|0x000000008a000000, 0x000000008a000000, 0x000000008a100000|  0%| F|  |TAMS 0x000000008a000000, 0x000000008a000000| Untracked 
| 161|0x000000008a100000, 0x000000008a100000, 0x000000008a200000|  0%| F|  |TAMS 0x000000008a100000, 0x000000008a100000| Untracked 
| 162|0x000000008a200000, 0x000000008a200000, 0x000000008a300000|  0%| F|  |TAMS 0x000000008a200000, 0x000000008a200000| Untracked 
| 163|0x000000008a300000, 0x000000008a300000, 0x000000008a400000|  0%| F|  |TAMS 0x000000008a300000, 0x000000008a300000| Untracked 
| 164|0x000000008a400000, 0x000000008a400000, 0x000000008a500000|  0%| F|  |TAMS 0x000000008a400000, 0x000000008a400000| Untracked 
| 165|0x000000008a500000, 0x000000008a500000, 0x000000008a600000|  0%| F|  |TAMS 0x000000008a500000, 0x000000008a500000| Untracked 
| 166|0x000000008a600000, 0x000000008a600000, 0x000000008a700000|  0%| F|  |TAMS 0x000000008a600000, 0x000000008a600000| Untracked 
| 167|0x000000008a700000, 0x000000008a700000, 0x000000008a800000|  0%| F|  |TAMS 0x000000008a700000, 0x000000008a700000| Untracked 
| 168|0x000000008a800000, 0x000000008a800000, 0x000000008a900000|  0%| F|  |TAMS 0x000000008a800000, 0x000000008a800000| Untracked 
| 169|0x000000008a900000, 0x000000008a900000, 0x000000008aa00000|  0%| F|  |TAMS 0x000000008a900000, 0x000000008a900000| Untracked 
| 170|0x000000008aa00000, 0x000000008aa00000, 0x000000008ab00000|  0%| F|  |TAMS 0x000000008aa00000, 0x000000008aa00000| Untracked 
| 171|0x000000008ab00000, 0x000000008ab00000, 0x000000008ac00000|  0%| F|  |TAMS 0x000000008ab00000, 0x000000008ab00000| Untracked 
| 172|0x000000008ac00000, 0x000000008ac00000, 0x000000008ad00000|  0%| F|  |TAMS 0x000000008ac00000, 0x000000008ac00000| Untracked 
| 173|0x000000008ad00000, 0x000000008ad00000, 0x000000008ae00000|  0%| F|  |TAMS 0x000000008ad00000, 0x000000008ad00000| Untracked 
| 174|0x000000008ae00000, 0x000000008ae00000, 0x000000008af00000|  0%| F|  |TAMS 0x000000008ae00000, 0x000000008ae00000| Untracked 
| 175|0x000000008af00000, 0x000000008af00000, 0x000000008b000000|  0%| F|  |TAMS 0x000000008af00000, 0x000000008af00000| Untracked 
| 176|0x000000008b000000, 0x000000008b000000, 0x000000008b100000|  0%| F|  |TAMS 0x000000008b000000, 0x000000008b000000| Untracked 
| 177|0x000000008b100000, 0x000000008b100000, 0x000000008b200000|  0%| F|  |TAMS 0x000000008b100000, 0x000000008b100000| Untracked 
| 178|0x000000008b200000, 0x000000008b200000, 0x000000008b300000|  0%| F|  |TAMS 0x000000008b200000, 0x000000008b200000| Untracked 
| 179|0x000000008b300000, 0x000000008b300000, 0x000000008b400000|  0%| F|  |TAMS 0x000000008b300000, 0x000000008b300000| Untracked 
| 180|0x000000008b400000, 0x000000008b400000, 0x000000008b500000|  0%| F|  |TAMS 0x000000008b400000, 0x000000008b400000| Untracked 
| 181|0x000000008b500000, 0x000000008b500000, 0x000000008b600000|  0%| F|  |TAMS 0x000000008b500000, 0x000000008b500000| Untracked 
| 182|0x000000008b600000, 0x000000008b600000, 0x000000008b700000|  0%| F|  |TAMS 0x000000008b600000, 0x000000008b600000| Untracked 
| 183|0x000000008b700000, 0x000000008b7adee0, 0x000000008b800000| 67%| E|  |TAMS 0x000000008b700000, 0x000000008b700000| Complete 
| 184|0x000000008b800000, 0x000000008b900000, 0x000000008b900000|100%| E|CS|TAMS 0x000000008b800000, 0x000000008b800000| Complete 

Card table byte_map: [0x0000028e58cb0000,0x0000028e590b0000] _byte_map_base: 0x0000028e588b0000

Marking Bits (Prev, Next): (CMBitMap*) 0x0000028e45ded928, (CMBitMap*) 0x0000028e45ded960
 Prev Bits: [0x0000028e594b0000, 0x0000028e5b4b0000)
 Next Bits: [0x0000028e5b4b0000, 0x0000028e5d4b0000)

Polling page: 0x0000028e43dc0000

Metaspace:

Usage:
  Non-class:     41.47 MB capacity,    40.62 MB ( 98%) used,   746.58 KB (  2%) free+waste,   120.25 KB ( <1%) overhead. 
      Class:      6.40 MB capacity,     5.97 MB ( 93%) used,   386.03 KB (  6%) free+waste,    58.31 KB ( <1%) overhead. 
       Both:     47.87 MB capacity,    46.59 MB ( 97%) used,     1.11 MB (  2%) free+waste,   178.56 KB ( <1%) overhead. 

Virtual space:
  Non-class space:       42.00 MB reserved,      41.50 MB ( 99%) committed 
      Class space:        1.00 GB reserved,       6.45 MB ( <1%) committed 
             Both:        1.04 GB reserved,      47.95 MB (  4%) committed 

Chunk freelists:
   Non-Class:  30.00 KB
       Class:  3.00 KB
        Both:  33.00 KB

MaxMetaspaceSize: 17179869184.00 GB
CompressedClassSpaceSize: 1.00 GB
Initial GC threshold: 20.80 MB
Current GC threshold: 58.88 MB
CDS: off

CodeHeap 'non-profiled nmethods': size=120064Kb used=2266Kb max_used=2266Kb free=117797Kb
 bounds [0x0000028e51370000, 0x0000028e515e0000, 0x0000028e588b0000]
CodeHeap 'profiled nmethods': size=120000Kb used=9352Kb max_used=9352Kb free=110648Kb
 bounds [0x0000028e49e40000, 0x0000028e4a770000, 0x0000028e51370000]
CodeHeap 'non-nmethods': size=5696Kb used=2292Kb max_used=2334Kb free=3403Kb
 bounds [0x0000028e498b0000, 0x0000028e49b20000, 0x0000028e49e40000]
 total_blobs=5107 nmethods=4317 adapters=701
 compilation: enabled
              stopped_count=0, restarted_count=0
 full_count=0

Compilation events (20 events):
Event: 9.452 Thread 0x0000028e5f9c9000 4324       3       com.google.common.collect.ImmutableList$Builder::getReadyToExpandTo (66 bytes)
Event: 9.452 Thread 0x0000028e5f9c9000 nmethod 4324 0x0000028e4a754310 code [0x0000028e4a754500, 0x0000028e4a754928]
Event: 9.452 Thread 0x0000028e5f9c9000 4325       3       com.google.common.collect.ImmutableList$Builder::add (34 bytes)
Event: 9.453 Thread 0x0000028e5f9c9000 nmethod 4325 0x0000028e4a754b10 code [0x0000028e4a754d00, 0x0000028e4a755138]
Event: 9.457 Thread 0x0000028e5f9c4000 nmethod 4056 0x0000028e51596f10 code [0x0000028e515975e0, 0x0000028e5159ef58]
Event: 9.458 Thread 0x0000028e5f9c4000 4323       4       java.util.HashMap::putVal (300 bytes)
Event: 9.462 Thread 0x0000028e5f9c9000 4330       3       com.google.common.collect.ImmutableSet::<init> (5 bytes)
Event: 9.462 Thread 0x0000028e5f9c9000 nmethod 4330 0x0000028e4a755310 code [0x0000028e4a7554e0, 0x0000028e4a7556f8]
Event: 9.463 Thread 0x0000028e5f9c9000 4332       3       com.google.common.collect.LinkedHashMultimap$ValueEntry::<init> (18 bytes)
Event: 9.463 Thread 0x0000028e5f9c9000 nmethod 4332 0x0000028e4a755810 code [0x0000028e4a7559e0, 0x0000028e4a755d18]
Event: 9.464 Thread 0x0000028e5f9c9000 4333       3       com.google.common.collect.LinkedHashMultimap::get (6 bytes)
Event: 9.491 Thread 0x0000028e5f9c9000 nmethod 4333 0x0000028e4a755e10 code [0x0000028e4a756040, 0x0000028e4a756888]
Event: 9.491 Thread 0x0000028e5f9c9000 4335       3       com.google.common.collect.AbstractMapBasedMultimap$WrappedCollection$WrappedIterator::validateIterator (30 bytes)
Event: 9.491 Thread 0x0000028e5f9c9000 nmethod 4335 0x0000028e4a756b10 code [0x0000028e4a756ce0, 0x0000028e4a756fb8]
Event: 9.491 Thread 0x0000028e5f9c9000 4336       3       com.google.common.collect.LinkedHashMultimap$ValueSet$1::hasNext (21 bytes)
Event: 9.491 Thread 0x0000028e5f9c9000 nmethod 4336 0x0000028e4a757110 code [0x0000028e4a7572e0, 0x0000028e4a7575c8]
Event: 9.492 Thread 0x0000028e5f9c9000 4337       3       com.google.common.collect.LinkedHashMultimap$ValueSet$1::checkForComodification (23 bytes)
Event: 9.492 Thread 0x0000028e5f9c9000 nmethod 4337 0x0000028e4a757710 code [0x0000028e4a7578e0, 0x0000028e4a757b08]
Event: 9.492 Thread 0x0000028e5f9c9000 4334       3       com.google.common.collect.AbstractSetMultimap::get (9 bytes)
Event: 9.492 Thread 0x0000028e5f9c9000 nmethod 4334 0x0000028e4a757c10 code [0x0000028e4a757e20, 0x0000028e4a7585c8]

GC Heap History (18 events):
Event: 0.736 GC heap before
{Heap before GC invocations=0 (full 0):
 garbage-first heap   total 131072K, used 20480K [0x0000000080000000, 0x0000000100000000)
  region size 1024K, 14 young (14336K), 0 survivors (0K)
 Metaspace       used 6730K, capacity 6925K, committed 7168K, reserved 1056768K
  class space    used 582K, capacity 650K, committed 768K, reserved 1048576K
}
Event: 0.742 GC heap after
{Heap after GC invocations=1 (full 0):
 garbage-first heap   total 131072K, used 7560K [0x0000000080000000, 0x0000000100000000)
  region size 1024K, 2 young (2048K), 2 survivors (2048K)
 Metaspace       used 6730K, capacity 6925K, committed 7168K, reserved 1056768K
  class space    used 582K, capacity 650K, committed 768K, reserved 1048576K
}
Event: 1.112 GC heap before
{Heap before GC invocations=1 (full 0):
 garbage-first heap   total 131072K, used 18824K [0x0000000080000000, 0x0000000100000000)
  region size 1024K, 13 young (13312K), 2 survivors (2048K)
 Metaspace       used 10268K, capacity 10555K, committed 10624K, reserved 1058816K
  class space    used 1072K, capacity 1141K, committed 1152K, reserved 1048576K
}
Event: 1.118 GC heap after
{Heap after GC invocations=2 (full 0):
 garbage-first heap   total 131072K, used 9554K [0x0000000080000000, 0x0000000100000000)
  region size 1024K, 2 young (2048K), 2 survivors (2048K)
 Metaspace       used 10268K, capacity 10555K, committed 10624K, reserved 1058816K
  class space    used 1072K, capacity 1141K, committed 1152K, reserved 1048576K
}
Event: 1.725 GC heap before
{Heap before GC invocations=2 (full 0):
 garbage-first heap   total 131072K, used 37202K [0x0000000080000000, 0x0000000100000000)
  region size 1024K, 29 young (29696K), 2 survivors (2048K)
 Metaspace       used 11227K, capacity 11446K, committed 11520K, reserved 1058816K
  class space    used 1175K, capacity 1246K, committed 1280K, reserved 1048576K
}
Event: 1.730 GC heap after
{Heap after GC invocations=3 (full 0):
 garbage-first heap   total 131072K, used 11862K [0x0000000080000000, 0x0000000100000000)
  region size 1024K, 4 young (4096K), 4 survivors (4096K)
 Metaspace       used 11227K, capacity 11446K, committed 11520K, reserved 1058816K
  class space    used 1175K, capacity 1246K, committed 1280K, reserved 1048576K
}
Event: 3.684 GC heap before
{Heap before GC invocations=3 (full 0):
 garbage-first heap   total 131072K, used 52822K [0x0000000080000000, 0x0000000100000000)
  region size 1024K, 44 young (45056K), 4 survivors (4096K)
 Metaspace       used 17684K, capacity 18086K, committed 18432K, reserved 1064960K
  class space    used 2072K, capacity 2196K, committed 2304K, reserved 1048576K
}
Event: 3.695 GC heap after
{Heap after GC invocations=4 (full 0):
 garbage-first heap   total 131072K, used 16251K [0x0000000080000000, 0x0000000100000000)
  region size 1024K, 6 young (6144K), 6 survivors (6144K)
 Metaspace       used 17684K, capacity 18086K, committed 18432K, reserved 1064960K
  class space    used 2072K, capacity 2196K, committed 2304K, reserved 1048576K
}
Event: 4.075 GC heap before
{Heap before GC invocations=4 (full 0):
 garbage-first heap   total 131072K, used 46971K [0x0000000080000000, 0x0000000100000000)
  region size 1024K, 37 young (37888K), 6 survivors (6144K)
 Metaspace       used 20687K, capacity 21154K, committed 21248K, reserved 1067008K
  class space    used 2548K, capacity 2729K, committed 2816K, reserved 1048576K
}
Event: 4.090 GC heap after
{Heap after GC invocations=5 (full 0):
 garbage-first heap   total 157696K, used 17645K [0x0000000080000000, 0x0000000100000000)
  region size 1024K, 2 young (2048K), 2 survivors (2048K)
 Metaspace       used 20687K, capacity 21154K, committed 21248K, reserved 1067008K
  class space    used 2548K, capacity 2729K, committed 2816K, reserved 1048576K
}
Event: 5.065 GC heap before
{Heap before GC invocations=6 (full 0):
 garbage-first heap   total 157696K, used 73965K [0x0000000080000000, 0x0000000100000000)
  region size 1024K, 57 young (58368K), 2 survivors (2048K)
 Metaspace       used 26867K, capacity 27503K, committed 27648K, reserved 1073152K
  class space    used 3506K, capacity 3749K, committed 3840K, reserved 1048576K
}
Event: 5.074 GC heap after
{Heap after GC invocations=7 (full 0):
 garbage-first heap   total 157696K, used 19835K [0x0000000080000000, 0x0000000100000000)
  region size 1024K, 4 young (4096K), 4 survivors (4096K)
 Metaspace       used 26867K, capacity 27503K, committed 27648K, reserved 1073152K
  class space    used 3506K, capacity 3749K, committed 3840K, reserved 1048576K
}
Event: 6.775 GC heap before
{Heap before GC invocations=7 (full 0):
 garbage-first heap   total 157696K, used 105851K [0x0000000080000000, 0x0000000100000000)
  region size 1024K, 80 young (81920K), 4 survivors (4096K)
 Metaspace       used 34873K, capacity 35830K, committed 35840K, reserved 1081344K
  class space    used 4652K, capacity 4987K, committed 4992K, reserved 1048576K
}
Event: 6.801 GC heap after
{Heap after GC invocations=8 (full 0):
 garbage-first heap   total 157696K, used 35424K [0x0000000080000000, 0x0000000100000000)
  region size 1024K, 9 young (9216K), 9 survivors (9216K)
 Metaspace       used 34873K, capacity 35830K, committed 35840K, reserved 1081344K
  class space    used 4652K, capacity 4987K, committed 4992K, reserved 1048576K
}
Event: 8.182 GC heap before
{Heap before GC invocations=9 (full 0):
 garbage-first heap   total 157696K, used 112224K [0x0000000080000000, 0x0000000100000000)
  region size 1024K, 82 young (83968K), 9 survivors (9216K)
 Metaspace       used 43324K, capacity 44374K, committed 44620K, reserved 1087488K
  class space    used 5573K, capacity 5957K, committed 5964K, reserved 1048576K
}
Event: 8.203 GC heap after
{Heap after GC invocations=10 (full 0):
 garbage-first heap   total 157696K, used 41499K [0x0000000080000000, 0x0000000100000000)
  region size 1024K, 11 young (11264K), 11 survivors (11264K)
 Metaspace       used 43324K, capacity 44374K, committed 44620K, reserved 1087488K
  class space    used 5573K, capacity 5957K, committed 5964K, reserved 1048576K
}
Event: 9.465 GC heap before
{Heap before GC invocations=10 (full 0):
 garbage-first heap   total 157696K, used 118299K [0x0000000080000000, 0x0000000100000000)
  region size 1024K, 82 young (83968K), 11 survivors (11264K)
 Metaspace       used 47551K, capacity 48785K, committed 49100K, reserved 1091584K
  class space    used 6084K, capacity 6520K, committed 6604K, reserved 1048576K
}
Event: 9.490 GC heap after
{Heap after GC invocations=11 (full 0):
 garbage-first heap   total 189440K, used 51037K [0x0000000080000000, 0x0000000100000000)
  region size 1024K, 11 young (11264K), 11 survivors (11264K)
 Metaspace       used 47551K, capacity 48785K, committed 49100K, reserved 1091584K
  class space    used 6084K, capacity 6520K, committed 6604K, reserved 1048576K
}

Deoptimization events (20 events):
Event: 8.994 Thread 0x0000028e62fd2000 Uncommon trap: trap_request=0xffffffbe fr.pc=0x0000028e515728f0 relative=0x0000000000000ab0
Event: 8.994 Thread 0x0000028e62fd2000 Uncommon trap: reason=profile_predicate action=maybe_recompile pc=0x0000028e515728f0 method=java.util.regex.Pattern$BnM.optimize(Ljava/util/regex/Pattern$Node;)Ljava/util/regex/Pattern$Node; @ 67 c2
Event: 8.994 Thread 0x0000028e62fd2000 DEOPT PACKING pc=0x0000028e515728f0 sp=0x000000ed086fe2c0
Event: 8.994 Thread 0x0000028e62fd2000 DEOPT UNPACKING pc=0x0000028e498fa1af sp=0x000000ed086fe208 mode 2
Event: 9.115 Thread 0x0000028e6310f800 Uncommon trap: trap_request=0xffffff4d fr.pc=0x0000028e51584f1c relative=0x00000000000043fc
Event: 9.115 Thread 0x0000028e6310f800 Uncommon trap: reason=unstable_if action=reinterpret pc=0x0000028e51584f1c method=org.codehaus.groovy.reflection.CachedMethod.compareToMethod(Ljava/lang/reflect/Method;)I @ 43 c2
Event: 9.115 Thread 0x0000028e6310f800 DEOPT PACKING pc=0x0000028e51584f1c sp=0x000000ed07bf4e20
Event: 9.115 Thread 0x0000028e6310f800 DEOPT UNPACKING pc=0x0000028e498fa1af sp=0x000000ed07bf4cc8 mode 2
Event: 9.236 Thread 0x0000028e6310f800 Uncommon trap: trap_request=0xffffff4d fr.pc=0x0000028e514d1f88 relative=0x0000000000000928
Event: 9.236 Thread 0x0000028e6310f800 Uncommon trap: reason=unstable_if action=reinterpret pc=0x0000028e514d1f88 method=java.util.WeakHashMap.eq(Ljava/lang/Object;Ljava/lang/Object;)Z @ 2 c2
Event: 9.236 Thread 0x0000028e6310f800 DEOPT PACKING pc=0x0000028e514d1f88 sp=0x000000ed07bf5600
Event: 9.236 Thread 0x0000028e6310f800 DEOPT UNPACKING pc=0x0000028e498fa1af sp=0x000000ed07bf5570 mode 2
Event: 9.265 Thread 0x0000028e6310f800 Uncommon trap: trap_request=0xffffff4d fr.pc=0x0000028e51517bb0 relative=0x0000000000000110
Event: 9.265 Thread 0x0000028e6310f800 Uncommon trap: reason=unstable_if action=reinterpret pc=0x0000028e51517bb0 method=java.util.Arrays.hashCode([Ljava/lang/Object;)I @ 34 c2
Event: 9.265 Thread 0x0000028e6310f800 DEOPT PACKING pc=0x0000028e51517bb0 sp=0x000000ed07bf85b0
Event: 9.265 Thread 0x0000028e6310f800 DEOPT UNPACKING pc=0x0000028e498fa1af sp=0x000000ed07bf8528 mode 2
Event: 9.366 Thread 0x0000028e6310f800 Uncommon trap: trap_request=0xffffffde fr.pc=0x0000028e5158e0f4 relative=0x0000000000002eb4
Event: 9.366 Thread 0x0000028e6310f800 Uncommon trap: reason=class_check action=maybe_recompile pc=0x0000028e5158e0f4 method=java.util.regex.Pattern$CharProperty.study(Ljava/util/regex/Pattern$TreeInfo;)Z @ 25 c2
Event: 9.366 Thread 0x0000028e6310f800 DEOPT PACKING pc=0x0000028e5158e0f4 sp=0x000000ed07bf9c60
Event: 9.366 Thread 0x0000028e6310f800 DEOPT UNPACKING pc=0x0000028e498fa1af sp=0x000000ed07bf9b58 mode 2

Classes redefined (0 events):
No events

Internal exceptions (20 events):
Event: 9.226 Thread 0x0000028e6310f800 Exception <a 'java/lang/ClassNotFoundException'{0x0000000086172e80}: org/gradle/internal/management/DefaultDependencyResolutionManagementBeanInfo> (0x0000000086172e80) thrown at [./src/hotspot/share/classfile/systemDictionary.cpp, line 231]
Event: 9.227 Thread 0x0000028e6310f800 Exception <a 'java/lang/ClassNotFoundException'{0x00000000861aeb18}: org/gradle/internal/management/DefaultDependencyResolutionManagementCustomizer> (0x00000000861aeb18) thrown at [./src/hotspot/share/classfile/systemDictionary.cpp, line 231]
Event: 9.228 Thread 0x0000028e6310f800 Exception <a 'java/lang/ClassNotFoundException'{0x00000000860001d0}: org/gradle/internal/management/DefaultDependencyResolutionManagement_DecoratedCustomizer> (0x00000000860001d0) thrown at [./src/hotspot/share/classfile/systemDictionary.cpp, line 231]
Event: 9.235 Thread 0x0000028e6310f800 Exception <a 'java/lang/ClassNotFoundException'{0x0000000086089f60}: org/gradle/api/initialization/resolve/RepositoriesModeBeanInfo> (0x0000000086089f60) thrown at [./src/hotspot/share/classfile/systemDictionary.cpp, line 231]
Event: 9.236 Thread 0x0000028e6310f800 Exception <a 'java/lang/ClassNotFoundException'{0x000000008608f8c8}: java/lang/EnumBeanInfo> (0x000000008608f8c8) thrown at [./src/hotspot/share/classfile/systemDictionary.cpp, line 231]
Event: 9.236 Thread 0x0000028e6310f800 Exception <a 'java/lang/ClassNotFoundException'{0x0000000086095250}: java/lang/EnumCustomizer> (0x0000000086095250) thrown at [./src/hotspot/share/classfile/systemDictionary.cpp, line 231]
Event: 9.240 Thread 0x0000028e6310f800 Exception <a 'java/lang/ClassNotFoundException'{0x00000000860c5928}: org/gradle/api/initialization/resolve/RepositoriesModeCustomizer> (0x00000000860c5928) thrown at [./src/hotspot/share/classfile/systemDictionary.cpp, line 231]
Event: 9.246 Thread 0x0000028e6310f800 Exception <a 'java/lang/ClassNotFoundException'{0x0000000085f495f0}: org/gradle/api/internal/provider/DefaultPropertyBeanInfo> (0x0000000085f495f0) thrown at [./src/hotspot/share/classfile/systemDictionary.cpp, line 231]
Event: 9.247 Thread 0x0000028e6310f800 Exception <a 'java/lang/ClassNotFoundException'{0x0000000085f71620}: org/gradle/api/internal/provider/AbstractPropertyBeanInfo> (0x0000000085f71620) thrown at [./src/hotspot/share/classfile/systemDictionary.cpp, line 231]
Event: 9.248 Thread 0x0000028e6310f800 Exception <a 'java/lang/ClassNotFoundException'{0x0000000085f9b7b8}: org/gradle/api/internal/provider/AbstractMinimalProviderBeanInfo> (0x0000000085f9b7b8) thrown at [./src/hotspot/share/classfile/systemDictionary.cpp, line 231]
Event: 9.249 Thread 0x0000028e6310f800 Exception <a 'java/lang/ClassNotFoundException'{0x0000000085fc6458}: org/gradle/api/internal/provider/AbstractMinimalProviderCustomizer> (0x0000000085fc6458) thrown at [./src/hotspot/share/classfile/systemDictionary.cpp, line 231]
Event: 9.253 Thread 0x0000028e6310f800 Exception <a 'java/lang/ClassNotFoundException'{0x0000000085e298a0}: org/gradle/api/internal/provider/AbstractPropertyCustomizer> (0x0000000085e298a0) thrown at [./src/hotspot/share/classfile/systemDictionary.cpp, line 231]
Event: 9.254 Thread 0x0000028e6310f800 Exception <a 'java/lang/ClassNotFoundException'{0x0000000085e5df98}: org/gradle/api/internal/provider/DefaultPropertyCustomizer> (0x0000000085e5df98) thrown at [./src/hotspot/share/classfile/systemDictionary.cpp, line 231]
Event: 9.262 Thread 0x0000028e6310f800 Exception <a 'java/lang/ClassNotFoundException'{0x0000000085ed2878}: org/gradle/initialization/DefaultProjectDescriptorBeanInfo> (0x0000000085ed2878) thrown at [./src/hotspot/share/classfile/systemDictionary.cpp, line 231]
Event: 9.263 Thread 0x0000028e6310f800 Exception <a 'java/lang/ClassNotFoundException'{0x0000000085efa510}: org/gradle/initialization/DefaultProjectDescriptorCustomizer> (0x0000000085efa510) thrown at [./src/hotspot/share/classfile/systemDictionary.cpp, line 231]
Event: 9.265 Thread 0x0000028e6310f800 Implicit null exception at 0x0000028e51517aec to 0x0000028e51517b94
Event: 9.342 Thread 0x0000028e6310f800 Exception <a 'java/lang/ClassNotFoundException'{0x0000000085a4d5b0}: org/jetbrains/plugins/gradle/model/web/WebConfigurationBeanInfo> (0x0000000085a4d5b0) thrown at [./src/hotspot/share/classfile/systemDictionary.cpp, line 231]
Event: 9.342 Thread 0x0000028e6310f800 Exception <a 'java/lang/ClassNotFoundException'{0x0000000085a5c5f8}: org/jetbrains/plugins/gradle/model/web/WebConfigurationCustomizer> (0x0000000085a5c5f8) thrown at [./src/hotspot/share/classfile/systemDictionary.cpp, line 231]
Event: 9.345 Thread 0x0000028e6310f800 Exception <a 'java/lang/ClassNotFoundException'{0x0000000085a8f090}: org/jetbrains/plugins/gradle/model/scala/ScalaModelBeanInfo> (0x0000000085a8f090) thrown at [./src/hotspot/share/classfile/systemDictionary.cpp, line 231]
Event: 9.346 Thread 0x0000028e6310f800 Exception <a 'java/lang/ClassNotFoundException'{0x0000000085a9df30}: org/jetbrains/plugins/gradle/model/scala/ScalaModelCustomizer> (0x0000000085a9df30) thrown at [./src/hotspot/share/classfile/systemDictionary.cpp, line 231]

Events (20 events):
Event: 9.454 loading class org/gradle/api/internal/tasks/RegisterTaskBuildOperationType$Result
Event: 9.454 loading class org/gradle/api/internal/tasks/RegisterTaskBuildOperationType$Result done
Event: 9.454 loading class org/gradle/api/internal/tasks/RealizeTaskBuildOperationType$Result
Event: 9.454 loading class org/gradle/api/internal/tasks/RealizeTaskBuildOperationType$Result done
Event: 9.455 loading class org/gradle/api/internal/tasks/DefaultTaskContainer$DuplicateTaskException
Event: 9.455 loading class org/gradle/api/internal/tasks/DefaultTaskContainer$DuplicateTaskException done
Event: 9.455 loading class org/gradle/api/internal/tasks/DefaultTaskContainer$TaskCreationException
Event: 9.455 loading class org/gradle/api/internal/tasks/DefaultTaskContainer$TaskCreationException done
Event: 9.456 loading class org/gradle/api/tasks/TaskProvider
Event: 9.456 loading class org/gradle/api/tasks/TaskProvider done
Event: 9.457 loading class org/gradle/model/internal/core/ModelPath
Event: 9.457 loading class org/gradle/model/internal/core/ModelPath done
Event: 9.459 loading class org/gradle/model/internal/core/MutableModelNode
Event: 9.459 loading class org/gradle/model/internal/core/MutableModelNode done
Event: 9.459 loading class org/gradle/model/internal/core/ModelNode
Event: 9.459 loading class org/gradle/model/internal/core/ModelNode done
Event: 9.460 loading class org/gradle/api/Task$Namer
Event: 9.460 loading class org/gradle/api/Task$Namer done
Event: 9.465 Executing VM operation: G1CollectForAllocation
Event: 9.490 Executing VM operation: G1CollectForAllocation done


Dynamic libraries:
0x00007ff6e3f80000 - 0x00007ff6e3f8a000 	C:\Program Files\Android\Android Studio\jre\bin\java.exe
0x00007ffdc17d0000 - 0x00007ffdc19e4000 	C:\WINDOWS\SYSTEM32\ntdll.dll
0x00007ffdc05d0000 - 0x00007ffdc0692000 	C:\WINDOWS\System32\KERNEL32.DLL
0x00007ffdbec00000 - 0x00007ffdbef9c000 	C:\WINDOWS\System32\KERNELBASE.dll
0x00007ffdbf1f0000 - 0x00007ffdbf301000 	C:\WINDOWS\System32\ucrtbase.dll
0x00007ffd99b40000 - 0x00007ffd99b57000 	C:\Program Files\Android\Android Studio\jre\bin\VCRUNTIME140.dll
0x00007ffd999b0000 - 0x00007ffd999c9000 	C:\Program Files\Android\Android Studio\jre\bin\jli.dll
0x00007ffdc07a0000 - 0x00007ffdc094a000 	C:\WINDOWS\System32\USER32.dll
0x00007ffda4ca0000 - 0x00007ffda4f2e000 	C:\WINDOWS\WinSxS\amd64_microsoft.windows.common-controls_6595b64144ccf1df_6.0.22621.608_none_a9444ca7c10bb01d\COMCTL32.dll
0x00007ffdbf310000 - 0x00007ffdbf336000 	C:\WINDOWS\System32\win32u.dll
0x00007ffdc0280000 - 0x00007ffdc0327000 	C:\WINDOWS\System32\msvcrt.dll
0x00007ffdc0330000 - 0x00007ffdc0359000 	C:\WINDOWS\System32\GDI32.dll
0x00007ffdbefa0000 - 0x00007ffdbf0b2000 	C:\WINDOWS\System32\gdi32full.dll
0x00007ffdbf3c0000 - 0x00007ffdbf45a000 	C:\WINDOWS\System32\msvcp_win.dll
0x00007ffdbf5d0000 - 0x00007ffdbf601000 	C:\WINDOWS\System32\IMM32.DLL
0x00007ffd87fb0000 - 0x00007ffd8804d000 	C:\Program Files\Android\Android Studio\jre\bin\msvcp140.dll
0x00007ffd63790000 - 0x00007ffd64275000 	C:\Program Files\Android\Android Studio\jre\bin\server\jvm.dll
0x00007ffdc0360000 - 0x00007ffdc040e000 	C:\WINDOWS\System32\ADVAPI32.dll
0x00007ffdc0fe0000 - 0x00007ffdc1084000 	C:\WINDOWS\System32\sechost.dll
0x00007ffdc0160000 - 0x00007ffdc0275000 	C:\WINDOWS\System32\RPCRT4.dll
0x00007ffdbfe60000 - 0x00007ffdbfe68000 	C:\WINDOWS\System32\PSAPI.DLL
0x00007ffdb72e0000 - 0x00007ffdb7314000 	C:\WINDOWS\SYSTEM32\WINMM.dll
0x00007ffdbb890000 - 0x00007ffdbb899000 	C:\WINDOWS\SYSTEM32\WSOCK32.dll
0x00007ffdbfe70000 - 0x00007ffdbfee1000 	C:\WINDOWS\System32\WS2_32.dll
0x00007ffdb7990000 - 0x00007ffdb799a000 	C:\WINDOWS\SYSTEM32\VERSION.dll
0x00007ffdbdd70000 - 0x00007ffdbdd88000 	C:\WINDOWS\SYSTEM32\kernel.appcore.dll
0x00007ffdb8470000 - 0x00007ffdb8481000 	C:\Program Files\Android\Android Studio\jre\bin\verify.dll
0x00007ffdbbe40000 - 0x00007ffdbc06e000 	C:\WINDOWS\SYSTEM32\DBGHELP.DLL
0x00007ffdc0c00000 - 0x00007ffdc0f89000 	C:\WINDOWS\System32\combase.dll
0x00007ffdc15b0000 - 0x00007ffdc1687000 	C:\WINDOWS\System32\OLEAUT32.dll
0x00007ffd9ffe0000 - 0x00007ffda0012000 	C:\WINDOWS\SYSTEM32\dbgcore.DLL
0x00007ffdbf340000 - 0x00007ffdbf3bb000 	C:\WINDOWS\System32\bcryptPrimitives.dll
0x00007ffdb8330000 - 0x00007ffdb8359000 	C:\Program Files\Android\Android Studio\jre\bin\java.dll
0x00007ffdbb870000 - 0x00007ffdbb87b000 	C:\Program Files\Android\Android Studio\jre\bin\jimage.dll
0x00007ffdb8310000 - 0x00007ffdb8328000 	C:\Program Files\Android\Android Studio\jre\bin\zip.dll
0x00007ffdbf610000 - 0x00007ffdbfded000 	C:\WINDOWS\System32\SHELL32.dll
0x00007ffdbcc70000 - 0x00007ffdbd526000 	C:\WINDOWS\SYSTEM32\windows.storage.dll
0x00007ffdbcb30000 - 0x00007ffdbcc6d000 	C:\WINDOWS\SYSTEM32\wintypes.dll
0x00007ffdc06a0000 - 0x00007ffdc0791000 	C:\WINDOWS\System32\SHCORE.dll
0x00007ffdc0100000 - 0x00007ffdc015e000 	C:\WINDOWS\System32\shlwapi.dll
0x00007ffdbeb30000 - 0x00007ffdbeb51000 	C:\WINDOWS\SYSTEM32\profapi.dll
0x00007ffdb82f0000 - 0x00007ffdb830a000 	C:\Program Files\Android\Android Studio\jre\bin\net.dll
0x00007ffdb6be0000 - 0x00007ffdb6d0f000 	C:\WINDOWS\SYSTEM32\WINHTTP.dll
0x00007ffdbe1d0000 - 0x00007ffdbe239000 	C:\WINDOWS\system32\mswsock.dll
0x00007ffdb82d0000 - 0x00007ffdb82e4000 	C:\Program Files\Android\Android Studio\jre\bin\nio.dll
0x00007ffda0f10000 - 0x00007ffda0f37000 	C:\Users\jeova\.gradle\native\e1d6ef7f7dcc3fd88c89a11ec53ec762bb8ba0a96d01ffa2cd45eb1d1d8dd5c5\windows-amd64\native-platform.dll
0x00007ffd7b230000 - 0x00007ffd7b374000 	C:\Users\jeova\.gradle\native\5664cfc778a61ccfe75a443a1ab52a65af34e5dc3c78e0209fed803814484fcb\windows-amd64\native-platform-file-events.dll
0x00007ffdb8220000 - 0x00007ffdb822a000 	C:\Program Files\Android\Android Studio\jre\bin\management.dll
0x00007ffdb8210000 - 0x00007ffdb821d000 	C:\Program Files\Android\Android Studio\jre\bin\management_ext.dll
0x00007ffdbe410000 - 0x00007ffdbe42b000 	C:\WINDOWS\SYSTEM32\CRYPTSP.dll
0x00007ffdbdce0000 - 0x00007ffdbdd15000 	C:\WINDOWS\system32\rsaenh.dll
0x00007ffdbe2c0000 - 0x00007ffdbe2e8000 	C:\WINDOWS\SYSTEM32\USERENV.dll
0x00007ffdbe5b0000 - 0x00007ffdbe5d8000 	C:\WINDOWS\SYSTEM32\bcrypt.dll
0x00007ffdbe430000 - 0x00007ffdbe43c000 	C:\WINDOWS\SYSTEM32\CRYPTBASE.dll
0x00007ffdbd7f0000 - 0x00007ffdbd81d000 	C:\WINDOWS\SYSTEM32\IPHLPAPI.DLL
0x00007ffdbfe50000 - 0x00007ffdbfe59000 	C:\WINDOWS\System32\NSI.dll
0x00007ffdb6d70000 - 0x00007ffdb6d89000 	C:\WINDOWS\SYSTEM32\dhcpcsvc6.DLL
0x00007ffdb6970000 - 0x00007ffdb698f000 	C:\WINDOWS\SYSTEM32\dhcpcsvc.DLL
0x00007ffdbd820000 - 0x00007ffdbd912000 	C:\WINDOWS\SYSTEM32\DNSAPI.dll

dbghelp: loaded successfully - version: 4.0.5 - missing functions: none
symbol engine: initialized successfully - sym options: 0x614 - pdb path: .;C:\Program Files\Android\Android Studio\jre\bin;C:\WINDOWS\SYSTEM32;C:\WINDOWS\WinSxS\amd64_microsoft.windows.common-controls_6595b64144ccf1df_6.0.22621.608_none_a9444ca7c10bb01d;C:\Program Files\Android\Android Studio\jre\bin\server;C:\Users\jeova\.gradle\native\e1d6ef7f7dcc3fd88c89a11ec53ec762bb8ba0a96d01ffa2cd45eb1d1d8dd5c5\windows-amd64;C:\Users\jeova\.gradle\native\5664cfc778a61ccfe75a443a1ab52a65af34e5dc3c78e0209fed803814484fcb\windows-amd64

VM Arguments:
jvm_args: --add-opens=java.base/java.util=ALL-UNNAMED --add-opens=java.base/java.lang=ALL-UNNAMED --add-opens=java.base/java.lang.invoke=ALL-UNNAMED --add-opens=java.base/java.util=ALL-UNNAMED --add-opens=java.prefs/java.util.prefs=ALL-UNNAMED --add-opens=java.prefs/java.util.prefs=ALL-UNNAMED --add-opens=java.base/java.nio.charset=ALL-UNNAMED --add-opens=java.base/java.net=ALL-UNNAMED --add-opens=java.base/java.util.concurrent.atomic=ALL-UNNAMED -Xmx2048m -Dfile.encoding=UTF-8 -Duser.country=MX -Duser.language=es -Duser.variant 
java_command: org.gradle.launcher.daemon.bootstrap.GradleDaemon 7.3.3
java_class_path (initial): C:\Users\jeova\.gradle\wrapper\dists\gradle-7.3.3-bin\6a41zxkdtcxs8rphpq6y0069z\gradle-7.3.3\lib\gradle-launcher-7.3.3.jar
Launcher Type: SUN_STANDARD

[Global flags]
     intx CICompilerCount                          = 3                                         {product} {ergonomic}
     uint ConcGCThreads                            = 1                                         {product} {ergonomic}
     uint G1ConcRefinementThreads                  = 4                                         {product} {ergonomic}
   size_t G1HeapRegionSize                         = 1048576                                   {product} {ergonomic}
    uintx GCDrainStackTargetSize                   = 64                                        {product} {ergonomic}
   size_t InitialHeapSize                          = 134217728                                 {product} {ergonomic}
   size_t MarkStackSize                            = 4194304                                   {product} {ergonomic}
   size_t MaxHeapSize                              = 2147483648                                {product} {command line}
   size_t MaxNewSize                               = 1287651328                                {product} {ergonomic}
   size_t MinHeapDeltaBytes                        = 1048576                                   {product} {ergonomic}
    uintx NonNMethodCodeHeapSize                   = 5830732                                {pd product} {ergonomic}
    uintx NonProfiledCodeHeapSize                  = 122913754                              {pd product} {ergonomic}
    uintx ProfiledCodeHeapSize                     = 122913754                              {pd product} {ergonomic}
    uintx ReservedCodeCacheSize                    = 251658240                              {pd product} {ergonomic}
     bool SegmentedCodeCache                       = true                                      {product} {ergonomic}
     bool UseCompressedClassPointers               = true                                 {lp64_product} {ergonomic}
     bool UseCompressedOops                        = true                                 {lp64_product} {ergonomic}
     bool UseG1GC                                  = true                                      {product} {ergonomic}
     bool UseLargePagesIndividualAllocation        = false                                  {pd product} {ergonomic}

Logging:
Log output configuration:
 #0: stdout all=warning uptime,level,tags
 #1: stderr all=off uptime,level,tags

Environment Variables:
PATH=C:\Program Files (x86)\Common Files\Oracle\Java\javapath;C:\WINDOWS\system32;C:\WINDOWS;C:\WINDOWS\System32\Wbem;C:\WINDOWS\System32\WindowsPowerShell\v1.0\;C:\WINDOWS\System32\OpenSSH\;C:\Program Files\MATLAB\R2020b\bin;C:\Program Files\dotnet\;C:\Program Files\Microsoft SQL Server\Client SDK\ODBC\170\Tools\Binn\;C:\Program Files\Azure Data Studio\bin;C:\Program Files\nodejs\;C:\Program Files (x86)\Microsoft SQL Server\150\DTS\Binn\;C:\Program Files (x86)\Microsoft SQL Server\150\Tools\Binn\;C:\Program Files\Microsoft SQL Server\150\Tools\Binn\;C:\Program Files\Microsoft SQL Server\150\DTS\Binn\;C:\Program Files\Microsoft SQL Server\130\Tools\Binn\;C:\Program Files (x86)\dotnet\;C:\Program Files\Git\cmd;C:\Program Files\Intel\Intel(R) Memory and Storage Tool\;C:\Users\jeova\AppData\Local\Programs\Python\Python39\Scripts\;C:\Users\jeova\AppData\Local\Programs\Python\Python39\;C:\Users\jeova\AppData\Local\Microsoft\WindowsApps;C:\Users\jeova\AppData\Local\Programs\Microsoft VS Code\bin;C:\Users\jeova\.dotnet\tools;C:\Program Files\Azure Data Studio\bin;C:\Users\jeova\AppData\Roaming\npm;C:\Users\jeova\AppData\Local\GitHubDesktop\bin;C:\Users\jeova\OneDrive\Escritorio\ESCRITORIO\CEM;
USERNAME=jeova
OS=Windows_NT
PROCESSOR_IDENTIFIER=Intel64 Family 6 Model 142 Stepping 10, GenuineIntel



---------------  S Y S T E M  ---------------

OS: Windows 10 , 64 bit Build 22621 (10.0.22621.608)
OS uptime: 0 days 1:26 hours

CPU:total 4 (initial active 4) (2 cores per cpu, 2 threads per core) family 6 model 142 stepping 10 microcode 0xe0, cmov, cx8, fxsr, mmx, sse, sse2, sse3, ssse3, sse4.1, sse4.2, popcnt, avx, avx2, aes, clmul, erms, 3dnowpref, lzcnt, ht, tsc, tscinvbit, bmi1, bmi2, adx, fma

Memory: 4k page, system-wide physical 8107M (870M free)
TotalPageFile size 8107M (AvailPageFile size 5M)
current process WorkingSet (physical memory assigned to process): 303M, peak: 303M
current process commit charge ("private bytes"): 379M, peak: 379M

vm_info: OpenJDK 64-Bit Server VM (11.0.12+7-b1504.28-7817840) for windows-amd64 JRE (11.0.12+7-b1504.28-7817840), built on Oct 13 2021 22:12:33 by "builder" with MS VC++ 14.0 (VS2015)

END.
