#
# There is insufficient memory for the Java Runtime Environment to continue.
# Native memory allocation (mmap) failed to map 134217728 bytes for Failed to commit area from 0x0000000081400000 to 0x0000000089400000 of length 134217728.
# Possible reasons:
#   The system is out of physical RAM or swap space
#   The process is running with CompressedOops enabled, and the Java Heap may be blocking the growth of the native heap
# Possible solutions:
#   Reduce memory load on the system
#   Increase physical memory or swap space
#   Check if swap backing store is full
#   Decrease Java heap size (-Xmx/-Xms)
#   Decrease number of Java threads
#   Decrease Java thread stack sizes (-Xss)
#   Set larger code cache with -XX:ReservedCodeCacheSize=
# This output file may be truncated or incomplete.
#
#  Out of Memory Error (./src/hotspot/os/windows/os_windows.cpp:3521), pid=5008, tid=2060
#
# JRE version:  (11.0.12+7) (build )
# Java VM: OpenJDK 64-Bit Server VM (11.0.12+7-b1504.28-7817840, mixed mode, sharing, tiered, compressed oops, g1 gc, windows-amd64)
# No core dump will be written. Minidumps are not enabled by default on client versions of Windows
#

---------------  S U M M A R Y ------------

Command Line: org.jetbrains.kotlin.cli.jvm.K2JVMCompiler @C:\Users\jeova\Desktop\Proyecto\ProyectoEquipo4 (1)\ProyectoEquipo4\app\build\20221009_16037163615676040481.compiler.options

Host: Intel(R) Core(TM) i3-7020U CPU @ 2.30GHz, 4 cores, 7G,  Windows 10 , 64 bit Build 22621 (10.0.22621.608)
Time: Sun Oct  9 23:31:21 2022 Hora de verano central (México) elapsed time: 0.039916 seconds (0d 0h 0m 0s)

---------------  T H R E A D  ---------------

Current thread (0x000001d22420c000):  JavaThread "Unknown thread" [_thread_in_vm, id=2060, stack(0x0000000739e00000,0x0000000739f00000)]

Stack: [0x0000000739e00000,0x0000000739f00000]
Native frames: (J=compiled Java code, j=interpreted, Vv=VM code, C=native code)
V  [jvm.dll+0x5fbcea]
V  [jvm.dll+0x731905]
V  [jvm.dll+0x732f1d]
V  [jvm.dll+0x7335d3]
V  [jvm.dll+0x247bf8]
V  [jvm.dll+0x5f90b4]
V  [jvm.dll+0x5edc85]
V  [jvm.dll+0x305aeb]
V  [jvm.dll+0x305a5a]
V  [jvm.dll+0x305932]
V  [jvm.dll+0x30a896]
V  [jvm.dll+0x353803]
V  [jvm.dll+0x353f06]
V  [jvm.dll+0x353903]
V  [jvm.dll+0x2e0678]
V  [jvm.dll+0x2e1827]
V  [jvm.dll+0x710037]
V  [jvm.dll+0x71182c]
V  [jvm.dll+0x360da9]
V  [jvm.dll+0x6f390e]
V  [jvm.dll+0x3c9723]
V  [jvm.dll+0x3cb9b1]
C  [jli.dll+0x536b]
C  [ucrtbase.dll+0x29363]
C  [KERNEL32.DLL+0x1244d]
C  [ntdll.dll+0x5df78]


---------------  P R O C E S S  ---------------

Threads class SMR info:
_java_thread_list=0x000001d221fa7590, length=0, elements={
}

Java Threads: ( => current thread )

Other Threads:
  0x000001d224224800 GCTaskThread "GC Thread#0" [stack: 0x0000000739f00000,0x000000073a000000] [id=10732]
  0x000001d224255800 ConcurrentGCThread "G1 Main Marker" [stack: 0x000000073a000000,0x000000073a100000] [id=5488]
  0x000001d224257000 ConcurrentGCThread "G1 Conc#0" [stack: 0x000000073a100000,0x000000073a200000] [id=10908]

[error occurred during error reporting (printing all threads), id 0xc0000005, EXCEPTION_ACCESS_VIOLATION (0xc0000005) at pc=0x00007ffd16a00be7]

VM state:not at safepoint (not fully initialized)

VM Mutex/Monitor currently owned by a thread:  ([mutex/lock_event])
[0x000001d224206e90] Heap_lock - owner thread: 0x000001d22420c000

Heap address: 0x0000000081400000, size: 2028 MB, Compressed Oops mode: Non-zero based: 0x0000000081400000
Narrow klass base: 0x0000000000000000, Narrow klass shift: 0

GC Heap History (0 events):
No events

Deoptimization events (0 events):
No events

Classes redefined (0 events):
No events

Internal exceptions (0 events):
No events

Events (1 events):
Event: 0.012 Loaded shared library C:\Program Files\Android\Android Studio\jre\bin\zip.dll


Dynamic libraries:
0x00007ff6e27c0000 - 0x00007ff6e27ca000 	C:\Program Files\Android\Android Studio\jre\bin\java.exe
0x00007ffd7c6b0000 - 0x00007ffd7c8c4000 	C:\WINDOWS\SYSTEM32\ntdll.dll
0x00007ffd7bda0000 - 0x00007ffd7be62000 	C:\WINDOWS\System32\KERNEL32.DLL
0x00007ffd79ff0000 - 0x00007ffd7a38c000 	C:\WINDOWS\System32\KERNELBASE.dll
0x00007ffd7a390000 - 0x00007ffd7a4a1000 	C:\WINDOWS\System32\ucrtbase.dll
0x00007ffd5ded0000 - 0x00007ffd5dee7000 	C:\Program Files\Android\Android Studio\jre\bin\VCRUNTIME140.dll
0x00007ffd5df90000 - 0x00007ffd5dfa9000 	C:\Program Files\Android\Android Studio\jre\bin\jli.dll
0x00007ffd7ad90000 - 0x00007ffd7af3a000 	C:\WINDOWS\System32\USER32.dll
0x00007ffd5f420000 - 0x00007ffd5f6ae000 	C:\WINDOWS\WinSxS\amd64_microsoft.windows.common-controls_6595b64144ccf1df_6.0.22621.608_none_a9444ca7c10bb01d\COMCTL32.dll
0x00007ffd79d20000 - 0x00007ffd79d46000 	C:\WINDOWS\System32\win32u.dll
0x00007ffd7ab20000 - 0x00007ffd7abc7000 	C:\WINDOWS\System32\msvcrt.dll
0x00007ffd7c4d0000 - 0x00007ffd7c4f9000 	C:\WINDOWS\System32\GDI32.dll
0x00007ffd79ae0000 - 0x00007ffd79bf2000 	C:\WINDOWS\System32\gdi32full.dll
0x00007ffd79c80000 - 0x00007ffd79d1a000 	C:\WINDOWS\System32\msvcp_win.dll
0x00007ffd7a710000 - 0x00007ffd7a741000 	C:\WINDOWS\System32\IMM32.DLL
0x00007ffd44790000 - 0x00007ffd4482d000 	C:\Program Files\Android\Android Studio\jre\bin\msvcp140.dll
0x00007ffd16710000 - 0x00007ffd171f5000 	C:\Program Files\Android\Android Studio\jre\bin\server\jvm.dll
0x00007ffd7a8f0000 - 0x00007ffd7a99e000 	C:\WINDOWS\System32\ADVAPI32.dll
0x00007ffd7bed0000 - 0x00007ffd7bf74000 	C:\WINDOWS\System32\sechost.dll
0x00007ffd7c320000 - 0x00007ffd7c435000 	C:\WINDOWS\System32\RPCRT4.dll
0x00007ffd7c4c0000 - 0x00007ffd7c4c8000 	C:\WINDOWS\System32\PSAPI.DLL
0x00007ffd1ddb0000 - 0x00007ffd1ddb9000 	C:\WINDOWS\SYSTEM32\WSOCK32.dll
0x00007ffd71e60000 - 0x00007ffd71e94000 	C:\WINDOWS\SYSTEM32\WINMM.dll
0x00007ffd736a0000 - 0x00007ffd736aa000 	C:\WINDOWS\SYSTEM32\VERSION.dll
0x00007ffd7aaa0000 - 0x00007ffd7ab11000 	C:\WINDOWS\System32\WS2_32.dll
0x00007ffd78c50000 - 0x00007ffd78c68000 	C:\WINDOWS\SYSTEM32\kernel.appcore.dll
0x00007ffd166f0000 - 0x00007ffd16701000 	C:\Program Files\Android\Android Studio\jre\bin\verify.dll
0x00007ffd76d20000 - 0x00007ffd76f4e000 	C:\WINDOWS\SYSTEM32\DBGHELP.DLL
0x00007ffd7bf90000 - 0x00007ffd7c319000 	C:\WINDOWS\System32\combase.dll
0x00007ffd7af40000 - 0x00007ffd7b017000 	C:\WINDOWS\System32\OLEAUT32.dll
0x00007ffd5b250000 - 0x00007ffd5b282000 	C:\WINDOWS\SYSTEM32\dbgcore.DLL
0x00007ffd79c00000 - 0x00007ffd79c7b000 	C:\WINDOWS\System32\bcryptPrimitives.dll
0x00007ffd166c0000 - 0x00007ffd166e9000 	C:\Program Files\Android\Android Studio\jre\bin\java.dll
0x00007ffd1c0c0000 - 0x00007ffd1c0cb000 	C:\Program Files\Android\Android Studio\jre\bin\jimage.dll
0x00007ffd166a0000 - 0x00007ffd166b8000 	C:\Program Files\Android\Android Studio\jre\bin\zip.dll

dbghelp: loaded successfully - version: 4.0.5 - missing functions: none
symbol engine: initialized successfully - sym options: 0x614 - pdb path: .;C:\Program Files\Android\Android Studio\jre\bin;C:\WINDOWS\SYSTEM32;C:\WINDOWS\WinSxS\amd64_microsoft.windows.common-controls_6595b64144ccf1df_6.0.22621.608_none_a9444ca7c10bb01d;C:\Program Files\Android\Android Studio\jre\bin\server

VM Arguments:
java_command: org.jetbrains.kotlin.cli.jvm.K2JVMCompiler @C:\Users\jeova\Desktop\Proyecto\ProyectoEquipo4 (1)\ProyectoEquipo4\app\build\20221009_16037163615676040481.compiler.options
java_class_path (initial): C:\Users\jeova\.gradle\caches\modules-2\files-2.1\org.jetbrains.kotlin\kotlin-compiler-embeddable\1.6.10\88f2073f4020cdb83132cfe940ceb9a60aba54ea\kotlin-compiler-embeddable-1.6.10.jar;C:\Users\jeova\.gradle\caches\modules-2\files-2.1\org.jetbrains.kotlin\kotlin-reflect\1.6.10\1cbe9c92c12a94eea200d23c2bbaedaf3daf5132\kotlin-reflect-1.6.10.jar;C:\Users\jeova\.gradle\caches\modules-2\files-2.1\org.jetbrains.kotlin\kotlin-stdlib\1.6.10\b8af3fe6f1ca88526914929add63cf5e7c5049af\kotlin-stdlib-1.6.10.jar;C:\Users\jeova\.gradle\caches\modules-2\files-2.1\org.jetbrains.kotlin\kotlin-script-runtime\1.6.10\d0a7ff2e2500ef497ed0214ae40ad3c8387a6164\kotlin-script-runtime-1.6.10.jar;C:\Users\jeova\.gradle\caches\modules-2\files-2.1\org.jetbrains.kotlin\kotlin-daemon-embeddable\1.6.10\a56d79bcbea411fa6058e4ecffc2de73e742bd2a\kotlin-daemon-embeddable-1.6.10.jar;C:\Users\jeova\.gradle\caches\modules-2\files-2.1\org.jetbrains.intellij.deps\trove4j\1.0.20181211\216c2e14b070f334479d800987affe4054cd563f\trove4j-1.0.20181211.jar;C:\Users\jeova\.gradle\caches\modules-2\files-2.1\net.java.dev.jna\jna\5.6.0\330f2244e9030119ab3030fc3fededc86713d9cc\jna-5.6.0.jar;C:\Users\jeova\.gradle\caches\modules-2\files-2.1\org.jetbrains\annotations\13.0\919f0dfe192fb4e063e7dacadee7f8bb9a2672a9\annotations-13.0.jar;C:\Users\jeova\.gradle\caches\modules-2\files-2.1\org.jetbrains.kotlin\kotlin-stdlib-common\1.6.10\c118700e3a33c8a0d9adc920e9dec0831171925\kotlin-stdlib-common-1.6.10.jar
Launcher Type: SUN_STANDARD

[Global flags]
     intx CICompilerCount                          = 3                                         {product} {ergonomic}
     uint ConcGCThreads                            = 1                                         {product} {ergonomic}
     uint G1ConcRefinementThreads                  = 4                                         {product} {ergonomic}
   size_t G1HeapRegionSize                         = 1048576                                   {product} {ergonomic}
    uintx GCDrainStackTargetSize                   = 64                                        {product} {ergonomic}
   size_t InitialHeapSize                          = 134217728                                 {product} {ergonomic}
   size_t MarkStackSize                            = 4194304                                   {product} {ergonomic}
   size_t MaxHeapSize                              = 2126512128                                {product} {ergonomic}
   size_t MinHeapDeltaBytes                        = 1048576                                   {product} {ergonomic}
    uintx NonNMethodCodeHeapSize                   = 5830732                                {pd product} {ergonomic}
    uintx NonProfiledCodeHeapSize                  = 122913754                              {pd product} {ergonomic}
    uintx ProfiledCodeHeapSize                     = 122913754                              {pd product} {ergonomic}
    uintx ReservedCodeCacheSize                    = 251658240                              {pd product} {ergonomic}
     bool SegmentedCodeCache                       = true                                      {product} {ergonomic}
     bool UseCompressedClassPointers               = true                                 {lp64_product} {ergonomic}
     bool UseCompressedOops                        = true                                 {lp64_product} {ergonomic}
     bool UseG1GC                                  = true                                      {product} {ergonomic}
     bool UseLargePagesIndividualAllocation        = false                                  {pd product} {ergonomic}

Logging:
Log output configuration:
 #0: stdout all=warning uptime,level,tags
 #1: stderr all=off uptime,level,tags

Environment Variables:
PATH=C:\Program Files (x86)\Common Files\Oracle\Java\javapath;C:\WINDOWS\system32;C:\WINDOWS;C:\WINDOWS\System32\Wbem;C:\WINDOWS\System32\WindowsPowerShell\v1.0\;C:\WINDOWS\System32\OpenSSH\;C:\Program Files\MATLAB\R2020b\bin;C:\Program Files\dotnet\;C:\Program Files\Microsoft SQL Server\Client SDK\ODBC\170\Tools\Binn\;C:\Program Files\Azure Data Studio\bin;C:\Program Files\nodejs\;C:\Program Files (x86)\Microsoft SQL Server\150\DTS\Binn\;C:\Program Files (x86)\Microsoft SQL Server\150\Tools\Binn\;C:\Program Files\Microsoft SQL Server\150\Tools\Binn\;C:\Program Files\Microsoft SQL Server\150\DTS\Binn\;C:\Program Files\Microsoft SQL Server\130\Tools\Binn\;C:\Program Files (x86)\dotnet\;C:\Program Files\Git\cmd;C:\Program Files\Intel\Intel(R) Memory and Storage Tool\;C:\Users\jeova\AppData\Local\Programs\Python\Python39\Scripts\;C:\Users\jeova\AppData\Local\Programs\Python\Python39\;C:\Users\jeova\AppData\Local\Microsoft\WindowsApps;C:\Users\jeova\AppData\Local\Programs\Microsoft VS Code\bin;C:\Users\jeova\.dotnet\tools;C:\Program Files\Azure Data Studio\bin;C:\Users\jeova\AppData\Roaming\npm;C:\Users\jeova\AppData\Local\GitHubDesktop\bin;C:\Users\jeova\OneDrive\Escritorio\ESCRITORIO\CEM;
USERNAME=jeova
OS=Windows_NT
PROCESSOR_IDENTIFIER=Intel64 Family 6 Model 142 Stepping 10, GenuineIntel



---------------  S Y S T E M  ---------------

OS: Windows 10 , 64 bit Build 22621 (10.0.22621.608)
OS uptime: 0 days 9:24 hours

CPU:total 4 (initial active 4) (2 cores per cpu, 2 threads per core) family 6 model 142 stepping 10 microcode 0xe0, cmov, cx8, fxsr, mmx, sse, sse2, sse3, ssse3, sse4.1, sse4.2, popcnt, avx, avx2, aes, clmul, erms, 3dnowpref, lzcnt, ht, tsc, tscinvbit, bmi1, bmi2, adx, fma

Memory: 4k page, system-wide physical 8107M (1159M free)
TotalPageFile size 8107M (AvailPageFile size 80M)
current process WorkingSet (physical memory assigned to process): 10M, peak: 10M
current process commit charge ("private bytes"): 51M, peak: 179M

vm_info: OpenJDK 64-Bit Server VM (11.0.12+7-b1504.28-7817840) for windows-amd64 JRE (11.0.12+7-b1504.28-7817840), built on Oct 13 2021 22:12:33 by "builder" with MS VC++ 14.0 (VS2015)

END.
