#
# There is insufficient memory for the Java Runtime Environment to continue.
# Native memory allocation (malloc) failed to allocate 1942736 bytes for Chunk::new
# Possible reasons:
#   The system is out of physical RAM or swap space
#   The process is running with CompressedOops enabled, and the Java Heap may be blocking the growth of the native heap
# Possible solutions:
#   Reduce memory load on the system
#   Increase physical memory or swap space
#   Check if swap backing store is full
#   Decrease Java heap size (-Xmx/-Xms)
#   Decrease number of Java threads
#   Decrease Java thread stack sizes (-Xss)
#   Set larger code cache with -XX:ReservedCodeCacheSize=
#   JVM is running with Unscaled Compressed Oops mode in which the Java heap is
#     placed in the first 4GB address space. The Java Heap base address is the
#     maximum limit for the native heap growth. Please use -XX:HeapBaseMinAddress
#     to set the Java Heap base and to place the Java Heap above 4GB virtual address.
# This output file may be truncated or incomplete.
#
#  Out of Memory Error (./src/hotspot/share/memory/arena.cpp:197), pid=7780, tid=7812
#
# JRE version: OpenJDK Runtime Environment (11.0.12+7) (build 11.0.12+7-b1504.28-7817840)
# Java VM: OpenJDK 64-Bit Server VM (11.0.12+7-b1504.28-7817840, mixed mode, tiered, compressed oops, g1 gc, windows-amd64)
# No core dump will be written. Minidumps are not enabled by default on client versions of Windows
#

---------------  S U M M A R Y ------------

Command Line: --add-opens=java.base/java.util=ALL-UNNAMED --add-opens=java.base/java.lang=ALL-UNNAMED --add-opens=java.base/java.lang.invoke=ALL-UNNAMED --add-opens=java.base/java.util=ALL-UNNAMED --add-opens=java.prefs/java.util.prefs=ALL-UNNAMED --add-opens=java.prefs/java.util.prefs=ALL-UNNAMED --add-opens=java.base/java.nio.charset=ALL-UNNAMED --add-opens=java.base/java.net=ALL-UNNAMED --add-opens=java.base/java.util.concurrent.atomic=ALL-UNNAMED -Xmx2048m -Dfile.encoding=UTF-8 -Duser.country=MX -Duser.language=es -Duser.variant org.gradle.launcher.daemon.bootstrap.GradleDaemon 7.3.3

Host: Intel(R) Core(TM) i3-7020U CPU @ 2.30GHz, 4 cores, 7G,  Windows 10 , 64 bit Build 22621 (10.0.22621.608)
Time: Sun Oct  9 23:08:40 2022 Hora de verano central (México) elapsed time: 5921.386599 seconds (0d 1h 38m 41s)

---------------  T H R E A D  ---------------

Current thread (0x000001cfcabcb800):  JavaThread "C2 CompilerThread1" daemon [_thread_in_native, id=7812, stack(0x00000038a1000000,0x00000038a1100000)]


Current CompileTask:
C2:5921386 32624 %     4       com.android.tools.r8.internal.xa::a @ 80 (6068 bytes)

Stack: [0x00000038a1000000,0x00000038a1100000]
Native frames: (J=compiled Java code, j=interpreted, Vv=VM code, C=native code)
V  [jvm.dll+0x5fbcea]
V  [jvm.dll+0x731905]
V  [jvm.dll+0x732f1d]
V  [jvm.dll+0x7335d3]
V  [jvm.dll+0x247bf8]
V  [jvm.dll+0xc018c]
V  [jvm.dll+0xc06cc]
V  [jvm.dll+0x35b31d]
V  [jvm.dll+0x19cebc]
V  [jvm.dll+0x20070e]
V  [jvm.dll+0x1ff794]
V  [jvm.dll+0x18868c]
V  [jvm.dll+0x20e0d7]
V  [jvm.dll+0x20c901]
V  [jvm.dll+0x6f9b7f]
V  [jvm.dll+0x6f26a5]
V  [jvm.dll+0x5fabf6]
C  [ucrtbase.dll+0x29363]
C  [KERNEL32.DLL+0x1244d]
C  [ntdll.dll+0x5df78]


---------------  P R O C E S S  ---------------

Threads class SMR info:
_java_thread_list=0x000001cfd10be9b0, length=97, elements={
0x000001cfab73c800, 0x000001cfc744c800, 0x000001cfc7459000, 0x000001cfc7e02800,
0x000001cfc746b000, 0x000001cfc746e800, 0x000001cfc7473000, 0x000001cfc7478000,
0x000001cfc747b000, 0x000001cfc7f49800, 0x000001cfca4a4000, 0x000001cfca4a5000,
0x000001cfca4a1800, 0x000001cfcabc1800, 0x000001cfcabc4000, 0x000001cfcabbe000,
0x000001cfcabc0000, 0x000001cfcabbf000, 0x000001cfcabc7000, 0x000001cfcabc8000,
0x000001cfcabcd000, 0x000001cfcabca800, 0x000001cfcabcc000, 0x000001cfcb1fa800,
0x000001cfcb1fb800, 0x000001cfcb204800, 0x000001cfcb207000, 0x000001cfcb207800,
0x000001cfcb203000, 0x000001cfd3c24800, 0x000001cfcb202000, 0x000001cfd770b800,
0x000001cfcabc6800, 0x000001cfcabc0800, 0x000001cfcb1fd000, 0x000001cfcb1fe000,
0x000001cfcb1f9000, 0x000001cfcb203800, 0x000001cfcb205000, 0x000001cfcb206000,
0x000001cfcb200800, 0x000001cfcb201000, 0x000001cfc8494000, 0x000001cfc8491800,
0x000001cfc8490000, 0x000001cfc8491000, 0x000001cfc8493800, 0x000001cfc8495000,
0x000001cfc848f000, 0x000001cfc8496000, 0x000001cfc849a800, 0x000001cfc8499000,
0x000001cfc8498000, 0x000001cfc849c800, 0x000001cfc8496800, 0x000001cfc849a000,
0x000001cfc849d000, 0x000001cfc8497800, 0x000001cfc849e000, 0x000001cfd3c21000,
0x000001cfd3c25000, 0x000001cfd3c22000, 0x000001cfd3c26000, 0x000001cfd3c22800,
0x000001cfd3c20800, 0x000001cfd3c27000, 0x000001cfd3c28800, 0x000001cfd3c27800,
0x000001cfd3c29800, 0x000001cfd3c23800, 0x000001cfd3c2c800, 0x000001cfd3c2e000,
0x000001cfd3c2f000, 0x000001cfd3c2b000, 0x000001cfd3c2d800, 0x000001cfd3c2b800,
0x000001cfd3c2a000, 0x000001cfd770d000, 0x000001cfd770c800, 0x000001cfd7713800,
0x000001cfd7713000, 0x000001cfd7710800, 0x000001cfd7712000, 0x000001cfd770f000,
0x000001cfd7711800, 0x000001cfd770e000, 0x000001cfd7714800, 0x000001cfd7716000,
0x000001cfd7719800, 0x000001cfd771a800, 0x000001cfd7718000, 0x000001cfca4a6000,
0x000001cfca4a2800, 0x000001cfca4a3800, 0x000001cfca4a8000, 0x000001cfcabc3000,
0x000001cfcabcb800
}

Java Threads: ( => current thread )
  0x000001cfab73c800 JavaThread "main" [_thread_blocked, id=7976, stack(0x000000389e900000,0x000000389ea00000)]
  0x000001cfc744c800 JavaThread "Reference Handler" daemon [_thread_blocked, id=11520, stack(0x000000389f000000,0x000000389f100000)]
  0x000001cfc7459000 JavaThread "Finalizer" daemon [_thread_blocked, id=1356, stack(0x000000389f100000,0x000000389f200000)]
  0x000001cfc7e02800 JavaThread "Signal Dispatcher" daemon [_thread_blocked, id=8548, stack(0x000000389f200000,0x000000389f300000)]
  0x000001cfc746b000 JavaThread "Attach Listener" daemon [_thread_blocked, id=13472, stack(0x000000389f300000,0x000000389f400000)]
  0x000001cfc746e800 JavaThread "Service Thread" daemon [_thread_blocked, id=10852, stack(0x000000389f400000,0x000000389f500000)]
  0x000001cfc7473000 JavaThread "C2 CompilerThread0" daemon [_thread_in_native, id=6620, stack(0x000000389f500000,0x000000389f600000)]
  0x000001cfc7478000 JavaThread "C1 CompilerThread0" daemon [_thread_blocked, id=5168, stack(0x000000389f600000,0x000000389f700000)]
  0x000001cfc747b000 JavaThread "Sweeper thread" daemon [_thread_blocked, id=9664, stack(0x000000389f700000,0x000000389f800000)]
  0x000001cfc7f49800 JavaThread "Common-Cleaner" daemon [_thread_blocked, id=860, stack(0x000000389f800000,0x000000389f900000)]
  0x000001cfca4a4000 JavaThread "Daemon health stats" [_thread_blocked, id=14224, stack(0x000000389fd00000,0x000000389fe00000)]
  0x000001cfca4a5000 JavaThread "Incoming local TCP Connector on port 56504" [_thread_in_native, id=7364, stack(0x000000389fa00000,0x000000389fb00000)]
  0x000001cfca4a1800 JavaThread "Daemon periodic checks" [_thread_blocked, id=11868, stack(0x000000389ff00000,0x00000038a0000000)]
  0x000001cfcabc1800 JavaThread "Cache worker for journal cache (C:\Users\jeova\.gradle\caches\journal-1)" [_thread_blocked, id=3056, stack(0x00000038a0700000,0x00000038a0800000)]
  0x000001cfcabc4000 JavaThread "File lock request listener" [_thread_in_native, id=12304, stack(0x00000038a0800000,0x00000038a0900000)]
  0x000001cfcabbe000 JavaThread "Cache worker for file hash cache (C:\Users\jeova\.gradle\caches\7.3.3\fileHashes)" [_thread_blocked, id=8836, stack(0x00000038a0a00000,0x00000038a0b00000)]
  0x000001cfcabc0000 JavaThread "File watcher server" daemon [_thread_in_native, id=9916, stack(0x00000038a0c00000,0x00000038a0d00000)]
  0x000001cfcabbf000 JavaThread "File watcher consumer" daemon [_thread_blocked, id=8068, stack(0x00000038a0d00000,0x00000038a0e00000)]
  0x000001cfcabc7000 JavaThread "Cache worker for execution history cache (C:\Users\jeova\.gradle\caches\7.3.3\executionHistory)" [_thread_blocked, id=4688, stack(0x00000038a1100000,0x00000038a1200000)]
  0x000001cfcabc8000 JavaThread "jar transforms" [_thread_blocked, id=8384, stack(0x00000038a1200000,0x00000038a1300000)]
  0x000001cfcabcd000 JavaThread "Cache worker for file content cache (C:\Users\jeova\.gradle\caches\7.3.3\fileContent)" [_thread_blocked, id=11820, stack(0x00000038a1300000,0x00000038a1400000)]
  0x000001cfcabca800 JavaThread "jar transforms Thread 2" [_thread_blocked, id=3400, stack(0x00000038a1400000,0x00000038a1500000)]
  0x000001cfcabcc000 JavaThread "jar transforms Thread 3" [_thread_blocked, id=7556, stack(0x00000038a1600000,0x00000038a1700000)]
  0x000001cfcb1fa800 JavaThread "jar transforms Thread 4" [_thread_blocked, id=1500, stack(0x00000038a4000000,0x00000038a4100000)]
  0x000001cfcb1fb800 JavaThread "Memory manager" [_thread_blocked, id=8752, stack(0x00000038a4100000,0x00000038a4200000)]
  0x000001cfcb204800 JavaThread "RMI Scheduler(0)" daemon [_thread_blocked, id=3452, stack(0x00000038a0600000,0x00000038a0700000)]
  0x000001cfcb207000 JavaThread "RMI GC Daemon" daemon [_thread_blocked, id=10612, stack(0x00000038a4900000,0x00000038a4a00000)]
  0x000001cfcb207800 JavaThread "RMI TCP Accept-0" daemon [_thread_in_native, id=5696, stack(0x00000038a4b00000,0x00000038a4c00000)]
  0x000001cfcb203000 JavaThread "RMI Reaper" [_thread_blocked, id=11956, stack(0x00000038a4c00000,0x00000038a4d00000)]
  0x000001cfd3c24800 JavaThread "RMI TCP Accept-0" daemon [_thread_in_native, id=3516, stack(0x00000038a4700000,0x00000038a4800000)]
  0x000001cfcb202000 JavaThread "Cache worker for Java compile cache (C:\Users\jeova\.gradle\caches\7.3.3\javaCompile)" [_thread_blocked, id=6548, stack(0x00000038a1500000,0x00000038a1600000)]
  0x000001cfd770b800 JavaThread "ForkJoinPool.commonPool-worker-7" daemon [_thread_blocked, id=3992, stack(0x00000038a5d00000,0x00000038a5e00000)]
  0x000001cfcabc6800 JavaThread "Daemon Thread 7" [_thread_blocked, id=8308, stack(0x000000389e600000,0x000000389e700000)]
  0x000001cfcabc0800 JavaThread "Daemon worker Thread 7" [_thread_in_Java, id=1620, stack(0x000000389fe00000,0x000000389ff00000)]
  0x000001cfcb1fd000 JavaThread "Handler for socket connection from /127.0.0.1:56504 to /127.0.0.1:57134" [_thread_in_native, id=3892, stack(0x000000389e700000,0x000000389e800000)]
  0x000001cfcb1fe000 JavaThread "Cancel handler" [_thread_blocked, id=5940, stack(0x000000389e800000,0x000000389e900000)]
  0x000001cfcb1f9000 JavaThread "Asynchronous log dispatcher for DefaultDaemonConnection: socket connection from /127.0.0.1:56504 to /127.0.0.1:57134" [_thread_blocked, id=3264, stack(0x00000038a0000000,0x00000038a0100000)]
  0x000001cfcb203800 JavaThread "Stdin handler" [_thread_blocked, id=1988, stack(0x00000038a0100000,0x00000038a0200000)]
  0x000001cfcb205000 JavaThread "Daemon client event forwarder" [_thread_blocked, id=8508, stack(0x00000038a0200000,0x00000038a0300000)]
  0x000001cfcb206000 JavaThread "Cache worker for file hash cache (C:\Users\jeova\Desktop\Proyecto\ProyectoEquipo4 (1)\ProyectoEquipo4\.gradle\7.3.3\fileHashes)" [_thread_blocked, id=12152, stack(0x00000038a0300000,0x00000038a0400000)]
  0x000001cfcb200800 JavaThread "Cache worker for checksums cache (C:\Users\jeova\Desktop\Proyecto\ProyectoEquipo4 (1)\ProyectoEquipo4\.gradle\7.3.3\checksums)" [_thread_blocked, id=1172, stack(0x00000038a0400000,0x00000038a0500000)]
  0x000001cfcb201000 JavaThread "Cache worker for cache directory md-supplier (C:\Users\jeova\.gradle\caches\7.3.3\md-supplier)" [_thread_blocked, id=11668, stack(0x00000038a0500000,0x00000038a0600000)]
  0x000001cfc8494000 JavaThread "Cache worker for cache directory md-rule (C:\Users\jeova\.gradle\caches\7.3.3\md-rule)" [_thread_blocked, id=3956, stack(0x00000038a0b00000,0x00000038a0c00000)]
  0x000001cfc8491800 JavaThread "Cache worker for dependencies-accessors (C:\Users\jeova\Desktop\Proyecto\ProyectoEquipo4 (1)\ProyectoEquipo4\.gradle\7.3.3\dependencies-accessors)" [_thread_blocked, id=12924, stack(0x00000038a0e00000,0x00000038a0f00000)]
  0x000001cfc8490000 JavaThread "Cache worker for Build Output Cleanup Cache (C:\Users\jeova\Desktop\Proyecto\ProyectoEquipo4 (1)\ProyectoEquipo4\.gradle\buildOutputCleanup)" [_thread_blocked, id=1148, stack(0x00000038a0f00000,0x00000038a1000000)]
  0x000001cfc8491000 JavaThread "Unconstrained build operations" [_thread_blocked, id=1508, stack(0x00000038a1700000,0x00000038a1800000)]
  0x000001cfc8493800 JavaThread "Unconstrained build operations Thread 2" [_thread_blocked, id=5104, stack(0x00000038a1800000,0x00000038a1900000)]
  0x000001cfc8495000 JavaThread "Unconstrained build operations Thread 3" [_thread_blocked, id=9464, stack(0x00000038a1900000,0x00000038a1a00000)]
  0x000001cfc848f000 JavaThread "Unconstrained build operations Thread 4" [_thread_blocked, id=11784, stack(0x00000038a1a00000,0x00000038a1b00000)]
  0x000001cfc8496000 JavaThread "Unconstrained build operations Thread 5" [_thread_blocked, id=1992, stack(0x00000038a1b00000,0x00000038a1c00000)]
  0x000001cfc849a800 JavaThread "Unconstrained build operations Thread 6" [_thread_blocked, id=8640, stack(0x00000038a1c00000,0x00000038a1d00000)]
  0x000001cfc8499000 JavaThread "Unconstrained build operations Thread 7" [_thread_blocked, id=1228, stack(0x00000038a1d00000,0x00000038a1e00000)]
  0x000001cfc8498000 JavaThread "Unconstrained build operations Thread 8" [_thread_blocked, id=14016, stack(0x00000038a1e00000,0x00000038a1f00000)]
  0x000001cfc849c800 JavaThread "Unconstrained build operations Thread 9" [_thread_blocked, id=13096, stack(0x00000038a1f00000,0x00000038a2000000)]
  0x000001cfc8496800 JavaThread "Unconstrained build operations Thread 10" [_thread_blocked, id=9000, stack(0x00000038a2000000,0x00000038a2100000)]
  0x000001cfc849a000 JavaThread "Unconstrained build operations Thread 11" [_thread_blocked, id=8940, stack(0x00000038a2100000,0x00000038a2200000)]
  0x000001cfc849d000 JavaThread "Unconstrained build operations Thread 12" [_thread_blocked, id=13704, stack(0x00000038a2200000,0x00000038a2300000)]
  0x000001cfc8497800 JavaThread "Unconstrained build operations Thread 13" [_thread_blocked, id=11856, stack(0x00000038a2300000,0x00000038a2400000)]
  0x000001cfc849e000 JavaThread "Unconstrained build operations Thread 14" [_thread_blocked, id=12136, stack(0x00000038a2400000,0x00000038a2500000)]
  0x000001cfd3c21000 JavaThread "Unconstrained build operations Thread 15" [_thread_blocked, id=1652, stack(0x00000038a2500000,0x00000038a2600000)]
  0x000001cfd3c25000 JavaThread "Unconstrained build operations Thread 16" [_thread_blocked, id=8772, stack(0x00000038a2600000,0x00000038a2700000)]
  0x000001cfd3c22000 JavaThread "Unconstrained build operations Thread 17" [_thread_blocked, id=9772, stack(0x00000038a2700000,0x00000038a2800000)]
  0x000001cfd3c26000 JavaThread "Unconstrained build operations Thread 18" [_thread_blocked, id=12532, stack(0x00000038a2800000,0x00000038a2900000)]
  0x000001cfd3c22800 JavaThread "Unconstrained build operations Thread 19" [_thread_blocked, id=7080, stack(0x00000038a2900000,0x00000038a2a00000)]
  0x000001cfd3c20800 JavaThread "Unconstrained build operations Thread 20" [_thread_blocked, id=7096, stack(0x00000038a2a00000,0x00000038a2b00000)]
  0x000001cfd3c27000 JavaThread "Unconstrained build operations Thread 21" [_thread_blocked, id=10088, stack(0x00000038a2b00000,0x00000038a2c00000)]
  0x000001cfd3c28800 JavaThread "Unconstrained build operations Thread 22" [_thread_blocked, id=9804, stack(0x00000038a2c00000,0x00000038a2d00000)]
  0x000001cfd3c27800 JavaThread "Unconstrained build operations Thread 23" [_thread_blocked, id=1360, stack(0x00000038a2d00000,0x00000038a2e00000)]
  0x000001cfd3c29800 JavaThread "Unconstrained build operations Thread 24" [_thread_blocked, id=6712, stack(0x00000038a2e00000,0x00000038a2f00000)]
  0x000001cfd3c23800 JavaThread "Unconstrained build operations Thread 25" [_thread_blocked, id=3508, stack(0x00000038a2f00000,0x00000038a3000000)]
  0x000001cfd3c2c800 JavaThread "Unconstrained build operations Thread 26" [_thread_blocked, id=1060, stack(0x00000038a3000000,0x00000038a3100000)]
  0x000001cfd3c2e000 JavaThread "Unconstrained build operations Thread 27" [_thread_blocked, id=3372, stack(0x00000038a3100000,0x00000038a3200000)]
  0x000001cfd3c2f000 JavaThread "Unconstrained build operations Thread 28" [_thread_blocked, id=10780, stack(0x00000038a3200000,0x00000038a3300000)]
  0x000001cfd3c2b000 JavaThread "Unconstrained build operations Thread 29" [_thread_blocked, id=7876, stack(0x00000038a3300000,0x00000038a3400000)]
  0x000001cfd3c2d800 JavaThread "Unconstrained build operations Thread 30" [_thread_blocked, id=8096, stack(0x00000038a3400000,0x00000038a3500000)]
  0x000001cfd3c2b800 JavaThread "Unconstrained build operations Thread 31" [_thread_blocked, id=11640, stack(0x00000038a3500000,0x00000038a3600000)]
  0x000001cfd3c2a000 JavaThread "Unconstrained build operations Thread 32" [_thread_blocked, id=10028, stack(0x00000038a3600000,0x00000038a3700000)]
  0x000001cfd770d000 JavaThread "Unconstrained build operations Thread 33" [_thread_blocked, id=6772, stack(0x00000038a3700000,0x00000038a3800000)]
  0x000001cfd770c800 JavaThread "Unconstrained build operations Thread 34" [_thread_blocked, id=12880, stack(0x00000038a3800000,0x00000038a3900000)]
  0x000001cfd7713800 JavaThread "Unconstrained build operations Thread 35" [_thread_blocked, id=14332, stack(0x00000038a3900000,0x00000038a3a00000)]
  0x000001cfd7713000 JavaThread "Unconstrained build operations Thread 36" [_thread_blocked, id=12824, stack(0x00000038a3a00000,0x00000038a3b00000)]
  0x000001cfd7710800 JavaThread "Unconstrained build operations Thread 37" [_thread_blocked, id=2792, stack(0x00000038a3b00000,0x00000038a3c00000)]
  0x000001cfd7712000 JavaThread "Unconstrained build operations Thread 38" [_thread_blocked, id=4792, stack(0x00000038a3c00000,0x00000038a3d00000)]
  0x000001cfd770f000 JavaThread "Unconstrained build operations Thread 39" [_thread_blocked, id=6408, stack(0x00000038a3d00000,0x00000038a3e00000)]
  0x000001cfd7711800 JavaThread "Unconstrained build operations Thread 40" [_thread_blocked, id=13752, stack(0x00000038a3e00000,0x00000038a3f00000)]
  0x000001cfd770e000 JavaThread "build event listener" [_thread_blocked, id=11500, stack(0x00000038a3f00000,0x00000038a4000000)]
  0x000001cfd7714800 JavaThread "build event listener" [_thread_blocked, id=14288, stack(0x00000038a4200000,0x00000038a4300000)]
  0x000001cfd7716000 JavaThread "Execution worker for ':'" [_thread_blocked, id=2692, stack(0x00000038a4300000,0x00000038a4400000)]
  0x000001cfd7719800 JavaThread "Execution worker for ':' Thread 2" [_thread_blocked, id=11876, stack(0x00000038a4400000,0x00000038a4500000)]
  0x000001cfd771a800 JavaThread "Execution worker for ':' Thread 3" [_thread_blocked, id=12064, stack(0x00000038a4500000,0x00000038a4600000)]
  0x000001cfd7718000 JavaThread "Cache worker for execution history cache (C:\Users\jeova\Desktop\Proyecto\ProyectoEquipo4 (1)\ProyectoEquipo4\.gradle\7.3.3\executionHistory)" [_thread_blocked, id=2236, stack(0x00000038a4600000,0x00000038a4700000)]
  0x000001cfca4a6000 JavaThread "RMI TCP Connection(idle)" daemon [_thread_blocked, id=11416, stack(0x00000038a4800000,0x00000038a4900000)]
  0x000001cfca4a2800 JavaThread "WorkerExecutor Queue" [_thread_blocked, id=10388, stack(0x00000038a4a00000,0x00000038a4b00000)]
  0x000001cfca4a3800 JavaThread "WorkerExecutor Queue Thread 2" [_thread_blocked, id=14168, stack(0x00000038a4d00000,0x00000038a4e00000)]
  0x000001cfca4a8000 JavaThread "WorkerExecutor Queue Thread 3" [_thread_blocked, id=4048, stack(0x00000038a4e00000,0x00000038a4f00000)]
  0x000001cfcabc3000 JavaThread "WorkerExecutor Queue Thread 4" [_thread_blocked, id=12120, stack(0x00000038a4f00000,0x00000038a5000000)]
=>0x000001cfcabcb800 JavaThread "C2 CompilerThread1" daemon [_thread_in_native, id=7812, stack(0x00000038a1000000,0x00000038a1100000)]

Other Threads:
  0x000001cfc7448800 VMThread "VM Thread" [stack: 0x000000389ef00000,0x000000389f000000] [id=2740]
  0x000001cfc7f6d000 WatcherThread [stack: 0x000000389f900000,0x000000389fa00000] [id=7856]
  0x000001cfad873000 GCTaskThread "GC Thread#0" [stack: 0x000000389ea00000,0x000000389eb00000] [id=13932]
  0x000001cfc838f000 GCTaskThread "GC Thread#1" [stack: 0x000000389fb00000,0x000000389fc00000] [id=6940]
  0x000001cfc8602000 GCTaskThread "GC Thread#2" [stack: 0x000000389fc00000,0x000000389fd00000] [id=3948]
  0x000001cfc9701000 GCTaskThread "GC Thread#3" [stack: 0x00000038a0900000,0x00000038a0a00000] [id=10896]
  0x000001cfad8a5800 ConcurrentGCThread "G1 Main Marker" [stack: 0x000000389eb00000,0x000000389ec00000] [id=10500]
  0x000001cfad8a8800 ConcurrentGCThread "G1 Conc#0" [stack: 0x000000389ec00000,0x000000389ed00000] [id=10332]
  0x000001cfc72a0800 ConcurrentGCThread "G1 Refine#0" [stack: 0x000000389ed00000,0x000000389ee00000] [id=10368]
  0x000001cfc72a1800 ConcurrentGCThread "G1 Young RemSet Sampling" [stack: 0x000000389ee00000,0x000000389ef00000] [id=3900]

Threads with active compile tasks:
C2 CompilerThread05924045 33533 %     4       com.android.tools.r8.ir.regalloc.b::c @ 1542 (3963 bytes)
C2 CompilerThread15924045 32624 %     4       com.android.tools.r8.internal.xa::a @ 80 (6068 bytes)

VM state:not at safepoint (normal execution)

VM Mutex/Monitor currently owned by a thread: None

Heap address: 0x0000000080000000, size: 2048 MB, Compressed Oops mode: 32-bit
Narrow klass base: 0x0000000000000000, Narrow klass shift: 3
Compressed class space size: 1073741824 Address: 0x0000000100000000

Heap:
 garbage-first heap   total 273408K, used 189037K [0x0000000080000000, 0x0000000100000000)
  region size 1024K, 3 young (3072K), 1 survivors (1024K)
 Metaspace       used 199099K, capacity 204397K, committed 204720K, reserved 1226752K
  class space    used 25226K, capacity 27273K, committed 27364K, reserved 1048576K
Heap Regions: E=young(eden), S=young(survivor), O=old, HS=humongous(starts), HC=humongous(continues), CS=collection set, F=free, A=archive, TAMS=top-at-mark-start (previous, next)
|   0|0x0000000080000000, 0x0000000080100000, 0x0000000080100000|100%| O|  |TAMS 0x0000000080100000, 0x0000000080000000| Untracked 
|   1|0x0000000080100000, 0x0000000080200000, 0x0000000080200000|100%| O|  |TAMS 0x0000000080200000, 0x0000000080100000| Untracked 
|   2|0x0000000080200000, 0x0000000080300000, 0x0000000080300000|100%| O|  |TAMS 0x0000000080300000, 0x0000000080200000| Untracked 
|   3|0x0000000080300000, 0x0000000080400000, 0x0000000080400000|100%|HS|  |TAMS 0x0000000080400000, 0x0000000080300000| Complete 
|   4|0x0000000080400000, 0x0000000080500000, 0x0000000080500000|100%|HC|  |TAMS 0x0000000080500000, 0x0000000080400000| Complete 
|   5|0x0000000080500000, 0x0000000080600000, 0x0000000080600000|100%|HC|  |TAMS 0x0000000080600000, 0x0000000080500000| Complete 
|   6|0x0000000080600000, 0x0000000080700000, 0x0000000080700000|100%| O|  |TAMS 0x0000000080700000, 0x0000000080600000| Untracked 
|   7|0x0000000080700000, 0x0000000080800000, 0x0000000080800000|100%| O|  |TAMS 0x0000000080800000, 0x0000000080700000| Untracked 
|   8|0x0000000080800000, 0x0000000080900000, 0x0000000080900000|100%| O|  |TAMS 0x0000000080900000, 0x0000000080800000| Untracked 
|   9|0x0000000080900000, 0x0000000080a00000, 0x0000000080a00000|100%| O|  |TAMS 0x0000000080a00000, 0x0000000080900000| Untracked 
|  10|0x0000000080a00000, 0x0000000080b00000, 0x0000000080b00000|100%| O|  |TAMS 0x0000000080b00000, 0x0000000080a00000| Untracked 
|  11|0x0000000080b00000, 0x0000000080c00000, 0x0000000080c00000|100%| O|  |TAMS 0x0000000080c00000, 0x0000000080b00000| Untracked 
|  12|0x0000000080c00000, 0x0000000080d00000, 0x0000000080d00000|100%| O|  |TAMS 0x0000000080d00000, 0x0000000080c00000| Untracked 
|  13|0x0000000080d00000, 0x0000000080e00000, 0x0000000080e00000|100%| O|  |TAMS 0x0000000080e00000, 0x0000000080d00000| Untracked 
|  14|0x0000000080e00000, 0x0000000080f00000, 0x0000000080f00000|100%| O|  |TAMS 0x0000000080f00000, 0x0000000080e00000| Untracked 
|  15|0x0000000080f00000, 0x0000000081000000, 0x0000000081000000|100%| O|  |TAMS 0x0000000081000000, 0x0000000080f00000| Untracked 
|  16|0x0000000081000000, 0x0000000081100000, 0x0000000081100000|100%| O|  |TAMS 0x0000000081100000, 0x0000000081000000| Untracked 
|  17|0x0000000081100000, 0x0000000081200000, 0x0000000081200000|100%|HS|  |TAMS 0x0000000081200000, 0x0000000081100000| Complete 
|  18|0x0000000081200000, 0x0000000081300000, 0x0000000081300000|100%| O|  |TAMS 0x0000000081300000, 0x0000000081200000| Untracked 
|  19|0x0000000081300000, 0x0000000081400000, 0x0000000081400000|100%| O|  |TAMS 0x0000000081400000, 0x0000000081300000| Untracked 
|  20|0x0000000081400000, 0x0000000081500000, 0x0000000081500000|100%| O|  |TAMS 0x0000000081500000, 0x0000000081400000| Untracked 
|  21|0x0000000081500000, 0x0000000081600000, 0x0000000081600000|100%| O|  |TAMS 0x0000000081600000, 0x0000000081500000| Untracked 
|  22|0x0000000081600000, 0x0000000081700000, 0x0000000081700000|100%| O|  |TAMS 0x0000000081700000, 0x0000000081600000| Untracked 
|  23|0x0000000081700000, 0x0000000081800000, 0x0000000081800000|100%|HS|  |TAMS 0x0000000081800000, 0x0000000081700000| Complete 
|  24|0x0000000081800000, 0x0000000081900000, 0x0000000081900000|100%|HS|  |TAMS 0x0000000081900000, 0x0000000081800000| Complete 
|  25|0x0000000081900000, 0x0000000081a00000, 0x0000000081a00000|100%|HS|  |TAMS 0x0000000081a00000, 0x0000000081900000| Complete 
|  26|0x0000000081a00000, 0x0000000081b00000, 0x0000000081b00000|100%|HC|  |TAMS 0x0000000081b00000, 0x0000000081a00000| Complete 
|  27|0x0000000081b00000, 0x0000000081c00000, 0x0000000081c00000|100%|HC|  |TAMS 0x0000000081c00000, 0x0000000081b00000| Complete 
|  28|0x0000000081c00000, 0x0000000081d00000, 0x0000000081d00000|100%|HS|  |TAMS 0x0000000081d00000, 0x0000000081c00000| Complete 
|  29|0x0000000081d00000, 0x0000000081e00000, 0x0000000081e00000|100%|HC|  |TAMS 0x0000000081e00000, 0x0000000081d00000| Complete 
|  30|0x0000000081e00000, 0x0000000081f00000, 0x0000000081f00000|100%| O|  |TAMS 0x0000000081f00000, 0x0000000081e00000| Untracked 
|  31|0x0000000081f00000, 0x0000000082000000, 0x0000000082000000|100%| O|  |TAMS 0x0000000082000000, 0x0000000081f00000| Untracked 
|  32|0x0000000082000000, 0x0000000082100000, 0x0000000082100000|100%| O|  |TAMS 0x0000000082100000, 0x0000000082000000| Untracked 
|  33|0x0000000082100000, 0x0000000082200000, 0x0000000082200000|100%|HS|  |TAMS 0x0000000082200000, 0x0000000082100000| Complete 
|  34|0x0000000082200000, 0x0000000082300000, 0x0000000082300000|100%| O|  |TAMS 0x0000000082300000, 0x0000000082200000| Untracked 
|  35|0x0000000082300000, 0x0000000082400000, 0x0000000082400000|100%| O|  |TAMS 0x0000000082400000, 0x0000000082300000| Untracked 
|  36|0x0000000082400000, 0x0000000082500000, 0x0000000082500000|100%|HS|  |TAMS 0x0000000082500000, 0x0000000082400000| Complete 
|  37|0x0000000082500000, 0x0000000082600000, 0x0000000082600000|100%| O|  |TAMS 0x0000000082600000, 0x0000000082500000| Untracked 
|  38|0x0000000082600000, 0x0000000082700000, 0x0000000082700000|100%| O|  |TAMS 0x0000000082700000, 0x0000000082600000| Untracked 
|  39|0x0000000082700000, 0x0000000082800000, 0x0000000082800000|100%| O|  |TAMS 0x0000000082800000, 0x0000000082700000| Untracked 
|  40|0x0000000082800000, 0x0000000082900000, 0x0000000082900000|100%| O|  |TAMS 0x0000000082900000, 0x0000000082800000| Untracked 
|  41|0x0000000082900000, 0x0000000082a00000, 0x0000000082a00000|100%| O|  |TAMS 0x0000000082a00000, 0x0000000082900000| Untracked 
|  42|0x0000000082a00000, 0x0000000082b00000, 0x0000000082b00000|100%| O|  |TAMS 0x0000000082b00000, 0x0000000082a00000| Untracked 
|  43|0x0000000082b00000, 0x0000000082c00000, 0x0000000082c00000|100%| O|  |TAMS 0x0000000082c00000, 0x0000000082b00000| Untracked 
|  44|0x0000000082c00000, 0x0000000082d00000, 0x0000000082d00000|100%| O|  |TAMS 0x0000000082d00000, 0x0000000082c00000| Untracked 
|  45|0x0000000082d00000, 0x0000000082e00000, 0x0000000082e00000|100%| O|  |TAMS 0x0000000082e00000, 0x0000000082d00000| Untracked 
|  46|0x0000000082e00000, 0x0000000082f00000, 0x0000000082f00000|100%| O|  |TAMS 0x0000000082f00000, 0x0000000082e00000| Untracked 
|  47|0x0000000082f00000, 0x0000000083000000, 0x0000000083000000|100%| O|  |TAMS 0x0000000083000000, 0x0000000082f00000| Untracked 
|  48|0x0000000083000000, 0x0000000083100000, 0x0000000083100000|100%|HS|  |TAMS 0x0000000083100000, 0x0000000083000000| Complete 
|  49|0x0000000083100000, 0x0000000083200000, 0x0000000083200000|100%| O|  |TAMS 0x0000000083200000, 0x0000000083100000| Untracked 
|  50|0x0000000083200000, 0x0000000083300000, 0x0000000083300000|100%|HS|  |TAMS 0x0000000083300000, 0x0000000083200000| Complete 
|  51|0x0000000083300000, 0x0000000083400000, 0x0000000083400000|100%| O|  |TAMS 0x0000000083400000, 0x0000000083300000| Untracked 
|  52|0x0000000083400000, 0x0000000083500000, 0x0000000083500000|100%| O|  |TAMS 0x0000000083500000, 0x0000000083400000| Untracked 
|  53|0x0000000083500000, 0x0000000083600000, 0x0000000083600000|100%| O|  |TAMS 0x0000000083600000, 0x0000000083500000| Untracked 
|  54|0x0000000083600000, 0x0000000083700000, 0x0000000083700000|100%| O|  |TAMS 0x0000000083700000, 0x0000000083600000| Untracked 
|  55|0x0000000083700000, 0x0000000083800000, 0x0000000083800000|100%| O|  |TAMS 0x0000000083800000, 0x0000000083700000| Untracked 
|  56|0x0000000083800000, 0x0000000083900000, 0x0000000083900000|100%| O|  |TAMS 0x0000000083900000, 0x0000000083800000| Untracked 
|  57|0x0000000083900000, 0x0000000083a00000, 0x0000000083a00000|100%| O|  |TAMS 0x0000000083a00000, 0x0000000083900000| Untracked 
|  58|0x0000000083a00000, 0x0000000083b00000, 0x0000000083b00000|100%| O|  |TAMS 0x0000000083a00000, 0x0000000083a00000| Untracked 
|  59|0x0000000083b00000, 0x0000000083c00000, 0x0000000083c00000|100%| O|  |TAMS 0x0000000083c00000, 0x0000000083b00000| Untracked 
|  60|0x0000000083c00000, 0x0000000083d00000, 0x0000000083d00000|100%| O|  |TAMS 0x0000000083d00000, 0x0000000083c00000| Untracked 
|  61|0x0000000083d00000, 0x0000000083e00000, 0x0000000083e00000|100%|HS|  |TAMS 0x0000000083e00000, 0x0000000083d00000| Complete 
|  62|0x0000000083e00000, 0x0000000083f00000, 0x0000000083f00000|100%|HC|  |TAMS 0x0000000083f00000, 0x0000000083e00000| Complete 
|  63|0x0000000083f00000, 0x0000000084000000, 0x0000000084000000|100%| O|  |TAMS 0x0000000084000000, 0x0000000083f00000| Untracked 
|  64|0x0000000084000000, 0x0000000084100000, 0x0000000084100000|100%| O|  |TAMS 0x0000000084100000, 0x0000000084000000| Untracked 
|  65|0x0000000084100000, 0x0000000084200000, 0x0000000084200000|100%| O|  |TAMS 0x0000000084200000, 0x0000000084100000| Untracked 
|  66|0x0000000084200000, 0x0000000084300000, 0x0000000084300000|100%| O|  |TAMS 0x0000000084300000, 0x0000000084200000| Untracked 
|  67|0x0000000084300000, 0x0000000084400000, 0x0000000084400000|100%| O|  |TAMS 0x0000000084400000, 0x0000000084300000| Untracked 
|  68|0x0000000084400000, 0x0000000084500000, 0x0000000084500000|100%| O|  |TAMS 0x0000000084500000, 0x0000000084400000| Untracked 
|  69|0x0000000084500000, 0x0000000084600000, 0x0000000084600000|100%| O|  |TAMS 0x0000000084600000, 0x0000000084500000| Untracked 
|  70|0x0000000084600000, 0x0000000084700000, 0x0000000084700000|100%| O|  |TAMS 0x0000000084700000, 0x0000000084600000| Untracked 
|  71|0x0000000084700000, 0x0000000084800000, 0x0000000084800000|100%| O|  |TAMS 0x0000000084800000, 0x0000000084700000| Untracked 
|  72|0x0000000084800000, 0x0000000084900000, 0x0000000084900000|100%| O|  |TAMS 0x0000000084900000, 0x0000000084800000| Untracked 
|  73|0x0000000084900000, 0x0000000084a00000, 0x0000000084a00000|100%| O|  |TAMS 0x0000000084a00000, 0x0000000084900000| Untracked 
|  74|0x0000000084a00000, 0x0000000084b00000, 0x0000000084b00000|100%| O|  |TAMS 0x0000000084b00000, 0x0000000084a00000| Untracked 
|  75|0x0000000084b00000, 0x0000000084c00000, 0x0000000084c00000|100%| O|  |TAMS 0x0000000084c00000, 0x0000000084b00000| Untracked 
|  76|0x0000000084c00000, 0x0000000084d00000, 0x0000000084d00000|100%| O|  |TAMS 0x0000000084d00000, 0x0000000084c00000| Untracked 
|  77|0x0000000084d00000, 0x0000000084e00000, 0x0000000084e00000|100%| O|  |TAMS 0x0000000084e00000, 0x0000000084d00000| Untracked 
|  78|0x0000000084e00000, 0x0000000084f00000, 0x0000000084f00000|100%| O|  |TAMS 0x0000000084f00000, 0x0000000084e00000| Untracked 
|  79|0x0000000084f00000, 0x0000000085000000, 0x0000000085000000|100%| O|  |TAMS 0x0000000085000000, 0x0000000084f00000| Untracked 
|  80|0x0000000085000000, 0x0000000085100000, 0x0000000085100000|100%| O|  |TAMS 0x0000000085100000, 0x0000000085000000| Untracked 
|  81|0x0000000085100000, 0x0000000085200000, 0x0000000085200000|100%| O|  |TAMS 0x0000000085200000, 0x0000000085100000| Untracked 
|  82|0x0000000085200000, 0x0000000085300000, 0x0000000085300000|100%| O|  |TAMS 0x0000000085300000, 0x0000000085200000| Untracked 
|  83|0x0000000085300000, 0x0000000085400000, 0x0000000085400000|100%| O|  |TAMS 0x0000000085400000, 0x0000000085300000| Untracked 
|  84|0x0000000085400000, 0x0000000085500000, 0x0000000085500000|100%| O|  |TAMS 0x0000000085500000, 0x0000000085400000| Untracked 
|  85|0x0000000085500000, 0x0000000085600000, 0x0000000085600000|100%| O|  |TAMS 0x0000000085600000, 0x0000000085500000| Untracked 
|  86|0x0000000085600000, 0x0000000085700000, 0x0000000085700000|100%| O|  |TAMS 0x0000000085700000, 0x0000000085600000| Untracked 
|  87|0x0000000085700000, 0x0000000085800000, 0x0000000085800000|100%| O|  |TAMS 0x0000000085800000, 0x0000000085700000| Untracked 
|  88|0x0000000085800000, 0x0000000085900000, 0x0000000085900000|100%| O|  |TAMS 0x0000000085900000, 0x0000000085800000| Untracked 
|  89|0x0000000085900000, 0x0000000085a00000, 0x0000000085a00000|100%| O|  |TAMS 0x0000000085a00000, 0x0000000085900000| Untracked 
|  90|0x0000000085a00000, 0x0000000085a00000, 0x0000000085b00000|  0%| F|  |TAMS 0x0000000085a00000, 0x0000000085a00000| Untracked 
|  91|0x0000000085b00000, 0x0000000085c00000, 0x0000000085c00000|100%| O|  |TAMS 0x0000000085c00000, 0x0000000085b00000| Untracked 
|  92|0x0000000085c00000, 0x0000000085d00000, 0x0000000085d00000|100%| O|  |TAMS 0x0000000085d00000, 0x0000000085c00000| Untracked 
|  93|0x0000000085d00000, 0x0000000085e00000, 0x0000000085e00000|100%| O|  |TAMS 0x0000000085e00000, 0x0000000085d00000| Untracked 
|  94|0x0000000085e00000, 0x0000000085f00000, 0x0000000085f00000|100%| O|  |TAMS 0x0000000085f00000, 0x0000000085e00000| Untracked 
|  95|0x0000000085f00000, 0x0000000086000000, 0x0000000086000000|100%|HS|  |TAMS 0x0000000086000000, 0x0000000085f00000| Complete 
|  96|0x0000000086000000, 0x0000000086100000, 0x0000000086100000|100%|HC|  |TAMS 0x0000000086100000, 0x0000000086000000| Complete 
|  97|0x0000000086100000, 0x0000000086200000, 0x0000000086200000|100%|HC|  |TAMS 0x0000000086200000, 0x0000000086100000| Complete 
|  98|0x0000000086200000, 0x0000000086300000, 0x0000000086300000|100%| O|  |TAMS 0x0000000086300000, 0x0000000086200000| Untracked 
|  99|0x0000000086300000, 0x0000000086400000, 0x0000000086400000|100%| O|  |TAMS 0x0000000086400000, 0x0000000086300000| Untracked 
| 100|0x0000000086400000, 0x0000000086400000, 0x0000000086500000|  0%| F|  |TAMS 0x0000000086400000, 0x0000000086400000| Untracked 
| 101|0x0000000086500000, 0x0000000086600000, 0x0000000086600000|100%|HS|  |TAMS 0x0000000086600000, 0x0000000086500000| Complete 
| 102|0x0000000086600000, 0x0000000086700000, 0x0000000086700000|100%|HC|  |TAMS 0x0000000086700000, 0x0000000086600000| Complete 
| 103|0x0000000086700000, 0x0000000086800000, 0x0000000086800000|100%|HC|  |TAMS 0x0000000086800000, 0x0000000086700000| Complete 
| 104|0x0000000086800000, 0x0000000086900000, 0x0000000086900000|100%|HS|  |TAMS 0x0000000086900000, 0x0000000086800000| Complete 
| 105|0x0000000086900000, 0x0000000086a00000, 0x0000000086a00000|100%|HC|  |TAMS 0x0000000086a00000, 0x0000000086900000| Complete 
| 106|0x0000000086a00000, 0x0000000086b00000, 0x0000000086b00000|100%| O|  |TAMS 0x0000000086b00000, 0x0000000086a00000| Untracked 
| 107|0x0000000086b00000, 0x0000000086c00000, 0x0000000086c00000|100%| O|  |TAMS 0x0000000086c00000, 0x0000000086b00000| Untracked 
| 108|0x0000000086c00000, 0x0000000086d00000, 0x0000000086d00000|100%| O|  |TAMS 0x0000000086d00000, 0x0000000086c00000| Untracked 
| 109|0x0000000086d00000, 0x0000000086d00000, 0x0000000086e00000|  0%| F|  |TAMS 0x0000000086d00000, 0x0000000086d00000| Untracked 
| 110|0x0000000086e00000, 0x0000000086f00000, 0x0000000086f00000|100%| O|  |TAMS 0x0000000086f00000, 0x0000000086e00000| Untracked 
| 111|0x0000000086f00000, 0x0000000087000000, 0x0000000087000000|100%| O|  |TAMS 0x0000000087000000, 0x0000000086f00000| Untracked 
| 112|0x0000000087000000, 0x0000000087100000, 0x0000000087100000|100%| O|  |TAMS 0x0000000087100000, 0x0000000087000000| Untracked 
| 113|0x0000000087100000, 0x0000000087200000, 0x0000000087200000|100%| O|  |TAMS 0x0000000087200000, 0x0000000087100000| Untracked 
| 114|0x0000000087200000, 0x0000000087300000, 0x0000000087300000|100%| O|  |TAMS 0x0000000087300000, 0x0000000087200000| Untracked 
| 115|0x0000000087300000, 0x0000000087400000, 0x0000000087400000|100%| O|  |TAMS 0x0000000087400000, 0x0000000087300000| Untracked 
| 116|0x0000000087400000, 0x0000000087500000, 0x0000000087500000|100%| O|  |TAMS 0x0000000087500000, 0x0000000087400000| Untracked 
| 117|0x0000000087500000, 0x0000000087600000, 0x0000000087600000|100%| O|  |TAMS 0x0000000087600000, 0x0000000087500000| Untracked 
| 118|0x0000000087600000, 0x0000000087600000, 0x0000000087700000|  0%| F|  |TAMS 0x0000000087600000, 0x0000000087600000| Untracked 
| 119|0x0000000087700000, 0x0000000087800000, 0x0000000087800000|100%| O|  |TAMS 0x0000000087800000, 0x0000000087700000| Untracked 
| 120|0x0000000087800000, 0x0000000087900000, 0x0000000087900000|100%|HS|  |TAMS 0x0000000087900000, 0x0000000087800000| Complete 
| 121|0x0000000087900000, 0x0000000087a00000, 0x0000000087a00000|100%|HC|  |TAMS 0x0000000087a00000, 0x0000000087900000| Complete 
| 122|0x0000000087a00000, 0x0000000087b00000, 0x0000000087b00000|100%|HC|  |TAMS 0x0000000087b00000, 0x0000000087a00000| Complete 
| 123|0x0000000087b00000, 0x0000000087c00000, 0x0000000087c00000|100%| O|  |TAMS 0x0000000087c00000, 0x0000000087b00000| Untracked 
| 124|0x0000000087c00000, 0x0000000087d00000, 0x0000000087d00000|100%|HS|  |TAMS 0x0000000087d00000, 0x0000000087c00000| Complete 
| 125|0x0000000087d00000, 0x0000000087e00000, 0x0000000087e00000|100%|HC|  |TAMS 0x0000000087e00000, 0x0000000087d00000| Complete 
| 126|0x0000000087e00000, 0x0000000087f00000, 0x0000000087f00000|100%|HC|  |TAMS 0x0000000087f00000, 0x0000000087e00000| Complete 
| 127|0x0000000087f00000, 0x0000000088000000, 0x0000000088000000|100%|HC|  |TAMS 0x0000000088000000, 0x0000000087f00000| Complete 
| 128|0x0000000088000000, 0x0000000088000000, 0x0000000088100000|  0%| F|  |TAMS 0x0000000088000000, 0x0000000088000000| Untracked 
| 129|0x0000000088100000, 0x0000000088100000, 0x0000000088200000|  0%| F|  |TAMS 0x0000000088100000, 0x0000000088100000| Untracked 
| 130|0x0000000088200000, 0x0000000088300000, 0x0000000088300000|100%| O|  |TAMS 0x0000000088300000, 0x0000000088200000| Untracked 
| 131|0x0000000088300000, 0x0000000088400000, 0x0000000088400000|100%| O|  |TAMS 0x0000000088400000, 0x0000000088300000| Untracked 
| 132|0x0000000088400000, 0x0000000088500000, 0x0000000088500000|100%| O|  |TAMS 0x0000000088500000, 0x0000000088400000| Untracked 
| 133|0x0000000088500000, 0x0000000088600000, 0x0000000088600000|100%| O|  |TAMS 0x0000000088600000, 0x0000000088500000| Untracked 
| 134|0x0000000088600000, 0x0000000088700000, 0x0000000088700000|100%| O|  |TAMS 0x0000000088700000, 0x0000000088600000| Untracked 
| 135|0x0000000088700000, 0x0000000088800000, 0x0000000088800000|100%| O|  |TAMS 0x0000000088800000, 0x0000000088700000| Untracked 
| 136|0x0000000088800000, 0x0000000088900000, 0x0000000088900000|100%| O|  |TAMS 0x0000000088900000, 0x0000000088800000| Untracked 
| 137|0x0000000088900000, 0x0000000088a00000, 0x0000000088a00000|100%| O|  |TAMS 0x0000000088a00000, 0x0000000088900000| Untracked 
| 138|0x0000000088a00000, 0x0000000088b00000, 0x0000000088b00000|100%| O|  |TAMS 0x0000000088b00000, 0x0000000088a00000| Untracked 
| 139|0x0000000088b00000, 0x0000000088c00000, 0x0000000088c00000|100%| O|  |TAMS 0x0000000088c00000, 0x0000000088b00000| Untracked 
| 140|0x0000000088c00000, 0x0000000088d00000, 0x0000000088d00000|100%| O|  |TAMS 0x0000000088d00000, 0x0000000088c00000| Untracked 
| 141|0x0000000088d00000, 0x0000000088e00000, 0x0000000088e00000|100%| O|  |TAMS 0x0000000088e00000, 0x0000000088d00000| Untracked 
| 142|0x0000000088e00000, 0x0000000088f00000, 0x0000000088f00000|100%| O|  |TAMS 0x0000000088f00000, 0x0000000088e00000| Untracked 
| 143|0x0000000088f00000, 0x0000000089000000, 0x0000000089000000|100%| O|  |TAMS 0x0000000089000000, 0x0000000088f00000| Untracked 
| 144|0x0000000089000000, 0x0000000089100000, 0x0000000089100000|100%| O|  |TAMS 0x0000000089100000, 0x0000000089000000| Untracked 
| 145|0x0000000089100000, 0x0000000089200000, 0x0000000089200000|100%| O|  |TAMS 0x0000000089200000, 0x0000000089100000| Untracked 
| 146|0x0000000089200000, 0x0000000089300000, 0x0000000089300000|100%| O|  |TAMS 0x0000000089300000, 0x0000000089200000| Untracked 
| 147|0x0000000089300000, 0x0000000089400000, 0x0000000089400000|100%| O|  |TAMS 0x0000000089400000, 0x0000000089300000| Untracked 
| 148|0x0000000089400000, 0x0000000089500000, 0x0000000089500000|100%|HS|  |TAMS 0x0000000089500000, 0x0000000089400000| Complete 
| 149|0x0000000089500000, 0x0000000089600000, 0x0000000089600000|100%|HC|  |TAMS 0x0000000089600000, 0x0000000089500000| Complete 
| 150|0x0000000089600000, 0x0000000089700000, 0x0000000089700000|100%|HC|  |TAMS 0x0000000089700000, 0x0000000089600000| Complete 
| 151|0x0000000089700000, 0x0000000089800000, 0x0000000089800000|100%|HC|  |TAMS 0x0000000089800000, 0x0000000089700000| Complete 
| 152|0x0000000089800000, 0x0000000089900000, 0x0000000089900000|100%| O|  |TAMS 0x0000000089900000, 0x0000000089800000| Untracked 
| 153|0x0000000089900000, 0x0000000089a00000, 0x0000000089a00000|100%| O|  |TAMS 0x0000000089a00000, 0x0000000089900000| Untracked 
| 154|0x0000000089a00000, 0x0000000089b00000, 0x0000000089b00000|100%|HS|  |TAMS 0x0000000089b00000, 0x0000000089a00000| Complete 
| 155|0x0000000089b00000, 0x0000000089c00000, 0x0000000089c00000|100%|HC|  |TAMS 0x0000000089c00000, 0x0000000089b00000| Complete 
| 156|0x0000000089c00000, 0x0000000089d00000, 0x0000000089d00000|100%|HC|  |TAMS 0x0000000089d00000, 0x0000000089c00000| Complete 
| 157|0x0000000089d00000, 0x0000000089d00000, 0x0000000089e00000|  0%| F|  |TAMS 0x0000000089d00000, 0x0000000089d00000| Untracked 
| 158|0x0000000089e00000, 0x0000000089f00000, 0x0000000089f00000|100%| O|  |TAMS 0x0000000089f00000, 0x0000000089e00000| Untracked 
| 159|0x0000000089f00000, 0x000000008a000000, 0x000000008a000000|100%| O|  |TAMS 0x000000008a000000, 0x0000000089f00000| Untracked 
| 160|0x000000008a000000, 0x000000008a100000, 0x000000008a100000|100%| O|  |TAMS 0x000000008a100000, 0x000000008a000000| Untracked 
| 161|0x000000008a100000, 0x000000008a200000, 0x000000008a200000|100%| O|  |TAMS 0x000000008a200000, 0x000000008a100000| Untracked 
| 162|0x000000008a200000, 0x000000008a300000, 0x000000008a300000|100%| O|  |TAMS 0x000000008a300000, 0x000000008a200000| Untracked 
| 163|0x000000008a300000, 0x000000008a400000, 0x000000008a400000|100%| O|  |TAMS 0x000000008a400000, 0x000000008a300000| Untracked 
| 164|0x000000008a400000, 0x000000008a500000, 0x000000008a500000|100%| O|  |TAMS 0x000000008a500000, 0x000000008a400000| Untracked 
| 165|0x000000008a500000, 0x000000008a600000, 0x000000008a600000|100%| O|  |TAMS 0x000000008a600000, 0x000000008a500000| Untracked 
| 166|0x000000008a600000, 0x000000008a700000, 0x000000008a700000|100%| O|  |TAMS 0x000000008a700000, 0x000000008a600000| Untracked 
| 167|0x000000008a700000, 0x000000008a800000, 0x000000008a800000|100%| O|  |TAMS 0x000000008a800000, 0x000000008a700000| Untracked 
| 168|0x000000008a800000, 0x000000008a900000, 0x000000008a900000|100%| O|  |TAMS 0x000000008a900000, 0x000000008a800000| Untracked 
| 169|0x000000008a900000, 0x000000008aa00000, 0x000000008aa00000|100%| O|  |TAMS 0x000000008aa00000, 0x000000008a900000| Untracked 
| 170|0x000000008aa00000, 0x000000008ab00000, 0x000000008ab00000|100%|HS|  |TAMS 0x000000008ab00000, 0x000000008aa00000| Complete 
| 171|0x000000008ab00000, 0x000000008ac00000, 0x000000008ac00000|100%|HC|  |TAMS 0x000000008ac00000, 0x000000008ab00000| Complete 
| 172|0x000000008ac00000, 0x000000008ad00000, 0x000000008ad00000|100%|HC|  |TAMS 0x000000008ad00000, 0x000000008ac00000| Complete 
| 173|0x000000008ad00000, 0x000000008ae00000, 0x000000008ae00000|100%|HC|  |TAMS 0x000000008ae00000, 0x000000008ad00000| Complete 
| 174|0x000000008ae00000, 0x000000008af00000, 0x000000008af00000|100%| O|  |TAMS 0x000000008af00000, 0x000000008ae00000| Untracked 
| 175|0x000000008af00000, 0x000000008b000000, 0x000000008b000000|100%| O|  |TAMS 0x000000008af00000, 0x000000008af00000| Untracked 
| 176|0x000000008b000000, 0x000000008b100000, 0x000000008b100000|100%| O|  |TAMS 0x000000008b100000, 0x000000008b000000| Untracked 
| 177|0x000000008b100000, 0x000000008b200000, 0x000000008b200000|100%| O|  |TAMS 0x000000008b200000, 0x000000008b100000| Untracked 
| 178|0x000000008b200000, 0x000000008b300000, 0x000000008b300000|100%| O|  |TAMS 0x000000008b300000, 0x000000008b200000| Untracked 
| 179|0x000000008b300000, 0x000000008b400000, 0x000000008b400000|100%| O|  |TAMS 0x000000008b400000, 0x000000008b300000| Untracked 
| 180|0x000000008b400000, 0x000000008b500000, 0x000000008b500000|100%| O|  |TAMS 0x000000008b500000, 0x000000008b400000| Untracked 
| 181|0x000000008b500000, 0x000000008b600000, 0x000000008b600000|100%| O|  |TAMS 0x000000008b600000, 0x000000008b500000| Untracked 
| 182|0x000000008b600000, 0x000000008b700000, 0x000000008b700000|100%| O|  |TAMS 0x000000008b663800, 0x000000008b600000| Untracked 
| 183|0x000000008b700000, 0x000000008b800000, 0x000000008b800000|100%| O|  |TAMS 0x000000008b700000, 0x000000008b700000| Untracked 
| 184|0x000000008b800000, 0x000000008b900000, 0x000000008b900000|100%| O|  |TAMS 0x000000008b800000, 0x000000008b800000| Untracked 
| 185|0x000000008b900000, 0x000000008b9c6c00, 0x000000008ba00000| 77%| O|  |TAMS 0x000000008b900000, 0x000000008b900000| Untracked 
| 186|0x000000008ba00000, 0x000000008ba00000, 0x000000008bb00000|  0%| F|  |TAMS 0x000000008ba00000, 0x000000008ba00000| Untracked 
| 187|0x000000008bb00000, 0x000000008bb00000, 0x000000008bc00000|  0%| F|  |TAMS 0x000000008bb00000, 0x000000008bb00000| Untracked 
| 188|0x000000008bc00000, 0x000000008bc00000, 0x000000008bd00000|  0%| F|  |TAMS 0x000000008bc00000, 0x000000008bc00000| Untracked 
| 189|0x000000008bd00000, 0x000000008bd00000, 0x000000008be00000|  0%| F|  |TAMS 0x000000008bd00000, 0x000000008bd00000| Untracked 
| 190|0x000000008be00000, 0x000000008be00000, 0x000000008bf00000|  0%| F|  |TAMS 0x000000008be00000, 0x000000008be00000| Untracked 
| 191|0x000000008bf00000, 0x000000008bf00000, 0x000000008c000000|  0%| F|  |TAMS 0x000000008bf00000, 0x000000008bf00000| Untracked 
| 192|0x000000008c000000, 0x000000008c000000, 0x000000008c100000|  0%| F|  |TAMS 0x000000008c000000, 0x000000008c000000| Untracked 
| 193|0x000000008c100000, 0x000000008c100000, 0x000000008c200000|  0%| F|  |TAMS 0x000000008c100000, 0x000000008c100000| Untracked 
| 194|0x000000008c200000, 0x000000008c200000, 0x000000008c300000|  0%| F|  |TAMS 0x000000008c200000, 0x000000008c200000| Untracked 
| 195|0x000000008c300000, 0x000000008c400000, 0x000000008c400000|100%| O|  |TAMS 0x000000008c400000, 0x000000008c300000| Untracked 
| 196|0x000000008c400000, 0x000000008c500000, 0x000000008c500000|100%| O|  |TAMS 0x000000008c500000, 0x000000008c400000| Untracked 
| 197|0x000000008c500000, 0x000000008c600000, 0x000000008c600000|100%| O|  |TAMS 0x000000008c600000, 0x000000008c500000| Untracked 
| 198|0x000000008c600000, 0x000000008c700000, 0x000000008c700000|100%| O|  |TAMS 0x000000008c700000, 0x000000008c600000| Untracked 
| 199|0x000000008c700000, 0x000000008c700000, 0x000000008c800000|  0%| F|  |TAMS 0x000000008c700000, 0x000000008c700000| Untracked 
| 200|0x000000008c800000, 0x000000008c800000, 0x000000008c900000|  0%| F|  |TAMS 0x000000008c800000, 0x000000008c800000| Untracked 
| 201|0x000000008c900000, 0x000000008c900000, 0x000000008ca00000|  0%| F|  |TAMS 0x000000008c900000, 0x000000008c900000| Untracked 
| 202|0x000000008ca00000, 0x000000008ca00000, 0x000000008cb00000|  0%| F|  |TAMS 0x000000008ca00000, 0x000000008ca00000| Untracked 
| 203|0x000000008cb00000, 0x000000008cb00000, 0x000000008cc00000|  0%| F|  |TAMS 0x000000008cb00000, 0x000000008cb00000| Untracked 
| 204|0x000000008cc00000, 0x000000008cc00000, 0x000000008cd00000|  0%| F|  |TAMS 0x000000008cc00000, 0x000000008cc00000| Untracked 
| 205|0x000000008cd00000, 0x000000008cd00000, 0x000000008ce00000|  0%| F|  |TAMS 0x000000008cd00000, 0x000000008cd00000| Untracked 
| 206|0x000000008ce00000, 0x000000008ce00000, 0x000000008cf00000|  0%| F|  |TAMS 0x000000008ce00000, 0x000000008ce00000| Untracked 
| 207|0x000000008cf00000, 0x000000008cf00000, 0x000000008d000000|  0%| F|  |TAMS 0x000000008cf00000, 0x000000008cf00000| Untracked 
| 208|0x000000008d000000, 0x000000008d000000, 0x000000008d100000|  0%| F|  |TAMS 0x000000008d000000, 0x000000008d000000| Untracked 
| 209|0x000000008d100000, 0x000000008d100000, 0x000000008d200000|  0%| F|  |TAMS 0x000000008d100000, 0x000000008d100000| Untracked 
| 210|0x000000008d200000, 0x000000008d200000, 0x000000008d300000|  0%| F|  |TAMS 0x000000008d200000, 0x000000008d200000| Untracked 
| 211|0x000000008d300000, 0x000000008d300000, 0x000000008d400000|  0%| F|  |TAMS 0x000000008d300000, 0x000000008d300000| Untracked 
| 212|0x000000008d400000, 0x000000008d400000, 0x000000008d500000|  0%| F|  |TAMS 0x000000008d400000, 0x000000008d400000| Untracked 
| 213|0x000000008d500000, 0x000000008d500000, 0x000000008d600000|  0%| F|  |TAMS 0x000000008d500000, 0x000000008d500000| Untracked 
| 214|0x000000008d600000, 0x000000008d600000, 0x000000008d700000|  0%| F|  |TAMS 0x000000008d600000, 0x000000008d600000| Untracked 
| 215|0x000000008d700000, 0x000000008d700000, 0x000000008d800000|  0%| F|  |TAMS 0x000000008d700000, 0x000000008d700000| Untracked 
| 216|0x000000008d800000, 0x000000008d800000, 0x000000008d900000|  0%| F|  |TAMS 0x000000008d800000, 0x000000008d800000| Untracked 
| 217|0x000000008d900000, 0x000000008d900000, 0x000000008da00000|  0%| F|  |TAMS 0x000000008d900000, 0x000000008d900000| Untracked 
| 218|0x000000008da00000, 0x000000008da00000, 0x000000008db00000|  0%| F|  |TAMS 0x000000008da00000, 0x000000008da00000| Untracked 
| 219|0x000000008db00000, 0x000000008db00000, 0x000000008dc00000|  0%| F|  |TAMS 0x000000008db00000, 0x000000008db00000| Untracked 
| 220|0x000000008dc00000, 0x000000008dc00000, 0x000000008dd00000|  0%| F|  |TAMS 0x000000008dc00000, 0x000000008dc00000| Untracked 
| 221|0x000000008dd00000, 0x000000008dd00000, 0x000000008de00000|  0%| F|  |TAMS 0x000000008dd00000, 0x000000008dd00000| Untracked 
| 222|0x000000008de00000, 0x000000008de00000, 0x000000008df00000|  0%| F|  |TAMS 0x000000008de00000, 0x000000008de00000| Untracked 
| 223|0x000000008df00000, 0x000000008df00000, 0x000000008e000000|  0%| F|  |TAMS 0x000000008df00000, 0x000000008df00000| Untracked 
| 224|0x000000008e000000, 0x000000008e000000, 0x000000008e100000|  0%| F|  |TAMS 0x000000008e000000, 0x000000008e000000| Untracked 
| 225|0x000000008e100000, 0x000000008e100000, 0x000000008e200000|  0%| F|  |TAMS 0x000000008e100000, 0x000000008e100000| Untracked 
| 226|0x000000008e200000, 0x000000008e200000, 0x000000008e300000|  0%| F|  |TAMS 0x000000008e200000, 0x000000008e200000| Untracked 
| 227|0x000000008e300000, 0x000000008e300000, 0x000000008e400000|  0%| F|  |TAMS 0x000000008e300000, 0x000000008e300000| Untracked 
| 228|0x000000008e400000, 0x000000008e400000, 0x000000008e500000|  0%| F|  |TAMS 0x000000008e400000, 0x000000008e400000| Untracked 
| 229|0x000000008e500000, 0x000000008e500000, 0x000000008e600000|  0%| F|  |TAMS 0x000000008e500000, 0x000000008e500000| Untracked 
| 230|0x000000008e600000, 0x000000008e600000, 0x000000008e700000|  0%| F|  |TAMS 0x000000008e600000, 0x000000008e600000| Untracked 
| 231|0x000000008e700000, 0x000000008e700000, 0x000000008e800000|  0%| F|  |TAMS 0x000000008e700000, 0x000000008e700000| Untracked 
| 232|0x000000008e800000, 0x000000008e800000, 0x000000008e900000|  0%| F|  |TAMS 0x000000008e800000, 0x000000008e800000| Untracked 
| 233|0x000000008e900000, 0x000000008e900000, 0x000000008ea00000|  0%| F|  |TAMS 0x000000008e900000, 0x000000008e900000| Untracked 
| 234|0x000000008ea00000, 0x000000008ea00000, 0x000000008eb00000|  0%| F|  |TAMS 0x000000008ea00000, 0x000000008ea00000| Untracked 
| 235|0x000000008eb00000, 0x000000008eb00000, 0x000000008ec00000|  0%| F|  |TAMS 0x000000008eb00000, 0x000000008eb00000| Untracked 
| 236|0x000000008ec00000, 0x000000008ec00000, 0x000000008ed00000|  0%| F|  |TAMS 0x000000008ec00000, 0x000000008ec00000| Untracked 
| 237|0x000000008ed00000, 0x000000008ed00000, 0x000000008ee00000|  0%| F|  |TAMS 0x000000008ed00000, 0x000000008ed00000| Untracked 
| 238|0x000000008ee00000, 0x000000008ee00000, 0x000000008ef00000|  0%| F|  |TAMS 0x000000008ee00000, 0x000000008ee00000| Untracked 
| 239|0x000000008ef00000, 0x000000008ef00000, 0x000000008f000000|  0%| F|  |TAMS 0x000000008ef00000, 0x000000008ef00000| Untracked 
| 240|0x000000008f000000, 0x000000008f000000, 0x000000008f100000|  0%| F|  |TAMS 0x000000008f000000, 0x000000008f000000| Untracked 
| 241|0x000000008f100000, 0x000000008f100000, 0x000000008f200000|  0%| F|  |TAMS 0x000000008f100000, 0x000000008f100000| Untracked 
| 242|0x000000008f200000, 0x000000008f200000, 0x000000008f300000|  0%| F|  |TAMS 0x000000008f200000, 0x000000008f200000| Untracked 
| 243|0x000000008f300000, 0x000000008f300000, 0x000000008f400000|  0%| F|  |TAMS 0x000000008f300000, 0x000000008f300000| Untracked 
| 244|0x000000008f400000, 0x000000008f400000, 0x000000008f500000|  0%| F|  |TAMS 0x000000008f400000, 0x000000008f400000| Untracked 
| 245|0x000000008f500000, 0x000000008f500000, 0x000000008f600000|  0%| F|  |TAMS 0x000000008f500000, 0x000000008f500000| Untracked 
| 246|0x000000008f600000, 0x000000008f600000, 0x000000008f700000|  0%| F|  |TAMS 0x000000008f600000, 0x000000008f600000| Untracked 
| 247|0x000000008f700000, 0x000000008f700000, 0x000000008f800000|  0%| F|  |TAMS 0x000000008f700000, 0x000000008f700000| Untracked 
| 248|0x000000008f800000, 0x000000008f800000, 0x000000008f900000|  0%| F|  |TAMS 0x000000008f800000, 0x000000008f800000| Untracked 
| 249|0x000000008f900000, 0x000000008f900000, 0x000000008fa00000|  0%| F|  |TAMS 0x000000008f900000, 0x000000008f900000| Untracked 
| 250|0x000000008fa00000, 0x000000008fa00000, 0x000000008fb00000|  0%| F|  |TAMS 0x000000008fa00000, 0x000000008fa00000| Untracked 
| 251|0x000000008fb00000, 0x000000008fb00000, 0x000000008fc00000|  0%| F|  |TAMS 0x000000008fb00000, 0x000000008fb00000| Untracked 
| 252|0x000000008fc00000, 0x000000008fc00000, 0x000000008fd00000|  0%| F|  |TAMS 0x000000008fc00000, 0x000000008fc00000| Untracked 
| 253|0x000000008fd00000, 0x000000008fd00000, 0x000000008fe00000|  0%| F|  |TAMS 0x000000008fd00000, 0x000000008fd00000| Untracked 
| 254|0x000000008fe00000, 0x000000008fed4998, 0x000000008ff00000| 83%| S|CS|TAMS 0x000000008fe00000, 0x000000008fe00000| Complete 
| 255|0x000000008ff00000, 0x000000008ff00000, 0x0000000090000000|  0%| F|  |TAMS 0x000000008ff00000, 0x000000008ff00000| Untracked 
| 256|0x0000000090000000, 0x0000000090000000, 0x0000000090100000|  0%| F|  |TAMS 0x0000000090000000, 0x0000000090000000| Untracked 
| 257|0x0000000090100000, 0x0000000090100000, 0x0000000090200000|  0%| F|  |TAMS 0x0000000090100000, 0x0000000090100000| Untracked 
| 258|0x0000000090200000, 0x0000000090200000, 0x0000000090300000|  0%| F|  |TAMS 0x0000000090200000, 0x0000000090200000| Untracked 
| 259|0x0000000090300000, 0x0000000090300000, 0x0000000090400000|  0%| F|  |TAMS 0x0000000090300000, 0x0000000090300000| Untracked 
| 260|0x0000000090400000, 0x0000000090400000, 0x0000000090500000|  0%| F|  |TAMS 0x0000000090400000, 0x0000000090400000| Untracked 
| 261|0x0000000090500000, 0x0000000090500000, 0x0000000090600000|  0%| F|  |TAMS 0x0000000090500000, 0x0000000090500000| Untracked 
| 262|0x0000000090600000, 0x0000000090600000, 0x0000000090700000|  0%| F|  |TAMS 0x0000000090600000, 0x0000000090600000| Untracked 
| 263|0x0000000090700000, 0x0000000090700000, 0x0000000090800000|  0%| F|  |TAMS 0x0000000090700000, 0x0000000090700000| Untracked 
| 264|0x0000000090800000, 0x0000000090800800, 0x0000000090900000|  0%| E|  |TAMS 0x0000000090800000, 0x0000000090800000| Complete 
| 265|0x0000000090900000, 0x0000000090a00000, 0x0000000090a00000|100%| E|CS|TAMS 0x0000000090900000, 0x0000000090900000| Complete 
| 266|0x0000000090a00000, 0x0000000090b00000, 0x0000000090b00000|100%| E|CS|TAMS 0x0000000090a00000, 0x0000000090a00000| Complete 

Card table byte_map: [0x000001cfc0760000,0x000001cfc0b60000] _byte_map_base: 0x000001cfc0360000

Marking Bits (Prev, Next): (CMBitMap*) 0x000001cfad89cb18, (CMBitMap*) 0x000001cfad89cb50
 Prev Bits: [0x000001cfc0f60000, 0x000001cfc2f60000)
 Next Bits: [0x000001cfc2f60000, 0x000001cfc4f60000)

Polling page: 0x000001cfab7c0000

Metaspace:

Usage:
  Non-class:    172.97 MB capacity,   169.80 MB ( 98%) used,     2.53 MB (  1%) free+waste,   661.06 KB ( <1%) overhead. 
      Class:     26.63 MB capacity,    24.64 MB ( 92%) used,     1.71 MB (  6%) free+waste,   290.88 KB (  1%) overhead. 
       Both:    199.61 MB capacity,   194.43 MB ( 97%) used,     4.24 MB (  2%) free+waste,   951.94 KB ( <1%) overhead. 

Virtual space:
  Non-class space:      174.00 MB reserved,     173.20 MB (>99%) committed 
      Class space:        1.00 GB reserved,      26.72 MB (  3%) committed 
             Both:        1.17 GB reserved,     199.92 MB ( 17%) committed 

Chunk freelists:
   Non-Class:  40.00 KB
       Class:  23.00 KB
        Both:  63.00 KB

MaxMetaspaceSize: 17179869184.00 GB
CompressedClassSpaceSize: 1.00 GB
Initial GC threshold: 20.80 MB
Current GC threshold: 332.79 MB
CDS: off

CodeHeap 'non-profiled nmethods': size=120064Kb used=21062Kb max_used=21418Kb free=99001Kb
 bounds [0x000001cfb8e20000, 0x000001cfba320000, 0x000001cfc0360000]
CodeHeap 'profiled nmethods': size=120000Kb used=64797Kb max_used=64797Kb free=55202Kb
 bounds [0x000001cfb18f0000, 0x000001cfb5860000, 0x000001cfb8e20000]
CodeHeap 'non-nmethods': size=5696Kb used=2555Kb max_used=2625Kb free=3140Kb
 bounds [0x000001cfb1360000, 0x000001cfb1600000, 0x000001cfb18f0000]
 total_blobs=28953 nmethods=27855 adapters=1009
 compilation: enabled
              stopped_count=0, restarted_count=0
 full_count=0

Compilation events (20 events):
Event: 5921.268 Thread 0x000001cfc7478000 32876       2       com.android.tools.r8.ir.regalloc.c::c (44 bytes)
Event: 5921.269 Thread 0x000001cfc7478000 nmethod 32876 0x000001cfb4a86090 code [0x000001cfb4a86280, 0x000001cfb4a86518]
Event: 5921.269 Thread 0x000001cfc7478000 32874       2       com.android.tools.r8.internal.DF::a (29 bytes)
Event: 5921.269 Thread 0x000001cfc7478000 nmethod 32874 0x000001cfb29e8310 code [0x000001cfb29e84c0, 0x000001cfb29e8638]
Event: 5921.269 Thread 0x000001cfc7478000 32875       1       com.android.tools.r8.ir.regalloc.c::q (5 bytes)
Event: 5921.269 Thread 0x000001cfc7478000 nmethod 32875 0x000001cfb9cf4810 code [0x000001cfb9cf49c0, 0x000001cfb9cf4a78]
Event: 5921.269 Thread 0x000001cfc7478000 32877       2       com.android.tools.r8.internal.ir::j (42 bytes)
Event: 5921.269 Thread 0x000001cfc7478000 nmethod 32877 0x000001cfb2c22190 code [0x000001cfb2c22360, 0x000001cfb2c22568]
Event: 5921.271 Thread 0x000001cfc7478000 32878       2       com.android.aapt.Resources$XmlAttribute$Builder::buildPartial (120 bytes)
Event: 5921.272 Thread 0x000001cfc7478000 nmethod 32878 0x000001cfb2c86890 code [0x000001cfb2c86a80, 0x000001cfb2c87018]
Event: 5921.272 Thread 0x000001cfc7478000 32883       2       com.android.tools.r8.internal.Sr::hashCode (7 bytes)
Event: 5921.272 Thread 0x000001cfc7478000 nmethod 32883 0x000001cfb45d7d10 code [0x000001cfb45d7ec0, 0x000001cfb45d7fe8]
Event: 5921.272 Thread 0x000001cfc7478000 32880       2       com.android.tools.r8.ir.regalloc.i::a (124 bytes)
Event: 5921.272 Thread 0x000001cfc7478000 nmethod 32880 0x000001cfb2c2e410 code [0x000001cfb2c2e600, 0x000001cfb2c2e7f8]
Event: 5921.272 Thread 0x000001cfc7478000 32881       2       com.android.tools.r8.ir.regalloc.h::<init> (71 bytes)
Event: 5921.273 Thread 0x000001cfc7478000 nmethod 32881 0x000001cfb2277410 code [0x000001cfb22775c0, 0x000001cfb22777d8]
Event: 5921.273 Thread 0x000001cfc7478000 32879       2       com.android.tools.r8.ir.regalloc.i::e (106 bytes)
Event: 5921.274 Thread 0x000001cfc7478000 nmethod 32879 0x000001cfb1ee4310 code [0x000001cfb1ee4540, 0x000001cfb1ee4958]
Event: 5921.274 Thread 0x000001cfc7478000 32882       2       com.android.tools.r8.ir.regalloc.c::i (37 bytes)
Event: 5921.274 Thread 0x000001cfc7478000 nmethod 32882 0x000001cfb45e3c90 code [0x000001cfb45e3e40, 0x000001cfb45e3f38]

GC Heap History (20 events):
Event: 5910.775 GC heap before
{Heap before GC invocations=139 (full 0):
 garbage-first heap   total 273408K, used 234247K [0x0000000080000000, 0x0000000100000000)
  region size 1024K, 17 young (17408K), 3 survivors (3072K)
 Metaspace       used 194569K, capacity 199786K, committed 199984K, reserved 1222656K
  class space    used 24871K, capacity 26885K, committed 26980K, reserved 1048576K
}
Event: 5910.787 GC heap after
{Heap after GC invocations=140 (full 0):
 garbage-first heap   total 273408K, used 222976K [0x0000000080000000, 0x0000000100000000)
  region size 1024K, 3 young (3072K), 3 survivors (3072K)
 Metaspace       used 194569K, capacity 199786K, committed 199984K, reserved 1222656K
  class space    used 24871K, capacity 26885K, committed 26980K, reserved 1048576K
}
Event: 5911.316 GC heap before
{Heap before GC invocations=140 (full 0):
 garbage-first heap   total 273408K, used 233216K [0x0000000080000000, 0x0000000100000000)
  region size 1024K, 13 young (13312K), 3 survivors (3072K)
 Metaspace       used 195175K, capacity 200394K, committed 200496K, reserved 1222656K
  class space    used 24907K, capacity 26917K, committed 26980K, reserved 1048576K
}
Event: 5911.354 GC heap after
{Heap after GC invocations=141 (full 0):
 garbage-first heap   total 273408K, used 223790K [0x0000000080000000, 0x0000000100000000)
  region size 1024K, 2 young (2048K), 2 survivors (2048K)
 Metaspace       used 195175K, capacity 200394K, committed 200496K, reserved 1222656K
  class space    used 24907K, capacity 26917K, committed 26980K, reserved 1048576K
}
Event: 5911.722 GC heap before
{Heap before GC invocations=141 (full 0):
 garbage-first heap   total 273408K, used 235054K [0x0000000080000000, 0x0000000100000000)
  region size 1024K, 14 young (14336K), 2 survivors (2048K)
 Metaspace       used 195685K, capacity 200874K, committed 201008K, reserved 1222656K
  class space    used 24951K, capacity 26949K, committed 26980K, reserved 1048576K
}
Event: 5911.734 GC heap after
{Heap after GC invocations=142 (full 0):
 garbage-first heap   total 273408K, used 226304K [0x0000000080000000, 0x0000000100000000)
  region size 1024K, 2 young (2048K), 2 survivors (2048K)
 Metaspace       used 195685K, capacity 200874K, committed 201008K, reserved 1222656K
  class space    used 24951K, capacity 26949K, committed 26980K, reserved 1048576K
}
Event: 5912.499 GC heap before
{Heap before GC invocations=142 (full 0):
 garbage-first heap   total 273408K, used 219136K [0x0000000080000000, 0x0000000100000000)
  region size 1024K, 13 young (13312K), 2 survivors (2048K)
 Metaspace       used 196754K, capacity 202024K, committed 202160K, reserved 1224704K
  class space    used 25027K, capacity 27050K, committed 27108K, reserved 1048576K
}
Event: 5912.513 GC heap after
{Heap after GC invocations=143 (full 0):
 garbage-first heap   total 273408K, used 210970K [0x0000000080000000, 0x0000000100000000)
  region size 1024K, 2 young (2048K), 2 survivors (2048K)
 Metaspace       used 196754K, capacity 202024K, committed 202160K, reserved 1224704K
  class space    used 25027K, capacity 27050K, committed 27108K, reserved 1048576K
}
Event: 5913.677 GC heap before
{Heap before GC invocations=144 (full 0):
 garbage-first heap   total 273408K, used 229402K [0x0000000080000000, 0x0000000100000000)
  region size 1024K, 20 young (20480K), 2 survivors (2048K)
 Metaspace       used 197157K, capacity 202351K, committed 202416K, reserved 1224704K
  class space    used 25054K, capacity 27051K, committed 27108K, reserved 1048576K
}
Event: 5913.685 GC heap after
{Heap after GC invocations=145 (full 0):
 garbage-first heap   total 273408K, used 210117K [0x0000000080000000, 0x0000000100000000)
  region size 1024K, 1 young (1024K), 1 survivors (1024K)
 Metaspace       used 197157K, capacity 202351K, committed 202416K, reserved 1224704K
  class space    used 25054K, capacity 27051K, committed 27108K, reserved 1048576K
}
Event: 5914.906 GC heap before
{Heap before GC invocations=145 (full 0):
 garbage-first heap   total 273408K, used 221381K [0x0000000080000000, 0x0000000100000000)
  region size 1024K, 13 young (13312K), 1 survivors (1024K)
 Metaspace       used 197579K, capacity 202820K, committed 203056K, reserved 1224704K
  class space    used 25112K, capacity 27122K, committed 27236K, reserved 1048576K
}
Event: 5914.920 GC heap after
{Heap after GC invocations=146 (full 0):
 garbage-first heap   total 273408K, used 186992K [0x0000000080000000, 0x0000000100000000)
  region size 1024K, 1 young (1024K), 1 survivors (1024K)
 Metaspace       used 197579K, capacity 202820K, committed 203056K, reserved 1224704K
  class space    used 25112K, capacity 27122K, committed 27236K, reserved 1048576K
}
Event: 5915.583 GC heap before
{Heap before GC invocations=146 (full 0):
 garbage-first heap   total 273408K, used 199280K [0x0000000080000000, 0x0000000100000000)
  region size 1024K, 13 young (13312K), 1 survivors (1024K)
 Metaspace       used 197618K, capacity 202821K, committed 203056K, reserved 1224704K
  class space    used 25112K, capacity 27122K, committed 27236K, reserved 1048576K
}
Event: 5915.600 GC heap after
{Heap after GC invocations=147 (full 0):
 garbage-first heap   total 273408K, used 185738K [0x0000000080000000, 0x0000000100000000)
  region size 1024K, 1 young (1024K), 1 survivors (1024K)
 Metaspace       used 197618K, capacity 202821K, committed 203056K, reserved 1224704K
  class space    used 25112K, capacity 27122K, committed 27236K, reserved 1048576K
}
Event: 5917.745 GC heap before
{Heap before GC invocations=147 (full 0):
 garbage-first heap   total 273408K, used 220554K [0x0000000080000000, 0x0000000100000000)
  region size 1024K, 36 young (36864K), 1 survivors (1024K)
 Metaspace       used 198183K, capacity 203479K, committed 203568K, reserved 1226752K
  class space    used 25163K, capacity 27166K, committed 27236K, reserved 1048576K
}
Event: 5917.762 GC heap after
{Heap after GC invocations=148 (full 0):
 garbage-first heap   total 273408K, used 186944K [0x0000000080000000, 0x0000000100000000)
  region size 1024K, 2 young (2048K), 2 survivors (2048K)
 Metaspace       used 198183K, capacity 203479K, committed 203568K, reserved 1226752K
  class space    used 25163K, capacity 27166K, committed 27236K, reserved 1048576K
}
Event: 5920.724 GC heap before
{Heap before GC invocations=149 (full 0):
 garbage-first heap   total 273408K, used 224832K [0x0000000080000000, 0x0000000100000000)
  region size 1024K, 39 young (39936K), 2 survivors (2048K)
 Metaspace       used 198411K, capacity 203718K, committed 203824K, reserved 1226752K
  class space    used 25187K, capacity 27203K, committed 27236K, reserved 1048576K
}
Event: 5920.737 GC heap after
{Heap after GC invocations=150 (full 0):
 garbage-first heap   total 273408K, used 192071K [0x0000000080000000, 0x0000000100000000)
  region size 1024K, 5 young (5120K), 5 survivors (5120K)
 Metaspace       used 198411K, capacity 203718K, committed 203824K, reserved 1226752K
  class space    used 25187K, capacity 27203K, committed 27236K, reserved 1048576K
}
Event: 5920.820 GC heap before
{Heap before GC invocations=150 (full 0):
 garbage-first heap   total 273408K, used 199239K [0x0000000080000000, 0x0000000100000000)
  region size 1024K, 13 young (13312K), 5 survivors (5120K)
 Metaspace       used 198427K, capacity 203724K, committed 203824K, reserved 1226752K
  class space    used 25189K, capacity 27205K, committed 27236K, reserved 1048576K
}
Event: 5920.861 GC heap after
{Heap after GC invocations=151 (full 0):
 garbage-first heap   total 273408K, used 183583K [0x0000000080000000, 0x0000000100000000)
  region size 1024K, 2 young (2048K), 2 survivors (2048K)
 Metaspace       used 198427K, capacity 203724K, committed 203824K, reserved 1226752K
  class space    used 25189K, capacity 27205K, committed 27236K, reserved 1048576K
}

Deoptimization events (20 events):
Event: 5921.166 Thread 0x000001cfd7710800 DEOPT PACKING pc=0x000001cfb8f56508 sp=0x00000038a3bf8fe0
Event: 5921.166 Thread 0x000001cfd7710800 DEOPT UNPACKING pc=0x000001cfb13aa1af sp=0x00000038a3bf8f70 mode 2
Event: 5921.166 Thread 0x000001cfd7710800 Uncommon trap: trap_request=0xffffffde fr.pc=0x000001cfb8f56508 relative=0x0000000000000068
Event: 5921.166 Thread 0x000001cfd7710800 Uncommon trap: reason=class_check action=maybe_recompile pc=0x000001cfb8f56508 method=com.android.tools.r8.internal.c6.size()I @ 42 c2
Event: 5921.166 Thread 0x000001cfd7710800 DEOPT PACKING pc=0x000001cfb8f56508 sp=0x00000038a3bf8fe0
Event: 5921.166 Thread 0x000001cfd7710800 DEOPT UNPACKING pc=0x000001cfb13aa1af sp=0x00000038a3bf8f70 mode 2
Event: 5921.167 Thread 0x000001cfd7710800 Uncommon trap: trap_request=0xffffffde fr.pc=0x000001cfb8ee336c relative=0x000000000000098c
Event: 5921.167 Thread 0x000001cfd7710800 Uncommon trap: reason=class_check action=maybe_recompile pc=0x000001cfb8ee336c method=com.android.tools.r8.internal.mn.a(Ljava/util/Collection;)Lcom/android/tools/r8/internal/mn; @ 48 c2
Event: 5921.167 Thread 0x000001cfd7710800 DEOPT PACKING pc=0x000001cfb8ee336c sp=0x00000038a3bf8c90
Event: 5921.167 Thread 0x000001cfd7710800 DEOPT UNPACKING pc=0x000001cfb13aa1af sp=0x00000038a3bf8c58 mode 2
Event: 5921.167 Thread 0x000001cfd7710800 Uncommon trap: trap_request=0xffffffde fr.pc=0x000001cfb8ee336c relative=0x000000000000098c
Event: 5921.167 Thread 0x000001cfd7710800 Uncommon trap: reason=class_check action=maybe_recompile pc=0x000001cfb8ee336c method=com.android.tools.r8.internal.mn.a(Ljava/util/Collection;)Lcom/android/tools/r8/internal/mn; @ 48 c2
Event: 5921.167 Thread 0x000001cfd7710800 DEOPT PACKING pc=0x000001cfb8ee336c sp=0x00000038a3bf8c80
Event: 5921.167 Thread 0x000001cfd7710800 DEOPT UNPACKING pc=0x000001cfb13aa1af sp=0x00000038a3bf8c48 mode 2
Event: 5921.212 Thread 0x000001cfcabc0800 DEOPT PACKING pc=0x000001cfb1e8f77d sp=0x000000389fef3e30
Event: 5921.212 Thread 0x000001cfcabc0800 DEOPT UNPACKING pc=0x000001cfb13aa95e sp=0x000000389fef3300 mode 0
Event: 5921.258 Thread 0x000001cfd7710800 Uncommon trap: trap_request=0xffffff4d fr.pc=0x000001cfb9d3c3d8 relative=0x0000000000000678
Event: 5921.258 Thread 0x000001cfd7710800 Uncommon trap: reason=unstable_if action=reinterpret pc=0x000001cfb9d3c3d8 method=com.android.tools.r8.internal.h4.b(ILcom/android/tools/r8/internal/e4;)Lcom/android/tools/r8/internal/lY; @ 4 c2
Event: 5921.258 Thread 0x000001cfd7710800 DEOPT PACKING pc=0x000001cfb9d3c3d8 sp=0x00000038a3bf8f20
Event: 5921.258 Thread 0x000001cfd7710800 DEOPT UNPACKING pc=0x000001cfb13aa1af sp=0x00000038a3bf8e78 mode 2

Classes redefined (0 events):
No events

Internal exceptions (20 events):
Event: 5905.113 Thread 0x000001cfd7716000 Exception <a 'java/lang/NoSuchMethodError'{0x00000000908ceb90}: <clinit>> (0x00000000908ceb90) thrown at [./src/hotspot/share/prims/jni.cpp, line 1365]
Event: 5905.114 Thread 0x000001cfd7716000 Exception <a 'java/lang/NoSuchMethodError'{0x00000000908e3150}: <clinit>> (0x00000000908e3150) thrown at [./src/hotspot/share/prims/jni.cpp, line 1365]
Event: 5909.959 Thread 0x000001cfd7716000 Exception <a 'java/lang/NoSuchMethodError'{0x0000000090990de8}: <clinit>> (0x0000000090990de8) thrown at [./src/hotspot/share/prims/jni.cpp, line 1365]
Event: 5909.978 Thread 0x000001cfd7716000 Exception <a 'java/lang/NoSuchMethodError'{0x00000000908fa330}: <clinit>> (0x00000000908fa330) thrown at [./src/hotspot/share/prims/jni.cpp, line 1365]
Event: 5909.995 Thread 0x000001cfd7716000 Exception <a 'java/lang/NoSuchMethodError'{0x0000000090417e68}: <clinit>> (0x0000000090417e68) thrown at [./src/hotspot/share/prims/jni.cpp, line 1365]
Event: 5911.236 Thread 0x000001cfcabc0800 Exception <a 'sun/nio/fs/WindowsException'{0x0000000090660818}> (0x0000000090660818) thrown at [./src/hotspot/share/prims/jni.cpp, line 615]
Event: 5913.688 Thread 0x000001cfcabc0800 Exception <a 'java/lang/NoSuchMethodError'{0x0000000090a37230}: <clinit>> (0x0000000090a37230) thrown at [./src/hotspot/share/prims/jni.cpp, line 1365]
Event: 5916.061 Thread 0x000001cfcabc0800 Exception <a 'java/lang/NoSuchMethodError'{0x00000000901a3d18}: <clinit>> (0x00000000901a3d18) thrown at [./src/hotspot/share/prims/jni.cpp, line 1365]
Event: 5916.169 Thread 0x000001cfcabc3000 Exception <a 'sun/nio/fs/WindowsException'{0x000000009008b7c0}> (0x000000009008b7c0) thrown at [./src/hotspot/share/prims/jni.cpp, line 615]
Event: 5916.701 Thread 0x000001cfcabc0800 Exception <a 'sun/nio/fs/WindowsException'{0x000000008f54f030}> (0x000000008f54f030) thrown at [./src/hotspot/share/prims/jni.cpp, line 615]
Event: 5917.010 Thread 0x000001cfcabc0800 Exception <a 'sun/nio/fs/WindowsException'{0x000000008f293330}> (0x000000008f293330) thrown at [./src/hotspot/share/prims/jni.cpp, line 615]
Event: 5917.115 Thread 0x000001cfc8498000 Exception <a 'sun/nio/fs/WindowsException'{0x000000008f057e08}> (0x000000008f057e08) thrown at [./src/hotspot/share/prims/jni.cpp, line 615]
Event: 5917.211 Thread 0x000001cfc849a800 Exception <a 'sun/nio/fs/WindowsException'{0x000000008edd1568}> (0x000000008edd1568) thrown at [./src/hotspot/share/prims/jni.cpp, line 615]
Event: 5917.407 Thread 0x000001cfd3c27000 Exception <a 'sun/nio/fs/WindowsException'{0x000000008eb4f1f8}> (0x000000008eb4f1f8) thrown at [./src/hotspot/share/prims/jni.cpp, line 615]
Event: 5917.445 Thread 0x000001cfc849d000 Exception <a 'sun/nio/fs/WindowsException'{0x000000008eb88ff8}> (0x000000008eb88ff8) thrown at [./src/hotspot/share/prims/jni.cpp, line 615]
Event: 5917.460 Thread 0x000001cfd3c27000 Exception <a 'sun/nio/fs/WindowsException'{0x000000008ebe9580}> (0x000000008ebe9580) thrown at [./src/hotspot/share/prims/jni.cpp, line 615]
Event: 5917.557 Thread 0x000001cfc849d000 Exception <a 'sun/nio/fs/WindowsException'{0x000000008e902868}> (0x000000008e902868) thrown at [./src/hotspot/share/prims/jni.cpp, line 615]
Event: 5920.493 Thread 0x000001cfd7710800 Exception <a 'sun/nio/fs/WindowsException'{0x000000008f99abb8}> (0x000000008f99abb8) thrown at [./src/hotspot/share/prims/jni.cpp, line 615]
Event: 5920.558 Thread 0x000001cfd770d000 Exception <a 'sun/nio/fs/WindowsException'{0x000000008f1574f8}> (0x000000008f1574f8) thrown at [./src/hotspot/share/prims/jni.cpp, line 615]
Event: 5920.777 Thread 0x000001cfcabc0800 Exception <a 'sun/nio/fs/WindowsException'{0x000000009051b130}> (0x000000009051b130) thrown at [./src/hotspot/share/prims/jni.cpp, line 615]

Events (20 events):
Event: 5921.140 loading class com/android/tools/r8/internal/mV
Event: 5921.140 loading class com/android/tools/r8/internal/mV done
Event: 5921.140 loading class com/android/tools/r8/internal/lV
Event: 5921.140 loading class com/android/tools/r8/internal/lV done
Event: 5921.140 loading class com/android/tools/r8/code/J0
Event: 5921.140 loading class com/android/tools/r8/code/J0 done
Event: 5921.143 loading class com/android/tools/r8/code/J0
Event: 5921.143 loading class com/android/tools/r8/code/J0 done
Event: 5921.143 loading class com/android/tools/r8/code/J0
Event: 5921.143 loading class com/android/tools/r8/code/J0 done
Event: 5921.146 loading class com/android/tools/r8/internal/lf
Event: 5921.146 loading class com/android/tools/r8/internal/lf done
Event: 5921.159 loading class com/android/tools/r8/internal/Kr
Event: 5921.159 loading class com/android/tools/r8/internal/Kr done
Event: 5921.163 loading class com/android/tools/r8/internal/BA
Event: 5921.163 loading class com/android/tools/r8/internal/BA done
Event: 5921.164 loading class com/android/tools/r8/graph/e1
Event: 5921.164 loading class com/android/tools/r8/graph/e1 done
Event: 5921.164 loading class com/android/tools/r8/internal/Ql
Event: 5921.164 loading class com/android/tools/r8/internal/Ql done


Dynamic libraries:
0x00007ff6e27c0000 - 0x00007ff6e27ca000 	C:\Program Files\Android\Android Studio\jre\bin\java.exe
0x00007ffd7c6b0000 - 0x00007ffd7c8c4000 	C:\WINDOWS\SYSTEM32\ntdll.dll
0x00007ffd7bda0000 - 0x00007ffd7be62000 	C:\WINDOWS\System32\KERNEL32.DLL
0x00007ffd79ff0000 - 0x00007ffd7a38c000 	C:\WINDOWS\System32\KERNELBASE.dll
0x00007ffd7a390000 - 0x00007ffd7a4a1000 	C:\WINDOWS\System32\ucrtbase.dll
0x00007ffd5df90000 - 0x00007ffd5dfa9000 	C:\Program Files\Android\Android Studio\jre\bin\jli.dll
0x00007ffd5ded0000 - 0x00007ffd5dee7000 	C:\Program Files\Android\Android Studio\jre\bin\VCRUNTIME140.dll
0x00007ffd7ad90000 - 0x00007ffd7af3a000 	C:\WINDOWS\System32\USER32.dll
0x00007ffd5f420000 - 0x00007ffd5f6ae000 	C:\WINDOWS\WinSxS\amd64_microsoft.windows.common-controls_6595b64144ccf1df_6.0.22621.608_none_a9444ca7c10bb01d\COMCTL32.dll
0x00007ffd7ab20000 - 0x00007ffd7abc7000 	C:\WINDOWS\System32\msvcrt.dll
0x00007ffd79d20000 - 0x00007ffd79d46000 	C:\WINDOWS\System32\win32u.dll
0x00007ffd7c4d0000 - 0x00007ffd7c4f9000 	C:\WINDOWS\System32\GDI32.dll
0x00007ffd79ae0000 - 0x00007ffd79bf2000 	C:\WINDOWS\System32\gdi32full.dll
0x00007ffd79c80000 - 0x00007ffd79d1a000 	C:\WINDOWS\System32\msvcp_win.dll
0x00007ffd7a710000 - 0x00007ffd7a741000 	C:\WINDOWS\System32\IMM32.DLL
0x00007ffd44790000 - 0x00007ffd4482d000 	C:\Program Files\Android\Android Studio\jre\bin\msvcp140.dll
0x00007ffd16710000 - 0x00007ffd171f5000 	C:\Program Files\Android\Android Studio\jre\bin\server\jvm.dll
0x00007ffd7a8f0000 - 0x00007ffd7a99e000 	C:\WINDOWS\System32\ADVAPI32.dll
0x00007ffd7bed0000 - 0x00007ffd7bf74000 	C:\WINDOWS\System32\sechost.dll
0x00007ffd7c320000 - 0x00007ffd7c435000 	C:\WINDOWS\System32\RPCRT4.dll
0x00007ffd7c4c0000 - 0x00007ffd7c4c8000 	C:\WINDOWS\System32\PSAPI.DLL
0x00007ffd1ddb0000 - 0x00007ffd1ddb9000 	C:\WINDOWS\SYSTEM32\WSOCK32.dll
0x00007ffd71e60000 - 0x00007ffd71e94000 	C:\WINDOWS\SYSTEM32\WINMM.dll
0x00007ffd7aaa0000 - 0x00007ffd7ab11000 	C:\WINDOWS\System32\WS2_32.dll
0x00007ffd736a0000 - 0x00007ffd736aa000 	C:\WINDOWS\SYSTEM32\VERSION.dll
0x00007ffd78c50000 - 0x00007ffd78c68000 	C:\WINDOWS\SYSTEM32\kernel.appcore.dll
0x00007ffd166f0000 - 0x00007ffd16701000 	C:\Program Files\Android\Android Studio\jre\bin\verify.dll
0x00007ffd76d20000 - 0x00007ffd76f4e000 	C:\WINDOWS\SYSTEM32\DBGHELP.DLL
0x00007ffd7bf90000 - 0x00007ffd7c319000 	C:\WINDOWS\System32\combase.dll
0x00007ffd7af40000 - 0x00007ffd7b017000 	C:\WINDOWS\System32\OLEAUT32.dll
0x00007ffd5b250000 - 0x00007ffd5b282000 	C:\WINDOWS\SYSTEM32\dbgcore.DLL
0x00007ffd79c00000 - 0x00007ffd79c7b000 	C:\WINDOWS\System32\bcryptPrimitives.dll
0x00007ffd166c0000 - 0x00007ffd166e9000 	C:\Program Files\Android\Android Studio\jre\bin\java.dll
0x00007ffd1c0c0000 - 0x00007ffd1c0cb000 	C:\Program Files\Android\Android Studio\jre\bin\jimage.dll
0x00007ffd166a0000 - 0x00007ffd166b8000 	C:\Program Files\Android\Android Studio\jre\bin\zip.dll
0x00007ffd7b570000 - 0x00007ffd7bd4d000 	C:\WINDOWS\System32\SHELL32.dll
0x00007ffd77b50000 - 0x00007ffd78406000 	C:\WINDOWS\SYSTEM32\windows.storage.dll
0x00007ffd77a10000 - 0x00007ffd77b4d000 	C:\WINDOWS\SYSTEM32\wintypes.dll
0x00007ffd7a9a0000 - 0x00007ffd7aa91000 	C:\WINDOWS\System32\SHCORE.dll
0x00007ffd7c570000 - 0x00007ffd7c5ce000 	C:\WINDOWS\System32\shlwapi.dll
0x00007ffd79a10000 - 0x00007ffd79a31000 	C:\WINDOWS\SYSTEM32\profapi.dll
0x00007ffd1c2a0000 - 0x00007ffd1c2ba000 	C:\Program Files\Android\Android Studio\jre\bin\net.dll
0x00007ffd719f0000 - 0x00007ffd71b1f000 	C:\WINDOWS\SYSTEM32\WINHTTP.dll
0x00007ffd790b0000 - 0x00007ffd79119000 	C:\WINDOWS\system32\mswsock.dll
0x00007ffd1c280000 - 0x00007ffd1c294000 	C:\Program Files\Android\Android Studio\jre\bin\nio.dll
0x00007ffd34e80000 - 0x00007ffd34ea7000 	C:\Users\jeova\.gradle\native\e1d6ef7f7dcc3fd88c89a11ec53ec762bb8ba0a96d01ffa2cd45eb1d1d8dd5c5\windows-amd64\native-platform.dll
0x00007ffd2ec90000 - 0x00007ffd2edd4000 	C:\Users\jeova\.gradle\native\5664cfc778a61ccfe75a443a1ab52a65af34e5dc3c78e0209fed803814484fcb\windows-amd64\native-platform-file-events.dll
0x00007ffd13600000 - 0x00007ffd1360a000 	C:\Program Files\Android\Android Studio\jre\bin\management.dll
0x00007ffd135f0000 - 0x00007ffd135fd000 	C:\Program Files\Android\Android Studio\jre\bin\management_ext.dll
0x00007ffd79300000 - 0x00007ffd7931b000 	C:\WINDOWS\SYSTEM32\CRYPTSP.dll
0x00007ffd78bc0000 - 0x00007ffd78bf5000 	C:\WINDOWS\system32\rsaenh.dll
0x00007ffd791a0000 - 0x00007ffd791c8000 	C:\WINDOWS\SYSTEM32\USERENV.dll
0x00007ffd79490000 - 0x00007ffd794b8000 	C:\WINDOWS\SYSTEM32\bcrypt.dll
0x00007ffd792f0000 - 0x00007ffd792fc000 	C:\WINDOWS\SYSTEM32\CRYPTBASE.dll
0x00007ffd786d0000 - 0x00007ffd786fd000 	C:\WINDOWS\SYSTEM32\IPHLPAPI.DLL
0x00007ffd7b020000 - 0x00007ffd7b029000 	C:\WINDOWS\System32\NSI.dll
0x00007ffd71910000 - 0x00007ffd71929000 	C:\WINDOWS\SYSTEM32\dhcpcsvc6.DLL
0x00007ffd718f0000 - 0x00007ffd7190f000 	C:\WINDOWS\SYSTEM32\dhcpcsvc.DLL
0x00007ffd78740000 - 0x00007ffd78832000 	C:\WINDOWS\SYSTEM32\DNSAPI.dll
0x00007ffd5e0c0000 - 0x00007ffd5e0de000 	C:\Users\jeova\AppData\Local\Temp\native-platform2007656563261496765dir\native-platform.dll
0x00007ffd736b0000 - 0x00007ffd736b8000 	C:\Program Files\Android\Android Studio\jre\bin\rmi.dll
0x00007ffd161f0000 - 0x00007ffd16217000 	C:\Program Files\Android\Android Studio\jre\bin\sunec.dll
0x00007ffd736f0000 - 0x00007ffd7370e000 	C:\Users\jeova\AppData\Local\Temp\native-platform1290845008083359757dir\native-platform.dll
0x00007ffd1de00000 - 0x00007ffd1de17000 	C:\WINDOWS\system32\napinsp.dll
0x00007ffd1dde0000 - 0x00007ffd1ddfb000 	C:\WINDOWS\system32\pnrpnsp.dll
0x00007ffd1ddc0000 - 0x00007ffd1ddd1000 	C:\WINDOWS\System32\winrnr.dll
0x00007ffd719d0000 - 0x00007ffd719e5000 	C:\WINDOWS\system32\wshbth.dll
0x00007ffd1c090000 - 0x00007ffd1c0b1000 	C:\WINDOWS\system32\nlansp_c.dll
0x00007ffd61230000 - 0x00007ffd6123a000 	C:\Windows\System32\rasadhlp.dll
0x00007ffd707a0000 - 0x00007ffd70823000 	C:\WINDOWS\System32\fwpuclnt.dll
0x00007ffd78c70000 - 0x00007ffd78ca4000 	C:\WINDOWS\SYSTEM32\ntmarta.dll

dbghelp: loaded successfully - version: 4.0.5 - missing functions: none
symbol engine: initialized successfully - sym options: 0x614 - pdb path: .;C:\Program Files\Android\Android Studio\jre\bin;C:\WINDOWS\SYSTEM32;C:\WINDOWS\WinSxS\amd64_microsoft.windows.common-controls_6595b64144ccf1df_6.0.22621.608_none_a9444ca7c10bb01d;C:\Program Files\Android\Android Studio\jre\bin\server;C:\Users\jeova\.gradle\native\e1d6ef7f7dcc3fd88c89a11ec53ec762bb8ba0a96d01ffa2cd45eb1d1d8dd5c5\windows-amd64;C:\Users\jeova\.gradle\native\5664cfc778a61ccfe75a443a1ab52a65af34e5dc3c78e0209fed803814484fcb\windows-amd64;C:\Users\jeova\AppData\Local\Temp\native-platform2007656563261496765dir;C:\Users\jeova\AppData\Local\Temp\native-platform1290845008083359757dir

VM Arguments:
jvm_args: --add-opens=java.base/java.util=ALL-UNNAMED --add-opens=java.base/java.lang=ALL-UNNAMED --add-opens=java.base/java.lang.invoke=ALL-UNNAMED --add-opens=java.base/java.util=ALL-UNNAMED --add-opens=java.prefs/java.util.prefs=ALL-UNNAMED --add-opens=java.prefs/java.util.prefs=ALL-UNNAMED --add-opens=java.base/java.nio.charset=ALL-UNNAMED --add-opens=java.base/java.net=ALL-UNNAMED --add-opens=java.base/java.util.concurrent.atomic=ALL-UNNAMED -Xmx2048m -Dfile.encoding=UTF-8 -Duser.country=MX -Duser.language=es -Duser.variant 
java_command: org.gradle.launcher.daemon.bootstrap.GradleDaemon 7.3.3
java_class_path (initial): C:\Users\jeova\.gradle\wrapper\dists\gradle-7.3.3-bin\6a41zxkdtcxs8rphpq6y0069z\gradle-7.3.3\lib\gradle-launcher-7.3.3.jar
Launcher Type: SUN_STANDARD

[Global flags]
     intx CICompilerCount                          = 3                                         {product} {ergonomic}
     uint ConcGCThreads                            = 1                                         {product} {ergonomic}
     uint G1ConcRefinementThreads                  = 4                                         {product} {ergonomic}
   size_t G1HeapRegionSize                         = 1048576                                   {product} {ergonomic}
    uintx GCDrainStackTargetSize                   = 64                                        {product} {ergonomic}
   size_t InitialHeapSize                          = 134217728                                 {product} {ergonomic}
   size_t MarkStackSize                            = 4194304                                   {product} {ergonomic}
   size_t MaxHeapSize                              = 2147483648                                {product} {command line}
   size_t MaxNewSize                               = 1287651328                                {product} {ergonomic}
   size_t MinHeapDeltaBytes                        = 1048576                                   {product} {ergonomic}
    uintx NonNMethodCodeHeapSize                   = 5830732                                {pd product} {ergonomic}
    uintx NonProfiledCodeHeapSize                  = 122913754                              {pd product} {ergonomic}
    uintx ProfiledCodeHeapSize                     = 122913754                              {pd product} {ergonomic}
    uintx ReservedCodeCacheSize                    = 251658240                              {pd product} {ergonomic}
     bool SegmentedCodeCache                       = true                                      {product} {ergonomic}
     bool UseCompressedClassPointers               = true                                 {lp64_product} {ergonomic}
     bool UseCompressedOops                        = true                                 {lp64_product} {ergonomic}
     bool UseG1GC                                  = true                                      {product} {ergonomic}
     bool UseLargePagesIndividualAllocation        = false                                  {pd product} {ergonomic}

Logging:
Log output configuration:
 #0: stdout all=warning uptime,level,tags
 #1: stderr all=off uptime,level,tags

Environment Variables:
PATH=C:\Program Files (x86)\Common Files\Oracle\Java\javapath;C:\WINDOWS\system32;C:\WINDOWS;C:\WINDOWS\System32\Wbem;C:\WINDOWS\System32\WindowsPowerShell\v1.0\;C:\WINDOWS\System32\OpenSSH\;C:\Program Files\MATLAB\R2020b\bin;C:\Program Files\dotnet\;C:\Program Files\Microsoft SQL Server\Client SDK\ODBC\170\Tools\Binn\;C:\Program Files\Azure Data Studio\bin;C:\Program Files\nodejs\;C:\Program Files (x86)\Microsoft SQL Server\150\DTS\Binn\;C:\Program Files (x86)\Microsoft SQL Server\150\Tools\Binn\;C:\Program Files\Microsoft SQL Server\150\Tools\Binn\;C:\Program Files\Microsoft SQL Server\150\DTS\Binn\;C:\Program Files\Microsoft SQL Server\130\Tools\Binn\;C:\Program Files (x86)\dotnet\;C:\Program Files\Git\cmd;C:\Program Files\Intel\Intel(R) Memory and Storage Tool\;C:\Users\jeova\AppData\Local\Programs\Python\Python39\Scripts\;C:\Users\jeova\AppData\Local\Programs\Python\Python39\;C:\Users\jeova\AppData\Local\Microsoft\WindowsApps;C:\Users\jeova\AppData\Local\Programs\Microsoft VS Code\bin;C:\Users\jeova\.dotnet\tools;C:\Program Files\Azure Data Studio\bin;C:\Users\jeova\AppData\Roaming\npm;C:\Users\jeova\AppData\Local\GitHubDesktop\bin;C:\Users\jeova\OneDrive\Escritorio\ESCRITORIO\CEM;
USERNAME=jeova
OS=Windows_NT
PROCESSOR_IDENTIFIER=Intel64 Family 6 Model 142 Stepping 10, GenuineIntel



---------------  S Y S T E M  ---------------

OS: Windows 10 , 64 bit Build 22621 (10.0.22621.608)
OS uptime: 0 days 9:02 hours

CPU:total 4 (initial active 4) (2 cores per cpu, 2 threads per core) family 6 model 142 stepping 10 microcode 0xe0, cmov, cx8, fxsr, mmx, sse, sse2, sse3, ssse3, sse4.1, sse4.2, popcnt, avx, avx2, aes, clmul, erms, 3dnowpref, lzcnt, ht, tsc, tscinvbit, bmi1, bmi2, adx, fma

Memory: 4k page, system-wide physical 8107M (1069M free)
TotalPageFile size 8107M (AvailPageFile size 5M)
current process WorkingSet (physical memory assigned to process): 739M, peak: 741M
current process commit charge ("private bytes"): 809M, peak: 810M

vm_info: OpenJDK 64-Bit Server VM (11.0.12+7-b1504.28-7817840) for windows-amd64 JRE (11.0.12+7-b1504.28-7817840), built on Oct 13 2021 22:12:33 by "builder" with MS VC++ 14.0 (VS2015)

END.
