#
# There is insufficient memory for the Java Runtime Environment to continue.
# Native memory allocation (mmap) failed to map 36700160 bytes for Failed to commit area from 0x000000008ae00000 to 0x000000008d100000 of length 36700160.
# Possible reasons:
#   The system is out of physical RAM or swap space
#   The process is running with CompressedOops enabled, and the Java Heap may be blocking the growth of the native heap
# Possible solutions:
#   Reduce memory load on the system
#   Increase physical memory or swap space
#   Check if swap backing store is full
#   Decrease Java heap size (-Xmx/-Xms)
#   Decrease number of Java threads
#   Decrease Java thread stack sizes (-Xss)
#   Set larger code cache with -XX:ReservedCodeCacheSize=
#   JVM is running with Unscaled Compressed Oops mode in which the Java heap is
#     placed in the first 4GB address space. The Java Heap base address is the
#     maximum limit for the native heap growth. Please use -XX:HeapBaseMinAddress
#     to set the Java Heap base and to place the Java Heap above 4GB virtual address.
# This output file may be truncated or incomplete.
#
#  Out of Memory Error (./src/hotspot/os/windows/os_windows.cpp:3521), pid=14096, tid=2040
#
# JRE version: OpenJDK Runtime Environment (11.0.12+7) (build 11.0.12+7-b1504.28-7817840)
# Java VM: OpenJDK 64-Bit Server VM (11.0.12+7-b1504.28-7817840, mixed mode, tiered, compressed oops, g1 gc, windows-amd64)
# No core dump will be written. Minidumps are not enabled by default on client versions of Windows
#

---------------  S U M M A R Y ------------

Command Line: org.jetbrains.kotlin.cli.jvm.K2JVMCompiler @C:\Users\jeova\Desktop\Proyecto\ProyectoEquipo4 (1)\ProyectoEquipo4\app\build\20221010_10766840001837906688.compiler.options

Host: Intel(R) Core(TM) i3-7020U CPU @ 2.30GHz, 4 cores, 7G,  Windows 10 , 64 bit Build 22621 (10.0.22621.608)
Time: Mon Oct 10 00:00:53 2022 Hora de verano central (México) elapsed time: 14.998071 seconds (0d 0h 0m 14s)

---------------  T H R E A D  ---------------

Current thread (0x0000015869593800):  VMThread "VM Thread" [stack: 0x00000036a1200000,0x00000036a1300000] [id=2040]

Stack: [0x00000036a1200000,0x00000036a1300000]
[error occurred during error reporting (printing stack bounds), id 0xc0000005, EXCEPTION_ACCESS_VIOLATION (0xc0000005) at pc=0x000001585356112d]

Native frames: (J=compiled Java code, j=interpreted, Vv=VM code, C=native code)
V  [jvm.dll+0x5fbcea]
V  [jvm.dll+0x731905]
V  [jvm.dll+0x732f1d]
V  [jvm.dll+0x733535]
V  [jvm.dll+0x7334eb]
V  [jvm.dll+0x5fb080]
V  [jvm.dll+0x5fb818]
C  [ntdll.dll+0xa3e1f]
C  [ntdll.dll+0x1eae6]
C  [ntdll.dll+0xa2e0e]
C  0x000001585356112d

VM_Operation (0x00000036a0cf7cd0): G1CollectForAllocation, mode: safepoint, requested by thread 0x000001584fa5a800


---------------  P R O C E S S  ---------------

Threads class SMR info:
_java_thread_list=0x000001586c3c6940, length=11, elements={
0x000001584fa5a800, 0x0000015869597000, 0x00000158695c3000, 0x0000015869f68000,
0x0000015869f6b800, 0x0000015869f6e800, 0x0000015869f6f800, 0x00000158695d3000,
0x00000158695d6000, 0x000001586a0c6000, 0x000001586de5a000
}

Java Threads: ( => current thread )
  0x000001584fa5a800 JavaThread "main" [_thread_blocked, id=7052, stack(0x00000036a0c00000,0x00000036a0d00000)]
  0x0000015869597000 JavaThread "Reference Handler" daemon [_thread_blocked, id=11140, stack(0x00000036a1300000,0x00000036a1400000)]
  0x00000158695c3000 JavaThread "Finalizer" daemon [_thread_blocked, id=1648, stack(0x00000036a1400000,0x00000036a1500000)]
  0x0000015869f68000 JavaThread "Signal Dispatcher" daemon [_thread_blocked, id=2888, stack(0x00000036a1500000,0x00000036a1600000)]
  0x0000015869f6b800 JavaThread "Attach Listener" daemon [_thread_blocked, id=12240, stack(0x00000036a1600000,0x00000036a1700000)]
  0x0000015869f6e800 JavaThread "Service Thread" daemon [_thread_blocked, id=2156, stack(0x00000036a1700000,0x00000036a1800000)]
  0x0000015869f6f800 JavaThread "C2 CompilerThread0" daemon [_thread_blocked, id=4960, stack(0x00000036a1800000,0x00000036a1900000)]
  0x00000158695d3000 JavaThread "C1 CompilerThread0" daemon [_thread_blocked, id=4052, stack(0x00000036a1900000,0x00000036a1a00000)]
  0x00000158695d6000 JavaThread "Sweeper thread" daemon [_thread_blocked, id=13192, stack(0x00000036a1a00000,0x00000036a1b00000)]
  0x000001586a0c6000 JavaThread "Common-Cleaner" daemon [_thread_blocked, id=8940, stack(0x00000036a1c00000,0x00000036a1d00000)]
  0x000001586de5a000 JavaThread "C2 CompilerThread1" daemon [_thread_in_native, id=13080, stack(0x00000036a1d00000,0x00000036a1e00000)]

Other Threads:
=>0x0000015869593800 VMThread "VM Thread" [stack: 0x00000036a1200000,0x00000036a1300000] [id=2040]
  0x000001586a0bd800 WatcherThread [stack: 0x00000036a1b00000,0x00000036a1c00000] [id=2272]
  0x000001584fa74000 GCTaskThread "GC Thread#0" [stack: 0x00000036a0d00000,0x00000036a0e00000] [id=6104]
  0x000001586a45a800 GCTaskThread "GC Thread#1" [stack: 0x00000036a1e00000,0x00000036a1f00000] [id=5248]
  0x000001586a484000 GCTaskThread "GC Thread#2" [stack: 0x00000036a1f00000,0x00000036a2000000] [id=9772]
  0x000001584faa4800 ConcurrentGCThread "G1 Main Marker" [stack: 0x00000036a0e00000,0x00000036a0f00000] [id=2320]
  0x000001584faa5800 ConcurrentGCThread "G1 Conc#0" [stack: 0x00000036a0f00000,0x00000036a1000000] [id=2408]
  0x0000015869400800 ConcurrentGCThread "G1 Refine#0" [stack: 0x00000036a1000000,0x00000036a1100000] [id=5312]
  0x0000015869401800 ConcurrentGCThread "G1 Young RemSet Sampling" [stack: 0x00000036a1100000,0x00000036a1200000] [id=8284]

Threads with active compile tasks:
C2 CompilerThread0  15015 10189       4       org.jetbrains.kotlin.types.checker.ClassicTypeSystemContext$DefaultImpls::typeDepth (286 bytes)
C2 CompilerThread1  15015 10072       4       org.jetbrains.kotlin.types.TypeSubstitutor::substituteCompoundType (146 bytes)

VM state:at safepoint (normal execution)

VM Mutex/Monitor currently owned by a thread:  ([mutex/lock_event])
[0x000001584fa565c0] Threads_lock - owner thread: 0x0000015869593800
[0x000001584fa56380] Heap_lock - owner thread: 0x000001584fa5a800

Heap address: 0x0000000081400000, size: 2028 MB, Compressed Oops mode: 32-bit
Narrow klass base: 0x0000000000000000, Narrow klass shift: 3
Compressed class space size: 1073741824 Address: 0x0000000100000000

Heap:
 garbage-first heap   total 193536K, used 57856K [0x0000000081400000, 0x0000000100000000)
  region size 1024K, 9 young (9216K), 9 survivors (9216K)
 Metaspace       used 65494K, capacity 66299K, committed 66640K, reserved 1107968K
  class space    used 7241K, capacity 7564K, committed 7680K, reserved 1048576K
Heap Regions: E=young(eden), S=young(survivor), O=old, HS=humongous(starts), HC=humongous(continues), CS=collection set, F=free, A=archive, TAMS=top-at-mark-start (previous, next)
|   0|0x0000000081400000, 0x0000000081500000, 0x0000000081500000|100%|HS|  |TAMS 0x0000000081500000, 0x0000000081400000| Complete 
|   1|0x0000000081500000, 0x0000000081600000, 0x0000000081600000|100%|HC|  |TAMS 0x0000000081600000, 0x0000000081500000| Complete 
|   2|0x0000000081600000, 0x0000000081700000, 0x0000000081700000|100%|HC|  |TAMS 0x0000000081700000, 0x0000000081600000| Complete 
|   3|0x0000000081700000, 0x0000000081800000, 0x0000000081800000|100%| O|  |TAMS 0x0000000081800000, 0x0000000081700000| Untracked 
|   4|0x0000000081800000, 0x0000000081900000, 0x0000000081900000|100%| O|  |TAMS 0x0000000081900000, 0x0000000081800000| Untracked 
|   5|0x0000000081900000, 0x0000000081a00000, 0x0000000081a00000|100%|HS|  |TAMS 0x0000000081a00000, 0x0000000081900000| Complete 
|   6|0x0000000081a00000, 0x0000000081b00000, 0x0000000081b00000|100%|HC|  |TAMS 0x0000000081b00000, 0x0000000081a00000| Complete 
|   7|0x0000000081b00000, 0x0000000081c00000, 0x0000000081c00000|100%|HC|  |TAMS 0x0000000081c00000, 0x0000000081b00000| Complete 
|   8|0x0000000081c00000, 0x0000000081d00000, 0x0000000081d00000|100%|HS|  |TAMS 0x0000000081d00000, 0x0000000081c00000| Complete 
|   9|0x0000000081d00000, 0x0000000081e00000, 0x0000000081e00000|100%|HC|  |TAMS 0x0000000081e00000, 0x0000000081d00000| Complete 
|  10|0x0000000081e00000, 0x0000000081f00000, 0x0000000081f00000|100%| O|  |TAMS 0x0000000081f00000, 0x0000000081e00000| Untracked 
|  11|0x0000000081f00000, 0x0000000082000000, 0x0000000082000000|100%| O|  |TAMS 0x0000000082000000, 0x0000000081f00000| Untracked 
|  12|0x0000000082000000, 0x0000000082100000, 0x0000000082100000|100%| O|  |TAMS 0x0000000082100000, 0x0000000082000000| Untracked 
|  13|0x0000000082100000, 0x0000000082200000, 0x0000000082200000|100%| O|  |TAMS 0x0000000082200000, 0x0000000082100000| Untracked 
|  14|0x0000000082200000, 0x0000000082300000, 0x0000000082300000|100%| O|  |TAMS 0x0000000082300000, 0x0000000082200000| Untracked 
|  15|0x0000000082300000, 0x0000000082400000, 0x0000000082400000|100%| O|  |TAMS 0x0000000082400000, 0x0000000082300000| Untracked 
|  16|0x0000000082400000, 0x0000000082500000, 0x0000000082500000|100%| O|  |TAMS 0x0000000082500000, 0x0000000082400000| Untracked 
|  17|0x0000000082500000, 0x0000000082600000, 0x0000000082600000|100%| O|  |TAMS 0x0000000082600000, 0x0000000082500000| Untracked 
|  18|0x0000000082600000, 0x0000000082700000, 0x0000000082700000|100%| O|  |TAMS 0x0000000082700000, 0x0000000082600000| Untracked 
|  19|0x0000000082700000, 0x0000000082800000, 0x0000000082800000|100%| O|  |TAMS 0x00000000827ea600, 0x0000000082700000| Untracked 
|  20|0x0000000082800000, 0x0000000082900000, 0x0000000082900000|100%| O|  |TAMS 0x0000000082800000, 0x0000000082800000| Untracked 
|  21|0x0000000082900000, 0x0000000082a00000, 0x0000000082a00000|100%| O|  |TAMS 0x0000000082900000, 0x0000000082900000| Untracked 
|  22|0x0000000082a00000, 0x0000000082b00000, 0x0000000082b00000|100%| O|  |TAMS 0x0000000082a00000, 0x0000000082a00000| Untracked 
|  23|0x0000000082b00000, 0x0000000082c00000, 0x0000000082c00000|100%| O|  |TAMS 0x0000000082b00000, 0x0000000082b00000| Untracked 
|  24|0x0000000082c00000, 0x0000000082d00000, 0x0000000082d00000|100%| O|  |TAMS 0x0000000082c00000, 0x0000000082c00000| Untracked 
|  25|0x0000000082d00000, 0x0000000082e00000, 0x0000000082e00000|100%| O|  |TAMS 0x0000000082d00000, 0x0000000082d00000| Untracked 
|  26|0x0000000082e00000, 0x0000000082f00000, 0x0000000082f00000|100%| O|  |TAMS 0x0000000082e00000, 0x0000000082e00000| Untracked 
|  27|0x0000000082f00000, 0x0000000083000000, 0x0000000083000000|100%| O|  |TAMS 0x0000000082f00000, 0x0000000082f00000| Untracked 
|  28|0x0000000083000000, 0x0000000083100000, 0x0000000083100000|100%| O|  |TAMS 0x0000000083000000, 0x0000000083000000| Untracked 
|  29|0x0000000083100000, 0x0000000083200000, 0x0000000083200000|100%| O|  |TAMS 0x0000000083100000, 0x0000000083100000| Untracked 
|  30|0x0000000083200000, 0x0000000083300000, 0x0000000083300000|100%| O|  |TAMS 0x0000000083200000, 0x0000000083200000| Untracked 
|  31|0x0000000083300000, 0x0000000083400000, 0x0000000083400000|100%| O|  |TAMS 0x0000000083300000, 0x0000000083300000| Untracked 
|  32|0x0000000083400000, 0x0000000083500000, 0x0000000083500000|100%| O|  |TAMS 0x0000000083400000, 0x0000000083400000| Untracked 
|  33|0x0000000083500000, 0x0000000083600000, 0x0000000083600000|100%| O|  |TAMS 0x0000000083500000, 0x0000000083500000| Untracked 
|  34|0x0000000083600000, 0x0000000083700000, 0x0000000083700000|100%| O|  |TAMS 0x0000000083600000, 0x0000000083600000| Untracked 
|  35|0x0000000083700000, 0x0000000083800000, 0x0000000083800000|100%| O|  |TAMS 0x0000000083700000, 0x0000000083700000| Untracked 
|  36|0x0000000083800000, 0x0000000083900000, 0x0000000083900000|100%| O|  |TAMS 0x0000000083800000, 0x0000000083800000| Untracked 
|  37|0x0000000083900000, 0x0000000083a00000, 0x0000000083a00000|100%| O|  |TAMS 0x0000000083900000, 0x0000000083900000| Untracked 
|  38|0x0000000083a00000, 0x0000000083b00000, 0x0000000083b00000|100%| O|  |TAMS 0x0000000083a00000, 0x0000000083a00000| Untracked 
|  39|0x0000000083b00000, 0x0000000083c00000, 0x0000000083c00000|100%| O|  |TAMS 0x0000000083b00000, 0x0000000083b00000| Untracked 
|  40|0x0000000083c00000, 0x0000000083d00000, 0x0000000083d00000|100%| O|  |TAMS 0x0000000083c00000, 0x0000000083c00000| Untracked 
|  41|0x0000000083d00000, 0x0000000083e00000, 0x0000000083e00000|100%| O|  |TAMS 0x0000000083d00000, 0x0000000083d00000| Untracked 
|  42|0x0000000083e00000, 0x0000000083f00000, 0x0000000083f00000|100%| O|  |TAMS 0x0000000083e00000, 0x0000000083e00000| Untracked 
|  43|0x0000000083f00000, 0x0000000084000000, 0x0000000084000000|100%| O|  |TAMS 0x0000000083f00000, 0x0000000083f00000| Untracked 
|  44|0x0000000084000000, 0x0000000084100000, 0x0000000084100000|100%| O|  |TAMS 0x0000000084000000, 0x0000000084000000| Untracked 
|  45|0x0000000084100000, 0x0000000084200000, 0x0000000084200000|100%| O|  |TAMS 0x0000000084100000, 0x0000000084100000| Untracked 
|  46|0x0000000084200000, 0x0000000084300000, 0x0000000084300000|100%| O|  |TAMS 0x0000000084200000, 0x0000000084200000| Untracked 
|  47|0x0000000084300000, 0x0000000084380000, 0x0000000084400000| 50%| O|  |TAMS 0x0000000084300000, 0x0000000084300000| Untracked 
|  48|0x0000000084400000, 0x0000000084400000, 0x0000000084500000|  0%| F|  |TAMS 0x0000000084400000, 0x0000000084400000| Untracked 
|  49|0x0000000084500000, 0x0000000084500000, 0x0000000084600000|  0%| F|  |TAMS 0x0000000084500000, 0x0000000084500000| Untracked 
|  50|0x0000000084600000, 0x0000000084600000, 0x0000000084700000|  0%| F|  |TAMS 0x0000000084600000, 0x0000000084600000| Untracked 
|  51|0x0000000084700000, 0x0000000084700000, 0x0000000084800000|  0%| F|  |TAMS 0x0000000084700000, 0x0000000084700000| Untracked 
|  52|0x0000000084800000, 0x0000000084800000, 0x0000000084900000|  0%| F|  |TAMS 0x0000000084800000, 0x0000000084800000| Untracked 
|  53|0x0000000084900000, 0x0000000084900000, 0x0000000084a00000|  0%| F|  |TAMS 0x0000000084900000, 0x0000000084900000| Untracked 
|  54|0x0000000084a00000, 0x0000000084a00000, 0x0000000084b00000|  0%| F|  |TAMS 0x0000000084a00000, 0x0000000084a00000| Untracked 
|  55|0x0000000084b00000, 0x0000000084b00000, 0x0000000084c00000|  0%| F|  |TAMS 0x0000000084b00000, 0x0000000084b00000| Untracked 
|  56|0x0000000084c00000, 0x0000000084c00000, 0x0000000084d00000|  0%| F|  |TAMS 0x0000000084c00000, 0x0000000084c00000| Untracked 
|  57|0x0000000084d00000, 0x0000000084d00000, 0x0000000084e00000|  0%| F|  |TAMS 0x0000000084d00000, 0x0000000084d00000| Untracked 
|  58|0x0000000084e00000, 0x0000000084e00000, 0x0000000084f00000|  0%| F|  |TAMS 0x0000000084e00000, 0x0000000084e00000| Untracked 
|  59|0x0000000084f00000, 0x0000000084f00000, 0x0000000085000000|  0%| F|  |TAMS 0x0000000084f00000, 0x0000000084f00000| Untracked 
|  60|0x0000000085000000, 0x0000000085000000, 0x0000000085100000|  0%| F|  |TAMS 0x0000000085000000, 0x0000000085000000| Untracked 
|  61|0x0000000085100000, 0x0000000085100000, 0x0000000085200000|  0%| F|  |TAMS 0x0000000085100000, 0x0000000085100000| Untracked 
|  62|0x0000000085200000, 0x0000000085200000, 0x0000000085300000|  0%| F|  |TAMS 0x0000000085200000, 0x0000000085200000| Untracked 
|  63|0x0000000085300000, 0x0000000085300000, 0x0000000085400000|  0%| F|  |TAMS 0x0000000085300000, 0x0000000085300000| Untracked 
|  64|0x0000000085400000, 0x0000000085400000, 0x0000000085500000|  0%| F|  |TAMS 0x0000000085400000, 0x0000000085400000| Untracked 
|  65|0x0000000085500000, 0x0000000085500000, 0x0000000085600000|  0%| F|  |TAMS 0x0000000085500000, 0x0000000085500000| Untracked 
|  66|0x0000000085600000, 0x0000000085600000, 0x0000000085700000|  0%| F|  |TAMS 0x0000000085600000, 0x0000000085600000| Untracked 
|  67|0x0000000085700000, 0x0000000085700000, 0x0000000085800000|  0%| F|  |TAMS 0x0000000085700000, 0x0000000085700000| Untracked 
|  68|0x0000000085800000, 0x0000000085800000, 0x0000000085900000|  0%| F|  |TAMS 0x0000000085800000, 0x0000000085800000| Untracked 
|  69|0x0000000085900000, 0x0000000085900000, 0x0000000085a00000|  0%| F|  |TAMS 0x0000000085900000, 0x0000000085900000| Untracked 
|  70|0x0000000085a00000, 0x0000000085a00000, 0x0000000085b00000|  0%| F|  |TAMS 0x0000000085a00000, 0x0000000085a00000| Untracked 
|  71|0x0000000085b00000, 0x0000000085b00000, 0x0000000085c00000|  0%| F|  |TAMS 0x0000000085b00000, 0x0000000085b00000| Untracked 
|  72|0x0000000085c00000, 0x0000000085c00000, 0x0000000085d00000|  0%| F|  |TAMS 0x0000000085c00000, 0x0000000085c00000| Untracked 
|  73|0x0000000085d00000, 0x0000000085d00000, 0x0000000085e00000|  0%| F|  |TAMS 0x0000000085d00000, 0x0000000085d00000| Untracked 
|  74|0x0000000085e00000, 0x0000000085e00000, 0x0000000085f00000|  0%| F|  |TAMS 0x0000000085e00000, 0x0000000085e00000| Untracked 
|  75|0x0000000085f00000, 0x0000000085f00000, 0x0000000086000000|  0%| F|  |TAMS 0x0000000085f00000, 0x0000000085f00000| Untracked 
|  76|0x0000000086000000, 0x0000000086000000, 0x0000000086100000|  0%| F|  |TAMS 0x0000000086000000, 0x0000000086000000| Untracked 
|  77|0x0000000086100000, 0x0000000086200000, 0x0000000086200000|100%| S|CS|TAMS 0x0000000086100000, 0x0000000086100000| Complete 
|  78|0x0000000086200000, 0x0000000086300000, 0x0000000086300000|100%| S|CS|TAMS 0x0000000086200000, 0x0000000086200000| Complete 
|  79|0x0000000086300000, 0x0000000086400000, 0x0000000086400000|100%| S|CS|TAMS 0x0000000086300000, 0x0000000086300000| Complete 
|  80|0x0000000086400000, 0x0000000086500000, 0x0000000086500000|100%| S|CS|TAMS 0x0000000086400000, 0x0000000086400000| Complete 
|  81|0x0000000086500000, 0x0000000086600000, 0x0000000086600000|100%| S|CS|TAMS 0x0000000086500000, 0x0000000086500000| Complete 
|  82|0x0000000086600000, 0x0000000086700000, 0x0000000086700000|100%| S|CS|TAMS 0x0000000086600000, 0x0000000086600000| Complete 
|  83|0x0000000086700000, 0x0000000086800000, 0x0000000086800000|100%| S|CS|TAMS 0x0000000086700000, 0x0000000086700000| Complete 
|  84|0x0000000086800000, 0x0000000086900000, 0x0000000086900000|100%| S|CS|TAMS 0x0000000086800000, 0x0000000086800000| Complete 
|  85|0x0000000086900000, 0x0000000086a00000, 0x0000000086a00000|100%| S|CS|TAMS 0x0000000086900000, 0x0000000086900000| Complete 
|  86|0x0000000086a00000, 0x0000000086a00000, 0x0000000086b00000|  0%| F|  |TAMS 0x0000000086a00000, 0x0000000086a00000| Untracked 
|  87|0x0000000086b00000, 0x0000000086b00000, 0x0000000086c00000|  0%| F|  |TAMS 0x0000000086b00000, 0x0000000086b00000| Untracked 
|  88|0x0000000086c00000, 0x0000000086c00000, 0x0000000086d00000|  0%| F|  |TAMS 0x0000000086c00000, 0x0000000086c00000| Untracked 
|  89|0x0000000086d00000, 0x0000000086d00000, 0x0000000086e00000|  0%| F|  |TAMS 0x0000000086d00000, 0x0000000086d00000| Untracked 
|  90|0x0000000086e00000, 0x0000000086e00000, 0x0000000086f00000|  0%| F|  |TAMS 0x0000000086e00000, 0x0000000086e00000| Untracked 
|  91|0x0000000086f00000, 0x0000000086f00000, 0x0000000087000000|  0%| F|  |TAMS 0x0000000086f00000, 0x0000000086f00000| Untracked 
|  92|0x0000000087000000, 0x0000000087000000, 0x0000000087100000|  0%| F|  |TAMS 0x0000000087000000, 0x0000000087000000| Untracked 
|  93|0x0000000087100000, 0x0000000087100000, 0x0000000087200000|  0%| F|  |TAMS 0x0000000087100000, 0x0000000087100000| Untracked 
|  94|0x0000000087200000, 0x0000000087200000, 0x0000000087300000|  0%| F|  |TAMS 0x0000000087200000, 0x0000000087200000| Untracked 
|  95|0x0000000087300000, 0x0000000087300000, 0x0000000087400000|  0%| F|  |TAMS 0x0000000087300000, 0x0000000087300000| Untracked 
|  96|0x0000000087400000, 0x0000000087400000, 0x0000000087500000|  0%| F|  |TAMS 0x0000000087400000, 0x0000000087400000| Untracked 
|  97|0x0000000087500000, 0x0000000087500000, 0x0000000087600000|  0%| F|  |TAMS 0x0000000087500000, 0x0000000087500000| Untracked 
|  98|0x0000000087600000, 0x0000000087600000, 0x0000000087700000|  0%| F|  |TAMS 0x0000000087600000, 0x0000000087600000| Untracked 
|  99|0x0000000087700000, 0x0000000087700000, 0x0000000087800000|  0%| F|  |TAMS 0x0000000087700000, 0x0000000087700000| Untracked 
| 100|0x0000000087800000, 0x0000000087800000, 0x0000000087900000|  0%| F|  |TAMS 0x0000000087800000, 0x0000000087800000| Untracked 
| 101|0x0000000087900000, 0x0000000087900000, 0x0000000087a00000|  0%| F|  |TAMS 0x0000000087900000, 0x0000000087900000| Untracked 
| 102|0x0000000087a00000, 0x0000000087a00000, 0x0000000087b00000|  0%| F|  |TAMS 0x0000000087a00000, 0x0000000087a00000| Untracked 
| 103|0x0000000087b00000, 0x0000000087b00000, 0x0000000087c00000|  0%| F|  |TAMS 0x0000000087b00000, 0x0000000087b00000| Untracked 
| 104|0x0000000087c00000, 0x0000000087c00000, 0x0000000087d00000|  0%| F|  |TAMS 0x0000000087c00000, 0x0000000087c00000| Untracked 
| 105|0x0000000087d00000, 0x0000000087d00000, 0x0000000087e00000|  0%| F|  |TAMS 0x0000000087d00000, 0x0000000087d00000| Untracked 
| 106|0x0000000087e00000, 0x0000000087e00000, 0x0000000087f00000|  0%| F|  |TAMS 0x0000000087e00000, 0x0000000087e00000| Untracked 
| 107|0x0000000087f00000, 0x0000000087f00000, 0x0000000088000000|  0%| F|  |TAMS 0x0000000087f00000, 0x0000000087f00000| Untracked 
| 108|0x0000000088000000, 0x0000000088000000, 0x0000000088100000|  0%| F|  |TAMS 0x0000000088000000, 0x0000000088000000| Untracked 
| 109|0x0000000088100000, 0x0000000088100000, 0x0000000088200000|  0%| F|  |TAMS 0x0000000088100000, 0x0000000088100000| Untracked 
| 110|0x0000000088200000, 0x0000000088200000, 0x0000000088300000|  0%| F|  |TAMS 0x0000000088200000, 0x0000000088200000| Untracked 
| 111|0x0000000088300000, 0x0000000088300000, 0x0000000088400000|  0%| F|  |TAMS 0x0000000088300000, 0x0000000088300000| Untracked 
| 112|0x0000000088400000, 0x0000000088400000, 0x0000000088500000|  0%| F|  |TAMS 0x0000000088400000, 0x0000000088400000| Untracked 
| 113|0x0000000088500000, 0x0000000088500000, 0x0000000088600000|  0%| F|  |TAMS 0x0000000088500000, 0x0000000088500000| Untracked 
| 114|0x0000000088600000, 0x0000000088600000, 0x0000000088700000|  0%| F|  |TAMS 0x0000000088600000, 0x0000000088600000| Untracked 
| 115|0x0000000088700000, 0x0000000088700000, 0x0000000088800000|  0%| F|  |TAMS 0x0000000088700000, 0x0000000088700000| Untracked 
| 116|0x0000000088800000, 0x0000000088800000, 0x0000000088900000|  0%| F|  |TAMS 0x0000000088800000, 0x0000000088800000| Untracked 
| 117|0x0000000088900000, 0x0000000088900000, 0x0000000088a00000|  0%| F|  |TAMS 0x0000000088900000, 0x0000000088900000| Untracked 
| 118|0x0000000088a00000, 0x0000000088a00000, 0x0000000088b00000|  0%| F|  |TAMS 0x0000000088a00000, 0x0000000088a00000| Untracked 
| 119|0x0000000088b00000, 0x0000000088b00000, 0x0000000088c00000|  0%| F|  |TAMS 0x0000000088b00000, 0x0000000088b00000| Untracked 
| 120|0x0000000088c00000, 0x0000000088c00000, 0x0000000088d00000|  0%| F|  |TAMS 0x0000000088c00000, 0x0000000088c00000| Untracked 
| 121|0x0000000088d00000, 0x0000000088d00000, 0x0000000088e00000|  0%| F|  |TAMS 0x0000000088d00000, 0x0000000088d00000| Untracked 
| 122|0x0000000088e00000, 0x0000000088e00000, 0x0000000088f00000|  0%| F|  |TAMS 0x0000000088e00000, 0x0000000088e00000| Untracked 
| 123|0x0000000088f00000, 0x0000000088f00000, 0x0000000089000000|  0%| F|  |TAMS 0x0000000088f00000, 0x0000000088f00000| Untracked 
| 124|0x0000000089000000, 0x0000000089000000, 0x0000000089100000|  0%| F|  |TAMS 0x0000000089000000, 0x0000000089000000| Untracked 
| 125|0x0000000089100000, 0x0000000089100000, 0x0000000089200000|  0%| F|  |TAMS 0x0000000089100000, 0x0000000089100000| Untracked 
| 126|0x0000000089200000, 0x0000000089200000, 0x0000000089300000|  0%| F|  |TAMS 0x0000000089200000, 0x0000000089200000| Untracked 
| 127|0x0000000089300000, 0x0000000089300000, 0x0000000089400000|  0%| F|  |TAMS 0x0000000089300000, 0x0000000089300000| Untracked 
| 128|0x0000000089400000, 0x0000000089400000, 0x0000000089500000|  0%| F|  |TAMS 0x0000000089400000, 0x0000000089400000| Untracked 
| 129|0x0000000089500000, 0x0000000089500000, 0x0000000089600000|  0%| F|  |TAMS 0x0000000089500000, 0x0000000089500000| Untracked 
| 130|0x0000000089600000, 0x0000000089600000, 0x0000000089700000|  0%| F|  |TAMS 0x0000000089600000, 0x0000000089600000| Untracked 
| 131|0x0000000089700000, 0x0000000089700000, 0x0000000089800000|  0%| F|  |TAMS 0x0000000089700000, 0x0000000089700000| Untracked 
| 132|0x0000000089800000, 0x0000000089800000, 0x0000000089900000|  0%| F|  |TAMS 0x0000000089800000, 0x0000000089800000| Untracked 
| 133|0x0000000089900000, 0x0000000089900000, 0x0000000089a00000|  0%| F|  |TAMS 0x0000000089900000, 0x0000000089900000| Untracked 
| 134|0x0000000089a00000, 0x0000000089a00000, 0x0000000089b00000|  0%| F|  |TAMS 0x0000000089a00000, 0x0000000089a00000| Untracked 
| 135|0x0000000089b00000, 0x0000000089b00000, 0x0000000089c00000|  0%| F|  |TAMS 0x0000000089b00000, 0x0000000089b00000| Untracked 
| 136|0x0000000089c00000, 0x0000000089c00000, 0x0000000089d00000|  0%| F|  |TAMS 0x0000000089c00000, 0x0000000089c00000| Untracked 
| 137|0x0000000089d00000, 0x0000000089d00000, 0x0000000089e00000|  0%| F|  |TAMS 0x0000000089d00000, 0x0000000089d00000| Untracked 
| 138|0x0000000089e00000, 0x0000000089e00000, 0x0000000089f00000|  0%| F|  |TAMS 0x0000000089e00000, 0x0000000089e00000| Untracked 
| 139|0x0000000089f00000, 0x0000000089f00000, 0x000000008a000000|  0%| F|  |TAMS 0x0000000089f00000, 0x0000000089f00000| Untracked 
| 140|0x000000008a000000, 0x000000008a000000, 0x000000008a100000|  0%| F|  |TAMS 0x000000008a000000, 0x000000008a000000| Untracked 
| 141|0x000000008a100000, 0x000000008a100000, 0x000000008a200000|  0%| F|  |TAMS 0x000000008a100000, 0x000000008a100000| Untracked 
| 142|0x000000008a200000, 0x000000008a200000, 0x000000008a300000|  0%| F|  |TAMS 0x000000008a200000, 0x000000008a200000| Untracked 
| 143|0x000000008a300000, 0x000000008a300000, 0x000000008a400000|  0%| F|  |TAMS 0x000000008a300000, 0x000000008a300000| Untracked 
| 144|0x000000008a400000, 0x000000008a400000, 0x000000008a500000|  0%| F|  |TAMS 0x000000008a400000, 0x000000008a400000| Untracked 
| 145|0x000000008a500000, 0x000000008a500000, 0x000000008a600000|  0%| F|  |TAMS 0x000000008a500000, 0x000000008a500000| Untracked 
| 146|0x000000008a600000, 0x000000008a600000, 0x000000008a700000|  0%| F|  |TAMS 0x000000008a600000, 0x000000008a600000| Untracked 
| 147|0x000000008a700000, 0x000000008a700000, 0x000000008a800000|  0%| F|  |TAMS 0x000000008a700000, 0x000000008a700000| Untracked 
| 148|0x000000008a800000, 0x000000008a800000, 0x000000008a900000|  0%| F|  |TAMS 0x000000008a800000, 0x000000008a800000| Untracked 
| 149|0x000000008a900000, 0x000000008a900000, 0x000000008aa00000|  0%| F|  |TAMS 0x000000008a900000, 0x000000008a900000| Untracked 
| 150|0x000000008aa00000, 0x000000008aa00000, 0x000000008ab00000|  0%| F|  |TAMS 0x000000008aa00000, 0x000000008aa00000| Untracked 
| 151|0x000000008ab00000, 0x000000008ab00000, 0x000000008ac00000|  0%| F|  |TAMS 0x000000008ab00000, 0x000000008ab00000| Untracked 
| 152|0x000000008ac00000, 0x000000008ac00000, 0x000000008ad00000|  0%| F|  |TAMS 0x000000008ac00000, 0x000000008ac00000| Untracked 
| 153|0x000000008ad00000, 0x000000008ad00000, 0x000000008ae00000|  0%| F|  |TAMS 0x000000008ad00000, 0x000000008ad00000| Untracked 

Card table byte_map: [0x0000015862960000,0x0000015862d60000] _byte_map_base: 0x0000015862556000

Marking Bits (Prev, Next): (CMBitMap*) 0x000001584fa9ba30, (CMBitMap*) 0x000001584fa9b9f8
 Prev Bits: [0x0000015865110000, 0x00000158670c0000)
 Next Bits: [0x0000015863160000, 0x0000015865110000)

Polling page: 0x000001584dc00000

Metaspace:

Usage:
  Non-class:     57.36 MB capacity,    56.89 MB (>99%) used,   368.89 KB ( <1%) free+waste,   113.38 KB ( <1%) overhead. 
      Class:      7.39 MB capacity,     7.07 MB ( 96%) used,   273.48 KB (  4%) free+waste,    48.94 KB ( <1%) overhead. 
       Both:     64.75 MB capacity,    63.96 MB ( 99%) used,   642.37 KB ( <1%) free+waste,   162.31 KB ( <1%) overhead. 

Virtual space:
  Non-class space:       58.00 MB reserved,      57.58 MB (>99%) committed 
      Class space:        1.00 GB reserved,       7.50 MB ( <1%) committed 
             Both:        1.06 GB reserved,      65.08 MB (  6%) committed 

Chunk freelists:
   Non-Class:  33.00 KB
       Class:  20.00 KB
        Both:  53.00 KB

MaxMetaspaceSize: 17179869184.00 GB
CompressedClassSpaceSize: 1.00 GB
Initial GC threshold: 20.80 MB
Current GC threshold: 77.01 MB
CDS: off

CodeHeap 'non-profiled nmethods': size=120064Kb used=4445Kb max_used=4445Kb free=115618Kb
 bounds [0x000001585b020000, 0x000001585b480000, 0x0000015862560000]
CodeHeap 'profiled nmethods': size=120000Kb used=29082Kb max_used=29082Kb free=90918Kb
 bounds [0x0000015853af0000, 0x0000015855760000, 0x000001585b020000]
CodeHeap 'non-nmethods': size=5696Kb used=1306Kb max_used=1367Kb free=4389Kb
 bounds [0x0000015853560000, 0x00000158537d0000, 0x0000015853af0000]
 total_blobs=10667 nmethods=10083 adapters=494
 compilation: enabled
              stopped_count=0, restarted_count=0
 full_count=0

Compilation events (20 events):
Event: 14.940 Thread 0x0000015869f6f800 nmethod 10173 0x000001585b476c10 code [0x000001585b476dc0, 0x000001585b476fd8]
Event: 14.940 Thread 0x0000015869f6f800 10129       4       org.jetbrains.kotlin.resolve.calls.tower.AbstractScopeTowerLevel::getLocation (10 bytes)
Event: 14.940 Thread 0x00000158695d3000 10185       3       org.jetbrains.kotlin.types.checker.ClassicTypeSystemContext$DefaultImpls::getVariance (100 bytes)
Event: 14.941 Thread 0x0000015869f6f800 nmethod 10129 0x000001585b477190 code [0x000001585b477320, 0x000001585b4773b8]
Event: 14.942 Thread 0x00000158695d3000 nmethod 10185 0x0000015855747f10 code [0x0000015855748360, 0x0000015855749e28]
Event: 14.942 Thread 0x00000158695d3000 10186       3       org.jetbrains.kotlin.resolve.scopes.LexicalWritableScope$Snapshot::definitelyDoesNotContainName (15 bytes)
Event: 14.943 Thread 0x00000158695d3000 nmethod 10186 0x000001585574a790 code [0x000001585574a9c0, 0x000001585574b008]
Event: 14.944 Thread 0x00000158695d3000 10187       3       org.jetbrains.kotlin.resolve.constants.evaluate.ConstantExpressionEvaluatorVisitor::visitSimpleNameExpression (10 bytes)
Event: 14.945 Thread 0x00000158695d3000 nmethod 10187 0x000001585574b290 code [0x000001585574b460, 0x000001585574b688]
Event: 14.945 Thread 0x00000158695d3000 10188       3       org.jetbrains.kotlin.resolve.constants.evaluate.ConstantExpressionEvaluatorVisitor::visitSimpleNameExpression (341 bytes)
Event: 14.945 Thread 0x0000015869f6f800 10189       4       org.jetbrains.kotlin.types.checker.ClassicTypeSystemContext$DefaultImpls::typeDepth (286 bytes)
Event: 14.948 Thread 0x00000158695d3000 nmethod 10188 0x000001585574b790 code [0x000001585574be00, 0x000001585574f8c8]
Event: 14.949 Thread 0x00000158695d3000 10193       3       org.jetbrains.kotlin.resolve.calls.tower.KotlinToResolvedCallTransformer::checkReceiver (109 bytes)
Event: 14.949 Thread 0x00000158695d3000 nmethod 10193 0x0000015855750890 code [0x0000015855750ac0, 0x0000015855751378]
Event: 14.949 Thread 0x00000158695d3000 10194       3       org.jetbrains.kotlin.resolve.calls.components.AdditionalDiagnosticReporter::reportSmartCastOnReceiver (454 bytes)
Event: 14.952 Thread 0x00000158695d3000 nmethod 10194 0x0000015855751610 code [0x0000015855751b20, 0x0000015855754c88]
Event: 14.952 Thread 0x00000158695d3000 10195       3       org.jetbrains.kotlin.resolve.calls.inference.model.NewConstraintSystemImpl::getVariance (18 bytes)
Event: 14.953 Thread 0x00000158695d3000 nmethod 10195 0x0000015855755890 code [0x0000015855755ac0, 0x0000015855756108]
Event: 14.953 Thread 0x00000158695d3000 10196       3       org.jetbrains.kotlin.resolve.constants.evaluate.ConstantExpressionEvaluator::evaluateExpression$default (35 bytes)
Event: 14.953 Thread 0x00000158695d3000 nmethod 10196 0x0000015855756390 code [0x0000015855756540, 0x00000158557566e8]

GC Heap History (17 events):
Event: 0.584 GC heap before
{Heap before GC invocations=0 (full 0):
 garbage-first heap   total 131072K, used 17408K [0x0000000081400000, 0x0000000100000000)
  region size 1024K, 14 young (14336K), 0 survivors (0K)
 Metaspace       used 9790K, capacity 9874K, committed 10112K, reserved 1058816K
  class space    used 838K, capacity 885K, committed 896K, reserved 1048576K
}
Event: 0.588 GC heap after
{Heap after GC invocations=1 (full 0):
 garbage-first heap   total 131072K, used 5217K [0x0000000081400000, 0x0000000100000000)
  region size 1024K, 2 young (2048K), 2 survivors (2048K)
 Metaspace       used 9790K, capacity 9874K, committed 10112K, reserved 1058816K
  class space    used 838K, capacity 885K, committed 896K, reserved 1048576K
}
Event: 1.976 GC heap before
{Heap before GC invocations=1 (full 0):
 garbage-first heap   total 131072K, used 51297K [0x0000000081400000, 0x0000000100000000)
  region size 1024K, 48 young (49152K), 2 survivors (2048K)
 Metaspace       used 20871K, capacity 21087K, committed 21296K, reserved 1069056K
  class space    used 2214K, capacity 2312K, committed 2432K, reserved 1048576K
}
Event: 1.992 GC heap after
{Heap after GC invocations=2 (full 0):
 garbage-first heap   total 131072K, used 9130K [0x0000000081400000, 0x0000000100000000)
  region size 1024K, 6 young (6144K), 6 survivors (6144K)
 Metaspace       used 20871K, capacity 21087K, committed 21296K, reserved 1069056K
  class space    used 2214K, capacity 2312K, committed 2432K, reserved 1048576K
}
Event: 3.876 GC heap before
{Heap before GC invocations=3 (full 0):
 garbage-first heap   total 131072K, used 62378K [0x0000000081400000, 0x0000000100000000)
  region size 1024K, 53 young (54272K), 6 survivors (6144K)
 Metaspace       used 32203K, capacity 32638K, committed 32816K, reserved 1077248K
  class space    used 4017K, capacity 4215K, committed 4224K, reserved 1048576K
}
Event: 3.899 GC heap after
{Heap after GC invocations=4 (full 0):
 garbage-first heap   total 131072K, used 20743K [0x0000000081400000, 0x0000000100000000)
  region size 1024K, 7 young (7168K), 7 survivors (7168K)
 Metaspace       used 32203K, capacity 32638K, committed 32816K, reserved 1077248K
  class space    used 4017K, capacity 4215K, committed 4224K, reserved 1048576K
}
Event: 4.308 GC heap before
{Heap before GC invocations=4 (full 0):
 garbage-first heap   total 131072K, used 36103K [0x0000000081400000, 0x0000000100000000)
  region size 1024K, 23 young (23552K), 7 survivors (7168K)
 Metaspace       used 35316K, capacity 35721K, committed 35920K, reserved 1081344K
  class space    used 4358K, capacity 4539K, committed 4608K, reserved 1048576K
}
Event: 4.341 GC heap after
{Heap after GC invocations=5 (full 0):
 garbage-first heap   total 131072K, used 20126K [0x0000000081400000, 0x0000000100000000)
  region size 1024K, 2 young (2048K), 2 survivors (2048K)
 Metaspace       used 35316K, capacity 35721K, committed 35920K, reserved 1081344K
  class space    used 4358K, capacity 4539K, committed 4608K, reserved 1048576K
}
Event: 5.795 GC heap before
{Heap before GC invocations=6 (full 0):
 garbage-first heap   total 131072K, used 76446K [0x0000000081400000, 0x0000000100000000)
  region size 1024K, 55 young (56320K), 2 survivors (2048K)
 Metaspace       used 46566K, capacity 47142K, committed 47312K, reserved 1091584K
  class space    used 5503K, capacity 5716K, committed 5760K, reserved 1048576K
}
Event: 5.816 GC heap after
{Heap after GC invocations=7 (full 0):
 garbage-first heap   total 157696K, used 27508K [0x0000000081400000, 0x0000000100000000)
  region size 1024K, 7 young (7168K), 7 survivors (7168K)
 Metaspace       used 46566K, capacity 47142K, committed 47312K, reserved 1091584K
  class space    used 5503K, capacity 5716K, committed 5760K, reserved 1048576K
}
Event: 7.520 GC heap before
{Heap before GC invocations=8 (full 0):
 garbage-first heap   total 157696K, used 92020K [0x0000000081400000, 0x0000000100000000)
  region size 1024K, 69 young (70656K), 7 survivors (7168K)
 Metaspace       used 54315K, capacity 55044K, committed 55120K, reserved 1097728K
  class space    used 6363K, capacity 6645K, committed 6656K, reserved 1048576K
}
Event: 7.549 GC heap after
{Heap after GC invocations=9 (full 0):
 garbage-first heap   total 157696K, used 34524K [0x0000000081400000, 0x0000000100000000)
  region size 1024K, 7 young (7168K), 7 survivors (7168K)
 Metaspace       used 54315K, capacity 55044K, committed 55120K, reserved 1097728K
  class space    used 6363K, capacity 6645K, committed 6656K, reserved 1048576K
}
Event: 9.225 GC heap before
{Heap before GC invocations=9 (full 0):
 garbage-first heap   total 157696K, used 101084K [0x0000000081400000, 0x0000000100000000)
  region size 1024K, 72 young (73728K), 7 survivors (7168K)
 Metaspace       used 56411K, capacity 57096K, committed 57296K, reserved 1099776K
  class space    used 6459K, capacity 6752K, committed 6784K, reserved 1048576K
}
Event: 9.267 GC heap after
{Heap after GC invocations=10 (full 0):
 garbage-first heap   total 157696K, used 44030K [0x0000000081400000, 0x0000000100000000)
  region size 1024K, 9 young (9216K), 9 survivors (9216K)
 Metaspace       used 56411K, capacity 57096K, committed 57296K, reserved 1099776K
  class space    used 6459K, capacity 6752K, committed 6784K, reserved 1048576K
}
Event: 11.713 GC heap before
{Heap before GC invocations=10 (full 0):
 garbage-first heap   total 157696K, used 108542K [0x0000000081400000, 0x0000000100000000)
  region size 1024K, 72 young (73728K), 9 survivors (9216K)
 Metaspace       used 60509K, capacity 61242K, committed 61520K, reserved 1103872K
  class space    used 6800K, capacity 7103K, committed 7168K, reserved 1048576K
}
Event: 11.755 GC heap after
{Heap after GC invocations=11 (full 0):
 garbage-first heap   total 157696K, used 49577K [0x0000000081400000, 0x0000000100000000)
  region size 1024K, 5 young (5120K), 5 survivors (5120K)
 Metaspace       used 60509K, capacity 61242K, committed 61520K, reserved 1103872K
  class space    used 6800K, capacity 7103K, committed 7168K, reserved 1048576K
}
Event: 14.957 GC heap before
{Heap before GC invocations=11 (full 0):
 garbage-first heap   total 157696K, used 114089K [0x0000000081400000, 0x0000000100000000)
  region size 1024K, 68 young (69632K), 5 survivors (5120K)
 Metaspace       used 65494K, capacity 66299K, committed 66640K, reserved 1107968K
  class space    used 7241K, capacity 7564K, committed 7680K, reserved 1048576K
}

Deoptimization events (20 events):
Event: 14.532 Thread 0x000001584fa5a800 Uncommon trap: trap_request=0xffffffc6 fr.pc=0x000001585b417fa4 relative=0x0000000000000ba4
Event: 14.532 Thread 0x000001584fa5a800 Uncommon trap: reason=bimorphic_or_optimized_type_check action=maybe_recompile pc=0x000001585b417fa4 method=org.jetbrains.kotlin.resolve.calls.inference.components.NewTypeSubstitutor$DefaultImpls.substitute(Lorg/jetbrains/kotlin/resolve/calls/inference/co
Event: 14.532 Thread 0x000001584fa5a800 DEOPT PACKING pc=0x000001585b417fa4 sp=0x00000036a0cf4e40
Event: 14.532 Thread 0x000001584fa5a800 DEOPT UNPACKING pc=0x00000158535aa1af sp=0x00000036a0cf4d28 mode 2
Event: 14.532 Thread 0x000001584fa5a800 Uncommon trap: trap_request=0xffffffc6 fr.pc=0x000001585b417fa4 relative=0x0000000000000ba4
Event: 14.532 Thread 0x000001584fa5a800 Uncommon trap: reason=bimorphic_or_optimized_type_check action=maybe_recompile pc=0x000001585b417fa4 method=org.jetbrains.kotlin.resolve.calls.inference.components.NewTypeSubstitutor$DefaultImpls.substitute(Lorg/jetbrains/kotlin/resolve/calls/inference/co
Event: 14.532 Thread 0x000001584fa5a800 DEOPT PACKING pc=0x000001585b417fa4 sp=0x00000036a0cf4e40
Event: 14.532 Thread 0x000001584fa5a800 DEOPT UNPACKING pc=0x00000158535aa1af sp=0x00000036a0cf4d28 mode 2
Event: 14.601 Thread 0x000001584fa5a800 Uncommon trap: trap_request=0xffffff4d fr.pc=0x000001585b07b2cc relative=0x000000000000020c
Event: 14.601 Thread 0x000001584fa5a800 Uncommon trap: reason=unstable_if action=reinterpret pc=0x000001585b07b2cc method=java.util.HashMap.hash(Ljava/lang/Object;)I @ 1 c2
Event: 14.601 Thread 0x000001584fa5a800 DEOPT PACKING pc=0x000001585b07b2cc sp=0x00000036a0cf9c70
Event: 14.601 Thread 0x000001584fa5a800 DEOPT UNPACKING pc=0x00000158535aa1af sp=0x00000036a0cf9ba8 mode 2
Event: 14.605 Thread 0x000001584fa5a800 Uncommon trap: trap_request=0xffffffc6 fr.pc=0x000001585b24a830 relative=0x00000000000011b0
Event: 14.605 Thread 0x000001584fa5a800 Uncommon trap: reason=bimorphic_or_optimized_type_check action=maybe_recompile pc=0x000001585b24a830 method=kotlin.collections.CollectionsKt___CollectionsKt.toList(Ljava/lang/Iterable;)Ljava/util/List; @ 75 c2
Event: 14.605 Thread 0x000001584fa5a800 DEOPT PACKING pc=0x000001585b24a830 sp=0x00000036a0cf8f30
Event: 14.605 Thread 0x000001584fa5a800 DEOPT UNPACKING pc=0x00000158535aa1af sp=0x00000036a0cf8f08 mode 2
Event: 14.605 Thread 0x000001584fa5a800 Uncommon trap: trap_request=0xffffffc6 fr.pc=0x000001585b24a830 relative=0x00000000000011b0
Event: 14.605 Thread 0x000001584fa5a800 Uncommon trap: reason=bimorphic_or_optimized_type_check action=maybe_recompile pc=0x000001585b24a830 method=kotlin.collections.CollectionsKt___CollectionsKt.toList(Ljava/lang/Iterable;)Ljava/util/List; @ 75 c2
Event: 14.605 Thread 0x000001584fa5a800 DEOPT PACKING pc=0x000001585b24a830 sp=0x00000036a0cf8e90
Event: 14.605 Thread 0x000001584fa5a800 DEOPT UNPACKING pc=0x00000158535aa1af sp=0x00000036a0cf8e68 mode 2

Classes redefined (0 events):
No events

Internal exceptions (20 events):
Event: 9.422 Thread 0x000001584fa5a800 Exception <a 'java/lang/NoSuchMethodError'{0x00000000899ebb18}: 'java.lang.Object java.lang.invoke.Invokers$Holder.linkToTargetMethod(java.lang.Object, java.lang.Object, java.lang.Object, java.lang.Object, java.lang.Object, java.lang.Object)'> (0x00000000899ebb18) thrown at [./src/hotspot/share/interpreter/linkResolver.cpp, line 773]
Event: 9.771 Thread 0x000001584fa5a800 Implicit null exception at 0x000001585b154ecc to 0x000001585b154fa8
Event: 9.773 Thread 0x000001584fa5a800 Implicit null exception at 0x000001585b111dfc to 0x000001585b11289c
Event: 9.780 Thread 0x000001584fa5a800 Implicit null exception at 0x000001585b07ddde to 0x000001585b07e54a
Event: 9.780 Thread 0x000001584fa5a800 Implicit null exception at 0x000001585b05f5af to 0x000001585b05f61d
Event: 9.807 Thread 0x000001584fa5a800 Exception <a 'java/lang/NoSuchMethodError'{0x00000000889752e8}: 'java.lang.Object java.lang.invoke.DirectMethodHandle$Holder.invokeInterface(java.lang.Object, java.lang.Object, java.lang.Object)'> (0x00000000889752e8) thrown at [./src/hotspot/share/interpreter/linkResolver.cpp, line 773]
Event: 9.807 Thread 0x000001584fa5a800 Exception <a 'java/lang/IncompatibleClassChangeError'{0x0000000088978518}: Found class java.lang.Object, but interface was expected> (0x0000000088978518) thrown at [./src/hotspot/share/interpreter/linkResolver.cpp, line 839]
Event: 9.826 Thread 0x000001584fa5a800 Implicit null exception at 0x000001585b03acf7 to 0x000001585b03b1f4
Event: 9.943 Thread 0x000001584fa5a800 Implicit null exception at 0x000001585b03ddf4 to 0x000001585b03e308
Event: 10.601 Thread 0x000001584fa5a800 Implicit null exception at 0x000001585b29465c to 0x000001585b294890
Event: 11.594 Thread 0x000001584fa5a800 Exception <a 'java/lang/NoSuchMethodError'{0x000000008712b6e0}: 'int java.lang.invoke.DirectMethodHandle$Holder.invokeStaticInit(java.lang.Object, int)'> (0x000000008712b6e0) thrown at [./src/hotspot/share/interpreter/linkResolver.cpp, line 773]
Event: 12.046 Thread 0x000001584fa5a800 Implicit null exception at 0x000001585b38ac8a to 0x000001585b38afb4
Event: 12.231 Thread 0x000001584fa5a800 Exception <a 'java/lang/NoSuchMethodError'{0x000000008a6b9510}: 'java.lang.Object java.lang.invoke.DirectMethodHandle$Holder.invokeStatic(java.lang.Object, int, java.lang.Object, java.lang.Object)'> (0x000000008a6b9510) thrown at [./src/hotspot/share/interpreter/linkResolver.cpp, line 773]
Event: 12.705 Thread 0x000001584fa5a800 Exception <a 'java/lang/NoSuchMethodError'{0x0000000089dace20}: 'int java.lang.invoke.DirectMethodHandle$Holder.invokeVirtual(java.lang.Object, java.lang.Object, java.lang.Object)'> (0x0000000089dace20) thrown at [./src/hotspot/share/interpreter/linkResolver.cpp, line 773]
Event: 12.835 Thread 0x000001584fa5a800 Exception <a 'java/lang/NoSuchMethodError'{0x0000000089a6b470}: 'void java.lang.invoke.DirectMethodHandle$Holder.invokeInterface(java.lang.Object, java.lang.Object)'> (0x0000000089a6b470) thrown at [./src/hotspot/share/interpreter/linkResolver.cpp, line 773]
Event: 12.918 Thread 0x000001584fa5a800 Exception <a 'java/lang/IncompatibleClassChangeError'{0x00000000898190f0}: Found class java.lang.Object, but interface was expected> (0x00000000898190f0) thrown at [./src/hotspot/share/interpreter/linkResolver.cpp, line 839]
Event: 14.193 Thread 0x000001584fa5a800 Implicit null exception at 0x000001585b427688 to 0x000001585b427a5c
Event: 14.471 Thread 0x000001584fa5a800 Implicit null exception at 0x000001585b3881e5 to 0x000001585b38883c
Event: 14.510 Thread 0x000001584fa5a800 Exception <a 'java/lang/NoSuchMethodError'{0x00000000879e1eb8}: 'java.lang.Object java.lang.invoke.Invokers$Holder.linkToTargetMethod(java.lang.Object, java.lang.Object, java.lang.Object, java.lang.Object, java.lang.Object, java.lang.Object, java.lang.Object)'> (0x00000000879e1eb8) thrown at [./src/hotspot/share/interpreter/linkResolver.cpp, line 773]
Event: 14.601 Thread 0x000001584fa5a800 Implicit null exception at 0x000001585b07b0f5 to 0x000001585b07b2bc

Events (20 events):
Event: 14.639 loading class org/jetbrains/kotlin/resolve/ModifierCheckerHelpersKt done
Event: 14.640 loading class org/jetbrains/kotlin/resolve/Compatibility
Event: 14.640 loading class org/jetbrains/kotlin/resolve/Compatibility done
Event: 14.641 loading class org/jetbrains/kotlin/resolve/ModifierCheckerHelpersKt$always$1
Event: 14.641 loading class org/jetbrains/kotlin/resolve/ModifierCheckerHelpersKt$always$1 done
Event: 14.642 loading class org/jetbrains/kotlin/resolve/TargetAllowedPredicate
Event: 14.642 loading class org/jetbrains/kotlin/resolve/TargetAllowedPredicate done
Event: 14.642 loading class org/jetbrains/kotlin/resolve/ModifierCheckerHelpersKt$ifSupported$1
Event: 14.642 loading class org/jetbrains/kotlin/resolve/ModifierCheckerHelpersKt$ifSupported$1 done
Event: 14.642 loading class org/jetbrains/kotlin/resolve/ModifierCheckerHelpersKt$or$1
Event: 14.642 loading class org/jetbrains/kotlin/resolve/ModifierCheckerHelpersKt$or$1 done
Event: 14.644 loading class org/jetbrains/kotlin/resolve/checkers/ClassifierUsageCheckerKt
Event: 14.644 loading class org/jetbrains/kotlin/resolve/checkers/ClassifierUsageCheckerKt done
Event: 14.644 loading class org/jetbrains/kotlin/resolve/checkers/ClassifierUsageCheckerKt$checkClassifierUsages$visitor$1
Event: 14.644 loading class org/jetbrains/kotlin/resolve/checkers/ClassifierUsageCheckerKt$checkClassifierUsages$visitor$1 done
Event: 14.645 loading class org/jetbrains/kotlin/resolve/multiplatform/OptionalAnnotationUtil
Event: 14.645 loading class org/jetbrains/kotlin/resolve/multiplatform/OptionalAnnotationUtil done
Event: 14.750 Executing VM operation: ICBufferFull
Event: 14.751 Executing VM operation: ICBufferFull done
Event: 14.957 Executing VM operation: G1CollectForAllocation


Dynamic libraries:
0x00007ff6e27c0000 - 0x00007ff6e27ca000 	C:\Program Files\Android\Android Studio\jre\bin\java.exe
0x00007ffd7c6b0000 - 0x00007ffd7c8c4000 	C:\WINDOWS\SYSTEM32\ntdll.dll
0x00007ffd7bda0000 - 0x00007ffd7be62000 	C:\WINDOWS\System32\KERNEL32.DLL
0x00007ffd79ff0000 - 0x00007ffd7a38c000 	C:\WINDOWS\System32\KERNELBASE.dll
0x00007ffd7a390000 - 0x00007ffd7a4a1000 	C:\WINDOWS\System32\ucrtbase.dll
0x00007ffd5df90000 - 0x00007ffd5dfa9000 	C:\Program Files\Android\Android Studio\jre\bin\jli.dll
0x00007ffd5ded0000 - 0x00007ffd5dee7000 	C:\Program Files\Android\Android Studio\jre\bin\VCRUNTIME140.dll
0x00007ffd7ad90000 - 0x00007ffd7af3a000 	C:\WINDOWS\System32\USER32.dll
0x00007ffd5f420000 - 0x00007ffd5f6ae000 	C:\WINDOWS\WinSxS\amd64_microsoft.windows.common-controls_6595b64144ccf1df_6.0.22621.608_none_a9444ca7c10bb01d\COMCTL32.dll
0x00007ffd79d20000 - 0x00007ffd79d46000 	C:\WINDOWS\System32\win32u.dll
0x00007ffd7ab20000 - 0x00007ffd7abc7000 	C:\WINDOWS\System32\msvcrt.dll
0x00007ffd7c4d0000 - 0x00007ffd7c4f9000 	C:\WINDOWS\System32\GDI32.dll
0x00007ffd79ae0000 - 0x00007ffd79bf2000 	C:\WINDOWS\System32\gdi32full.dll
0x00007ffd79c80000 - 0x00007ffd79d1a000 	C:\WINDOWS\System32\msvcp_win.dll
0x00007ffd7a710000 - 0x00007ffd7a741000 	C:\WINDOWS\System32\IMM32.DLL
0x00007ffd44790000 - 0x00007ffd4482d000 	C:\Program Files\Android\Android Studio\jre\bin\msvcp140.dll
0x00007ffd16710000 - 0x00007ffd171f5000 	C:\Program Files\Android\Android Studio\jre\bin\server\jvm.dll
0x00007ffd7a8f0000 - 0x00007ffd7a99e000 	C:\WINDOWS\System32\ADVAPI32.dll
0x00007ffd7bed0000 - 0x00007ffd7bf74000 	C:\WINDOWS\System32\sechost.dll
0x00007ffd7c320000 - 0x00007ffd7c435000 	C:\WINDOWS\System32\RPCRT4.dll
0x00007ffd7c4c0000 - 0x00007ffd7c4c8000 	C:\WINDOWS\System32\PSAPI.DLL
0x00007ffd1ddb0000 - 0x00007ffd1ddb9000 	C:\WINDOWS\SYSTEM32\WSOCK32.dll
0x00007ffd71e60000 - 0x00007ffd71e94000 	C:\WINDOWS\SYSTEM32\WINMM.dll
0x00007ffd736a0000 - 0x00007ffd736aa000 	C:\WINDOWS\SYSTEM32\VERSION.dll
0x00007ffd7aaa0000 - 0x00007ffd7ab11000 	C:\WINDOWS\System32\WS2_32.dll
0x00007ffd78c50000 - 0x00007ffd78c68000 	C:\WINDOWS\SYSTEM32\kernel.appcore.dll
0x00007ffd166f0000 - 0x00007ffd16701000 	C:\Program Files\Android\Android Studio\jre\bin\verify.dll
0x00007ffd76d20000 - 0x00007ffd76f4e000 	C:\WINDOWS\SYSTEM32\DBGHELP.DLL
0x00007ffd7bf90000 - 0x00007ffd7c319000 	C:\WINDOWS\System32\combase.dll
0x00007ffd7af40000 - 0x00007ffd7b017000 	C:\WINDOWS\System32\OLEAUT32.dll
0x00007ffd5b250000 - 0x00007ffd5b282000 	C:\WINDOWS\SYSTEM32\dbgcore.DLL
0x00007ffd79c00000 - 0x00007ffd79c7b000 	C:\WINDOWS\System32\bcryptPrimitives.dll
0x00007ffd166c0000 - 0x00007ffd166e9000 	C:\Program Files\Android\Android Studio\jre\bin\java.dll
0x00007ffd1c0c0000 - 0x00007ffd1c0cb000 	C:\Program Files\Android\Android Studio\jre\bin\jimage.dll
0x00007ffd166a0000 - 0x00007ffd166b8000 	C:\Program Files\Android\Android Studio\jre\bin\zip.dll
0x00007ffd7b570000 - 0x00007ffd7bd4d000 	C:\WINDOWS\System32\SHELL32.dll
0x00007ffd77b50000 - 0x00007ffd78406000 	C:\WINDOWS\SYSTEM32\windows.storage.dll
0x00007ffd77a10000 - 0x00007ffd77b4d000 	C:\WINDOWS\SYSTEM32\wintypes.dll
0x00007ffd7a9a0000 - 0x00007ffd7aa91000 	C:\WINDOWS\System32\SHCORE.dll
0x00007ffd7c570000 - 0x00007ffd7c5ce000 	C:\WINDOWS\System32\shlwapi.dll
0x00007ffd79a10000 - 0x00007ffd79a31000 	C:\WINDOWS\SYSTEM32\profapi.dll
0x00007ffd1c2a0000 - 0x00007ffd1c2ba000 	C:\Program Files\Android\Android Studio\jre\bin\net.dll
0x00007ffd719f0000 - 0x00007ffd71b1f000 	C:\WINDOWS\SYSTEM32\WINHTTP.dll
0x00007ffd790b0000 - 0x00007ffd79119000 	C:\WINDOWS\system32\mswsock.dll
0x00007ffd1c280000 - 0x00007ffd1c294000 	C:\Program Files\Android\Android Studio\jre\bin\nio.dll

dbghelp: loaded successfully - version: 4.0.5 - missing functions: none
symbol engine: initialized successfully - sym options: 0x614 - pdb path: .;C:\Program Files\Android\Android Studio\jre\bin;C:\WINDOWS\SYSTEM32;C:\WINDOWS\WinSxS\amd64_microsoft.windows.common-controls_6595b64144ccf1df_6.0.22621.608_none_a9444ca7c10bb01d;C:\Program Files\Android\Android Studio\jre\bin\server

VM Arguments:
java_command: org.jetbrains.kotlin.cli.jvm.K2JVMCompiler @C:\Users\jeova\Desktop\Proyecto\ProyectoEquipo4 (1)\ProyectoEquipo4\app\build\20221010_10766840001837906688.compiler.options
java_class_path (initial): C:\Users\jeova\.gradle\caches\modules-2\files-2.1\org.jetbrains.kotlin\kotlin-compiler-embeddable\1.6.10\88f2073f4020cdb83132cfe940ceb9a60aba54ea\kotlin-compiler-embeddable-1.6.10.jar;C:\Users\jeova\.gradle\caches\modules-2\files-2.1\org.jetbrains.kotlin\kotlin-reflect\1.6.10\1cbe9c92c12a94eea200d23c2bbaedaf3daf5132\kotlin-reflect-1.6.10.jar;C:\Users\jeova\.gradle\caches\modules-2\files-2.1\org.jetbrains.kotlin\kotlin-stdlib\1.6.10\b8af3fe6f1ca88526914929add63cf5e7c5049af\kotlin-stdlib-1.6.10.jar;C:\Users\jeova\.gradle\caches\modules-2\files-2.1\org.jetbrains.kotlin\kotlin-script-runtime\1.6.10\d0a7ff2e2500ef497ed0214ae40ad3c8387a6164\kotlin-script-runtime-1.6.10.jar;C:\Users\jeova\.gradle\caches\modules-2\files-2.1\org.jetbrains.kotlin\kotlin-daemon-embeddable\1.6.10\a56d79bcbea411fa6058e4ecffc2de73e742bd2a\kotlin-daemon-embeddable-1.6.10.jar;C:\Users\jeova\.gradle\caches\modules-2\files-2.1\org.jetbrains.intellij.deps\trove4j\1.0.20181211\216c2e14b070f334479d800987affe4054cd563f\trove4j-1.0.20181211.jar;C:\Users\jeova\.gradle\caches\modules-2\files-2.1\net.java.dev.jna\jna\5.6.0\330f2244e9030119ab3030fc3fededc86713d9cc\jna-5.6.0.jar;C:\Users\jeova\.gradle\caches\modules-2\files-2.1\org.jetbrains\annotations\13.0\919f0dfe192fb4e063e7dacadee7f8bb9a2672a9\annotations-13.0.jar;C:\Users\jeova\.gradle\caches\modules-2\files-2.1\org.jetbrains.kotlin\kotlin-stdlib-common\1.6.10\c118700e3a33c8a0d9adc920e9dec0831171925\kotlin-stdlib-common-1.6.10.jar
Launcher Type: SUN_STANDARD

[Global flags]
     intx CICompilerCount                          = 3                                         {product} {ergonomic}
     uint ConcGCThreads                            = 1                                         {product} {ergonomic}
     uint G1ConcRefinementThreads                  = 4                                         {product} {ergonomic}
   size_t G1HeapRegionSize                         = 1048576                                   {product} {ergonomic}
    uintx GCDrainStackTargetSize                   = 64                                        {product} {ergonomic}
   size_t InitialHeapSize                          = 134217728                                 {product} {ergonomic}
   size_t MarkStackSize                            = 4194304                                   {product} {ergonomic}
   size_t MaxHeapSize                              = 2126512128                                {product} {ergonomic}
   size_t MaxNewSize                               = 1275068416                                {product} {ergonomic}
   size_t MinHeapDeltaBytes                        = 1048576                                   {product} {ergonomic}
    uintx NonNMethodCodeHeapSize                   = 5830732                                {pd product} {ergonomic}
    uintx NonProfiledCodeHeapSize                  = 122913754                              {pd product} {ergonomic}
    uintx ProfiledCodeHeapSize                     = 122913754                              {pd product} {ergonomic}
    uintx ReservedCodeCacheSize                    = 251658240                              {pd product} {ergonomic}
     bool SegmentedCodeCache                       = true                                      {product} {ergonomic}
     bool UseCompressedClassPointers               = true                                 {lp64_product} {ergonomic}
     bool UseCompressedOops                        = true                                 {lp64_product} {ergonomic}
     bool UseG1GC                                  = true                                      {product} {ergonomic}
     bool UseLargePagesIndividualAllocation        = false                                  {pd product} {ergonomic}

Logging:
Log output configuration:
 #0: stdout all=warning uptime,level,tags
 #1: stderr all=off uptime,level,tags

Environment Variables:
PATH=C:\Program Files (x86)\Common Files\Oracle\Java\javapath;C:\WINDOWS\system32;C:\WINDOWS;C:\WINDOWS\System32\Wbem;C:\WINDOWS\System32\WindowsPowerShell\v1.0\;C:\WINDOWS\System32\OpenSSH\;C:\Program Files\MATLAB\R2020b\bin;C:\Program Files\dotnet\;C:\Program Files\Microsoft SQL Server\Client SDK\ODBC\170\Tools\Binn\;C:\Program Files\Azure Data Studio\bin;C:\Program Files\nodejs\;C:\Program Files (x86)\Microsoft SQL Server\150\DTS\Binn\;C:\Program Files (x86)\Microsoft SQL Server\150\Tools\Binn\;C:\Program Files\Microsoft SQL Server\150\Tools\Binn\;C:\Program Files\Microsoft SQL Server\150\DTS\Binn\;C:\Program Files\Microsoft SQL Server\130\Tools\Binn\;C:\Program Files (x86)\dotnet\;C:\Program Files\Git\cmd;C:\Program Files\Intel\Intel(R) Memory and Storage Tool\;C:\Users\jeova\AppData\Local\Programs\Python\Python39\Scripts\;C:\Users\jeova\AppData\Local\Programs\Python\Python39\;C:\Users\jeova\AppData\Local\Microsoft\WindowsApps;C:\Users\jeova\AppData\Local\Programs\Microsoft VS Code\bin;C:\Users\jeova\.dotnet\tools;C:\Program Files\Azure Data Studio\bin;C:\Users\jeova\AppData\Roaming\npm;C:\Users\jeova\AppData\Local\GitHubDesktop\bin;C:\Users\jeova\OneDrive\Escritorio\ESCRITORIO\CEM;
USERNAME=jeova
OS=Windows_NT
PROCESSOR_IDENTIFIER=Intel64 Family 6 Model 142 Stepping 10, GenuineIntel



---------------  S Y S T E M  ---------------

OS: Windows 10 , 64 bit Build 22621 (10.0.22621.608)
OS uptime: 0 days 9:54 hours

CPU:total 4 (initial active 4) (2 cores per cpu, 2 threads per core) family 6 model 142 stepping 10 microcode 0xe0, cmov, cx8, fxsr, mmx, sse, sse2, sse3, ssse3, sse4.1, sse4.2, popcnt, avx, avx2, aes, clmul, erms, 3dnowpref, lzcnt, ht, tsc, tscinvbit, bmi1, bmi2, adx, fma

Memory: 4k page, system-wide physical 8107M (1202M free)
TotalPageFile size 8107M (AvailPageFile size 35M)
current process WorkingSet (physical memory assigned to process): 338M, peak: 338M
current process commit charge ("private bytes"): 386M, peak: 421M

vm_info: OpenJDK 64-Bit Server VM (11.0.12+7-b1504.28-7817840) for windows-amd64 JRE (11.0.12+7-b1504.28-7817840), built on Oct 13 2021 22:12:33 by "builder" with MS VC++ 14.0 (VS2015)

END.
