#
# There is insufficient memory for the Java Runtime Environment to continue.
# Native memory allocation (mmap) failed to map 28311552 bytes for Failed to commit area from 0x0000000089400000 to 0x000000008af00000 of length 28311552.
# Possible reasons:
#   The system is out of physical RAM or swap space
#   The process is running with CompressedOops enabled, and the Java Heap may be blocking the growth of the native heap
# Possible solutions:
#   Reduce memory load on the system
#   Increase physical memory or swap space
#   Check if swap backing store is full
#   Decrease Java heap size (-Xmx/-Xms)
#   Decrease number of Java threads
#   Decrease Java thread stack sizes (-Xss)
#   Set larger code cache with -XX:ReservedCodeCacheSize=
#   JVM is running with Unscaled Compressed Oops mode in which the Java heap is
#     placed in the first 4GB address space. The Java Heap base address is the
#     maximum limit for the native heap growth. Please use -XX:HeapBaseMinAddress
#     to set the Java Heap base and to place the Java Heap above 4GB virtual address.
# This output file may be truncated or incomplete.
#
#  Out of Memory Error (./src/hotspot/os/windows/os_windows.cpp:3521), pid=12632, tid=4120
#
# JRE version: OpenJDK Runtime Environment (11.0.12+7) (build 11.0.12+7-b1504.28-7817840)
# Java VM: OpenJDK 64-Bit Server VM (11.0.12+7-b1504.28-7817840, mixed mode, tiered, compressed oops, g1 gc, windows-amd64)
# No core dump will be written. Minidumps are not enabled by default on client versions of Windows
#

---------------  S U M M A R Y ------------

Command Line: org.jetbrains.kotlin.cli.jvm.K2JVMCompiler @C:\Users\jeova\Desktop\Entrega_Final\AppAtizap-n\app\build\20221018_6452060345049463788.compiler.options

Host: Intel(R) Core(TM) i3-7020U CPU @ 2.30GHz, 4 cores, 7G,  Windows 10 , 64 bit Build 22621 (10.0.22621.608)
Time: Tue Oct 18 13:04:20 2022 Hora de verano central (México) elapsed time: 6.419421 seconds (0d 0h 0m 6s)

---------------  T H R E A D  ---------------

Current thread (0x000002116e40f800):  VMThread "VM Thread" [stack: 0x0000006cade00000,0x0000006cadf00000] [id=4120]

Stack: [0x0000006cade00000,0x0000006cadf00000]
[error occurred during error reporting (printing stack bounds), id 0xc0000005, EXCEPTION_ACCESS_VIOLATION (0xc0000005) at pc=0x00000211583d112d]

Native frames: (J=compiled Java code, j=interpreted, Vv=VM code, C=native code)
V  [jvm.dll+0x5fbcea]
V  [jvm.dll+0x731905]
V  [jvm.dll+0x732f1d]
V  [jvm.dll+0x733535]
V  [jvm.dll+0x7334eb]
V  [jvm.dll+0x5fb080]
V  [jvm.dll+0x5fb818]
C  [ntdll.dll+0xa3e1f]
C  [ntdll.dll+0x1eae6]
C  [ntdll.dll+0xa2e0e]
C  0x00000211583d112d

VM_Operation (0x0000006cad8f86b0): G1CollectForAllocation, mode: safepoint, requested by thread 0x00000211548ca800


---------------  P R O C E S S  ---------------

Threads class SMR info:
_java_thread_list=0x00000211701e7ff0, length=11, elements={
0x00000211548ca800, 0x000002116e412800, 0x000002116e437000, 0x000002116ede8800,
0x000002116edec000, 0x000002116edef000, 0x000002116edf1000, 0x000002116e457800,
0x000002116e45a000, 0x000002116ef52000, 0x000002116f35c000
}

Java Threads: ( => current thread )
  0x00000211548ca800 JavaThread "main" [_thread_blocked, id=13556, stack(0x0000006cad800000,0x0000006cad900000)]
  0x000002116e412800 JavaThread "Reference Handler" daemon [_thread_blocked, id=6000, stack(0x0000006cadf00000,0x0000006cae000000)]
  0x000002116e437000 JavaThread "Finalizer" daemon [_thread_blocked, id=14524, stack(0x0000006cae000000,0x0000006cae100000)]
  0x000002116ede8800 JavaThread "Signal Dispatcher" daemon [_thread_blocked, id=2648, stack(0x0000006cae100000,0x0000006cae200000)]
  0x000002116edec000 JavaThread "Attach Listener" daemon [_thread_blocked, id=1948, stack(0x0000006cae200000,0x0000006cae300000)]
  0x000002116edef000 JavaThread "Service Thread" daemon [_thread_blocked, id=16076, stack(0x0000006cae300000,0x0000006cae400000)]
  0x000002116edf1000 JavaThread "C2 CompilerThread0" daemon [_thread_blocked, id=15784, stack(0x0000006cae400000,0x0000006cae500000)]
  0x000002116e457800 JavaThread "C1 CompilerThread0" daemon [_thread_blocked, id=10144, stack(0x0000006cae500000,0x0000006cae600000)]
  0x000002116e45a000 JavaThread "Sweeper thread" daemon [_thread_blocked, id=6836, stack(0x0000006cae600000,0x0000006cae700000)]
  0x000002116ef52000 JavaThread "Common-Cleaner" daemon [_thread_blocked, id=8020, stack(0x0000006cae800000,0x0000006cae900000)]
  0x000002116f35c000 JavaThread "C2 CompilerThread1" daemon [_thread_blocked, id=15720, stack(0x0000006cae900000,0x0000006caea00000)]

Other Threads:
=>0x000002116e40f800 VMThread "VM Thread" [stack: 0x0000006cade00000,0x0000006cadf00000] [id=4120]
  0x000002116ef3f000 WatcherThread [stack: 0x0000006cae700000,0x0000006cae800000] [id=12216]
  0x00000211548e3000 GCTaskThread "GC Thread#0" [stack: 0x0000006cad900000,0x0000006cada00000] [id=14276]
  0x000002116f356000 GCTaskThread "GC Thread#1" [stack: 0x0000006caea00000,0x0000006caeb00000] [id=5648]
  0x000002116f356800 GCTaskThread "GC Thread#2" [stack: 0x0000006caeb00000,0x0000006caec00000] [id=11424]
  0x0000021154913800 ConcurrentGCThread "G1 Main Marker" [stack: 0x0000006cada00000,0x0000006cadb00000] [id=14468]
  0x0000021154914800 ConcurrentGCThread "G1 Conc#0" [stack: 0x0000006cadb00000,0x0000006cadc00000] [id=8048]
  0x0000021154998000 ConcurrentGCThread "G1 Refine#0" [stack: 0x0000006cadc00000,0x0000006cadd00000] [id=3480]
  0x000002116e280800 ConcurrentGCThread "G1 Young RemSet Sampling" [stack: 0x0000006cadd00000,0x0000006cade00000] [id=4672]

Threads with active compile tasks:
C2 CompilerThread0   6436 3006       4       java.lang.ClassLoader::loadClass (7 bytes)
C2 CompilerThread1   6436 3436       4       java.security.SecureClassLoader$CodeSourceKey::equals (56 bytes)

VM state:at safepoint (normal execution)

VM Mutex/Monitor currently owned by a thread:  ([mutex/lock_event])
[0x000002115288a530] Threads_lock - owner thread: 0x000002116e40f800
[0x000002115288abf0] Heap_lock - owner thread: 0x00000211548ca800

Heap address: 0x0000000081400000, size: 2028 MB, Compressed Oops mode: 32-bit
Narrow klass base: 0x0000000000000000, Narrow klass shift: 3
Compressed class space size: 1073741824 Address: 0x0000000100000000

Heap:
 garbage-first heap   total 158720K, used 26282K [0x0000000081400000, 0x0000000100000000)
  region size 1024K, 5 young (5120K), 5 survivors (5120K)
 Metaspace       used 45612K, capacity 46102K, committed 46416K, reserved 1089536K
  class space    used 5397K, capacity 5606K, committed 5756K, reserved 1048576K
Heap Regions: E=young(eden), S=young(survivor), O=old, HS=humongous(starts), HC=humongous(continues), CS=collection set, F=free, A=archive, TAMS=top-at-mark-start (previous, next)
|   0|0x0000000081400000, 0x0000000081500000, 0x0000000081500000|100%|HS|  |TAMS 0x0000000081500000, 0x0000000081400000| Complete 
|   1|0x0000000081500000, 0x0000000081600000, 0x0000000081600000|100%|HC|  |TAMS 0x0000000081600000, 0x0000000081500000| Complete 
|   2|0x0000000081600000, 0x0000000081700000, 0x0000000081700000|100%|HC|  |TAMS 0x0000000081700000, 0x0000000081600000| Complete 
|   3|0x0000000081700000, 0x0000000081800000, 0x0000000081800000|100%| O|  |TAMS 0x0000000081800000, 0x0000000081700000| Untracked 
|   4|0x0000000081800000, 0x0000000081900000, 0x0000000081900000|100%| O|  |TAMS 0x0000000081900000, 0x0000000081800000| Untracked 
|   5|0x0000000081900000, 0x0000000081a00000, 0x0000000081a00000|100%|HS|  |TAMS 0x0000000081a00000, 0x0000000081900000| Complete 
|   6|0x0000000081a00000, 0x0000000081b00000, 0x0000000081b00000|100%|HC|  |TAMS 0x0000000081b00000, 0x0000000081a00000| Complete 
|   7|0x0000000081b00000, 0x0000000081c00000, 0x0000000081c00000|100%|HC|  |TAMS 0x0000000081c00000, 0x0000000081b00000| Complete 
|   8|0x0000000081c00000, 0x0000000081d00000, 0x0000000081d00000|100%| O|  |TAMS 0x0000000081d00000, 0x0000000081c00000| Untracked 
|   9|0x0000000081d00000, 0x0000000081e00000, 0x0000000081e00000|100%| O|  |TAMS 0x0000000081e00000, 0x0000000081d00000| Untracked 
|  10|0x0000000081e00000, 0x0000000081f00000, 0x0000000081f00000|100%| O|  |TAMS 0x0000000081f00000, 0x0000000081e00000| Untracked 
|  11|0x0000000081f00000, 0x0000000082000000, 0x0000000082000000|100%| O|  |TAMS 0x0000000082000000, 0x0000000081f00000| Untracked 
|  12|0x0000000082000000, 0x0000000082100000, 0x0000000082100000|100%| O|  |TAMS 0x0000000082100000, 0x0000000082000000| Untracked 
|  13|0x0000000082100000, 0x0000000082100000, 0x0000000082200000|  0%| F|  |TAMS 0x0000000082100000, 0x0000000082100000| Untracked 
|  14|0x0000000082200000, 0x0000000082200000, 0x0000000082300000|  0%| F|  |TAMS 0x0000000082200000, 0x0000000082200000| Untracked 
|  15|0x0000000082300000, 0x0000000082400000, 0x0000000082400000|100%| O|  |TAMS 0x0000000082400000, 0x0000000082300000| Untracked 
|  16|0x0000000082400000, 0x0000000082500000, 0x0000000082500000|100%| O|  |TAMS 0x0000000082400000, 0x0000000082400000| Untracked 
|  17|0x0000000082500000, 0x0000000082600000, 0x0000000082600000|100%| O|  |TAMS 0x0000000082500000, 0x0000000082500000| Untracked 
|  18|0x0000000082600000, 0x0000000082700000, 0x0000000082700000|100%| O|  |TAMS 0x0000000082600000, 0x0000000082600000| Untracked 
|  19|0x0000000082700000, 0x0000000082800000, 0x0000000082800000|100%| O|  |TAMS 0x0000000082700000, 0x0000000082700000| Untracked 
|  20|0x0000000082800000, 0x0000000082900000, 0x0000000082900000|100%| O|  |TAMS 0x0000000082800000, 0x0000000082800000| Untracked 
|  21|0x0000000082900000, 0x0000000082a00000, 0x0000000082a00000|100%| O|  |TAMS 0x0000000082900000, 0x0000000082900000| Untracked 
|  22|0x0000000082a00000, 0x0000000082ae2000, 0x0000000082b00000| 88%| O|  |TAMS 0x0000000082a00000, 0x0000000082a00000| Untracked 
|  23|0x0000000082b00000, 0x0000000082b00000, 0x0000000082c00000|  0%| F|  |TAMS 0x0000000082b00000, 0x0000000082b00000| Untracked 
|  24|0x0000000082c00000, 0x0000000082c00000, 0x0000000082d00000|  0%| F|  |TAMS 0x0000000082c00000, 0x0000000082c00000| Untracked 
|  25|0x0000000082d00000, 0x0000000082d00000, 0x0000000082e00000|  0%| F|  |TAMS 0x0000000082d00000, 0x0000000082d00000| Untracked 
|  26|0x0000000082e00000, 0x0000000082e00000, 0x0000000082f00000|  0%| F|  |TAMS 0x0000000082e00000, 0x0000000082e00000| Untracked 
|  27|0x0000000082f00000, 0x0000000082f00000, 0x0000000083000000|  0%| F|  |TAMS 0x0000000082f00000, 0x0000000082f00000| Untracked 
|  28|0x0000000083000000, 0x0000000083000000, 0x0000000083100000|  0%| F|  |TAMS 0x0000000083000000, 0x0000000083000000| Untracked 
|  29|0x0000000083100000, 0x0000000083100000, 0x0000000083200000|  0%| F|  |TAMS 0x0000000083100000, 0x0000000083100000| Untracked 
|  30|0x0000000083200000, 0x0000000083200000, 0x0000000083300000|  0%| F|  |TAMS 0x0000000083200000, 0x0000000083200000| Untracked 
|  31|0x0000000083300000, 0x0000000083300000, 0x0000000083400000|  0%| F|  |TAMS 0x0000000083300000, 0x0000000083300000| Untracked 
|  32|0x0000000083400000, 0x0000000083400000, 0x0000000083500000|  0%| F|  |TAMS 0x0000000083400000, 0x0000000083400000| Untracked 
|  33|0x0000000083500000, 0x0000000083500000, 0x0000000083600000|  0%| F|  |TAMS 0x0000000083500000, 0x0000000083500000| Untracked 
|  34|0x0000000083600000, 0x0000000083600000, 0x0000000083700000|  0%| F|  |TAMS 0x0000000083600000, 0x0000000083600000| Untracked 
|  35|0x0000000083700000, 0x0000000083700000, 0x0000000083800000|  0%| F|  |TAMS 0x0000000083700000, 0x0000000083700000| Untracked 
|  36|0x0000000083800000, 0x0000000083800000, 0x0000000083900000|  0%| F|  |TAMS 0x0000000083800000, 0x0000000083800000| Untracked 
|  37|0x0000000083900000, 0x0000000083900000, 0x0000000083a00000|  0%| F|  |TAMS 0x0000000083900000, 0x0000000083900000| Untracked 
|  38|0x0000000083a00000, 0x0000000083a00000, 0x0000000083b00000|  0%| F|  |TAMS 0x0000000083a00000, 0x0000000083a00000| Untracked 
|  39|0x0000000083b00000, 0x0000000083b00000, 0x0000000083c00000|  0%| F|  |TAMS 0x0000000083b00000, 0x0000000083b00000| Untracked 
|  40|0x0000000083c00000, 0x0000000083c00000, 0x0000000083d00000|  0%| F|  |TAMS 0x0000000083c00000, 0x0000000083c00000| Untracked 
|  41|0x0000000083d00000, 0x0000000083d00000, 0x0000000083e00000|  0%| F|  |TAMS 0x0000000083d00000, 0x0000000083d00000| Untracked 
|  42|0x0000000083e00000, 0x0000000083e00000, 0x0000000083f00000|  0%| F|  |TAMS 0x0000000083e00000, 0x0000000083e00000| Untracked 
|  43|0x0000000083f00000, 0x0000000083f00000, 0x0000000084000000|  0%| F|  |TAMS 0x0000000083f00000, 0x0000000083f00000| Untracked 
|  44|0x0000000084000000, 0x0000000084000000, 0x0000000084100000|  0%| F|  |TAMS 0x0000000084000000, 0x0000000084000000| Untracked 
|  45|0x0000000084100000, 0x0000000084100000, 0x0000000084200000|  0%| F|  |TAMS 0x0000000084100000, 0x0000000084100000| Untracked 
|  46|0x0000000084200000, 0x0000000084200000, 0x0000000084300000|  0%| F|  |TAMS 0x0000000084200000, 0x0000000084200000| Untracked 
|  47|0x0000000084300000, 0x0000000084300000, 0x0000000084400000|  0%| F|  |TAMS 0x0000000084300000, 0x0000000084300000| Untracked 
|  48|0x0000000084400000, 0x0000000084400000, 0x0000000084500000|  0%| F|  |TAMS 0x0000000084400000, 0x0000000084400000| Untracked 
|  49|0x0000000084500000, 0x0000000084500000, 0x0000000084600000|  0%| F|  |TAMS 0x0000000084500000, 0x0000000084500000| Untracked 
|  50|0x0000000084600000, 0x0000000084600000, 0x0000000084700000|  0%| F|  |TAMS 0x0000000084600000, 0x0000000084600000| Untracked 
|  51|0x0000000084700000, 0x0000000084700000, 0x0000000084800000|  0%| F|  |TAMS 0x0000000084700000, 0x0000000084700000| Untracked 
|  52|0x0000000084800000, 0x0000000084800000, 0x0000000084900000|  0%| F|  |TAMS 0x0000000084800000, 0x0000000084800000| Untracked 
|  53|0x0000000084900000, 0x0000000084900000, 0x0000000084a00000|  0%| F|  |TAMS 0x0000000084900000, 0x0000000084900000| Untracked 
|  54|0x0000000084a00000, 0x0000000084a00000, 0x0000000084b00000|  0%| F|  |TAMS 0x0000000084a00000, 0x0000000084a00000| Untracked 
|  55|0x0000000084b00000, 0x0000000084b00000, 0x0000000084c00000|  0%| F|  |TAMS 0x0000000084b00000, 0x0000000084b00000| Untracked 
|  56|0x0000000084c00000, 0x0000000084c00000, 0x0000000084d00000|  0%| F|  |TAMS 0x0000000084c00000, 0x0000000084c00000| Untracked 
|  57|0x0000000084d00000, 0x0000000084d00000, 0x0000000084e00000|  0%| F|  |TAMS 0x0000000084d00000, 0x0000000084d00000| Untracked 
|  58|0x0000000084e00000, 0x0000000084e00000, 0x0000000084f00000|  0%| F|  |TAMS 0x0000000084e00000, 0x0000000084e00000| Untracked 
|  59|0x0000000084f00000, 0x0000000084f00000, 0x0000000085000000|  0%| F|  |TAMS 0x0000000084f00000, 0x0000000084f00000| Untracked 
|  60|0x0000000085000000, 0x0000000085000000, 0x0000000085100000|  0%| F|  |TAMS 0x0000000085000000, 0x0000000085000000| Untracked 
|  61|0x0000000085100000, 0x0000000085100000, 0x0000000085200000|  0%| F|  |TAMS 0x0000000085100000, 0x0000000085100000| Untracked 
|  62|0x0000000085200000, 0x0000000085200000, 0x0000000085300000|  0%| F|  |TAMS 0x0000000085200000, 0x0000000085200000| Untracked 
|  63|0x0000000085300000, 0x0000000085300000, 0x0000000085400000|  0%| F|  |TAMS 0x0000000085300000, 0x0000000085300000| Untracked 
|  64|0x0000000085400000, 0x0000000085400000, 0x0000000085500000|  0%| F|  |TAMS 0x0000000085400000, 0x0000000085400000| Untracked 
|  65|0x0000000085500000, 0x0000000085500000, 0x0000000085600000|  0%| F|  |TAMS 0x0000000085500000, 0x0000000085500000| Untracked 
|  66|0x0000000085600000, 0x0000000085600000, 0x0000000085700000|  0%| F|  |TAMS 0x0000000085600000, 0x0000000085600000| Untracked 
|  67|0x0000000085700000, 0x0000000085700000, 0x0000000085800000|  0%| F|  |TAMS 0x0000000085700000, 0x0000000085700000| Untracked 
|  68|0x0000000085800000, 0x00000000858c8990, 0x0000000085900000| 78%| S|CS|TAMS 0x0000000085800000, 0x0000000085800000| Complete 
|  69|0x0000000085900000, 0x0000000085a00000, 0x0000000085a00000|100%| S|CS|TAMS 0x0000000085900000, 0x0000000085900000| Complete 
|  70|0x0000000085a00000, 0x0000000085b00000, 0x0000000085b00000|100%| S|CS|TAMS 0x0000000085a00000, 0x0000000085a00000| Complete 
|  71|0x0000000085b00000, 0x0000000085c00000, 0x0000000085c00000|100%| S|CS|TAMS 0x0000000085b00000, 0x0000000085b00000| Complete 
|  72|0x0000000085c00000, 0x0000000085d00000, 0x0000000085d00000|100%| S|CS|TAMS 0x0000000085c00000, 0x0000000085c00000| Complete 
|  73|0x0000000085d00000, 0x0000000085d00000, 0x0000000085e00000|  0%| F|  |TAMS 0x0000000085d00000, 0x0000000085d00000| Untracked 
|  74|0x0000000085e00000, 0x0000000085e00000, 0x0000000085f00000|  0%| F|  |TAMS 0x0000000085e00000, 0x0000000085e00000| Untracked 
|  75|0x0000000085f00000, 0x0000000085f00000, 0x0000000086000000|  0%| F|  |TAMS 0x0000000085f00000, 0x0000000085f00000| Untracked 
|  76|0x0000000086000000, 0x0000000086000000, 0x0000000086100000|  0%| F|  |TAMS 0x0000000086000000, 0x0000000086000000| Untracked 
|  77|0x0000000086100000, 0x0000000086100000, 0x0000000086200000|  0%| F|  |TAMS 0x0000000086100000, 0x0000000086100000| Untracked 
|  78|0x0000000086200000, 0x0000000086200000, 0x0000000086300000|  0%| F|  |TAMS 0x0000000086200000, 0x0000000086200000| Untracked 
|  79|0x0000000086300000, 0x0000000086300000, 0x0000000086400000|  0%| F|  |TAMS 0x0000000086300000, 0x0000000086300000| Untracked 
|  80|0x0000000086400000, 0x0000000086400000, 0x0000000086500000|  0%| F|  |TAMS 0x0000000086400000, 0x0000000086400000| Untracked 
|  81|0x0000000086500000, 0x0000000086500000, 0x0000000086600000|  0%| F|  |TAMS 0x0000000086500000, 0x0000000086500000| Untracked 
|  82|0x0000000086600000, 0x0000000086600000, 0x0000000086700000|  0%| F|  |TAMS 0x0000000086600000, 0x0000000086600000| Untracked 
|  83|0x0000000086700000, 0x0000000086700000, 0x0000000086800000|  0%| F|  |TAMS 0x0000000086700000, 0x0000000086700000| Untracked 
|  84|0x0000000086800000, 0x0000000086800000, 0x0000000086900000|  0%| F|  |TAMS 0x0000000086800000, 0x0000000086800000| Untracked 
|  85|0x0000000086900000, 0x0000000086900000, 0x0000000086a00000|  0%| F|  |TAMS 0x0000000086900000, 0x0000000086900000| Untracked 
|  86|0x0000000086a00000, 0x0000000086a00000, 0x0000000086b00000|  0%| F|  |TAMS 0x0000000086a00000, 0x0000000086a00000| Untracked 
|  87|0x0000000086b00000, 0x0000000086b00000, 0x0000000086c00000|  0%| F|  |TAMS 0x0000000086b00000, 0x0000000086b00000| Untracked 
|  88|0x0000000086c00000, 0x0000000086c00000, 0x0000000086d00000|  0%| F|  |TAMS 0x0000000086c00000, 0x0000000086c00000| Untracked 
|  89|0x0000000086d00000, 0x0000000086d00000, 0x0000000086e00000|  0%| F|  |TAMS 0x0000000086d00000, 0x0000000086d00000| Untracked 
|  90|0x0000000086e00000, 0x0000000086e00000, 0x0000000086f00000|  0%| F|  |TAMS 0x0000000086e00000, 0x0000000086e00000| Untracked 
|  91|0x0000000086f00000, 0x0000000086f00000, 0x0000000087000000|  0%| F|  |TAMS 0x0000000086f00000, 0x0000000086f00000| Untracked 
|  92|0x0000000087000000, 0x0000000087000000, 0x0000000087100000|  0%| F|  |TAMS 0x0000000087000000, 0x0000000087000000| Untracked 
|  93|0x0000000087100000, 0x0000000087100000, 0x0000000087200000|  0%| F|  |TAMS 0x0000000087100000, 0x0000000087100000| Untracked 
|  94|0x0000000087200000, 0x0000000087200000, 0x0000000087300000|  0%| F|  |TAMS 0x0000000087200000, 0x0000000087200000| Untracked 
|  95|0x0000000087300000, 0x0000000087300000, 0x0000000087400000|  0%| F|  |TAMS 0x0000000087300000, 0x0000000087300000| Untracked 
|  96|0x0000000087400000, 0x0000000087400000, 0x0000000087500000|  0%| F|  |TAMS 0x0000000087400000, 0x0000000087400000| Untracked 
|  97|0x0000000087500000, 0x0000000087500000, 0x0000000087600000|  0%| F|  |TAMS 0x0000000087500000, 0x0000000087500000| Untracked 
|  98|0x0000000087600000, 0x0000000087600000, 0x0000000087700000|  0%| F|  |TAMS 0x0000000087600000, 0x0000000087600000| Untracked 
|  99|0x0000000087700000, 0x0000000087700000, 0x0000000087800000|  0%| F|  |TAMS 0x0000000087700000, 0x0000000087700000| Untracked 
| 100|0x0000000087800000, 0x0000000087800000, 0x0000000087900000|  0%| F|  |TAMS 0x0000000087800000, 0x0000000087800000| Untracked 
| 101|0x0000000087900000, 0x0000000087900000, 0x0000000087a00000|  0%| F|  |TAMS 0x0000000087900000, 0x0000000087900000| Untracked 
| 102|0x0000000087a00000, 0x0000000087a00000, 0x0000000087b00000|  0%| F|  |TAMS 0x0000000087a00000, 0x0000000087a00000| Untracked 
| 103|0x0000000087b00000, 0x0000000087b00000, 0x0000000087c00000|  0%| F|  |TAMS 0x0000000087b00000, 0x0000000087b00000| Untracked 
| 104|0x0000000087c00000, 0x0000000087c00000, 0x0000000087d00000|  0%| F|  |TAMS 0x0000000087c00000, 0x0000000087c00000| Untracked 
| 105|0x0000000087d00000, 0x0000000087d00000, 0x0000000087e00000|  0%| F|  |TAMS 0x0000000087d00000, 0x0000000087d00000| Untracked 
| 106|0x0000000087e00000, 0x0000000087e00000, 0x0000000087f00000|  0%| F|  |TAMS 0x0000000087e00000, 0x0000000087e00000| Untracked 
| 107|0x0000000087f00000, 0x0000000087f00000, 0x0000000088000000|  0%| F|  |TAMS 0x0000000087f00000, 0x0000000087f00000| Untracked 
| 108|0x0000000088000000, 0x0000000088000000, 0x0000000088100000|  0%| F|  |TAMS 0x0000000088000000, 0x0000000088000000| Untracked 
| 109|0x0000000088100000, 0x0000000088100000, 0x0000000088200000|  0%| F|  |TAMS 0x0000000088100000, 0x0000000088100000| Untracked 
| 110|0x0000000088200000, 0x0000000088200000, 0x0000000088300000|  0%| F|  |TAMS 0x0000000088200000, 0x0000000088200000| Untracked 
| 111|0x0000000088300000, 0x0000000088300000, 0x0000000088400000|  0%| F|  |TAMS 0x0000000088300000, 0x0000000088300000| Untracked 
| 112|0x0000000088400000, 0x0000000088400000, 0x0000000088500000|  0%| F|  |TAMS 0x0000000088400000, 0x0000000088400000| Untracked 
| 113|0x0000000088500000, 0x0000000088500000, 0x0000000088600000|  0%| F|  |TAMS 0x0000000088500000, 0x0000000088500000| Untracked 
| 114|0x0000000088600000, 0x0000000088600000, 0x0000000088700000|  0%| F|  |TAMS 0x0000000088600000, 0x0000000088600000| Untracked 
| 115|0x0000000088700000, 0x0000000088700000, 0x0000000088800000|  0%| F|  |TAMS 0x0000000088700000, 0x0000000088700000| Untracked 
| 116|0x0000000088800000, 0x0000000088800000, 0x0000000088900000|  0%| F|  |TAMS 0x0000000088800000, 0x0000000088800000| Untracked 
| 117|0x0000000088900000, 0x0000000088900000, 0x0000000088a00000|  0%| F|  |TAMS 0x0000000088900000, 0x0000000088900000| Untracked 
| 118|0x0000000088a00000, 0x0000000088a00000, 0x0000000088b00000|  0%| F|  |TAMS 0x0000000088a00000, 0x0000000088a00000| Untracked 
| 119|0x0000000088b00000, 0x0000000088b00000, 0x0000000088c00000|  0%| F|  |TAMS 0x0000000088b00000, 0x0000000088b00000| Untracked 
| 120|0x0000000088c00000, 0x0000000088c00000, 0x0000000088d00000|  0%| F|  |TAMS 0x0000000088c00000, 0x0000000088c00000| Untracked 
| 121|0x0000000088d00000, 0x0000000088d00000, 0x0000000088e00000|  0%| F|  |TAMS 0x0000000088d00000, 0x0000000088d00000| Untracked 
| 122|0x0000000088e00000, 0x0000000088e00000, 0x0000000088f00000|  0%| F|  |TAMS 0x0000000088e00000, 0x0000000088e00000| Untracked 
| 123|0x0000000088f00000, 0x0000000088f00000, 0x0000000089000000|  0%| F|  |TAMS 0x0000000088f00000, 0x0000000088f00000| Untracked 
| 124|0x0000000089000000, 0x0000000089000000, 0x0000000089100000|  0%| F|  |TAMS 0x0000000089000000, 0x0000000089000000| Untracked 
| 125|0x0000000089100000, 0x0000000089100000, 0x0000000089200000|  0%| F|  |TAMS 0x0000000089100000, 0x0000000089100000| Untracked 
| 126|0x0000000089200000, 0x0000000089200000, 0x0000000089300000|  0%| F|  |TAMS 0x0000000089200000, 0x0000000089200000| Untracked 
| 127|0x0000000089300000, 0x0000000089300000, 0x0000000089400000|  0%| F|  |TAMS 0x0000000089300000, 0x0000000089300000| Untracked 

Card table byte_map: [0x00000211677d0000,0x0000021167bd0000] _byte_map_base: 0x00000211673c6000

Marking Bits (Prev, Next): (CMBitMap*) 0x000002115490ac48, (CMBitMap*) 0x000002115490ac80
 Prev Bits: [0x0000021167fd0000, 0x0000021169f80000)
 Next Bits: [0x0000021169f80000, 0x000002116bf30000)

Polling page: 0x0000021152750000

Metaspace:

Usage:
  Non-class:     39.55 MB capacity,    39.27 MB (>99%) used,   214.12 KB ( <1%) free+waste,    66.56 KB ( <1%) overhead. 
      Class:      5.47 MB capacity,     5.27 MB ( 96%) used,   179.60 KB (  3%) free+waste,    29.25 KB ( <1%) overhead. 
       Both:     45.02 MB capacity,    44.54 MB ( 99%) used,   393.72 KB ( <1%) free+waste,    95.81 KB ( <1%) overhead. 

Virtual space:
  Non-class space:       40.00 MB reserved,      39.71 MB (>99%) committed 
      Class space:        1.00 GB reserved,       5.62 MB ( <1%) committed 
             Both:        1.04 GB reserved,      45.33 MB (  4%) committed 

Chunk freelists:
   Non-Class:  36.00 KB
       Class:  26.00 KB
        Both:  62.00 KB

MaxMetaspaceSize: 17179869184.00 GB
CompressedClassSpaceSize: 1.00 GB
Initial GC threshold: 20.80 MB
Current GC threshold: 59.09 MB
CDS: off

CodeHeap 'non-profiled nmethods': size=120064Kb used=1456Kb max_used=1456Kb free=118607Kb
 bounds [0x000002115fe90000, 0x0000021160100000, 0x00000211673d0000]
CodeHeap 'profiled nmethods': size=120000Kb used=7323Kb max_used=7323Kb free=112676Kb
 bounds [0x0000021158960000, 0x0000021159090000, 0x000002115fe90000]
CodeHeap 'non-nmethods': size=5696Kb used=1270Kb max_used=1303Kb free=4425Kb
 bounds [0x00000211583d0000, 0x0000021158640000, 0x0000021158960000]
 total_blobs=3974 nmethods=3424 adapters=461
 compilation: enabled
              stopped_count=0, restarted_count=0
 full_count=0

Compilation events (20 events):
Event: 6.357 Thread 0x000002116e457800 3433       3       org.jetbrains.kotlin.psi.KtPsiUtil::unquoteIdentifierOrFieldReference (79 bytes)
Event: 6.359 Thread 0x000002116e457800 nmethod 3433 0x0000021159082c90 code [0x0000021159082fa0, 0x0000021159083c98]
Event: 6.359 Thread 0x000002116f35c000 nmethod 3428 0x000002115fff9d10 code [0x000002115fff9ec0, 0x000002115fffa0f8]
Event: 6.363 Thread 0x000002116f35c000 3434       4       jdk.internal.loader.URLClassPath::getResource (74 bytes)
Event: 6.366 Thread 0x000002116e457800 3435       1       gnu.trove.THash::size (5 bytes)
Event: 6.367 Thread 0x000002116e457800 nmethod 3435 0x000002115fffa390 code [0x000002115fffa540, 0x000002115fffa5f8]
Event: 6.379 Thread 0x000002116e457800 3437       1       kotlin.ranges.IntProgressionIterator::hasNext (5 bytes)
Event: 6.379 Thread 0x000002116e457800 nmethod 3437 0x000002115fffa690 code [0x000002115fffa840, 0x000002115fffa8f8]
Event: 6.380 Thread 0x000002116e457800 3438       3       org.jetbrains.kotlin.com.intellij.openapi.vfs.VirtualFile::nameEquals (18 bytes)
Event: 6.380 Thread 0x000002116e457800 nmethod 3438 0x0000021159084110 code [0x0000021159084300, 0x00000211590845c8]
Event: 6.382 Thread 0x000002116e457800 3439       3       gnu.trove.THash::computeMaxSize (38 bytes)
Event: 6.382 Thread 0x000002116e457800 nmethod 3439 0x0000021159084710 code [0x00000211590848e0, 0x0000021159084b98]
Event: 6.383 Thread 0x000002116e457800 3440       1       org.jetbrains.kotlin.cli.jvm.index.JavaRoot::getFile (5 bytes)
Event: 6.383 Thread 0x000002116e457800 nmethod 3440 0x000002115fffa990 code [0x000002115fffab40, 0x000002115fffabf8]
Event: 6.383 Thread 0x000002116e457800 3441       3       gnu.trove.THash::setUp (21 bytes)
Event: 6.383 Thread 0x000002116e457800 nmethod 3441 0x0000021159084c90 code [0x0000021159084e80, 0x0000021159085198]
Event: 6.383 Thread 0x000002116e457800 3442       3       org.jetbrains.kotlin.com.intellij.openapi.util.text.StringUtilRt::equal (120 bytes)
Event: 6.385 Thread 0x000002116e457800 nmethod 3442 0x0000021159085310 code [0x0000021159085620, 0x0000021159086818]
Event: 6.387 Thread 0x000002116f35c000 nmethod 3434 0x000002115fffac90 code [0x000002115fffaee0, 0x000002115fffb840]
Event: 6.387 Thread 0x000002116f35c000 3436       4       java.security.SecureClassLoader$CodeSourceKey::equals (56 bytes)

GC Heap History (9 events):
Event: 0.620 GC heap before
{Heap before GC invocations=0 (full 0):
 garbage-first heap   total 131072K, used 17408K [0x0000000081400000, 0x0000000100000000)
  region size 1024K, 14 young (14336K), 0 survivors (0K)
 Metaspace       used 9846K, capacity 9938K, committed 10112K, reserved 1058816K
  class space    used 835K, capacity 885K, committed 896K, reserved 1048576K
}
Event: 0.624 GC heap after
{Heap after GC invocations=1 (full 0):
 garbage-first heap   total 131072K, used 5441K [0x0000000081400000, 0x0000000100000000)
  region size 1024K, 2 young (2048K), 2 survivors (2048K)
 Metaspace       used 9846K, capacity 9938K, committed 10112K, reserved 1058816K
  class space    used 835K, capacity 885K, committed 896K, reserved 1048576K
}
Event: 1.914 GC heap before
{Heap before GC invocations=1 (full 0):
 garbage-first heap   total 131072K, used 52545K [0x0000000081400000, 0x0000000100000000)
  region size 1024K, 49 young (50176K), 2 survivors (2048K)
 Metaspace       used 20970K, capacity 21192K, committed 21248K, reserved 1069056K
  class space    used 2223K, capacity 2304K, committed 2304K, reserved 1048576K
}
Event: 1.932 GC heap after
{Heap after GC invocations=2 (full 0):
 garbage-first heap   total 131072K, used 9955K [0x0000000081400000, 0x0000000100000000)
  region size 1024K, 7 young (7168K), 7 survivors (7168K)
 Metaspace       used 20970K, capacity 21192K, committed 21248K, reserved 1069056K
  class space    used 2223K, capacity 2304K, committed 2304K, reserved 1048576K
}
Event: 3.233 GC heap before
{Heap before GC invocations=3 (full 0):
 garbage-first heap   total 131072K, used 48867K [0x0000000081400000, 0x0000000100000000)
  region size 1024K, 42 young (43008K), 7 survivors (7168K)
 Metaspace       used 30813K, capacity 31233K, committed 31612K, reserved 1077248K
  class space    used 3664K, capacity 3858K, committed 3964K, reserved 1048576K
}
Event: 3.255 GC heap after
{Heap after GC invocations=4 (full 0):
 garbage-first heap   total 131072K, used 16571K [0x0000000081400000, 0x0000000100000000)
  region size 1024K, 4 young (4096K), 4 survivors (4096K)
 Metaspace       used 30813K, capacity 31233K, committed 31612K, reserved 1077248K
  class space    used 3664K, capacity 3858K, committed 3964K, reserved 1048576K
}
Event: 4.354 GC heap before
{Heap before GC invocations=4 (full 0):
 garbage-first heap   total 131072K, used 49339K [0x0000000081400000, 0x0000000100000000)
  region size 1024K, 35 young (35840K), 4 survivors (4096K)
 Metaspace       used 35468K, capacity 35821K, committed 36048K, reserved 1081344K
  class space    used 4364K, capacity 4532K, committed 4604K, reserved 1048576K
}
Event: 4.387 GC heap after
{Heap after GC invocations=5 (full 0):
 garbage-first heap   total 131072K, used 23552K [0x0000000081400000, 0x0000000100000000)
  region size 1024K, 7 young (7168K), 7 survivors (7168K)
 Metaspace       used 35468K, capacity 35821K, committed 36048K, reserved 1081344K
  class space    used 4364K, capacity 4532K, committed 4604K, reserved 1048576K
}
Event: 6.387 GC heap before
{Heap before GC invocations=6 (full 0):
 garbage-first heap   total 131072K, used 72704K [0x0000000081400000, 0x0000000100000000)
  region size 1024K, 55 young (56320K), 7 survivors (7168K)
 Metaspace       used 45612K, capacity 46102K, committed 46416K, reserved 1089536K
  class space    used 5397K, capacity 5606K, committed 5756K, reserved 1048576K
}

Deoptimization events (20 events):
Event: 5.857 Thread 0x00000211548ca800 Uncommon trap: trap_request=0xffffff4d fr.pc=0x000002115ffe3818 relative=0x00000000000003b8
Event: 5.857 Thread 0x00000211548ca800 Uncommon trap: reason=unstable_if action=reinterpret pc=0x000002115ffe3818 method=org.jetbrains.kotlin.com.intellij.lang.impl.PsiBuilderImpl.calcTokenType()Lorg/jetbrains/kotlin/com/intellij/psi/tree/IElementType; @ 4 c2
Event: 5.857 Thread 0x00000211548ca800 DEOPT PACKING pc=0x000002115ffe3818 sp=0x0000006cad8fc990
Event: 5.857 Thread 0x00000211548ca800 DEOPT UNPACKING pc=0x000002115841a1af sp=0x0000006cad8fc918 mode 2
Event: 5.888 Thread 0x00000211548ca800 Uncommon trap: trap_request=0xffffff4d fr.pc=0x000002115ffe4298 relative=0x0000000000000078
Event: 5.888 Thread 0x00000211548ca800 Uncommon trap: reason=unstable_if action=reinterpret pc=0x000002115ffe4298 method=org.jetbrains.kotlin.parsing.SemanticWhitespaceAwarePsiBuilderImpl.getJoinedTokenType(Lorg/jetbrains/kotlin/com/intellij/psi/tree/IElementType;I)Lorg/jetbrains/kotlin/com/in
Event: 5.888 Thread 0x00000211548ca800 DEOPT PACKING pc=0x000002115ffe4298 sp=0x0000006cad8fc530
Event: 5.888 Thread 0x00000211548ca800 DEOPT UNPACKING pc=0x000002115841a1af sp=0x0000006cad8fc4b8 mode 2
Event: 5.940 Thread 0x00000211548ca800 Uncommon trap: trap_request=0xffffff4d fr.pc=0x000002115ffe698c relative=0x000000000000118c
Event: 5.940 Thread 0x00000211548ca800 Uncommon trap: reason=unstable_if action=reinterpret pc=0x000002115ffe698c method=org.jetbrains.kotlin.parsing.SemanticWhitespaceAwarePsiBuilderImpl.getJoinedTokenType(Lorg/jetbrains/kotlin/com/intellij/psi/tree/IElementType;I)Lorg/jetbrains/kotlin/com/in
Event: 5.941 Thread 0x00000211548ca800 DEOPT PACKING pc=0x000002115ffe698c sp=0x0000006cad8fc260
Event: 5.941 Thread 0x00000211548ca800 DEOPT UNPACKING pc=0x000002115841a1af sp=0x0000006cad8fc1f8 mode 2
Event: 6.046 Thread 0x00000211548ca800 Uncommon trap: trap_request=0xffffff4d fr.pc=0x000002115ffeb524 relative=0x0000000000000ec4
Event: 6.046 Thread 0x00000211548ca800 Uncommon trap: reason=unstable_if action=reinterpret pc=0x000002115ffeb524 method=org.jetbrains.kotlin.lexer._JetLexer.advance()Lorg/jetbrains/kotlin/com/intellij/psi/tree/IElementType; @ 403 c2
Event: 6.046 Thread 0x00000211548ca800 DEOPT PACKING pc=0x000002115ffeb524 sp=0x0000006cad8fca10
Event: 6.046 Thread 0x00000211548ca800 DEOPT UNPACKING pc=0x000002115841a1af sp=0x0000006cad8fc9a0 mode 2
Event: 6.111 Thread 0x00000211548ca800 DEOPT PACKING pc=0x0000021158f92ab0 sp=0x0000006cad8fabb0
Event: 6.111 Thread 0x00000211548ca800 DEOPT UNPACKING pc=0x000002115841a95e sp=0x0000006cad8fa0c8 mode 0
Event: 6.334 Thread 0x00000211548ca800 DEOPT PACKING pc=0x0000021158f92ab0 sp=0x0000006cad8f5c30
Event: 6.334 Thread 0x00000211548ca800 DEOPT UNPACKING pc=0x000002115841a95e sp=0x0000006cad8f5148 mode 0

Classes redefined (0 events):
No events

Internal exceptions (20 events):
Event: 1.905 Thread 0x00000211548ca800 Exception <a 'java/lang/NoSuchMethodError'{0x000000008631c668}: 'java.lang.Object java.lang.invoke.DirectMethodHandle$Holder.invokeStaticInit(java.lang.Object, int)'> (0x000000008631c668) thrown at [./src/hotspot/share/interpreter/linkResolver.cpp, line 773]
Event: 1.966 Thread 0x00000211548ca800 Exception <a 'java/lang/NoSuchMethodError'{0x000000008924a3c0}: 'long java.lang.invoke.DirectMethodHandle$Holder.invokeStatic(java.lang.Object)'> (0x000000008924a3c0) thrown at [./src/hotspot/share/interpreter/linkResolver.cpp, line 773]
Event: 1.967 Thread 0x00000211548ca800 Exception <a 'java/lang/NoSuchMethodError'{0x000000008924d218}: 'long java.lang.invoke.DirectMethodHandle$Holder.invokeStaticInit(java.lang.Object)'> (0x000000008924d218) thrown at [./src/hotspot/share/interpreter/linkResolver.cpp, line 773]
Event: 2.076 Thread 0x00000211548ca800 Exception <a 'java/lang/NoSuchMethodError'{0x0000000088e46ba8}: 'int java.lang.invoke.DirectMethodHandle$Holder.invokeStaticInit(java.lang.Object, java.lang.Object, java.lang.Object)'> (0x0000000088e46ba8) thrown at [./src/hotspot/share/interpreter/linkResolver.cpp, line 773]
Event: 2.096 Thread 0x00000211548ca800 Exception <a 'java/lang/NoSuchMethodError'{0x0000000088e72198}: 'int java.lang.invoke.DirectMethodHandle$Holder.invokeStaticInit(java.lang.Object, java.lang.Object)'> (0x0000000088e72198) thrown at [./src/hotspot/share/interpreter/linkResolver.cpp, line 773]
Event: 2.160 Thread 0x00000211548ca800 Exception <a 'java/lang/NoSuchMethodError'{0x0000000088c81e98}: 'void java.lang.invoke.DirectMethodHandle$Holder.invokeSpecial(java.lang.Object, java.lang.Object)'> (0x0000000088c81e98) thrown at [./src/hotspot/share/interpreter/linkResolver.cpp, line 773]
Event: 2.423 Thread 0x00000211548ca800 Exception <a 'java/lang/NoSuchMethodError'{0x00000000884e6800}: 'java.lang.Object java.lang.invoke.DirectMethodHandle$Holder.invokeStatic(java.lang.Object, java.lang.Object, java.lang.Object, java.lang.Object, java.lang.Object, java.lang.Object, java.lang.Object, java.lang.Object, java.lang.Object, java.lang.Object, java.lang.Object, java.lang.Object, java.lang.Object, java.lang.Object, java.lang.Object)'> (0x00000000884e6800) thrown at [./src/hotspot/share/interpreter/linkResolver.cpp, line 773]
Event: 2.425 Thread 0x00000211548ca800 Exception <a 'java/lang/NoSuchMethodError'{0x00000000884f4808}: 'java.lang.Object java.lang.invoke.DirectMethodHandle$Holder.invokeStatic(java.lang.Object, java.lang.Object, java.lang.Object, java.lang.Object, java.lang.Object, java.lang.Object, java.lang.Object, java.lang.Object, java.lang.Object, java.lang.Object, java.lang.Object, java.lang.Object, java.lang.Object, java.lang.Object, java.lang.Object, java.lang.Object)'> (0x00000000884f4808) thrown at [./src/hotspot/share/interpreter/linkResolver.cpp, l
Event: 2.427 Thread 0x00000211548ca800 Exception <a 'java/lang/NoSuchMethodError'{0x0000000088302ba0}: 'java.lang.Object java.lang.invoke.DirectMethodHandle$Holder.invokeSpecial(java.lang.Object, java.lang.Object, int, int, java.lang.Object, java.lang.Object, java.lang.Object)'> (0x0000000088302ba0) thrown at [./src/hotspot/share/interpreter/linkResolver.cpp, line 773]
Event: 2.428 Thread 0x00000211548ca800 Exception <a 'java/lang/NoSuchMethodError'{0x00000000883063d8}: 'java.lang.Object java.lang.invoke.DelegatingMethodHandle$Holder.reinvoke_L(java.lang.Object, int, int, java.lang.Object, java.lang.Object, java.lang.Object)'> (0x00000000883063d8) thrown at [./src/hotspot/share/interpreter/linkResolver.cpp, line 773]
Event: 2.429 Thread 0x00000211548ca800 Exception <a 'java/lang/NoSuchMethodError'{0x000000008830a760}: 'java.lang.Object java.lang.invoke.DirectMethodHandle$Holder.invokeStatic(java.lang.Object, java.lang.Object, java.lang.Object, java.lang.Object, int)'> (0x000000008830a760) thrown at [./src/hotspot/share/interpreter/linkResolver.cpp, line 773]
Event: 2.488 Thread 0x00000211548ca800 Exception <a 'java/lang/NoSuchMethodError'{0x000000008822efc8}: 'void java.lang.invoke.DirectMethodHandle$Holder.invokeStatic(java.lang.Object, java.lang.Object, java.lang.Object, java.lang.Object)'> (0x000000008822efc8) thrown at [./src/hotspot/share/interpreter/linkResolver.cpp, line 773]
Event: 2.575 Thread 0x00000211548ca800 Exception <a 'java/lang/NoSuchMethodError'{0x0000000087e0fb58}: 'void java.lang.invoke.DirectMethodHandle$Holder.invokeStaticInit(java.lang.Object, java.lang.Object)'> (0x0000000087e0fb58) thrown at [./src/hotspot/share/interpreter/linkResolver.cpp, line 773]
Event: 2.688 Thread 0x00000211548ca800 Exception <a 'java/lang/NoSuchMethodError'{0x0000000087a38ff0}: 'void java.lang.invoke.DirectMethodHandle$Holder.invokeVirtual(java.lang.Object, java.lang.Object)'> (0x0000000087a38ff0) thrown at [./src/hotspot/share/interpreter/linkResolver.cpp, line 773]
Event: 2.708 Thread 0x00000211548ca800 Exception <a 'java/lang/NoSuchMethodError'{0x0000000087ac1a88}: 'int java.lang.invoke.DirectMethodHandle$Holder.invokeVirtual(java.lang.Object, java.lang.Object)'> (0x0000000087ac1a88) thrown at [./src/hotspot/share/interpreter/linkResolver.cpp, line 773]
Event: 4.425 Thread 0x00000211548ca800 Exception <a 'java/lang/NoSuchMethodError'{0x00000000893a4590}: 'java.lang.Object java.lang.invoke.DirectMethodHandle$Holder.invokeVirtual(java.lang.Object, java.lang.Object, java.lang.Object)'> (0x00000000893a4590) thrown at [./src/hotspot/share/interpreter/linkResolver.cpp, line 773]
Event: 5.640 Thread 0x00000211548ca800 Exception <a 'java/lang/NoSuchMethodError'{0x000000008640ab50}: 'java.lang.Object java.lang.invoke.Invokers$Holder.linkToTargetMethod(java.lang.Object, int, java.lang.Object)'> (0x000000008640ab50) thrown at [./src/hotspot/share/interpreter/linkResolver.cpp, line 773]
Event: 6.249 Thread 0x00000211548ca800 Exception <a 'java/lang/NoSuchMethodError'{0x0000000085f41ca0}: 'java.lang.Object java.lang.invoke.DirectMethodHandle$Holder.invokeStatic(java.lang.Object, java.lang.Object, java.lang.Object, int)'> (0x0000000085f41ca0) thrown at [./src/hotspot/share/interpreter/linkResolver.cpp, line 773]
Event: 6.251 Thread 0x00000211548ca800 Exception <a 'java/lang/NoSuchMethodError'{0x0000000085f45910}: 'java.lang.Object java.lang.invoke.DirectMethodHandle$Holder.invokeSpecial(java.lang.Object, java.lang.Object, java.lang.Object, java.lang.Object, int)'> (0x0000000085f45910) thrown at [./src/hotspot/share/interpreter/linkResolver.cpp, line 773]
Event: 6.251 Thread 0x00000211548ca800 Exception <a 'java/lang/NoSuchMethodError'{0x0000000085f48c20}: 'java.lang.Object java.lang.invoke.Invokers$Holder.linkToTargetMethod(java.lang.Object, java.lang.Object, int, java.lang.Object)'> (0x0000000085f48c20) thrown at [./src/hotspot/share/interpreter/linkResolver.cpp, line 773]

Events (20 events):
Event: 6.377 loading class org/jetbrains/kotlin/cli/jvm/index/JvmDependenciesIndexImpl$SearchRequest done
Event: 6.377 loading class org/jetbrains/kotlin/cli/jvm/index/JvmDependenciesIndexImpl$traverseDirectoriesInPackage$1
Event: 6.377 loading class org/jetbrains/kotlin/cli/jvm/index/JvmDependenciesIndexImpl$traverseDirectoriesInPackage$1 done
Event: 6.378 loading class org/jetbrains/kotlin/cli/jvm/index/JvmDependenciesIndexImpl$Cache
Event: 6.378 loading class org/jetbrains/kotlin/cli/jvm/index/JvmDependenciesIndexImpl$Cache done
Event: 6.378 loading class org/jetbrains/kotlin/com/intellij/util/containers/IntArrayList
Event: 6.378 loading class org/jetbrains/kotlin/com/intellij/util/containers/IntArrayList done
Event: 6.379 loading class org/jetbrains/kotlin/cli/jvm/index/JvmDependenciesIndexImpl$WhenMappings
Event: 6.379 loading class org/jetbrains/kotlin/cli/jvm/index/JvmDependenciesIndexImpl$WhenMappings done
Event: 6.383 loading class org/jetbrains/kotlin/cli/jvm/index/JvmDependenciesIndexImpl$FindClassRequest
Event: 6.383 loading class org/jetbrains/kotlin/cli/jvm/index/JvmDependenciesIndexImpl$FindClassRequest done
Event: 6.384 loading class org/jetbrains/kotlin/cli/jvm/compiler/KotlinCliJavaFileManagerImpl$findPackage$3
Event: 6.384 loading class org/jetbrains/kotlin/cli/jvm/compiler/KotlinCliJavaFileManagerImpl$findPackage$3 done
Event: 6.385 loading class org/jetbrains/kotlin/load/java/structure/impl/JavaPackageImpl
Event: 6.385 loading class org/jetbrains/kotlin/load/java/structure/impl/JavaPackageImpl done
Event: 6.386 loading class org/jetbrains/kotlin/load/java/structure/MapBasedJavaAnnotationOwner
Event: 6.386 loading class org/jetbrains/kotlin/load/java/structure/MapBasedJavaAnnotationOwner done
Event: 6.386 loading class org/jetbrains/kotlin/load/java/structure/impl/JavaElementImpl
Event: 6.386 loading class org/jetbrains/kotlin/load/java/structure/impl/JavaElementImpl done
Event: 6.387 Executing VM operation: G1CollectForAllocation


Dynamic libraries:
0x00007ff6b0020000 - 0x00007ff6b002a000 	C:\Program Files\Android\Android Studio\jre\bin\java.exe
0x00007ff9be250000 - 0x00007ff9be464000 	C:\WINDOWS\SYSTEM32\ntdll.dll
0x00007ff9bca70000 - 0x00007ff9bcb32000 	C:\WINDOWS\System32\KERNEL32.DLL
0x00007ff9bb940000 - 0x00007ff9bbcdc000 	C:\WINDOWS\System32\KERNELBASE.dll
0x00007ff9bb6b0000 - 0x00007ff9bb7c1000 	C:\WINDOWS\System32\ucrtbase.dll
0x00007ff99c3f0000 - 0x00007ff99c409000 	C:\Program Files\Android\Android Studio\jre\bin\jli.dll
0x00007ff997260000 - 0x00007ff997277000 	C:\Program Files\Android\Android Studio\jre\bin\VCRUNTIME140.dll
0x00007ff9bd210000 - 0x00007ff9bd3ba000 	C:\WINDOWS\System32\USER32.dll
0x00007ff99e060000 - 0x00007ff99e2ee000 	C:\WINDOWS\WinSxS\amd64_microsoft.windows.common-controls_6595b64144ccf1df_6.0.22621.608_none_a9444ca7c10bb01d\COMCTL32.dll
0x00007ff9bb680000 - 0x00007ff9bb6a6000 	C:\WINDOWS\System32\win32u.dll
0x00007ff9bd160000 - 0x00007ff9bd207000 	C:\WINDOWS\System32\msvcrt.dll
0x00007ff9bcd00000 - 0x00007ff9bcd29000 	C:\WINDOWS\System32\GDI32.dll
0x00007ff9bbe10000 - 0x00007ff9bbf22000 	C:\WINDOWS\System32\gdi32full.dll
0x00007ff9bbfb0000 - 0x00007ff9bc04a000 	C:\WINDOWS\System32\msvcp_win.dll
0x00007ff9be1d0000 - 0x00007ff9be201000 	C:\WINDOWS\System32\IMM32.DLL
0x00007ff984e40000 - 0x00007ff984edd000 	C:\Program Files\Android\Android Studio\jre\bin\msvcp140.dll
0x00007ff933810000 - 0x00007ff9342f5000 	C:\Program Files\Android\Android Studio\jre\bin\server\jvm.dll
0x00007ff9be120000 - 0x00007ff9be1ce000 	C:\WINDOWS\System32\ADVAPI32.dll
0x00007ff9bd5c0000 - 0x00007ff9bd664000 	C:\WINDOWS\System32\sechost.dll
0x00007ff9bcd30000 - 0x00007ff9bce45000 	C:\WINDOWS\System32\RPCRT4.dll
0x00007ff9bcf50000 - 0x00007ff9bcf58000 	C:\WINDOWS\System32\PSAPI.DLL
0x00007ff99f310000 - 0x00007ff99f319000 	C:\WINDOWS\SYSTEM32\WSOCK32.dll
0x00007ff9b3e30000 - 0x00007ff9b3e64000 	C:\WINDOWS\SYSTEM32\WINMM.dll
0x00007ff9b4c50000 - 0x00007ff9b4c5a000 	C:\WINDOWS\SYSTEM32\VERSION.dll
0x00007ff9bd3c0000 - 0x00007ff9bd431000 	C:\WINDOWS\System32\WS2_32.dll
0x00007ff9ba7f0000 - 0x00007ff9ba808000 	C:\WINDOWS\SYSTEM32\kernel.appcore.dll
0x00007ff997ca0000 - 0x00007ff997cb1000 	C:\Program Files\Android\Android Studio\jre\bin\verify.dll
0x00007ff9b9290000 - 0x00007ff9b94be000 	C:\WINDOWS\SYSTEM32\DBGHELP.DLL
0x00007ff9bdd90000 - 0x00007ff9be119000 	C:\WINDOWS\System32\combase.dll
0x00007ff9bd4b0000 - 0x00007ff9bd587000 	C:\WINDOWS\System32\OLEAUT32.dll
0x00007ff99cf00000 - 0x00007ff99cf32000 	C:\WINDOWS\SYSTEM32\dbgcore.DLL
0x00007ff9bbf30000 - 0x00007ff9bbfab000 	C:\WINDOWS\System32\bcryptPrimitives.dll
0x00007ff997c00000 - 0x00007ff997c29000 	C:\Program Files\Android\Android Studio\jre\bin\java.dll
0x00007ff99c480000 - 0x00007ff99c48b000 	C:\Program Files\Android\Android Studio\jre\bin\jimage.dll
0x00007ff984c70000 - 0x00007ff984c88000 	C:\Program Files\Android\Android Studio\jre\bin\zip.dll
0x00007ff9bc050000 - 0x00007ff9bc82e000 	C:\WINDOWS\System32\SHELL32.dll
0x00007ff9b96f0000 - 0x00007ff9b9fa7000 	C:\WINDOWS\SYSTEM32\windows.storage.dll
0x00007ff9b95b0000 - 0x00007ff9b96ed000 	C:\WINDOWS\SYSTEM32\wintypes.dll
0x00007ff9bce50000 - 0x00007ff9bcf41000 	C:\WINDOWS\System32\SHCORE.dll
0x00007ff9bca10000 - 0x00007ff9bca6e000 	C:\WINDOWS\System32\shlwapi.dll
0x00007ff9bb5b0000 - 0x00007ff9bb5d1000 	C:\WINDOWS\SYSTEM32\profapi.dll
0x00007ff984c50000 - 0x00007ff984c6a000 	C:\Program Files\Android\Android Studio\jre\bin\net.dll
0x00007ff9b3b10000 - 0x00007ff9b3c3f000 	C:\WINDOWS\SYSTEM32\WINHTTP.dll
0x00007ff9bac50000 - 0x00007ff9bacb9000 	C:\WINDOWS\system32\mswsock.dll
0x00007ff984c30000 - 0x00007ff984c44000 	C:\Program Files\Android\Android Studio\jre\bin\nio.dll

dbghelp: loaded successfully - version: 4.0.5 - missing functions: none
symbol engine: initialized successfully - sym options: 0x614 - pdb path: .;C:\Program Files\Android\Android Studio\jre\bin;C:\WINDOWS\SYSTEM32;C:\WINDOWS\WinSxS\amd64_microsoft.windows.common-controls_6595b64144ccf1df_6.0.22621.608_none_a9444ca7c10bb01d;C:\Program Files\Android\Android Studio\jre\bin\server

VM Arguments:
java_command: org.jetbrains.kotlin.cli.jvm.K2JVMCompiler @C:\Users\jeova\Desktop\Entrega_Final\AppAtizap-n\app\build\20221018_6452060345049463788.compiler.options
java_class_path (initial): C:\Users\jeova\.gradle\caches\modules-2\files-2.1\org.jetbrains.kotlin\kotlin-compiler-embeddable\1.7.10\909803167c98606fcf22b4c848647c68e351d48d\kotlin-compiler-embeddable-1.7.10.jar;C:\Users\jeova\.gradle\caches\modules-2\files-2.1\org.jetbrains.kotlin\kotlin-reflect\1.7.10\165e600dfea6185cf5efa700756294cc4904dbeb\kotlin-reflect-1.7.10.jar;C:\Users\jeova\.gradle\caches\modules-2\files-2.1\org.jetbrains.kotlin\kotlin-stdlib\1.7.10\d2abf9e77736acc4450dc4a3f707fa2c10f5099d\kotlin-stdlib-1.7.10.jar;C:\Users\jeova\.gradle\caches\modules-2\files-2.1\org.jetbrains.kotlin\kotlin-script-runtime\1.7.10\c99c87a6988d8fd8d5142e9ed5c9f34a7cf561ee\kotlin-script-runtime-1.7.10.jar;C:\Users\jeova\.gradle\caches\modules-2\files-2.1\org.jetbrains.kotlin\kotlin-daemon-embeddable\1.7.10\3a9f7aef7080d3ae63126cbba4f827ed664f32fa\kotlin-daemon-embeddable-1.7.10.jar;C:\Users\jeova\.gradle\caches\modules-2\files-2.1\org.jetbrains.intellij.deps\trove4j\1.0.20200330\3afb14d5f9ceb459d724e907a21145e8ff394f02\trove4j-1.0.20200330.jar;C:\Users\jeova\.gradle\caches\modules-2\files-2.1\net.java.dev.jna\jna\5.6.0\330f2244e9030119ab3030fc3fededc86713d9cc\jna-5.6.0.jar;C:\Users\jeova\.gradle\caches\modules-2\files-2.1\org.jetbrains.kotlin\kotlin-stdlib-common\1.7.10\bac80c520d0a9e3f3673bc2658c6ed02ef45a76a\kotlin-stdlib-common-1.7.10.jar;C:\Users\jeova\.gradle\caches\modules-2\files-2.1\org.jetbrains\annotations\13.0\919f0dfe192fb4e063e7dacadee7f8bb9a2672a9\annotations-13.0.jar
Launcher Type: SUN_STANDARD

[Global flags]
     intx CICompilerCount                          = 3                                         {product} {ergonomic}
     uint ConcGCThreads                            = 1                                         {product} {ergonomic}
     uint G1ConcRefinementThreads                  = 4                                         {product} {ergonomic}
   size_t G1HeapRegionSize                         = 1048576                                   {product} {ergonomic}
    uintx GCDrainStackTargetSize                   = 64                                        {product} {ergonomic}
   size_t InitialHeapSize                          = 134217728                                 {product} {ergonomic}
   size_t MarkStackSize                            = 4194304                                   {product} {ergonomic}
   size_t MaxHeapSize                              = 2126512128                                {product} {ergonomic}
   size_t MaxNewSize                               = 1275068416                                {product} {ergonomic}
   size_t MinHeapDeltaBytes                        = 1048576                                   {product} {ergonomic}
    uintx NonNMethodCodeHeapSize                   = 5830732                                {pd product} {ergonomic}
    uintx NonProfiledCodeHeapSize                  = 122913754                              {pd product} {ergonomic}
    uintx ProfiledCodeHeapSize                     = 122913754                              {pd product} {ergonomic}
    uintx ReservedCodeCacheSize                    = 251658240                              {pd product} {ergonomic}
     bool SegmentedCodeCache                       = true                                      {product} {ergonomic}
     bool UseCompressedClassPointers               = true                                 {lp64_product} {ergonomic}
     bool UseCompressedOops                        = true                                 {lp64_product} {ergonomic}
     bool UseG1GC                                  = true                                      {product} {ergonomic}
     bool UseLargePagesIndividualAllocation        = false                                  {pd product} {ergonomic}

Logging:
Log output configuration:
 #0: stdout all=warning uptime,level,tags
 #1: stderr all=off uptime,level,tags

Environment Variables:
PATH=C:\Program Files (x86)\Common Files\Oracle\Java\javapath;C:\WINDOWS\system32;C:\WINDOWS;C:\WINDOWS\System32\Wbem;C:\WINDOWS\System32\WindowsPowerShell\v1.0\;C:\WINDOWS\System32\OpenSSH\;C:\Program Files\MATLAB\R2020b\bin;C:\Program Files\dotnet\;C:\Program Files\Microsoft SQL Server\Client SDK\ODBC\170\Tools\Binn\;C:\Program Files\Azure Data Studio\bin;C:\Program Files\nodejs\;C:\Program Files (x86)\Microsoft SQL Server\150\DTS\Binn\;C:\Program Files (x86)\Microsoft SQL Server\150\Tools\Binn\;C:\Program Files\Microsoft SQL Server\150\Tools\Binn\;C:\Program Files\Microsoft SQL Server\150\DTS\Binn\;C:\Program Files\Microsoft SQL Server\130\Tools\Binn\;C:\Program Files (x86)\dotnet\;C:\Program Files\Git\cmd;C:\Program Files\Intel\Intel(R) Memory and Storage Tool\;C:\Users\jeova\AppData\Local\Programs\Python\Python39\Scripts\;C:\Users\jeova\AppData\Local\Programs\Python\Python39\;C:\Users\jeova\AppData\Local\Microsoft\WindowsApps;C:\Users\jeova\AppData\Local\Programs\Microsoft VS Code\bin;C:\Users\jeova\.dotnet\tools;C:\Program Files\Azure Data Studio\bin;C:\Users\jeova\AppData\Roaming\npm;C:\Users\jeova\AppData\Local\GitHubDesktop\bin;C:\Users\jeova\OneDrive\Escritorio\ESCRITORIO\CEM;
USERNAME=jeova
OS=Windows_NT
PROCESSOR_IDENTIFIER=Intel64 Family 6 Model 142 Stepping 10, GenuineIntel



---------------  S Y S T E M  ---------------

OS: Windows 10 , 64 bit Build 22621 (10.0.22621.608)
OS uptime: 0 days 1:35 hours

CPU:total 4 (initial active 4) (2 cores per cpu, 2 threads per core) family 6 model 142 stepping 10 microcode 0xe0, cmov, cx8, fxsr, mmx, sse, sse2, sse3, ssse3, sse4.1, sse4.2, popcnt, avx, avx2, aes, clmul, erms, 3dnowpref, lzcnt, ht, tsc, tscinvbit, bmi1, bmi2, adx, fma

Memory: 4k page, system-wide physical 8107M (673M free)
TotalPageFile size 8107M (AvailPageFile size 9M)
current process WorkingSet (physical memory assigned to process): 222M, peak: 222M
current process commit charge ("private bytes"): 296M, peak: 323M

vm_info: OpenJDK 64-Bit Server VM (11.0.12+7-b1504.28-7817840) for windows-amd64 JRE (11.0.12+7-b1504.28-7817840), built on Oct 13 2021 22:12:33 by "builder" with MS VC++ 14.0 (VS2015)

END.
