#
# There is insufficient memory for the Java Runtime Environment to continue.
# Native memory allocation (malloc) failed to allocate 1833456 bytes for Chunk::new
# Possible reasons:
#   The system is out of physical RAM or swap space
#   The process is running with CompressedOops enabled, and the Java Heap may be blocking the growth of the native heap
# Possible solutions:
#   Reduce memory load on the system
#   Increase physical memory or swap space
#   Check if swap backing store is full
#   Decrease Java heap size (-Xmx/-Xms)
#   Decrease number of Java threads
#   Decrease Java thread stack sizes (-Xss)
#   Set larger code cache with -XX:ReservedCodeCacheSize=
#   JVM is running with Unscaled Compressed Oops mode in which the Java heap is
#     placed in the first 4GB address space. The Java Heap base address is the
#     maximum limit for the native heap growth. Please use -XX:HeapBaseMinAddress
#     to set the Java Heap base and to place the Java Heap above 4GB virtual address.
# This output file may be truncated or incomplete.
#
#  Out of Memory Error (./src/hotspot/share/memory/arena.cpp:197), pid=12436, tid=15960
#
# JRE version: OpenJDK Runtime Environment (11.0.12+7) (build 11.0.12+7-b1504.28-7817840)
# Java VM: OpenJDK 64-Bit Server VM (11.0.12+7-b1504.28-7817840, mixed mode, tiered, compressed oops, g1 gc, windows-amd64)
# No core dump will be written. Minidumps are not enabled by default on client versions of Windows
#

---------------  S U M M A R Y ------------

Command Line: --add-opens=java.base/java.util=ALL-UNNAMED --add-opens=java.base/java.lang=ALL-UNNAMED --add-opens=java.base/java.lang.invoke=ALL-UNNAMED --add-opens=java.base/java.util=ALL-UNNAMED --add-opens=java.prefs/java.util.prefs=ALL-UNNAMED --add-opens=java.prefs/java.util.prefs=ALL-UNNAMED --add-opens=java.base/java.nio.charset=ALL-UNNAMED --add-opens=java.base/java.net=ALL-UNNAMED --add-opens=java.base/java.util.concurrent.atomic=ALL-UNNAMED -Xmx2048m -Dfile.encoding=UTF-8 -Duser.country=MX -Duser.language=es -Duser.variant org.gradle.launcher.daemon.bootstrap.GradleDaemon 7.3.3

Host: Intel(R) Core(TM) i3-7020U CPU @ 2.30GHz, 4 cores, 7G,  Windows 10 , 64 bit Build 22621 (10.0.22621.608)
Time: Sun Oct  9 13:49:32 2022 Hora de verano central (México) elapsed time: 6.583532 seconds (0d 0h 0m 6s)

---------------  T H R E A D  ---------------

Current thread (0x000001d49e04a800):  JavaThread "C2 CompilerThread1" daemon [_thread_in_native, id=15960, stack(0x0000006653d00000,0x0000006653e00000)]


Current CompileTask:
C2:   6583 2328   !   4       java.net.URLClassLoader$1::run (63 bytes)

Stack: [0x0000006653d00000,0x0000006653e00000]
Native frames: (J=compiled Java code, j=interpreted, Vv=VM code, C=native code)
V  [jvm.dll+0x5fbcea]
V  [jvm.dll+0x731905]
V  [jvm.dll+0x732f1d]
V  [jvm.dll+0x7335d3]
V  [jvm.dll+0x247bf8]
V  [jvm.dll+0xc018c]
V  [jvm.dll+0xc06cc]
V  [jvm.dll+0x35b2db]
V  [jvm.dll+0x328803]
V  [jvm.dll+0x327cfa]
V  [jvm.dll+0x200602]
V  [jvm.dll+0x1ff794]
V  [jvm.dll+0x18868c]
V  [jvm.dll+0x20e0d7]
V  [jvm.dll+0x20c901]
V  [jvm.dll+0x6f9b7f]
V  [jvm.dll+0x6f26a5]
V  [jvm.dll+0x5fabf6]
C  [ucrtbase.dll+0x29363]
C  [KERNEL32.DLL+0x1244d]
C  [ntdll.dll+0x5df78]


---------------  P R O C E S S  ---------------

Threads class SMR info:
_java_thread_list=0x000001d4a17a3b20, length=29, elements={
0x000001d484428800, 0x000001d49e01d000, 0x000001d49e020800, 0x000001d49e9d4800,
0x000001d49e9d5800, 0x000001d49e9d9000, 0x000001d49e9dd800, 0x000001d49e045800,
0x000001d49e04c800, 0x000001d49eb26800, 0x000001d49fd56000, 0x000001d4a11cd000,
0x000001d4a01ae800, 0x000001d4a0d75000, 0x000001d4a1f83800, 0x000001d49fe62000,
0x000001d4a0269800, 0x000001d4a09b0800, 0x000001d4a1337800, 0x000001d49e045000,
0x000001d49e049000, 0x000001d49e04a000, 0x000001d49e046800, 0x000001d49e044000,
0x000001d49e04a800, 0x000001d49e047800, 0x000001d49e048000, 0x000001d4a198b800,
0x000001d4a198d000
}

Java Threads: ( => current thread )
  0x000001d484428800 JavaThread "main" [_thread_blocked, id=12604, stack(0x0000006651b00000,0x0000006651c00000)]
  0x000001d49e01d000 JavaThread "Reference Handler" daemon [_thread_blocked, id=15260, stack(0x0000006652200000,0x0000006652300000)]
  0x000001d49e020800 JavaThread "Finalizer" daemon [_thread_blocked, id=15596, stack(0x0000006652300000,0x0000006652400000)]
  0x000001d49e9d4800 JavaThread "Signal Dispatcher" daemon [_thread_blocked, id=11828, stack(0x0000006652400000,0x0000006652500000)]
  0x000001d49e9d5800 JavaThread "Attach Listener" daemon [_thread_blocked, id=11148, stack(0x0000006652500000,0x0000006652600000)]
  0x000001d49e9d9000 JavaThread "Service Thread" daemon [_thread_blocked, id=13760, stack(0x0000006652600000,0x0000006652700000)]
  0x000001d49e9dd800 JavaThread "C2 CompilerThread0" daemon [_thread_in_native, id=4788, stack(0x0000006652700000,0x0000006652800000)]
  0x000001d49e045800 JavaThread "C1 CompilerThread0" daemon [_thread_blocked, id=432, stack(0x0000006652800000,0x0000006652900000)]
  0x000001d49e04c800 JavaThread "Sweeper thread" daemon [_thread_blocked, id=13708, stack(0x0000006652900000,0x0000006652a00000)]
  0x000001d49eb26800 JavaThread "Common-Cleaner" daemon [_thread_blocked, id=5180, stack(0x0000006652a00000,0x0000006652b00000)]
  0x000001d49fd56000 JavaThread "Daemon health stats" [_thread_blocked, id=1656, stack(0x0000006652f00000,0x0000006653000000)]
  0x000001d4a11cd000 JavaThread "Incoming local TCP Connector on port 64342" [_thread_in_native, id=7416, stack(0x0000006652c00000,0x0000006652d00000)]
  0x000001d4a01ae800 JavaThread "Daemon periodic checks" [_thread_blocked, id=16612, stack(0x0000006653000000,0x0000006653100000)]
  0x000001d4a0d75000 JavaThread "Daemon" [_thread_blocked, id=6908, stack(0x0000006653100000,0x0000006653200000)]
  0x000001d4a1f83800 JavaThread "Handler for socket connection from /127.0.0.1:64342 to /127.0.0.1:64343" [_thread_in_native, id=15844, stack(0x0000006653200000,0x0000006653300000)]
  0x000001d49fe62000 JavaThread "Cancel handler" [_thread_blocked, id=8044, stack(0x0000006653300000,0x0000006653400000)]
  0x000001d4a0269800 JavaThread "Daemon worker" [_thread_in_Java, id=9964, stack(0x0000006653400000,0x0000006653500000)]
  0x000001d4a09b0800 JavaThread "Asynchronous log dispatcher for DefaultDaemonConnection: socket connection from /127.0.0.1:64342 to /127.0.0.1:64343" [_thread_blocked, id=12960, stack(0x0000006653500000,0x0000006653600000)]
  0x000001d4a1337800 JavaThread "Stdin handler" [_thread_blocked, id=2644, stack(0x0000006653600000,0x0000006653700000)]
  0x000001d49e045000 JavaThread "Daemon client event forwarder" [_thread_blocked, id=3960, stack(0x0000006653700000,0x0000006653800000)]
  0x000001d49e049000 JavaThread "Cache worker for journal cache (C:\Users\jeova\.gradle\caches\journal-1)" [_thread_blocked, id=12196, stack(0x0000006653900000,0x0000006653a00000)]
  0x000001d49e04a000 JavaThread "File lock request listener" [_thread_in_native, id=3088, stack(0x0000006653a00000,0x0000006653b00000)]
  0x000001d49e046800 JavaThread "Cache worker for file hash cache (C:\Users\jeova\.gradle\caches\7.3.3\fileHashes)" [_thread_blocked, id=14272, stack(0x0000006653b00000,0x0000006653c00000)]
  0x000001d49e044000 JavaThread "Cache worker for file hash cache (C:\Users\jeova\Desktop\Proyecto\ProyectoEquipo4 (1)\ProyectoEquipo4\.gradle\7.3.3\fileHashes)" [_thread_blocked, id=16496, stack(0x0000006653c00000,0x0000006653d00000)]
=>0x000001d49e04a800 JavaThread "C2 CompilerThread1" daemon [_thread_in_native, id=15960, stack(0x0000006653d00000,0x0000006653e00000)]
  0x000001d49e047800 JavaThread "File watcher server" daemon [_thread_in_native, id=10924, stack(0x0000006653e00000,0x0000006653f00000)]
  0x000001d49e048000 JavaThread "File watcher consumer" daemon [_thread_blocked, id=1120, stack(0x0000006653f00000,0x0000006654000000)]
  0x000001d4a198b800 JavaThread "Cache worker for checksums cache (C:\Users\jeova\Desktop\Proyecto\ProyectoEquipo4 (1)\ProyectoEquipo4\.gradle\7.3.3\checksums)" [_thread_blocked, id=3192, stack(0x0000006654000000,0x0000006654100000)]
  0x000001d4a198d000 JavaThread "Cache worker for cache directory md-supplier (C:\Users\jeova\.gradle\caches\7.3.3\md-supplier)" [_thread_blocked, id=3480, stack(0x0000006654100000,0x0000006654200000)]

Other Threads:
  0x000001d49e018800 VMThread "VM Thread" [stack: 0x0000006652100000,0x0000006652200000] [id=14348]
  0x000001d49eb4e000 WatcherThread [stack: 0x0000006652b00000,0x0000006652c00000] [id=7844]
  0x000001d484443000 GCTaskThread "GC Thread#0" [stack: 0x0000006651c00000,0x0000006651d00000] [id=14280]
  0x000001d49f14c800 GCTaskThread "GC Thread#1" [stack: 0x0000006652d00000,0x0000006652e00000] [id=2536]
  0x000001d49f83b800 GCTaskThread "GC Thread#2" [stack: 0x0000006652e00000,0x0000006652f00000] [id=12440]
  0x000001d4a0526000 GCTaskThread "GC Thread#3" [stack: 0x0000006653800000,0x0000006653900000] [id=3548]
  0x000001d484474800 ConcurrentGCThread "G1 Main Marker" [stack: 0x0000006651d00000,0x0000006651e00000] [id=11952]
  0x000001d484478000 ConcurrentGCThread "G1 Conc#0" [stack: 0x0000006651e00000,0x0000006651f00000] [id=12128]
  0x000001d49de70800 ConcurrentGCThread "G1 Refine#0" [stack: 0x0000006651f00000,0x0000006652000000] [id=4692]
  0x000001d49de71800 ConcurrentGCThread "G1 Young RemSet Sampling" [stack: 0x0000006652000000,0x0000006652100000] [id=15920]

Threads with active compile tasks:
C2 CompilerThread0   6688 2329   !   4       java.net.URL::<init> (543 bytes)
C2 CompilerThread1   6688 2328   !   4       java.net.URLClassLoader$1::run (63 bytes)

VM state:not at safepoint (normal execution)

VM Mutex/Monitor currently owned by a thread: None

Heap address: 0x0000000080000000, size: 2048 MB, Compressed Oops mode: 32-bit
Narrow klass base: 0x0000000000000000, Narrow klass shift: 3
Compressed class space size: 1073741824 Address: 0x0000000100000000

Heap:
 garbage-first heap   total 157696K, used 43007K [0x0000000080000000, 0x0000000100000000)
  region size 1024K, 27 young (27648K), 3 survivors (3072K)
 Metaspace       used 28632K, capacity 29322K, committed 29440K, reserved 1077248K
  class space    used 3792K, capacity 4027K, committed 4096K, reserved 1048576K
Heap Regions: E=young(eden), S=young(survivor), O=old, HS=humongous(starts), HC=humongous(continues), CS=collection set, F=free, A=archive, TAMS=top-at-mark-start (previous, next)
|   0|0x0000000080000000, 0x0000000080100000, 0x0000000080100000|100%| O|  |TAMS 0x0000000080100000, 0x0000000080000000| Untracked 
|   1|0x0000000080100000, 0x0000000080200000, 0x0000000080200000|100%| O|  |TAMS 0x0000000080200000, 0x0000000080100000| Untracked 
|   2|0x0000000080200000, 0x0000000080300000, 0x0000000080300000|100%| O|  |TAMS 0x0000000080300000, 0x0000000080200000| Untracked 
|   3|0x0000000080300000, 0x0000000080400000, 0x0000000080400000|100%|HS|  |TAMS 0x0000000080400000, 0x0000000080300000| Complete 
|   4|0x0000000080400000, 0x0000000080500000, 0x0000000080500000|100%|HC|  |TAMS 0x0000000080500000, 0x0000000080400000| Complete 
|   5|0x0000000080500000, 0x0000000080600000, 0x0000000080600000|100%|HC|  |TAMS 0x0000000080600000, 0x0000000080500000| Complete 
|   6|0x0000000080600000, 0x0000000080700000, 0x0000000080700000|100%| O|  |TAMS 0x0000000080700000, 0x0000000080600000| Untracked 
|   7|0x0000000080700000, 0x0000000080800000, 0x0000000080800000|100%| O|  |TAMS 0x0000000080800000, 0x0000000080700000| Untracked 
|   8|0x0000000080800000, 0x0000000080900000, 0x0000000080900000|100%| O|  |TAMS 0x0000000080900000, 0x0000000080800000| Untracked 
|   9|0x0000000080900000, 0x0000000080a00000, 0x0000000080a00000|100%| O|  |TAMS 0x0000000080a00000, 0x0000000080900000| Untracked 
|  10|0x0000000080a00000, 0x0000000080b00000, 0x0000000080b00000|100%| O|  |TAMS 0x0000000080b00000, 0x0000000080a00000| Untracked 
|  11|0x0000000080b00000, 0x0000000080c00000, 0x0000000080c00000|100%| O|  |TAMS 0x0000000080c00000, 0x0000000080b00000| Untracked 
|  12|0x0000000080c00000, 0x0000000080d00000, 0x0000000080d00000|100%| O|  |TAMS 0x0000000080d00000, 0x0000000080c00000| Untracked 
|  13|0x0000000080d00000, 0x0000000080e00000, 0x0000000080e00000|100%| O|  |TAMS 0x0000000080e00000, 0x0000000080d00000| Untracked 
|  14|0x0000000080e00000, 0x0000000080f00000, 0x0000000080f00000|100%| O|  |TAMS 0x0000000080f00000, 0x0000000080e00000| Untracked 
|  15|0x0000000080f00000, 0x0000000080fffe00, 0x0000000081000000| 99%| O|  |TAMS 0x0000000080fffe00, 0x0000000080f00000| Untracked 
|  16|0x0000000081000000, 0x0000000081000000, 0x0000000081100000|  0%| F|  |TAMS 0x0000000081000000, 0x0000000081000000| Untracked 
|  17|0x0000000081100000, 0x0000000081100000, 0x0000000081200000|  0%| F|  |TAMS 0x0000000081100000, 0x0000000081100000| Untracked 
|  18|0x0000000081200000, 0x0000000081200000, 0x0000000081300000|  0%| F|  |TAMS 0x0000000081200000, 0x0000000081200000| Untracked 
|  19|0x0000000081300000, 0x0000000081300000, 0x0000000081400000|  0%| F|  |TAMS 0x0000000081300000, 0x0000000081300000| Untracked 
|  20|0x0000000081400000, 0x0000000081400000, 0x0000000081500000|  0%| F|  |TAMS 0x0000000081400000, 0x0000000081400000| Untracked 
|  21|0x0000000081500000, 0x0000000081500000, 0x0000000081600000|  0%| F|  |TAMS 0x0000000081500000, 0x0000000081500000| Untracked 
|  22|0x0000000081600000, 0x0000000081600000, 0x0000000081700000|  0%| F|  |TAMS 0x0000000081600000, 0x0000000081600000| Untracked 
|  23|0x0000000081700000, 0x0000000081700000, 0x0000000081800000|  0%| F|  |TAMS 0x0000000081700000, 0x0000000081700000| Untracked 
|  24|0x0000000081800000, 0x0000000081800000, 0x0000000081900000|  0%| F|  |TAMS 0x0000000081800000, 0x0000000081800000| Untracked 
|  25|0x0000000081900000, 0x0000000081900000, 0x0000000081a00000|  0%| F|  |TAMS 0x0000000081900000, 0x0000000081900000| Untracked 
|  26|0x0000000081a00000, 0x0000000081a00000, 0x0000000081b00000|  0%| F|  |TAMS 0x0000000081a00000, 0x0000000081a00000| Untracked 
|  27|0x0000000081b00000, 0x0000000081b00000, 0x0000000081c00000|  0%| F|  |TAMS 0x0000000081b00000, 0x0000000081b00000| Untracked 
|  28|0x0000000081c00000, 0x0000000081c00000, 0x0000000081d00000|  0%| F|  |TAMS 0x0000000081c00000, 0x0000000081c00000| Untracked 
|  29|0x0000000081d00000, 0x0000000081d00000, 0x0000000081e00000|  0%| F|  |TAMS 0x0000000081d00000, 0x0000000081d00000| Untracked 
|  30|0x0000000081e00000, 0x0000000081e00000, 0x0000000081f00000|  0%| F|  |TAMS 0x0000000081e00000, 0x0000000081e00000| Untracked 
|  31|0x0000000081f00000, 0x0000000081f00000, 0x0000000082000000|  0%| F|  |TAMS 0x0000000081f00000, 0x0000000081f00000| Untracked 
|  32|0x0000000082000000, 0x0000000082000000, 0x0000000082100000|  0%| F|  |TAMS 0x0000000082000000, 0x0000000082000000| Untracked 
|  33|0x0000000082100000, 0x0000000082100000, 0x0000000082200000|  0%| F|  |TAMS 0x0000000082100000, 0x0000000082100000| Untracked 
|  34|0x0000000082200000, 0x0000000082200000, 0x0000000082300000|  0%| F|  |TAMS 0x0000000082200000, 0x0000000082200000| Untracked 
|  35|0x0000000082300000, 0x0000000082300000, 0x0000000082400000|  0%| F|  |TAMS 0x0000000082300000, 0x0000000082300000| Untracked 
|  36|0x0000000082400000, 0x0000000082400000, 0x0000000082500000|  0%| F|  |TAMS 0x0000000082400000, 0x0000000082400000| Untracked 
|  37|0x0000000082500000, 0x0000000082500000, 0x0000000082600000|  0%| F|  |TAMS 0x0000000082500000, 0x0000000082500000| Untracked 
|  38|0x0000000082600000, 0x0000000082600000, 0x0000000082700000|  0%| F|  |TAMS 0x0000000082600000, 0x0000000082600000| Untracked 
|  39|0x0000000082700000, 0x0000000082700000, 0x0000000082800000|  0%| F|  |TAMS 0x0000000082700000, 0x0000000082700000| Untracked 
|  40|0x0000000082800000, 0x0000000082800000, 0x0000000082900000|  0%| F|  |TAMS 0x0000000082800000, 0x0000000082800000| Untracked 
|  41|0x0000000082900000, 0x0000000082900000, 0x0000000082a00000|  0%| F|  |TAMS 0x0000000082900000, 0x0000000082900000| Untracked 
|  42|0x0000000082a00000, 0x0000000082a00000, 0x0000000082b00000|  0%| F|  |TAMS 0x0000000082a00000, 0x0000000082a00000| Untracked 
|  43|0x0000000082b00000, 0x0000000082b00000, 0x0000000082c00000|  0%| F|  |TAMS 0x0000000082b00000, 0x0000000082b00000| Untracked 
|  44|0x0000000082c00000, 0x0000000082c00000, 0x0000000082d00000|  0%| F|  |TAMS 0x0000000082c00000, 0x0000000082c00000| Untracked 
|  45|0x0000000082d00000, 0x0000000082d00000, 0x0000000082e00000|  0%| F|  |TAMS 0x0000000082d00000, 0x0000000082d00000| Untracked 
|  46|0x0000000082e00000, 0x0000000082e00000, 0x0000000082f00000|  0%| F|  |TAMS 0x0000000082e00000, 0x0000000082e00000| Untracked 
|  47|0x0000000082f00000, 0x0000000082f00000, 0x0000000083000000|  0%| F|  |TAMS 0x0000000082f00000, 0x0000000082f00000| Untracked 
|  48|0x0000000083000000, 0x0000000083000000, 0x0000000083100000|  0%| F|  |TAMS 0x0000000083000000, 0x0000000083000000| Untracked 
|  49|0x0000000083100000, 0x0000000083100000, 0x0000000083200000|  0%| F|  |TAMS 0x0000000083100000, 0x0000000083100000| Untracked 
|  50|0x0000000083200000, 0x0000000083200000, 0x0000000083300000|  0%| F|  |TAMS 0x0000000083200000, 0x0000000083200000| Untracked 
|  51|0x0000000083300000, 0x0000000083300000, 0x0000000083400000|  0%| F|  |TAMS 0x0000000083300000, 0x0000000083300000| Untracked 
|  52|0x0000000083400000, 0x0000000083400000, 0x0000000083500000|  0%| F|  |TAMS 0x0000000083400000, 0x0000000083400000| Untracked 
|  53|0x0000000083500000, 0x0000000083500000, 0x0000000083600000|  0%| F|  |TAMS 0x0000000083500000, 0x0000000083500000| Untracked 
|  54|0x0000000083600000, 0x0000000083600000, 0x0000000083700000|  0%| F|  |TAMS 0x0000000083600000, 0x0000000083600000| Untracked 
|  55|0x0000000083700000, 0x0000000083700000, 0x0000000083800000|  0%| F|  |TAMS 0x0000000083700000, 0x0000000083700000| Untracked 
|  56|0x0000000083800000, 0x0000000083800000, 0x0000000083900000|  0%| F|  |TAMS 0x0000000083800000, 0x0000000083800000| Untracked 
|  57|0x0000000083900000, 0x0000000083900000, 0x0000000083a00000|  0%| F|  |TAMS 0x0000000083900000, 0x0000000083900000| Untracked 
|  58|0x0000000083a00000, 0x0000000083a00000, 0x0000000083b00000|  0%| F|  |TAMS 0x0000000083a00000, 0x0000000083a00000| Untracked 
|  59|0x0000000083b00000, 0x0000000083b00000, 0x0000000083c00000|  0%| F|  |TAMS 0x0000000083b00000, 0x0000000083b00000| Untracked 
|  60|0x0000000083c00000, 0x0000000083c00000, 0x0000000083d00000|  0%| F|  |TAMS 0x0000000083c00000, 0x0000000083c00000| Untracked 
|  61|0x0000000083d00000, 0x0000000083d00000, 0x0000000083e00000|  0%| F|  |TAMS 0x0000000083d00000, 0x0000000083d00000| Untracked 
|  62|0x0000000083e00000, 0x0000000083e00000, 0x0000000083f00000|  0%| F|  |TAMS 0x0000000083e00000, 0x0000000083e00000| Untracked 
|  63|0x0000000083f00000, 0x0000000083f00000, 0x0000000084000000|  0%| F|  |TAMS 0x0000000083f00000, 0x0000000083f00000| Untracked 
|  64|0x0000000084000000, 0x0000000084000000, 0x0000000084100000|  0%| F|  |TAMS 0x0000000084000000, 0x0000000084000000| Untracked 
|  65|0x0000000084100000, 0x0000000084100000, 0x0000000084200000|  0%| F|  |TAMS 0x0000000084100000, 0x0000000084100000| Untracked 
|  66|0x0000000084200000, 0x0000000084200000, 0x0000000084300000|  0%| F|  |TAMS 0x0000000084200000, 0x0000000084200000| Untracked 
|  67|0x0000000084300000, 0x0000000084300000, 0x0000000084400000|  0%| F|  |TAMS 0x0000000084300000, 0x0000000084300000| Untracked 
|  68|0x0000000084400000, 0x0000000084400000, 0x0000000084500000|  0%| F|  |TAMS 0x0000000084400000, 0x0000000084400000| Untracked 
|  69|0x0000000084500000, 0x0000000084500000, 0x0000000084600000|  0%| F|  |TAMS 0x0000000084500000, 0x0000000084500000| Untracked 
|  70|0x0000000084600000, 0x0000000084600000, 0x0000000084700000|  0%| F|  |TAMS 0x0000000084600000, 0x0000000084600000| Untracked 
|  71|0x0000000084700000, 0x0000000084700000, 0x0000000084800000|  0%| F|  |TAMS 0x0000000084700000, 0x0000000084700000| Untracked 
|  72|0x0000000084800000, 0x0000000084800000, 0x0000000084900000|  0%| F|  |TAMS 0x0000000084800000, 0x0000000084800000| Untracked 
|  73|0x0000000084900000, 0x0000000084900000, 0x0000000084a00000|  0%| F|  |TAMS 0x0000000084900000, 0x0000000084900000| Untracked 
|  74|0x0000000084a00000, 0x0000000084a00000, 0x0000000084b00000|  0%| F|  |TAMS 0x0000000084a00000, 0x0000000084a00000| Untracked 
|  75|0x0000000084b00000, 0x0000000084b00000, 0x0000000084c00000|  0%| F|  |TAMS 0x0000000084b00000, 0x0000000084b00000| Untracked 
|  76|0x0000000084c00000, 0x0000000084c00000, 0x0000000084d00000|  0%| F|  |TAMS 0x0000000084c00000, 0x0000000084c00000| Untracked 
|  77|0x0000000084d00000, 0x0000000084d00000, 0x0000000084e00000|  0%| F|  |TAMS 0x0000000084d00000, 0x0000000084d00000| Untracked 
|  78|0x0000000084e00000, 0x0000000084e00000, 0x0000000084f00000|  0%| F|  |TAMS 0x0000000084e00000, 0x0000000084e00000| Untracked 
|  79|0x0000000084f00000, 0x0000000084f00000, 0x0000000085000000|  0%| F|  |TAMS 0x0000000084f00000, 0x0000000084f00000| Untracked 
|  80|0x0000000085000000, 0x0000000085000000, 0x0000000085100000|  0%| F|  |TAMS 0x0000000085000000, 0x0000000085000000| Untracked 
|  81|0x0000000085100000, 0x0000000085100000, 0x0000000085200000|  0%| F|  |TAMS 0x0000000085100000, 0x0000000085100000| Untracked 
|  82|0x0000000085200000, 0x0000000085200000, 0x0000000085300000|  0%| F|  |TAMS 0x0000000085200000, 0x0000000085200000| Untracked 
|  83|0x0000000085300000, 0x0000000085300000, 0x0000000085400000|  0%| F|  |TAMS 0x0000000085300000, 0x0000000085300000| Untracked 
|  84|0x0000000085400000, 0x0000000085400000, 0x0000000085500000|  0%| F|  |TAMS 0x0000000085400000, 0x0000000085400000| Untracked 
|  85|0x0000000085500000, 0x0000000085500000, 0x0000000085600000|  0%| F|  |TAMS 0x0000000085500000, 0x0000000085500000| Untracked 
|  86|0x0000000085600000, 0x0000000085600000, 0x0000000085700000|  0%| F|  |TAMS 0x0000000085600000, 0x0000000085600000| Untracked 
|  87|0x0000000085700000, 0x0000000085700000, 0x0000000085800000|  0%| F|  |TAMS 0x0000000085700000, 0x0000000085700000| Untracked 
|  88|0x0000000085800000, 0x0000000085800000, 0x0000000085900000|  0%| F|  |TAMS 0x0000000085800000, 0x0000000085800000| Untracked 
|  89|0x0000000085900000, 0x0000000085900000, 0x0000000085a00000|  0%| F|  |TAMS 0x0000000085900000, 0x0000000085900000| Untracked 
|  90|0x0000000085a00000, 0x0000000085a00000, 0x0000000085b00000|  0%| F|  |TAMS 0x0000000085a00000, 0x0000000085a00000| Untracked 
|  91|0x0000000085b00000, 0x0000000085b00000, 0x0000000085c00000|  0%| F|  |TAMS 0x0000000085b00000, 0x0000000085b00000| Untracked 
|  92|0x0000000085c00000, 0x0000000085c00000, 0x0000000085d00000|  0%| F|  |TAMS 0x0000000085c00000, 0x0000000085c00000| Untracked 
|  93|0x0000000085d00000, 0x0000000085d00000, 0x0000000085e00000|  0%| F|  |TAMS 0x0000000085d00000, 0x0000000085d00000| Untracked 
|  94|0x0000000085e00000, 0x0000000085e00000, 0x0000000085f00000|  0%| F|  |TAMS 0x0000000085e00000, 0x0000000085e00000| Untracked 
|  95|0x0000000085f00000, 0x0000000086000000, 0x0000000086000000|100%| S|CS|TAMS 0x0000000085f00000, 0x0000000085f00000| Complete 
|  96|0x0000000086000000, 0x0000000086100000, 0x0000000086100000|100%| S|CS|TAMS 0x0000000086000000, 0x0000000086000000| Complete 
|  97|0x0000000086100000, 0x0000000086100000, 0x0000000086200000|  0%| F|  |TAMS 0x0000000086100000, 0x0000000086100000| Untracked 
|  98|0x0000000086200000, 0x0000000086200000, 0x0000000086300000|  0%| F|  |TAMS 0x0000000086200000, 0x0000000086200000| Untracked 
|  99|0x0000000086300000, 0x0000000086400000, 0x0000000086400000|100%| S|CS|TAMS 0x0000000086300000, 0x0000000086300000| Complete 
| 100|0x0000000086400000, 0x0000000086400000, 0x0000000086500000|  0%| F|  |TAMS 0x0000000086400000, 0x0000000086400000| Untracked 
| 101|0x0000000086500000, 0x0000000086500000, 0x0000000086600000|  0%| F|  |TAMS 0x0000000086500000, 0x0000000086500000| Untracked 
| 102|0x0000000086600000, 0x0000000086600000, 0x0000000086700000|  0%| F|  |TAMS 0x0000000086600000, 0x0000000086600000| Untracked 
| 103|0x0000000086700000, 0x0000000086700000, 0x0000000086800000|  0%| F|  |TAMS 0x0000000086700000, 0x0000000086700000| Untracked 
| 104|0x0000000086800000, 0x0000000086800000, 0x0000000086900000|  0%| F|  |TAMS 0x0000000086800000, 0x0000000086800000| Untracked 
| 105|0x0000000086900000, 0x0000000086900000, 0x0000000086a00000|  0%| F|  |TAMS 0x0000000086900000, 0x0000000086900000| Untracked 
| 106|0x0000000086a00000, 0x0000000086a00000, 0x0000000086b00000|  0%| F|  |TAMS 0x0000000086a00000, 0x0000000086a00000| Untracked 
| 107|0x0000000086b00000, 0x0000000086b00000, 0x0000000086c00000|  0%| F|  |TAMS 0x0000000086b00000, 0x0000000086b00000| Untracked 
| 108|0x0000000086c00000, 0x0000000086c00000, 0x0000000086d00000|  0%| F|  |TAMS 0x0000000086c00000, 0x0000000086c00000| Untracked 
| 109|0x0000000086d00000, 0x0000000086d00000, 0x0000000086e00000|  0%| F|  |TAMS 0x0000000086d00000, 0x0000000086d00000| Untracked 
| 110|0x0000000086e00000, 0x0000000086e00000, 0x0000000086f00000|  0%| F|  |TAMS 0x0000000086e00000, 0x0000000086e00000| Untracked 
| 111|0x0000000086f00000, 0x0000000086f00000, 0x0000000087000000|  0%| F|  |TAMS 0x0000000086f00000, 0x0000000086f00000| Untracked 
| 112|0x0000000087000000, 0x0000000087000000, 0x0000000087100000|  0%| F|  |TAMS 0x0000000087000000, 0x0000000087000000| Untracked 
| 113|0x0000000087100000, 0x0000000087100000, 0x0000000087200000|  0%| F|  |TAMS 0x0000000087100000, 0x0000000087100000| Untracked 
| 114|0x0000000087200000, 0x0000000087200000, 0x0000000087300000|  0%| F|  |TAMS 0x0000000087200000, 0x0000000087200000| Untracked 
| 115|0x0000000087300000, 0x0000000087300000, 0x0000000087400000|  0%| F|  |TAMS 0x0000000087300000, 0x0000000087300000| Untracked 
| 116|0x0000000087400000, 0x0000000087400000, 0x0000000087500000|  0%| F|  |TAMS 0x0000000087400000, 0x0000000087400000| Untracked 
| 117|0x0000000087500000, 0x0000000087500000, 0x0000000087600000|  0%| F|  |TAMS 0x0000000087500000, 0x0000000087500000| Untracked 
| 118|0x0000000087600000, 0x0000000087600000, 0x0000000087700000|  0%| F|  |TAMS 0x0000000087600000, 0x0000000087600000| Untracked 
| 119|0x0000000087700000, 0x0000000087700000, 0x0000000087800000|  0%| F|  |TAMS 0x0000000087700000, 0x0000000087700000| Untracked 
| 120|0x0000000087800000, 0x0000000087800000, 0x0000000087900000|  0%| F|  |TAMS 0x0000000087800000, 0x0000000087800000| Untracked 
| 121|0x0000000087900000, 0x0000000087900000, 0x0000000087a00000|  0%| F|  |TAMS 0x0000000087900000, 0x0000000087900000| Untracked 
| 122|0x0000000087a00000, 0x0000000087a00000, 0x0000000087b00000|  0%| F|  |TAMS 0x0000000087a00000, 0x0000000087a00000| Untracked 
| 123|0x0000000087b00000, 0x0000000087b00000, 0x0000000087c00000|  0%| F|  |TAMS 0x0000000087b00000, 0x0000000087b00000| Untracked 
| 124|0x0000000087c00000, 0x0000000087c00000, 0x0000000087d00000|  0%| F|  |TAMS 0x0000000087c00000, 0x0000000087c00000| Untracked 
| 125|0x0000000087d00000, 0x0000000087d00000, 0x0000000087e00000|  0%| F|  |TAMS 0x0000000087d00000, 0x0000000087d00000| Untracked 
| 126|0x0000000087e00000, 0x0000000087e00000, 0x0000000087f00000|  0%| F|  |TAMS 0x0000000087e00000, 0x0000000087e00000| Untracked 
| 127|0x0000000087f00000, 0x0000000087f00000, 0x0000000088000000|  0%| F|  |TAMS 0x0000000087f00000, 0x0000000087f00000| Untracked 
| 128|0x0000000088000000, 0x0000000088000000, 0x0000000088100000|  0%| F|  |TAMS 0x0000000088000000, 0x0000000088000000| Untracked 
| 129|0x0000000088100000, 0x0000000088100000, 0x0000000088200000|  0%| F|  |TAMS 0x0000000088100000, 0x0000000088100000| Untracked 
| 130|0x0000000088200000, 0x0000000088280800, 0x0000000088300000| 50%| E|  |TAMS 0x0000000088200000, 0x0000000088200000| Complete 
| 131|0x0000000088300000, 0x0000000088400000, 0x0000000088400000|100%| E|CS|TAMS 0x0000000088300000, 0x0000000088300000| Complete 
| 132|0x0000000088400000, 0x0000000088500000, 0x0000000088500000|100%| E|CS|TAMS 0x0000000088400000, 0x0000000088400000| Complete 
| 133|0x0000000088500000, 0x0000000088600000, 0x0000000088600000|100%| E|CS|TAMS 0x0000000088500000, 0x0000000088500000| Complete 
| 134|0x0000000088600000, 0x0000000088700000, 0x0000000088700000|100%| E|CS|TAMS 0x0000000088600000, 0x0000000088600000| Complete 
| 135|0x0000000088700000, 0x0000000088800000, 0x0000000088800000|100%| E|CS|TAMS 0x0000000088700000, 0x0000000088700000| Complete 
| 136|0x0000000088800000, 0x0000000088900000, 0x0000000088900000|100%| E|CS|TAMS 0x0000000088800000, 0x0000000088800000| Complete 
| 137|0x0000000088900000, 0x0000000088a00000, 0x0000000088a00000|100%| E|CS|TAMS 0x0000000088900000, 0x0000000088900000| Complete 
| 138|0x0000000088a00000, 0x0000000088b00000, 0x0000000088b00000|100%| E|CS|TAMS 0x0000000088a00000, 0x0000000088a00000| Complete 
| 139|0x0000000088b00000, 0x0000000088c00000, 0x0000000088c00000|100%| E|CS|TAMS 0x0000000088b00000, 0x0000000088b00000| Complete 
| 140|0x0000000088c00000, 0x0000000088d00000, 0x0000000088d00000|100%| E|CS|TAMS 0x0000000088c00000, 0x0000000088c00000| Complete 
| 141|0x0000000088d00000, 0x0000000088e00000, 0x0000000088e00000|100%| E|CS|TAMS 0x0000000088d00000, 0x0000000088d00000| Complete 
| 142|0x0000000088e00000, 0x0000000088f00000, 0x0000000088f00000|100%| E|CS|TAMS 0x0000000088e00000, 0x0000000088e00000| Complete 
| 143|0x0000000088f00000, 0x0000000089000000, 0x0000000089000000|100%| E|CS|TAMS 0x0000000088f00000, 0x0000000088f00000| Complete 
| 144|0x0000000089000000, 0x0000000089100000, 0x0000000089100000|100%| E|CS|TAMS 0x0000000089000000, 0x0000000089000000| Complete 
| 145|0x0000000089100000, 0x0000000089200000, 0x0000000089200000|100%| E|CS|TAMS 0x0000000089100000, 0x0000000089100000| Complete 
| 146|0x0000000089200000, 0x0000000089300000, 0x0000000089300000|100%| E|CS|TAMS 0x0000000089200000, 0x0000000089200000| Complete 
| 147|0x0000000089300000, 0x0000000089400000, 0x0000000089400000|100%| E|CS|TAMS 0x0000000089300000, 0x0000000089300000| Complete 
| 148|0x0000000089400000, 0x0000000089500000, 0x0000000089500000|100%| E|CS|TAMS 0x0000000089400000, 0x0000000089400000| Complete 
| 149|0x0000000089500000, 0x0000000089600000, 0x0000000089600000|100%| E|CS|TAMS 0x0000000089500000, 0x0000000089500000| Complete 
| 150|0x0000000089600000, 0x0000000089700000, 0x0000000089700000|100%| E|CS|TAMS 0x0000000089600000, 0x0000000089600000| Complete 
| 151|0x0000000089700000, 0x0000000089800000, 0x0000000089800000|100%| E|CS|TAMS 0x0000000089700000, 0x0000000089700000| Complete 
| 152|0x0000000089800000, 0x0000000089900000, 0x0000000089900000|100%| E|CS|TAMS 0x0000000089800000, 0x0000000089800000| Complete 
| 153|0x0000000089900000, 0x0000000089a00000, 0x0000000089a00000|100%| E|CS|TAMS 0x0000000089900000, 0x0000000089900000| Complete 

Card table byte_map: [0x000001d497330000,0x000001d497730000] _byte_map_base: 0x000001d496f30000

Marking Bits (Prev, Next): (CMBitMap*) 0x000001d48446be00, (CMBitMap*) 0x000001d48446bdc8
 Prev Bits: [0x000001d499b30000, 0x000001d49bb30000)
 Next Bits: [0x000001d497b30000, 0x000001d499b30000)

Polling page: 0x000001d482330000

Metaspace:

Usage:
  Non-class:     24.70 MB capacity,    24.27 MB ( 98%) used,   390.64 KB (  2%) free+waste,    56.94 KB ( <1%) overhead. 
      Class:      3.93 MB capacity,     3.70 MB ( 94%) used,   205.52 KB (  5%) free+waste,    28.75 KB ( <1%) overhead. 
       Both:     28.63 MB capacity,    27.97 MB ( 98%) used,   596.16 KB (  2%) free+waste,    85.69 KB ( <1%) overhead. 

Virtual space:
  Non-class space:       28.00 MB reserved,      24.75 MB ( 88%) committed 
      Class space:        1.00 GB reserved,       4.00 MB ( <1%) committed 
             Both:        1.03 GB reserved,      28.75 MB (  3%) committed 

Chunk freelists:
   Non-Class:  49.00 KB
       Class:  5.00 KB
        Both:  54.00 KB

MaxMetaspaceSize: 17179869184.00 GB
CompressedClassSpaceSize: 1.00 GB
Initial GC threshold: 20.80 MB
Current GC threshold: 35.00 MB
CDS: off

CodeHeap 'non-profiled nmethods': size=120064Kb used=1265Kb max_used=1265Kb free=118798Kb
 bounds [0x000001d48f9f0000, 0x000001d48fc60000, 0x000001d496f30000]
CodeHeap 'profiled nmethods': size=120000Kb used=5246Kb max_used=5246Kb free=114753Kb
 bounds [0x000001d4884c0000, 0x000001d4889e0000, 0x000001d48f9f0000]
CodeHeap 'non-nmethods': size=5696Kb used=1232Kb max_used=1275Kb free=4463Kb
 bounds [0x000001d487f30000, 0x000001d4881a0000, 0x000001d4884c0000]
 total_blobs=2939 nmethods=2435 adapters=416
 compilation: enabled
              stopped_count=0, restarted_count=0
 full_count=0

Compilation events (20 events):
Event: 6.533 Thread 0x000001d49e045800 2360       3       org.objectweb.asm.Label::<init> (5 bytes)
Event: 6.533 Thread 0x000001d49e045800 nmethod 2360 0x000001d4889af390 code [0x000001d4889af540, 0x000001d4889af698]
Event: 6.563 Thread 0x000001d49e045800 2362       3       org.gradle.internal.reflect.MutableClassDetails::method (12 bytes)
Event: 6.563 Thread 0x000001d49e045800 nmethod 2362 0x000001d4889af790 code [0x000001d4889af940, 0x000001d4889afb08]
Event: 6.563 Thread 0x000001d49e045800 2363       3       org.gradle.internal.reflect.MethodSet::add (50 bytes)
Event: 6.565 Thread 0x000001d49e045800 nmethod 2363 0x000001d4889afc10 code [0x000001d4889afe40, 0x000001d4889b06b8]
Event: 6.565 Thread 0x000001d49e045800 2364       3       org.gradle.internal.reflect.MethodSet$MethodKey::<init> (6 bytes)
Event: 6.566 Thread 0x000001d49e045800 nmethod 2364 0x000001d4889b0990 code [0x000001d4889b0b80, 0x000001d4889b1008]
Event: 6.566 Thread 0x000001d49e045800 2365       3       org.gradle.internal.reflect.MethodSet$MethodKey::equals (89 bytes)
Event: 6.567 Thread 0x000001d49e045800 nmethod 2365 0x000001d4889b1190 code [0x000001d4889b13c0, 0x000001d4889b1c58]
Event: 6.567 Thread 0x000001d49e045800 2368       3       org.gradle.internal.reflect.MutableClassDetails::instanceMethod (9 bytes)
Event: 6.567 Thread 0x000001d49e045800 nmethod 2368 0x000001d4889b1e90 code [0x000001d4889b2040, 0x000001d4889b2188]
Event: 6.567 Thread 0x000001d49e045800 2366       3       java.util.TreeMap::leftOf (13 bytes)
Event: 6.567 Thread 0x000001d49e045800 nmethod 2366 0x000001d4889b2290 code [0x000001d4889b2440, 0x000001d4889b2598]
Event: 6.567 Thread 0x000001d49e045800 2369       3       jdk.internal.reflect.Reflection::filter (217 bytes)
Event: 6.569 Thread 0x000001d49e045800 nmethod 2369 0x000001d4889b2690 code [0x000001d4889b28e0, 0x000001d4889b3468]
Event: 6.580 Thread 0x000001d49e045800 2370       1       sun.reflect.generics.repository.AbstractRepository::getTree (5 bytes)
Event: 6.580 Thread 0x000001d49e045800 nmethod 2370 0x000001d48fb1df10 code [0x000001d48fb1e0c0, 0x000001d48fb1e178]
Event: 6.580 Thread 0x000001d49e045800 2371       1       sun.reflect.generics.reflectiveObjects.TypeVariableImpl::getName (5 bytes)
Event: 6.580 Thread 0x000001d49e045800 nmethod 2371 0x000001d48fb1e210 code [0x000001d48fb1e3c0, 0x000001d48fb1e478]

GC Heap History (12 events):
Event: 0.674 GC heap before
{Heap before GC invocations=0 (full 0):
 garbage-first heap   total 131072K, used 20480K [0x0000000080000000, 0x0000000100000000)
  region size 1024K, 14 young (14336K), 0 survivors (0K)
 Metaspace       used 6735K, capacity 6925K, committed 7168K, reserved 1056768K
  class space    used 582K, capacity 650K, committed 768K, reserved 1048576K
}
Event: 0.680 GC heap after
{Heap after GC invocations=1 (full 0):
 garbage-first heap   total 131072K, used 7648K [0x0000000080000000, 0x0000000100000000)
  region size 1024K, 2 young (2048K), 2 survivors (2048K)
 Metaspace       used 6735K, capacity 6925K, committed 7168K, reserved 1056768K
  class space    used 582K, capacity 650K, committed 768K, reserved 1048576K
}
Event: 1.222 GC heap before
{Heap before GC invocations=1 (full 0):
 garbage-first heap   total 131072K, used 19936K [0x0000000080000000, 0x0000000100000000)
  region size 1024K, 14 young (14336K), 2 survivors (2048K)
 Metaspace       used 10270K, capacity 10555K, committed 10624K, reserved 1058816K
  class space    used 1073K, capacity 1141K, committed 1152K, reserved 1048576K
}
Event: 1.227 GC heap after
{Heap after GC invocations=2 (full 0):
 garbage-first heap   total 131072K, used 9638K [0x0000000080000000, 0x0000000100000000)
  region size 1024K, 2 young (2048K), 2 survivors (2048K)
 Metaspace       used 10270K, capacity 10555K, committed 10624K, reserved 1058816K
  class space    used 1073K, capacity 1141K, committed 1152K, reserved 1048576K
}
Event: 1.902 GC heap before
{Heap before GC invocations=2 (full 0):
 garbage-first heap   total 131072K, used 38310K [0x0000000080000000, 0x0000000100000000)
  region size 1024K, 30 young (30720K), 2 survivors (2048K)
 Metaspace       used 11229K, capacity 11446K, committed 11520K, reserved 1058816K
  class space    used 1176K, capacity 1246K, committed 1280K, reserved 1048576K
}
Event: 1.908 GC heap after
{Heap after GC invocations=3 (full 0):
 garbage-first heap   total 131072K, used 12859K [0x0000000080000000, 0x0000000100000000)
  region size 1024K, 4 young (4096K), 4 survivors (4096K)
 Metaspace       used 11229K, capacity 11446K, committed 11520K, reserved 1058816K
  class space    used 1176K, capacity 1246K, committed 1280K, reserved 1048576K
}
Event: 4.403 GC heap before
{Heap before GC invocations=3 (full 0):
 garbage-first heap   total 131072K, used 54843K [0x0000000080000000, 0x0000000100000000)
  region size 1024K, 45 young (46080K), 4 survivors (4096K)
 Metaspace       used 17615K, capacity 18037K, committed 18176K, reserved 1069056K
  class space    used 2086K, capacity 2211K, committed 2304K, reserved 1048576K
}
Event: 4.417 GC heap after
{Heap after GC invocations=4 (full 0):
 garbage-first heap   total 131072K, used 16317K [0x0000000080000000, 0x0000000100000000)
  region size 1024K, 6 young (6144K), 6 survivors (6144K)
 Metaspace       used 17615K, capacity 18037K, committed 18176K, reserved 1069056K
  class space    used 2086K, capacity 2211K, committed 2304K, reserved 1048576K
}
Event: 5.012 GC heap before
{Heap before GC invocations=4 (full 0):
 garbage-first heap   total 131072K, used 44989K [0x0000000080000000, 0x0000000100000000)
  region size 1024K, 35 young (35840K), 6 survivors (6144K)
 Metaspace       used 20666K, capacity 21137K, committed 21248K, reserved 1071104K
  class space    used 2546K, capacity 2712K, committed 2816K, reserved 1048576K
}
Event: 5.024 GC heap after
{Heap after GC invocations=5 (full 0):
 garbage-first heap   total 157696K, used 17710K [0x0000000080000000, 0x0000000100000000)
  region size 1024K, 2 young (2048K), 2 survivors (2048K)
 Metaspace       used 20666K, capacity 21137K, committed 21248K, reserved 1071104K
  class space    used 2546K, capacity 2712K, committed 2816K, reserved 1048576K
}
Event: 6.211 GC heap before
{Heap before GC invocations=6 (full 0):
 garbage-first heap   total 157696K, used 73006K [0x0000000080000000, 0x0000000100000000)
  region size 1024K, 56 young (57344K), 2 survivors (2048K)
 Metaspace       used 26655K, capacity 27334K, committed 27520K, reserved 1077248K
  class space    used 3479K, capacity 3703K, committed 3712K, reserved 1048576K
}
Event: 6.218 GC heap after
{Heap after GC invocations=7 (full 0):
 garbage-first heap   total 157696K, used 19455K [0x0000000080000000, 0x0000000100000000)
  region size 1024K, 3 young (3072K), 3 survivors (3072K)
 Metaspace       used 26655K, capacity 27334K, committed 27520K, reserved 1077248K
  class space    used 3479K, capacity 3703K, committed 3712K, reserved 1048576K
}

Deoptimization events (20 events):
Event: 6.136 Thread 0x000001d4a0269800 Uncommon trap: trap_request=0xffffff4d fr.pc=0x000001d48faeee54 relative=0x0000000000001674
Event: 6.136 Thread 0x000001d4a0269800 Uncommon trap: reason=unstable_if action=reinterpret pc=0x000001d48faeee54 method=java.util.concurrent.ConcurrentHashMap.putVal(Ljava/lang/Object;Ljava/lang/Object;Z)Ljava/lang/Object; @ 231 c2
Event: 6.136 Thread 0x000001d4a0269800 DEOPT PACKING pc=0x000001d48faeee54 sp=0x00000066534fc9d0
Event: 6.136 Thread 0x000001d4a0269800 DEOPT UNPACKING pc=0x000001d487f7a1af sp=0x00000066534fc950 mode 2
Event: 6.220 Thread 0x000001d4a0269800 Uncommon trap: trap_request=0xffffff4d fr.pc=0x000001d48fa16768 relative=0x0000000000000048
Event: 6.220 Thread 0x000001d4a0269800 Uncommon trap: reason=unstable_if action=reinterpret pc=0x000001d48fa16768 method=java.net.URI.match(CJJ)Z @ 19 c2
Event: 6.220 Thread 0x000001d4a0269800 DEOPT PACKING pc=0x000001d48fa16768 sp=0x00000066534fab90
Event: 6.220 Thread 0x000001d4a0269800 DEOPT UNPACKING pc=0x000001d487f7a1af sp=0x00000066534fab18 mode 2
Event: 6.221 Thread 0x000001d4a0269800 Uncommon trap: trap_request=0xffffff4d fr.pc=0x000001d48fa49c28 relative=0x00000000000001e8
Event: 6.221 Thread 0x000001d4a0269800 Uncommon trap: reason=unstable_if action=reinterpret pc=0x000001d48fa49c28 method=java.net.URI.match(CJJ)Z @ 19 c2
Event: 6.221 Thread 0x000001d4a0269800 DEOPT PACKING pc=0x000001d48fa49c28 sp=0x00000066534faaf0
Event: 6.221 Thread 0x000001d4a0269800 DEOPT UNPACKING pc=0x000001d487f7a1af sp=0x00000066534fa9f0 mode 2
Event: 6.579 Thread 0x000001d4a0269800 Uncommon trap: trap_request=0xffffff4d fr.pc=0x000001d48fadcf4c relative=0x000000000000020c
Event: 6.579 Thread 0x000001d4a0269800 Uncommon trap: reason=unstable_if action=reinterpret pc=0x000001d48fadcf4c method=java.util.HashMap.hash(Ljava/lang/Object;)I @ 1 c2
Event: 6.579 Thread 0x000001d4a0269800 DEOPT PACKING pc=0x000001d48fadcf4c sp=0x00000066534f8e10
Event: 6.579 Thread 0x000001d4a0269800 DEOPT UNPACKING pc=0x000001d487f7a1af sp=0x00000066534f8d48 mode 2
Event: 6.579 Thread 0x000001d4a0269800 Uncommon trap: trap_request=0xffffff4d fr.pc=0x000001d48faa59ac relative=0x000000000000008c
Event: 6.579 Thread 0x000001d4a0269800 Uncommon trap: reason=unstable_if action=reinterpret pc=0x000001d48faa59ac method=java.util.HashMap.hash(Ljava/lang/Object;)I @ 1 c2
Event: 6.579 Thread 0x000001d4a0269800 DEOPT PACKING pc=0x000001d48faa59ac sp=0x00000066534f8b80
Event: 6.579 Thread 0x000001d4a0269800 DEOPT UNPACKING pc=0x000001d487f7a1af sp=0x00000066534f8b18 mode 2

Classes redefined (0 events):
No events

Internal exceptions (20 events):
Event: 5.527 Thread 0x000001d4a0269800 Exception <a 'java/lang/NoSuchMethodError'{0x000000008828d900}: 'java.lang.Object java.lang.invoke.DirectMethodHandle$Holder.invokeVirtual(java.lang.Object, java.lang.Object, java.lang.Object, java.lang.Object)'> (0x000000008828d900) thrown at [./src/hotspot/share/interpreter/linkResolver.cpp, line 773]
Event: 5.650 Thread 0x000001d4a0269800 Exception <a 'java/lang/NoSuchMethodError'{0x0000000087b52218}: 'void java.lang.invoke.DirectMethodHandle$Holder.invokeSpecial(java.lang.Object, java.lang.Object, java.lang.Object, java.lang.Object, java.lang.Object, java.lang.Object)'> (0x0000000087b52218) thrown at [./src/hotspot/share/interpreter/linkResolver.cpp, line 773]
Event: 5.668 Thread 0x000001d4a0269800 Exception <a 'java/lang/NoSuchMethodError'{0x0000000087bc0d98}: 'void java.lang.invoke.DirectMethodHandle$Holder.invokeSpecial(java.lang.Object, java.lang.Object, java.lang.Object, java.lang.Object, java.lang.Object, java.lang.Object, java.lang.Object)'> (0x0000000087bc0d98) thrown at [./src/hotspot/share/interpreter/linkResolver.cpp, line 773]
Event: 5.669 Thread 0x000001d4a0269800 Exception <a 'java/lang/NoSuchMethodError'{0x0000000087bc9288}: 'java.lang.Object java.lang.invoke.Invokers$Holder.linkToTargetMethod(java.lang.Object, java.lang.Object, java.lang.Object, java.lang.Object, java.lang.Object, java.lang.Object)'> (0x0000000087bc9288) thrown at [./src/hotspot/share/interpreter/linkResolver.cpp, line 773]
Event: 5.836 Thread 0x000001d4a0269800 Exception <a 'java/lang/NoSuchMethodError'{0x000000008715e6c8}: 'int java.lang.invoke.DirectMethodHandle$Holder.invokeStaticInit(java.lang.Object, java.lang.Object, java.lang.Object)'> (0x000000008715e6c8) thrown at [./src/hotspot/share/interpreter/linkResolver.cpp, line 773]
Event: 5.989 Thread 0x000001d4a0269800 Exception <a 'java/lang/NoSuchMethodError'{0x0000000086c8f610}: 'void java.lang.invoke.DirectMethodHandle$Holder.invokeStaticInit(java.lang.Object, java.lang.Object)'> (0x0000000086c8f610) thrown at [./src/hotspot/share/interpreter/linkResolver.cpp, line 773]
Event: 6.155 Thread 0x000001d4a0269800 Exception <a 'java/lang/NoSuchMethodError'{0x000000008662e6a8}: 'void java.lang.invoke.DirectMethodHandle$Holder.invokeStatic(java.lang.Object, java.lang.Object, java.lang.Object, java.lang.Object)'> (0x000000008662e6a8) thrown at [./src/hotspot/share/interpreter/linkResolver.cpp, line 773]
Event: 6.160 Thread 0x000001d4a0269800 Exception <a 'java/lang/NoSuchMethodError'{0x000000008665d990}: 'java.lang.Object java.lang.invoke.DirectMethodHandle$Holder.invokeVirtual(java.lang.Object, java.lang.Object, java.lang.Object)'> (0x000000008665d990) thrown at [./src/hotspot/share/interpreter/linkResolver.cpp, line 773]
Event: 6.163 Thread 0x000001d4a0269800 Exception <a 'java/lang/NoSuchMethodError'{0x00000000866b48a8}: 'int java.lang.invoke.DirectMethodHandle$Holder.invokeVirtual(java.lang.Object, java.lang.Object)'> (0x00000000866b48a8) thrown at [./src/hotspot/share/interpreter/linkResolver.cpp, line 773]
Event: 6.171 Thread 0x000001d4a0269800 Exception <a 'java/lang/NoSuchMethodError'{0x00000000866eedf8}: 'int java.lang.invoke.DirectMethodHandle$Holder.invokeVirtual(java.lang.Object, java.lang.Object, java.lang.Object)'> (0x00000000866eedf8) thrown at [./src/hotspot/share/interpreter/linkResolver.cpp, line 773]
Event: 6.197 Thread 0x000001d4a0269800 Exception <a 'java/lang/NoSuchMethodError'{0x00000000864559f0}: 'void java.lang.invoke.DirectMethodHandle$Holder.invokeSpecial(java.lang.Object, java.lang.Object)'> (0x00000000864559f0) thrown at [./src/hotspot/share/interpreter/linkResolver.cpp, line 773]
Event: 6.346 Thread 0x000001d4a0269800 Exception <a 'java/lang/NoSuchMethodError'{0x0000000089021948}: 'java.lang.Object java.lang.invoke.DirectMethodHandle$Holder.invokeSpecialIFC(java.lang.Object, java.lang.Object, java.lang.Object, java.lang.Object)'> (0x0000000089021948) thrown at [./src/hotspot/share/interpreter/linkResolver.cpp, line 773]
Event: 6.362 Thread 0x000001d4a0269800 Exception <a 'java/lang/NoSuchMethodError'{0x00000000890fb770}: 'java.lang.Object java.lang.invoke.DirectMethodHandle$Holder.invokeSpecial(java.lang.Object, java.lang.Object, java.lang.Object, java.lang.Object, java.lang.Object, java.lang.Object, java.lang.Object, java.lang.Object, java.lang.Object, java.lang.Object, java.lang.Object, java.lang.Object, java.lang.Object)'> (0x00000000890fb770) thrown at [./src/hotspot/share/interpreter/linkResolver.cpp, line 773]
Event: 6.364 Thread 0x000001d4a0269800 Exception <a 'java/lang/NoSuchMethodError'{0x0000000088f0ccb0}: 'java.lang.Object java.lang.invoke.DirectMethodHandle$Holder.invokeSpecial(java.lang.Object, java.lang.Object, java.lang.Object, java.lang.Object, java.lang.Object, java.lang.Object, java.lang.Object, java.lang.Object, java.lang.Object, java.lang.Object, java.lang.Object, java.lang.Object)'> (0x0000000088f0ccb0) thrown at [./src/hotspot/share/interpreter/linkResolver.cpp, line 773]
Event: 6.365 Thread 0x000001d4a0269800 Exception <a 'java/lang/NoSuchMethodError'{0x0000000088f11dd8}: 'java.lang.Object java.lang.invoke.Invokers$Holder.linkToTargetMethod(java.lang.Object, java.lang.Object, java.lang.Object, java.lang.Object, java.lang.Object, java.lang.Object, java.lang.Object, java.lang.Object, java.lang.Object, java.lang.Object, java.lang.Object)'> (0x0000000088f11dd8) thrown at [./src/hotspot/share/interpreter/linkResolver.cpp, line 773]
Event: 6.390 Thread 0x000001d4a0269800 Exception <a 'java/lang/NoSuchMethodError'{0x0000000088e51690}: 'java.lang.Object java.lang.invoke.DirectMethodHandle$Holder.invokeSpecial(java.lang.Object, java.lang.Object, java.lang.Object, java.lang.Object, java.lang.Object, java.lang.Object, java.lang.Object, java.lang.Object, java.lang.Object, java.lang.Object, java.lang.Object, java.lang.Object, java.lang.Object, java.lang.Object)'> (0x0000000088e51690) thrown at [./src/hotspot/share/interpreter/linkResolver.cpp, line 773]
Event: 6.392 Thread 0x000001d4a0269800 Exception <a 'java/lang/NoSuchMethodError'{0x0000000088e62d08}: 'java.lang.Object java.lang.invoke.Invokers$Holder.linkToTargetMethod(java.lang.Object, java.lang.Object, java.lang.Object, java.lang.Object, java.lang.Object, java.lang.Object, java.lang.Object, java.lang.Object, java.lang.Object, java.lang.Object, java.lang.Object, java.lang.Object)'> (0x0000000088e62d08) thrown at [./src/hotspot/share/interpreter/linkResolver.cpp, line 773]
Event: 6.412 Thread 0x000001d4a0269800 Exception <a 'java/lang/NoSuchMethodError'{0x0000000088d4ba28}: 'java.lang.Object java.lang.invoke.DirectMethodHandle$Holder.invokeStaticInit(java.lang.Object, java.lang.Object, java.lang.Object, java.lang.Object)'> (0x0000000088d4ba28) thrown at [./src/hotspot/share/interpreter/linkResolver.cpp, line 773]
Event: 6.579 Thread 0x000001d4a0269800 Implicit null exception at 0x000001d48fadcd75 to 0x000001d48fadcf3c
Event: 6.579 Thread 0x000001d4a0269800 Implicit null exception at 0x000001d48faa592f to 0x000001d48faa599d

Events (20 events):
Event: 6.572 loading class com/google/common/reflect/Invokable$ConstructorInvokable
Event: 6.572 loading class com/google/common/reflect/Invokable$ConstructorInvokable done
Event: 6.573 loading class com/google/common/reflect/TypeToken$SimpleTypeToken
Event: 6.573 loading class com/google/common/reflect/TypeToken$SimpleTypeToken done
Event: 6.574 loading class com/google/common/reflect/TypeToken$4
Event: 6.574 loading class com/google/common/reflect/TypeToken$4 done
Event: 6.574 loading class com/google/common/reflect/TypeVisitor
Event: 6.574 loading class com/google/common/reflect/TypeVisitor done
Event: 6.576 loading class com/google/common/reflect/TypeResolver
Event: 6.576 loading class com/google/common/reflect/TypeResolver done
Event: 6.577 loading class com/google/common/reflect/TypeResolver$TypeTable
Event: 6.577 loading class com/google/common/reflect/TypeResolver$TypeTable done
Event: 6.577 loading class com/google/common/reflect/TypeResolver$TypeTable$1
Event: 6.577 loading class com/google/common/reflect/TypeResolver$TypeTable$1 done
Event: 6.578 loading class com/google/common/reflect/TypeResolver$TypeMappingIntrospector
Event: 6.578 loading class com/google/common/reflect/TypeResolver$TypeMappingIntrospector done
Event: 6.578 loading class com/google/common/reflect/TypeResolver$TypeVariableKey
Event: 6.578 loading class com/google/common/reflect/TypeResolver$TypeVariableKey done
Event: 6.580 loading class com/google/common/reflect/Types
Event: 6.580 loading class com/google/common/reflect/Types done


Dynamic libraries:
0x00007ff7a8df0000 - 0x00007ff7a8dfa000 	C:\Program Files\Android\Android Studio\jre\bin\java.exe
0x00007ffa89c50000 - 0x00007ffa89e64000 	C:\WINDOWS\SYSTEM32\ntdll.dll
0x00007ffa887c0000 - 0x00007ffa88882000 	C:\WINDOWS\System32\KERNEL32.DLL
0x00007ffa87480000 - 0x00007ffa8781c000 	C:\WINDOWS\System32\KERNELBASE.dll
0x00007ffa87360000 - 0x00007ffa87471000 	C:\WINDOWS\System32\ucrtbase.dll
0x00007ffa6c280000 - 0x00007ffa6c299000 	C:\Program Files\Android\Android Studio\jre\bin\jli.dll
0x00007ffa62c20000 - 0x00007ffa62c37000 	C:\Program Files\Android\Android Studio\jre\bin\VCRUNTIME140.dll
0x00007ffa88010000 - 0x00007ffa881ba000 	C:\WINDOWS\System32\USER32.dll
0x00007ffa6e7a0000 - 0x00007ffa6ea2e000 	C:\WINDOWS\WinSxS\amd64_microsoft.windows.common-controls_6595b64144ccf1df_6.0.22621.608_none_a9444ca7c10bb01d\COMCTL32.dll
0x00007ffa87330000 - 0x00007ffa87356000 	C:\WINDOWS\System32\win32u.dll
0x00007ffa89aa0000 - 0x00007ffa89b47000 	C:\WINDOWS\System32\msvcrt.dll
0x00007ffa885f0000 - 0x00007ffa88619000 	C:\WINDOWS\System32\GDI32.dll
0x00007ffa87080000 - 0x00007ffa87192000 	C:\WINDOWS\System32\gdi32full.dll
0x00007ffa87290000 - 0x00007ffa8732a000 	C:\WINDOWS\System32\msvcp_win.dll
0x00007ffa89bd0000 - 0x00007ffa89c01000 	C:\WINDOWS\System32\IMM32.DLL
0x00007ffa5ad30000 - 0x00007ffa5adcd000 	C:\Program Files\Android\Android Studio\jre\bin\msvcp140.dll
0x00007ffa1bab0000 - 0x00007ffa1c595000 	C:\Program Files\Android\Android Studio\jre\bin\server\jvm.dll
0x00007ffa87b50000 - 0x00007ffa87bfe000 	C:\WINDOWS\System32\ADVAPI32.dll
0x00007ffa87f60000 - 0x00007ffa88004000 	C:\WINDOWS\System32\sechost.dll
0x00007ffa884a0000 - 0x00007ffa885b5000 	C:\WINDOWS\System32\RPCRT4.dll
0x00007ffa87da0000 - 0x00007ffa87da8000 	C:\WINDOWS\System32\PSAPI.DLL
0x00007ffa7f740000 - 0x00007ffa7f774000 	C:\WINDOWS\SYSTEM32\WINMM.dll
0x00007ffa83140000 - 0x00007ffa83149000 	C:\WINDOWS\SYSTEM32\WSOCK32.dll
0x00007ffa7ff60000 - 0x00007ffa7ff6a000 	C:\WINDOWS\SYSTEM32\VERSION.dll
0x00007ffa87e10000 - 0x00007ffa87e81000 	C:\WINDOWS\System32\WS2_32.dll
0x00007ffa861f0000 - 0x00007ffa86208000 	C:\WINDOWS\SYSTEM32\kernel.appcore.dll
0x00007ffa812e0000 - 0x00007ffa812f1000 	C:\Program Files\Android\Android Studio\jre\bin\verify.dll
0x00007ffa842c0000 - 0x00007ffa844ee000 	C:\WINDOWS\SYSTEM32\DBGHELP.DLL
0x00007ffa89550000 - 0x00007ffa898d9000 	C:\WINDOWS\System32\combase.dll
0x00007ffa87c00000 - 0x00007ffa87cd7000 	C:\WINDOWS\System32\OLEAUT32.dll
0x00007ffa68a40000 - 0x00007ffa68a72000 	C:\WINDOWS\SYSTEM32\dbgcore.DLL
0x00007ffa87210000 - 0x00007ffa8728b000 	C:\WINDOWS\System32\bcryptPrimitives.dll
0x00007ffa812b0000 - 0x00007ffa812d9000 	C:\Program Files\Android\Android Studio\jre\bin\java.dll
0x00007ffa812a0000 - 0x00007ffa812ab000 	C:\Program Files\Android\Android Studio\jre\bin\jimage.dll
0x00007ffa80f80000 - 0x00007ffa80f98000 	C:\Program Files\Android\Android Studio\jre\bin\zip.dll
0x00007ffa88d70000 - 0x00007ffa8954d000 	C:\WINDOWS\System32\SHELL32.dll
0x00007ffa850f0000 - 0x00007ffa859a6000 	C:\WINDOWS\SYSTEM32\windows.storage.dll
0x00007ffa84fb0000 - 0x00007ffa850ed000 	C:\WINDOWS\SYSTEM32\wintypes.dll
0x00007ffa89950000 - 0x00007ffa89a41000 	C:\WINDOWS\System32\SHCORE.dll
0x00007ffa87db0000 - 0x00007ffa87e0e000 	C:\WINDOWS\System32\shlwapi.dll
0x00007ffa86fb0000 - 0x00007ffa86fd1000 	C:\WINDOWS\SYSTEM32\profapi.dll
0x00007ffa72430000 - 0x00007ffa7244a000 	C:\Program Files\Android\Android Studio\jre\bin\net.dll
0x00007ffa7f540000 - 0x00007ffa7f66f000 	C:\WINDOWS\SYSTEM32\WINHTTP.dll
0x00007ffa86650000 - 0x00007ffa866b9000 	C:\WINDOWS\system32\mswsock.dll
0x00007ffa72410000 - 0x00007ffa72424000 	C:\Program Files\Android\Android Studio\jre\bin\nio.dll
0x00007ffa3d200000 - 0x00007ffa3d227000 	C:\Users\jeova\.gradle\native\e1d6ef7f7dcc3fd88c89a11ec53ec762bb8ba0a96d01ffa2cd45eb1d1d8dd5c5\windows-amd64\native-platform.dll
0x00007ffa50b90000 - 0x00007ffa50cd4000 	C:\Users\jeova\.gradle\native\5664cfc778a61ccfe75a443a1ab52a65af34e5dc3c78e0209fed803814484fcb\windows-amd64\native-platform-file-events.dll
0x00007ffa80f70000 - 0x00007ffa80f7a000 	C:\Program Files\Android\Android Studio\jre\bin\management.dll
0x00007ffa72400000 - 0x00007ffa7240d000 	C:\Program Files\Android\Android Studio\jre\bin\management_ext.dll
0x00007ffa86890000 - 0x00007ffa868ab000 	C:\WINDOWS\SYSTEM32\CRYPTSP.dll
0x00007ffa86160000 - 0x00007ffa86195000 	C:\WINDOWS\system32\rsaenh.dll
0x00007ffa86740000 - 0x00007ffa86768000 	C:\WINDOWS\SYSTEM32\USERENV.dll
0x00007ffa86a30000 - 0x00007ffa86a58000 	C:\WINDOWS\SYSTEM32\bcrypt.dll
0x00007ffa868b0000 - 0x00007ffa868bc000 	C:\WINDOWS\SYSTEM32\CRYPTBASE.dll
0x00007ffa85c70000 - 0x00007ffa85c9d000 	C:\WINDOWS\SYSTEM32\IPHLPAPI.DLL
0x00007ffa885e0000 - 0x00007ffa885e9000 	C:\WINDOWS\System32\NSI.dll
0x00007ffa7f9b0000 - 0x00007ffa7f9c9000 	C:\WINDOWS\SYSTEM32\dhcpcsvc6.DLL
0x00007ffa7f340000 - 0x00007ffa7f35f000 	C:\WINDOWS\SYSTEM32\dhcpcsvc.DLL
0x00007ffa85ca0000 - 0x00007ffa85d92000 	C:\WINDOWS\SYSTEM32\DNSAPI.dll

dbghelp: loaded successfully - version: 4.0.5 - missing functions: none
symbol engine: initialized successfully - sym options: 0x614 - pdb path: .;C:\Program Files\Android\Android Studio\jre\bin;C:\WINDOWS\SYSTEM32;C:\WINDOWS\WinSxS\amd64_microsoft.windows.common-controls_6595b64144ccf1df_6.0.22621.608_none_a9444ca7c10bb01d;C:\Program Files\Android\Android Studio\jre\bin\server;C:\Users\jeova\.gradle\native\e1d6ef7f7dcc3fd88c89a11ec53ec762bb8ba0a96d01ffa2cd45eb1d1d8dd5c5\windows-amd64;C:\Users\jeova\.gradle\native\5664cfc778a61ccfe75a443a1ab52a65af34e5dc3c78e0209fed803814484fcb\windows-amd64

VM Arguments:
jvm_args: --add-opens=java.base/java.util=ALL-UNNAMED --add-opens=java.base/java.lang=ALL-UNNAMED --add-opens=java.base/java.lang.invoke=ALL-UNNAMED --add-opens=java.base/java.util=ALL-UNNAMED --add-opens=java.prefs/java.util.prefs=ALL-UNNAMED --add-opens=java.prefs/java.util.prefs=ALL-UNNAMED --add-opens=java.base/java.nio.charset=ALL-UNNAMED --add-opens=java.base/java.net=ALL-UNNAMED --add-opens=java.base/java.util.concurrent.atomic=ALL-UNNAMED -Xmx2048m -Dfile.encoding=UTF-8 -Duser.country=MX -Duser.language=es -Duser.variant 
java_command: org.gradle.launcher.daemon.bootstrap.GradleDaemon 7.3.3
java_class_path (initial): C:\Users\jeova\.gradle\wrapper\dists\gradle-7.3.3-bin\6a41zxkdtcxs8rphpq6y0069z\gradle-7.3.3\lib\gradle-launcher-7.3.3.jar
Launcher Type: SUN_STANDARD

[Global flags]
     intx CICompilerCount                          = 3                                         {product} {ergonomic}
     uint ConcGCThreads                            = 1                                         {product} {ergonomic}
     uint G1ConcRefinementThreads                  = 4                                         {product} {ergonomic}
   size_t G1HeapRegionSize                         = 1048576                                   {product} {ergonomic}
    uintx GCDrainStackTargetSize                   = 64                                        {product} {ergonomic}
   size_t InitialHeapSize                          = 134217728                                 {product} {ergonomic}
   size_t MarkStackSize                            = 4194304                                   {product} {ergonomic}
   size_t MaxHeapSize                              = 2147483648                                {product} {command line}
   size_t MaxNewSize                               = 1287651328                                {product} {ergonomic}
   size_t MinHeapDeltaBytes                        = 1048576                                   {product} {ergonomic}
    uintx NonNMethodCodeHeapSize                   = 5830732                                {pd product} {ergonomic}
    uintx NonProfiledCodeHeapSize                  = 122913754                              {pd product} {ergonomic}
    uintx ProfiledCodeHeapSize                     = 122913754                              {pd product} {ergonomic}
    uintx ReservedCodeCacheSize                    = 251658240                              {pd product} {ergonomic}
     bool SegmentedCodeCache                       = true                                      {product} {ergonomic}
     bool UseCompressedClassPointers               = true                                 {lp64_product} {ergonomic}
     bool UseCompressedOops                        = true                                 {lp64_product} {ergonomic}
     bool UseG1GC                                  = true                                      {product} {ergonomic}
     bool UseLargePagesIndividualAllocation        = false                                  {pd product} {ergonomic}

Logging:
Log output configuration:
 #0: stdout all=warning uptime,level,tags
 #1: stderr all=off uptime,level,tags

Environment Variables:
PATH=C:\Program Files (x86)\Common Files\Oracle\Java\javapath;C:\WINDOWS\system32;C:\WINDOWS;C:\WINDOWS\System32\Wbem;C:\WINDOWS\System32\WindowsPowerShell\v1.0\;C:\WINDOWS\System32\OpenSSH\;C:\Program Files\MATLAB\R2020b\bin;C:\Program Files\dotnet\;C:\Program Files\Microsoft SQL Server\Client SDK\ODBC\170\Tools\Binn\;C:\Program Files\Azure Data Studio\bin;C:\Program Files\nodejs\;C:\Program Files (x86)\Microsoft SQL Server\150\DTS\Binn\;C:\Program Files (x86)\Microsoft SQL Server\150\Tools\Binn\;C:\Program Files\Microsoft SQL Server\150\Tools\Binn\;C:\Program Files\Microsoft SQL Server\150\DTS\Binn\;C:\Program Files\Microsoft SQL Server\130\Tools\Binn\;C:\Program Files (x86)\dotnet\;C:\Program Files\Git\cmd;C:\Program Files\Intel\Intel(R) Memory and Storage Tool\;C:\Users\jeova\AppData\Local\Programs\Python\Python39\Scripts\;C:\Users\jeova\AppData\Local\Programs\Python\Python39\;C:\Users\jeova\AppData\Local\Microsoft\WindowsApps;C:\Users\jeova\AppData\Local\Programs\Microsoft VS Code\bin;C:\Users\jeova\.dotnet\tools;C:\Program Files\Azure Data Studio\bin;C:\Users\jeova\AppData\Roaming\npm;C:\Users\jeova\AppData\Local\GitHubDesktop\bin;C:\Users\jeova\OneDrive\Escritorio\ESCRITORIO\CEM;
USERNAME=jeova
OS=Windows_NT
PROCESSOR_IDENTIFIER=Intel64 Family 6 Model 142 Stepping 10, GenuineIntel



---------------  S Y S T E M  ---------------

OS: Windows 10 , 64 bit Build 22621 (10.0.22621.608)
OS uptime: 0 days 1:30 hours

CPU:total 4 (initial active 4) (2 cores per cpu, 2 threads per core) family 6 model 142 stepping 10 microcode 0xe0, cmov, cx8, fxsr, mmx, sse, sse2, sse3, ssse3, sse4.1, sse4.2, popcnt, avx, avx2, aes, clmul, erms, 3dnowpref, lzcnt, ht, tsc, tscinvbit, bmi1, bmi2, adx, fma

Memory: 4k page, system-wide physical 8107M (1055M free)
TotalPageFile size 8107M (AvailPageFile size 9M)
current process WorkingSet (physical memory assigned to process): 219M, peak: 224M
current process commit charge ("private bytes"): 312M, peak: 318M

vm_info: OpenJDK 64-Bit Server VM (11.0.12+7-b1504.28-7817840) for windows-amd64 JRE (11.0.12+7-b1504.28-7817840), built on Oct 13 2021 22:12:33 by "builder" with MS VC++ 14.0 (VS2015)

END.
