#
# There is insufficient memory for the Java Runtime Environment to continue.
# Native memory allocation (mmap) failed to map 37748736 bytes for Failed to commit area from 0x0000000089400000 to 0x000000008b800000 of length 37748736.
# Possible reasons:
#   The system is out of physical RAM or swap space
#   The process is running with CompressedOops enabled, and the Java Heap may be blocking the growth of the native heap
# Possible solutions:
#   Reduce memory load on the system
#   Increase physical memory or swap space
#   Check if swap backing store is full
#   Decrease Java heap size (-Xmx/-Xms)
#   Decrease number of Java threads
#   Decrease Java thread stack sizes (-Xss)
#   Set larger code cache with -XX:ReservedCodeCacheSize=
#   JVM is running with Unscaled Compressed Oops mode in which the Java heap is
#     placed in the first 4GB address space. The Java Heap base address is the
#     maximum limit for the native heap growth. Please use -XX:HeapBaseMinAddress
#     to set the Java Heap base and to place the Java Heap above 4GB virtual address.
# This output file may be truncated or incomplete.
#
#  Out of Memory Error (./src/hotspot/os/windows/os_windows.cpp:3521), pid=7200, tid=5308
#
# JRE version: OpenJDK Runtime Environment (11.0.12+7) (build 11.0.12+7-b1504.28-7817840)
# Java VM: OpenJDK 64-Bit Server VM (11.0.12+7-b1504.28-7817840, mixed mode, tiered, compressed oops, g1 gc, windows-amd64)
# No core dump will be written. Minidumps are not enabled by default on client versions of Windows
#

---------------  S U M M A R Y ------------

Command Line: org.jetbrains.kotlin.cli.jvm.K2JVMCompiler @C:\Users\jeova\Desktop\Entrega_Final\AppAtizap-n\app\build\20221018_18206161889017942223.compiler.options

Host: Intel(R) Core(TM) i3-7020U CPU @ 2.30GHz, 4 cores, 7G,  Windows 10 , 64 bit Build 22621 (10.0.22621.608)
Time: Tue Oct 18 13:02:08 2022 Hora de verano central (México) elapsed time: 11.019013 seconds (0d 0h 0m 11s)

---------------  T H R E A D  ---------------

Current thread (0x000002fa0f2ae000):  VMThread "VM Thread" [stack: 0x000000fcf8a00000,0x000000fcf8b00000] [id=5308]

Stack: [0x000000fcf8a00000,0x000000fcf8b00000]
[error occurred during error reporting (printing stack bounds), id 0xc0000005, EXCEPTION_ACCESS_VIOLATION (0xc0000005) at pc=0x000002fa0000112d]

Native frames: (J=compiled Java code, j=interpreted, Vv=VM code, C=native code)
V  [jvm.dll+0x5fbcea]
V  [jvm.dll+0x731905]
V  [jvm.dll+0x732f1d]
V  [jvm.dll+0x733535]
V  [jvm.dll+0x7334eb]
V  [jvm.dll+0x5fb080]
V  [jvm.dll+0x5fb818]
C  [ntdll.dll+0xa3e1f]
C  [ntdll.dll+0x1eae6]
C  [ntdll.dll+0xa2e0e]
C  0x000002fa0000112d

VM_Operation (0x000000fcf84f7680): G1CollectForAllocation, mode: safepoint, requested by thread 0x000002fa7577f000


---------------  P R O C E S S  ---------------

Threads class SMR info:
_java_thread_list=0x000002fa12c2d690, length=11, elements={
0x000002fa7577f000, 0x000002fa0f2b2800, 0x000002fa0f2d5800, 0x000002fa0fc89800,
0x000002fa0fc8c800, 0x000002fa0fc90800, 0x000002fa0fc92000, 0x000002fa0f2f3800,
0x000002fa0f2f7800, 0x000002fa0fdd8800, 0x000002fa12bf6800
}

Java Threads: ( => current thread )
  0x000002fa7577f000 JavaThread "main" [_thread_blocked, id=16336, stack(0x000000fcf8400000,0x000000fcf8500000)]
  0x000002fa0f2b2800 JavaThread "Reference Handler" daemon [_thread_blocked, id=15888, stack(0x000000fcf8b00000,0x000000fcf8c00000)]
  0x000002fa0f2d5800 JavaThread "Finalizer" daemon [_thread_blocked, id=15388, stack(0x000000fcf8c00000,0x000000fcf8d00000)]
  0x000002fa0fc89800 JavaThread "Signal Dispatcher" daemon [_thread_blocked, id=14976, stack(0x000000fcf8d00000,0x000000fcf8e00000)]
  0x000002fa0fc8c800 JavaThread "Attach Listener" daemon [_thread_blocked, id=11536, stack(0x000000fcf8e00000,0x000000fcf8f00000)]
  0x000002fa0fc90800 JavaThread "Service Thread" daemon [_thread_blocked, id=7260, stack(0x000000fcf8f00000,0x000000fcf9000000)]
  0x000002fa0fc92000 JavaThread "C2 CompilerThread0" daemon [_thread_blocked, id=9164, stack(0x000000fcf9000000,0x000000fcf9100000)]
  0x000002fa0f2f3800 JavaThread "C1 CompilerThread0" daemon [_thread_blocked, id=11912, stack(0x000000fcf9100000,0x000000fcf9200000)]
  0x000002fa0f2f7800 JavaThread "Sweeper thread" daemon [_thread_blocked, id=14340, stack(0x000000fcf9200000,0x000000fcf9300000)]
  0x000002fa0fdd8800 JavaThread "Common-Cleaner" daemon [_thread_blocked, id=10532, stack(0x000000fcf9400000,0x000000fcf9500000)]
  0x000002fa12bf6800 JavaThread "C2 CompilerThread1" daemon [_thread_blocked, id=9392, stack(0x000000fcf9500000,0x000000fcf9600000)]

Other Threads:
=>0x000002fa0f2ae000 VMThread "VM Thread" [stack: 0x000000fcf8a00000,0x000000fcf8b00000] [id=5308]
  0x000002fa0fdce000 WatcherThread [stack: 0x000000fcf9300000,0x000000fcf9400000] [id=3720]
  0x000002fa735ed000 GCTaskThread "GC Thread#0" [stack: 0x000000fcf8500000,0x000000fcf8600000] [id=4908]
  0x000002fa10286800 GCTaskThread "GC Thread#1" [stack: 0x000000fcf9600000,0x000000fcf9700000] [id=7432]
  0x000002fa10290000 GCTaskThread "GC Thread#2" [stack: 0x000000fcf9700000,0x000000fcf9800000] [id=2252]
  0x000002fa757c2000 ConcurrentGCThread "G1 Main Marker" [stack: 0x000000fcf8600000,0x000000fcf8700000] [id=5324]
  0x000002fa757c4000 ConcurrentGCThread "G1 Conc#0" [stack: 0x000000fcf8700000,0x000000fcf8800000] [id=12200]
  0x000002fa75848000 ConcurrentGCThread "G1 Refine#0" [stack: 0x000000fcf8800000,0x000000fcf8900000] [id=11928]
  0x000002fa0f120800 ConcurrentGCThread "G1 Young RemSet Sampling" [stack: 0x000000fcf8900000,0x000000fcf8a00000] [id=10412]

Threads with active compile tasks:
C2 CompilerThread0  11035 3030       4       java.lang.ClassLoader::loadClass (7 bytes)
C2 CompilerThread1  11035 3510       4       org.jetbrains.kotlin.com.intellij.lang.java.lexer.JavaLexer::locateToken (548 bytes)

VM state:at safepoint (normal execution)

VM Mutex/Monitor currently owned by a thread:  ([mutex/lock_event])
[0x000002fa7577b820] Threads_lock - owner thread: 0x000002fa0f2ae000
[0x000002fa7577b0d0] Heap_lock - owner thread: 0x000002fa7577f000

Heap address: 0x0000000081400000, size: 2028 MB, Compressed Oops mode: 32-bit
Narrow klass base: 0x0000000000000000, Narrow klass shift: 3
Compressed class space size: 1073741824 Address: 0x0000000100000000

Heap:
 garbage-first heap   total 167936K, used 26624K [0x0000000081400000, 0x0000000100000000)
  region size 1024K, 7 young (7168K), 7 survivors (7168K)
 Metaspace       used 46446K, capacity 46919K, committed 46976K, reserved 1091584K
  class space    used 5489K, capacity 5710K, committed 5760K, reserved 1048576K
Heap Regions: E=young(eden), S=young(survivor), O=old, HS=humongous(starts), HC=humongous(continues), CS=collection set, F=free, A=archive, TAMS=top-at-mark-start (previous, next)
|   0|0x0000000081400000, 0x0000000081500000, 0x0000000081500000|100%|HS|  |TAMS 0x0000000081500000, 0x0000000081500000| Complete 
|   1|0x0000000081500000, 0x0000000081600000, 0x0000000081600000|100%|HC|  |TAMS 0x0000000081600000, 0x0000000081600000| Complete 
|   2|0x0000000081600000, 0x0000000081700000, 0x0000000081700000|100%|HC|  |TAMS 0x0000000081700000, 0x0000000081700000| Complete 
|   3|0x0000000081700000, 0x0000000081800000, 0x0000000081800000|100%| O|  |TAMS 0x0000000081800000, 0x0000000081800000| Untracked 
|   4|0x0000000081800000, 0x0000000081900000, 0x0000000081900000|100%| O|  |TAMS 0x0000000081900000, 0x0000000081900000| Untracked 
|   5|0x0000000081900000, 0x0000000081a00000, 0x0000000081a00000|100%|HS|  |TAMS 0x0000000081a00000, 0x0000000081a00000| Complete 
|   6|0x0000000081a00000, 0x0000000081b00000, 0x0000000081b00000|100%|HC|  |TAMS 0x0000000081b00000, 0x0000000081b00000| Complete 
|   7|0x0000000081b00000, 0x0000000081c00000, 0x0000000081c00000|100%|HC|  |TAMS 0x0000000081c00000, 0x0000000081c00000| Complete 
|   8|0x0000000081c00000, 0x0000000081c00000, 0x0000000081d00000|  0%| F|  |TAMS 0x0000000081c00000, 0x0000000081c00000| Untracked 
|   9|0x0000000081d00000, 0x0000000081d00000, 0x0000000081e00000|  0%| F|  |TAMS 0x0000000081d00000, 0x0000000081d00000| Untracked 
|  10|0x0000000081e00000, 0x0000000081f00000, 0x0000000081f00000|100%| O|  |TAMS 0x0000000081f00000, 0x0000000081f00000| Untracked 
|  11|0x0000000081f00000, 0x0000000082000000, 0x0000000082000000|100%| O|  |TAMS 0x0000000082000000, 0x0000000082000000| Untracked 
|  12|0x0000000082000000, 0x0000000082100000, 0x0000000082100000|100%| O|  |TAMS 0x0000000082100000, 0x0000000082100000| Untracked 
|  13|0x0000000082100000, 0x0000000082200000, 0x0000000082200000|100%| O|  |TAMS 0x0000000082200000, 0x0000000082200000| Untracked 
|  14|0x0000000082200000, 0x0000000082300000, 0x0000000082300000|100%| O|  |TAMS 0x0000000082300000, 0x0000000082300000| Untracked 
|  15|0x0000000082300000, 0x0000000082400000, 0x0000000082400000|100%| O|  |TAMS 0x0000000082400000, 0x0000000082400000| Untracked 
|  16|0x0000000082400000, 0x0000000082500000, 0x0000000082500000|100%| O|  |TAMS 0x0000000082500000, 0x0000000082500000| Untracked 
|  17|0x0000000082500000, 0x0000000082600000, 0x0000000082600000|100%| O|  |TAMS 0x0000000082600000, 0x0000000082600000| Untracked 
|  18|0x0000000082600000, 0x0000000082700000, 0x0000000082700000|100%| O|  |TAMS 0x0000000082700000, 0x0000000082700000| Untracked 
|  19|0x0000000082700000, 0x0000000082800000, 0x0000000082800000|100%| O|  |TAMS 0x0000000082800000, 0x0000000082800000| Untracked 
|  20|0x0000000082800000, 0x0000000082900000, 0x0000000082900000|100%| O|  |TAMS 0x0000000082800000, 0x0000000082900000| Untracked 
|  21|0x0000000082900000, 0x0000000082900000, 0x0000000082a00000|  0%| F|  |TAMS 0x0000000082900000, 0x0000000082900000| Untracked 
|  22|0x0000000082a00000, 0x0000000082a00000, 0x0000000082b00000|  0%| F|  |TAMS 0x0000000082a00000, 0x0000000082a00000| Untracked 
|  23|0x0000000082b00000, 0x0000000082b00000, 0x0000000082c00000|  0%| F|  |TAMS 0x0000000082b00000, 0x0000000082b00000| Untracked 
|  24|0x0000000082c00000, 0x0000000082c00000, 0x0000000082d00000|  0%| F|  |TAMS 0x0000000082c00000, 0x0000000082c00000| Untracked 
|  25|0x0000000082d00000, 0x0000000082d00000, 0x0000000082e00000|  0%| F|  |TAMS 0x0000000082d00000, 0x0000000082d00000| Untracked 
|  26|0x0000000082e00000, 0x0000000082e00000, 0x0000000082f00000|  0%| F|  |TAMS 0x0000000082e00000, 0x0000000082e00000| Untracked 
|  27|0x0000000082f00000, 0x0000000082f00000, 0x0000000083000000|  0%| F|  |TAMS 0x0000000082f00000, 0x0000000082f00000| Untracked 
|  28|0x0000000083000000, 0x0000000083000000, 0x0000000083100000|  0%| F|  |TAMS 0x0000000083000000, 0x0000000083000000| Untracked 
|  29|0x0000000083100000, 0x0000000083100000, 0x0000000083200000|  0%| F|  |TAMS 0x0000000083100000, 0x0000000083100000| Untracked 
|  30|0x0000000083200000, 0x0000000083200000, 0x0000000083300000|  0%| F|  |TAMS 0x0000000083200000, 0x0000000083200000| Untracked 
|  31|0x0000000083300000, 0x0000000083300000, 0x0000000083400000|  0%| F|  |TAMS 0x0000000083300000, 0x0000000083300000| Untracked 
|  32|0x0000000083400000, 0x0000000083400000, 0x0000000083500000|  0%| F|  |TAMS 0x0000000083400000, 0x0000000083400000| Untracked 
|  33|0x0000000083500000, 0x0000000083500000, 0x0000000083600000|  0%| F|  |TAMS 0x0000000083500000, 0x0000000083500000| Untracked 
|  34|0x0000000083600000, 0x0000000083600000, 0x0000000083700000|  0%| F|  |TAMS 0x0000000083600000, 0x0000000083600000| Untracked 
|  35|0x0000000083700000, 0x0000000083700000, 0x0000000083800000|  0%| F|  |TAMS 0x0000000083700000, 0x0000000083700000| Untracked 
|  36|0x0000000083800000, 0x0000000083800000, 0x0000000083900000|  0%| F|  |TAMS 0x0000000083800000, 0x0000000083800000| Untracked 
|  37|0x0000000083900000, 0x0000000083900000, 0x0000000083a00000|  0%| F|  |TAMS 0x0000000083900000, 0x0000000083900000| Untracked 
|  38|0x0000000083a00000, 0x0000000083a00000, 0x0000000083b00000|  0%| F|  |TAMS 0x0000000083a00000, 0x0000000083a00000| Untracked 
|  39|0x0000000083b00000, 0x0000000083b00000, 0x0000000083c00000|  0%| F|  |TAMS 0x0000000083b00000, 0x0000000083b00000| Untracked 
|  40|0x0000000083c00000, 0x0000000083c00000, 0x0000000083d00000|  0%| F|  |TAMS 0x0000000083c00000, 0x0000000083c00000| Untracked 
|  41|0x0000000083d00000, 0x0000000083d00000, 0x0000000083e00000|  0%| F|  |TAMS 0x0000000083d00000, 0x0000000083d00000| Untracked 
|  42|0x0000000083e00000, 0x0000000083e00000, 0x0000000083f00000|  0%| F|  |TAMS 0x0000000083e00000, 0x0000000083e00000| Untracked 
|  43|0x0000000083f00000, 0x0000000083f00000, 0x0000000084000000|  0%| F|  |TAMS 0x0000000083f00000, 0x0000000083f00000| Untracked 
|  44|0x0000000084000000, 0x0000000084000000, 0x0000000084100000|  0%| F|  |TAMS 0x0000000084000000, 0x0000000084000000| Untracked 
|  45|0x0000000084100000, 0x0000000084100000, 0x0000000084200000|  0%| F|  |TAMS 0x0000000084100000, 0x0000000084100000| Untracked 
|  46|0x0000000084200000, 0x0000000084200000, 0x0000000084300000|  0%| F|  |TAMS 0x0000000084200000, 0x0000000084200000| Untracked 
|  47|0x0000000084300000, 0x0000000084300000, 0x0000000084400000|  0%| F|  |TAMS 0x0000000084300000, 0x0000000084300000| Untracked 
|  48|0x0000000084400000, 0x0000000084400000, 0x0000000084500000|  0%| F|  |TAMS 0x0000000084400000, 0x0000000084400000| Untracked 
|  49|0x0000000084500000, 0x0000000084500000, 0x0000000084600000|  0%| F|  |TAMS 0x0000000084500000, 0x0000000084500000| Untracked 
|  50|0x0000000084600000, 0x0000000084600000, 0x0000000084700000|  0%| F|  |TAMS 0x0000000084600000, 0x0000000084600000| Untracked 
|  51|0x0000000084700000, 0x0000000084700000, 0x0000000084800000|  0%| F|  |TAMS 0x0000000084700000, 0x0000000084700000| Untracked 
|  52|0x0000000084800000, 0x0000000084800000, 0x0000000084900000|  0%| F|  |TAMS 0x0000000084800000, 0x0000000084800000| Untracked 
|  53|0x0000000084900000, 0x0000000084900000, 0x0000000084a00000|  0%| F|  |TAMS 0x0000000084900000, 0x0000000084900000| Untracked 
|  54|0x0000000084a00000, 0x0000000084a00000, 0x0000000084b00000|  0%| F|  |TAMS 0x0000000084a00000, 0x0000000084a00000| Untracked 
|  55|0x0000000084b00000, 0x0000000084b00000, 0x0000000084c00000|  0%| F|  |TAMS 0x0000000084b00000, 0x0000000084b00000| Untracked 
|  56|0x0000000084c00000, 0x0000000084c00000, 0x0000000084d00000|  0%| F|  |TAMS 0x0000000084c00000, 0x0000000084c00000| Untracked 
|  57|0x0000000084d00000, 0x0000000084d00000, 0x0000000084e00000|  0%| F|  |TAMS 0x0000000084d00000, 0x0000000084d00000| Untracked 
|  58|0x0000000084e00000, 0x0000000084e00000, 0x0000000084f00000|  0%| F|  |TAMS 0x0000000084e00000, 0x0000000084e00000| Untracked 
|  59|0x0000000084f00000, 0x0000000084f00000, 0x0000000085000000|  0%| F|  |TAMS 0x0000000084f00000, 0x0000000084f00000| Untracked 
|  60|0x0000000085000000, 0x0000000085000000, 0x0000000085100000|  0%| F|  |TAMS 0x0000000085000000, 0x0000000085000000| Untracked 
|  61|0x0000000085100000, 0x0000000085100000, 0x0000000085200000|  0%| F|  |TAMS 0x0000000085100000, 0x0000000085100000| Untracked 
|  62|0x0000000085200000, 0x0000000085200000, 0x0000000085300000|  0%| F|  |TAMS 0x0000000085200000, 0x0000000085200000| Untracked 
|  63|0x0000000085300000, 0x0000000085300000, 0x0000000085400000|  0%| F|  |TAMS 0x0000000085300000, 0x0000000085300000| Untracked 
|  64|0x0000000085400000, 0x0000000085400000, 0x0000000085500000|  0%| F|  |TAMS 0x0000000085400000, 0x0000000085400000| Untracked 
|  65|0x0000000085500000, 0x0000000085600000, 0x0000000085600000|100%| S|CS|TAMS 0x0000000085500000, 0x0000000085500000| Complete 
|  66|0x0000000085600000, 0x0000000085700000, 0x0000000085700000|100%| S|CS|TAMS 0x0000000085600000, 0x0000000085600000| Complete 
|  67|0x0000000085700000, 0x0000000085800000, 0x0000000085800000|100%| S|CS|TAMS 0x0000000085700000, 0x0000000085700000| Complete 
|  68|0x0000000085800000, 0x0000000085900000, 0x0000000085900000|100%| S|CS|TAMS 0x0000000085800000, 0x0000000085800000| Complete 
|  69|0x0000000085900000, 0x0000000085a00000, 0x0000000085a00000|100%| S|CS|TAMS 0x0000000085900000, 0x0000000085900000| Complete 
|  70|0x0000000085a00000, 0x0000000085b00000, 0x0000000085b00000|100%| S|CS|TAMS 0x0000000085a00000, 0x0000000085a00000| Complete 
|  71|0x0000000085b00000, 0x0000000085c00000, 0x0000000085c00000|100%| S|CS|TAMS 0x0000000085b00000, 0x0000000085b00000| Complete 
|  72|0x0000000085c00000, 0x0000000085c00000, 0x0000000085d00000|  0%| F|  |TAMS 0x0000000085c00000, 0x0000000085c00000| Untracked 
|  73|0x0000000085d00000, 0x0000000085d00000, 0x0000000085e00000|  0%| F|  |TAMS 0x0000000085d00000, 0x0000000085d00000| Untracked 
|  74|0x0000000085e00000, 0x0000000085e00000, 0x0000000085f00000|  0%| F|  |TAMS 0x0000000085e00000, 0x0000000085e00000| Untracked 
|  75|0x0000000085f00000, 0x0000000085f00000, 0x0000000086000000|  0%| F|  |TAMS 0x0000000085f00000, 0x0000000085f00000| Untracked 
|  76|0x0000000086000000, 0x0000000086000000, 0x0000000086100000|  0%| F|  |TAMS 0x0000000086000000, 0x0000000086000000| Untracked 
|  77|0x0000000086100000, 0x0000000086100000, 0x0000000086200000|  0%| F|  |TAMS 0x0000000086100000, 0x0000000086100000| Untracked 
|  78|0x0000000086200000, 0x0000000086200000, 0x0000000086300000|  0%| F|  |TAMS 0x0000000086200000, 0x0000000086200000| Untracked 
|  79|0x0000000086300000, 0x0000000086300000, 0x0000000086400000|  0%| F|  |TAMS 0x0000000086300000, 0x0000000086300000| Untracked 
|  80|0x0000000086400000, 0x0000000086400000, 0x0000000086500000|  0%| F|  |TAMS 0x0000000086400000, 0x0000000086400000| Untracked 
|  81|0x0000000086500000, 0x0000000086500000, 0x0000000086600000|  0%| F|  |TAMS 0x0000000086500000, 0x0000000086500000| Untracked 
|  82|0x0000000086600000, 0x0000000086600000, 0x0000000086700000|  0%| F|  |TAMS 0x0000000086600000, 0x0000000086600000| Untracked 
|  83|0x0000000086700000, 0x0000000086700000, 0x0000000086800000|  0%| F|  |TAMS 0x0000000086700000, 0x0000000086700000| Untracked 
|  84|0x0000000086800000, 0x0000000086800000, 0x0000000086900000|  0%| F|  |TAMS 0x0000000086800000, 0x0000000086800000| Untracked 
|  85|0x0000000086900000, 0x0000000086900000, 0x0000000086a00000|  0%| F|  |TAMS 0x0000000086900000, 0x0000000086900000| Untracked 
|  86|0x0000000086a00000, 0x0000000086a00000, 0x0000000086b00000|  0%| F|  |TAMS 0x0000000086a00000, 0x0000000086a00000| Untracked 
|  87|0x0000000086b00000, 0x0000000086b00000, 0x0000000086c00000|  0%| F|  |TAMS 0x0000000086b00000, 0x0000000086b00000| Untracked 
|  88|0x0000000086c00000, 0x0000000086c00000, 0x0000000086d00000|  0%| F|  |TAMS 0x0000000086c00000, 0x0000000086c00000| Untracked 
|  89|0x0000000086d00000, 0x0000000086d00000, 0x0000000086e00000|  0%| F|  |TAMS 0x0000000086d00000, 0x0000000086d00000| Untracked 
|  90|0x0000000086e00000, 0x0000000086e00000, 0x0000000086f00000|  0%| F|  |TAMS 0x0000000086e00000, 0x0000000086e00000| Untracked 
|  91|0x0000000086f00000, 0x0000000086f00000, 0x0000000087000000|  0%| F|  |TAMS 0x0000000086f00000, 0x0000000086f00000| Untracked 
|  92|0x0000000087000000, 0x0000000087000000, 0x0000000087100000|  0%| F|  |TAMS 0x0000000087000000, 0x0000000087000000| Untracked 
|  93|0x0000000087100000, 0x0000000087100000, 0x0000000087200000|  0%| F|  |TAMS 0x0000000087100000, 0x0000000087100000| Untracked 
|  94|0x0000000087200000, 0x0000000087200000, 0x0000000087300000|  0%| F|  |TAMS 0x0000000087200000, 0x0000000087200000| Untracked 
|  95|0x0000000087300000, 0x0000000087300000, 0x0000000087400000|  0%| F|  |TAMS 0x0000000087300000, 0x0000000087300000| Untracked 
|  96|0x0000000087400000, 0x0000000087400000, 0x0000000087500000|  0%| F|  |TAMS 0x0000000087400000, 0x0000000087400000| Untracked 
|  97|0x0000000087500000, 0x0000000087500000, 0x0000000087600000|  0%| F|  |TAMS 0x0000000087500000, 0x0000000087500000| Untracked 
|  98|0x0000000087600000, 0x0000000087600000, 0x0000000087700000|  0%| F|  |TAMS 0x0000000087600000, 0x0000000087600000| Untracked 
|  99|0x0000000087700000, 0x0000000087700000, 0x0000000087800000|  0%| F|  |TAMS 0x0000000087700000, 0x0000000087700000| Untracked 
| 100|0x0000000087800000, 0x0000000087800000, 0x0000000087900000|  0%| F|  |TAMS 0x0000000087800000, 0x0000000087800000| Untracked 
| 101|0x0000000087900000, 0x0000000087900000, 0x0000000087a00000|  0%| F|  |TAMS 0x0000000087900000, 0x0000000087900000| Untracked 
| 102|0x0000000087a00000, 0x0000000087a00000, 0x0000000087b00000|  0%| F|  |TAMS 0x0000000087a00000, 0x0000000087a00000| Untracked 
| 103|0x0000000087b00000, 0x0000000087b00000, 0x0000000087c00000|  0%| F|  |TAMS 0x0000000087b00000, 0x0000000087b00000| Untracked 
| 104|0x0000000087c00000, 0x0000000087c00000, 0x0000000087d00000|  0%| F|  |TAMS 0x0000000087c00000, 0x0000000087c00000| Untracked 
| 105|0x0000000087d00000, 0x0000000087d00000, 0x0000000087e00000|  0%| F|  |TAMS 0x0000000087d00000, 0x0000000087d00000| Untracked 
| 106|0x0000000087e00000, 0x0000000087e00000, 0x0000000087f00000|  0%| F|  |TAMS 0x0000000087e00000, 0x0000000087e00000| Untracked 
| 107|0x0000000087f00000, 0x0000000087f00000, 0x0000000088000000|  0%| F|  |TAMS 0x0000000087f00000, 0x0000000087f00000| Untracked 
| 108|0x0000000088000000, 0x0000000088000000, 0x0000000088100000|  0%| F|  |TAMS 0x0000000088000000, 0x0000000088000000| Untracked 
| 109|0x0000000088100000, 0x0000000088100000, 0x0000000088200000|  0%| F|  |TAMS 0x0000000088100000, 0x0000000088100000| Untracked 
| 110|0x0000000088200000, 0x0000000088200000, 0x0000000088300000|  0%| F|  |TAMS 0x0000000088200000, 0x0000000088200000| Untracked 
| 111|0x0000000088300000, 0x0000000088300000, 0x0000000088400000|  0%| F|  |TAMS 0x0000000088300000, 0x0000000088300000| Untracked 
| 112|0x0000000088400000, 0x0000000088400000, 0x0000000088500000|  0%| F|  |TAMS 0x0000000088400000, 0x0000000088400000| Untracked 
| 113|0x0000000088500000, 0x0000000088500000, 0x0000000088600000|  0%| F|  |TAMS 0x0000000088500000, 0x0000000088500000| Untracked 
| 114|0x0000000088600000, 0x0000000088600000, 0x0000000088700000|  0%| F|  |TAMS 0x0000000088600000, 0x0000000088600000| Untracked 
| 115|0x0000000088700000, 0x0000000088700000, 0x0000000088800000|  0%| F|  |TAMS 0x0000000088700000, 0x0000000088700000| Untracked 
| 116|0x0000000088800000, 0x0000000088800000, 0x0000000088900000|  0%| F|  |TAMS 0x0000000088800000, 0x0000000088800000| Untracked 
| 117|0x0000000088900000, 0x0000000088900000, 0x0000000088a00000|  0%| F|  |TAMS 0x0000000088900000, 0x0000000088900000| Untracked 
| 118|0x0000000088a00000, 0x0000000088a00000, 0x0000000088b00000|  0%| F|  |TAMS 0x0000000088a00000, 0x0000000088a00000| Untracked 
| 119|0x0000000088b00000, 0x0000000088b00000, 0x0000000088c00000|  0%| F|  |TAMS 0x0000000088b00000, 0x0000000088b00000| Untracked 
| 120|0x0000000088c00000, 0x0000000088c00000, 0x0000000088d00000|  0%| F|  |TAMS 0x0000000088c00000, 0x0000000088c00000| Untracked 
| 121|0x0000000088d00000, 0x0000000088d00000, 0x0000000088e00000|  0%| F|  |TAMS 0x0000000088d00000, 0x0000000088d00000| Untracked 
| 122|0x0000000088e00000, 0x0000000088e00000, 0x0000000088f00000|  0%| F|  |TAMS 0x0000000088e00000, 0x0000000088e00000| Untracked 
| 123|0x0000000088f00000, 0x0000000088f00000, 0x0000000089000000|  0%| F|  |TAMS 0x0000000088f00000, 0x0000000088f00000| Untracked 
| 124|0x0000000089000000, 0x0000000089000000, 0x0000000089100000|  0%| F|  |TAMS 0x0000000089000000, 0x0000000089000000| Untracked 
| 125|0x0000000089100000, 0x0000000089100000, 0x0000000089200000|  0%| F|  |TAMS 0x0000000089100000, 0x0000000089100000| Untracked 
| 126|0x0000000089200000, 0x0000000089200000, 0x0000000089300000|  0%| F|  |TAMS 0x0000000089200000, 0x0000000089200000| Untracked 
| 127|0x0000000089300000, 0x0000000089300000, 0x0000000089400000|  0%| F|  |TAMS 0x0000000089300000, 0x0000000089300000| Untracked 

Card table byte_map: [0x000002fa79680000,0x000002fa79a80000] _byte_map_base: 0x000002fa79276000

Marking Bits (Prev, Next): (CMBitMap*) 0x000002fa757b97b8, (CMBitMap*) 0x000002fa757b97f0
 Prev Bits: [0x000002fa79e80000, 0x000002fa7be30000)
 Next Bits: [0x000002fa7be30000, 0x000002fa7dde0000)

Polling page: 0x000002fa74f50000

Metaspace:

Usage:
  Non-class:     40.24 MB capacity,    40.00 MB (>99%) used,   183.54 KB ( <1%) free+waste,    67.81 KB ( <1%) overhead. 
      Class:      5.58 MB capacity,     5.36 MB ( 96%) used,   190.95 KB (  3%) free+waste,    29.94 KB ( <1%) overhead. 
       Both:     45.82 MB capacity,    45.36 MB ( 99%) used,   374.49 KB ( <1%) free+waste,    97.75 KB ( <1%) overhead. 

Virtual space:
  Non-class space:       42.00 MB reserved,      40.25 MB ( 96%) committed 
      Class space:        1.00 GB reserved,       5.63 MB ( <1%) committed 
             Both:        1.04 GB reserved,      45.88 MB (  4%) committed 

Chunk freelists:
   Non-Class:  7.00 KB
       Class:  18.00 KB
        Both:  25.00 KB

MaxMetaspaceSize: 17179869184.00 GB
CompressedClassSpaceSize: 1.00 GB
Initial GC threshold: 20.80 MB
Current GC threshold: 59.17 MB
CDS: off

CodeHeap 'non-profiled nmethods': size=120064Kb used=1468Kb max_used=1468Kb free=118595Kb
 bounds [0x000002fa07ac0000, 0x000002fa07d30000, 0x000002fa0f000000]
CodeHeap 'profiled nmethods': size=120000Kb used=7787Kb max_used=7787Kb free=112212Kb
 bounds [0x000002fa00590000, 0x000002fa00d30000, 0x000002fa07ac0000]
CodeHeap 'non-nmethods': size=5696Kb used=1323Kb max_used=1334Kb free=4372Kb
 bounds [0x000002fa00000000, 0x000002fa00270000, 0x000002fa00590000]
 total_blobs=4074 nmethods=3521 adapters=462
 compilation: enabled
              stopped_count=0, restarted_count=0
 full_count=0

Compilation events (20 events):
Event: 10.946 Thread 0x000002fa0f2f3800 3533       2       org.jetbrains.org.objectweb.asm.ClassReader::readUtf (44 bytes)
Event: 10.946 Thread 0x000002fa0f2f3800 nmethod 3533 0x000002fa00d27690 code [0x000002fa00d27860, 0x000002fa00d27b48]
Event: 10.946 Thread 0x000002fa0f2f3800 3534 %     3       org.jetbrains.org.objectweb.asm.ClassReader::readUtf @ 18 (161 bytes)
Event: 10.947 Thread 0x000002fa0f2f3800 nmethod 3534% 0x000002fa00d27d90 code [0x000002fa00d27fa0, 0x000002fa00d285b8]
Event: 10.947 Thread 0x000002fa0f2f3800 3535       3       org.jetbrains.org.objectweb.asm.ClassReader::readUtf (161 bytes)
Event: 10.948 Thread 0x000002fa0f2f3800 nmethod 3535 0x000002fa00d28910 code [0x000002fa00d28b20, 0x000002fa00d290b8]
Event: 10.970 Thread 0x000002fa0f2f3800 3536       2       java.text.StringCharacterIterator::current (37 bytes)
Event: 10.970 Thread 0x000002fa0f2f3800 nmethod 3536 0x000002fa00d29410 code [0x000002fa00d295e0, 0x000002fa00d29878]
Event: 10.971 Thread 0x000002fa0f2f3800 3537       2       java.text.StringCharacterIterator::next (46 bytes)
Event: 10.971 Thread 0x000002fa0f2f3800 nmethod 3537 0x000002fa00d29a10 code [0x000002fa00d29be0, 0x000002fa00d29e58]
Event: 10.973 Thread 0x000002fa12bf6800 nmethod 3518 0x000002fa07c2cb90 code [0x000002fa07c2d240, 0x000002fa07c2e308]
Event: 10.973 Thread 0x000002fa12bf6800 3492       4       java.lang.Character::charCount (12 bytes)
Event: 10.974 Thread 0x000002fa12bf6800 nmethod 3492 0x000002fa07c2ef90 code [0x000002fa07c2f120, 0x000002fa07c2f178]
Event: 10.974 Thread 0x000002fa12bf6800 3510       4       org.jetbrains.kotlin.com.intellij.lang.java.lexer.JavaLexer::locateToken (548 bytes)
Event: 10.978 Thread 0x000002fa0f2f3800 3538       3       org.jetbrains.kotlin.it.unimi.dsi.fastutil.HashCommon::nextPowerOfTwo (53 bytes)
Event: 10.978 Thread 0x000002fa0f2f3800 nmethod 3538 0x000002fa00d2a010 code [0x000002fa00d2a1c0, 0x000002fa00d2a378]
Event: 10.978 Thread 0x000002fa0f2f3800 3539       3       org.jetbrains.kotlin.utils.SmartList::<init> (5 bytes)
Event: 10.979 Thread 0x000002fa0f2f3800 nmethod 3539 0x000002fa00d2a410 code [0x000002fa00d2a5e0, 0x000002fa00d2a7f8]
Event: 10.979 Thread 0x000002fa0f2f3800 3540       3       org.jetbrains.kotlin.load.java.structure.impl.classFiles.CommonMixinsKt::isSet (12 bytes)
Event: 10.979 Thread 0x000002fa0f2f3800 nmethod 3540 0x000002fa00d2a910 code [0x000002fa00d2aac0, 0x000002fa00d2abf8]

GC Heap History (9 events):
Event: 0.893 GC heap before
{Heap before GC invocations=0 (full 0):
 garbage-first heap   total 131072K, used 17408K [0x0000000081400000, 0x0000000100000000)
  region size 1024K, 14 young (14336K), 0 survivors (0K)
 Metaspace       used 9866K, capacity 10002K, committed 10112K, reserved 1058816K
  class space    used 835K, capacity 885K, committed 896K, reserved 1048576K
}
Event: 0.910 GC heap after
{Heap after GC invocations=1 (full 0):
 garbage-first heap   total 131072K, used 5390K [0x0000000081400000, 0x0000000100000000)
  region size 1024K, 2 young (2048K), 2 survivors (2048K)
 Metaspace       used 9866K, capacity 10002K, committed 10112K, reserved 1058816K
  class space    used 835K, capacity 885K, committed 896K, reserved 1048576K
}
Event: 2.557 GC heap before
{Heap before GC invocations=1 (full 0):
 garbage-first heap   total 131072K, used 52494K [0x0000000081400000, 0x0000000100000000)
  region size 1024K, 49 young (50176K), 2 survivors (2048K)
 Metaspace       used 20995K, capacity 21192K, committed 21248K, reserved 1069056K
  class space    used 2223K, capacity 2304K, committed 2304K, reserved 1048576K
}
Event: 2.592 GC heap after
{Heap after GC invocations=2 (full 0):
 garbage-first heap   total 131072K, used 9955K [0x0000000081400000, 0x0000000100000000)
  region size 1024K, 7 young (7168K), 7 survivors (7168K)
 Metaspace       used 20995K, capacity 21192K, committed 21248K, reserved 1069056K
  class space    used 2223K, capacity 2304K, committed 2304K, reserved 1048576K
}
Event: 6.836 GC heap before
{Heap before GC invocations=3 (full 0):
 garbage-first heap   total 131072K, used 59107K [0x0000000081400000, 0x0000000100000000)
  region size 1024K, 50 young (51200K), 7 survivors (7168K)
 Metaspace       used 30965K, capacity 31361K, committed 31616K, reserved 1077248K
  class space    used 3666K, capacity 3858K, committed 3968K, reserved 1048576K
}
Event: 6.873 GC heap after
{Heap after GC invocations=4 (full 0):
 garbage-first heap   total 131072K, used 20547K [0x0000000081400000, 0x0000000100000000)
  region size 1024K, 6 young (6144K), 6 survivors (6144K)
 Metaspace       used 30965K, capacity 31361K, committed 31616K, reserved 1077248K
  class space    used 3666K, capacity 3858K, committed 3968K, reserved 1048576K
}
Event: 8.185 GC heap before
{Heap before GC invocations=4 (full 0):
 garbage-first heap   total 131072K, used 40003K [0x0000000081400000, 0x0000000100000000)
  region size 1024K, 26 young (26624K), 6 survivors (6144K)
 Metaspace       used 35237K, capacity 35597K, committed 35840K, reserved 1081344K
  class space    used 4329K, capacity 4500K, committed 4608K, reserved 1048576K
}
Event: 8.223 GC heap after
{Heap after GC invocations=5 (full 0):
 garbage-first heap   total 131072K, used 23513K [0x0000000081400000, 0x0000000100000000)
  region size 1024K, 3 young (3072K), 3 survivors (3072K)
 Metaspace       used 35237K, capacity 35597K, committed 35840K, reserved 1081344K
  class space    used 4329K, capacity 4500K, committed 4608K, reserved 1048576K
}
Event: 10.983 GC heap before
{Heap before GC invocations=6 (full 0):
 garbage-first heap   total 131072K, used 77785K [0x0000000081400000, 0x0000000100000000)
  region size 1024K, 56 young (57344K), 3 survivors (3072K)
 Metaspace       used 46446K, capacity 46919K, committed 46976K, reserved 1091584K
  class space    used 5489K, capacity 5710K, committed 5760K, reserved 1048576K
}

Deoptimization events (20 events):
Event: 10.860 Thread 0x000002fa7577f000 DEOPT PACKING pc=0x000002fa07c0ce28 sp=0x000000fcf84f92c0
Event: 10.860 Thread 0x000002fa7577f000 DEOPT UNPACKING pc=0x000002fa0004a1af sp=0x000000fcf84f9278 mode 2
Event: 10.860 Thread 0x000002fa7577f000 Uncommon trap: trap_request=0xffffffde fr.pc=0x000002fa07c0ce28 relative=0x0000000000000168
Event: 10.860 Thread 0x000002fa7577f000 Uncommon trap: reason=class_check action=maybe_recompile pc=0x000002fa07c0ce28 method=java.lang.Character.codePointAt(Ljava/lang/CharSequence;I)I @ 2 c2
Event: 10.860 Thread 0x000002fa7577f000 DEOPT PACKING pc=0x000002fa07c0ce28 sp=0x000000fcf84f92c0
Event: 10.860 Thread 0x000002fa7577f000 DEOPT UNPACKING pc=0x000002fa0004a1af sp=0x000000fcf84f9278 mode 2
Event: 10.860 Thread 0x000002fa7577f000 Uncommon trap: trap_request=0xffffffde fr.pc=0x000002fa07c0ce28 relative=0x0000000000000168
Event: 10.860 Thread 0x000002fa7577f000 Uncommon trap: reason=class_check action=maybe_recompile pc=0x000002fa07c0ce28 method=java.lang.Character.codePointAt(Ljava/lang/CharSequence;I)I @ 2 c2
Event: 10.860 Thread 0x000002fa7577f000 DEOPT PACKING pc=0x000002fa07c0ce28 sp=0x000000fcf84f92c0
Event: 10.860 Thread 0x000002fa7577f000 DEOPT UNPACKING pc=0x000002fa0004a1af sp=0x000000fcf84f9278 mode 2
Event: 10.860 Thread 0x000002fa7577f000 Uncommon trap: trap_request=0xffffffde fr.pc=0x000002fa07c0ce28 relative=0x0000000000000168
Event: 10.860 Thread 0x000002fa7577f000 Uncommon trap: reason=class_check action=maybe_recompile pc=0x000002fa07c0ce28 method=java.lang.Character.codePointAt(Ljava/lang/CharSequence;I)I @ 2 c2
Event: 10.860 Thread 0x000002fa7577f000 DEOPT PACKING pc=0x000002fa07c0ce28 sp=0x000000fcf84f92c0
Event: 10.860 Thread 0x000002fa7577f000 DEOPT UNPACKING pc=0x000002fa0004a1af sp=0x000000fcf84f9278 mode 2
Event: 10.922 Thread 0x000002fa7577f000 Uncommon trap: trap_request=0xffffffc6 fr.pc=0x000002fa07b97184 relative=0x0000000000001364
Event: 10.922 Thread 0x000002fa7577f000 Uncommon trap: reason=bimorphic_or_optimized_type_check action=maybe_recompile pc=0x000002fa07b97184 method=java.util.zip.ZipFile.getZipEntry(Ljava/lang/String;[BILjava/util/function/Function;)Ljava/util/zip/ZipEntry; @ 108 c2
Event: 10.922 Thread 0x000002fa7577f000 DEOPT PACKING pc=0x000002fa07b97184 sp=0x000000fcf84f90b0
Event: 10.923 Thread 0x000002fa7577f000 DEOPT UNPACKING pc=0x000002fa0004a1af sp=0x000000fcf84f9068 mode 2
Event: 10.948 Thread 0x000002fa7577f000 DEOPT PACKING pc=0x000002fa00d26da6 sp=0x000000fcf84f8e90
Event: 10.948 Thread 0x000002fa7577f000 DEOPT UNPACKING pc=0x000002fa0004a95e sp=0x000000fcf84f8370 mode 0

Classes redefined (0 events):
No events

Internal exceptions (20 events):
Event: 2.535 Thread 0x000002fa7577f000 Exception <a 'java/lang/NoSuchMethodError'{0x00000000864b6150}: 'java.lang.Object java.lang.invoke.DirectMethodHandle$Holder.invokeStaticInit(java.lang.Object, int)'> (0x00000000864b6150) thrown at [./src/hotspot/share/interpreter/linkResolver.cpp, line 773]
Event: 2.655 Thread 0x000002fa7577f000 Exception <a 'java/lang/NoSuchMethodError'{0x0000000089254eb0}: 'long java.lang.invoke.DirectMethodHandle$Holder.invokeStatic(java.lang.Object)'> (0x0000000089254eb0) thrown at [./src/hotspot/share/interpreter/linkResolver.cpp, line 773]
Event: 2.656 Thread 0x000002fa7577f000 Exception <a 'java/lang/NoSuchMethodError'{0x0000000089257d08}: 'long java.lang.invoke.DirectMethodHandle$Holder.invokeStaticInit(java.lang.Object)'> (0x0000000089257d08) thrown at [./src/hotspot/share/interpreter/linkResolver.cpp, line 773]
Event: 2.781 Thread 0x000002fa7577f000 Exception <a 'java/lang/NoSuchMethodError'{0x0000000088e4f618}: 'int java.lang.invoke.DirectMethodHandle$Holder.invokeStaticInit(java.lang.Object, java.lang.Object, java.lang.Object)'> (0x0000000088e4f618) thrown at [./src/hotspot/share/interpreter/linkResolver.cpp, line 773]
Event: 2.786 Thread 0x000002fa7577f000 Exception <a 'java/lang/NoSuchMethodError'{0x0000000088e7ac08}: 'int java.lang.invoke.DirectMethodHandle$Holder.invokeStaticInit(java.lang.Object, java.lang.Object)'> (0x0000000088e7ac08) thrown at [./src/hotspot/share/interpreter/linkResolver.cpp, line 773]
Event: 2.871 Thread 0x000002fa7577f000 Exception <a 'java/lang/NoSuchMethodError'{0x0000000088c8bd80}: 'void java.lang.invoke.DirectMethodHandle$Holder.invokeSpecial(java.lang.Object, java.lang.Object)'> (0x0000000088c8bd80) thrown at [./src/hotspot/share/interpreter/linkResolver.cpp, line 773]
Event: 3.217 Thread 0x000002fa7577f000 Exception <a 'java/lang/NoSuchMethodError'{0x00000000884f4ec0}: 'java.lang.Object java.lang.invoke.DirectMethodHandle$Holder.invokeStatic(java.lang.Object, java.lang.Object, java.lang.Object, java.lang.Object, java.lang.Object, java.lang.Object, java.lang.Object, java.lang.Object, java.lang.Object, java.lang.Object, java.lang.Object, java.lang.Object, java.lang.Object, java.lang.Object, java.lang.Object)'> (0x00000000884f4ec0) thrown at [./src/hotspot/share/interpreter/linkResolver.cpp, line 773]
Event: 3.220 Thread 0x000002fa7577f000 Exception <a 'java/lang/NoSuchMethodError'{0x0000000088303418}: 'java.lang.Object java.lang.invoke.DirectMethodHandle$Holder.invokeStatic(java.lang.Object, java.lang.Object, java.lang.Object, java.lang.Object, java.lang.Object, java.lang.Object, java.lang.Object, java.lang.Object, java.lang.Object, java.lang.Object, java.lang.Object, java.lang.Object, java.lang.Object, java.lang.Object, java.lang.Object, java.lang.Object)'> (0x0000000088303418) thrown at [./src/hotspot/share/interpreter/linkResolver.cpp, l
Event: 3.222 Thread 0x000002fa7577f000 Exception <a 'java/lang/NoSuchMethodError'{0x0000000088311330}: 'java.lang.Object java.lang.invoke.DirectMethodHandle$Holder.invokeSpecial(java.lang.Object, java.lang.Object, int, int, java.lang.Object, java.lang.Object, java.lang.Object)'> (0x0000000088311330) thrown at [./src/hotspot/share/interpreter/linkResolver.cpp, line 773]
Event: 3.222 Thread 0x000002fa7577f000 Exception <a 'java/lang/NoSuchMethodError'{0x0000000088314b68}: 'java.lang.Object java.lang.invoke.DelegatingMethodHandle$Holder.reinvoke_L(java.lang.Object, int, int, java.lang.Object, java.lang.Object, java.lang.Object)'> (0x0000000088314b68) thrown at [./src/hotspot/share/interpreter/linkResolver.cpp, line 773]
Event: 3.223 Thread 0x000002fa7577f000 Exception <a 'java/lang/NoSuchMethodError'{0x0000000088318ef0}: 'java.lang.Object java.lang.invoke.DirectMethodHandle$Holder.invokeStatic(java.lang.Object, java.lang.Object, java.lang.Object, java.lang.Object, int)'> (0x0000000088318ef0) thrown at [./src/hotspot/share/interpreter/linkResolver.cpp, line 773]
Event: 3.321 Thread 0x000002fa7577f000 Exception <a 'java/lang/NoSuchMethodError'{0x000000008823d280}: 'void java.lang.invoke.DirectMethodHandle$Holder.invokeStatic(java.lang.Object, java.lang.Object, java.lang.Object, java.lang.Object)'> (0x000000008823d280) thrown at [./src/hotspot/share/interpreter/linkResolver.cpp, line 773]
Event: 3.463 Thread 0x000002fa7577f000 Exception <a 'java/lang/NoSuchMethodError'{0x0000000087e1d9d0}: 'void java.lang.invoke.DirectMethodHandle$Holder.invokeStaticInit(java.lang.Object, java.lang.Object)'> (0x0000000087e1d9d0) thrown at [./src/hotspot/share/interpreter/linkResolver.cpp, line 773]
Event: 4.184 Thread 0x000002fa7577f000 Exception <a 'java/lang/NoSuchMethodError'{0x0000000087a49e60}: 'void java.lang.invoke.DirectMethodHandle$Holder.invokeVirtual(java.lang.Object, java.lang.Object)'> (0x0000000087a49e60) thrown at [./src/hotspot/share/interpreter/linkResolver.cpp, line 773]
Event: 4.206 Thread 0x000002fa7577f000 Exception <a 'java/lang/NoSuchMethodError'{0x0000000087ad28a0}: 'int java.lang.invoke.DirectMethodHandle$Holder.invokeVirtual(java.lang.Object, java.lang.Object)'> (0x0000000087ad28a0) thrown at [./src/hotspot/share/interpreter/linkResolver.cpp, line 773]
Event: 8.294 Thread 0x000002fa7577f000 Exception <a 'java/lang/NoSuchMethodError'{0x00000000891e7c10}: 'java.lang.Object java.lang.invoke.DirectMethodHandle$Holder.invokeVirtual(java.lang.Object, java.lang.Object, java.lang.Object)'> (0x00000000891e7c10) thrown at [./src/hotspot/share/interpreter/linkResolver.cpp, line 773]
Event: 10.126 Thread 0x000002fa7577f000 Exception <a 'java/lang/NoSuchMethodError'{0x00000000867a4f58}: 'java.lang.Object java.lang.invoke.Invokers$Holder.linkToTargetMethod(java.lang.Object, int, java.lang.Object)'> (0x00000000867a4f58) thrown at [./src/hotspot/share/interpreter/linkResolver.cpp, line 773]
Event: 10.703 Thread 0x000002fa7577f000 Exception <a 'java/lang/NoSuchMethodError'{0x00000000862b85e0}: 'java.lang.Object java.lang.invoke.DirectMethodHandle$Holder.invokeStatic(java.lang.Object, java.lang.Object, java.lang.Object, int)'> (0x00000000862b85e0) thrown at [./src/hotspot/share/interpreter/linkResolver.cpp, line 773]
Event: 10.703 Thread 0x000002fa7577f000 Exception <a 'java/lang/NoSuchMethodError'{0x00000000862bc250}: 'java.lang.Object java.lang.invoke.DirectMethodHandle$Holder.invokeSpecial(java.lang.Object, java.lang.Object, java.lang.Object, java.lang.Object, int)'> (0x00000000862bc250) thrown at [./src/hotspot/share/interpreter/linkResolver.cpp, line 773]
Event: 10.703 Thread 0x000002fa7577f000 Exception <a 'java/lang/NoSuchMethodError'{0x00000000862bf560}: 'java.lang.Object java.lang.invoke.Invokers$Holder.linkToTargetMethod(java.lang.Object, java.lang.Object, int, java.lang.Object)'> (0x00000000862bf560) thrown at [./src/hotspot/share/interpreter/linkResolver.cpp, line 773]

Events (20 events):
Event: 10.971 loading class org/jetbrains/kotlin/load/java/structure/impl/classFiles/BinaryJavaAnnotation done
Event: 10.972 loading class org/jetbrains/kotlin/load/java/structure/JavaAnnotation
Event: 10.972 loading class org/jetbrains/kotlin/load/java/structure/JavaAnnotation done
Event: 10.973 loading class org/jetbrains/kotlin/load/java/structure/impl/classFiles/BinaryJavaAnnotation$Companion
Event: 10.973 loading class org/jetbrains/kotlin/load/java/structure/impl/classFiles/BinaryJavaAnnotation$Companion done
Event: 10.974 loading class org/jetbrains/kotlin/load/java/structure/impl/classFiles/BinaryJavaAnnotation$classifierResolutionResult$2
Event: 10.974 loading class org/jetbrains/kotlin/load/java/structure/impl/classFiles/BinaryJavaAnnotation$classifierResolutionResult$2 done
Event: 10.975 loading class org/jetbrains/kotlin/load/java/structure/impl/classFiles/BinaryJavaAnnotationVisitor
Event: 10.975 loading class org/jetbrains/kotlin/load/java/structure/impl/classFiles/BinaryJavaAnnotationVisitor done
Event: 10.976 loading class org/jetbrains/kotlin/load/java/structure/impl/classFiles/BinaryJavaAnnotationVisitor$1
Event: 10.976 loading class org/jetbrains/kotlin/load/java/structure/impl/classFiles/BinaryJavaAnnotationVisitor$1 done
Event: 10.979 loading class org/jetbrains/kotlin/load/java/structure/impl/classFiles/BinaryJavaModifierListOwner$DefaultImpls
Event: 10.979 loading class org/jetbrains/kotlin/load/java/structure/impl/classFiles/BinaryJavaModifierListOwner$DefaultImpls done
Event: 10.980 loading class org/jetbrains/kotlin/load/java/structure/impl/classFiles/BinaryJavaMethodBase
Event: 10.980 loading class org/jetbrains/kotlin/load/java/structure/impl/classFiles/BinaryJavaMethodBase done
Event: 10.981 loading class org/jetbrains/kotlin/load/java/structure/impl/classFiles/BinaryJavaMethodBase$Companion
Event: 10.981 loading class org/jetbrains/kotlin/load/java/structure/impl/classFiles/BinaryJavaMethodBase$Companion done
Event: 10.983 loading class org/jetbrains/org/objectweb/asm/Type
Event: 10.983 loading class org/jetbrains/org/objectweb/asm/Type done
Event: 10.983 Executing VM operation: G1CollectForAllocation


Dynamic libraries:
0x00007ff6b0020000 - 0x00007ff6b002a000 	C:\Program Files\Android\Android Studio\jre\bin\java.exe
0x00007ff9be250000 - 0x00007ff9be464000 	C:\WINDOWS\SYSTEM32\ntdll.dll
0x00007ff9bca70000 - 0x00007ff9bcb32000 	C:\WINDOWS\System32\KERNEL32.DLL
0x00007ff9bb940000 - 0x00007ff9bbcdc000 	C:\WINDOWS\System32\KERNELBASE.dll
0x00007ff9bb6b0000 - 0x00007ff9bb7c1000 	C:\WINDOWS\System32\ucrtbase.dll
0x00007ff997260000 - 0x00007ff997277000 	C:\Program Files\Android\Android Studio\jre\bin\VCRUNTIME140.dll
0x00007ff99c3f0000 - 0x00007ff99c409000 	C:\Program Files\Android\Android Studio\jre\bin\jli.dll
0x00007ff9bd210000 - 0x00007ff9bd3ba000 	C:\WINDOWS\System32\USER32.dll
0x00007ff9bb680000 - 0x00007ff9bb6a6000 	C:\WINDOWS\System32\win32u.dll
0x00007ff99e060000 - 0x00007ff99e2ee000 	C:\WINDOWS\WinSxS\amd64_microsoft.windows.common-controls_6595b64144ccf1df_6.0.22621.608_none_a9444ca7c10bb01d\COMCTL32.dll
0x00007ff9bcd00000 - 0x00007ff9bcd29000 	C:\WINDOWS\System32\GDI32.dll
0x00007ff9bd160000 - 0x00007ff9bd207000 	C:\WINDOWS\System32\msvcrt.dll
0x00007ff9bbe10000 - 0x00007ff9bbf22000 	C:\WINDOWS\System32\gdi32full.dll
0x00007ff9bbfb0000 - 0x00007ff9bc04a000 	C:\WINDOWS\System32\msvcp_win.dll
0x00007ff9be1d0000 - 0x00007ff9be201000 	C:\WINDOWS\System32\IMM32.DLL
0x00007ff984e40000 - 0x00007ff984edd000 	C:\Program Files\Android\Android Studio\jre\bin\msvcp140.dll
0x00007ff933810000 - 0x00007ff9342f5000 	C:\Program Files\Android\Android Studio\jre\bin\server\jvm.dll
0x00007ff9be120000 - 0x00007ff9be1ce000 	C:\WINDOWS\System32\ADVAPI32.dll
0x00007ff9bd5c0000 - 0x00007ff9bd664000 	C:\WINDOWS\System32\sechost.dll
0x00007ff9bcd30000 - 0x00007ff9bce45000 	C:\WINDOWS\System32\RPCRT4.dll
0x00007ff9bcf50000 - 0x00007ff9bcf58000 	C:\WINDOWS\System32\PSAPI.DLL
0x00007ff99f310000 - 0x00007ff99f319000 	C:\WINDOWS\SYSTEM32\WSOCK32.dll
0x00007ff9bd3c0000 - 0x00007ff9bd431000 	C:\WINDOWS\System32\WS2_32.dll
0x00007ff9b3e30000 - 0x00007ff9b3e64000 	C:\WINDOWS\SYSTEM32\WINMM.dll
0x00007ff9b4c50000 - 0x00007ff9b4c5a000 	C:\WINDOWS\SYSTEM32\VERSION.dll
0x00007ff9ba7f0000 - 0x00007ff9ba808000 	C:\WINDOWS\SYSTEM32\kernel.appcore.dll
0x00007ff997ca0000 - 0x00007ff997cb1000 	C:\Program Files\Android\Android Studio\jre\bin\verify.dll
0x00007ff9b9290000 - 0x00007ff9b94be000 	C:\WINDOWS\SYSTEM32\DBGHELP.DLL
0x00007ff9bdd90000 - 0x00007ff9be119000 	C:\WINDOWS\System32\combase.dll
0x00007ff9bd4b0000 - 0x00007ff9bd587000 	C:\WINDOWS\System32\OLEAUT32.dll
0x00007ff99cf00000 - 0x00007ff99cf32000 	C:\WINDOWS\SYSTEM32\dbgcore.DLL
0x00007ff9bbf30000 - 0x00007ff9bbfab000 	C:\WINDOWS\System32\bcryptPrimitives.dll
0x00007ff997c00000 - 0x00007ff997c29000 	C:\Program Files\Android\Android Studio\jre\bin\java.dll
0x00007ff99c480000 - 0x00007ff99c48b000 	C:\Program Files\Android\Android Studio\jre\bin\jimage.dll
0x00007ff984c70000 - 0x00007ff984c88000 	C:\Program Files\Android\Android Studio\jre\bin\zip.dll
0x00007ff9bc050000 - 0x00007ff9bc82e000 	C:\WINDOWS\System32\SHELL32.dll
0x00007ff9b96f0000 - 0x00007ff9b9fa7000 	C:\WINDOWS\SYSTEM32\windows.storage.dll
0x00007ff9b95b0000 - 0x00007ff9b96ed000 	C:\WINDOWS\SYSTEM32\wintypes.dll
0x00007ff9bce50000 - 0x00007ff9bcf41000 	C:\WINDOWS\System32\SHCORE.dll
0x00007ff9bca10000 - 0x00007ff9bca6e000 	C:\WINDOWS\System32\shlwapi.dll
0x00007ff9bb5b0000 - 0x00007ff9bb5d1000 	C:\WINDOWS\SYSTEM32\profapi.dll
0x00007ff984c50000 - 0x00007ff984c6a000 	C:\Program Files\Android\Android Studio\jre\bin\net.dll
0x00007ff9b3b10000 - 0x00007ff9b3c3f000 	C:\WINDOWS\SYSTEM32\WINHTTP.dll
0x00007ff9bac50000 - 0x00007ff9bacb9000 	C:\WINDOWS\system32\mswsock.dll
0x00007ff984c30000 - 0x00007ff984c44000 	C:\Program Files\Android\Android Studio\jre\bin\nio.dll

dbghelp: loaded successfully - version: 4.0.5 - missing functions: none
symbol engine: initialized successfully - sym options: 0x614 - pdb path: .;C:\Program Files\Android\Android Studio\jre\bin;C:\WINDOWS\SYSTEM32;C:\WINDOWS\WinSxS\amd64_microsoft.windows.common-controls_6595b64144ccf1df_6.0.22621.608_none_a9444ca7c10bb01d;C:\Program Files\Android\Android Studio\jre\bin\server

VM Arguments:
java_command: org.jetbrains.kotlin.cli.jvm.K2JVMCompiler @C:\Users\jeova\Desktop\Entrega_Final\AppAtizap-n\app\build\20221018_18206161889017942223.compiler.options
java_class_path (initial): C:\Users\jeova\.gradle\caches\modules-2\files-2.1\org.jetbrains.kotlin\kotlin-compiler-embeddable\1.7.10\909803167c98606fcf22b4c848647c68e351d48d\kotlin-compiler-embeddable-1.7.10.jar;C:\Users\jeova\.gradle\caches\modules-2\files-2.1\org.jetbrains.kotlin\kotlin-reflect\1.7.10\165e600dfea6185cf5efa700756294cc4904dbeb\kotlin-reflect-1.7.10.jar;C:\Users\jeova\.gradle\caches\modules-2\files-2.1\org.jetbrains.kotlin\kotlin-stdlib\1.7.10\d2abf9e77736acc4450dc4a3f707fa2c10f5099d\kotlin-stdlib-1.7.10.jar;C:\Users\jeova\.gradle\caches\modules-2\files-2.1\org.jetbrains.kotlin\kotlin-script-runtime\1.7.10\c99c87a6988d8fd8d5142e9ed5c9f34a7cf561ee\kotlin-script-runtime-1.7.10.jar;C:\Users\jeova\.gradle\caches\modules-2\files-2.1\org.jetbrains.kotlin\kotlin-daemon-embeddable\1.7.10\3a9f7aef7080d3ae63126cbba4f827ed664f32fa\kotlin-daemon-embeddable-1.7.10.jar;C:\Users\jeova\.gradle\caches\modules-2\files-2.1\org.jetbrains.intellij.deps\trove4j\1.0.20200330\3afb14d5f9ceb459d724e907a21145e8ff394f02\trove4j-1.0.20200330.jar;C:\Users\jeova\.gradle\caches\modules-2\files-2.1\net.java.dev.jna\jna\5.6.0\330f2244e9030119ab3030fc3fededc86713d9cc\jna-5.6.0.jar;C:\Users\jeova\.gradle\caches\modules-2\files-2.1\org.jetbrains.kotlin\kotlin-stdlib-common\1.7.10\bac80c520d0a9e3f3673bc2658c6ed02ef45a76a\kotlin-stdlib-common-1.7.10.jar;C:\Users\jeova\.gradle\caches\modules-2\files-2.1\org.jetbrains\annotations\13.0\919f0dfe192fb4e063e7dacadee7f8bb9a2672a9\annotations-13.0.jar
Launcher Type: SUN_STANDARD

[Global flags]
     intx CICompilerCount                          = 3                                         {product} {ergonomic}
     uint ConcGCThreads                            = 1                                         {product} {ergonomic}
     uint G1ConcRefinementThreads                  = 4                                         {product} {ergonomic}
   size_t G1HeapRegionSize                         = 1048576                                   {product} {ergonomic}
    uintx GCDrainStackTargetSize                   = 64                                        {product} {ergonomic}
   size_t InitialHeapSize                          = 134217728                                 {product} {ergonomic}
   size_t MarkStackSize                            = 4194304                                   {product} {ergonomic}
   size_t MaxHeapSize                              = 2126512128                                {product} {ergonomic}
   size_t MaxNewSize                               = 1275068416                                {product} {ergonomic}
   size_t MinHeapDeltaBytes                        = 1048576                                   {product} {ergonomic}
    uintx NonNMethodCodeHeapSize                   = 5830732                                {pd product} {ergonomic}
    uintx NonProfiledCodeHeapSize                  = 122913754                              {pd product} {ergonomic}
    uintx ProfiledCodeHeapSize                     = 122913754                              {pd product} {ergonomic}
    uintx ReservedCodeCacheSize                    = 251658240                              {pd product} {ergonomic}
     bool SegmentedCodeCache                       = true                                      {product} {ergonomic}
     bool UseCompressedClassPointers               = true                                 {lp64_product} {ergonomic}
     bool UseCompressedOops                        = true                                 {lp64_product} {ergonomic}
     bool UseG1GC                                  = true                                      {product} {ergonomic}
     bool UseLargePagesIndividualAllocation        = false                                  {pd product} {ergonomic}

Logging:
Log output configuration:
 #0: stdout all=warning uptime,level,tags
 #1: stderr all=off uptime,level,tags

Environment Variables:
PATH=C:\Program Files (x86)\Common Files\Oracle\Java\javapath;C:\WINDOWS\system32;C:\WINDOWS;C:\WINDOWS\System32\Wbem;C:\WINDOWS\System32\WindowsPowerShell\v1.0\;C:\WINDOWS\System32\OpenSSH\;C:\Program Files\MATLAB\R2020b\bin;C:\Program Files\dotnet\;C:\Program Files\Microsoft SQL Server\Client SDK\ODBC\170\Tools\Binn\;C:\Program Files\Azure Data Studio\bin;C:\Program Files\nodejs\;C:\Program Files (x86)\Microsoft SQL Server\150\DTS\Binn\;C:\Program Files (x86)\Microsoft SQL Server\150\Tools\Binn\;C:\Program Files\Microsoft SQL Server\150\Tools\Binn\;C:\Program Files\Microsoft SQL Server\150\DTS\Binn\;C:\Program Files\Microsoft SQL Server\130\Tools\Binn\;C:\Program Files (x86)\dotnet\;C:\Program Files\Git\cmd;C:\Program Files\Intel\Intel(R) Memory and Storage Tool\;C:\Users\jeova\AppData\Local\Programs\Python\Python39\Scripts\;C:\Users\jeova\AppData\Local\Programs\Python\Python39\;C:\Users\jeova\AppData\Local\Microsoft\WindowsApps;C:\Users\jeova\AppData\Local\Programs\Microsoft VS Code\bin;C:\Users\jeova\.dotnet\tools;C:\Program Files\Azure Data Studio\bin;C:\Users\jeova\AppData\Roaming\npm;C:\Users\jeova\AppData\Local\GitHubDesktop\bin;C:\Users\jeova\OneDrive\Escritorio\ESCRITORIO\CEM;
USERNAME=jeova
OS=Windows_NT
PROCESSOR_IDENTIFIER=Intel64 Family 6 Model 142 Stepping 10, GenuineIntel



---------------  S Y S T E M  ---------------

OS: Windows 10 , 64 bit Build 22621 (10.0.22621.608)
OS uptime: 0 days 1:32 hours

CPU:total 4 (initial active 4) (2 cores per cpu, 2 threads per core) family 6 model 142 stepping 10 microcode 0xe0, cmov, cx8, fxsr, mmx, sse, sse2, sse3, ssse3, sse4.1, sse4.2, popcnt, avx, avx2, aes, clmul, erms, 3dnowpref, lzcnt, ht, tsc, tscinvbit, bmi1, bmi2, adx, fma

Memory: 4k page, system-wide physical 8107M (741M free)
TotalPageFile size 8107M (AvailPageFile size 39M)
current process WorkingSet (physical memory assigned to process): 230M, peak: 230M
current process commit charge ("private bytes"): 303M, peak: 339M

vm_info: OpenJDK 64-Bit Server VM (11.0.12+7-b1504.28-7817840) for windows-amd64 JRE (11.0.12+7-b1504.28-7817840), built on Oct 13 2021 22:12:33 by "builder" with MS VC++ 14.0 (VS2015)

END.
