#
# There is insufficient memory for the Java Runtime Environment to continue.
# Native memory allocation (mmap) failed to map 32505856 bytes for Failed to commit area from 0x000000008ae00000 to 0x000000008cd00000 of length 32505856.
# Possible reasons:
#   The system is out of physical RAM or swap space
#   The process is running with CompressedOops enabled, and the Java Heap may be blocking the growth of the native heap
# Possible solutions:
#   Reduce memory load on the system
#   Increase physical memory or swap space
#   Check if swap backing store is full
#   Decrease Java heap size (-Xmx/-Xms)
#   Decrease number of Java threads
#   Decrease Java thread stack sizes (-Xss)
#   Set larger code cache with -XX:ReservedCodeCacheSize=
#   JVM is running with Unscaled Compressed Oops mode in which the Java heap is
#     placed in the first 4GB address space. The Java Heap base address is the
#     maximum limit for the native heap growth. Please use -XX:HeapBaseMinAddress
#     to set the Java Heap base and to place the Java Heap above 4GB virtual address.
# This output file may be truncated or incomplete.
#
#  Out of Memory Error (./src/hotspot/os/windows/os_windows.cpp:3521), pid=15704, tid=13648
#
# JRE version: OpenJDK Runtime Environment (11.0.12+7) (build 11.0.12+7-b1504.28-7817840)
# Java VM: OpenJDK 64-Bit Server VM (11.0.12+7-b1504.28-7817840, mixed mode, tiered, compressed oops, g1 gc, windows-amd64)
# No core dump will be written. Minidumps are not enabled by default on client versions of Windows
#

---------------  S U M M A R Y ------------

Command Line: org.jetbrains.kotlin.cli.jvm.K2JVMCompiler @C:\Users\jeova\Desktop\Entrega_Final\AppAtizap-n\app\build\20221018_10194883818536270973.compiler.options

Host: Intel(R) Core(TM) i3-7020U CPU @ 2.30GHz, 4 cores, 7G,  Windows 10 , 64 bit Build 22621 (10.0.22621.608)
Time: Tue Oct 18 16:34:25 2022 Hora de verano central (México) elapsed time: 11.610494 seconds (0d 0h 0m 11s)

---------------  T H R E A D  ---------------

Current thread (0x000001f027451800):  VMThread "VM Thread" [stack: 0x0000005e5cb00000,0x0000005e5cc00000] [id=13648]

Stack: [0x0000005e5cb00000,0x0000005e5cc00000]
[error occurred during error reporting (printing stack bounds), id 0xc0000005, EXCEPTION_ACCESS_VIOLATION (0xc0000005) at pc=0x000001f01142112d]

Native frames: (J=compiled Java code, j=interpreted, Vv=VM code, C=native code)
V  [jvm.dll+0x5fbcea]
V  [jvm.dll+0x731905]
V  [jvm.dll+0x732f1d]
V  [jvm.dll+0x733535]
V  [jvm.dll+0x7334eb]
V  [jvm.dll+0x5fb080]
V  [jvm.dll+0x5fb818]
C  [ntdll.dll+0xa3e1f]
C  [ntdll.dll+0x1eae6]
C  [ntdll.dll+0xa2e0e]
C  0x000001f01142112d

VM_Operation (0x0000005e5c5faf40): CollectForMetadataAllocation, mode: safepoint, requested by thread 0x000001f00b7ce800


---------------  P R O C E S S  ---------------

Threads class SMR info:
_java_thread_list=0x000001f02d1c34a0, length=11, elements={
0x000001f00b7ce800, 0x000001f027455800, 0x000001f02747b000, 0x000001f027e26800,
0x000001f027e2b000, 0x000001f027e2e000, 0x000001f027e30000, 0x000001f027499000,
0x000001f0274a4000, 0x000001f027fa1800, 0x000001f02aded800
}

Java Threads: ( => current thread )
  0x000001f00b7ce800 JavaThread "main" [_thread_blocked, id=9400, stack(0x0000005e5c500000,0x0000005e5c600000)]
  0x000001f027455800 JavaThread "Reference Handler" daemon [_thread_blocked, id=15668, stack(0x0000005e5cc00000,0x0000005e5cd00000)]
  0x000001f02747b000 JavaThread "Finalizer" daemon [_thread_blocked, id=6988, stack(0x0000005e5cd00000,0x0000005e5ce00000)]
  0x000001f027e26800 JavaThread "Signal Dispatcher" daemon [_thread_blocked, id=15408, stack(0x0000005e5ce00000,0x0000005e5cf00000)]
  0x000001f027e2b000 JavaThread "Attach Listener" daemon [_thread_blocked, id=2076, stack(0x0000005e5cf00000,0x0000005e5d000000)]
  0x000001f027e2e000 JavaThread "Service Thread" daemon [_thread_blocked, id=15840, stack(0x0000005e5d000000,0x0000005e5d100000)]
  0x000001f027e30000 JavaThread "C2 CompilerThread0" daemon [_thread_blocked, id=3576, stack(0x0000005e5d100000,0x0000005e5d200000)]
  0x000001f027499000 JavaThread "C1 CompilerThread0" daemon [_thread_blocked, id=13156, stack(0x0000005e5d200000,0x0000005e5d300000)]
  0x000001f0274a4000 JavaThread "Sweeper thread" daemon [_thread_blocked, id=8808, stack(0x0000005e5d300000,0x0000005e5d400000)]
  0x000001f027fa1800 JavaThread "Common-Cleaner" daemon [_thread_blocked, id=9108, stack(0x0000005e5d500000,0x0000005e5d600000)]
  0x000001f02aded800 JavaThread "C2 CompilerThread1" daemon [_thread_blocked, id=5548, stack(0x0000005e5d600000,0x0000005e5d700000)]

Other Threads:
=>0x000001f027451800 VMThread "VM Thread" [stack: 0x0000005e5cb00000,0x0000005e5cc00000] [id=13648]
  0x000001f027f9b000 WatcherThread [stack: 0x0000005e5d400000,0x0000005e5d500000] [id=2396]
  0x000001f00d933000 GCTaskThread "GC Thread#0" [stack: 0x0000005e5c600000,0x0000005e5c700000] [id=11032]
  0x000001f028515000 GCTaskThread "GC Thread#1" [stack: 0x0000005e5d700000,0x0000005e5d800000] [id=8448]
  0x000001f02843e000 GCTaskThread "GC Thread#2" [stack: 0x0000005e5d800000,0x0000005e5d900000] [id=6004]
  0x000001f00d963800 ConcurrentGCThread "G1 Main Marker" [stack: 0x0000005e5c700000,0x0000005e5c800000] [id=5568]
  0x000001f00d964800 ConcurrentGCThread "G1 Conc#0" [stack: 0x0000005e5c800000,0x0000005e5c900000] [id=7316]
  0x000001f0272c0800 ConcurrentGCThread "G1 Refine#0" [stack: 0x0000005e5c900000,0x0000005e5ca00000] [id=8284]
  0x000001f0272c1000 ConcurrentGCThread "G1 Young RemSet Sampling" [stack: 0x0000005e5ca00000,0x0000005e5cb00000] [id=15404]

Threads with active compile tasks:
C2 CompilerThread0  11627 6663       4       org.jetbrains.kotlin.resolve.OverridingUtil::filterOverrides (257 bytes)
C2 CompilerThread1  11627 6874       4       org.jetbrains.kotlin.metadata.ProtoBuf$Type::writeTo (354 bytes)

VM state:at safepoint (normal execution)

VM Mutex/Monitor currently owned by a thread:  ([mutex/lock_event])
[0x000001f00d9174e0] Threads_lock - owner thread: 0x000001f027451800
[0x000001f00d916a30] Heap_lock - owner thread: 0x000001f00b7ce800

Heap address: 0x0000000081400000, size: 2028 MB, Compressed Oops mode: 32-bit
Narrow klass base: 0x0000000000000000, Narrow klass shift: 3
Compressed class space size: 1073741824 Address: 0x0000000100000000

Heap:
 garbage-first heap   total 189440K, used 51758K [0x0000000081400000, 0x0000000100000000)
  region size 1024K, 6 young (6144K), 6 survivors (6144K)
 Metaspace       used 59782K, capacity 60431K, committed 60508K, reserved 1103872K
  class space    used 6824K, capacity 7099K, committed 7164K, reserved 1048576K
Heap Regions: E=young(eden), S=young(survivor), O=old, HS=humongous(starts), HC=humongous(continues), CS=collection set, F=free, A=archive, TAMS=top-at-mark-start (previous, next)
|   0|0x0000000081400000, 0x0000000081500000, 0x0000000081500000|100%|HS|  |TAMS 0x0000000081500000, 0x0000000081500000| Complete 
|   1|0x0000000081500000, 0x0000000081600000, 0x0000000081600000|100%|HC|  |TAMS 0x0000000081600000, 0x0000000081600000| Complete 
|   2|0x0000000081600000, 0x0000000081700000, 0x0000000081700000|100%|HC|  |TAMS 0x0000000081700000, 0x0000000081700000| Complete 
|   3|0x0000000081700000, 0x0000000081800000, 0x0000000081800000|100%| O|  |TAMS 0x0000000081800000, 0x0000000081800000| Untracked 
|   4|0x0000000081800000, 0x0000000081900000, 0x0000000081900000|100%| O|  |TAMS 0x0000000081900000, 0x0000000081900000| Untracked 
|   5|0x0000000081900000, 0x0000000081a00000, 0x0000000081a00000|100%|HS|  |TAMS 0x0000000081a00000, 0x0000000081a00000| Complete 
|   6|0x0000000081a00000, 0x0000000081b00000, 0x0000000081b00000|100%|HC|  |TAMS 0x0000000081b00000, 0x0000000081b00000| Complete 
|   7|0x0000000081b00000, 0x0000000081c00000, 0x0000000081c00000|100%|HC|  |TAMS 0x0000000081c00000, 0x0000000081c00000| Complete 
|   8|0x0000000081c00000, 0x0000000081d00000, 0x0000000081d00000|100%|HS|  |TAMS 0x0000000081c00000, 0x0000000081d00000| Complete 
|   9|0x0000000081d00000, 0x0000000081e00000, 0x0000000081e00000|100%|HC|  |TAMS 0x0000000081d00000, 0x0000000081e00000| Complete 
|  10|0x0000000081e00000, 0x0000000081f00000, 0x0000000081f00000|100%| O|  |TAMS 0x0000000081f00000, 0x0000000081f00000| Untracked 
|  11|0x0000000081f00000, 0x0000000082000000, 0x0000000082000000|100%| O|  |TAMS 0x0000000082000000, 0x0000000082000000| Untracked 
|  12|0x0000000082000000, 0x0000000082100000, 0x0000000082100000|100%| O|  |TAMS 0x0000000082100000, 0x0000000082100000| Untracked 
|  13|0x0000000082100000, 0x0000000082200000, 0x0000000082200000|100%| O|  |TAMS 0x0000000082200000, 0x0000000082200000| Untracked 
|  14|0x0000000082200000, 0x0000000082300000, 0x0000000082300000|100%| O|  |TAMS 0x0000000082300000, 0x0000000082300000| Untracked 
|  15|0x0000000082300000, 0x0000000082400000, 0x0000000082400000|100%| O|  |TAMS 0x0000000082400000, 0x0000000082400000| Untracked 
|  16|0x0000000082400000, 0x0000000082500000, 0x0000000082500000|100%| O|  |TAMS 0x0000000082500000, 0x0000000082500000| Untracked 
|  17|0x0000000082500000, 0x0000000082600000, 0x0000000082600000|100%| O|  |TAMS 0x0000000082600000, 0x0000000082600000| Untracked 
|  18|0x0000000082600000, 0x0000000082700000, 0x0000000082700000|100%| O|  |TAMS 0x0000000082700000, 0x0000000082700000| Untracked 
|  19|0x0000000082700000, 0x0000000082800000, 0x0000000082800000|100%| O|  |TAMS 0x0000000082800000, 0x0000000082800000| Untracked 
|  20|0x0000000082800000, 0x0000000082900000, 0x0000000082900000|100%| O|  |TAMS 0x0000000082900000, 0x0000000082900000| Untracked 
|  21|0x0000000082900000, 0x0000000082a00000, 0x0000000082a00000|100%| O|  |TAMS 0x0000000082910200, 0x0000000082a00000| Untracked 
|  22|0x0000000082a00000, 0x0000000082b00000, 0x0000000082b00000|100%| O|  |TAMS 0x0000000082a00000, 0x0000000082b00000| Untracked 
|  23|0x0000000082b00000, 0x0000000082c00000, 0x0000000082c00000|100%| O|  |TAMS 0x0000000082b00000, 0x0000000082c00000| Untracked 
|  24|0x0000000082c00000, 0x0000000082d00000, 0x0000000082d00000|100%| O|  |TAMS 0x0000000082c00000, 0x0000000082d00000| Untracked 
|  25|0x0000000082d00000, 0x0000000082e00000, 0x0000000082e00000|100%| O|  |TAMS 0x0000000082d00000, 0x0000000082e00000| Untracked 
|  26|0x0000000082e00000, 0x0000000082f00000, 0x0000000082f00000|100%| O|  |TAMS 0x0000000082e00000, 0x0000000082f00000| Untracked 
|  27|0x0000000082f00000, 0x0000000083000000, 0x0000000083000000|100%| O|  |TAMS 0x0000000082f00000, 0x0000000083000000| Untracked 
|  28|0x0000000083000000, 0x0000000083100000, 0x0000000083100000|100%| O|  |TAMS 0x0000000083000000, 0x0000000083100000| Untracked 
|  29|0x0000000083100000, 0x0000000083200000, 0x0000000083200000|100%| O|  |TAMS 0x0000000083100000, 0x0000000083200000| Untracked 
|  30|0x0000000083200000, 0x0000000083300000, 0x0000000083300000|100%| O|  |TAMS 0x0000000083200000, 0x0000000083300000| Untracked 
|  31|0x0000000083300000, 0x0000000083400000, 0x0000000083400000|100%| O|  |TAMS 0x0000000083300000, 0x0000000083400000| Untracked 
|  32|0x0000000083400000, 0x0000000083500000, 0x0000000083500000|100%| O|  |TAMS 0x0000000083400000, 0x0000000083500000| Untracked 
|  33|0x0000000083500000, 0x0000000083600000, 0x0000000083600000|100%| O|  |TAMS 0x0000000083500000, 0x0000000083600000| Untracked 
|  34|0x0000000083600000, 0x0000000083700000, 0x0000000083700000|100%| O|  |TAMS 0x0000000083600000, 0x0000000083700000| Untracked 
|  35|0x0000000083700000, 0x0000000083800000, 0x0000000083800000|100%| O|  |TAMS 0x0000000083700000, 0x0000000083800000| Untracked 
|  36|0x0000000083800000, 0x0000000083900000, 0x0000000083900000|100%| O|  |TAMS 0x0000000083800000, 0x0000000083900000| Untracked 
|  37|0x0000000083900000, 0x0000000083a00000, 0x0000000083a00000|100%| O|  |TAMS 0x0000000083900000, 0x0000000083a00000| Untracked 
|  38|0x0000000083a00000, 0x0000000083b00000, 0x0000000083b00000|100%| O|  |TAMS 0x0000000083a00000, 0x0000000083b00000| Untracked 
|  39|0x0000000083b00000, 0x0000000083c00000, 0x0000000083c00000|100%| O|  |TAMS 0x0000000083b00000, 0x0000000083c00000| Untracked 
|  40|0x0000000083c00000, 0x0000000083d00000, 0x0000000083d00000|100%| O|  |TAMS 0x0000000083c00000, 0x0000000083d00000| Untracked 
|  41|0x0000000083d00000, 0x0000000083e00000, 0x0000000083e00000|100%| O|  |TAMS 0x0000000083d00000, 0x0000000083e00000| Untracked 
|  42|0x0000000083e00000, 0x0000000083f00000, 0x0000000083f00000|100%| O|  |TAMS 0x0000000083e00000, 0x0000000083f00000| Untracked 
|  43|0x0000000083f00000, 0x0000000084000000, 0x0000000084000000|100%| O|  |TAMS 0x0000000083f00000, 0x0000000084000000| Untracked 
|  44|0x0000000084000000, 0x00000000840eb800, 0x0000000084100000| 91%| O|  |TAMS 0x0000000084000000, 0x00000000840eb800| Untracked 
|  45|0x0000000084100000, 0x0000000084100000, 0x0000000084200000|  0%| F|  |TAMS 0x0000000084100000, 0x0000000084100000| Untracked 
|  46|0x0000000084200000, 0x0000000084200000, 0x0000000084300000|  0%| F|  |TAMS 0x0000000084200000, 0x0000000084200000| Untracked 
|  47|0x0000000084300000, 0x0000000084300000, 0x0000000084400000|  0%| F|  |TAMS 0x0000000084300000, 0x0000000084300000| Untracked 
|  48|0x0000000084400000, 0x0000000084400000, 0x0000000084500000|  0%| F|  |TAMS 0x0000000084400000, 0x0000000084400000| Untracked 
|  49|0x0000000084500000, 0x0000000084500000, 0x0000000084600000|  0%| F|  |TAMS 0x0000000084500000, 0x0000000084500000| Untracked 
|  50|0x0000000084600000, 0x0000000084600000, 0x0000000084700000|  0%| F|  |TAMS 0x0000000084600000, 0x0000000084600000| Untracked 
|  51|0x0000000084700000, 0x0000000084700000, 0x0000000084800000|  0%| F|  |TAMS 0x0000000084700000, 0x0000000084700000| Untracked 
|  52|0x0000000084800000, 0x0000000084800000, 0x0000000084900000|  0%| F|  |TAMS 0x0000000084800000, 0x0000000084800000| Untracked 
|  53|0x0000000084900000, 0x0000000084900000, 0x0000000084a00000|  0%| F|  |TAMS 0x0000000084900000, 0x0000000084900000| Untracked 
|  54|0x0000000084a00000, 0x0000000084a00000, 0x0000000084b00000|  0%| F|  |TAMS 0x0000000084a00000, 0x0000000084a00000| Untracked 
|  55|0x0000000084b00000, 0x0000000084b00000, 0x0000000084c00000|  0%| F|  |TAMS 0x0000000084b00000, 0x0000000084b00000| Untracked 
|  56|0x0000000084c00000, 0x0000000084c00000, 0x0000000084d00000|  0%| F|  |TAMS 0x0000000084c00000, 0x0000000084c00000| Untracked 
|  57|0x0000000084d00000, 0x0000000084d00000, 0x0000000084e00000|  0%| F|  |TAMS 0x0000000084d00000, 0x0000000084d00000| Untracked 
|  58|0x0000000084e00000, 0x0000000084e00000, 0x0000000084f00000|  0%| F|  |TAMS 0x0000000084e00000, 0x0000000084e00000| Untracked 
|  59|0x0000000084f00000, 0x0000000084f00000, 0x0000000085000000|  0%| F|  |TAMS 0x0000000084f00000, 0x0000000084f00000| Untracked 
|  60|0x0000000085000000, 0x0000000085000000, 0x0000000085100000|  0%| F|  |TAMS 0x0000000085000000, 0x0000000085000000| Untracked 
|  61|0x0000000085100000, 0x0000000085100000, 0x0000000085200000|  0%| F|  |TAMS 0x0000000085100000, 0x0000000085100000| Untracked 
|  62|0x0000000085200000, 0x0000000085200000, 0x0000000085300000|  0%| F|  |TAMS 0x0000000085200000, 0x0000000085200000| Untracked 
|  63|0x0000000085300000, 0x0000000085300000, 0x0000000085400000|  0%| F|  |TAMS 0x0000000085300000, 0x0000000085300000| Untracked 
|  64|0x0000000085400000, 0x0000000085400000, 0x0000000085500000|  0%| F|  |TAMS 0x0000000085400000, 0x0000000085400000| Untracked 
|  65|0x0000000085500000, 0x0000000085500000, 0x0000000085600000|  0%| F|  |TAMS 0x0000000085500000, 0x0000000085500000| Untracked 
|  66|0x0000000085600000, 0x0000000085600000, 0x0000000085700000|  0%| F|  |TAMS 0x0000000085600000, 0x0000000085600000| Untracked 
|  67|0x0000000085700000, 0x0000000085700000, 0x0000000085800000|  0%| F|  |TAMS 0x0000000085700000, 0x0000000085700000| Untracked 
|  68|0x0000000085800000, 0x0000000085800000, 0x0000000085900000|  0%| F|  |TAMS 0x0000000085800000, 0x0000000085800000| Untracked 
|  69|0x0000000085900000, 0x0000000085900000, 0x0000000085a00000|  0%| F|  |TAMS 0x0000000085900000, 0x0000000085900000| Untracked 
|  70|0x0000000085a00000, 0x0000000085a00000, 0x0000000085b00000|  0%| F|  |TAMS 0x0000000085a00000, 0x0000000085a00000| Untracked 
|  71|0x0000000085b00000, 0x0000000085b00000, 0x0000000085c00000|  0%| F|  |TAMS 0x0000000085b00000, 0x0000000085b00000| Untracked 
|  72|0x0000000085c00000, 0x0000000085c00000, 0x0000000085d00000|  0%| F|  |TAMS 0x0000000085c00000, 0x0000000085c00000| Untracked 
|  73|0x0000000085d00000, 0x0000000085d00000, 0x0000000085e00000|  0%| F|  |TAMS 0x0000000085d00000, 0x0000000085d00000| Untracked 
|  74|0x0000000085e00000, 0x0000000085e00000, 0x0000000085f00000|  0%| F|  |TAMS 0x0000000085e00000, 0x0000000085e00000| Untracked 
|  75|0x0000000085f00000, 0x0000000085f00000, 0x0000000086000000|  0%| F|  |TAMS 0x0000000085f00000, 0x0000000085f00000| Untracked 
|  76|0x0000000086000000, 0x0000000086000000, 0x0000000086100000|  0%| F|  |TAMS 0x0000000086000000, 0x0000000086000000| Untracked 
|  77|0x0000000086100000, 0x0000000086100000, 0x0000000086200000|  0%| F|  |TAMS 0x0000000086100000, 0x0000000086100000| Untracked 
|  78|0x0000000086200000, 0x0000000086200000, 0x0000000086300000|  0%| F|  |TAMS 0x0000000086200000, 0x0000000086200000| Untracked 
|  79|0x0000000086300000, 0x0000000086300000, 0x0000000086400000|  0%| F|  |TAMS 0x0000000086300000, 0x0000000086300000| Untracked 
|  80|0x0000000086400000, 0x0000000086400000, 0x0000000086500000|  0%| F|  |TAMS 0x0000000086400000, 0x0000000086400000| Untracked 
|  81|0x0000000086500000, 0x0000000086500000, 0x0000000086600000|  0%| F|  |TAMS 0x0000000086500000, 0x0000000086500000| Untracked 
|  82|0x0000000086600000, 0x0000000086600000, 0x0000000086700000|  0%| F|  |TAMS 0x0000000086600000, 0x0000000086600000| Untracked 
|  83|0x0000000086700000, 0x0000000086700000, 0x0000000086800000|  0%| F|  |TAMS 0x0000000086700000, 0x0000000086700000| Untracked 
|  84|0x0000000086800000, 0x0000000086800000, 0x0000000086900000|  0%| F|  |TAMS 0x0000000086800000, 0x0000000086800000| Untracked 
|  85|0x0000000086900000, 0x0000000086900000, 0x0000000086a00000|  0%| F|  |TAMS 0x0000000086900000, 0x0000000086900000| Untracked 
|  86|0x0000000086a00000, 0x0000000086a00000, 0x0000000086b00000|  0%| F|  |TAMS 0x0000000086a00000, 0x0000000086a00000| Untracked 
|  87|0x0000000086b00000, 0x0000000086b00000, 0x0000000086c00000|  0%| F|  |TAMS 0x0000000086b00000, 0x0000000086b00000| Untracked 
|  88|0x0000000086c00000, 0x0000000086c00000, 0x0000000086d00000|  0%| F|  |TAMS 0x0000000086c00000, 0x0000000086c00000| Untracked 
|  89|0x0000000086d00000, 0x0000000086d00000, 0x0000000086e00000|  0%| F|  |TAMS 0x0000000086d00000, 0x0000000086d00000| Untracked 
|  90|0x0000000086e00000, 0x0000000086e00000, 0x0000000086f00000|  0%| F|  |TAMS 0x0000000086e00000, 0x0000000086e00000| Untracked 
|  91|0x0000000086f00000, 0x0000000086f00000, 0x0000000087000000|  0%| F|  |TAMS 0x0000000086f00000, 0x0000000086f00000| Untracked 
|  92|0x0000000087000000, 0x0000000087000000, 0x0000000087100000|  0%| F|  |TAMS 0x0000000087000000, 0x0000000087000000| Untracked 
|  93|0x0000000087100000, 0x0000000087100000, 0x0000000087200000|  0%| F|  |TAMS 0x0000000087100000, 0x0000000087100000| Untracked 
|  94|0x0000000087200000, 0x0000000087200000, 0x0000000087300000|  0%| F|  |TAMS 0x0000000087200000, 0x0000000087200000| Untracked 
|  95|0x0000000087300000, 0x0000000087300000, 0x0000000087400000|  0%| F|  |TAMS 0x0000000087300000, 0x0000000087300000| Untracked 
|  96|0x0000000087400000, 0x0000000087400000, 0x0000000087500000|  0%| F|  |TAMS 0x0000000087400000, 0x0000000087400000| Untracked 
|  97|0x0000000087500000, 0x0000000087500000, 0x0000000087600000|  0%| F|  |TAMS 0x0000000087500000, 0x0000000087500000| Untracked 
|  98|0x0000000087600000, 0x0000000087600000, 0x0000000087700000|  0%| F|  |TAMS 0x0000000087600000, 0x0000000087600000| Untracked 
|  99|0x0000000087700000, 0x0000000087700000, 0x0000000087800000|  0%| F|  |TAMS 0x0000000087700000, 0x0000000087700000| Untracked 
| 100|0x0000000087800000, 0x0000000087800000, 0x0000000087900000|  0%| F|  |TAMS 0x0000000087800000, 0x0000000087800000| Untracked 
| 101|0x0000000087900000, 0x0000000087900000, 0x0000000087a00000|  0%| F|  |TAMS 0x0000000087900000, 0x0000000087900000| Untracked 
| 102|0x0000000087a00000, 0x0000000087a00000, 0x0000000087b00000|  0%| F|  |TAMS 0x0000000087a00000, 0x0000000087a00000| Untracked 
| 103|0x0000000087b00000, 0x0000000087b00000, 0x0000000087c00000|  0%| F|  |TAMS 0x0000000087b00000, 0x0000000087b00000| Untracked 
| 104|0x0000000087c00000, 0x0000000087c00000, 0x0000000087d00000|  0%| F|  |TAMS 0x0000000087c00000, 0x0000000087c00000| Untracked 
| 105|0x0000000087d00000, 0x0000000087da03d0, 0x0000000087e00000| 62%| S|CS|TAMS 0x0000000087d00000, 0x0000000087d00000| Complete 
| 106|0x0000000087e00000, 0x0000000087f00000, 0x0000000087f00000|100%| S|CS|TAMS 0x0000000087e00000, 0x0000000087e00000| Complete 
| 107|0x0000000087f00000, 0x0000000088000000, 0x0000000088000000|100%| S|CS|TAMS 0x0000000087f00000, 0x0000000087f00000| Complete 
| 108|0x0000000088000000, 0x0000000088100000, 0x0000000088100000|100%| S|CS|TAMS 0x0000000088000000, 0x0000000088000000| Complete 
| 109|0x0000000088100000, 0x0000000088200000, 0x0000000088200000|100%| S|CS|TAMS 0x0000000088100000, 0x0000000088100000| Complete 
| 110|0x0000000088200000, 0x0000000088300000, 0x0000000088300000|100%| S|CS|TAMS 0x0000000088200000, 0x0000000088200000| Complete 
| 111|0x0000000088300000, 0x0000000088300000, 0x0000000088400000|  0%| F|  |TAMS 0x0000000088300000, 0x0000000088300000| Untracked 
| 112|0x0000000088400000, 0x0000000088400000, 0x0000000088500000|  0%| F|  |TAMS 0x0000000088400000, 0x0000000088400000| Untracked 
| 113|0x0000000088500000, 0x0000000088500000, 0x0000000088600000|  0%| F|  |TAMS 0x0000000088500000, 0x0000000088500000| Untracked 
| 114|0x0000000088600000, 0x0000000088600000, 0x0000000088700000|  0%| F|  |TAMS 0x0000000088600000, 0x0000000088600000| Untracked 
| 115|0x0000000088700000, 0x0000000088700000, 0x0000000088800000|  0%| F|  |TAMS 0x0000000088700000, 0x0000000088700000| Untracked 
| 116|0x0000000088800000, 0x0000000088800000, 0x0000000088900000|  0%| F|  |TAMS 0x0000000088800000, 0x0000000088800000| Untracked 
| 117|0x0000000088900000, 0x0000000088900000, 0x0000000088a00000|  0%| F|  |TAMS 0x0000000088900000, 0x0000000088900000| Untracked 
| 118|0x0000000088a00000, 0x0000000088a00000, 0x0000000088b00000|  0%| F|  |TAMS 0x0000000088a00000, 0x0000000088a00000| Untracked 
| 119|0x0000000088b00000, 0x0000000088b00000, 0x0000000088c00000|  0%| F|  |TAMS 0x0000000088b00000, 0x0000000088b00000| Untracked 
| 120|0x0000000088c00000, 0x0000000088c00000, 0x0000000088d00000|  0%| F|  |TAMS 0x0000000088c00000, 0x0000000088c00000| Untracked 
| 121|0x0000000088d00000, 0x0000000088d00000, 0x0000000088e00000|  0%| F|  |TAMS 0x0000000088d00000, 0x0000000088d00000| Untracked 
| 122|0x0000000088e00000, 0x0000000088e00000, 0x0000000088f00000|  0%| F|  |TAMS 0x0000000088e00000, 0x0000000088e00000| Untracked 
| 123|0x0000000088f00000, 0x0000000088f00000, 0x0000000089000000|  0%| F|  |TAMS 0x0000000088f00000, 0x0000000088f00000| Untracked 
| 124|0x0000000089000000, 0x0000000089000000, 0x0000000089100000|  0%| F|  |TAMS 0x0000000089000000, 0x0000000089000000| Untracked 
| 125|0x0000000089100000, 0x0000000089100000, 0x0000000089200000|  0%| F|  |TAMS 0x0000000089100000, 0x0000000089100000| Untracked 
| 126|0x0000000089200000, 0x0000000089200000, 0x0000000089300000|  0%| F|  |TAMS 0x0000000089200000, 0x0000000089200000| Untracked 
| 127|0x0000000089300000, 0x0000000089300000, 0x0000000089400000|  0%| F|  |TAMS 0x0000000089300000, 0x0000000089300000| Untracked 
| 128|0x0000000089400000, 0x0000000089400000, 0x0000000089500000|  0%| F|  |TAMS 0x0000000089400000, 0x0000000089400000| Untracked 
| 129|0x0000000089500000, 0x0000000089500000, 0x0000000089600000|  0%| F|  |TAMS 0x0000000089500000, 0x0000000089500000| Untracked 
| 130|0x0000000089600000, 0x0000000089600000, 0x0000000089700000|  0%| F|  |TAMS 0x0000000089600000, 0x0000000089600000| Untracked 
| 131|0x0000000089700000, 0x0000000089700000, 0x0000000089800000|  0%| F|  |TAMS 0x0000000089700000, 0x0000000089700000| Untracked 
| 132|0x0000000089800000, 0x0000000089800000, 0x0000000089900000|  0%| F|  |TAMS 0x0000000089800000, 0x0000000089800000| Untracked 
| 133|0x0000000089900000, 0x0000000089900000, 0x0000000089a00000|  0%| F|  |TAMS 0x0000000089900000, 0x0000000089900000| Untracked 
| 134|0x0000000089a00000, 0x0000000089a00000, 0x0000000089b00000|  0%| F|  |TAMS 0x0000000089a00000, 0x0000000089a00000| Untracked 
| 135|0x0000000089b00000, 0x0000000089b00000, 0x0000000089c00000|  0%| F|  |TAMS 0x0000000089b00000, 0x0000000089b00000| Untracked 
| 136|0x0000000089c00000, 0x0000000089c00000, 0x0000000089d00000|  0%| F|  |TAMS 0x0000000089c00000, 0x0000000089c00000| Untracked 
| 137|0x0000000089d00000, 0x0000000089d00000, 0x0000000089e00000|  0%| F|  |TAMS 0x0000000089d00000, 0x0000000089d00000| Untracked 
| 138|0x0000000089e00000, 0x0000000089e00000, 0x0000000089f00000|  0%| F|  |TAMS 0x0000000089e00000, 0x0000000089e00000| Untracked 
| 139|0x0000000089f00000, 0x0000000089f00000, 0x000000008a000000|  0%| F|  |TAMS 0x0000000089f00000, 0x0000000089f00000| Untracked 
| 140|0x000000008a000000, 0x000000008a000000, 0x000000008a100000|  0%| F|  |TAMS 0x000000008a000000, 0x000000008a000000| Untracked 
| 141|0x000000008a100000, 0x000000008a100000, 0x000000008a200000|  0%| F|  |TAMS 0x000000008a100000, 0x000000008a100000| Untracked 
| 142|0x000000008a200000, 0x000000008a200000, 0x000000008a300000|  0%| F|  |TAMS 0x000000008a200000, 0x000000008a200000| Untracked 
| 143|0x000000008a300000, 0x000000008a300000, 0x000000008a400000|  0%| F|  |TAMS 0x000000008a300000, 0x000000008a300000| Untracked 
| 144|0x000000008a400000, 0x000000008a400000, 0x000000008a500000|  0%| F|  |TAMS 0x000000008a400000, 0x000000008a400000| Untracked 
| 145|0x000000008a500000, 0x000000008a500000, 0x000000008a600000|  0%| F|  |TAMS 0x000000008a500000, 0x000000008a500000| Untracked 
| 146|0x000000008a600000, 0x000000008a600000, 0x000000008a700000|  0%| F|  |TAMS 0x000000008a600000, 0x000000008a600000| Untracked 
| 147|0x000000008a700000, 0x000000008a700000, 0x000000008a800000|  0%| F|  |TAMS 0x000000008a700000, 0x000000008a700000| Untracked 
| 148|0x000000008a800000, 0x000000008a800000, 0x000000008a900000|  0%| F|  |TAMS 0x000000008a800000, 0x000000008a800000| Untracked 
| 149|0x000000008a900000, 0x000000008a900000, 0x000000008aa00000|  0%| F|  |TAMS 0x000000008a900000, 0x000000008a900000| Untracked 
| 150|0x000000008aa00000, 0x000000008aa00000, 0x000000008ab00000|  0%| F|  |TAMS 0x000000008aa00000, 0x000000008aa00000| Untracked 
| 151|0x000000008ab00000, 0x000000008ab00000, 0x000000008ac00000|  0%| F|  |TAMS 0x000000008ab00000, 0x000000008ab00000| Untracked 
| 152|0x000000008ac00000, 0x000000008ac00000, 0x000000008ad00000|  0%| F|  |TAMS 0x000000008ac00000, 0x000000008ac00000| Untracked 
| 153|0x000000008ad00000, 0x000000008ad00000, 0x000000008ae00000|  0%| F|  |TAMS 0x000000008ad00000, 0x000000008ad00000| Untracked 

Card table byte_map: [0x000001f020820000,0x000001f020c20000] _byte_map_base: 0x000001f020416000

Marking Bits (Prev, Next): (CMBitMap*) 0x000001f00d95a8e8, (CMBitMap*) 0x000001f00d95a920
 Prev Bits: [0x000001f021020000, 0x000001f022fd0000)
 Next Bits: [0x000001f022fd0000, 0x000001f024f80000)

Polling page: 0x000001f00d0f0000

Metaspace:

Usage:
  Non-class:     52.08 MB capacity,    51.72 MB (>99%) used,   276.58 KB ( <1%) free+waste,    96.69 KB ( <1%) overhead. 
      Class:      6.93 MB capacity,     6.66 MB ( 96%) used,   231.84 KB (  3%) free+waste,    43.13 KB ( <1%) overhead. 
       Both:     59.01 MB capacity,    58.38 MB ( 99%) used,   508.41 KB ( <1%) free+waste,   139.81 KB ( <1%) overhead. 

Virtual space:
  Non-class space:       54.00 MB reserved,      52.09 MB ( 96%) committed 
      Class space:        1.00 GB reserved,       7.00 MB ( <1%) committed 
             Both:        1.05 GB reserved,      59.09 MB (  5%) committed 

Chunk freelists:
   Non-Class:  0 bytes
       Class:  5.00 KB
        Both:  5.00 KB

MaxMetaspaceSize: 17179869184.00 GB
CompressedClassSpaceSize: 1.00 GB
Initial GC threshold: 20.80 MB
Current GC threshold: 59.09 MB
CDS: off

CodeHeap 'non-profiled nmethods': size=120064Kb used=3036Kb max_used=3036Kb free=117028Kb
 bounds [0x000001f018ee0000, 0x000001f0191e0000, 0x000001f020420000]
CodeHeap 'profiled nmethods': size=120000Kb used=16132Kb max_used=16132Kb free=103867Kb
 bounds [0x000001f0119b0000, 0x000001f012980000, 0x000001f018ee0000]
CodeHeap 'non-nmethods': size=5696Kb used=1321Kb max_used=1352Kb free=4374Kb
 bounds [0x000001f011420000, 0x000001f011690000, 0x000001f0119b0000]
 total_blobs=7418 nmethods=6832 adapters=495
 compilation: enabled
              stopped_count=0, restarted_count=0
 full_count=0

Compilation events (20 events):
Event: 11.557 Thread 0x000001f027499000 6954       2       org.jetbrains.kotlin.metadata.ProtoBuf$Property::isInitialized (193 bytes)
Event: 11.558 Thread 0x000001f027499000 nmethod 6954 0x000001f01296f810 code [0x000001f01296fa60, 0x000001f012970038]
Event: 11.558 Thread 0x000001f027499000 6943       2       org.jetbrains.kotlin.descriptors.impl.LazyClassReceiverParameterDescriptor::getContainingDeclaration (13 bytes)
Event: 11.559 Thread 0x000001f027499000 nmethod 6943 0x000001f012970390 code [0x000001f012970540, 0x000001f012970668]
Event: 11.559 Thread 0x000001f027499000 6942       2       org.jetbrains.kotlin.load.java.lazy.descriptors.LazyJavaPackageScope::access$resolveKotlinBinaryClass (6 bytes)
Event: 11.559 Thread 0x000001f027499000 nmethod 6942 0x000001f012970710 code [0x000001f0129708c0, 0x000001f0129709c8]
Event: 11.559 Thread 0x000001f027499000 6947       1       org.jetbrains.kotlin.serialization.deserialization.ClassDeserializer$ClassKey::getClassId (5 bytes)
Event: 11.559 Thread 0x000001f027499000 nmethod 6947 0x000001f0191d5e10 code [0x000001f0191d5fc0, 0x000001f0191d6078]
Event: 11.559 Thread 0x000001f027499000 6948       1       org.jetbrains.kotlin.serialization.deserialization.ClassDeserializer$ClassKey::getClassData (5 bytes)
Event: 11.559 Thread 0x000001f027499000 nmethod 6948 0x000001f0191d6110 code [0x000001f0191d62c0, 0x000001f0191d6378]
Event: 11.559 Thread 0x000001f027499000 6949       1       org.jetbrains.kotlin.serialization.deserialization.ClassData::component3 (5 bytes)
Event: 11.559 Thread 0x000001f027499000 nmethod 6949 0x000001f0191d6410 code [0x000001f0191d65c0, 0x000001f0191d6678]
Event: 11.559 Thread 0x000001f027499000 6950       1       org.jetbrains.kotlin.serialization.deserialization.ClassData::component4 (5 bytes)
Event: 11.560 Thread 0x000001f027499000 nmethod 6950 0x000001f0191d6710 code [0x000001f0191d68c0, 0x000001f0191d6978]
Event: 11.560 Thread 0x000001f027499000 6951       1       org.jetbrains.kotlin.metadata.ProtoBuf$Class::getTypeParameterList (5 bytes)
Event: 11.560 Thread 0x000001f027499000 nmethod 6951 0x000001f0191d6a10 code [0x000001f0191d6bc0, 0x000001f0191d6c78]
Event: 11.560 Thread 0x000001f027499000 6952       1       org.jetbrains.kotlin.serialization.deserialization.DeserializationComponents::getPackageFragmentProvider (5 bytes)
Event: 11.560 Thread 0x000001f027499000 nmethod 6952 0x000001f0191d6d10 code [0x000001f0191d6ec0, 0x000001f0191d6f78]
Event: 11.564 Thread 0x000001f027499000 6955       2       org.jetbrains.kotlin.resolve.DescriptorUtils::isLocal (42 bytes)
Event: 11.565 Thread 0x000001f027499000 nmethod 6955 0x000001f012970a90 code [0x000001f012970c80, 0x000001f012970f78]

GC Heap History (17 events):
Event: 0.776 GC heap before
{Heap before GC invocations=0 (full 0):
 garbage-first heap   total 131072K, used 17408K [0x0000000081400000, 0x0000000100000000)
  region size 1024K, 14 young (14336K), 0 survivors (0K)
 Metaspace       used 9728K, capacity 9842K, committed 10112K, reserved 1058816K
  class space    used 823K, capacity 853K, committed 896K, reserved 1048576K
}
Event: 0.781 GC heap after
{Heap after GC invocations=1 (full 0):
 garbage-first heap   total 131072K, used 5247K [0x0000000081400000, 0x0000000100000000)
  region size 1024K, 2 young (2048K), 2 survivors (2048K)
 Metaspace       used 9728K, capacity 9842K, committed 10112K, reserved 1058816K
  class space    used 823K, capacity 853K, committed 896K, reserved 1048576K
}
Event: 2.111 GC heap before
{Heap before GC invocations=1 (full 0):
 garbage-first heap   total 131072K, used 52351K [0x0000000081400000, 0x0000000100000000)
  region size 1024K, 49 young (50176K), 2 survivors (2048K)
 Metaspace       used 20980K, capacity 21192K, committed 21248K, reserved 1069056K
  class space    used 2223K, capacity 2304K, committed 2304K, reserved 1048576K
}
Event: 2.125 GC heap after
{Heap after GC invocations=2 (full 0):
 garbage-first heap   total 131072K, used 9925K [0x0000000081400000, 0x0000000100000000)
  region size 1024K, 7 young (7168K), 7 survivors (7168K)
 Metaspace       used 20980K, capacity 21192K, committed 21248K, reserved 1069056K
  class space    used 2223K, capacity 2304K, committed 2304K, reserved 1048576K
}
Event: 3.511 GC heap before
{Heap before GC invocations=3 (full 0):
 garbage-first heap   total 131072K, used 63173K [0x0000000081400000, 0x0000000100000000)
  region size 1024K, 54 young (55296K), 7 survivors (7168K)
 Metaspace       used 31008K, capacity 31428K, committed 31868K, reserved 1077248K
  class space    used 3665K, capacity 3858K, committed 3964K, reserved 1048576K
}
Event: 3.543 GC heap after
{Heap after GC invocations=4 (full 0):
 garbage-first heap   total 131072K, used 22148K [0x0000000081400000, 0x0000000100000000)
  region size 1024K, 7 young (7168K), 7 survivors (7168K)
 Metaspace       used 31008K, capacity 31428K, committed 31868K, reserved 1077248K
  class space    used 3665K, capacity 3858K, committed 3964K, reserved 1048576K
}
Event: 4.076 GC heap before
{Heap before GC invocations=4 (full 0):
 garbage-first heap   total 131072K, used 39556K [0x0000000081400000, 0x0000000100000000)
  region size 1024K, 25 young (25600K), 7 survivors (7168K)
 Metaspace       used 35435K, capacity 35821K, committed 36048K, reserved 1081344K
  class space    used 4363K, capacity 4532K, committed 4604K, reserved 1048576K
}
Event: 4.101 GC heap after
{Heap after GC invocations=5 (full 0):
 garbage-first heap   total 131072K, used 23436K [0x0000000081400000, 0x0000000100000000)
  region size 1024K, 2 young (2048K), 2 survivors (2048K)
 Metaspace       used 35435K, capacity 35821K, committed 36048K, reserved 1081344K
  class space    used 4363K, capacity 4532K, committed 4604K, reserved 1048576K
}
Event: 5.907 GC heap before
{Heap before GC invocations=6 (full 0):
 garbage-first heap   total 131072K, used 73612K [0x0000000081400000, 0x0000000100000000)
  region size 1024K, 51 young (52224K), 2 survivors (2048K)
 Metaspace       used 45701K, capacity 46166K, committed 46416K, reserved 1089536K
  class space    used 5407K, capacity 5606K, committed 5756K, reserved 1048576K
}
Event: 5.924 GC heap after
{Heap after GC invocations=7 (full 0):
 garbage-first heap   total 157696K, used 26007K [0x0000000081400000, 0x0000000100000000)
  region size 1024K, 7 young (7168K), 7 survivors (7168K)
 Metaspace       used 45701K, capacity 46166K, committed 46416K, reserved 1089536K
  class space    used 5407K, capacity 5606K, committed 5756K, reserved 1048576K
}
Event: 7.751 GC heap before
{Heap before GC invocations=7 (full 0):
 garbage-first heap   total 157696K, used 88471K [0x0000000081400000, 0x0000000100000000)
  region size 1024K, 65 young (66560K), 7 survivors (7168K)
 Metaspace       used 53717K, capacity 54348K, committed 54480K, reserved 1097728K
  class space    used 6300K, capacity 6575K, committed 6652K, reserved 1048576K
}
Event: 7.777 GC heap after
{Heap after GC invocations=8 (full 0):
 garbage-first heap   total 157696K, used 34077K [0x0000000081400000, 0x0000000100000000)
  region size 1024K, 6 young (6144K), 6 survivors (6144K)
 Metaspace       used 53717K, capacity 54348K, committed 54480K, reserved 1097728K
  class space    used 6300K, capacity 6575K, committed 6652K, reserved 1048576K
}
Event: 10.416 GC heap before
{Heap before GC invocations=8 (full 0):
 garbage-first heap   total 157696K, used 99613K [0x0000000081400000, 0x0000000100000000)
  region size 1024K, 70 young (71680K), 6 survivors (6144K)
 Metaspace       used 57963K, capacity 58636K, committed 58960K, reserved 1101824K
  class space    used 6611K, capacity 6884K, committed 7036K, reserved 1048576K
}
Event: 10.459 GC heap after
{Heap after GC invocations=9 (full 0):
 garbage-first heap   total 157696K, used 45720K [0x0000000081400000, 0x0000000100000000)
  region size 1024K, 9 young (9216K), 9 survivors (9216K)
 Metaspace       used 57963K, capacity 58636K, committed 58960K, reserved 1101824K
  class space    used 6611K, capacity 6884K, committed 7036K, reserved 1048576K
}
Event: 10.938 GC heap before
{Heap before GC invocations=9 (full 0):
 garbage-first heap   total 157696K, used 107160K [0x0000000081400000, 0x0000000100000000)
  region size 1024K, 69 young (70656K), 9 survivors (9216K)
 Metaspace       used 58224K, capacity 58904K, committed 59216K, reserved 1101824K
  class space    used 6627K, capacity 6888K, committed 7036K, reserved 1048576K
}
Event: 10.979 GC heap after
{Heap after GC invocations=10 (full 0):
 garbage-first heap   total 157696K, used 50606K [0x0000000081400000, 0x0000000100000000)
  region size 1024K, 5 young (5120K), 5 survivors (5120K)
 Metaspace       used 58224K, capacity 58904K, committed 59216K, reserved 1101824K
  class space    used 6627K, capacity 6888K, committed 7036K, reserved 1048576K
}
Event: 11.576 GC heap before
{Heap before GC invocations=10 (full 0):
 garbage-first heap   total 157696K, used 93614K [0x0000000081400000, 0x0000000100000000)
  region size 1024K, 48 young (49152K), 5 survivors (5120K)
 Metaspace       used 59782K, capacity 60431K, committed 60508K, reserved 1103872K
  class space    used 6824K, capacity 7099K, committed 7164K, reserved 1048576K
}

Deoptimization events (20 events):
Event: 11.533 Thread 0x000001f00b7ce800 Uncommon trap: trap_request=0xffffff4d fr.pc=0x000001f018efde84 relative=0x0000000000000544
Event: 11.533 Thread 0x000001f00b7ce800 Uncommon trap: reason=unstable_if action=reinterpret pc=0x000001f018efde84 method=java.lang.AbstractStringBuilder.append(Ljava/lang/String;)Ljava/lang/AbstractStringBuilder; @ 1 c2
Event: 11.533 Thread 0x000001f00b7ce800 DEOPT PACKING pc=0x000001f018efde84 sp=0x0000005e5c5fdb70
Event: 11.533 Thread 0x000001f00b7ce800 DEOPT UNPACKING pc=0x000001f01146a1af sp=0x0000005e5c5fdb00 mode 2
Event: 11.540 Thread 0x000001f00b7ce800 Uncommon trap: trap_request=0xffffff4d fr.pc=0x000001f0191290b8 relative=0x0000000000000738
Event: 11.540 Thread 0x000001f00b7ce800 Uncommon trap: reason=unstable_if action=reinterpret pc=0x000001f0191290b8 method=java.util.HashMap.hash(Ljava/lang/Object;)I @ 1 c2
Event: 11.540 Thread 0x000001f00b7ce800 DEOPT PACKING pc=0x000001f0191290b8 sp=0x0000005e5c5fca80
Event: 11.540 Thread 0x000001f00b7ce800 DEOPT UNPACKING pc=0x000001f01146a1af sp=0x0000005e5c5fc9e8 mode 2
Event: 11.550 Thread 0x000001f00b7ce800 Uncommon trap: trap_request=0xffffffde fr.pc=0x000001f01915bd30 relative=0x00000000000023f0
Event: 11.550 Thread 0x000001f00b7ce800 Uncommon trap: reason=class_check action=maybe_recompile pc=0x000001f01915bd30 method=org.jetbrains.kotlin.serialization.deserialization.descriptors.DeserializedPackageMemberScope.hasClass(Lorg/jetbrains/kotlin/name/Name;)Z @ 28 c2
Event: 11.550 Thread 0x000001f00b7ce800 DEOPT PACKING pc=0x000001f01915bd30 sp=0x0000005e5c5fc180
Event: 11.550 Thread 0x000001f00b7ce800 DEOPT UNPACKING pc=0x000001f01146a1af sp=0x0000005e5c5fc060 mode 2
Event: 11.551 Thread 0x000001f00b7ce800 Uncommon trap: trap_request=0xffffffde fr.pc=0x000001f01915bd30 relative=0x00000000000023f0
Event: 11.551 Thread 0x000001f00b7ce800 Uncommon trap: reason=class_check action=maybe_recompile pc=0x000001f01915bd30 method=org.jetbrains.kotlin.serialization.deserialization.descriptors.DeserializedPackageMemberScope.hasClass(Lorg/jetbrains/kotlin/name/Name;)Z @ 28 c2
Event: 11.551 Thread 0x000001f00b7ce800 DEOPT PACKING pc=0x000001f01915bd30 sp=0x0000005e5c5fc180
Event: 11.551 Thread 0x000001f00b7ce800 DEOPT UNPACKING pc=0x000001f01146a1af sp=0x0000005e5c5fc060 mode 2
Event: 11.551 Thread 0x000001f00b7ce800 Uncommon trap: trap_request=0xffffffde fr.pc=0x000001f019161454 relative=0x0000000000001074
Event: 11.551 Thread 0x000001f00b7ce800 Uncommon trap: reason=class_check action=maybe_recompile pc=0x000001f019161454 method=org.jetbrains.kotlin.serialization.deserialization.descriptors.DeserializedPackageMemberScope.hasClass(Lorg/jetbrains/kotlin/name/Name;)Z @ 28 c2
Event: 11.551 Thread 0x000001f00b7ce800 DEOPT PACKING pc=0x000001f019161454 sp=0x0000005e5c5fc000
Event: 11.551 Thread 0x000001f00b7ce800 DEOPT UNPACKING pc=0x000001f01146a1af sp=0x0000005e5c5fbf80 mode 2

Classes redefined (0 events):
No events

Internal exceptions (20 events):
Event: 2.760 Thread 0x000001f00b7ce800 Exception <a 'java/lang/NoSuchMethodError'{0x0000000087e1d9c0}: 'void java.lang.invoke.DirectMethodHandle$Holder.invokeStaticInit(java.lang.Object, java.lang.Object)'> (0x0000000087e1d9c0) thrown at [./src/hotspot/share/interpreter/linkResolver.cpp, line 773]
Event: 2.883 Thread 0x000001f00b7ce800 Exception <a 'java/lang/NoSuchMethodError'{0x0000000087a49e60}: 'void java.lang.invoke.DirectMethodHandle$Holder.invokeVirtual(java.lang.Object, java.lang.Object)'> (0x0000000087a49e60) thrown at [./src/hotspot/share/interpreter/linkResolver.cpp, line 773]
Event: 2.900 Thread 0x000001f00b7ce800 Exception <a 'java/lang/NoSuchMethodError'{0x0000000087ad28a0}: 'int java.lang.invoke.DirectMethodHandle$Holder.invokeVirtual(java.lang.Object, java.lang.Object)'> (0x0000000087ad28a0) thrown at [./src/hotspot/share/interpreter/linkResolver.cpp, line 773]
Event: 4.212 Thread 0x000001f00b7ce800 Exception <a 'java/lang/NoSuchMethodError'{0x00000000892fc7d0}: 'java.lang.Object java.lang.invoke.DirectMethodHandle$Holder.invokeVirtual(java.lang.Object, java.lang.Object, java.lang.Object)'> (0x00000000892fc7d0) thrown at [./src/hotspot/share/interpreter/linkResolver.cpp, line 773]
Event: 5.340 Thread 0x000001f00b7ce800 Exception <a 'java/lang/NoSuchMethodError'{0x00000000869bec78}: 'java.lang.Object java.lang.invoke.Invokers$Holder.linkToTargetMethod(java.lang.Object, int, java.lang.Object)'> (0x00000000869bec78) thrown at [./src/hotspot/share/interpreter/linkResolver.cpp, line 773]
Event: 5.723 Thread 0x000001f00b7ce800 Exception <a 'java/lang/NoSuchMethodError'{0x00000000864d71e0}: 'java.lang.Object java.lang.invoke.DirectMethodHandle$Holder.invokeStatic(java.lang.Object, java.lang.Object, java.lang.Object, int)'> (0x00000000864d71e0) thrown at [./src/hotspot/share/interpreter/linkResolver.cpp, line 773]
Event: 5.724 Thread 0x000001f00b7ce800 Exception <a 'java/lang/NoSuchMethodError'{0x00000000864dae50}: 'java.lang.Object java.lang.invoke.DirectMethodHandle$Holder.invokeSpecial(java.lang.Object, java.lang.Object, java.lang.Object, java.lang.Object, int)'> (0x00000000864dae50) thrown at [./src/hotspot/share/interpreter/linkResolver.cpp, line 773]
Event: 5.724 Thread 0x000001f00b7ce800 Exception <a 'java/lang/NoSuchMethodError'{0x00000000864de160}: 'java.lang.Object java.lang.invoke.Invokers$Holder.linkToTargetMethod(java.lang.Object, java.lang.Object, int, java.lang.Object)'> (0x00000000864de160) thrown at [./src/hotspot/share/interpreter/linkResolver.cpp, line 773]
Event: 7.545 Thread 0x000001f00b7ce800 Exception <a 'java/lang/NoSuchMethodError'{0x0000000087834b98}: 'java.lang.Object java.lang.invoke.DirectMethodHandle$Holder.invokeSpecial(java.lang.Object, java.lang.Object, java.lang.Object, java.lang.Object, java.lang.Object, int)'> (0x0000000087834b98) thrown at [./src/hotspot/share/interpreter/linkResolver.cpp, line 773]
Event: 7.545 Thread 0x000001f00b7ce800 Exception <a 'java/lang/NoSuchMethodError'{0x0000000087838738}: 'java.lang.Object java.lang.invoke.Invokers$Holder.linkToTargetMethod(java.lang.Object, java.lang.Object, java.lang.Object, int, java.lang.Object)'> (0x0000000087838738) thrown at [./src/hotspot/share/interpreter/linkResolver.cpp, line 773]
Event: 8.904 Thread 0x000001f00b7ce800 Exception <a 'java/lang/NoSuchMethodError'{0x0000000089775760}: 'int java.lang.invoke.DirectMethodHandle$Holder.invokeInterface(java.lang.Object, java.lang.Object)'> (0x0000000089775760) thrown at [./src/hotspot/share/interpreter/linkResolver.cpp, line 773]
Event: 9.166 Thread 0x000001f00b7ce800 Exception <a 'java/lang/NoSuchMethodError'{0x0000000089236598}: 'java.lang.Object java.lang.invoke.DirectMethodHandle$Holder.invokeStaticInit(java.lang.Object, java.lang.Object, java.lang.Object)'> (0x0000000089236598) thrown at [./src/hotspot/share/interpreter/linkResolver.cpp, line 773]
Event: 11.146 Thread 0x000001f00b7ce800 Exception <a 'java/lang/NoSuchMethodError'{0x0000000089378a78}: 'java.lang.Object java.lang.invoke.Invokers$Holder.linkToTargetMethod(java.lang.Object, java.lang.Object, java.lang.Object, int, int, java.lang.Object)'> (0x0000000089378a78) thrown at [./src/hotspot/share/interpreter/linkResolver.cpp, line 773]
Event: 11.169 Thread 0x000001f00b7ce800 Exception <a 'java/lang/NoSuchMethodError'{0x00000000893e6f78}: 'java.lang.Object java.lang.invoke.Invokers$Holder.linkToTargetMethod(java.lang.Object, java.lang.Object, java.lang.Object, java.lang.Object, java.lang.Object, java.lang.Object)'> (0x00000000893e6f78) thrown at [./src/hotspot/share/interpreter/linkResolver.cpp, line 773]
Event: 11.176 Thread 0x000001f00b7ce800 Implicit null exception at 0x000001f01907f631 to 0x000001f01907f9e0
Event: 11.202 Thread 0x000001f00b7ce800 Implicit null exception at 0x000001f018f84875 to 0x000001f018f84a48
Event: 11.210 Thread 0x000001f00b7ce800 Implicit null exception at 0x000001f018f4e4af to 0x000001f018f4e51d
Event: 11.530 Thread 0x000001f00b7ce800 Implicit null exception at 0x000001f01902694c to 0x000001f019026a28
Event: 11.533 Thread 0x000001f00b7ce800 Implicit null exception at 0x000001f018efd977 to 0x000001f018efde6c
Event: 11.540 Thread 0x000001f00b7ce800 Implicit null exception at 0x000001f0191289bb to 0x000001f0191290a4

Events (20 events):
Event: 11.566 loading class org/jetbrains/kotlin/types/CastDiagnosticsUtil done
Event: 11.567 loading class org/jetbrains/kotlin/diagnostics/SimpleDiagnostic
Event: 11.567 loading class org/jetbrains/kotlin/diagnostics/SimpleDiagnostic done
Event: 11.568 loading class org/jetbrains/kotlin/diagnostics/AbstractDiagnostic
Event: 11.568 loading class org/jetbrains/kotlin/diagnostics/AbstractDiagnostic done
Event: 11.572 loading class org/jetbrains/kotlin/resolve/calls/smartcasts/IdentifierInfo$NULL
Event: 11.572 loading class org/jetbrains/kotlin/resolve/calls/smartcasts/IdentifierInfo$NULL done
Event: 11.573 loading class javaslang/ValueModule
Event: 11.573 loading class javaslang/ValueModule done
Event: 11.574 loading class org/jetbrains/kotlin/types/TypeCheckerState$SupertypesPolicy$UpperIfFlexible
Event: 11.574 loading class org/jetbrains/kotlin/types/TypeCheckerState$SupertypesPolicy$UpperIfFlexible done
Event: 11.574 loading class org/jetbrains/kotlin/resolve/calls/smartcasts/IdentifierInfo$Qualified
Event: 11.574 loading class org/jetbrains/kotlin/resolve/calls/smartcasts/IdentifierInfo$Qualified done
Event: 11.574 loading class org/jetbrains/kotlin/resolve/calls/smartcasts/IdentifierInfo$SafeCast
Event: 11.574 loading class org/jetbrains/kotlin/resolve/calls/smartcasts/IdentifierInfo$SafeCast done
Event: 11.575 loading class org/jetbrains/kotlin/resolve/calls/smartcasts/DataFlowInfoImpl$Companion$create$3
Event: 11.575 loading class org/jetbrains/kotlin/resolve/calls/smartcasts/DataFlowInfoImpl$Companion$create$3 done
Event: 11.575 loading class org/jetbrains/kotlin/resolve/calls/smartcasts/DataFlowInfoImplKt
Event: 11.575 loading class org/jetbrains/kotlin/resolve/calls/smartcasts/DataFlowInfoImplKt done
Event: 11.576 Executing VM operation: CollectForMetadataAllocation


Dynamic libraries:
0x00007ff6b0020000 - 0x00007ff6b002a000 	C:\Program Files\Android\Android Studio\jre\bin\java.exe
0x00007ff9be250000 - 0x00007ff9be464000 	C:\WINDOWS\SYSTEM32\ntdll.dll
0x00007ff9bca70000 - 0x00007ff9bcb32000 	C:\WINDOWS\System32\KERNEL32.DLL
0x00007ff9bb940000 - 0x00007ff9bbcdc000 	C:\WINDOWS\System32\KERNELBASE.dll
0x00007ff9bb6b0000 - 0x00007ff9bb7c1000 	C:\WINDOWS\System32\ucrtbase.dll
0x00007ff99b330000 - 0x00007ff99b349000 	C:\Program Files\Android\Android Studio\jre\bin\jli.dll
0x00007ff997cd0000 - 0x00007ff997ce7000 	C:\Program Files\Android\Android Studio\jre\bin\VCRUNTIME140.dll
0x00007ff9bd210000 - 0x00007ff9bd3ba000 	C:\WINDOWS\System32\USER32.dll
0x00007ff99e060000 - 0x00007ff99e2ee000 	C:\WINDOWS\WinSxS\amd64_microsoft.windows.common-controls_6595b64144ccf1df_6.0.22621.608_none_a9444ca7c10bb01d\COMCTL32.dll
0x00007ff9bb680000 - 0x00007ff9bb6a6000 	C:\WINDOWS\System32\win32u.dll
0x00007ff9bd160000 - 0x00007ff9bd207000 	C:\WINDOWS\System32\msvcrt.dll
0x00007ff9bcd00000 - 0x00007ff9bcd29000 	C:\WINDOWS\System32\GDI32.dll
0x00007ff9bbe10000 - 0x00007ff9bbf22000 	C:\WINDOWS\System32\gdi32full.dll
0x00007ff9bbfb0000 - 0x00007ff9bc04a000 	C:\WINDOWS\System32\msvcp_win.dll
0x00007ff9be1d0000 - 0x00007ff9be201000 	C:\WINDOWS\System32\IMM32.DLL
0x00007ff990da0000 - 0x00007ff990e3d000 	C:\Program Files\Android\Android Studio\jre\bin\msvcp140.dll
0x00007ff958ed0000 - 0x00007ff9599b5000 	C:\Program Files\Android\Android Studio\jre\bin\server\jvm.dll
0x00007ff9be120000 - 0x00007ff9be1ce000 	C:\WINDOWS\System32\ADVAPI32.dll
0x00007ff9bd5c0000 - 0x00007ff9bd664000 	C:\WINDOWS\System32\sechost.dll
0x00007ff9bcd30000 - 0x00007ff9bce45000 	C:\WINDOWS\System32\RPCRT4.dll
0x00007ff9bcf50000 - 0x00007ff9bcf58000 	C:\WINDOWS\System32\PSAPI.DLL
0x00007ff9b3e30000 - 0x00007ff9b3e64000 	C:\WINDOWS\SYSTEM32\WINMM.dll
0x00007ff9b4c50000 - 0x00007ff9b4c5a000 	C:\WINDOWS\SYSTEM32\VERSION.dll
0x00007ff9b5b50000 - 0x00007ff9b5b59000 	C:\WINDOWS\SYSTEM32\WSOCK32.dll
0x00007ff9bd3c0000 - 0x00007ff9bd431000 	C:\WINDOWS\System32\WS2_32.dll
0x00007ff9ba7f0000 - 0x00007ff9ba808000 	C:\WINDOWS\SYSTEM32\kernel.appcore.dll
0x00007ff9b5440000 - 0x00007ff9b5451000 	C:\Program Files\Android\Android Studio\jre\bin\verify.dll
0x00007ff9b9290000 - 0x00007ff9b94be000 	C:\WINDOWS\SYSTEM32\DBGHELP.DLL
0x00007ff9bdd90000 - 0x00007ff9be119000 	C:\WINDOWS\System32\combase.dll
0x00007ff9bd4b0000 - 0x00007ff9bd587000 	C:\WINDOWS\System32\OLEAUT32.dll
0x00007ff99cf00000 - 0x00007ff99cf32000 	C:\WINDOWS\SYSTEM32\dbgcore.DLL
0x00007ff9bbf30000 - 0x00007ff9bbfab000 	C:\WINDOWS\System32\bcryptPrimitives.dll
0x00007ff9b53a0000 - 0x00007ff9b53c9000 	C:\Program Files\Android\Android Studio\jre\bin\java.dll
0x00007ff9b5430000 - 0x00007ff9b543b000 	C:\Program Files\Android\Android Studio\jre\bin\jimage.dll
0x00007ff9b5380000 - 0x00007ff9b5398000 	C:\Program Files\Android\Android Studio\jre\bin\zip.dll
0x00007ff9bc050000 - 0x00007ff9bc82e000 	C:\WINDOWS\System32\SHELL32.dll
0x00007ff9b96f0000 - 0x00007ff9b9fa7000 	C:\WINDOWS\SYSTEM32\windows.storage.dll
0x00007ff9b95b0000 - 0x00007ff9b96ed000 	C:\WINDOWS\SYSTEM32\wintypes.dll
0x00007ff9bce50000 - 0x00007ff9bcf41000 	C:\WINDOWS\System32\SHCORE.dll
0x00007ff9bca10000 - 0x00007ff9bca6e000 	C:\WINDOWS\System32\shlwapi.dll
0x00007ff9bb5b0000 - 0x00007ff9bb5d1000 	C:\WINDOWS\SYSTEM32\profapi.dll
0x00007ff9b5310000 - 0x00007ff9b532a000 	C:\Program Files\Android\Android Studio\jre\bin\net.dll
0x00007ff9b3b10000 - 0x00007ff9b3c3f000 	C:\WINDOWS\SYSTEM32\WINHTTP.dll
0x00007ff9bac50000 - 0x00007ff9bacb9000 	C:\WINDOWS\system32\mswsock.dll
0x00007ff9b3480000 - 0x00007ff9b3494000 	C:\Program Files\Android\Android Studio\jre\bin\nio.dll

dbghelp: loaded successfully - version: 4.0.5 - missing functions: none
symbol engine: initialized successfully - sym options: 0x614 - pdb path: .;C:\Program Files\Android\Android Studio\jre\bin;C:\WINDOWS\SYSTEM32;C:\WINDOWS\WinSxS\amd64_microsoft.windows.common-controls_6595b64144ccf1df_6.0.22621.608_none_a9444ca7c10bb01d;C:\Program Files\Android\Android Studio\jre\bin\server

VM Arguments:
java_command: org.jetbrains.kotlin.cli.jvm.K2JVMCompiler @C:\Users\jeova\Desktop\Entrega_Final\AppAtizap-n\app\build\20221018_10194883818536270973.compiler.options
java_class_path (initial): C:\Users\jeova\.gradle\caches\modules-2\files-2.1\org.jetbrains.kotlin\kotlin-compiler-embeddable\1.7.10\909803167c98606fcf22b4c848647c68e351d48d\kotlin-compiler-embeddable-1.7.10.jar;C:\Users\jeova\.gradle\caches\modules-2\files-2.1\org.jetbrains.kotlin\kotlin-reflect\1.7.10\165e600dfea6185cf5efa700756294cc4904dbeb\kotlin-reflect-1.7.10.jar;C:\Users\jeova\.gradle\caches\modules-2\files-2.1\org.jetbrains.kotlin\kotlin-stdlib\1.7.10\d2abf9e77736acc4450dc4a3f707fa2c10f5099d\kotlin-stdlib-1.7.10.jar;C:\Users\jeova\.gradle\caches\modules-2\files-2.1\org.jetbrains.kotlin\kotlin-script-runtime\1.7.10\c99c87a6988d8fd8d5142e9ed5c9f34a7cf561ee\kotlin-script-runtime-1.7.10.jar;C:\Users\jeova\.gradle\caches\modules-2\files-2.1\org.jetbrains.kotlin\kotlin-daemon-embeddable\1.7.10\3a9f7aef7080d3ae63126cbba4f827ed664f32fa\kotlin-daemon-embeddable-1.7.10.jar;C:\Users\jeova\.gradle\caches\modules-2\files-2.1\org.jetbrains.intellij.deps\trove4j\1.0.20200330\3afb14d5f9ceb459d724e907a21145e8ff394f02\trove4j-1.0.20200330.jar;C:\Users\jeova\.gradle\caches\modules-2\files-2.1\net.java.dev.jna\jna\5.6.0\330f2244e9030119ab3030fc3fededc86713d9cc\jna-5.6.0.jar;C:\Users\jeova\.gradle\caches\modules-2\files-2.1\org.jetbrains.kotlin\kotlin-stdlib-common\1.7.10\bac80c520d0a9e3f3673bc2658c6ed02ef45a76a\kotlin-stdlib-common-1.7.10.jar;C:\Users\jeova\.gradle\caches\modules-2\files-2.1\org.jetbrains\annotations\13.0\919f0dfe192fb4e063e7dacadee7f8bb9a2672a9\annotations-13.0.jar
Launcher Type: SUN_STANDARD

[Global flags]
     intx CICompilerCount                          = 3                                         {product} {ergonomic}
     uint ConcGCThreads                            = 1                                         {product} {ergonomic}
     uint G1ConcRefinementThreads                  = 4                                         {product} {ergonomic}
   size_t G1HeapRegionSize                         = 1048576                                   {product} {ergonomic}
    uintx GCDrainStackTargetSize                   = 64                                        {product} {ergonomic}
   size_t InitialHeapSize                          = 134217728                                 {product} {ergonomic}
   size_t MarkStackSize                            = 4194304                                   {product} {ergonomic}
   size_t MaxHeapSize                              = 2126512128                                {product} {ergonomic}
   size_t MaxNewSize                               = 1275068416                                {product} {ergonomic}
   size_t MinHeapDeltaBytes                        = 1048576                                   {product} {ergonomic}
    uintx NonNMethodCodeHeapSize                   = 5830732                                {pd product} {ergonomic}
    uintx NonProfiledCodeHeapSize                  = 122913754                              {pd product} {ergonomic}
    uintx ProfiledCodeHeapSize                     = 122913754                              {pd product} {ergonomic}
    uintx ReservedCodeCacheSize                    = 251658240                              {pd product} {ergonomic}
     bool SegmentedCodeCache                       = true                                      {product} {ergonomic}
     bool UseCompressedClassPointers               = true                                 {lp64_product} {ergonomic}
     bool UseCompressedOops                        = true                                 {lp64_product} {ergonomic}
     bool UseG1GC                                  = true                                      {product} {ergonomic}
     bool UseLargePagesIndividualAllocation        = false                                  {pd product} {ergonomic}

Logging:
Log output configuration:
 #0: stdout all=warning uptime,level,tags
 #1: stderr all=off uptime,level,tags

Environment Variables:
PATH=C:\Program Files (x86)\Common Files\Oracle\Java\javapath;C:\WINDOWS\system32;C:\WINDOWS;C:\WINDOWS\System32\Wbem;C:\WINDOWS\System32\WindowsPowerShell\v1.0\;C:\WINDOWS\System32\OpenSSH\;C:\Program Files\MATLAB\R2020b\bin;C:\Program Files\dotnet\;C:\Program Files\Microsoft SQL Server\Client SDK\ODBC\170\Tools\Binn\;C:\Program Files\Azure Data Studio\bin;C:\Program Files\nodejs\;C:\Program Files (x86)\Microsoft SQL Server\150\DTS\Binn\;C:\Program Files (x86)\Microsoft SQL Server\150\Tools\Binn\;C:\Program Files\Microsoft SQL Server\150\Tools\Binn\;C:\Program Files\Microsoft SQL Server\150\DTS\Binn\;C:\Program Files\Microsoft SQL Server\130\Tools\Binn\;C:\Program Files (x86)\dotnet\;C:\Program Files\Git\cmd;C:\Program Files\Intel\Intel(R) Memory and Storage Tool\;C:\Users\jeova\AppData\Local\Programs\Python\Python39\Scripts\;C:\Users\jeova\AppData\Local\Programs\Python\Python39\;C:\Users\jeova\AppData\Local\Microsoft\WindowsApps;C:\Users\jeova\AppData\Local\Programs\Microsoft VS Code\bin;C:\Users\jeova\.dotnet\tools;C:\Program Files\Azure Data Studio\bin;C:\Users\jeova\AppData\Roaming\npm;C:\Users\jeova\AppData\Local\GitHubDesktop\bin;C:\Users\jeova\OneDrive\Escritorio\ESCRITORIO\CEM;
USERNAME=jeova
OS=Windows_NT
PROCESSOR_IDENTIFIER=Intel64 Family 6 Model 142 Stepping 10, GenuineIntel



---------------  S Y S T E M  ---------------

OS: Windows 10 , 64 bit Build 22621 (10.0.22621.608)
OS uptime: 0 days 5:05 hours

CPU:total 4 (initial active 4) (2 cores per cpu, 2 threads per core) family 6 model 142 stepping 10 microcode 0xe0, cmov, cx8, fxsr, mmx, sse, sse2, sse3, ssse3, sse4.1, sse4.2, popcnt, avx, avx2, aes, clmul, erms, 3dnowpref, lzcnt, ht, tsc, tscinvbit, bmi1, bmi2, adx, fma

Memory: 4k page, system-wide physical 8107M (1160M free)
TotalPageFile size 8107M (AvailPageFile size 23M)
current process WorkingSet (physical memory assigned to process): 302M, peak: 302M
current process commit charge ("private bytes"): 352M, peak: 383M

vm_info: OpenJDK 64-Bit Server VM (11.0.12+7-b1504.28-7817840) for windows-amd64 JRE (11.0.12+7-b1504.28-7817840), built on Oct 13 2021 22:12:33 by "builder" with MS VC++ 14.0 (VS2015)

END.
