#
# There is insufficient memory for the Java Runtime Environment to continue.
# Native memory allocation (malloc) failed to allocate 261616 bytes for Chunk::new
# Possible reasons:
#   The system is out of physical RAM or swap space
#   The process is running with CompressedOops enabled, and the Java Heap may be blocking the growth of the native heap
# Possible solutions:
#   Reduce memory load on the system
#   Increase physical memory or swap space
#   Check if swap backing store is full
#   Decrease Java heap size (-Xmx/-Xms)
#   Decrease number of Java threads
#   Decrease Java thread stack sizes (-Xss)
#   Set larger code cache with -XX:ReservedCodeCacheSize=
#   JVM is running with Unscaled Compressed Oops mode in which the Java heap is
#     placed in the first 4GB address space. The Java Heap base address is the
#     maximum limit for the native heap growth. Please use -XX:HeapBaseMinAddress
#     to set the Java Heap base and to place the Java Heap above 4GB virtual address.
# This output file may be truncated or incomplete.
#
#  Out of Memory Error (./src/hotspot/share/memory/arena.cpp:197), pid=11320, tid=13180
#
# JRE version: OpenJDK Runtime Environment (11.0.12+7) (build 11.0.12+7-b1504.28-7817840)
# Java VM: OpenJDK 64-Bit Server VM (11.0.12+7-b1504.28-7817840, mixed mode, tiered, compressed oops, g1 gc, windows-amd64)
# No core dump will be written. Minidumps are not enabled by default on client versions of Windows
#

---------------  S U M M A R Y ------------

Command Line: org.jetbrains.kotlin.cli.jvm.K2JVMCompiler @C:\Users\jeova\Desktop\Proyecto\ProyectoEquipo4 (1)\ProyectoEquipo4\app\build\20221009_14845577694511567591.compiler.options

Host: Intel(R) Core(TM) i3-7020U CPU @ 2.30GHz, 4 cores, 7G,  Windows 10 , 64 bit Build 22621 (10.0.22621.608)
Time: Sun Oct  9 23:58:56 2022 Hora de verano central (México) elapsed time: 16.299212 seconds (0d 0h 0m 16s)

---------------  T H R E A D  ---------------

Current thread (0x000001c36eeb2000):  JavaThread "C2 CompilerThread0" daemon [_thread_in_native, id=13180, stack(0x0000008f51500000,0x0000008f51600000)]


Current CompileTask:
C2:  16299 6024       4       org.jetbrains.org.objectweb.asm.ClassReader::readMethod (1061 bytes)

Stack: [0x0000008f51500000,0x0000008f51600000]
Native frames: (J=compiled Java code, j=interpreted, Vv=VM code, C=native code)
V  [jvm.dll+0x5fbcea]
V  [jvm.dll+0x731905]
V  [jvm.dll+0x732f1d]
V  [jvm.dll+0x7335d3]
V  [jvm.dll+0x247bf8]
V  [jvm.dll+0xc018c]
V  [jvm.dll+0xc06cc]
V  [jvm.dll+0x4f53a0]
V  [jvm.dll+0x328832]
V  [jvm.dll+0x327cfa]
V  [jvm.dll+0x200602]
V  [jvm.dll+0x1ff794]
V  [jvm.dll+0x18868c]
V  [jvm.dll+0x20e0d7]
V  [jvm.dll+0x20c901]
V  [jvm.dll+0x6f9b7f]
V  [jvm.dll+0x6f26a5]
V  [jvm.dll+0x5fabf6]
C  [ucrtbase.dll+0x29363]
C  [KERNEL32.DLL+0x1244d]
C  [ntdll.dll+0x5df78]


---------------  P R O C E S S  ---------------

Threads class SMR info:
_java_thread_list=0x000001c3711e74e0, length=11, elements={
0x000001c3529fa800, 0x000001c36e4f2800, 0x000001c36e4f4800, 0x000001c36eea9800,
0x000001c36eeac000, 0x000001c36eeaf800, 0x000001c36eeb2000, 0x000001c36e511800,
0x000001c36e515800, 0x000001c36f001000, 0x000001c370f6d800
}

Java Threads: ( => current thread )
  0x000001c3529fa800 JavaThread "main" [_thread_in_Java, id=10044, stack(0x0000008f50900000,0x0000008f50a00000)]
  0x000001c36e4f2800 JavaThread "Reference Handler" daemon [_thread_blocked, id=4920, stack(0x0000008f51000000,0x0000008f51100000)]
  0x000001c36e4f4800 JavaThread "Finalizer" daemon [_thread_blocked, id=7912, stack(0x0000008f51100000,0x0000008f51200000)]
  0x000001c36eea9800 JavaThread "Signal Dispatcher" daemon [_thread_blocked, id=13172, stack(0x0000008f51200000,0x0000008f51300000)]
  0x000001c36eeac000 JavaThread "Attach Listener" daemon [_thread_blocked, id=8112, stack(0x0000008f51300000,0x0000008f51400000)]
  0x000001c36eeaf800 JavaThread "Service Thread" daemon [_thread_blocked, id=12228, stack(0x0000008f51400000,0x0000008f51500000)]
=>0x000001c36eeb2000 JavaThread "C2 CompilerThread0" daemon [_thread_in_native, id=13180, stack(0x0000008f51500000,0x0000008f51600000)]
  0x000001c36e511800 JavaThread "C1 CompilerThread0" daemon [_thread_blocked, id=12460, stack(0x0000008f51600000,0x0000008f51700000)]
  0x000001c36e515800 JavaThread "Sweeper thread" daemon [_thread_blocked, id=11800, stack(0x0000008f51700000,0x0000008f51800000)]
  0x000001c36f001000 JavaThread "Common-Cleaner" daemon [_thread_blocked, id=11464, stack(0x0000008f51900000,0x0000008f51a00000)]
  0x000001c370f6d800 JavaThread "C2 CompilerThread1" daemon [_thread_in_native, id=8068, stack(0x0000008f51a00000,0x0000008f51b00000)]

Other Threads:
  0x000001c36e4ce000 VMThread "VM Thread" [stack: 0x0000008f50f00000,0x0000008f51000000] [id=13228]
  0x000001c36eff2000 WatcherThread [stack: 0x0000008f51800000,0x0000008f51900000] [id=3876]
  0x000001c352a13800 GCTaskThread "GC Thread#0" [stack: 0x0000008f50a00000,0x0000008f50b00000] [id=4572]
  0x000001c36f466000 GCTaskThread "GC Thread#1" [stack: 0x0000008f51b00000,0x0000008f51c00000] [id=8020]
  0x000001c36f466800 GCTaskThread "GC Thread#2" [stack: 0x0000008f51c00000,0x0000008f51d00000] [id=13912]
  0x000001c352a44000 ConcurrentGCThread "G1 Main Marker" [stack: 0x0000008f50b00000,0x0000008f50c00000] [id=13084]
  0x000001c352a46000 ConcurrentGCThread "G1 Conc#0" [stack: 0x0000008f50c00000,0x0000008f50d00000] [id=6012]
  0x000001c36e340800 ConcurrentGCThread "G1 Refine#0" [stack: 0x0000008f50d00000,0x0000008f50e00000] [id=2112]
  0x000001c36e341800 ConcurrentGCThread "G1 Young RemSet Sampling" [stack: 0x0000008f50e00000,0x0000008f50f00000] [id=10992]

Threads with active compile tasks:
C2 CompilerThread0  16339 6024       4       org.jetbrains.org.objectweb.asm.ClassReader::readMethod (1061 bytes)
C2 CompilerThread1  16339 6030       4       org.jetbrains.kotlin.cli.jvm.index.JvmDependenciesIndexImpl::travelPath (157 bytes)

VM state:not at safepoint (normal execution)

VM Mutex/Monitor currently owned by a thread: None

Heap address: 0x0000000081400000, size: 2028 MB, Compressed Oops mode: 32-bit
Narrow klass base: 0x0000000000000000, Narrow klass shift: 3
Compressed class space size: 1073741824 Address: 0x0000000100000000

Heap:
 garbage-first heap   total 157696K, used 81397K [0x0000000081400000, 0x0000000100000000)
  region size 1024K, 58 young (59392K), 8 survivors (8192K)
 Metaspace       used 56182K, capacity 56860K, committed 56960K, reserved 1099776K
  class space    used 6440K, capacity 6716K, committed 6784K, reserved 1048576K
Heap Regions: E=young(eden), S=young(survivor), O=old, HS=humongous(starts), HC=humongous(continues), CS=collection set, F=free, A=archive, TAMS=top-at-mark-start (previous, next)
|   0|0x0000000081400000, 0x0000000081500000, 0x0000000081500000|100%|HS|  |TAMS 0x0000000081500000, 0x0000000081400000| Complete 
|   1|0x0000000081500000, 0x0000000081600000, 0x0000000081600000|100%|HC|  |TAMS 0x0000000081600000, 0x0000000081500000| Complete 
|   2|0x0000000081600000, 0x0000000081700000, 0x0000000081700000|100%|HC|  |TAMS 0x0000000081700000, 0x0000000081600000| Complete 
|   3|0x0000000081700000, 0x0000000081800000, 0x0000000081800000|100%| O|  |TAMS 0x0000000081800000, 0x0000000081700000| Untracked 
|   4|0x0000000081800000, 0x0000000081900000, 0x0000000081900000|100%| O|  |TAMS 0x0000000081900000, 0x0000000081800000| Untracked 
|   5|0x0000000081900000, 0x0000000081a00000, 0x0000000081a00000|100%|HS|  |TAMS 0x0000000081a00000, 0x0000000081900000| Complete 
|   6|0x0000000081a00000, 0x0000000081b00000, 0x0000000081b00000|100%|HC|  |TAMS 0x0000000081b00000, 0x0000000081a00000| Complete 
|   7|0x0000000081b00000, 0x0000000081c00000, 0x0000000081c00000|100%|HC|  |TAMS 0x0000000081c00000, 0x0000000081b00000| Complete 
|   8|0x0000000081c00000, 0x0000000081d00000, 0x0000000081d00000|100%|HS|  |TAMS 0x0000000081c00000, 0x0000000081c00000| Complete 
|   9|0x0000000081d00000, 0x0000000081e00000, 0x0000000081e00000|100%|HC|  |TAMS 0x0000000081d00000, 0x0000000081d00000| Complete 
|  10|0x0000000081e00000, 0x0000000081f00000, 0x0000000081f00000|100%| O|  |TAMS 0x0000000081f00000, 0x0000000081e00000| Untracked 
|  11|0x0000000081f00000, 0x0000000082000000, 0x0000000082000000|100%| O|  |TAMS 0x0000000082000000, 0x0000000081f00000| Untracked 
|  12|0x0000000082000000, 0x0000000082100000, 0x0000000082100000|100%| O|  |TAMS 0x0000000082100000, 0x0000000082000000| Untracked 
|  13|0x0000000082100000, 0x0000000082200000, 0x0000000082200000|100%| O|  |TAMS 0x0000000082200000, 0x0000000082100000| Untracked 
|  14|0x0000000082200000, 0x0000000082300000, 0x0000000082300000|100%| O|  |TAMS 0x0000000082300000, 0x0000000082200000| Untracked 
|  15|0x0000000082300000, 0x0000000082400000, 0x0000000082400000|100%| O|  |TAMS 0x0000000082400000, 0x0000000082300000| Untracked 
|  16|0x0000000082400000, 0x0000000082500000, 0x0000000082500000|100%| O|  |TAMS 0x0000000082500000, 0x0000000082400000| Untracked 
|  17|0x0000000082500000, 0x0000000082600000, 0x0000000082600000|100%| O|  |TAMS 0x0000000082600000, 0x0000000082500000| Untracked 
|  18|0x0000000082600000, 0x0000000082700000, 0x0000000082700000|100%| O|  |TAMS 0x0000000082700000, 0x0000000082600000| Untracked 
|  19|0x0000000082700000, 0x0000000082800000, 0x0000000082800000|100%| O|  |TAMS 0x00000000827afe00, 0x0000000082700000| Untracked 
|  20|0x0000000082800000, 0x0000000082800000, 0x0000000082900000|  0%| F|  |TAMS 0x0000000082800000, 0x0000000082800000| Untracked 
|  21|0x0000000082900000, 0x0000000082a00000, 0x0000000082a00000|100%| O|  |TAMS 0x0000000082900000, 0x0000000082900000| Untracked 
|  22|0x0000000082a00000, 0x0000000082b00000, 0x0000000082b00000|100%| O|  |TAMS 0x0000000082a00000, 0x0000000082a00000| Untracked 
|  23|0x0000000082b00000, 0x0000000082b7d600, 0x0000000082c00000| 48%| O|  |TAMS 0x0000000082b00000, 0x0000000082b00000| Untracked 
|  24|0x0000000082c00000, 0x0000000082c00000, 0x0000000082d00000|  0%| F|  |TAMS 0x0000000082c00000, 0x0000000082c00000| Untracked 
|  25|0x0000000082d00000, 0x0000000082d00000, 0x0000000082e00000|  0%| F|  |TAMS 0x0000000082d00000, 0x0000000082d00000| Untracked 
|  26|0x0000000082e00000, 0x0000000082e00000, 0x0000000082f00000|  0%| F|  |TAMS 0x0000000082e00000, 0x0000000082e00000| Untracked 
|  27|0x0000000082f00000, 0x0000000082f00000, 0x0000000083000000|  0%| F|  |TAMS 0x0000000082f00000, 0x0000000082f00000| Untracked 
|  28|0x0000000083000000, 0x0000000083000000, 0x0000000083100000|  0%| F|  |TAMS 0x0000000083000000, 0x0000000083000000| Untracked 
|  29|0x0000000083100000, 0x0000000083100000, 0x0000000083200000|  0%| F|  |TAMS 0x0000000083100000, 0x0000000083100000| Untracked 
|  30|0x0000000083200000, 0x0000000083200000, 0x0000000083300000|  0%| F|  |TAMS 0x0000000083200000, 0x0000000083200000| Untracked 
|  31|0x0000000083300000, 0x0000000083300000, 0x0000000083400000|  0%| F|  |TAMS 0x0000000083300000, 0x0000000083300000| Untracked 
|  32|0x0000000083400000, 0x0000000083400000, 0x0000000083500000|  0%| F|  |TAMS 0x0000000083400000, 0x0000000083400000| Untracked 
|  33|0x0000000083500000, 0x0000000083500000, 0x0000000083600000|  0%| F|  |TAMS 0x0000000083500000, 0x0000000083500000| Untracked 
|  34|0x0000000083600000, 0x0000000083600000, 0x0000000083700000|  0%| F|  |TAMS 0x0000000083600000, 0x0000000083600000| Untracked 
|  35|0x0000000083700000, 0x0000000083700000, 0x0000000083800000|  0%| F|  |TAMS 0x0000000083700000, 0x0000000083700000| Untracked 
|  36|0x0000000083800000, 0x0000000083800000, 0x0000000083900000|  0%| F|  |TAMS 0x0000000083800000, 0x0000000083800000| Untracked 
|  37|0x0000000083900000, 0x0000000083900000, 0x0000000083a00000|  0%| F|  |TAMS 0x0000000083900000, 0x0000000083900000| Untracked 
|  38|0x0000000083a00000, 0x0000000083a00000, 0x0000000083b00000|  0%| F|  |TAMS 0x0000000083a00000, 0x0000000083a00000| Untracked 
|  39|0x0000000083b00000, 0x0000000083b00000, 0x0000000083c00000|  0%| F|  |TAMS 0x0000000083b00000, 0x0000000083b00000| Untracked 
|  40|0x0000000083c00000, 0x0000000083c00000, 0x0000000083d00000|  0%| F|  |TAMS 0x0000000083c00000, 0x0000000083c00000| Untracked 
|  41|0x0000000083d00000, 0x0000000083d00000, 0x0000000083e00000|  0%| F|  |TAMS 0x0000000083d00000, 0x0000000083d00000| Untracked 
|  42|0x0000000083e00000, 0x0000000083e00000, 0x0000000083f00000|  0%| F|  |TAMS 0x0000000083e00000, 0x0000000083e00000| Untracked 
|  43|0x0000000083f00000, 0x0000000083f00000, 0x0000000084000000|  0%| F|  |TAMS 0x0000000083f00000, 0x0000000083f00000| Untracked 
|  44|0x0000000084000000, 0x0000000084000000, 0x0000000084100000|  0%| F|  |TAMS 0x0000000084000000, 0x0000000084000000| Untracked 
|  45|0x0000000084100000, 0x0000000084100000, 0x0000000084200000|  0%| F|  |TAMS 0x0000000084100000, 0x0000000084100000| Untracked 
|  46|0x0000000084200000, 0x0000000084200000, 0x0000000084300000|  0%| F|  |TAMS 0x0000000084200000, 0x0000000084200000| Untracked 
|  47|0x0000000084300000, 0x0000000084300000, 0x0000000084400000|  0%| F|  |TAMS 0x0000000084300000, 0x0000000084300000| Untracked 
|  48|0x0000000084400000, 0x0000000084400000, 0x0000000084500000|  0%| F|  |TAMS 0x0000000084400000, 0x0000000084400000| Untracked 
|  49|0x0000000084500000, 0x0000000084500000, 0x0000000084600000|  0%| F|  |TAMS 0x0000000084500000, 0x0000000084500000| Untracked 
|  50|0x0000000084600000, 0x0000000084600000, 0x0000000084700000|  0%| F|  |TAMS 0x0000000084600000, 0x0000000084600000| Untracked 
|  51|0x0000000084700000, 0x0000000084700000, 0x0000000084800000|  0%| F|  |TAMS 0x0000000084700000, 0x0000000084700000| Untracked 
|  52|0x0000000084800000, 0x0000000084800000, 0x0000000084900000|  0%| F|  |TAMS 0x0000000084800000, 0x0000000084800000| Untracked 
|  53|0x0000000084900000, 0x0000000084900000, 0x0000000084a00000|  0%| F|  |TAMS 0x0000000084900000, 0x0000000084900000| Untracked 
|  54|0x0000000084a00000, 0x0000000084a00000, 0x0000000084b00000|  0%| F|  |TAMS 0x0000000084a00000, 0x0000000084a00000| Untracked 
|  55|0x0000000084b00000, 0x0000000084b00000, 0x0000000084c00000|  0%| F|  |TAMS 0x0000000084b00000, 0x0000000084b00000| Untracked 
|  56|0x0000000084c00000, 0x0000000084c00000, 0x0000000084d00000|  0%| F|  |TAMS 0x0000000084c00000, 0x0000000084c00000| Untracked 
|  57|0x0000000084d00000, 0x0000000084d00000, 0x0000000084e00000|  0%| F|  |TAMS 0x0000000084d00000, 0x0000000084d00000| Untracked 
|  58|0x0000000084e00000, 0x0000000084e00000, 0x0000000084f00000|  0%| F|  |TAMS 0x0000000084e00000, 0x0000000084e00000| Untracked 
|  59|0x0000000084f00000, 0x0000000084f00000, 0x0000000085000000|  0%| F|  |TAMS 0x0000000084f00000, 0x0000000084f00000| Untracked 
|  60|0x0000000085000000, 0x0000000085000000, 0x0000000085100000|  0%| F|  |TAMS 0x0000000085000000, 0x0000000085000000| Untracked 
|  61|0x0000000085100000, 0x0000000085100000, 0x0000000085200000|  0%| F|  |TAMS 0x0000000085100000, 0x0000000085100000| Untracked 
|  62|0x0000000085200000, 0x0000000085200000, 0x0000000085300000|  0%| F|  |TAMS 0x0000000085200000, 0x0000000085200000| Untracked 
|  63|0x0000000085300000, 0x0000000085300000, 0x0000000085400000|  0%| F|  |TAMS 0x0000000085300000, 0x0000000085300000| Untracked 
|  64|0x0000000085400000, 0x0000000085400000, 0x0000000085500000|  0%| F|  |TAMS 0x0000000085400000, 0x0000000085400000| Untracked 
|  65|0x0000000085500000, 0x0000000085500000, 0x0000000085600000|  0%| F|  |TAMS 0x0000000085500000, 0x0000000085500000| Untracked 
|  66|0x0000000085600000, 0x0000000085600000, 0x0000000085700000|  0%| F|  |TAMS 0x0000000085600000, 0x0000000085600000| Untracked 
|  67|0x0000000085700000, 0x0000000085700000, 0x0000000085800000|  0%| F|  |TAMS 0x0000000085700000, 0x0000000085700000| Untracked 
|  68|0x0000000085800000, 0x0000000085800000, 0x0000000085900000|  0%| F|  |TAMS 0x0000000085800000, 0x0000000085800000| Untracked 
|  69|0x0000000085900000, 0x0000000085900000, 0x0000000085a00000|  0%| F|  |TAMS 0x0000000085900000, 0x0000000085900000| Untracked 
|  70|0x0000000085a00000, 0x0000000085a00000, 0x0000000085b00000|  0%| F|  |TAMS 0x0000000085a00000, 0x0000000085a00000| Untracked 
|  71|0x0000000085b00000, 0x0000000085b00000, 0x0000000085c00000|  0%| F|  |TAMS 0x0000000085b00000, 0x0000000085b00000| Untracked 
|  72|0x0000000085c00000, 0x0000000085c00000, 0x0000000085d00000|  0%| F|  |TAMS 0x0000000085c00000, 0x0000000085c00000| Untracked 
|  73|0x0000000085d00000, 0x0000000085d00000, 0x0000000085e00000|  0%| F|  |TAMS 0x0000000085d00000, 0x0000000085d00000| Untracked 
|  74|0x0000000085e00000, 0x0000000085e00000, 0x0000000085f00000|  0%| F|  |TAMS 0x0000000085e00000, 0x0000000085e00000| Untracked 
|  75|0x0000000085f00000, 0x0000000085f00000, 0x0000000086000000|  0%| F|  |TAMS 0x0000000085f00000, 0x0000000085f00000| Untracked 
|  76|0x0000000086000000, 0x0000000086000000, 0x0000000086100000|  0%| F|  |TAMS 0x0000000086000000, 0x0000000086000000| Untracked 
|  77|0x0000000086100000, 0x0000000086100000, 0x0000000086200000|  0%| F|  |TAMS 0x0000000086100000, 0x0000000086100000| Untracked 
|  78|0x0000000086200000, 0x0000000086200000, 0x0000000086300000|  0%| F|  |TAMS 0x0000000086200000, 0x0000000086200000| Untracked 
|  79|0x0000000086300000, 0x0000000086300000, 0x0000000086400000|  0%| F|  |TAMS 0x0000000086300000, 0x0000000086300000| Untracked 
|  80|0x0000000086400000, 0x0000000086400000, 0x0000000086500000|  0%| F|  |TAMS 0x0000000086400000, 0x0000000086400000| Untracked 
|  81|0x0000000086500000, 0x0000000086500000, 0x0000000086600000|  0%| F|  |TAMS 0x0000000086500000, 0x0000000086500000| Untracked 
|  82|0x0000000086600000, 0x0000000086600000, 0x0000000086700000|  0%| F|  |TAMS 0x0000000086600000, 0x0000000086600000| Untracked 
|  83|0x0000000086700000, 0x0000000086700000, 0x0000000086800000|  0%| F|  |TAMS 0x0000000086700000, 0x0000000086700000| Untracked 
|  84|0x0000000086800000, 0x0000000086800000, 0x0000000086900000|  0%| F|  |TAMS 0x0000000086800000, 0x0000000086800000| Untracked 
|  85|0x0000000086900000, 0x0000000086900000, 0x0000000086a00000|  0%| F|  |TAMS 0x0000000086900000, 0x0000000086900000| Untracked 
|  86|0x0000000086a00000, 0x0000000086a00000, 0x0000000086b00000|  0%| F|  |TAMS 0x0000000086a00000, 0x0000000086a00000| Untracked 
|  87|0x0000000086b00000, 0x0000000086b00000, 0x0000000086c00000|  0%| F|  |TAMS 0x0000000086b00000, 0x0000000086b00000| Untracked 
|  88|0x0000000086c00000, 0x0000000086c00000, 0x0000000086d00000|  0%| F|  |TAMS 0x0000000086c00000, 0x0000000086c00000| Untracked 
|  89|0x0000000086d00000, 0x0000000086d00000, 0x0000000086e00000|  0%| F|  |TAMS 0x0000000086d00000, 0x0000000086d00000| Untracked 
|  90|0x0000000086e00000, 0x0000000086e00000, 0x0000000086f00000|  0%| F|  |TAMS 0x0000000086e00000, 0x0000000086e00000| Untracked 
|  91|0x0000000086f00000, 0x0000000087000000, 0x0000000087000000|100%| S|CS|TAMS 0x0000000086f00000, 0x0000000086f00000| Complete 
|  92|0x0000000087000000, 0x0000000087100000, 0x0000000087100000|100%| S|CS|TAMS 0x0000000087000000, 0x0000000087000000| Complete 
|  93|0x0000000087100000, 0x0000000087200000, 0x0000000087200000|100%| S|CS|TAMS 0x0000000087100000, 0x0000000087100000| Complete 
|  94|0x0000000087200000, 0x0000000087300000, 0x0000000087300000|100%| S|CS|TAMS 0x0000000087200000, 0x0000000087200000| Complete 
|  95|0x0000000087300000, 0x0000000087400000, 0x0000000087400000|100%| S|CS|TAMS 0x0000000087300000, 0x0000000087300000| Complete 
|  96|0x0000000087400000, 0x0000000087500000, 0x0000000087500000|100%| S|CS|TAMS 0x0000000087400000, 0x0000000087400000| Complete 
|  97|0x0000000087500000, 0x0000000087600000, 0x0000000087600000|100%| S|CS|TAMS 0x0000000087500000, 0x0000000087500000| Complete 
|  98|0x0000000087600000, 0x0000000087700000, 0x0000000087700000|100%| S|CS|TAMS 0x0000000087600000, 0x0000000087600000| Complete 
|  99|0x0000000087700000, 0x0000000087700000, 0x0000000087800000|  0%| F|  |TAMS 0x0000000087700000, 0x0000000087700000| Untracked 
| 100|0x0000000087800000, 0x0000000087800000, 0x0000000087900000|  0%| F|  |TAMS 0x0000000087800000, 0x0000000087800000| Untracked 
| 101|0x0000000087900000, 0x0000000087900000, 0x0000000087a00000|  0%| F|  |TAMS 0x0000000087900000, 0x0000000087900000| Untracked 
| 102|0x0000000087a00000, 0x0000000087a00000, 0x0000000087b00000|  0%| F|  |TAMS 0x0000000087a00000, 0x0000000087a00000| Untracked 
| 103|0x0000000087b00000, 0x0000000087b00000, 0x0000000087c00000|  0%| F|  |TAMS 0x0000000087b00000, 0x0000000087b00000| Untracked 
| 104|0x0000000087c00000, 0x0000000087d00000, 0x0000000087d00000|100%| E|  |TAMS 0x0000000087c00000, 0x0000000087c00000| Complete 
| 105|0x0000000087d00000, 0x0000000087e00000, 0x0000000087e00000|100%| E|CS|TAMS 0x0000000087d00000, 0x0000000087d00000| Complete 
| 106|0x0000000087e00000, 0x0000000087f00000, 0x0000000087f00000|100%| E|CS|TAMS 0x0000000087e00000, 0x0000000087e00000| Complete 
| 107|0x0000000087f00000, 0x0000000088000000, 0x0000000088000000|100%| E|CS|TAMS 0x0000000087f00000, 0x0000000087f00000| Complete 
| 108|0x0000000088000000, 0x0000000088100000, 0x0000000088100000|100%| E|CS|TAMS 0x0000000088000000, 0x0000000088000000| Complete 
| 109|0x0000000088100000, 0x0000000088200000, 0x0000000088200000|100%| E|CS|TAMS 0x0000000088100000, 0x0000000088100000| Complete 
| 110|0x0000000088200000, 0x0000000088300000, 0x0000000088300000|100%| E|CS|TAMS 0x0000000088200000, 0x0000000088200000| Complete 
| 111|0x0000000088300000, 0x0000000088400000, 0x0000000088400000|100%| E|CS|TAMS 0x0000000088300000, 0x0000000088300000| Complete 
| 112|0x0000000088400000, 0x0000000088500000, 0x0000000088500000|100%| E|CS|TAMS 0x0000000088400000, 0x0000000088400000| Complete 
| 113|0x0000000088500000, 0x0000000088600000, 0x0000000088600000|100%| E|CS|TAMS 0x0000000088500000, 0x0000000088500000| Complete 
| 114|0x0000000088600000, 0x0000000088700000, 0x0000000088700000|100%| E|CS|TAMS 0x0000000088600000, 0x0000000088600000| Complete 
| 115|0x0000000088700000, 0x0000000088800000, 0x0000000088800000|100%| E|CS|TAMS 0x0000000088700000, 0x0000000088700000| Complete 
| 116|0x0000000088800000, 0x0000000088900000, 0x0000000088900000|100%| E|CS|TAMS 0x0000000088800000, 0x0000000088800000| Complete 
| 117|0x0000000088900000, 0x0000000088a00000, 0x0000000088a00000|100%| E|CS|TAMS 0x0000000088900000, 0x0000000088900000| Complete 
| 118|0x0000000088a00000, 0x0000000088b00000, 0x0000000088b00000|100%| E|CS|TAMS 0x0000000088a00000, 0x0000000088a00000| Complete 
| 119|0x0000000088b00000, 0x0000000088c00000, 0x0000000088c00000|100%| E|CS|TAMS 0x0000000088b00000, 0x0000000088b00000| Complete 
| 120|0x0000000088c00000, 0x0000000088d00000, 0x0000000088d00000|100%| E|CS|TAMS 0x0000000088c00000, 0x0000000088c00000| Complete 
| 121|0x0000000088d00000, 0x0000000088e00000, 0x0000000088e00000|100%| E|CS|TAMS 0x0000000088d00000, 0x0000000088d00000| Complete 
| 122|0x0000000088e00000, 0x0000000088f00000, 0x0000000088f00000|100%| E|CS|TAMS 0x0000000088e00000, 0x0000000088e00000| Complete 
| 123|0x0000000088f00000, 0x0000000089000000, 0x0000000089000000|100%| E|CS|TAMS 0x0000000088f00000, 0x0000000088f00000| Complete 
| 124|0x0000000089000000, 0x0000000089100000, 0x0000000089100000|100%| E|CS|TAMS 0x0000000089000000, 0x0000000089000000| Complete 
| 125|0x0000000089100000, 0x0000000089200000, 0x0000000089200000|100%| E|CS|TAMS 0x0000000089100000, 0x0000000089100000| Complete 
| 126|0x0000000089200000, 0x0000000089300000, 0x0000000089300000|100%| E|CS|TAMS 0x0000000089200000, 0x0000000089200000| Complete 
| 127|0x0000000089300000, 0x0000000089400000, 0x0000000089400000|100%| E|CS|TAMS 0x0000000089300000, 0x0000000089300000| Complete 
| 128|0x0000000089400000, 0x0000000089500000, 0x0000000089500000|100%| E|CS|TAMS 0x0000000089400000, 0x0000000089400000| Complete 
| 129|0x0000000089500000, 0x0000000089600000, 0x0000000089600000|100%| E|CS|TAMS 0x0000000089500000, 0x0000000089500000| Complete 
| 130|0x0000000089600000, 0x0000000089700000, 0x0000000089700000|100%| E|CS|TAMS 0x0000000089600000, 0x0000000089600000| Complete 
| 131|0x0000000089700000, 0x0000000089800000, 0x0000000089800000|100%| E|CS|TAMS 0x0000000089700000, 0x0000000089700000| Complete 
| 132|0x0000000089800000, 0x0000000089900000, 0x0000000089900000|100%| E|CS|TAMS 0x0000000089800000, 0x0000000089800000| Complete 
| 133|0x0000000089900000, 0x0000000089a00000, 0x0000000089a00000|100%| E|CS|TAMS 0x0000000089900000, 0x0000000089900000| Complete 
| 134|0x0000000089a00000, 0x0000000089b00000, 0x0000000089b00000|100%| E|CS|TAMS 0x0000000089a00000, 0x0000000089a00000| Complete 
| 135|0x0000000089b00000, 0x0000000089c00000, 0x0000000089c00000|100%| E|CS|TAMS 0x0000000089b00000, 0x0000000089b00000| Complete 
| 136|0x0000000089c00000, 0x0000000089d00000, 0x0000000089d00000|100%| E|CS|TAMS 0x0000000089c00000, 0x0000000089c00000| Complete 
| 137|0x0000000089d00000, 0x0000000089e00000, 0x0000000089e00000|100%| E|CS|TAMS 0x0000000089d00000, 0x0000000089d00000| Complete 
| 138|0x0000000089e00000, 0x0000000089f00000, 0x0000000089f00000|100%| E|CS|TAMS 0x0000000089e00000, 0x0000000089e00000| Complete 
| 139|0x0000000089f00000, 0x000000008a000000, 0x000000008a000000|100%| E|CS|TAMS 0x0000000089f00000, 0x0000000089f00000| Complete 
| 140|0x000000008a000000, 0x000000008a100000, 0x000000008a100000|100%| E|CS|TAMS 0x000000008a000000, 0x000000008a000000| Complete 
| 141|0x000000008a100000, 0x000000008a200000, 0x000000008a200000|100%| E|CS|TAMS 0x000000008a100000, 0x000000008a100000| Complete 
| 142|0x000000008a200000, 0x000000008a300000, 0x000000008a300000|100%| E|CS|TAMS 0x000000008a200000, 0x000000008a200000| Complete 
| 143|0x000000008a300000, 0x000000008a400000, 0x000000008a400000|100%| E|CS|TAMS 0x000000008a300000, 0x000000008a300000| Complete 
| 144|0x000000008a400000, 0x000000008a500000, 0x000000008a500000|100%| E|CS|TAMS 0x000000008a400000, 0x000000008a400000| Complete 
| 145|0x000000008a500000, 0x000000008a600000, 0x000000008a600000|100%| E|CS|TAMS 0x000000008a500000, 0x000000008a500000| Complete 
| 146|0x000000008a600000, 0x000000008a700000, 0x000000008a700000|100%| E|CS|TAMS 0x000000008a600000, 0x000000008a600000| Complete 
| 147|0x000000008a700000, 0x000000008a800000, 0x000000008a800000|100%| E|CS|TAMS 0x000000008a700000, 0x000000008a700000| Complete 
| 148|0x000000008a800000, 0x000000008a900000, 0x000000008a900000|100%| E|CS|TAMS 0x000000008a800000, 0x000000008a800000| Complete 
| 149|0x000000008a900000, 0x000000008aa00000, 0x000000008aa00000|100%| E|CS|TAMS 0x000000008a900000, 0x000000008a900000| Complete 
| 150|0x000000008aa00000, 0x000000008ab00000, 0x000000008ab00000|100%| E|CS|TAMS 0x000000008aa00000, 0x000000008aa00000| Complete 
| 151|0x000000008ab00000, 0x000000008ac00000, 0x000000008ac00000|100%| E|CS|TAMS 0x000000008ab00000, 0x000000008ab00000| Complete 
| 152|0x000000008ac00000, 0x000000008ad00000, 0x000000008ad00000|100%| E|CS|TAMS 0x000000008ac00000, 0x000000008ac00000| Complete 
| 153|0x000000008ad00000, 0x000000008ae00000, 0x000000008ae00000|100%| E|CS|TAMS 0x000000008ad00000, 0x000000008ad00000| Complete 

Card table byte_map: [0x000001c367740000,0x000001c367b40000] _byte_map_base: 0x000001c367336000

Marking Bits (Prev, Next): (CMBitMap*) 0x000001c352a3b190, (CMBitMap*) 0x000001c352a3b158
 Prev Bits: [0x000001c369ef0000, 0x000001c36bea0000)
 Next Bits: [0x000001c367f40000, 0x000001c369ef0000)

Polling page: 0x000001c352ad0000

Metaspace:

Usage:
  Non-class:     48.97 MB capacity,    48.58 MB (>99%) used,   311.20 KB ( <1%) free+waste,    90.38 KB ( <1%) overhead. 
      Class:      6.56 MB capacity,     6.29 MB ( 96%) used,   235.38 KB (  4%) free+waste,    40.50 KB ( <1%) overhead. 
       Both:     55.53 MB capacity,    54.87 MB ( 99%) used,   546.59 KB ( <1%) free+waste,   130.88 KB ( <1%) overhead. 

Virtual space:
  Non-class space:       50.00 MB reserved,      49.00 MB ( 98%) committed 
      Class space:        1.00 GB reserved,       6.63 MB ( <1%) committed 
             Both:        1.05 GB reserved,      55.63 MB (  5%) committed 

Chunk freelists:
   Non-Class:  32.00 KB
       Class:  4.00 KB
        Both:  36.00 KB

MaxMetaspaceSize: 17179869184.00 GB
CompressedClassSpaceSize: 1.00 GB
Initial GC threshold: 20.80 MB
Current GC threshold: 74.17 MB
CDS: off

CodeHeap 'non-profiled nmethods': size=120064Kb used=3021Kb max_used=3021Kb free=117042Kb
 bounds [0x000001c35f7e0000, 0x000001c35fae0000, 0x000001c366d20000]
CodeHeap 'profiled nmethods': size=120000Kb used=14887Kb max_used=14887Kb free=105113Kb
 bounds [0x000001c3582b0000, 0x000001c359140000, 0x000001c35f7e0000]
CodeHeap 'non-nmethods': size=5696Kb used=1292Kb max_used=1332Kb free=4403Kb
 bounds [0x000001c357d20000, 0x000001c357f90000, 0x000001c3582b0000]
 total_blobs=6615 nmethods=6041 adapters=485
 compilation: enabled
              stopped_count=0, restarted_count=0
 full_count=0

Compilation events (20 events):
Event: 16.249 Thread 0x000001c36e511800 nmethod 6063 0x000001c35912c790 code [0x000001c35912c9a0, 0x000001c35912cff8]
Event: 16.251 Thread 0x000001c36e511800 6065       3       org.jetbrains.kotlin.resolve.OverridingUtilTypeSystemContext::areEqualTypeConstructors (89 bytes)
Event: 16.252 Thread 0x000001c36e511800 nmethod 6065 0x000001c35912d290 code [0x000001c35912d5c0, 0x000001c35912e7d8]
Event: 16.252 Thread 0x000001c36e511800 6066       3       java.util.HashSet::remove (20 bytes)
Event: 16.252 Thread 0x000001c36e511800 nmethod 6066 0x000001c35912ed10 code [0x000001c35912eee0, 0x000001c35912f108]
Event: 16.253 Thread 0x000001c36e511800 6067       3       org.jetbrains.kotlin.load.java.structure.impl.classFiles.AnnotationsCollectorFieldVisitor::visitAnnotation (33 bytes)
Event: 16.254 Thread 0x000001c36e511800 nmethod 6067 0x000001c35912f210 code [0x000001c35912f440, 0x000001c35912fa88]
Event: 16.256 Thread 0x000001c36e511800 6068       3       java.util.concurrent.locks.AbstractQueuedSynchronizer::apparentlyFirstQueuedIsExclusive (38 bytes)
Event: 16.256 Thread 0x000001c36e511800 nmethod 6068 0x000001c35912fd90 code [0x000001c35912ff60, 0x000001c359130248]
Event: 16.278 Thread 0x000001c36e511800 6069       3       org.jetbrains.kotlin.resolve.DescriptorUtils::isSubtypeOfClass (77 bytes)
Event: 16.279 Thread 0x000001c36e511800 nmethod 6069 0x000001c359130310 code [0x000001c359130560, 0x000001c359130d68]
Event: 16.286 Thread 0x000001c36e511800 6070       3       org.jetbrains.kotlin.load.java.lazy.descriptors.LazyJavaAnnotationDescriptor::<init> (172 bytes)
Event: 16.290 Thread 0x000001c36e511800 nmethod 6070 0x000001c359130f90 code [0x000001c359131460, 0x000001c359133928]
Event: 16.291 Thread 0x000001c36e511800 6071       3       org.jetbrains.kotlin.load.java.lazy.descriptors.LazyJavaClassDescriptor::getDeclaredTypeParameters (13 bytes)
Event: 16.291 Thread 0x000001c36e511800 nmethod 6071 0x000001c359134510 code [0x000001c3591346e0, 0x000001c3591349a8]
Event: 16.294 Thread 0x000001c36e511800 6072       3       org.jetbrains.kotlin.load.java.lazy.descriptors.LazyJavaAnnotationDescriptor$fqName$2::invoke (5 bytes)
Event: 16.295 Thread 0x000001c36e511800 nmethod 6072 0x000001c359134a90 code [0x000001c359134c60, 0x000001c359134f38]
Event: 16.295 Thread 0x000001c36e511800 6073       3       kotlin.collections.SetsKt___SetsKt::plus (45 bytes)
Event: 16.296 Thread 0x000001c36e511800 nmethod 6073 0x000001c359135090 code [0x000001c359135380, 0x000001c359136188]
Event: 16.296 Thread 0x000001c36e511800 6074       3       org.jetbrains.kotlin.load.java.structure.impl.classFiles.BinaryJavaAnnotation::resolve (24 bytes)

GC Heap History (12 events):
Event: 0.764 GC heap before
{Heap before GC invocations=0 (full 0):
 garbage-first heap   total 131072K, used 17408K [0x0000000081400000, 0x0000000100000000)
  region size 1024K, 14 young (14336K), 0 survivors (0K)
 Metaspace       used 9808K, capacity 9938K, committed 10112K, reserved 1058816K
  class space    used 837K, capacity 885K, committed 896K, reserved 1048576K
}
Event: 0.769 GC heap after
{Heap after GC invocations=1 (full 0):
 garbage-first heap   total 131072K, used 5455K [0x0000000081400000, 0x0000000100000000)
  region size 1024K, 2 young (2048K), 2 survivors (2048K)
 Metaspace       used 9808K, capacity 9938K, committed 10112K, reserved 1058816K
  class space    used 837K, capacity 885K, committed 896K, reserved 1048576K
}
Event: 2.909 GC heap before
{Heap before GC invocations=1 (full 0):
 garbage-first heap   total 131072K, used 50511K [0x0000000081400000, 0x0000000100000000)
  region size 1024K, 47 young (48128K), 2 survivors (2048K)
 Metaspace       used 20759K, capacity 20990K, committed 21248K, reserved 1069056K
  class space    used 2199K, capacity 2280K, committed 2304K, reserved 1048576K
}
Event: 2.931 GC heap after
{Heap after GC invocations=2 (full 0):
 garbage-first heap   total 131072K, used 9066K [0x0000000081400000, 0x0000000100000000)
  region size 1024K, 6 young (6144K), 6 survivors (6144K)
 Metaspace       used 20759K, capacity 20990K, committed 21248K, reserved 1069056K
  class space    used 2199K, capacity 2280K, committed 2304K, reserved 1048576K
}
Event: 4.926 GC heap before
{Heap before GC invocations=3 (full 0):
 garbage-first heap   total 131072K, used 57194K [0x0000000081400000, 0x0000000100000000)
  region size 1024K, 48 young (49152K), 6 survivors (6144K)
 Metaspace       used 30363K, capacity 30800K, committed 30976K, reserved 1077248K
  class space    used 3606K, capacity 3796K, committed 3840K, reserved 1048576K
}
Event: 4.951 GC heap after
{Heap after GC invocations=4 (full 0):
 garbage-first heap   total 131072K, used 20322K [0x0000000081400000, 0x0000000100000000)
  region size 1024K, 6 young (6144K), 6 survivors (6144K)
 Metaspace       used 30363K, capacity 30800K, committed 30976K, reserved 1077248K
  class space    used 3606K, capacity 3796K, committed 3840K, reserved 1048576K
}
Event: 5.844 GC heap before
{Heap before GC invocations=4 (full 0):
 garbage-first heap   total 131072K, used 39778K [0x0000000081400000, 0x0000000100000000)
  region size 1024K, 26 young (26624K), 6 survivors (6144K)
 Metaspace       used 35009K, capacity 35434K, committed 35584K, reserved 1081344K
  class space    used 4304K, capacity 4507K, committed 4608K, reserved 1048576K
}
Event: 5.857 GC heap after
{Heap after GC invocations=5 (full 0):
 garbage-first heap   total 131072K, used 20159K [0x0000000081400000, 0x0000000100000000)
  region size 1024K, 2 young (2048K), 2 survivors (2048K)
 Metaspace       used 35009K, capacity 35434K, committed 35584K, reserved 1081344K
  class space    used 4304K, capacity 4507K, committed 4608K, reserved 1048576K
}
Event: 8.258 GC heap before
{Heap before GC invocations=6 (full 0):
 garbage-first heap   total 131072K, used 66239K [0x0000000081400000, 0x0000000100000000)
  region size 1024K, 47 young (48128K), 2 survivors (2048K)
 Metaspace       used 44707K, capacity 45220K, committed 45440K, reserved 1089536K
  class space    used 5287K, capacity 5480K, committed 5504K, reserved 1048576K
}
Event: 8.281 GC heap after
{Heap after GC invocations=7 (full 0):
 garbage-first heap   total 157696K, used 24068K [0x0000000081400000, 0x0000000100000000)
  region size 1024K, 6 young (6144K), 6 survivors (6144K)
 Metaspace       used 44707K, capacity 45220K, committed 45440K, reserved 1089536K
  class space    used 5287K, capacity 5480K, committed 5504K, reserved 1048576K
}
Event: 10.488 GC heap before
{Heap before GC invocations=8 (full 0):
 garbage-first heap   total 157696K, used 83460K [0x0000000081400000, 0x0000000100000000)
  region size 1024K, 61 young (62464K), 6 survivors (6144K)
 Metaspace       used 51705K, capacity 52316K, committed 52480K, reserved 1095680K
  class space    used 6095K, capacity 6337K, committed 6400K, reserved 1048576K
}
Event: 10.514 GC heap after
{Heap after GC invocations=9 (full 0):
 garbage-first heap   total 157696K, used 31221K [0x0000000081400000, 0x0000000100000000)
  region size 1024K, 8 young (8192K), 8 survivors (8192K)
 Metaspace       used 51705K, capacity 52316K, committed 52480K, reserved 1095680K
  class space    used 6095K, capacity 6337K, committed 6400K, reserved 1048576K
}

Deoptimization events (20 events):
Event: 13.550 Thread 0x000001c3529fa800 DEOPT PACKING pc=0x000001c35883b2ff sp=0x0000008f509fd9a0
Event: 13.550 Thread 0x000001c3529fa800 DEOPT UNPACKING pc=0x000001c357d6a95e sp=0x0000008f509fcdf0 mode 0
Event: 15.423 Thread 0x000001c3529fa800 DEOPT PACKING pc=0x000001c3586aa274 sp=0x0000008f509f86a0
Event: 15.423 Thread 0x000001c3529fa800 DEOPT UNPACKING pc=0x000001c357d6a95e sp=0x0000008f509f7c40 mode 0
Event: 15.819 Thread 0x000001c3529fa800 Uncommon trap: trap_request=0xffffff6e fr.pc=0x000001c35fac8ab0 relative=0x0000000000000230
Event: 15.819 Thread 0x000001c3529fa800 Uncommon trap: reason=speculate_class_check action=maybe_recompile pc=0x000001c35fac8ab0 method=org.jetbrains.kotlin.types.checker.ClassicTypeSystemContext$DefaultImpls.asSimpleType(Lorg/jetbrains/kotlin/types/checker/ClassicTypeSystemContext;Lorg/jetbrai
Event: 15.819 Thread 0x000001c3529fa800 DEOPT PACKING pc=0x000001c35fac8ab0 sp=0x0000008f509fc5c0
Event: 15.819 Thread 0x000001c3529fa800 DEOPT UNPACKING pc=0x000001c357d6a1af sp=0x0000008f509fc2f0 mode 2
Event: 15.819 Thread 0x000001c3529fa800 Uncommon trap: trap_request=0xffffff6e fr.pc=0x000001c35fac8ab0 relative=0x0000000000000230
Event: 15.819 Thread 0x000001c3529fa800 Uncommon trap: reason=speculate_class_check action=maybe_recompile pc=0x000001c35fac8ab0 method=org.jetbrains.kotlin.types.checker.ClassicTypeSystemContext$DefaultImpls.asSimpleType(Lorg/jetbrains/kotlin/types/checker/ClassicTypeSystemContext;Lorg/jetbrai
Event: 15.819 Thread 0x000001c3529fa800 DEOPT PACKING pc=0x000001c35fac8ab0 sp=0x0000008f509fc530
Event: 15.819 Thread 0x000001c3529fa800 DEOPT UNPACKING pc=0x000001c357d6a1af sp=0x0000008f509fc260 mode 2
Event: 15.821 Thread 0x000001c3529fa800 Uncommon trap: trap_request=0xffffff6e fr.pc=0x000001c35fac8ab0 relative=0x0000000000000230
Event: 15.821 Thread 0x000001c3529fa800 Uncommon trap: reason=speculate_class_check action=maybe_recompile pc=0x000001c35fac8ab0 method=org.jetbrains.kotlin.types.checker.ClassicTypeSystemContext$DefaultImpls.asSimpleType(Lorg/jetbrains/kotlin/types/checker/ClassicTypeSystemContext;Lorg/jetbrai
Event: 15.821 Thread 0x000001c3529fa800 DEOPT PACKING pc=0x000001c35fac8ab0 sp=0x0000008f509fc5c0
Event: 15.821 Thread 0x000001c3529fa800 DEOPT UNPACKING pc=0x000001c357d6a1af sp=0x0000008f509fc2f0 mode 2
Event: 15.822 Thread 0x000001c3529fa800 Uncommon trap: trap_request=0xffffff6e fr.pc=0x000001c35fac8ab0 relative=0x0000000000000230
Event: 15.822 Thread 0x000001c3529fa800 Uncommon trap: reason=speculate_class_check action=maybe_recompile pc=0x000001c35fac8ab0 method=org.jetbrains.kotlin.types.checker.ClassicTypeSystemContext$DefaultImpls.asSimpleType(Lorg/jetbrains/kotlin/types/checker/ClassicTypeSystemContext;Lorg/jetbrai
Event: 15.822 Thread 0x000001c3529fa800 DEOPT PACKING pc=0x000001c35fac8ab0 sp=0x0000008f509fc530
Event: 15.822 Thread 0x000001c3529fa800 DEOPT UNPACKING pc=0x000001c357d6a1af sp=0x0000008f509fc260 mode 2

Classes redefined (0 events):
No events

Internal exceptions (20 events):
Event: 3.481 Thread 0x000001c3529fa800 Exception <a 'sun/nio/fs/WindowsException'{0x00000000885be950}> (0x00000000885be950) thrown at [./src/hotspot/share/prims/jni.cpp, line 615]
Event: 3.481 Thread 0x000001c3529fa800 Exception <a 'sun/nio/fs/WindowsException'{0x00000000885bf1d8}> (0x00000000885bf1d8) thrown at [./src/hotspot/share/prims/jni.cpp, line 615]
Event: 3.481 Thread 0x000001c3529fa800 Exception <a 'sun/nio/fs/WindowsException'{0x00000000885bfbd0}> (0x00000000885bfbd0) thrown at [./src/hotspot/share/prims/jni.cpp, line 615]
Event: 3.481 Thread 0x000001c3529fa800 Exception <a 'sun/nio/fs/WindowsException'{0x00000000885c04d8}> (0x00000000885c04d8) thrown at [./src/hotspot/share/prims/jni.cpp, line 615]
Event: 3.481 Thread 0x000001c3529fa800 Exception <a 'sun/nio/fs/WindowsException'{0x00000000885c0e10}> (0x00000000885c0e10) thrown at [./src/hotspot/share/prims/jni.cpp, line 615]
Event: 3.484 Thread 0x000001c3529fa800 Exception <a 'java/lang/NoSuchMethodError'{0x00000000885c7620}: 'void java.lang.invoke.DirectMethodHandle$Holder.invokeStatic(java.lang.Object, java.lang.Object, java.lang.Object, java.lang.Object)'> (0x00000000885c7620) thrown at [./src/hotspot/share/interpreter/linkResolver.cpp, line 773]
Event: 3.603 Thread 0x000001c3529fa800 Exception <a 'java/lang/NoSuchMethodError'{0x00000000881a4fa0}: 'void java.lang.invoke.DirectMethodHandle$Holder.invokeStaticInit(java.lang.Object, java.lang.Object)'> (0x00000000881a4fa0) thrown at [./src/hotspot/share/interpreter/linkResolver.cpp, line 773]
Event: 3.872 Thread 0x000001c3529fa800 Exception <a 'java/lang/NoSuchMethodError'{0x0000000087dc6a58}: 'void java.lang.invoke.DirectMethodHandle$Holder.invokeVirtual(java.lang.Object, java.lang.Object)'> (0x0000000087dc6a58) thrown at [./src/hotspot/share/interpreter/linkResolver.cpp, line 773]
Event: 3.895 Thread 0x000001c3529fa800 Exception <a 'java/lang/NoSuchMethodError'{0x0000000087c3a378}: 'int java.lang.invoke.DirectMethodHandle$Holder.invokeVirtual(java.lang.Object, java.lang.Object)'> (0x0000000087c3a378) thrown at [./src/hotspot/share/interpreter/linkResolver.cpp, line 773]
Event: 5.723 Thread 0x000001c3529fa800 Exception <a 'java/lang/NoSuchMethodError'{0x00000000884cff80}: 'java.lang.Object java.lang.invoke.DirectMethodHandle$Holder.invokeVirtual(java.lang.Object, java.lang.Object, java.lang.Object)'> (0x00000000884cff80) thrown at [./src/hotspot/share/interpreter/linkResolver.cpp, line 773]
Event: 7.513 Thread 0x000001c3529fa800 Exception <a 'java/lang/NoSuchMethodError'{0x0000000086d0e320}: 'java.lang.Object java.lang.invoke.Invokers$Holder.linkToTargetMethod(java.lang.Object, int, java.lang.Object)'> (0x0000000086d0e320) thrown at [./src/hotspot/share/interpreter/linkResolver.cpp, line 773]
Event: 8.063 Thread 0x000001c3529fa800 Exception <a 'java/lang/NoSuchMethodError'{0x000000008682add8}: 'java.lang.Object java.lang.invoke.DirectMethodHandle$Holder.invokeStatic(java.lang.Object, java.lang.Object, java.lang.Object, int)'> (0x000000008682add8) thrown at [./src/hotspot/share/interpreter/linkResolver.cpp, line 773]
Event: 8.064 Thread 0x000001c3529fa800 Exception <a 'java/lang/NoSuchMethodError'{0x000000008682ea48}: 'java.lang.Object java.lang.invoke.DirectMethodHandle$Holder.invokeSpecial(java.lang.Object, java.lang.Object, java.lang.Object, java.lang.Object, int)'> (0x000000008682ea48) thrown at [./src/hotspot/share/interpreter/linkResolver.cpp, line 773]
Event: 8.064 Thread 0x000001c3529fa800 Exception <a 'java/lang/NoSuchMethodError'{0x0000000086831d58}: 'java.lang.Object java.lang.invoke.Invokers$Holder.linkToTargetMethod(java.lang.Object, java.lang.Object, int, java.lang.Object)'> (0x0000000086831d58) thrown at [./src/hotspot/share/interpreter/linkResolver.cpp, line 773]
Event: 10.354 Thread 0x000001c3529fa800 Exception <a 'java/lang/NoSuchMethodError'{0x00000000879152c0}: 'java.lang.Object java.lang.invoke.DirectMethodHandle$Holder.invokeSpecial(java.lang.Object, java.lang.Object, java.lang.Object, java.lang.Object, java.lang.Object, int)'> (0x00000000879152c0) thrown at [./src/hotspot/share/interpreter/linkResolver.cpp, line 773]
Event: 10.354 Thread 0x000001c3529fa800 Exception <a 'java/lang/NoSuchMethodError'{0x0000000087918e60}: 'java.lang.Object java.lang.invoke.Invokers$Holder.linkToTargetMethod(java.lang.Object, java.lang.Object, java.lang.Object, int, java.lang.Object)'> (0x0000000087918e60) thrown at [./src/hotspot/share/interpreter/linkResolver.cpp, line 773]
Event: 12.485 Thread 0x000001c3529fa800 Implicit null exception at 0x000001c35f974b7e to 0x000001c35f974e18
Event: 12.751 Thread 0x000001c3529fa800 Implicit null exception at 0x000001c35fa2d819 to 0x000001c35fa32fd4
Event: 13.543 Thread 0x000001c3529fa800 Exception <a 'java/lang/NoSuchMethodError'{0x00000000899fe1f0}: 'int java.lang.invoke.DirectMethodHandle$Holder.invokeInterface(java.lang.Object, java.lang.Object)'> (0x00000000899fe1f0) thrown at [./src/hotspot/share/interpreter/linkResolver.cpp, line 773]
Event: 14.237 Thread 0x000001c3529fa800 Exception <a 'java/lang/NoSuchMethodError'{0x00000000893c8d40}: 'java.lang.Object java.lang.invoke.DirectMethodHandle$Holder.invokeStaticInit(java.lang.Object, java.lang.Object, java.lang.Object)'> (0x00000000893c8d40) thrown at [./src/hotspot/share/interpreter/linkResolver.cpp, line 773]

Events (20 events):
Event: 15.437 loading class org/jetbrains/kotlin/load/java/lazy/types/RawTypeImpl done
Event: 15.438 loading class org/jetbrains/kotlin/types/TypeCheckerState$SupertypesPolicy$LowerIfFlexible
Event: 15.438 loading class org/jetbrains/kotlin/types/TypeCheckerState$SupertypesPolicy$LowerIfFlexible done
Event: 15.447 loading class org/jetbrains/kotlin/types/StarProjectionImplKt
Event: 15.447 loading class org/jetbrains/kotlin/types/StarProjectionImplKt done
Event: 15.448 loading class org/jetbrains/kotlin/types/StarProjectionImplKt$buildStarProjectionTypeByTypeParameters$1
Event: 15.448 loading class org/jetbrains/kotlin/types/StarProjectionImplKt$buildStarProjectionTypeByTypeParameters$1 done
Event: 15.449 loading class org/jetbrains/kotlin/types/checker/NewCapturedTypeConstructor$_supertypes$2
Event: 15.449 loading class org/jetbrains/kotlin/types/checker/NewCapturedTypeConstructor$_supertypes$2 done
Event: 15.450 loading class org/jetbrains/kotlin/types/checker/NewCapturedTypeConstructor$initializeSupertypes$2
Event: 15.450 loading class org/jetbrains/kotlin/types/checker/NewCapturedTypeConstructor$initializeSupertypes$2 done
Event: 15.502 loading class org/jetbrains/kotlin/types/checker/ClassicTypeSystemContext$substitutionSupertypePolicy$2
Event: 15.502 loading class org/jetbrains/kotlin/types/checker/ClassicTypeSystemContext$substitutionSupertypePolicy$2 done
Event: 15.503 loading class org/jetbrains/kotlin/types/TypeCheckerState$SupertypesPolicy$DoCustomTransform
Event: 15.503 loading class org/jetbrains/kotlin/types/TypeCheckerState$SupertypesPolicy$DoCustomTransform done
Event: 15.503 loading class org/jetbrains/kotlin/types/TypeCheckerState$SupertypesPolicy$None
Event: 15.503 loading class org/jetbrains/kotlin/types/TypeCheckerState$SupertypesPolicy$None done
Event: 15.681 Executing VM operation: ICBufferFull
Event: 15.681 Executing VM operation: ICBufferFull done
Event: 15.696 Thread 0x000001c370f6d800 Thread added: 0x000001c370f6d800


Dynamic libraries:
0x00007ff6e27c0000 - 0x00007ff6e27ca000 	C:\Program Files\Android\Android Studio\jre\bin\java.exe
0x00007ffd7c6b0000 - 0x00007ffd7c8c4000 	C:\WINDOWS\SYSTEM32\ntdll.dll
0x00007ffd7bda0000 - 0x00007ffd7be62000 	C:\WINDOWS\System32\KERNEL32.DLL
0x00007ffd79ff0000 - 0x00007ffd7a38c000 	C:\WINDOWS\System32\KERNELBASE.dll
0x00007ffd7a390000 - 0x00007ffd7a4a1000 	C:\WINDOWS\System32\ucrtbase.dll
0x00007ffd5ded0000 - 0x00007ffd5dee7000 	C:\Program Files\Android\Android Studio\jre\bin\VCRUNTIME140.dll
0x00007ffd5df90000 - 0x00007ffd5dfa9000 	C:\Program Files\Android\Android Studio\jre\bin\jli.dll
0x00007ffd7ad90000 - 0x00007ffd7af3a000 	C:\WINDOWS\System32\USER32.dll
0x00007ffd5f420000 - 0x00007ffd5f6ae000 	C:\WINDOWS\WinSxS\amd64_microsoft.windows.common-controls_6595b64144ccf1df_6.0.22621.608_none_a9444ca7c10bb01d\COMCTL32.dll
0x00007ffd79d20000 - 0x00007ffd79d46000 	C:\WINDOWS\System32\win32u.dll
0x00007ffd7ab20000 - 0x00007ffd7abc7000 	C:\WINDOWS\System32\msvcrt.dll
0x00007ffd7c4d0000 - 0x00007ffd7c4f9000 	C:\WINDOWS\System32\GDI32.dll
0x00007ffd79ae0000 - 0x00007ffd79bf2000 	C:\WINDOWS\System32\gdi32full.dll
0x00007ffd79c80000 - 0x00007ffd79d1a000 	C:\WINDOWS\System32\msvcp_win.dll
0x00007ffd7a710000 - 0x00007ffd7a741000 	C:\WINDOWS\System32\IMM32.DLL
0x00007ffd44790000 - 0x00007ffd4482d000 	C:\Program Files\Android\Android Studio\jre\bin\msvcp140.dll
0x00007ffd16710000 - 0x00007ffd171f5000 	C:\Program Files\Android\Android Studio\jre\bin\server\jvm.dll
0x00007ffd7a8f0000 - 0x00007ffd7a99e000 	C:\WINDOWS\System32\ADVAPI32.dll
0x00007ffd7bed0000 - 0x00007ffd7bf74000 	C:\WINDOWS\System32\sechost.dll
0x00007ffd7c320000 - 0x00007ffd7c435000 	C:\WINDOWS\System32\RPCRT4.dll
0x00007ffd7c4c0000 - 0x00007ffd7c4c8000 	C:\WINDOWS\System32\PSAPI.DLL
0x00007ffd1ddb0000 - 0x00007ffd1ddb9000 	C:\WINDOWS\SYSTEM32\WSOCK32.dll
0x00007ffd71e60000 - 0x00007ffd71e94000 	C:\WINDOWS\SYSTEM32\WINMM.dll
0x00007ffd736a0000 - 0x00007ffd736aa000 	C:\WINDOWS\SYSTEM32\VERSION.dll
0x00007ffd7aaa0000 - 0x00007ffd7ab11000 	C:\WINDOWS\System32\WS2_32.dll
0x00007ffd78c50000 - 0x00007ffd78c68000 	C:\WINDOWS\SYSTEM32\kernel.appcore.dll
0x00007ffd166f0000 - 0x00007ffd16701000 	C:\Program Files\Android\Android Studio\jre\bin\verify.dll
0x00007ffd76d20000 - 0x00007ffd76f4e000 	C:\WINDOWS\SYSTEM32\DBGHELP.DLL
0x00007ffd7bf90000 - 0x00007ffd7c319000 	C:\WINDOWS\System32\combase.dll
0x00007ffd7af40000 - 0x00007ffd7b017000 	C:\WINDOWS\System32\OLEAUT32.dll
0x00007ffd5b250000 - 0x00007ffd5b282000 	C:\WINDOWS\SYSTEM32\dbgcore.DLL
0x00007ffd79c00000 - 0x00007ffd79c7b000 	C:\WINDOWS\System32\bcryptPrimitives.dll
0x00007ffd166c0000 - 0x00007ffd166e9000 	C:\Program Files\Android\Android Studio\jre\bin\java.dll
0x00007ffd1c0c0000 - 0x00007ffd1c0cb000 	C:\Program Files\Android\Android Studio\jre\bin\jimage.dll
0x00007ffd166a0000 - 0x00007ffd166b8000 	C:\Program Files\Android\Android Studio\jre\bin\zip.dll
0x00007ffd7b570000 - 0x00007ffd7bd4d000 	C:\WINDOWS\System32\SHELL32.dll
0x00007ffd77b50000 - 0x00007ffd78406000 	C:\WINDOWS\SYSTEM32\windows.storage.dll
0x00007ffd77a10000 - 0x00007ffd77b4d000 	C:\WINDOWS\SYSTEM32\wintypes.dll
0x00007ffd7a9a0000 - 0x00007ffd7aa91000 	C:\WINDOWS\System32\SHCORE.dll
0x00007ffd7c570000 - 0x00007ffd7c5ce000 	C:\WINDOWS\System32\shlwapi.dll
0x00007ffd79a10000 - 0x00007ffd79a31000 	C:\WINDOWS\SYSTEM32\profapi.dll
0x00007ffd1c2a0000 - 0x00007ffd1c2ba000 	C:\Program Files\Android\Android Studio\jre\bin\net.dll
0x00007ffd719f0000 - 0x00007ffd71b1f000 	C:\WINDOWS\SYSTEM32\WINHTTP.dll
0x00007ffd790b0000 - 0x00007ffd79119000 	C:\WINDOWS\system32\mswsock.dll
0x00007ffd1c280000 - 0x00007ffd1c294000 	C:\Program Files\Android\Android Studio\jre\bin\nio.dll

dbghelp: loaded successfully - version: 4.0.5 - missing functions: none
symbol engine: initialized successfully - sym options: 0x614 - pdb path: .;C:\Program Files\Android\Android Studio\jre\bin;C:\WINDOWS\SYSTEM32;C:\WINDOWS\WinSxS\amd64_microsoft.windows.common-controls_6595b64144ccf1df_6.0.22621.608_none_a9444ca7c10bb01d;C:\Program Files\Android\Android Studio\jre\bin\server

VM Arguments:
java_command: org.jetbrains.kotlin.cli.jvm.K2JVMCompiler @C:\Users\jeova\Desktop\Proyecto\ProyectoEquipo4 (1)\ProyectoEquipo4\app\build\20221009_14845577694511567591.compiler.options
java_class_path (initial): C:\Users\jeova\.gradle\caches\modules-2\files-2.1\org.jetbrains.kotlin\kotlin-compiler-embeddable\1.6.10\88f2073f4020cdb83132cfe940ceb9a60aba54ea\kotlin-compiler-embeddable-1.6.10.jar;C:\Users\jeova\.gradle\caches\modules-2\files-2.1\org.jetbrains.kotlin\kotlin-reflect\1.6.10\1cbe9c92c12a94eea200d23c2bbaedaf3daf5132\kotlin-reflect-1.6.10.jar;C:\Users\jeova\.gradle\caches\modules-2\files-2.1\org.jetbrains.kotlin\kotlin-stdlib\1.6.10\b8af3fe6f1ca88526914929add63cf5e7c5049af\kotlin-stdlib-1.6.10.jar;C:\Users\jeova\.gradle\caches\modules-2\files-2.1\org.jetbrains.kotlin\kotlin-script-runtime\1.6.10\d0a7ff2e2500ef497ed0214ae40ad3c8387a6164\kotlin-script-runtime-1.6.10.jar;C:\Users\jeova\.gradle\caches\modules-2\files-2.1\org.jetbrains.kotlin\kotlin-daemon-embeddable\1.6.10\a56d79bcbea411fa6058e4ecffc2de73e742bd2a\kotlin-daemon-embeddable-1.6.10.jar;C:\Users\jeova\.gradle\caches\modules-2\files-2.1\org.jetbrains.intellij.deps\trove4j\1.0.20181211\216c2e14b070f334479d800987affe4054cd563f\trove4j-1.0.20181211.jar;C:\Users\jeova\.gradle\caches\modules-2\files-2.1\net.java.dev.jna\jna\5.6.0\330f2244e9030119ab3030fc3fededc86713d9cc\jna-5.6.0.jar;C:\Users\jeova\.gradle\caches\modules-2\files-2.1\org.jetbrains\annotations\13.0\919f0dfe192fb4e063e7dacadee7f8bb9a2672a9\annotations-13.0.jar;C:\Users\jeova\.gradle\caches\modules-2\files-2.1\org.jetbrains.kotlin\kotlin-stdlib-common\1.6.10\c118700e3a33c8a0d9adc920e9dec0831171925\kotlin-stdlib-common-1.6.10.jar
Launcher Type: SUN_STANDARD

[Global flags]
     intx CICompilerCount                          = 3                                         {product} {ergonomic}
     uint ConcGCThreads                            = 1                                         {product} {ergonomic}
     uint G1ConcRefinementThreads                  = 4                                         {product} {ergonomic}
   size_t G1HeapRegionSize                         = 1048576                                   {product} {ergonomic}
    uintx GCDrainStackTargetSize                   = 64                                        {product} {ergonomic}
   size_t InitialHeapSize                          = 134217728                                 {product} {ergonomic}
   size_t MarkStackSize                            = 4194304                                   {product} {ergonomic}
   size_t MaxHeapSize                              = 2126512128                                {product} {ergonomic}
   size_t MaxNewSize                               = 1275068416                                {product} {ergonomic}
   size_t MinHeapDeltaBytes                        = 1048576                                   {product} {ergonomic}
    uintx NonNMethodCodeHeapSize                   = 5830732                                {pd product} {ergonomic}
    uintx NonProfiledCodeHeapSize                  = 122913754                              {pd product} {ergonomic}
    uintx ProfiledCodeHeapSize                     = 122913754                              {pd product} {ergonomic}
    uintx ReservedCodeCacheSize                    = 251658240                              {pd product} {ergonomic}
     bool SegmentedCodeCache                       = true                                      {product} {ergonomic}
     bool UseCompressedClassPointers               = true                                 {lp64_product} {ergonomic}
     bool UseCompressedOops                        = true                                 {lp64_product} {ergonomic}
     bool UseG1GC                                  = true                                      {product} {ergonomic}
     bool UseLargePagesIndividualAllocation        = false                                  {pd product} {ergonomic}

Logging:
Log output configuration:
 #0: stdout all=warning uptime,level,tags
 #1: stderr all=off uptime,level,tags

Environment Variables:
PATH=C:\Program Files (x86)\Common Files\Oracle\Java\javapath;C:\WINDOWS\system32;C:\WINDOWS;C:\WINDOWS\System32\Wbem;C:\WINDOWS\System32\WindowsPowerShell\v1.0\;C:\WINDOWS\System32\OpenSSH\;C:\Program Files\MATLAB\R2020b\bin;C:\Program Files\dotnet\;C:\Program Files\Microsoft SQL Server\Client SDK\ODBC\170\Tools\Binn\;C:\Program Files\Azure Data Studio\bin;C:\Program Files\nodejs\;C:\Program Files (x86)\Microsoft SQL Server\150\DTS\Binn\;C:\Program Files (x86)\Microsoft SQL Server\150\Tools\Binn\;C:\Program Files\Microsoft SQL Server\150\Tools\Binn\;C:\Program Files\Microsoft SQL Server\150\DTS\Binn\;C:\Program Files\Microsoft SQL Server\130\Tools\Binn\;C:\Program Files (x86)\dotnet\;C:\Program Files\Git\cmd;C:\Program Files\Intel\Intel(R) Memory and Storage Tool\;C:\Users\jeova\AppData\Local\Programs\Python\Python39\Scripts\;C:\Users\jeova\AppData\Local\Programs\Python\Python39\;C:\Users\jeova\AppData\Local\Microsoft\WindowsApps;C:\Users\jeova\AppData\Local\Programs\Microsoft VS Code\bin;C:\Users\jeova\.dotnet\tools;C:\Program Files\Azure Data Studio\bin;C:\Users\jeova\AppData\Roaming\npm;C:\Users\jeova\AppData\Local\GitHubDesktop\bin;C:\Users\jeova\OneDrive\Escritorio\ESCRITORIO\CEM;
USERNAME=jeova
OS=Windows_NT
PROCESSOR_IDENTIFIER=Intel64 Family 6 Model 142 Stepping 10, GenuineIntel



---------------  S Y S T E M  ---------------

OS: Windows 10 , 64 bit Build 22621 (10.0.22621.608)
OS uptime: 0 days 9:52 hours

CPU:total 4 (initial active 4) (2 cores per cpu, 2 threads per core) family 6 model 142 stepping 10 microcode 0xe0, cmov, cx8, fxsr, mmx, sse, sse2, sse3, ssse3, sse4.1, sse4.2, popcnt, avx, avx2, aes, clmul, erms, 3dnowpref, lzcnt, ht, tsc, tscinvbit, bmi1, bmi2, adx, fma

Memory: 4k page, system-wide physical 8107M (1153M free)
TotalPageFile size 8107M (AvailPageFile size 5M)
current process WorkingSet (physical memory assigned to process): 270M, peak: 288M
current process commit charge ("private bytes"): 349M, peak: 371M

vm_info: OpenJDK 64-Bit Server VM (11.0.12+7-b1504.28-7817840) for windows-amd64 JRE (11.0.12+7-b1504.28-7817840), built on Oct 13 2021 22:12:33 by "builder" with MS VC++ 14.0 (VS2015)

END.
