#
# There is insufficient memory for the Java Runtime Environment to continue.
# Native memory allocation (mmap) failed to map 56623104 bytes for Failed to commit area from 0x0000000090b00000 to 0x0000000094100000 of length 56623104.
# Possible reasons:
#   The system is out of physical RAM or swap space
#   The process is running with CompressedOops enabled, and the Java Heap may be blocking the growth of the native heap
# Possible solutions:
#   Reduce memory load on the system
#   Increase physical memory or swap space
#   Check if swap backing store is full
#   Decrease Java heap size (-Xmx/-Xms)
#   Decrease number of Java threads
#   Decrease Java thread stack sizes (-Xss)
#   Set larger code cache with -XX:ReservedCodeCacheSize=
#   JVM is running with Unscaled Compressed Oops mode in which the Java heap is
#     placed in the first 4GB address space. The Java Heap base address is the
#     maximum limit for the native heap growth. Please use -XX:HeapBaseMinAddress
#     to set the Java Heap base and to place the Java Heap above 4GB virtual address.
# This output file may be truncated or incomplete.
#
#  Out of Memory Error (./src/hotspot/os/windows/os_windows.cpp:3521), pid=1540, tid=1600
#
# JRE version: OpenJDK Runtime Environment (11.0.12+7) (build 11.0.12+7-b1504.28-7817840)
# Java VM: OpenJDK 64-Bit Server VM (11.0.12+7-b1504.28-7817840, mixed mode, tiered, compressed oops, g1 gc, windows-amd64)
# No core dump will be written. Minidumps are not enabled by default on client versions of Windows
#

---------------  S U M M A R Y ------------

Command Line: --add-opens=java.base/java.util=ALL-UNNAMED --add-opens=java.base/java.lang=ALL-UNNAMED --add-opens=java.base/java.lang.invoke=ALL-UNNAMED --add-opens=java.base/java.util=ALL-UNNAMED --add-opens=java.prefs/java.util.prefs=ALL-UNNAMED --add-opens=java.prefs/java.util.prefs=ALL-UNNAMED --add-opens=java.base/java.nio.charset=ALL-UNNAMED --add-opens=java.base/java.net=ALL-UNNAMED --add-opens=java.base/java.util.concurrent.atomic=ALL-UNNAMED -Xmx2048m -Dfile.encoding=UTF-8 -Duser.country=MX -Duser.language=es -Duser.variant org.gradle.launcher.daemon.bootstrap.GradleDaemon 7.3.3

Host: Intel(R) Core(TM) i3-7020U CPU @ 2.30GHz, 4 cores, 7G,  Windows 10 , 64 bit Build 22621 (10.0.22621.608)
Time: Tue Oct 18 16:32:28 2022 Hora de verano central (México) elapsed time: 848.398841 seconds (0d 0h 14m 8s)

---------------  T H R E A D  ---------------

Current thread (0x0000018632b66000):  VMThread "VM Thread" [stack: 0x00000042a9b00000,0x00000042a9c00000] [id=1600]

Stack: [0x00000042a9b00000,0x00000042a9c00000]
[error occurred during error reporting (printing stack bounds), id 0xc0000005, EXCEPTION_ACCESS_VIOLATION (0xc0000005) at pc=0x000001861c23112d]

Native frames: (J=compiled Java code, j=interpreted, Vv=VM code, C=native code)
V  [jvm.dll+0x5fbcea]
V  [jvm.dll+0x731905]
V  [jvm.dll+0x732f1d]
V  [jvm.dll+0x733535]
V  [jvm.dll+0x7334eb]
V  [jvm.dll+0x5fb080]
V  [jvm.dll+0x5fb818]
C  [ntdll.dll+0xa3e1f]
C  [ntdll.dll+0x1eae6]
C  [ntdll.dll+0xa2e0e]
C  0x000001861c23112d

VM_Operation (0x00000042ae5f9240): G1CollectForAllocation, mode: safepoint, requested by thread 0x000001863cc9b800


---------------  P R O C E S S  ---------------

Threads class SMR info:
_java_thread_list=0x0000018641bfc080, length=88, elements={
0x000001861872c800, 0x000001863234d000, 0x0000018632350800, 0x0000018632b70800,
0x0000018632b71800, 0x0000018632b75800, 0x0000018632b77000, 0x0000018632b7b800,
0x0000018632b7f800, 0x0000018632cd2800, 0x0000018634300800, 0x0000018633a02000,
0x00000186344d5000, 0x000001863518d800, 0x000001863518f800, 0x000001863518e000,
0x000001863518b800, 0x000001863518f000, 0x000001863518b000, 0x000001863518c800,
0x0000018635668800, 0x0000018635669800, 0x0000018635667000, 0x0000018635665800,
0x000001863878f800, 0x000001863878b800, 0x000001863878a800, 0x000001863878c800,
0x000001863878a000, 0x0000018638789000, 0x0000018638788000, 0x0000018638786800,
0x000001863878d000, 0x0000018638787800, 0x0000018638793000, 0x0000018638793800,
0x000001863878e000, 0x0000018638790800, 0x000001863878e800, 0x0000018638795000,
0x0000018635666000, 0x0000018635667800, 0x0000018635663800, 0x000001863566a000,
0x0000018635664800, 0x0000018635670000, 0x0000018635670800, 0x0000018635671800,
0x000001863566e800, 0x000001863566c800, 0x000001863566d800, 0x000001863566f000,
0x0000018635672800, 0x0000018635189000, 0x000001863518a000, 0x000001863cc91800,
0x000001863cc92800, 0x000001863cc90000, 0x000001863cc93800, 0x000001863cc91000,
0x000001863cc97800, 0x000001863cc98800, 0x000001863cc99000, 0x000001863cc96000,
0x000001863cc9a000, 0x000001863cc96800, 0x000001863cc94000, 0x000001863cc95000,
0x000001863cc9a800, 0x000001863cc9c800, 0x000001863cc9d000, 0x000001863cc9e000,
0x000001863cc9f000, 0x000001863cc9b800, 0x000001863c004000, 0x000001863c004800,
0x000001863c00a800, 0x000001863c005800, 0x000001863c009000, 0x000001863c008000,
0x000001863c006800, 0x000001863c007000, 0x000001863c009800, 0x0000018641ee4000,
0x0000018641ee6000, 0x0000018641ee6800, 0x0000018641ee7800, 0x0000018634773000
}

Java Threads: ( => current thread )
  0x000001861872c800 JavaThread "main" [_thread_blocked, id=4188, stack(0x00000042a9500000,0x00000042a9600000)]
  0x000001863234d000 JavaThread "Reference Handler" daemon [_thread_blocked, id=11524, stack(0x00000042a9c00000,0x00000042a9d00000)]
  0x0000018632350800 JavaThread "Finalizer" daemon [_thread_blocked, id=8928, stack(0x00000042a9d00000,0x00000042a9e00000)]
  0x0000018632b70800 JavaThread "Signal Dispatcher" daemon [_thread_blocked, id=3388, stack(0x00000042a9e00000,0x00000042a9f00000)]
  0x0000018632b71800 JavaThread "Attach Listener" daemon [_thread_blocked, id=7972, stack(0x00000042a9f00000,0x00000042aa000000)]
  0x0000018632b75800 JavaThread "Service Thread" daemon [_thread_blocked, id=14324, stack(0x00000042aa000000,0x00000042aa100000)]
  0x0000018632b77000 JavaThread "C2 CompilerThread0" daemon [_thread_blocked, id=14516, stack(0x00000042aa100000,0x00000042aa200000)]
  0x0000018632b7b800 JavaThread "C1 CompilerThread0" daemon [_thread_blocked, id=15688, stack(0x00000042aa200000,0x00000042aa300000)]
  0x0000018632b7f800 JavaThread "Sweeper thread" daemon [_thread_blocked, id=7552, stack(0x00000042aa300000,0x00000042aa400000)]
  0x0000018632cd2800 JavaThread "Common-Cleaner" daemon [_thread_blocked, id=13936, stack(0x00000042aa400000,0x00000042aa500000)]
  0x0000018634300800 JavaThread "Daemon health stats" [_thread_blocked, id=10024, stack(0x00000042aa900000,0x00000042aaa00000)]
  0x0000018633a02000 JavaThread "Incoming local TCP Connector on port 65291" [_thread_in_native, id=12740, stack(0x00000042aa600000,0x00000042aa700000)]
  0x00000186344d5000 JavaThread "Daemon periodic checks" [_thread_blocked, id=13556, stack(0x00000042aaa00000,0x00000042aab00000)]
  0x000001863518d800 JavaThread "Cache worker for journal cache (C:\Users\jeova\.gradle\caches\journal-1)" [_thread_blocked, id=10100, stack(0x00000042aaf00000,0x00000042ab000000)]
  0x000001863518f800 JavaThread "File lock request listener" [_thread_in_native, id=7724, stack(0x00000042ab300000,0x00000042ab400000)]
  0x000001863518e000 JavaThread "Cache worker for file hash cache (C:\Users\jeova\.gradle\caches\7.3.3\fileHashes)" [_thread_blocked, id=5384, stack(0x00000042ab500000,0x00000042ab600000)]
  0x000001863518b800 JavaThread "File watcher server" daemon [_thread_blocked, id=6760, stack(0x00000042ab800000,0x00000042ab900000)]
  0x000001863518f000 JavaThread "File watcher consumer" daemon [_thread_blocked, id=11280, stack(0x00000042ab900000,0x00000042aba00000)]
  0x000001863518b000 JavaThread "jar transforms" [_thread_blocked, id=10768, stack(0x00000042aba00000,0x00000042abb00000)]
  0x000001863518c800 JavaThread "jar transforms Thread 2" [_thread_blocked, id=1516, stack(0x00000042abb00000,0x00000042abc00000)]
  0x0000018635668800 JavaThread "jar transforms Thread 3" [_thread_blocked, id=6676, stack(0x00000042abc00000,0x00000042abd00000)]
  0x0000018635669800 JavaThread "jar transforms Thread 4" [_thread_blocked, id=5480, stack(0x00000042abd00000,0x00000042abe00000)]
  0x0000018635667000 JavaThread "Cache worker for execution history cache (C:\Users\jeova\.gradle\caches\7.3.3\executionHistory)" [_thread_blocked, id=7748, stack(0x00000042ac100000,0x00000042ac200000)]
  0x0000018635665800 JavaThread "Cache worker for file content cache (C:\Users\jeova\.gradle\caches\7.3.3\fileContent)" [_thread_blocked, id=10760, stack(0x00000042ac200000,0x00000042ac300000)]
  0x000001863878f800 JavaThread "Memory manager" [_thread_blocked, id=4788, stack(0x00000042aed00000,0x00000042aee00000)]
  0x000001863878b800 JavaThread "Daemon Thread 3" [_thread_blocked, id=3948, stack(0x00000042a9200000,0x00000042a9300000)]
  0x000001863878a800 JavaThread "Handler for socket connection from /127.0.0.1:65291 to /127.0.0.1:65420" [_thread_in_native, id=10140, stack(0x00000042a9300000,0x00000042a9400000)]
  0x000001863878c800 JavaThread "Cancel handler" [_thread_blocked, id=12468, stack(0x00000042a9400000,0x00000042a9500000)]
  0x000001863878a000 JavaThread "Daemon worker Thread 3" [_thread_blocked, id=8724, stack(0x00000042aab00000,0x00000042aac00000)]
  0x0000018638789000 JavaThread "Asynchronous log dispatcher for DefaultDaemonConnection: socket connection from /127.0.0.1:65291 to /127.0.0.1:65420" [_thread_blocked, id=13172, stack(0x00000042aac00000,0x00000042aad00000)]
  0x0000018638788000 JavaThread "Stdin handler" [_thread_blocked, id=9316, stack(0x00000042aad00000,0x00000042aae00000)]
  0x0000018638786800 JavaThread "Daemon client event forwarder" [_thread_blocked, id=3344, stack(0x00000042aae00000,0x00000042aaf00000)]
  0x000001863878d000 JavaThread "Cache worker for file hash cache (C:\Users\jeova\Desktop\Entrega_Final\AppAtizap-n\.gradle\7.3.3\fileHashes)" [_thread_blocked, id=9100, stack(0x00000042ab000000,0x00000042ab100000)]
  0x0000018638787800 JavaThread "Cache worker for checksums cache (C:\Users\jeova\Desktop\Entrega_Final\AppAtizap-n\.gradle\7.3.3\checksums)" [_thread_blocked, id=1184, stack(0x00000042ab200000,0x00000042ab300000)]
  0x0000018638793000 JavaThread "Cache worker for cache directory md-supplier (C:\Users\jeova\.gradle\caches\7.3.3\md-supplier)" [_thread_blocked, id=4724, stack(0x00000042ab600000,0x00000042ab700000)]
  0x0000018638793800 JavaThread "Cache worker for cache directory md-rule (C:\Users\jeova\.gradle\caches\7.3.3\md-rule)" [_thread_blocked, id=3924, stack(0x00000042ab700000,0x00000042ab800000)]
  0x000001863878e000 JavaThread "Cache worker for dependencies-accessors (C:\Users\jeova\Desktop\Entrega_Final\AppAtizap-n\.gradle\7.3.3\dependencies-accessors)" [_thread_blocked, id=14700, stack(0x00000042abe00000,0x00000042abf00000)]
  0x0000018638790800 JavaThread "Cache worker for Build Output Cleanup Cache (C:\Users\jeova\Desktop\Entrega_Final\AppAtizap-n\.gradle\buildOutputCleanup)" [_thread_blocked, id=13836, stack(0x00000042abf00000,0x00000042ac000000)]
  0x000001863878e800 JavaThread "Unconstrained build operations" [_thread_blocked, id=9160, stack(0x00000042ac000000,0x00000042ac100000)]
  0x0000018638795000 JavaThread "Unconstrained build operations Thread 2" [_thread_blocked, id=12660, stack(0x00000042ac300000,0x00000042ac400000)]
  0x0000018635666000 JavaThread "Unconstrained build operations Thread 3" [_thread_blocked, id=3652, stack(0x00000042ac400000,0x00000042ac500000)]
  0x0000018635667800 JavaThread "Unconstrained build operations Thread 4" [_thread_blocked, id=7460, stack(0x00000042ac500000,0x00000042ac600000)]
  0x0000018635663800 JavaThread "Unconstrained build operations Thread 5" [_thread_blocked, id=2064, stack(0x00000042ac600000,0x00000042ac700000)]
  0x000001863566a000 JavaThread "Unconstrained build operations Thread 6" [_thread_blocked, id=12036, stack(0x00000042ac700000,0x00000042ac800000)]
  0x0000018635664800 JavaThread "Unconstrained build operations Thread 7" [_thread_blocked, id=960, stack(0x00000042ac800000,0x00000042ac900000)]
  0x0000018635670000 JavaThread "Unconstrained build operations Thread 8" [_thread_blocked, id=3872, stack(0x00000042ac900000,0x00000042aca00000)]
  0x0000018635670800 JavaThread "Unconstrained build operations Thread 9" [_thread_blocked, id=12780, stack(0x00000042aca00000,0x00000042acb00000)]
  0x0000018635671800 JavaThread "Unconstrained build operations Thread 10" [_thread_blocked, id=14284, stack(0x00000042acb00000,0x00000042acc00000)]
  0x000001863566e800 JavaThread "Unconstrained build operations Thread 11" [_thread_blocked, id=11292, stack(0x00000042acc00000,0x00000042acd00000)]
  0x000001863566c800 JavaThread "Unconstrained build operations Thread 12" [_thread_blocked, id=3676, stack(0x00000042acd00000,0x00000042ace00000)]
  0x000001863566d800 JavaThread "Unconstrained build operations Thread 13" [_thread_blocked, id=640, stack(0x00000042ace00000,0x00000042acf00000)]
  0x000001863566f000 JavaThread "Unconstrained build operations Thread 14" [_thread_blocked, id=5372, stack(0x00000042acf00000,0x00000042ad000000)]
  0x0000018635672800 JavaThread "Unconstrained build operations Thread 15" [_thread_blocked, id=12452, stack(0x00000042ad000000,0x00000042ad100000)]
  0x0000018635189000 JavaThread "Unconstrained build operations Thread 16" [_thread_blocked, id=11508, stack(0x00000042ad100000,0x00000042ad200000)]
  0x000001863518a000 JavaThread "Unconstrained build operations Thread 17" [_thread_blocked, id=15144, stack(0x00000042ad200000,0x00000042ad300000)]
  0x000001863cc91800 JavaThread "Unconstrained build operations Thread 18" [_thread_blocked, id=5304, stack(0x00000042ad300000,0x00000042ad400000)]
  0x000001863cc92800 JavaThread "Unconstrained build operations Thread 19" [_thread_blocked, id=14548, stack(0x00000042ad400000,0x00000042ad500000)]
  0x000001863cc90000 JavaThread "Unconstrained build operations Thread 20" [_thread_blocked, id=11560, stack(0x00000042ad500000,0x00000042ad600000)]
  0x000001863cc93800 JavaThread "Unconstrained build operations Thread 21" [_thread_blocked, id=12416, stack(0x00000042ad600000,0x00000042ad700000)]
  0x000001863cc91000 JavaThread "Unconstrained build operations Thread 22" [_thread_blocked, id=6896, stack(0x00000042ad700000,0x00000042ad800000)]
  0x000001863cc97800 JavaThread "Unconstrained build operations Thread 23" [_thread_blocked, id=8052, stack(0x00000042ad800000,0x00000042ad900000)]
  0x000001863cc98800 JavaThread "Unconstrained build operations Thread 24" [_thread_blocked, id=9280, stack(0x00000042ad900000,0x00000042ada00000)]
  0x000001863cc99000 JavaThread "Unconstrained build operations Thread 25" [_thread_blocked, id=9372, stack(0x00000042ada00000,0x00000042adb00000)]
  0x000001863cc96000 JavaThread "Unconstrained build operations Thread 26" [_thread_blocked, id=12940, stack(0x00000042adb00000,0x00000042adc00000)]
  0x000001863cc9a000 JavaThread "Unconstrained build operations Thread 27" [_thread_blocked, id=12436, stack(0x00000042adc00000,0x00000042add00000)]
  0x000001863cc96800 JavaThread "Unconstrained build operations Thread 28" [_thread_blocked, id=4568, stack(0x00000042add00000,0x00000042ade00000)]
  0x000001863cc94000 JavaThread "Unconstrained build operations Thread 29" [_thread_blocked, id=14032, stack(0x00000042ade00000,0x00000042adf00000)]
  0x000001863cc95000 JavaThread "Unconstrained build operations Thread 30" [_thread_blocked, id=4596, stack(0x00000042adf00000,0x00000042ae000000)]
  0x000001863cc9a800 JavaThread "Unconstrained build operations Thread 31" [_thread_blocked, id=13876, stack(0x00000042ae000000,0x00000042ae100000)]
  0x000001863cc9c800 JavaThread "Unconstrained build operations Thread 32" [_thread_blocked, id=14600, stack(0x00000042ae100000,0x00000042ae200000)]
  0x000001863cc9d000 JavaThread "Unconstrained build operations Thread 33" [_thread_blocked, id=5220, stack(0x00000042ae200000,0x00000042ae300000)]
  0x000001863cc9e000 JavaThread "Unconstrained build operations Thread 34" [_thread_blocked, id=15716, stack(0x00000042ae300000,0x00000042ae400000)]
  0x000001863cc9f000 JavaThread "Unconstrained build operations Thread 35" [_thread_blocked, id=9408, stack(0x00000042ae400000,0x00000042ae500000)]
  0x000001863cc9b800 JavaThread "Unconstrained build operations Thread 36" [_thread_blocked, id=532, stack(0x00000042ae500000,0x00000042ae600000)]
  0x000001863c004000 JavaThread "Unconstrained build operations Thread 37" [_thread_blocked, id=9984, stack(0x00000042ae600000,0x00000042ae700000)]
  0x000001863c004800 JavaThread "Unconstrained build operations Thread 38" [_thread_blocked, id=6964, stack(0x00000042ae700000,0x00000042ae800000)]
  0x000001863c00a800 JavaThread "Unconstrained build operations Thread 39" [_thread_blocked, id=11120, stack(0x00000042ae800000,0x00000042ae900000)]
  0x000001863c005800 JavaThread "Unconstrained build operations Thread 40" [_thread_blocked, id=432, stack(0x00000042ae900000,0x00000042aea00000)]
  0x000001863c009000 JavaThread "build event listener" [_thread_blocked, id=11588, stack(0x00000042aea00000,0x00000042aeb00000)]
  0x000001863c008000 JavaThread "Execution worker for ':'" [_thread_blocked, id=14108, stack(0x00000042aeb00000,0x00000042aec00000)]
  0x000001863c006800 JavaThread "Execution worker for ':' Thread 2" [_thread_blocked, id=1336, stack(0x00000042aec00000,0x00000042aed00000)]
  0x000001863c007000 JavaThread "Execution worker for ':' Thread 3" [_thread_blocked, id=15460, stack(0x00000042aee00000,0x00000042aef00000)]
  0x000001863c009800 JavaThread "Cache worker for execution history cache (C:\Users\jeova\Desktop\Entrega_Final\AppAtizap-n\.gradle\7.3.3\executionHistory)" [_thread_blocked, id=9856, stack(0x00000042aef00000,0x00000042af000000)]
  0x0000018641ee4000 JavaThread "WorkerExecutor Queue" [_thread_blocked, id=8924, stack(0x00000042af200000,0x00000042af300000)]
  0x0000018641ee6000 JavaThread "WorkerExecutor Queue Thread 2" [_thread_blocked, id=9268, stack(0x00000042af300000,0x00000042af400000)]
  0x0000018641ee6800 JavaThread "WorkerExecutor Queue Thread 3" [_thread_blocked, id=1728, stack(0x00000042af400000,0x00000042af500000)]
  0x0000018641ee7800 JavaThread "WorkerExecutor Queue Thread 4" [_thread_blocked, id=11612, stack(0x00000042af500000,0x00000042af600000)]
  0x0000018634773000 JavaThread "C2 CompilerThread1" daemon [_thread_blocked, id=3420, stack(0x00000042ab100000,0x00000042ab200000)]

Other Threads:
=>0x0000018632b66000 VMThread "VM Thread" [stack: 0x00000042a9b00000,0x00000042a9c00000] [id=1600]
  0x0000018632cd6000 WatcherThread [stack: 0x00000042aa500000,0x00000042aa600000] [id=2452]
  0x0000018618746000 GCTaskThread "GC Thread#0" [stack: 0x00000042a9600000,0x00000042a9700000] [id=1780]
  0x00000186334f1000 GCTaskThread "GC Thread#1" [stack: 0x00000042aa700000,0x00000042aa800000] [id=13256]
  0x00000186331a3000 GCTaskThread "GC Thread#2" [stack: 0x00000042aa800000,0x00000042aa900000] [id=7224]
  0x00000186353d8000 GCTaskThread "GC Thread#3" [stack: 0x00000042ab400000,0x00000042ab500000] [id=15156]
  0x0000018618775800 ConcurrentGCThread "G1 Main Marker" [stack: 0x00000042a9700000,0x00000042a9800000] [id=11876]
  0x0000018618779000 ConcurrentGCThread "G1 Conc#0" [stack: 0x00000042a9800000,0x00000042a9900000] [id=13712]
  0x0000018632170800 ConcurrentGCThread "G1 Refine#0" [stack: 0x00000042a9900000,0x00000042a9a00000] [id=6196]
  0x000001863c7b8000 ConcurrentGCThread "G1 Refine#1" [stack: 0x00000042af100000,0x00000042af200000] [id=4644]
  0x0000018632171800 ConcurrentGCThread "G1 Young RemSet Sampling" [stack: 0x00000042a9a00000,0x00000042a9b00000] [id=13496]

Threads with active compile tasks:
C2 CompilerThread0 848481 24051       4       com.android.tools.r8.internal.qb::a (704 bytes)
C2 CompilerThread1 848481 23637 %     4       com.android.tools.r8.ir.regalloc.b::c @ 2100 (3963 bytes)

VM state:at safepoint (normal execution)

VM Mutex/Monitor currently owned by a thread:  ([mutex/lock_event])
[0x0000018618728880] Threads_lock - owner thread: 0x0000018632b66000
[0x0000018618729570] Heap_lock - owner thread: 0x000001863cc9b800

Heap address: 0x0000000080000000, size: 2048 MB, Compressed Oops mode: 32-bit
Narrow klass base: 0x0000000000000000, Narrow klass shift: 3
Compressed class space size: 1073741824 Address: 0x0000000100000000

Heap:
 garbage-first heap   total 328704K, used 191236K [0x0000000080000000, 0x0000000100000000)
  region size 1024K, 6 young (6144K), 6 survivors (6144K)
 Metaspace       used 146332K, capacity 150842K, committed 151116K, reserved 1179648K
  class space    used 18371K, capacity 20002K, committed 20044K, reserved 1048576K
Heap Regions: E=young(eden), S=young(survivor), O=old, HS=humongous(starts), HC=humongous(continues), CS=collection set, F=free, A=archive, TAMS=top-at-mark-start (previous, next)
|   0|0x0000000080000000, 0x0000000080100000, 0x0000000080100000|100%| O|  |TAMS 0x0000000080100000, 0x0000000080000000| Untracked 
|   1|0x0000000080100000, 0x0000000080200000, 0x0000000080200000|100%| O|  |TAMS 0x0000000080100000, 0x0000000080100000| Untracked 
|   2|0x0000000080200000, 0x0000000080300000, 0x0000000080300000|100%| O|  |TAMS 0x0000000080300000, 0x0000000080200000| Untracked 
|   3|0x0000000080300000, 0x0000000080400000, 0x0000000080400000|100%|HS|  |TAMS 0x0000000080400000, 0x0000000080300000| Complete 
|   4|0x0000000080400000, 0x0000000080500000, 0x0000000080500000|100%|HC|  |TAMS 0x0000000080500000, 0x0000000080400000| Complete 
|   5|0x0000000080500000, 0x0000000080600000, 0x0000000080600000|100%|HC|  |TAMS 0x0000000080600000, 0x0000000080500000| Complete 
|   6|0x0000000080600000, 0x0000000080700000, 0x0000000080700000|100%| O|  |TAMS 0x0000000080700000, 0x0000000080600000| Untracked 
|   7|0x0000000080700000, 0x0000000080800000, 0x0000000080800000|100%| O|  |TAMS 0x0000000080800000, 0x0000000080700000| Untracked 
|   8|0x0000000080800000, 0x0000000080900000, 0x0000000080900000|100%| O|  |TAMS 0x0000000080900000, 0x0000000080800000| Untracked 
|   9|0x0000000080900000, 0x0000000080a00000, 0x0000000080a00000|100%| O|  |TAMS 0x0000000080a00000, 0x0000000080900000| Untracked 
|  10|0x0000000080a00000, 0x0000000080b00000, 0x0000000080b00000|100%| O|  |TAMS 0x0000000080b00000, 0x0000000080a00000| Untracked 
|  11|0x0000000080b00000, 0x0000000080c00000, 0x0000000080c00000|100%| O|  |TAMS 0x0000000080c00000, 0x0000000080b00000| Untracked 
|  12|0x0000000080c00000, 0x0000000080d00000, 0x0000000080d00000|100%| O|  |TAMS 0x0000000080d00000, 0x0000000080c00000| Untracked 
|  13|0x0000000080d00000, 0x0000000080e00000, 0x0000000080e00000|100%| O|  |TAMS 0x0000000080e00000, 0x0000000080d00000| Untracked 
|  14|0x0000000080e00000, 0x0000000080f00000, 0x0000000080f00000|100%| O|  |TAMS 0x0000000080f00000, 0x0000000080e00000| Untracked 
|  15|0x0000000080f00000, 0x0000000081000000, 0x0000000081000000|100%|HS|  |TAMS 0x0000000081000000, 0x0000000080f00000| Complete 
|  16|0x0000000081000000, 0x0000000081100000, 0x0000000081100000|100%|HC|  |TAMS 0x0000000081100000, 0x0000000081000000| Complete 
|  17|0x0000000081100000, 0x0000000081200000, 0x0000000081200000|100%|HS|  |TAMS 0x0000000081200000, 0x0000000081100000| Complete 
|  18|0x0000000081200000, 0x0000000081300000, 0x0000000081300000|100%|HC|  |TAMS 0x0000000081300000, 0x0000000081200000| Complete 
|  19|0x0000000081300000, 0x0000000081400000, 0x0000000081400000|100%|HC|  |TAMS 0x0000000081400000, 0x0000000081300000| Complete 
|  20|0x0000000081400000, 0x0000000081500000, 0x0000000081500000|100%|HS|  |TAMS 0x0000000081500000, 0x0000000081400000| Complete 
|  21|0x0000000081500000, 0x0000000081600000, 0x0000000081600000|100%|HS|  |TAMS 0x0000000081600000, 0x0000000081500000| Complete 
|  22|0x0000000081600000, 0x0000000081700000, 0x0000000081700000|100%|HC|  |TAMS 0x0000000081700000, 0x0000000081600000| Complete 
|  23|0x0000000081700000, 0x0000000081800000, 0x0000000081800000|100%|HC|  |TAMS 0x0000000081800000, 0x0000000081700000| Complete 
|  24|0x0000000081800000, 0x0000000081900000, 0x0000000081900000|100%|HC|  |TAMS 0x0000000081900000, 0x0000000081800000| Complete 
|  25|0x0000000081900000, 0x0000000081a00000, 0x0000000081a00000|100%| O|  |TAMS 0x0000000081a00000, 0x0000000081900000| Untracked 
|  26|0x0000000081a00000, 0x0000000081b00000, 0x0000000081b00000|100%| O|  |TAMS 0x0000000081b00000, 0x0000000081a00000| Untracked 
|  27|0x0000000081b00000, 0x0000000081c00000, 0x0000000081c00000|100%| O|  |TAMS 0x0000000081c00000, 0x0000000081b00000| Untracked 
|  28|0x0000000081c00000, 0x0000000081d00000, 0x0000000081d00000|100%| O|  |TAMS 0x0000000081d00000, 0x0000000081c00000| Untracked 
|  29|0x0000000081d00000, 0x0000000081e00000, 0x0000000081e00000|100%| O|  |TAMS 0x0000000081e00000, 0x0000000081d00000| Untracked 
|  30|0x0000000081e00000, 0x0000000081f00000, 0x0000000081f00000|100%|HS|  |TAMS 0x0000000081f00000, 0x0000000081e00000| Complete 
|  31|0x0000000081f00000, 0x0000000082000000, 0x0000000082000000|100%| O|  |TAMS 0x0000000082000000, 0x0000000081f00000| Untracked 
|  32|0x0000000082000000, 0x0000000082100000, 0x0000000082100000|100%| O|  |TAMS 0x0000000082100000, 0x0000000082000000| Untracked 
|  33|0x0000000082100000, 0x0000000082200000, 0x0000000082200000|100%| O|  |TAMS 0x0000000082200000, 0x0000000082100000| Untracked 
|  34|0x0000000082200000, 0x0000000082300000, 0x0000000082300000|100%| O|  |TAMS 0x0000000082300000, 0x0000000082200000| Untracked 
|  35|0x0000000082300000, 0x0000000082400000, 0x0000000082400000|100%| O|  |TAMS 0x0000000082400000, 0x0000000082300000| Untracked 
|  36|0x0000000082400000, 0x0000000082500000, 0x0000000082500000|100%| O|  |TAMS 0x0000000082500000, 0x0000000082400000| Untracked 
|  37|0x0000000082500000, 0x0000000082600000, 0x0000000082600000|100%| O|  |TAMS 0x0000000082600000, 0x0000000082500000| Untracked 
|  38|0x0000000082600000, 0x0000000082700000, 0x0000000082700000|100%|HS|  |TAMS 0x0000000082700000, 0x0000000082600000| Complete 
|  39|0x0000000082700000, 0x0000000082800000, 0x0000000082800000|100%|HC|  |TAMS 0x0000000082800000, 0x0000000082700000| Complete 
|  40|0x0000000082800000, 0x0000000082900000, 0x0000000082900000|100%|HC|  |TAMS 0x0000000082900000, 0x0000000082800000| Complete 
|  41|0x0000000082900000, 0x0000000082a00000, 0x0000000082a00000|100%| O|  |TAMS 0x0000000082a00000, 0x0000000082900000| Untracked 
|  42|0x0000000082a00000, 0x0000000082b00000, 0x0000000082b00000|100%| O|  |TAMS 0x0000000082b00000, 0x0000000082a00000| Untracked 
|  43|0x0000000082b00000, 0x0000000082c00000, 0x0000000082c00000|100%| O|  |TAMS 0x0000000082c00000, 0x0000000082b00000| Untracked 
|  44|0x0000000082c00000, 0x0000000082d00000, 0x0000000082d00000|100%| O|  |TAMS 0x0000000082d00000, 0x0000000082c00000| Untracked 
|  45|0x0000000082d00000, 0x0000000082e00000, 0x0000000082e00000|100%|HS|  |TAMS 0x0000000082e00000, 0x0000000082d00000| Complete 
|  46|0x0000000082e00000, 0x0000000082f00000, 0x0000000082f00000|100%|HC|  |TAMS 0x0000000082f00000, 0x0000000082e00000| Complete 
|  47|0x0000000082f00000, 0x0000000083000000, 0x0000000083000000|100%|HC|  |TAMS 0x0000000083000000, 0x0000000082f00000| Complete 
|  48|0x0000000083000000, 0x0000000083100000, 0x0000000083100000|100%|HC|  |TAMS 0x0000000083100000, 0x0000000083000000| Complete 
|  49|0x0000000083100000, 0x0000000083200000, 0x0000000083200000|100%| O|  |TAMS 0x0000000083200000, 0x0000000083100000| Untracked 
|  50|0x0000000083200000, 0x0000000083300000, 0x0000000083300000|100%| O|  |TAMS 0x0000000083300000, 0x0000000083200000| Untracked 
|  51|0x0000000083300000, 0x0000000083400000, 0x0000000083400000|100%| O|  |TAMS 0x0000000083400000, 0x0000000083300000| Untracked 
|  52|0x0000000083400000, 0x0000000083500000, 0x0000000083500000|100%| O|  |TAMS 0x0000000083500000, 0x0000000083400000| Untracked 
|  53|0x0000000083500000, 0x0000000083600000, 0x0000000083600000|100%| O|  |TAMS 0x0000000083500000, 0x0000000083500000| Untracked 
|  54|0x0000000083600000, 0x0000000083700000, 0x0000000083700000|100%|HS|  |TAMS 0x0000000083700000, 0x0000000083600000| Complete 
|  55|0x0000000083700000, 0x0000000083800000, 0x0000000083800000|100%|HS|  |TAMS 0x0000000083800000, 0x0000000083700000| Complete 
|  56|0x0000000083800000, 0x0000000083900000, 0x0000000083900000|100%|HS|  |TAMS 0x0000000083900000, 0x0000000083800000| Complete 
|  57|0x0000000083900000, 0x0000000083a00000, 0x0000000083a00000|100%|HS|  |TAMS 0x0000000083a00000, 0x0000000083900000| Complete 
|  58|0x0000000083a00000, 0x0000000083b00000, 0x0000000083b00000|100%|HC|  |TAMS 0x0000000083b00000, 0x0000000083a00000| Complete 
|  59|0x0000000083b00000, 0x0000000083c00000, 0x0000000083c00000|100%|HC|  |TAMS 0x0000000083c00000, 0x0000000083b00000| Complete 
|  60|0x0000000083c00000, 0x0000000083d00000, 0x0000000083d00000|100%|HS|  |TAMS 0x0000000083d00000, 0x0000000083c00000| Complete 
|  61|0x0000000083d00000, 0x0000000083e00000, 0x0000000083e00000|100%|HC|  |TAMS 0x0000000083e00000, 0x0000000083d00000| Complete 
|  62|0x0000000083e00000, 0x0000000083f00000, 0x0000000083f00000|100%| O|  |TAMS 0x0000000083f00000, 0x0000000083e00000| Untracked 
|  63|0x0000000083f00000, 0x0000000084000000, 0x0000000084000000|100%| O|  |TAMS 0x0000000084000000, 0x0000000083f00000| Untracked 
|  64|0x0000000084000000, 0x0000000084100000, 0x0000000084100000|100%| O|  |TAMS 0x0000000084100000, 0x0000000084000000| Untracked 
|  65|0x0000000084100000, 0x0000000084200000, 0x0000000084200000|100%| O|  |TAMS 0x0000000084200000, 0x0000000084100000| Untracked 
|  66|0x0000000084200000, 0x0000000084300000, 0x0000000084300000|100%| O|  |TAMS 0x0000000084300000, 0x0000000084200000| Untracked 
|  67|0x0000000084300000, 0x0000000084400000, 0x0000000084400000|100%| O|  |TAMS 0x0000000084400000, 0x0000000084300000| Untracked 
|  68|0x0000000084400000, 0x0000000084500000, 0x0000000084500000|100%| O|  |TAMS 0x0000000084500000, 0x0000000084400000| Untracked 
|  69|0x0000000084500000, 0x0000000084600000, 0x0000000084600000|100%| O|  |TAMS 0x0000000084600000, 0x0000000084500000| Untracked 
|  70|0x0000000084600000, 0x0000000084700000, 0x0000000084700000|100%| O|  |TAMS 0x0000000084700000, 0x0000000084600000| Untracked 
|  71|0x0000000084700000, 0x0000000084800000, 0x0000000084800000|100%| O|  |TAMS 0x0000000084800000, 0x0000000084700000| Untracked 
|  72|0x0000000084800000, 0x0000000084900000, 0x0000000084900000|100%| O|  |TAMS 0x0000000084900000, 0x0000000084800000| Untracked 
|  73|0x0000000084900000, 0x0000000084a00000, 0x0000000084a00000|100%| O|  |TAMS 0x0000000084a00000, 0x0000000084900000| Untracked 
|  74|0x0000000084a00000, 0x0000000084b00000, 0x0000000084b00000|100%| O|  |TAMS 0x0000000084b00000, 0x0000000084a00000| Untracked 
|  75|0x0000000084b00000, 0x0000000084c00000, 0x0000000084c00000|100%| O|  |TAMS 0x0000000084c00000, 0x0000000084b00000| Untracked 
|  76|0x0000000084c00000, 0x0000000084d00000, 0x0000000084d00000|100%| O|  |TAMS 0x0000000084d00000, 0x0000000084c00000| Untracked 
|  77|0x0000000084d00000, 0x0000000084e00000, 0x0000000084e00000|100%| O|  |TAMS 0x0000000084e00000, 0x0000000084d00000| Untracked 
|  78|0x0000000084e00000, 0x0000000084f00000, 0x0000000084f00000|100%| O|  |TAMS 0x0000000084f00000, 0x0000000084e00000| Untracked 
|  79|0x0000000084f00000, 0x0000000085000000, 0x0000000085000000|100%|HS|  |TAMS 0x0000000085000000, 0x0000000084f00000| Complete 
|  80|0x0000000085000000, 0x0000000085100000, 0x0000000085100000|100%| O|  |TAMS 0x0000000085100000, 0x0000000085000000| Untracked 
|  81|0x0000000085100000, 0x0000000085200000, 0x0000000085200000|100%| O|  |TAMS 0x0000000085200000, 0x0000000085100000| Untracked 
|  82|0x0000000085200000, 0x0000000085300000, 0x0000000085300000|100%| O|  |TAMS 0x0000000085300000, 0x0000000085200000| Untracked 
|  83|0x0000000085300000, 0x0000000085400000, 0x0000000085400000|100%| O|  |TAMS 0x0000000085400000, 0x0000000085300000| Untracked 
|  84|0x0000000085400000, 0x0000000085500000, 0x0000000085500000|100%| O|  |TAMS 0x0000000085500000, 0x0000000085400000| Untracked 
|  85|0x0000000085500000, 0x0000000085600000, 0x0000000085600000|100%| O|  |TAMS 0x0000000085600000, 0x0000000085500000| Untracked 
|  86|0x0000000085600000, 0x0000000085700000, 0x0000000085700000|100%| O|  |TAMS 0x0000000085700000, 0x0000000085600000| Untracked 
|  87|0x0000000085700000, 0x0000000085800000, 0x0000000085800000|100%|HS|  |TAMS 0x0000000085800000, 0x0000000085700000| Complete 
|  88|0x0000000085800000, 0x0000000085900000, 0x0000000085900000|100%|HC|  |TAMS 0x0000000085900000, 0x0000000085800000| Complete 
|  89|0x0000000085900000, 0x0000000085a00000, 0x0000000085a00000|100%|HS|  |TAMS 0x0000000085a00000, 0x0000000085900000| Complete 
|  90|0x0000000085a00000, 0x0000000085b00000, 0x0000000085b00000|100%|HC|  |TAMS 0x0000000085b00000, 0x0000000085a00000| Complete 
|  91|0x0000000085b00000, 0x0000000085c00000, 0x0000000085c00000|100%|HC|  |TAMS 0x0000000085c00000, 0x0000000085b00000| Complete 
|  92|0x0000000085c00000, 0x0000000085d00000, 0x0000000085d00000|100%|HS|  |TAMS 0x0000000085d00000, 0x0000000085c00000| Complete 
|  93|0x0000000085d00000, 0x0000000085e00000, 0x0000000085e00000|100%|HC|  |TAMS 0x0000000085e00000, 0x0000000085d00000| Complete 
|  94|0x0000000085e00000, 0x0000000085f00000, 0x0000000085f00000|100%|HC|  |TAMS 0x0000000085f00000, 0x0000000085e00000| Complete 
|  95|0x0000000085f00000, 0x0000000086000000, 0x0000000086000000|100%|HC|  |TAMS 0x0000000086000000, 0x0000000085f00000| Complete 
|  96|0x0000000086000000, 0x0000000086100000, 0x0000000086100000|100%| O|  |TAMS 0x0000000086100000, 0x0000000086000000| Untracked 
|  97|0x0000000086100000, 0x0000000086200000, 0x0000000086200000|100%| O|  |TAMS 0x0000000086200000, 0x0000000086100000| Untracked 
|  98|0x0000000086200000, 0x0000000086300000, 0x0000000086300000|100%| O|  |TAMS 0x0000000086300000, 0x0000000086200000| Untracked 
|  99|0x0000000086300000, 0x0000000086400000, 0x0000000086400000|100%| O|  |TAMS 0x0000000086400000, 0x0000000086300000| Untracked 
| 100|0x0000000086400000, 0x0000000086500000, 0x0000000086500000|100%| O|  |TAMS 0x0000000086500000, 0x0000000086400000| Untracked 
| 101|0x0000000086500000, 0x0000000086600000, 0x0000000086600000|100%| O|  |TAMS 0x0000000086600000, 0x0000000086500000| Untracked 
| 102|0x0000000086600000, 0x0000000086700000, 0x0000000086700000|100%| O|  |TAMS 0x0000000086700000, 0x0000000086600000| Untracked 
| 103|0x0000000086700000, 0x0000000086800000, 0x0000000086800000|100%| O|  |TAMS 0x0000000086800000, 0x0000000086700000| Untracked 
| 104|0x0000000086800000, 0x0000000086900000, 0x0000000086900000|100%| O|  |TAMS 0x0000000086900000, 0x0000000086800000| Untracked 
| 105|0x0000000086900000, 0x0000000086a00000, 0x0000000086a00000|100%| O|  |TAMS 0x0000000086a00000, 0x0000000086900000| Untracked 
| 106|0x0000000086a00000, 0x0000000086b00000, 0x0000000086b00000|100%| O|  |TAMS 0x0000000086b00000, 0x0000000086a00000| Untracked 
| 107|0x0000000086b00000, 0x0000000086c00000, 0x0000000086c00000|100%| O|  |TAMS 0x0000000086c00000, 0x0000000086b00000| Untracked 
| 108|0x0000000086c00000, 0x0000000086d00000, 0x0000000086d00000|100%| O|  |TAMS 0x0000000086d00000, 0x0000000086c00000| Untracked 
| 109|0x0000000086d00000, 0x0000000086e00000, 0x0000000086e00000|100%| O|  |TAMS 0x0000000086e00000, 0x0000000086d00000| Untracked 
| 110|0x0000000086e00000, 0x0000000086f00000, 0x0000000086f00000|100%| O|  |TAMS 0x0000000086f00000, 0x0000000086e00000| Untracked 
| 111|0x0000000086f00000, 0x0000000087000000, 0x0000000087000000|100%| O|  |TAMS 0x0000000087000000, 0x0000000086f00000| Untracked 
| 112|0x0000000087000000, 0x0000000087100000, 0x0000000087100000|100%| O|  |TAMS 0x0000000087000000, 0x0000000087000000| Untracked 
| 113|0x0000000087100000, 0x0000000087200000, 0x0000000087200000|100%| O|  |TAMS 0x0000000087100000, 0x0000000087100000| Untracked 
| 114|0x0000000087200000, 0x0000000087300000, 0x0000000087300000|100%| O|  |TAMS 0x0000000087300000, 0x0000000087200000| Untracked 
| 115|0x0000000087300000, 0x0000000087400000, 0x0000000087400000|100%| O|  |TAMS 0x0000000087400000, 0x0000000087300000| Untracked 
| 116|0x0000000087400000, 0x0000000087500000, 0x0000000087500000|100%| O|  |TAMS 0x0000000087500000, 0x0000000087400000| Untracked 
| 117|0x0000000087500000, 0x0000000087600000, 0x0000000087600000|100%| O|  |TAMS 0x0000000087600000, 0x0000000087500000| Untracked 
| 118|0x0000000087600000, 0x0000000087700000, 0x0000000087700000|100%| O|  |TAMS 0x0000000087700000, 0x0000000087600000| Untracked 
| 119|0x0000000087700000, 0x0000000087800000, 0x0000000087800000|100%| O|  |TAMS 0x0000000087800000, 0x0000000087700000| Untracked 
| 120|0x0000000087800000, 0x0000000087900000, 0x0000000087900000|100%| O|  |TAMS 0x0000000087900000, 0x0000000087800000| Untracked 
| 121|0x0000000087900000, 0x0000000087a00000, 0x0000000087a00000|100%| O|  |TAMS 0x0000000087a00000, 0x0000000087900000| Untracked 
| 122|0x0000000087a00000, 0x0000000087b00000, 0x0000000087b00000|100%| O|  |TAMS 0x0000000087b00000, 0x0000000087a00000| Untracked 
| 123|0x0000000087b00000, 0x0000000087c00000, 0x0000000087c00000|100%| O|  |TAMS 0x0000000087c00000, 0x0000000087b00000| Untracked 
| 124|0x0000000087c00000, 0x0000000087d00000, 0x0000000087d00000|100%| O|  |TAMS 0x0000000087d00000, 0x0000000087c00000| Untracked 
| 125|0x0000000087d00000, 0x0000000087e00000, 0x0000000087e00000|100%| O|  |TAMS 0x0000000087d00000, 0x0000000087d00000| Untracked 
| 126|0x0000000087e00000, 0x0000000087f00000, 0x0000000087f00000|100%| O|  |TAMS 0x0000000087e00000, 0x0000000087e00000| Untracked 
| 127|0x0000000087f00000, 0x0000000088000000, 0x0000000088000000|100%| O|  |TAMS 0x0000000088000000, 0x0000000087f00000| Untracked 
| 128|0x0000000088000000, 0x0000000088100000, 0x0000000088100000|100%| O|  |TAMS 0x0000000088100000, 0x0000000088000000| Untracked 
| 129|0x0000000088100000, 0x0000000088200000, 0x0000000088200000|100%| O|  |TAMS 0x0000000088200000, 0x0000000088100000| Untracked 
| 130|0x0000000088200000, 0x0000000088300000, 0x0000000088300000|100%| O|  |TAMS 0x0000000088300000, 0x0000000088200000| Untracked 
| 131|0x0000000088300000, 0x0000000088400000, 0x0000000088400000|100%| O|  |TAMS 0x0000000088400000, 0x0000000088300000| Untracked 
| 132|0x0000000088400000, 0x0000000088500000, 0x0000000088500000|100%| O|  |TAMS 0x0000000088400000, 0x0000000088400000| Untracked 
| 133|0x0000000088500000, 0x0000000088600000, 0x0000000088600000|100%| O|  |TAMS 0x0000000088500000, 0x0000000088500000| Untracked 
| 134|0x0000000088600000, 0x0000000088700000, 0x0000000088700000|100%| O|  |TAMS 0x0000000088600000, 0x0000000088600000| Untracked 
| 135|0x0000000088700000, 0x0000000088800000, 0x0000000088800000|100%| O|  |TAMS 0x0000000088800000, 0x0000000088700000| Untracked 
| 136|0x0000000088800000, 0x0000000088900000, 0x0000000088900000|100%| O|  |TAMS 0x0000000088900000, 0x0000000088800000| Untracked 
| 137|0x0000000088900000, 0x0000000088a00000, 0x0000000088a00000|100%| O|  |TAMS 0x0000000088a00000, 0x0000000088900000| Untracked 
| 138|0x0000000088a00000, 0x0000000088b00000, 0x0000000088b00000|100%| O|  |TAMS 0x0000000088a00000, 0x0000000088a00000| Untracked 
| 139|0x0000000088b00000, 0x0000000088c00000, 0x0000000088c00000|100%| O|  |TAMS 0x0000000088b00000, 0x0000000088b00000| Untracked 
| 140|0x0000000088c00000, 0x0000000088d00000, 0x0000000088d00000|100%| O|  |TAMS 0x0000000088c00000, 0x0000000088c00000| Untracked 
| 141|0x0000000088d00000, 0x0000000088e00000, 0x0000000088e00000|100%| O|  |TAMS 0x0000000088d00000, 0x0000000088d00000| Untracked 
| 142|0x0000000088e00000, 0x0000000088f00000, 0x0000000088f00000|100%| O|  |TAMS 0x0000000088e00000, 0x0000000088e00000| Untracked 
| 143|0x0000000088f00000, 0x0000000089000000, 0x0000000089000000|100%| O|  |TAMS 0x0000000089000000, 0x0000000088f00000| Untracked 
| 144|0x0000000089000000, 0x0000000089100000, 0x0000000089100000|100%| O|  |TAMS 0x0000000089000000, 0x0000000089000000| Untracked 
| 145|0x0000000089100000, 0x0000000089200000, 0x0000000089200000|100%| O|  |TAMS 0x0000000089200000, 0x0000000089100000| Untracked 
| 146|0x0000000089200000, 0x0000000089300000, 0x0000000089300000|100%| O|  |TAMS 0x0000000089300000, 0x0000000089200000| Untracked 
| 147|0x0000000089300000, 0x0000000089400000, 0x0000000089400000|100%| O|  |TAMS 0x0000000089300000, 0x0000000089300000| Untracked 
| 148|0x0000000089400000, 0x0000000089500000, 0x0000000089500000|100%| O|  |TAMS 0x0000000089400000, 0x0000000089400000| Untracked 
| 149|0x0000000089500000, 0x0000000089600000, 0x0000000089600000|100%| O|  |TAMS 0x0000000089600000, 0x0000000089500000| Untracked 
| 150|0x0000000089600000, 0x0000000089700000, 0x0000000089700000|100%| O|  |TAMS 0x0000000089700000, 0x0000000089600000| Untracked 
| 151|0x0000000089700000, 0x0000000089800000, 0x0000000089800000|100%| O|  |TAMS 0x0000000089700000, 0x0000000089700000| Untracked 
| 152|0x0000000089800000, 0x0000000089900000, 0x0000000089900000|100%| O|  |TAMS 0x0000000089800000, 0x0000000089800000| Untracked 
| 153|0x0000000089900000, 0x0000000089a00000, 0x0000000089a00000|100%| O|  |TAMS 0x0000000089900000, 0x0000000089900000| Untracked 
| 154|0x0000000089a00000, 0x0000000089b00000, 0x0000000089b00000|100%| O|  |TAMS 0x0000000089a00000, 0x0000000089a00000| Untracked 
| 155|0x0000000089b00000, 0x0000000089c00000, 0x0000000089c00000|100%| O|  |TAMS 0x0000000089b00000, 0x0000000089b00000| Untracked 
| 156|0x0000000089c00000, 0x0000000089d00000, 0x0000000089d00000|100%| O|  |TAMS 0x0000000089c00000, 0x0000000089c00000| Untracked 
| 157|0x0000000089d00000, 0x0000000089e00000, 0x0000000089e00000|100%| O|  |TAMS 0x0000000089e00000, 0x0000000089d00000| Untracked 
| 158|0x0000000089e00000, 0x0000000089f00000, 0x0000000089f00000|100%| O|  |TAMS 0x0000000089f00000, 0x0000000089e00000| Untracked 
| 159|0x0000000089f00000, 0x000000008a000000, 0x000000008a000000|100%| O|  |TAMS 0x000000008a000000, 0x0000000089f00000| Untracked 
| 160|0x000000008a000000, 0x000000008a100000, 0x000000008a100000|100%| O|  |TAMS 0x000000008a100000, 0x000000008a000000| Untracked 
| 161|0x000000008a100000, 0x000000008a200000, 0x000000008a200000|100%| O|  |TAMS 0x000000008a200000, 0x000000008a100000| Untracked 
| 162|0x000000008a200000, 0x000000008a300000, 0x000000008a300000|100%| O|  |TAMS 0x000000008a300000, 0x000000008a200000| Untracked 
| 163|0x000000008a300000, 0x000000008a400000, 0x000000008a400000|100%| O|  |TAMS 0x000000008a300000, 0x000000008a300000| Untracked 
| 164|0x000000008a400000, 0x000000008a500000, 0x000000008a500000|100%| O|  |TAMS 0x000000008a400000, 0x000000008a400000| Untracked 
| 165|0x000000008a500000, 0x000000008a600000, 0x000000008a600000|100%| O|  |TAMS 0x000000008a500000, 0x000000008a500000| Untracked 
| 166|0x000000008a600000, 0x000000008a700000, 0x000000008a700000|100%| O|  |TAMS 0x000000008a700000, 0x000000008a600000| Untracked 
| 167|0x000000008a700000, 0x000000008a800000, 0x000000008a800000|100%| O|  |TAMS 0x000000008a800000, 0x000000008a700000| Untracked 
| 168|0x000000008a800000, 0x000000008a900000, 0x000000008a900000|100%| O|  |TAMS 0x000000008a900000, 0x000000008a800000| Untracked 
| 169|0x000000008a900000, 0x000000008aa00000, 0x000000008aa00000|100%| O|  |TAMS 0x000000008a900000, 0x000000008a900000| Untracked 
| 170|0x000000008aa00000, 0x000000008ab00000, 0x000000008ab00000|100%| O|  |TAMS 0x000000008aa00000, 0x000000008aa00000| Untracked 
| 171|0x000000008ab00000, 0x000000008ac00000, 0x000000008ac00000|100%| O|  |TAMS 0x000000008ab00000, 0x000000008ab00000| Untracked 
| 172|0x000000008ac00000, 0x000000008ad00000, 0x000000008ad00000|100%| O|  |TAMS 0x000000008ac00000, 0x000000008ac00000| Untracked 
| 173|0x000000008ad00000, 0x000000008ae00000, 0x000000008ae00000|100%| O|  |TAMS 0x000000008ad00000, 0x000000008ad00000| Untracked 
| 174|0x000000008ae00000, 0x000000008af00000, 0x000000008af00000|100%| O|  |TAMS 0x000000008ae00000, 0x000000008ae00000| Untracked 
| 175|0x000000008af00000, 0x000000008af5c600, 0x000000008b000000| 36%| O|  |TAMS 0x000000008af00000, 0x000000008af00000| Untracked 
| 176|0x000000008b000000, 0x000000008b000000, 0x000000008b100000|  0%| F|  |TAMS 0x000000008b000000, 0x000000008b000000| Untracked 
| 177|0x000000008b100000, 0x000000008b100000, 0x000000008b200000|  0%| F|  |TAMS 0x000000008b100000, 0x000000008b100000| Untracked 
| 178|0x000000008b200000, 0x000000008b200000, 0x000000008b300000|  0%| F|  |TAMS 0x000000008b200000, 0x000000008b200000| Untracked 
| 179|0x000000008b300000, 0x000000008b300000, 0x000000008b400000|  0%| F|  |TAMS 0x000000008b300000, 0x000000008b300000| Untracked 
| 180|0x000000008b400000, 0x000000008b400000, 0x000000008b500000|  0%| F|  |TAMS 0x000000008b400000, 0x000000008b400000| Untracked 
| 181|0x000000008b500000, 0x000000008b500000, 0x000000008b600000|  0%| F|  |TAMS 0x000000008b500000, 0x000000008b500000| Untracked 
| 182|0x000000008b600000, 0x000000008b600000, 0x000000008b700000|  0%| F|  |TAMS 0x000000008b600000, 0x000000008b600000| Untracked 
| 183|0x000000008b700000, 0x000000008b700000, 0x000000008b800000|  0%| F|  |TAMS 0x000000008b700000, 0x000000008b700000| Untracked 
| 184|0x000000008b800000, 0x000000008b800000, 0x000000008b900000|  0%| F|  |TAMS 0x000000008b800000, 0x000000008b800000| Untracked 
| 185|0x000000008b900000, 0x000000008b900000, 0x000000008ba00000|  0%| F|  |TAMS 0x000000008b900000, 0x000000008b900000| Untracked 
| 186|0x000000008ba00000, 0x000000008ba00000, 0x000000008bb00000|  0%| F|  |TAMS 0x000000008ba00000, 0x000000008ba00000| Untracked 
| 187|0x000000008bb00000, 0x000000008bc00000, 0x000000008bc00000|100%| O|  |TAMS 0x000000008bc00000, 0x000000008bb00000| Untracked 
| 188|0x000000008bc00000, 0x000000008bd00000, 0x000000008bd00000|100%| O|  |TAMS 0x000000008bd00000, 0x000000008bc00000| Untracked 
| 189|0x000000008bd00000, 0x000000008be00000, 0x000000008be00000|100%| O|  |TAMS 0x000000008be00000, 0x000000008bd00000| Untracked 
| 190|0x000000008be00000, 0x000000008bf00000, 0x000000008bf00000|100%| O|  |TAMS 0x000000008bf00000, 0x000000008be00000| Untracked 
| 191|0x000000008bf00000, 0x000000008bf00000, 0x000000008c000000|  0%| F|  |TAMS 0x000000008bf00000, 0x000000008bf00000| Untracked 
| 192|0x000000008c000000, 0x000000008c000000, 0x000000008c100000|  0%| F|  |TAMS 0x000000008c000000, 0x000000008c000000| Untracked 
| 193|0x000000008c100000, 0x000000008c200000, 0x000000008c200000|100%| O|  |TAMS 0x000000008c192a00, 0x000000008c100000| Untracked 
| 194|0x000000008c200000, 0x000000008c200000, 0x000000008c300000|  0%| F|  |TAMS 0x000000008c200000, 0x000000008c200000| Untracked 
| 195|0x000000008c300000, 0x000000008c300000, 0x000000008c400000|  0%| F|  |TAMS 0x000000008c300000, 0x000000008c300000| Untracked 
| 196|0x000000008c400000, 0x000000008c400000, 0x000000008c500000|  0%| F|  |TAMS 0x000000008c400000, 0x000000008c400000| Untracked 
| 197|0x000000008c500000, 0x000000008c500000, 0x000000008c600000|  0%| F|  |TAMS 0x000000008c500000, 0x000000008c500000| Untracked 
| 198|0x000000008c600000, 0x000000008c600000, 0x000000008c700000|  0%| F|  |TAMS 0x000000008c600000, 0x000000008c600000| Untracked 
| 199|0x000000008c700000, 0x000000008c700000, 0x000000008c800000|  0%| F|  |TAMS 0x000000008c700000, 0x000000008c700000| Untracked 
| 200|0x000000008c800000, 0x000000008c800000, 0x000000008c900000|  0%| F|  |TAMS 0x000000008c800000, 0x000000008c800000| Untracked 
| 201|0x000000008c900000, 0x000000008c900000, 0x000000008ca00000|  0%| F|  |TAMS 0x000000008c900000, 0x000000008c900000| Untracked 
| 202|0x000000008ca00000, 0x000000008ca00000, 0x000000008cb00000|  0%| F|  |TAMS 0x000000008ca00000, 0x000000008ca00000| Untracked 
| 203|0x000000008cb00000, 0x000000008cb00000, 0x000000008cc00000|  0%| F|  |TAMS 0x000000008cb00000, 0x000000008cb00000| Untracked 
| 204|0x000000008cc00000, 0x000000008cc00000, 0x000000008cd00000|  0%| F|  |TAMS 0x000000008cc00000, 0x000000008cc00000| Untracked 
| 205|0x000000008cd00000, 0x000000008cd00000, 0x000000008ce00000|  0%| F|  |TAMS 0x000000008cd00000, 0x000000008cd00000| Untracked 
| 206|0x000000008ce00000, 0x000000008ce00000, 0x000000008cf00000|  0%| F|  |TAMS 0x000000008ce00000, 0x000000008ce00000| Untracked 
| 207|0x000000008cf00000, 0x000000008cf00000, 0x000000008d000000|  0%| F|  |TAMS 0x000000008cf00000, 0x000000008cf00000| Untracked 
| 208|0x000000008d000000, 0x000000008d000000, 0x000000008d100000|  0%| F|  |TAMS 0x000000008d000000, 0x000000008d000000| Untracked 
| 209|0x000000008d100000, 0x000000008d100000, 0x000000008d200000|  0%| F|  |TAMS 0x000000008d100000, 0x000000008d100000| Untracked 
| 210|0x000000008d200000, 0x000000008d264d40, 0x000000008d300000| 39%| S|CS|TAMS 0x000000008d200000, 0x000000008d200000| Complete 
| 211|0x000000008d300000, 0x000000008d400000, 0x000000008d400000|100%| S|CS|TAMS 0x000000008d300000, 0x000000008d300000| Complete 
| 212|0x000000008d400000, 0x000000008d500000, 0x000000008d500000|100%| S|CS|TAMS 0x000000008d400000, 0x000000008d400000| Complete 
| 213|0x000000008d500000, 0x000000008d600000, 0x000000008d600000|100%| S|CS|TAMS 0x000000008d500000, 0x000000008d500000| Complete 
| 214|0x000000008d600000, 0x000000008d600000, 0x000000008d700000|  0%| F|  |TAMS 0x000000008d600000, 0x000000008d600000| Untracked 
| 215|0x000000008d700000, 0x000000008d700000, 0x000000008d800000|  0%| F|  |TAMS 0x000000008d700000, 0x000000008d700000| Untracked 
| 216|0x000000008d800000, 0x000000008d900000, 0x000000008d900000|100%| O|  |TAMS 0x000000008d900000, 0x000000008d800000| Untracked 
| 217|0x000000008d900000, 0x000000008d900000, 0x000000008da00000|  0%| F|  |TAMS 0x000000008d900000, 0x000000008d900000| Untracked 
| 218|0x000000008da00000, 0x000000008da00000, 0x000000008db00000|  0%| F|  |TAMS 0x000000008da00000, 0x000000008da00000| Untracked 
| 219|0x000000008db00000, 0x000000008dc00000, 0x000000008dc00000|100%| S|CS|TAMS 0x000000008db00000, 0x000000008db00000| Complete 
| 220|0x000000008dc00000, 0x000000008dd00000, 0x000000008dd00000|100%| S|CS|TAMS 0x000000008dc00000, 0x000000008dc00000| Complete 
| 221|0x000000008dd00000, 0x000000008dd00000, 0x000000008de00000|  0%| F|  |TAMS 0x000000008dd00000, 0x000000008dd00000| Untracked 
| 222|0x000000008de00000, 0x000000008de00000, 0x000000008df00000|  0%| F|  |TAMS 0x000000008de00000, 0x000000008de00000| Untracked 
| 223|0x000000008df00000, 0x000000008df00000, 0x000000008e000000|  0%| F|  |TAMS 0x000000008df00000, 0x000000008df00000| Untracked 
| 224|0x000000008e000000, 0x000000008e000000, 0x000000008e100000|  0%| F|  |TAMS 0x000000008e000000, 0x000000008e000000| Untracked 
| 225|0x000000008e100000, 0x000000008e100000, 0x000000008e200000|  0%| F|  |TAMS 0x000000008e100000, 0x000000008e100000| Untracked 
| 226|0x000000008e200000, 0x000000008e200000, 0x000000008e300000|  0%| F|  |TAMS 0x000000008e200000, 0x000000008e200000| Untracked 
| 227|0x000000008e300000, 0x000000008e300000, 0x000000008e400000|  0%| F|  |TAMS 0x000000008e300000, 0x000000008e300000| Untracked 
| 228|0x000000008e400000, 0x000000008e400000, 0x000000008e500000|  0%| F|  |TAMS 0x000000008e400000, 0x000000008e400000| Untracked 
| 229|0x000000008e500000, 0x000000008e500000, 0x000000008e600000|  0%| F|  |TAMS 0x000000008e500000, 0x000000008e500000| Untracked 
| 230|0x000000008e600000, 0x000000008e600000, 0x000000008e700000|  0%| F|  |TAMS 0x000000008e600000, 0x000000008e600000| Untracked 
| 231|0x000000008e700000, 0x000000008e700000, 0x000000008e800000|  0%| F|  |TAMS 0x000000008e700000, 0x000000008e700000| Untracked 
| 232|0x000000008e800000, 0x000000008e800000, 0x000000008e900000|  0%| F|  |TAMS 0x000000008e800000, 0x000000008e800000| Untracked 
| 233|0x000000008e900000, 0x000000008e900000, 0x000000008ea00000|  0%| F|  |TAMS 0x000000008e900000, 0x000000008e900000| Untracked 
| 234|0x000000008ea00000, 0x000000008ea00000, 0x000000008eb00000|  0%| F|  |TAMS 0x000000008ea00000, 0x000000008ea00000| Untracked 
| 235|0x000000008eb00000, 0x000000008eb00000, 0x000000008ec00000|  0%| F|  |TAMS 0x000000008eb00000, 0x000000008eb00000| Untracked 
| 236|0x000000008ec00000, 0x000000008ec00000, 0x000000008ed00000|  0%| F|  |TAMS 0x000000008ec00000, 0x000000008ec00000| Untracked 
| 237|0x000000008ed00000, 0x000000008ed00000, 0x000000008ee00000|  0%| F|  |TAMS 0x000000008ed00000, 0x000000008ed00000| Untracked 
| 238|0x000000008ee00000, 0x000000008ee00000, 0x000000008ef00000|  0%| F|  |TAMS 0x000000008ee00000, 0x000000008ee00000| Untracked 
| 239|0x000000008ef00000, 0x000000008ef00000, 0x000000008f000000|  0%| F|  |TAMS 0x000000008ef00000, 0x000000008ef00000| Untracked 
| 240|0x000000008f000000, 0x000000008f000000, 0x000000008f100000|  0%| F|  |TAMS 0x000000008f000000, 0x000000008f000000| Untracked 
| 241|0x000000008f100000, 0x000000008f100000, 0x000000008f200000|  0%| F|  |TAMS 0x000000008f100000, 0x000000008f100000| Untracked 
| 242|0x000000008f200000, 0x000000008f200000, 0x000000008f300000|  0%| F|  |TAMS 0x000000008f200000, 0x000000008f200000| Untracked 
| 243|0x000000008f300000, 0x000000008f300000, 0x000000008f400000|  0%| F|  |TAMS 0x000000008f300000, 0x000000008f300000| Untracked 
| 244|0x000000008f400000, 0x000000008f400000, 0x000000008f500000|  0%| F|  |TAMS 0x000000008f400000, 0x000000008f400000| Untracked 
| 245|0x000000008f500000, 0x000000008f500000, 0x000000008f600000|  0%| F|  |TAMS 0x000000008f500000, 0x000000008f500000| Untracked 
| 246|0x000000008f600000, 0x000000008f600000, 0x000000008f700000|  0%| F|  |TAMS 0x000000008f600000, 0x000000008f600000| Untracked 
| 247|0x000000008f700000, 0x000000008f700000, 0x000000008f800000|  0%| F|  |TAMS 0x000000008f700000, 0x000000008f700000| Untracked 
| 248|0x000000008f800000, 0x000000008f800000, 0x000000008f900000|  0%| F|  |TAMS 0x000000008f800000, 0x000000008f800000| Untracked 
| 249|0x000000008f900000, 0x000000008f900000, 0x000000008fa00000|  0%| F|  |TAMS 0x000000008f900000, 0x000000008f900000| Untracked 
| 250|0x000000008fa00000, 0x000000008fa00000, 0x000000008fb00000|  0%| F|  |TAMS 0x000000008fa00000, 0x000000008fa00000| Untracked 
| 251|0x000000008fb00000, 0x000000008fb00000, 0x000000008fc00000|  0%| F|  |TAMS 0x000000008fb00000, 0x000000008fb00000| Untracked 
| 252|0x000000008fc00000, 0x000000008fc00000, 0x000000008fd00000|  0%| F|  |TAMS 0x000000008fc00000, 0x000000008fc00000| Untracked 
| 253|0x000000008fd00000, 0x000000008fd00000, 0x000000008fe00000|  0%| F|  |TAMS 0x000000008fd00000, 0x000000008fd00000| Untracked 
| 254|0x000000008fe00000, 0x000000008fe00000, 0x000000008ff00000|  0%| F|  |TAMS 0x000000008fe00000, 0x000000008fe00000| Untracked 
| 255|0x000000008ff00000, 0x000000008ff00000, 0x0000000090000000|  0%| F|  |TAMS 0x000000008ff00000, 0x000000008ff00000| Untracked 
| 256|0x0000000090000000, 0x0000000090000000, 0x0000000090100000|  0%| F|  |TAMS 0x0000000090000000, 0x0000000090000000| Untracked 
| 257|0x0000000090100000, 0x0000000090100000, 0x0000000090200000|  0%| F|  |TAMS 0x0000000090100000, 0x0000000090100000| Untracked 
| 258|0x0000000090200000, 0x0000000090200000, 0x0000000090300000|  0%| F|  |TAMS 0x0000000090200000, 0x0000000090200000| Untracked 
| 259|0x0000000090300000, 0x0000000090300000, 0x0000000090400000|  0%| F|  |TAMS 0x0000000090300000, 0x0000000090300000| Untracked 
| 260|0x0000000090400000, 0x0000000090400000, 0x0000000090500000|  0%| F|  |TAMS 0x0000000090400000, 0x0000000090400000| Untracked 
| 261|0x0000000090500000, 0x0000000090500000, 0x0000000090600000|  0%| F|  |TAMS 0x0000000090500000, 0x0000000090500000| Untracked 
| 262|0x0000000090600000, 0x0000000090600000, 0x0000000090700000|  0%| F|  |TAMS 0x0000000090600000, 0x0000000090600000| Untracked 
| 263|0x0000000090700000, 0x0000000090700000, 0x0000000090800000|  0%| F|  |TAMS 0x0000000090700000, 0x0000000090700000| Untracked 
| 264|0x0000000090800000, 0x0000000090800000, 0x0000000090900000|  0%| F|  |TAMS 0x0000000090800000, 0x0000000090800000| Untracked 
| 265|0x0000000090900000, 0x0000000090900000, 0x0000000090a00000|  0%| F|  |TAMS 0x0000000090900000, 0x0000000090900000| Untracked 
| 266|0x0000000090a00000, 0x0000000090a00000, 0x0000000090b00000|  0%| F|  |TAMS 0x0000000090a00000, 0x0000000090a00000| Untracked 

Card table byte_map: [0x000001862b630000,0x000001862ba30000] _byte_map_base: 0x000001862b230000

Marking Bits (Prev, Next): (CMBitMap*) 0x000001861876c840, (CMBitMap*) 0x000001861876c808
 Prev Bits: [0x000001862de30000, 0x000001862fe30000)
 Next Bits: [0x000001862be30000, 0x000001862de30000)

Polling page: 0x0000018617f00000

Metaspace:

Usage:
  Non-class:    127.77 MB capacity,   124.96 MB ( 98%) used,     2.33 MB (  2%) free+waste,   492.81 KB ( <1%) overhead. 
      Class:     19.53 MB capacity,    17.94 MB ( 92%) used,     1.38 MB (  7%) free+waste,   218.25 KB (  1%) overhead. 
       Both:    147.31 MB capacity,   142.90 MB ( 97%) used,     3.71 MB (  3%) free+waste,   711.06 KB ( <1%) overhead. 

Virtual space:
  Non-class space:      128.00 MB reserved,     128.00 MB (100%) committed 
      Class space:        1.00 GB reserved,      19.57 MB (  2%) committed 
             Both:        1.13 GB reserved,     147.57 MB ( 13%) committed 

Chunk freelists:
   Non-Class:  40.00 KB
       Class:  0 bytes
        Both:  40.00 KB

MaxMetaspaceSize: 17179869184.00 GB
CompressedClassSpaceSize: 1.00 GB
Initial GC threshold: 20.80 MB
Current GC threshold: 217.21 MB
CDS: off

CodeHeap 'non-profiled nmethods': size=120064Kb used=13973Kb max_used=14247Kb free=106090Kb
 bounds [0x0000018623cf0000, 0x0000018624af0000, 0x000001862b230000]
CodeHeap 'profiled nmethods': size=120000Kb used=50852Kb max_used=50852Kb free=69147Kb
 bounds [0x000001861c7c0000, 0x000001861f980000, 0x0000018623cf0000]
CodeHeap 'non-nmethods': size=5696Kb used=2513Kb max_used=2587Kb free=3183Kb
 bounds [0x000001861c230000, 0x000001861c4d0000, 0x000001861c7c0000]
 total_blobs=23289 nmethods=22235 adapters=963
 compilation: enabled
              stopped_count=0, restarted_count=0
 full_count=0

Compilation events (20 events):
Event: 848.078 Thread 0x0000018632b77000 nmethod 24081 0x0000018623dcec10 code [0x0000018623dcedc0, 0x0000018623dceed8]
Event: 848.078 Thread 0x0000018632b77000 24080       4       com.android.tools.r8.internal.Tl::b (156 bytes)
Event: 848.118 Thread 0x0000018632b77000 nmethod 24080 0x00000186240afd90 code [0x00000186240affa0, 0x00000186240b0a38]
Event: 848.118 Thread 0x0000018632b77000 24074       4       java.util.PriorityQueue::siftDownComparable (100 bytes)
Event: 848.142 Thread 0x0000018632b7b800 24242 %     3       com.android.tools.r8.internal.nf::a @ 42 (519 bytes)
Event: 848.153 Thread 0x0000018632b7b800 nmethod 24242% 0x000001861cd08f10 code [0x000001861cd098e0, 0x000001861cd10728]
Event: 848.163 Thread 0x0000018632b77000 nmethod 24074 0x00000186240b6410 code [0x00000186240b6640, 0x00000186240b74f8]
Event: 848.163 Thread 0x0000018632b77000 24037       4       com.android.tools.r8.internal.Tl::c (71 bytes)
Event: 848.167 Thread 0x0000018632b7b800 24243       2       com.android.tools.r8.internal.nV::p2 (132 bytes)
Event: 848.169 Thread 0x0000018632b7b800 nmethod 24243 0x000001861d556190 code [0x000001861d556400, 0x000001861d5569d8]
Event: 848.181 Thread 0x0000018632b77000 nmethod 24037 0x00000186240b5b90 code [0x00000186240b5d40, 0x00000186240b6078]
Event: 848.181 Thread 0x0000018632b77000 24051       4       com.android.tools.r8.internal.qb::a (704 bytes)
Event: 848.224 Thread 0x0000018632b7b800 24245 %     3       com.android.tools.r8.internal.uJ::a @ 331 (447 bytes)
Event: 848.229 Thread 0x0000018632b7b800 nmethod 24245% 0x000001861ca49a90 code [0x000001861ca4a0c0, 0x000001861ca4e028]
Event: 848.246 Thread 0x0000018632b7b800 24247 %     3       com.android.tools.r8.internal.uJ::a @ 11 (447 bytes)
Event: 848.251 Thread 0x0000018632b7b800 nmethod 24247% 0x000001861d550a10 code [0x000001861d551040, 0x000001861d554ec8]
Event: 848.251 Thread 0x0000018632b7b800 24248       3       com.android.tools.r8.internal.uJ::a (447 bytes)
Event: 848.257 Thread 0x0000018632b7b800 nmethod 24248 0x000001861f96b110 code [0x000001861f96b740, 0x000001861f96f598]
Event: 848.299 Thread 0x0000018632b7b800 24250       1       com.android.tools.r8.internal.ib::j2 (3 bytes)
Event: 848.299 Thread 0x0000018632b7b800 nmethod 24250 0x0000018623dce690 code [0x0000018623dce840, 0x0000018623dce8f8]

GC Heap History (20 events):
Event: 843.108 GC heap after
{Heap after GC invocations=63 (full 0):
 garbage-first heap   total 273408K, used 182194K [0x0000000080000000, 0x0000000100000000)
  region size 1024K, 3 young (3072K), 3 survivors (3072K)
 Metaspace       used 145694K, capacity 150177K, committed 150348K, reserved 1179648K
  class space    used 18339K, capacity 19976K, committed 20044K, reserved 1048576K
}
Event: 843.460 GC heap before
{Heap before GC invocations=63 (full 0):
 garbage-first heap   total 273408K, used 233394K [0x0000000080000000, 0x0000000100000000)
  region size 1024K, 53 young (54272K), 3 survivors (3072K)
 Metaspace       used 145741K, capacity 150242K, committed 150348K, reserved 1179648K
  class space    used 18340K, capacity 19976K, committed 20044K, reserved 1048576K
}
Event: 843.467 GC heap after
{Heap after GC invocations=64 (full 0):
 garbage-first heap   total 273408K, used 182393K [0x0000000080000000, 0x0000000100000000)
  region size 1024K, 3 young (3072K), 3 survivors (3072K)
 Metaspace       used 145741K, capacity 150242K, committed 150348K, reserved 1179648K
  class space    used 18340K, capacity 19976K, committed 20044K, reserved 1048576K
}
Event: 843.932 GC heap before
{Heap before GC invocations=64 (full 0):
 garbage-first heap   total 273408K, used 234617K [0x0000000080000000, 0x0000000100000000)
  region size 1024K, 54 young (55296K), 3 survivors (3072K)
 Metaspace       used 145786K, capacity 150263K, committed 150348K, reserved 1179648K
  class space    used 18344K, capacity 19983K, committed 20044K, reserved 1048576K
}
Event: 843.940 GC heap after
{Heap after GC invocations=65 (full 0):
 garbage-first heap   total 273408K, used 182868K [0x0000000080000000, 0x0000000100000000)
  region size 1024K, 3 young (3072K), 3 survivors (3072K)
 Metaspace       used 145786K, capacity 150263K, committed 150348K, reserved 1179648K
  class space    used 18344K, capacity 19983K, committed 20044K, reserved 1048576K
}
Event: 844.358 GC heap before
{Heap before GC invocations=65 (full 0):
 garbage-first heap   total 273408K, used 236116K [0x0000000080000000, 0x0000000100000000)
  region size 1024K, 55 young (56320K), 3 survivors (3072K)
 Metaspace       used 145817K, capacity 150330K, committed 150604K, reserved 1179648K
  class space    used 18344K, capacity 19983K, committed 20044K, reserved 1048576K
}
Event: 844.366 GC heap after
{Heap after GC invocations=66 (full 0):
 garbage-first heap   total 273408K, used 183001K [0x0000000080000000, 0x0000000100000000)
  region size 1024K, 3 young (3072K), 3 survivors (3072K)
 Metaspace       used 145817K, capacity 150330K, committed 150604K, reserved 1179648K
  class space    used 18344K, capacity 19983K, committed 20044K, reserved 1048576K
}
Event: 844.722 GC heap before
{Heap before GC invocations=66 (full 0):
 garbage-first heap   total 273408K, used 237273K [0x0000000080000000, 0x0000000100000000)
  region size 1024K, 56 young (57344K), 3 survivors (3072K)
 Metaspace       used 145853K, capacity 150330K, committed 150604K, reserved 1179648K
  class space    used 18347K, capacity 19983K, committed 20044K, reserved 1048576K
}
Event: 844.732 GC heap after
{Heap after GC invocations=67 (full 0):
 garbage-first heap   total 273408K, used 183141K [0x0000000080000000, 0x0000000100000000)
  region size 1024K, 4 young (4096K), 4 survivors (4096K)
 Metaspace       used 145853K, capacity 150330K, committed 150604K, reserved 1179648K
  class space    used 18347K, capacity 19983K, committed 20044K, reserved 1048576K
}
Event: 845.085 GC heap before
{Heap before GC invocations=67 (full 0):
 garbage-first heap   total 273408K, used 237413K [0x0000000080000000, 0x0000000100000000)
  region size 1024K, 57 young (58368K), 4 survivors (4096K)
 Metaspace       used 145884K, capacity 150339K, committed 150604K, reserved 1179648K
  class space    used 18348K, capacity 19985K, committed 20044K, reserved 1048576K
}
Event: 845.095 GC heap after
{Heap after GC invocations=68 (full 0):
 garbage-first heap   total 273408K, used 183748K [0x0000000080000000, 0x0000000100000000)
  region size 1024K, 4 young (4096K), 4 survivors (4096K)
 Metaspace       used 145884K, capacity 150339K, committed 150604K, reserved 1179648K
  class space    used 18348K, capacity 19985K, committed 20044K, reserved 1048576K
}
Event: 845.416 GC heap before
{Heap before GC invocations=68 (full 0):
 garbage-first heap   total 273408K, used 238020K [0x0000000080000000, 0x0000000100000000)
  region size 1024K, 57 young (58368K), 4 survivors (4096K)
 Metaspace       used 145931K, capacity 150420K, committed 150604K, reserved 1179648K
  class space    used 18362K, capacity 19991K, committed 20044K, reserved 1048576K
}
Event: 845.426 GC heap after
{Heap after GC invocations=69 (full 0):
 garbage-first heap   total 273408K, used 184025K [0x0000000080000000, 0x0000000100000000)
  region size 1024K, 4 young (4096K), 4 survivors (4096K)
 Metaspace       used 145931K, capacity 150420K, committed 150604K, reserved 1179648K
  class space    used 18362K, capacity 19991K, committed 20044K, reserved 1048576K
}
Event: 846.295 GC heap before
{Heap before GC invocations=69 (full 0):
 garbage-first heap   total 273408K, used 239321K [0x0000000080000000, 0x0000000100000000)
  region size 1024K, 58 young (59392K), 4 survivors (4096K)
 Metaspace       used 146230K, capacity 150695K, committed 150860K, reserved 1179648K
  class space    used 18367K, capacity 19999K, committed 20044K, reserved 1048576K
}
Event: 846.304 GC heap after
{Heap after GC invocations=70 (full 0):
 garbage-first heap   total 273408K, used 182552K [0x0000000080000000, 0x0000000100000000)
  region size 1024K, 3 young (3072K), 3 survivors (3072K)
 Metaspace       used 146230K, capacity 150695K, committed 150860K, reserved 1179648K
  class space    used 18367K, capacity 19999K, committed 20044K, reserved 1048576K
}
Event: 847.362 GC heap before
{Heap before GC invocations=70 (full 0):
 garbage-first heap   total 273408K, used 237848K [0x0000000080000000, 0x0000000100000000)
  region size 1024K, 58 young (59392K), 3 survivors (3072K)
 Metaspace       used 146295K, capacity 150835K, committed 151116K, reserved 1179648K
  class space    used 18369K, capacity 20001K, committed 20044K, reserved 1048576K
}
Event: 847.378 GC heap after
{Heap after GC invocations=71 (full 0):
 garbage-first heap   total 273408K, used 187906K [0x0000000080000000, 0x0000000100000000)
  region size 1024K, 8 young (8192K), 8 survivors (8192K)
 Metaspace       used 146295K, capacity 150835K, committed 151116K, reserved 1179648K
  class space    used 18369K, capacity 20001K, committed 20044K, reserved 1048576K
}
Event: 848.052 GC heap before
{Heap before GC invocations=71 (full 0):
 garbage-first heap   total 273408K, used 237058K [0x0000000080000000, 0x0000000100000000)
  region size 1024K, 56 young (57344K), 8 survivors (8192K)
 Metaspace       used 146329K, capacity 150842K, committed 151116K, reserved 1179648K
  class space    used 18371K, capacity 20002K, committed 20044K, reserved 1048576K
}
Event: 848.074 GC heap after
{Heap after GC invocations=72 (full 0):
 garbage-first heap   total 273408K, used 189418K [0x0000000080000000, 0x0000000100000000)
  region size 1024K, 4 young (4096K), 4 survivors (4096K)
 Metaspace       used 146329K, capacity 150842K, committed 151116K, reserved 1179648K
  class space    used 18371K, capacity 20002K, committed 20044K, reserved 1048576K
}
Event: 848.380 GC heap before
{Heap before GC invocations=72 (full 0):
 garbage-first heap   total 273408K, used 236522K [0x0000000080000000, 0x0000000100000000)
  region size 1024K, 50 young (51200K), 4 survivors (4096K)
 Metaspace       used 146332K, capacity 150842K, committed 151116K, reserved 1179648K
  class space    used 18371K, capacity 20002K, committed 20044K, reserved 1048576K
}

Deoptimization events (20 events):
Event: 847.994 Thread 0x000001863cc9b800 DEOPT PACKING pc=0x000001861d6b557e sp=0x00000042ae5f9c10
Event: 847.994 Thread 0x000001863cc9b800 DEOPT UNPACKING pc=0x000001861c27a95e sp=0x00000042ae5f9088 mode 0
Event: 848.038 Thread 0x000001863cc9b800 DEOPT PACKING pc=0x000001861f49aa1e sp=0x00000042ae5f9580
Event: 848.038 Thread 0x000001863cc9b800 DEOPT UNPACKING pc=0x000001861c27a95e sp=0x00000042ae5f8df8 mode 0
Event: 848.103 Thread 0x000001863cc9b800 DEOPT PACKING pc=0x000001861d6b557e sp=0x00000042ae5f9bc0
Event: 848.103 Thread 0x000001863cc9b800 DEOPT UNPACKING pc=0x000001861c27a95e sp=0x00000042ae5f9038 mode 0
Event: 848.166 Thread 0x000001863cc9b800 DEOPT PACKING pc=0x000001861d6b557e sp=0x00000042ae5f9bc0
Event: 848.166 Thread 0x000001863cc9b800 DEOPT UNPACKING pc=0x000001861c27a95e sp=0x00000042ae5f9038 mode 0
Event: 848.219 Thread 0x000001863cc9b800 DEOPT PACKING pc=0x000001861d6b557e sp=0x00000042ae5f9350
Event: 848.219 Thread 0x000001863cc9b800 DEOPT UNPACKING pc=0x000001861c27a95e sp=0x00000042ae5f87c8 mode 0
Event: 848.240 Thread 0x000001863cc9b800 DEOPT PACKING pc=0x000001861d6b557e sp=0x00000042ae5f9350
Event: 848.240 Thread 0x000001863cc9b800 DEOPT UNPACKING pc=0x000001861c27a95e sp=0x00000042ae5f87c8 mode 0
Event: 848.257 Thread 0x000001863cc9b800 DEOPT PACKING pc=0x000001861d08d305 sp=0x00000042ae5f8ae0
Event: 848.257 Thread 0x000001863cc9b800 DEOPT UNPACKING pc=0x000001861c27a95e sp=0x00000042ae5f8088 mode 0
Event: 848.271 Thread 0x000001863cc9b800 DEOPT PACKING pc=0x000001861d6b557e sp=0x00000042ae5f9350
Event: 848.271 Thread 0x000001863cc9b800 DEOPT UNPACKING pc=0x000001861c27a95e sp=0x00000042ae5f87c8 mode 0
Event: 848.300 Thread 0x000001863cc9b800 DEOPT PACKING pc=0x000001861d6b557e sp=0x00000042ae5f9350
Event: 848.300 Thread 0x000001863cc9b800 DEOPT UNPACKING pc=0x000001861c27a95e sp=0x00000042ae5f87c8 mode 0
Event: 848.377 Thread 0x000001863cc9b800 DEOPT PACKING pc=0x000001861d6b557e sp=0x00000042ae5f9bc0
Event: 848.378 Thread 0x000001863cc9b800 DEOPT UNPACKING pc=0x000001861c27a95e sp=0x00000042ae5f9038 mode 0

Classes redefined (0 events):
No events

Internal exceptions (20 events):
Event: 838.637 Thread 0x000001863c004800 Exception <a 'java/lang/NoSuchMethodError'{0x00000000906c8030}: 'void java.lang.invoke.DirectMethodHandle$Holder.invokeSpecial(java.lang.Object, java.lang.Object, int, java.lang.Object)'> (0x00000000906c8030) thrown at [./src/hotspot/share/interpreter/linkResolver.cpp, line 773]
Event: 838.637 Thread 0x0000018635666000 Exception <a 'java/lang/NoSuchMethodError'{0x00000000906a7210}: 'void java.lang.invoke.DirectMethodHandle$Holder.invokeSpecial(java.lang.Object, java.lang.Object, int, java.lang.Object)'> (0x00000000906a7210) thrown at [./src/hotspot/share/interpreter/linkResolver.cpp, line 773]
Event: 838.804 Thread 0x000001863c004800 Exception <a 'java/lang/NoSuchMethodError'{0x00000000903f1090}: 'java.lang.Object java.lang.invoke.DirectMethodHandle$Holder.newInvokeSpecial(java.lang.Object, int)'> (0x00000000903f1090) thrown at [./src/hotspot/share/interpreter/linkResolver.cpp, line 773]
Event: 840.171 Thread 0x0000018635666000 Exception <a 'java/lang/NoSuchMethodError'{0x0000000090064ab8}: 'java.lang.Object java.lang.invoke.Invokers$Holder.linkToTargetMethod(java.lang.Object, int, java.lang.Object, java.lang.Object, java.lang.Object, java.lang.Object)'> (0x0000000090064ab8) thrown at [./src/hotspot/share/interpreter/linkResolver.cpp, line 773]
Event: 840.172 Thread 0x0000018635666000 Exception <a 'java/lang/NoSuchMethodError'{0x0000000090071830}: 'java.lang.Object java.lang.invoke.DirectMethodHandle$Holder.invokeStatic(java.lang.Object, java.lang.Object, java.lang.Object, java.lang.Object, int, java.lang.Object, java.lang.Object)'> (0x0000000090071830) thrown at [./src/hotspot/share/interpreter/linkResolver.cpp, line 773]
Event: 840.173 Thread 0x0000018635666000 Exception <a 'java/lang/NoSuchMethodError'{0x0000000090079328}: 'java.lang.Object java.lang.invoke.Invokers$Holder.linkToTargetMethod(java.lang.Object, java.lang.Object, java.lang.Object, int, java.lang.Object, java.lang.Object, java.lang.Object)'> (0x0000000090079328) thrown at [./src/hotspot/share/interpreter/linkResolver.cpp, line 773]
Event: 840.176 Thread 0x0000018635666000 Exception <a 'java/lang/NoSuchMethodError'{0x000000009008e4e8}: 'void java.lang.invoke.DirectMethodHandle$Holder.invokeStatic(java.lang.Object, java.lang.Object, java.lang.Object, java.lang.Object, java.lang.Object, java.lang.Object, java.lang.Object, java.lang.Object)'> (0x000000009008e4e8) thrown at [./src/hotspot/share/interpreter/linkResolver.cpp, line 773]
Event: 840.504 Thread 0x0000018635666000 Exception <a 'java/lang/IncompatibleClassChangeError'{0x000000008f45dce0}: Found class java.lang.Object, but interface was expected> (0x000000008f45dce0) thrown at [./src/hotspot/share/interpreter/linkResolver.cpp, line 839]
Event: 840.667 Thread 0x0000018635666000 Exception <a 'java/lang/NoSuchMethodError'{0x000000008ef64fd0}: 'void java.lang.invoke.DirectMethodHandle$Holder.invokeSpecial(java.lang.Object, java.lang.Object, int)'> (0x000000008ef64fd0) thrown at [./src/hotspot/share/interpreter/linkResolver.cpp, line 773]
Event: 840.811 Thread 0x0000018635666000 Exception <a 'sun/nio/fs/WindowsException'{0x000000008eabe2b0}> (0x000000008eabe2b0) thrown at [./src/hotspot/share/prims/jni.cpp, line 615]
Event: 841.459 Thread 0x0000018638795000 Exception <a 'sun/nio/fs/WindowsException'{0x000000008f2cad28}> (0x000000008f2cad28) thrown at [./src/hotspot/share/prims/jni.cpp, line 615]
Event: 841.468 Thread 0x0000018635666000 Exception <a 'sun/nio/fs/WindowsException'{0x000000008f18b450}> (0x000000008f18b450) thrown at [./src/hotspot/share/prims/jni.cpp, line 615]
Event: 842.500 Thread 0x0000018638795000 Exception <a 'sun/nio/fs/WindowsException'{0x000000008e738d20}> (0x000000008e738d20) thrown at [./src/hotspot/share/prims/jni.cpp, line 615]
Event: 845.797 Thread 0x000001863c004800 Exception <a 'sun/nio/fs/WindowsException'{0x000000008e825870}> (0x000000008e825870) thrown at [./src/hotspot/share/prims/jni.cpp, line 615]
Event: 845.939 Thread 0x0000018635666000 Exception <a 'sun/nio/fs/WindowsException'{0x000000008dfdca18}> (0x000000008dfdca18) thrown at [./src/hotspot/share/prims/jni.cpp, line 615]
Event: 847.077 Thread 0x000001863cc97800 Exception <a 'sun/nio/fs/WindowsException'{0x000000008f93e338}> (0x000000008f93e338) thrown at [./src/hotspot/share/prims/jni.cpp, line 615]
Event: 847.145 Thread 0x000001863cc9b800 Exception <a 'sun/nio/fs/WindowsException'{0x000000008edebf60}> (0x000000008edebf60) thrown at [./src/hotspot/share/prims/jni.cpp, line 615]
Event: 847.294 Thread 0x000001863cc9f000 Exception <a 'sun/nio/fs/WindowsException'{0x000000008da96b48}> (0x000000008da96b48) thrown at [./src/hotspot/share/prims/jni.cpp, line 615]
Event: 847.494 Thread 0x000001863cc97800 Exception <a 'sun/nio/fs/WindowsException'{0x00000000900c4180}> (0x00000000900c4180) thrown at [./src/hotspot/share/prims/jni.cpp, line 615]
Event: 847.635 Thread 0x000001863cc9f000 Exception <a 'sun/nio/fs/WindowsException'{0x000000008f6727a8}> (0x000000008f6727a8) thrown at [./src/hotspot/share/prims/jni.cpp, line 615]

Events (20 events):
Event: 845.928 Executing VM operation: ICBufferFull done
Event: 846.295 Executing VM operation: G1CollectForAllocation
Event: 846.304 Executing VM operation: G1CollectForAllocation done
Event: 846.729 loading class org/gradle/internal/operations/BuildOperationDescriptor$1
Event: 846.729 loading class org/gradle/internal/operations/BuildOperationDescriptor$1 done
Event: 847.167 loading class com/android/tools/r8/internal/vs
Event: 847.167 loading class com/android/tools/r8/internal/vs done
Event: 847.168 loading class com/android/tools/r8/origin/Origin
Event: 847.168 loading class com/android/tools/r8/origin/Origin done
Event: 847.168 loading class com/android/tools/r8/origin/Origin
Event: 847.168 loading class com/android/tools/r8/origin/Origin done
Event: 847.354 Executing VM operation: G1CollectForAllocation
Event: 847.378 Executing VM operation: G1CollectForAllocation done
Event: 847.418 loading class com/android/tools/r8/graph/W
Event: 847.418 loading class com/android/tools/r8/graph/W done
Event: 847.420 loading class com/android/tools/r8/graph/W
Event: 847.420 loading class com/android/tools/r8/graph/W done
Event: 848.052 Executing VM operation: G1CollectForAllocation
Event: 848.074 Executing VM operation: G1CollectForAllocation done
Event: 848.380 Executing VM operation: G1CollectForAllocation


Dynamic libraries:
0x00007ff6b0020000 - 0x00007ff6b002a000 	C:\Program Files\Android\Android Studio\jre\bin\java.exe
0x00007ff9be250000 - 0x00007ff9be464000 	C:\WINDOWS\SYSTEM32\ntdll.dll
0x00007ff9bca70000 - 0x00007ff9bcb32000 	C:\WINDOWS\System32\KERNEL32.DLL
0x00007ff9bb940000 - 0x00007ff9bbcdc000 	C:\WINDOWS\System32\KERNELBASE.dll
0x00007ff9bb6b0000 - 0x00007ff9bb7c1000 	C:\WINDOWS\System32\ucrtbase.dll
0x00007ff997cd0000 - 0x00007ff997ce9000 	C:\Program Files\Android\Android Studio\jre\bin\jli.dll
0x00007ff99b330000 - 0x00007ff99b347000 	C:\Program Files\Android\Android Studio\jre\bin\VCRUNTIME140.dll
0x00007ff9bd210000 - 0x00007ff9bd3ba000 	C:\WINDOWS\System32\USER32.dll
0x00007ff99e060000 - 0x00007ff99e2ee000 	C:\WINDOWS\WinSxS\amd64_microsoft.windows.common-controls_6595b64144ccf1df_6.0.22621.608_none_a9444ca7c10bb01d\COMCTL32.dll
0x00007ff9bb680000 - 0x00007ff9bb6a6000 	C:\WINDOWS\System32\win32u.dll
0x00007ff9bd160000 - 0x00007ff9bd207000 	C:\WINDOWS\System32\msvcrt.dll
0x00007ff9bcd00000 - 0x00007ff9bcd29000 	C:\WINDOWS\System32\GDI32.dll
0x00007ff9bbe10000 - 0x00007ff9bbf22000 	C:\WINDOWS\System32\gdi32full.dll
0x00007ff9bbfb0000 - 0x00007ff9bc04a000 	C:\WINDOWS\System32\msvcp_win.dll
0x00007ff9be1d0000 - 0x00007ff9be201000 	C:\WINDOWS\System32\IMM32.DLL
0x00007ff9730b0000 - 0x00007ff97314d000 	C:\Program Files\Android\Android Studio\jre\bin\msvcp140.dll
0x00007ff958ed0000 - 0x00007ff9599b5000 	C:\Program Files\Android\Android Studio\jre\bin\server\jvm.dll
0x00007ff9be120000 - 0x00007ff9be1ce000 	C:\WINDOWS\System32\ADVAPI32.dll
0x00007ff9bd5c0000 - 0x00007ff9bd664000 	C:\WINDOWS\System32\sechost.dll
0x00007ff9bcd30000 - 0x00007ff9bce45000 	C:\WINDOWS\System32\RPCRT4.dll
0x00007ff9bcf50000 - 0x00007ff9bcf58000 	C:\WINDOWS\System32\PSAPI.DLL
0x00007ff9b5b50000 - 0x00007ff9b5b59000 	C:\WINDOWS\SYSTEM32\WSOCK32.dll
0x00007ff9b4c50000 - 0x00007ff9b4c5a000 	C:\WINDOWS\SYSTEM32\VERSION.dll
0x00007ff9bd3c0000 - 0x00007ff9bd431000 	C:\WINDOWS\System32\WS2_32.dll
0x00007ff9b3e30000 - 0x00007ff9b3e64000 	C:\WINDOWS\SYSTEM32\WINMM.dll
0x00007ff9ba7f0000 - 0x00007ff9ba808000 	C:\WINDOWS\SYSTEM32\kernel.appcore.dll
0x00007ff9b5440000 - 0x00007ff9b5451000 	C:\Program Files\Android\Android Studio\jre\bin\verify.dll
0x00007ff9b9290000 - 0x00007ff9b94be000 	C:\WINDOWS\SYSTEM32\DBGHELP.DLL
0x00007ff9bdd90000 - 0x00007ff9be119000 	C:\WINDOWS\System32\combase.dll
0x00007ff9bd4b0000 - 0x00007ff9bd587000 	C:\WINDOWS\System32\OLEAUT32.dll
0x00007ff99cf00000 - 0x00007ff99cf32000 	C:\WINDOWS\SYSTEM32\dbgcore.DLL
0x00007ff9bbf30000 - 0x00007ff9bbfab000 	C:\WINDOWS\System32\bcryptPrimitives.dll
0x00007ff9b53a0000 - 0x00007ff9b53c9000 	C:\Program Files\Android\Android Studio\jre\bin\java.dll
0x00007ff9b5430000 - 0x00007ff9b543b000 	C:\Program Files\Android\Android Studio\jre\bin\jimage.dll
0x00007ff9b5380000 - 0x00007ff9b5398000 	C:\Program Files\Android\Android Studio\jre\bin\zip.dll
0x00007ff9bc050000 - 0x00007ff9bc82e000 	C:\WINDOWS\System32\SHELL32.dll
0x00007ff9b96f0000 - 0x00007ff9b9fa7000 	C:\WINDOWS\SYSTEM32\windows.storage.dll
0x00007ff9b95b0000 - 0x00007ff9b96ed000 	C:\WINDOWS\SYSTEM32\wintypes.dll
0x00007ff9bce50000 - 0x00007ff9bcf41000 	C:\WINDOWS\System32\SHCORE.dll
0x00007ff9bca10000 - 0x00007ff9bca6e000 	C:\WINDOWS\System32\shlwapi.dll
0x00007ff9bb5b0000 - 0x00007ff9bb5d1000 	C:\WINDOWS\SYSTEM32\profapi.dll
0x00007ff9b5310000 - 0x00007ff9b532a000 	C:\Program Files\Android\Android Studio\jre\bin\net.dll
0x00007ff9b3b10000 - 0x00007ff9b3c3f000 	C:\WINDOWS\SYSTEM32\WINHTTP.dll
0x00007ff9bac50000 - 0x00007ff9bacb9000 	C:\WINDOWS\system32\mswsock.dll
0x00007ff9b3480000 - 0x00007ff9b3494000 	C:\Program Files\Android\Android Studio\jre\bin\nio.dll
0x00007ff99c420000 - 0x00007ff99c447000 	C:\Users\jeova\.gradle\native\e1d6ef7f7dcc3fd88c89a11ec53ec762bb8ba0a96d01ffa2cd45eb1d1d8dd5c5\windows-amd64\native-platform.dll
0x00007ff96e3a0000 - 0x00007ff96e4e4000 	C:\Users\jeova\.gradle\native\5664cfc778a61ccfe75a443a1ab52a65af34e5dc3c78e0209fed803814484fcb\windows-amd64\native-platform-file-events.dll
0x00007ff9b5420000 - 0x00007ff9b542a000 	C:\Program Files\Android\Android Studio\jre\bin\management.dll
0x00007ff9b5300000 - 0x00007ff9b530d000 	C:\Program Files\Android\Android Studio\jre\bin\management_ext.dll
0x00007ff9baea0000 - 0x00007ff9baebb000 	C:\WINDOWS\SYSTEM32\CRYPTSP.dll
0x00007ff9ba760000 - 0x00007ff9ba795000 	C:\WINDOWS\system32\rsaenh.dll
0x00007ff9bad40000 - 0x00007ff9bad68000 	C:\WINDOWS\SYSTEM32\USERENV.dll
0x00007ff9bb030000 - 0x00007ff9bb058000 	C:\WINDOWS\SYSTEM32\bcrypt.dll
0x00007ff9bae90000 - 0x00007ff9bae9c000 	C:\WINDOWS\SYSTEM32\CRYPTBASE.dll
0x00007ff9ba270000 - 0x00007ff9ba29d000 	C:\WINDOWS\SYSTEM32\IPHLPAPI.DLL
0x00007ff9bd440000 - 0x00007ff9bd449000 	C:\WINDOWS\System32\NSI.dll
0x00007ff9b3840000 - 0x00007ff9b3859000 	C:\WINDOWS\SYSTEM32\dhcpcsvc6.DLL
0x00007ff9b3760000 - 0x00007ff9b377f000 	C:\WINDOWS\SYSTEM32\dhcpcsvc.DLL
0x00007ff9ba2e0000 - 0x00007ff9ba3d2000 	C:\WINDOWS\SYSTEM32\DNSAPI.dll
0x00007ff99f3a0000 - 0x00007ff99f3c7000 	C:\Program Files\Android\Android Studio\jre\bin\sunec.dll
0x00007ff9a2aa0000 - 0x00007ff9a2aaa000 	C:\Windows\System32\rasadhlp.dll
0x00007ff9b2f90000 - 0x00007ff9b3013000 	C:\WINDOWS\System32\fwpuclnt.dll
0x00007ff9ba810000 - 0x00007ff9ba844000 	C:\WINDOWS\SYSTEM32\ntmarta.dll

dbghelp: loaded successfully - version: 4.0.5 - missing functions: none
symbol engine: initialized successfully - sym options: 0x614 - pdb path: .;C:\Program Files\Android\Android Studio\jre\bin;C:\WINDOWS\SYSTEM32;C:\WINDOWS\WinSxS\amd64_microsoft.windows.common-controls_6595b64144ccf1df_6.0.22621.608_none_a9444ca7c10bb01d;C:\Program Files\Android\Android Studio\jre\bin\server;C:\Users\jeova\.gradle\native\e1d6ef7f7dcc3fd88c89a11ec53ec762bb8ba0a96d01ffa2cd45eb1d1d8dd5c5\windows-amd64;C:\Users\jeova\.gradle\native\5664cfc778a61ccfe75a443a1ab52a65af34e5dc3c78e0209fed803814484fcb\windows-amd64

VM Arguments:
jvm_args: --add-opens=java.base/java.util=ALL-UNNAMED --add-opens=java.base/java.lang=ALL-UNNAMED --add-opens=java.base/java.lang.invoke=ALL-UNNAMED --add-opens=java.base/java.util=ALL-UNNAMED --add-opens=java.prefs/java.util.prefs=ALL-UNNAMED --add-opens=java.prefs/java.util.prefs=ALL-UNNAMED --add-opens=java.base/java.nio.charset=ALL-UNNAMED --add-opens=java.base/java.net=ALL-UNNAMED --add-opens=java.base/java.util.concurrent.atomic=ALL-UNNAMED -Xmx2048m -Dfile.encoding=UTF-8 -Duser.country=MX -Duser.language=es -Duser.variant 
java_command: org.gradle.launcher.daemon.bootstrap.GradleDaemon 7.3.3
java_class_path (initial): C:\Users\jeova\.gradle\wrapper\dists\gradle-7.3.3-bin\6a41zxkdtcxs8rphpq6y0069z\gradle-7.3.3\lib\gradle-launcher-7.3.3.jar
Launcher Type: SUN_STANDARD

[Global flags]
     intx CICompilerCount                          = 3                                         {product} {ergonomic}
     uint ConcGCThreads                            = 1                                         {product} {ergonomic}
     uint G1ConcRefinementThreads                  = 4                                         {product} {ergonomic}
   size_t G1HeapRegionSize                         = 1048576                                   {product} {ergonomic}
    uintx GCDrainStackTargetSize                   = 64                                        {product} {ergonomic}
   size_t InitialHeapSize                          = 134217728                                 {product} {ergonomic}
   size_t MarkStackSize                            = 4194304                                   {product} {ergonomic}
   size_t MaxHeapSize                              = 2147483648                                {product} {command line}
   size_t MaxNewSize                               = 1287651328                                {product} {ergonomic}
   size_t MinHeapDeltaBytes                        = 1048576                                   {product} {ergonomic}
    uintx NonNMethodCodeHeapSize                   = 5830732                                {pd product} {ergonomic}
    uintx NonProfiledCodeHeapSize                  = 122913754                              {pd product} {ergonomic}
    uintx ProfiledCodeHeapSize                     = 122913754                              {pd product} {ergonomic}
    uintx ReservedCodeCacheSize                    = 251658240                              {pd product} {ergonomic}
     bool SegmentedCodeCache                       = true                                      {product} {ergonomic}
     bool UseCompressedClassPointers               = true                                 {lp64_product} {ergonomic}
     bool UseCompressedOops                        = true                                 {lp64_product} {ergonomic}
     bool UseG1GC                                  = true                                      {product} {ergonomic}
     bool UseLargePagesIndividualAllocation        = false                                  {pd product} {ergonomic}

Logging:
Log output configuration:
 #0: stdout all=warning uptime,level,tags
 #1: stderr all=off uptime,level,tags

Environment Variables:
PATH=C:\Program Files (x86)\Common Files\Oracle\Java\javapath;C:\WINDOWS\system32;C:\WINDOWS;C:\WINDOWS\System32\Wbem;C:\WINDOWS\System32\WindowsPowerShell\v1.0\;C:\WINDOWS\System32\OpenSSH\;C:\Program Files\MATLAB\R2020b\bin;C:\Program Files\dotnet\;C:\Program Files\Microsoft SQL Server\Client SDK\ODBC\170\Tools\Binn\;C:\Program Files\Azure Data Studio\bin;C:\Program Files\nodejs\;C:\Program Files (x86)\Microsoft SQL Server\150\DTS\Binn\;C:\Program Files (x86)\Microsoft SQL Server\150\Tools\Binn\;C:\Program Files\Microsoft SQL Server\150\Tools\Binn\;C:\Program Files\Microsoft SQL Server\150\DTS\Binn\;C:\Program Files\Microsoft SQL Server\130\Tools\Binn\;C:\Program Files (x86)\dotnet\;C:\Program Files\Git\cmd;C:\Program Files\Intel\Intel(R) Memory and Storage Tool\;C:\Users\jeova\AppData\Local\Programs\Python\Python39\Scripts\;C:\Users\jeova\AppData\Local\Programs\Python\Python39\;C:\Users\jeova\AppData\Local\Microsoft\WindowsApps;C:\Users\jeova\AppData\Local\Programs\Microsoft VS Code\bin;C:\Users\jeova\.dotnet\tools;C:\Program Files\Azure Data Studio\bin;C:\Users\jeova\AppData\Roaming\npm;C:\Users\jeova\AppData\Local\GitHubDesktop\bin;C:\Users\jeova\OneDrive\Escritorio\ESCRITORIO\CEM;
USERNAME=jeova
OS=Windows_NT
PROCESSOR_IDENTIFIER=Intel64 Family 6 Model 142 Stepping 10, GenuineIntel



---------------  S Y S T E M  ---------------

OS: Windows 10 , 64 bit Build 22621 (10.0.22621.608)
OS uptime: 0 days 5:03 hours

CPU:total 4 (initial active 4) (2 cores per cpu, 2 threads per core) family 6 model 142 stepping 10 microcode 0xe0, cmov, cx8, fxsr, mmx, sse, sse2, sse3, ssse3, sse4.1, sse4.2, popcnt, avx, avx2, aes, clmul, erms, 3dnowpref, lzcnt, ht, tsc, tscinvbit, bmi1, bmi2, adx, fma

Memory: 4k page, system-wide physical 8107M (887M free)
TotalPageFile size 8107M (AvailPageFile size 8M)
current process WorkingSet (physical memory assigned to process): 688M, peak: 692M
current process commit charge ("private bytes"): 717M, peak: 770M

vm_info: OpenJDK 64-Bit Server VM (11.0.12+7-b1504.28-7817840) for windows-amd64 JRE (11.0.12+7-b1504.28-7817840), built on Oct 13 2021 22:12:33 by "builder" with MS VC++ 14.0 (VS2015)

END.
